[0.071s] Invoking command in '/home/ubuntu/scootbot/3.0.0/build/diffdrive_arduino': CMAKE_PREFIX_PATH=/opt/ros/humble:/home/ubuntu/scootbot/3.0.0/install/serial:/home/ubuntu/scootbot/3.0.0/install/twist_mux:/home/ubuntu/scootbot/3.0.0/install/diffdrive_arduino:/home/ubuntu/scootbot/3.0.0/install/scootbot:/home/ubuntu/scootbot/3.0.0/install/rplidar_ros /usr/bin/cmake --build /home/ubuntu/scootbot/3.0.0/build/diffdrive_arduino -- -j4 -l4
[0.158s] [35m[1mConsolidate compiler generated dependencies of target diffdrive_arduino[0m
[0.173s] [35m[1mConsolidate compiler generated dependencies of target fake_robot[0m
[0.208s] [ 14%] [32mBuilding CXX object CMakeFiles/diffdrive_arduino.dir/src/diffdrive_arduino.cpp.o[0m
[0.213s] [ 28%] [32mBuilding CXX object CMakeFiles/diffdrive_arduino.dir/src/arduino_comms.cpp.o[0m
[0.243s] [ 42%] [32mBuilding CXX object CMakeFiles/fake_robot.dir/src/fake_robot.cpp.o[0m
[10.747s] [01m[K/home/ubuntu/scootbot/3.0.0/src/diffdrive_arduino/src/arduino_comms.cpp:54:6:[m[K [01;31m[Kerror: [m[Kno declaration matches ‘[01m[Kvoid ArduinoComms::start()[m[K’
[10.747s]    54 | void [01;31m[KArduinoComms[m[K::start()
[10.748s]       |      [01;31m[K^~~~~~~~~~~~[m[K
[10.748s] [01m[K/home/ubuntu/scootbot/3.0.0/src/diffdrive_arduino/src/arduino_comms.cpp:54:6:[m[K [01;36m[Knote: [m[Kno functions named ‘[01m[Kvoid ArduinoComms::start()[m[K’
[10.749s] In file included from [01m[K/home/ubuntu/scootbot/3.0.0/src/diffdrive_arduino/src/arduino_comms.cpp:1[m[K:
[10.749s] [01m[K/home/ubuntu/scootbot/3.0.0/src/diffdrive_arduino/include/diffdrive_arduino/arduino_comms.h:7:7:[m[K [01;36m[Knote: [m[K‘[01m[Kclass ArduinoComms[m[K’ defined here
[10.749s]     7 | class [01;36m[KArduinoComms[m[K
[10.749s]       |       [01;36m[K^~~~~~~~~~~~[m[K
[10.755s] [01m[K/home/ubuntu/scootbot/3.0.0/src/diffdrive_arduino/src/arduino_comms.cpp:[m[K In member function ‘[01m[Kstd::string ArduinoComms::sendMsg(const string&, bool)[m[K’:
[10.755s] [01m[K/home/ubuntu/scootbot/3.0.0/src/diffdrive_arduino/src/arduino_comms.cpp:73:72:[m[K [01;35m[Kwarning: [m[Kunused parameter ‘[01m[Kprint_output[m[K’ [[01;35m[K]8;;https://gcc.gnu.org/onlinedocs/gcc/Warning-Options.html#index-Wunused-parameter-Wunused-parameter]8;;[m[K]
[10.756s]    73 | std::string ArduinoComms::sendMsg(const std::string &msg_to_send, [01;35m[Kbool print_output[m[K)
[10.756s]       |                                                                   [01;35m[K~~~~~^~~~~~~~~~~~[m[K
[10.883s] In file included from [01m[K/home/ubuntu/scootbot/3.0.0/src/diffdrive_arduino/src/fake_robot.cpp:1[m[K:
[10.884s] [01m[K/home/ubuntu/scootbot/3.0.0/src/diffdrive_arduino/include/diffdrive_arduino/fake_robot.h:18:59:[m[K [01;31m[Kerror: [m[Kexpected template-name before ‘[01m[K<[m[K’ token
[10.884s]    18 | class FakeRobot : public hardware_interface::BaseInterface[01;31m[K<[m[Khardware_interface::SystemInterface>
[10.885s]       |                                                           [01;31m[K^[m[K
[10.885s] [01m[K/home/ubuntu/scootbot/3.0.0/src/diffdrive_arduino/include/diffdrive_arduino/fake_robot.h:18:59:[m[K [01;31m[Kerror: [m[Kexpected ‘[01m[K{[m[K’ before ‘[01m[K<[m[K’ token
[10.885s] [01m[K/home/ubuntu/scootbot/3.0.0/src/diffdrive_arduino/include/diffdrive_arduino/fake_robot.h:18:59:[m[K [01;31m[Kerror: [m[Kexpected unqualified-id before ‘[01m[K<[m[K’ token
[10.886s] [01m[K/home/ubuntu/scootbot/3.0.0/src/diffdrive_arduino/src/fake_robot.cpp:7:22:[m[K [01;31m[Kerror: [m[Kinvalid use of incomplete type ‘[01m[Kclass FakeRobot[m[K’
[10.886s]     7 | FakeRobot::FakeRobot([01;31m[K)[m[K
[10.886s]       |                      [01;31m[K^[m[K
[10.887s] In file included from [01m[K/home/ubuntu/scootbot/3.0.0/src/diffdrive_arduino/src/fake_robot.cpp:1[m[K:
[10.887s] [01m[K/home/ubuntu/scootbot/3.0.0/src/diffdrive_arduino/include/diffdrive_arduino/fake_robot.h:18:7:[m[K [01;36m[Knote: [m[Kforward declaration of ‘[01m[Kclass FakeRobot[m[K’
[10.887s]    18 | class [01;36m[KFakeRobot[m[K : public hardware_interface::BaseInterface<hardware_interface::SystemInterface>
[10.888s]       |       [01;36m[K^~~~~~~~~[m[K
[10.888s] [01m[K/home/ubuntu/scootbot/3.0.0/src/diffdrive_arduino/src/fake_robot.cpp:13:79:[m[K [01;31m[Kerror: [m[Kinvalid use of incomplete type ‘[01m[Kclass FakeRobot[m[K’
[10.888s]    13 | return_type FakeRobot::configure(const hardware_interface::HardwareInfo & info[01;31m[K)[m[K
[10.889s]       |                                                                               [01;31m[K^[m[K
[10.889s] In file included from [01m[K/home/ubuntu/scootbot/3.0.0/src/diffdrive_arduino/src/fake_robot.cpp:1[m[K:
[10.890s] [01m[K/home/ubuntu/scootbot/3.0.0/src/diffdrive_arduino/include/diffdrive_arduino/fake_robot.h:18:7:[m[K [01;36m[Knote: [m[Kforward declaration of ‘[01m[Kclass FakeRobot[m[K’
[10.890s]    18 | class [01;36m[KFakeRobot[m[K : public hardware_interface::BaseInterface<hardware_interface::SystemInterface>
[10.891s]       |       [01;36m[K^~~~~~~~~[m[K
[10.891s] [01m[K/home/ubuntu/scootbot/3.0.0/src/diffdrive_arduino/src/fake_robot.cpp:40:84:[m[K [01;31m[Kerror: [m[Kinvalid use of incomplete type ‘[01m[Kclass FakeRobot[m[K’
[10.892s]    40 | std::vector<hardware_interface::StateInterface> FakeRobot::export_state_interfaces([01;31m[K)[m[K
[10.892s]       |                                                                                    [01;31m[K^[m[K
[10.892s] In file included from [01m[K/home/ubuntu/scootbot/3.0.0/src/diffdrive_arduino/src/fake_robot.cpp:1[m[K:
[10.893s] [01m[K/home/ubuntu/scootbot/3.0.0/src/diffdrive_arduino/include/diffdrive_arduino/fake_robot.h:18:7:[m[K [01;36m[Knote: [m[Kforward declaration of ‘[01m[Kclass FakeRobot[m[K’
[10.893s]    18 | class [01;36m[KFakeRobot[m[K : public hardware_interface::BaseInterface<hardware_interface::SystemInterface>
[10.893s]       |       [01;36m[K^~~~~~~~~[m[K
[10.894s] [01m[K/home/ubuntu/scootbot/3.0.0/src/diffdrive_arduino/src/fake_robot.cpp:54:88:[m[K [01;31m[Kerror: [m[Kinvalid use of incomplete type ‘[01m[Kclass FakeRobot[m[K’
[10.895s]    54 | std::vector<hardware_interface::CommandInterface> FakeRobot::export_command_interfaces([01;31m[K)[m[K
[10.896s]       |                                                                                        [01;31m[K^[m[K
[10.897s] In file included from [01m[K/home/ubuntu/scootbot/3.0.0/src/diffdrive_arduino/src/fake_robot.cpp:1[m[K:
[10.897s] [01m[K/home/ubuntu/scootbot/3.0.0/src/diffdrive_arduino/include/diffdrive_arduino/fake_robot.h:18:7:[m[K [01;36m[Knote: [m[Kforward declaration of ‘[01m[Kclass FakeRobot[m[K’
[10.898s]    18 | class [01;36m[KFakeRobot[m[K : public hardware_interface::BaseInterface<hardware_interface::SystemInterface>
[10.899s]       |       [01;36m[K^~~~~~~~~[m[K
[10.900s] [01m[K/home/ubuntu/scootbot/3.0.0/src/diffdrive_arduino/src/fake_robot.cpp:67:30:[m[K [01;31m[Kerror: [m[Kinvalid use of incomplete type ‘[01m[Kclass FakeRobot[m[K’
[10.900s]    67 | return_type FakeRobot::start([01;31m[K)[m[K
[10.901s]       |                              [01;31m[K^[m[K
[10.903s] In file included from [01m[K/home/ubuntu/scootbot/3.0.0/src/diffdrive_arduino/src/fake_robot.cpp:1[m[K:
[10.904s] [01m[K/home/ubuntu/scootbot/3.0.0/src/diffdrive_arduino/include/diffdrive_arduino/fake_robot.h:18:7:[m[K [01;36m[Knote: [m[Kforward declaration of ‘[01m[Kclass FakeRobot[m[K’
[10.905s]    18 | class [01;36m[KFakeRobot[m[K : public hardware_interface::BaseInterface<hardware_interface::SystemInterface>
[10.906s]       |       [01;36m[K^~~~~~~~~[m[K
[10.907s] [01m[K/home/ubuntu/scootbot/3.0.0/src/diffdrive_arduino/src/fake_robot.cpp:75:29:[m[K [01;31m[Kerror: [m[Kinvalid use of incomplete type ‘[01m[Kclass FakeRobot[m[K’
[10.908s]    75 | return_type FakeRobot::stop([01;31m[K)[m[K
[10.910s]       |                             [01;31m[K^[m[K
[10.912s] In file included from [01m[K/home/ubuntu/scootbot/3.0.0/src/diffdrive_arduino/src/fake_robot.cpp:1[m[K:
[10.913s] [01m[K/home/ubuntu/scootbot/3.0.0/src/diffdrive_arduino/include/diffdrive_arduino/fake_robot.h:18:7:[m[K [01;36m[Knote: [m[Kforward declaration of ‘[01m[Kclass FakeRobot[m[K’
[10.913s]    18 | class [01;36m[KFakeRobot[m[K : public hardware_interface::BaseInterface<hardware_interface::SystemInterface>
[10.914s]       |       [01;36m[K^~~~~~~~~[m[K
[10.915s] [01m[K/home/ubuntu/scootbot/3.0.0/src/diffdrive_arduino/src/fake_robot.cpp:83:49:[m[K [01;31m[Kerror: [m[Kinvalid use of incomplete type ‘[01m[Kclass FakeRobot[m[K’
[10.916s]    83 | hardware_interface::return_type FakeRobot::read([01;31m[K)[m[K
[10.917s]       |                                                 [01;31m[K^[m[K
[10.918s] In file included from [01m[K/home/ubuntu/scootbot/3.0.0/src/diffdrive_arduino/src/fake_robot.cpp:1[m[K:
[10.919s] [01m[K/home/ubuntu/scootbot/3.0.0/src/diffdrive_arduino/include/diffdrive_arduino/fake_robot.h:18:7:[m[K [01;36m[Knote: [m[Kforward declaration of ‘[01m[Kclass FakeRobot[m[K’
[10.919s]    18 | class [01;36m[KFakeRobot[m[K : public hardware_interface::BaseInterface<hardware_interface::SystemInterface>
[10.920s]       |       [01;36m[K^~~~~~~~~[m[K
[10.921s] [01m[K/home/ubuntu/scootbot/3.0.0/src/diffdrive_arduino/src/fake_robot.cpp:104:50:[m[K [01;31m[Kerror: [m[Kinvalid use of incomplete type ‘[01m[Kclass FakeRobot[m[K’
[10.922s]   104 | hardware_interface::return_type FakeRobot::write([01;31m[K)[m[K
[10.923s]       |                                                  [01;31m[K^[m[K
[10.924s] In file included from [01m[K/home/ubuntu/scootbot/3.0.0/src/diffdrive_arduino/src/fake_robot.cpp:1[m[K:
[10.925s] [01m[K/home/ubuntu/scootbot/3.0.0/src/diffdrive_arduino/include/diffdrive_arduino/fake_robot.h:18:7:[m[K [01;36m[Knote: [m[Kforward declaration of ‘[01m[Kclass FakeRobot[m[K’
[10.926s]    18 | class [01;36m[KFakeRobot[m[K : public hardware_interface::BaseInterface<hardware_interface::SystemInterface>
[10.926s]       |       [01;36m[K^~~~~~~~~[m[K
[10.955s] In file included from [01m[K/home/ubuntu/scootbot/3.0.0/src/diffdrive_arduino/src/diffdrive_arduino.cpp:1[m[K:
[10.957s] [01m[K/home/ubuntu/scootbot/3.0.0/src/diffdrive_arduino/include/diffdrive_arduino/diffdrive_arduino.h:21:66:[m[K [01;31m[Kerror: [m[Kexpected template-name before ‘[01m[K<[m[K’ token
[10.957s]    21 | DiffDriveArduino : public hardware_interface::BaseInterface[01;31m[K<[m[Khardware_interface::SystemInterface>
[10.958s]       |                                                            [01;31m[K^[m[K
[10.958s] 
[10.958s] [01m[K/home/ubuntu/scootbot/3.0.0/src/diffdrive_arduino/include/diffdrive_arduino/diffdrive_arduino.h:21:66:[m[K [01;31m[Kerror: [m[Kexpected ‘[01m[K{[m[K’ before ‘[01m[K<[m[K’ token
[10.959s] [01m[K/home/ubuntu/scootbot/3.0.0/src/diffdrive_arduino/include/diffdrive_arduino/diffdrive_arduino.h:21:66:[m[K [01;31m[Kerror: [m[Kexpected unqualified-id before ‘[01m[K<[m[K’ token
[10.959s] [01m[K/home/ubuntu/scootbot/3.0.0/src/diffdrive_arduino/src/diffdrive_arduino.cpp:11:36:[m[K [01;31m[Kerror: [m[Kinvalid use of incomplete type ‘[01m[Kclass DiffDriveArduino[m[K’
[10.959s]    11 | DiffDriveArduino::DiffDriveArduino([01;31m[K)[m[K
[10.960s]       |                                    [01;31m[K^[m[K
[10.960s] In file included from [01m[K/home/ubuntu/scootbot/3.0.0/src/diffdrive_arduino/src/diffdrive_arduino.cpp:1[m[K:
[10.960s] [01m[K/home/ubuntu/scootbot/3.0.0/src/diffdrive_arduino/include/diffdrive_arduino/diffdrive_arduino.h:21:7:[m[K [01;36m[Knote: [m[Kforward declaration of ‘[01m[Kclass DiffDriveArduino[m[K’
[10.961s]    21 | class [01;36m[KDiffDriveArduino[m[K : public hardware_interface::BaseInterface<hardware_interface::SystemInterface>
[10.961s]       |       [01;36m[K^~~~~~~~~~~~~~~~[m[K
[10.961s] [01m[K/home/ubuntu/scootbot/3.0.0/src/diffdrive_arduino/src/diffdrive_arduino.cpp:19:86:[m[K [01;31m[Kerror: [m[Kinvalid use of incomplete type ‘[01m[Kclass DiffDriveArduino[m[K’
[10.962s]    19 | DriveArduino::configure(const hardware_interface::HardwareInfo & info[01;31m[K)[m[K
[10.962s]       |                                                                      [01;31m[K^[m[K
[10.962s] 
[10.963s] In file included from [01m[K/home/ubuntu/scootbot/3.0.0/src/diffdrive_arduino/src/diffdrive_arduino.cpp:1[m[K:
[10.963s] [01m[K/home/ubuntu/scootbot/3.0.0/src/diffdrive_arduino/include/diffdrive_arduino/diffdrive_arduino.h:21:7:[m[K [01;36m[Knote: [m[Kforward declaration of ‘[01m[Kclass DiffDriveArduino[m[K’
[10.963s]    21 | class [01;36m[KDiffDriveArduino[m[K : public hardware_interface::BaseInterface<hardware_interface::SystemInterface>
[10.964s]       |       [01;36m[K^~~~~~~~~~~~~~~~[m[K
[10.964s] [01m[K/home/ubuntu/scootbot/3.0.0/src/diffdrive_arduino/src/diffdrive_arduino.cpp:50:91:[m[K [01;31m[Kerror: [m[Kinvalid use of incomplete type ‘[01m[Kclass DiffDriveArduino[m[K’
[10.964s]    50 | interface::StateInterface> DiffDriveArduino::export_state_interfaces([01;31m[K)[m[K
[10.965s]       |                                                                      [01;31m[K^[m[K
[10.965s] 
[10.966s] In file included from [01m[K/home/ubuntu/scootbot/3.0.0/src/diffdrive_arduino/src/diffdrive_arduino.cpp:1[m[K:
[10.966s] [01m[K/home/ubuntu/scootbot/3.0.0/src/diffdrive_arduino/include/diffdrive_arduino/diffdrive_arduino.h:21:7:[m[K [01;36m[Knote: [m[Kforward declaration of ‘[01m[Kclass DiffDriveArduino[m[K’
[10.967s]    21 | class [01;36m[KDiffDriveArduino[m[K : public hardware_interface::BaseInterface<hardware_interface::SystemInterface>
[10.969s]       |       [01;36m[K^~~~~~~~~~~~~~~~[m[K
[10.969s] [01m[K/home/ubuntu/scootbot/3.0.0/src/diffdrive_arduino/src/diffdrive_arduino.cpp:64:95:[m[K [01;31m[Kerror: [m[Kinvalid use of incomplete type ‘[01m[Kclass DiffDriveArduino[m[K’
[10.969s]    64 | rface::CommandInterface> DiffDriveArduino::export_command_interfaces([01;31m[K)[m[K
[10.970s]       |                                                                      [01;31m[K^[m[K
[10.970s] 
[10.971s] In file included from [01m[K/home/ubuntu/scootbot/3.0.0/src/diffdrive_arduino/src/diffdrive_arduino.cpp:1[m[K:
[10.971s] [01m[K/home/ubuntu/scootbot/3.0.0/src/diffdrive_arduino/include/diffdrive_arduino/diffdrive_arduino.h:21:7:[m[K [01;36m[Knote: [m[Kforward declaration of ‘[01m[Kclass DiffDriveArduino[m[K’
[10.972s]    21 | class [01;36m[KDiffDriveArduino[m[K : public hardware_interface::BaseInterface<hardware_interface::SystemInterface>
[10.972s]       |       [01;36m[K^~~~~~~~~~~~~~~~[m[K
[10.972s] [01m[K/home/ubuntu/scootbot/3.0.0/src/diffdrive_arduino/src/diffdrive_arduino.cpp:77:37:[m[K [01;31m[Kerror: [m[Kinvalid use of incomplete type ‘[01m[Kclass DiffDriveArduino[m[K’
[10.973s]    77 | return_type DiffDriveArduino::start([01;31m[K)[m[K
[10.973s]       |                                     [01;31m[K^[m[K
[10.973s] In file included from [01m[K/home/ubuntu/scootbot/3.0.0/src/diffdrive_arduino/src/diffdrive_arduino.cpp:1[m[K:
[10.974s] [01m[K/home/ubuntu/scootbot/3.0.0/src/diffdrive_arduino/include/diffdrive_arduino/diffdrive_arduino.h:21:7:[m[K [01;36m[Knote: [m[Kforward declaration of ‘[01m[Kclass DiffDriveArduino[m[K’
[10.974s]    21 | class [01;36m[KDiffDriveArduino[m[K : public hardware_interface::BaseInterface<hardware_interface::SystemInterface>
[10.974s]       |       [01;36m[K^~~~~~~~~~~~~~~~[m[K
[10.975s] [01m[K/home/ubuntu/scootbot/3.0.0/src/diffdrive_arduino/src/diffdrive_arduino.cpp:90:36:[m[K [01;31m[Kerror: [m[Kinvalid use of incomplete type ‘[01m[Kclass DiffDriveArduino[m[K’
[10.975s]    90 | return_type DiffDriveArduino::stop([01;31m[K)[m[K
[10.975s]       |                                    [01;31m[K^[m[K
[10.976s] In file included from [01m[K/home/ubuntu/scootbot/3.0.0/src/diffdrive_arduino/src/diffdrive_arduino.cpp:1[m[K:
[10.976s] [01m[K/home/ubuntu/scootbot/3.0.0/src/diffdrive_arduino/include/diffdrive_arduino/diffdrive_arduino.h:21:7:[m[K [01;36m[Knote: [m[Kforward declaration of ‘[01m[Kclass DiffDriveArduino[m[K’
[10.976s]    21 | class [01;36m[KDiffDriveArduino[m[K : public hardware_interface::BaseInterface<hardware_interface::SystemInterface>
[10.977s]       |       [01;36m[K^~~~~~~~~~~~~~~~[m[K
[10.977s] [01m[K/home/ubuntu/scootbot/3.0.0/src/diffdrive_arduino/src/diffdrive_arduino.cpp:98:56:[m[K [01;31m[Kerror: [m[Kinvalid use of incomplete type ‘[01m[Kclass DiffDriveArduino[m[K’
[10.979s]    98 | hardware_interface::return_type DiffDriveArduino::read([01;31m[K)[m[K
[10.980s]       |                                                        [01;31m[K^[m[K
[10.980s] In file included from [01m[K/home/ubuntu/scootbot/3.0.0/src/diffdrive_arduino/src/diffdrive_arduino.cpp:1[m[K:
[10.980s] [01m[K/home/ubuntu/scootbot/3.0.0/src/diffdrive_arduino/include/diffdrive_arduino/diffdrive_arduino.h:21:7:[m[K [01;36m[Knote: [m[Kforward declaration of ‘[01m[Kclass DiffDriveArduino[m[K’
[10.981s]    21 | class [01;36m[KDiffDriveArduino[m[K : public hardware_interface::BaseInterface<hardware_interface::SystemInterface>
[10.981s]       |       [01;36m[K^~~~~~~~~~~~~~~~[m[K
[10.981s] [01m[K/home/ubuntu/scootbot/3.0.0/src/diffdrive_arduino/src/diffdrive_arduino.cpp:132:57:[m[K [01;31m[Kerror: [m[Kinvalid use of incomplete type ‘[01m[Kclass DiffDriveArduino[m[K’
[10.982s]   132 | hardware_interface::return_type DiffDriveArduino::write([01;31m[K)[m[K
[10.982s]       |                                                         [01;31m[K^[m[K
[10.982s] In file included from [01m[K/home/ubuntu/scootbot/3.0.0/src/diffdrive_arduino/src/diffdrive_arduino.cpp:1[m[K:
[10.983s] [01m[K/home/ubuntu/scootbot/3.0.0/src/diffdrive_arduino/include/diffdrive_arduino/diffdrive_arduino.h:21:7:[m[K [01;36m[Knote: [m[Kforward declaration of ‘[01m[Kclass DiffDriveArduino[m[K’
[10.983s]    21 | class [01;36m[KDiffDriveArduino[m[K : public hardware_interface::BaseInterface<hardware_interface::SystemInterface>
[10.983s]       |       [01;36m[K^~~~~~~~~~~~~~~~[m[K
[12.718s] gmake[2]: *** [CMakeFiles/diffdrive_arduino.dir/build.make:104: CMakeFiles/diffdrive_arduino.dir/src/arduino_comms.cpp.o] Error 1
[12.719s] gmake[2]: *** Waiting for unfinished jobs....
[12.903s] In file included from [01m[K/opt/ros/humble/include/class_loader/class_loader/class_loader_core.hpp:57[m[K,
[12.904s]                  from [01m[K/opt/ros/humble/include/class_loader/class_loader/class_loader.hpp:55[m[K,
[12.904s]                  from [01m[K/opt/ros/humble/include/pluginlib/pluginlib/class_list_macros.hpp:40[m[K,
[12.905s]                  from [01m[K/home/ubuntu/scootbot/3.0.0/src/diffdrive_arduino/src/diffdrive_arduino.cpp:153[m[K:
[12.905s] /opt/ros/humble/include/class_loader/class_loader/meta_object.hpp: In instantiation of ‘[01m[KB* class_loader::impl::MetaObject<C, B>::create() const [with C = DiffDriveArduino; B = hardware_interface::SystemInterface][m[K’:
[12.905s] [01m[K/opt/ros/humble/include/class_loader/class_loader/meta_object.hpp:216:7:[m[K   required from here
[12.906s] [01m[K/opt/ros/humble/include/class_loader/class_loader/meta_object.hpp:218:12:[m[K [01;31m[Kerror: [m[Kinvalid use of incomplete type ‘[01m[Kclass DiffDriveArduino[m[K’
[12.906s]   218 |     return [01;31m[Knew C[m[K;
[12.906s]       |            [01;31m[K^~~~~[m[K
[12.907s] In file included from [01m[K/home/ubuntu/scootbot/3.0.0/src/diffdrive_arduino/src/diffdrive_arduino.cpp:1[m[K:
[12.913s] [01m[K/home/ubuntu/scootbot/3.0.0/src/diffdrive_arduino/include/diffdrive_arduino/diffdrive_arduino.h:21:7:[m[K [01;36m[Knote: [m[Kforward declaration of ‘[01m[Kclass DiffDriveArduino[m[K’
[12.913s]    21 | class [01;36m[KDiffDriveArduino[m[K : public hardware_interface::BaseInterface<hardware_interface::SystemInterface>
[12.914s]       |       [01;36m[K^~~~~~~~~~~~~~~~[m[K
[12.976s] In file included from [01m[K/opt/ros/humble/include/class_loader/class_loader/class_loader_core.hpp:57[m[K,
[12.977s]                  from [01m[K/opt/ros/humble/include/class_loader/class_loader/class_loader.hpp:55[m[K,
[12.977s]                  from [01m[K/opt/ros/humble/include/pluginlib/pluginlib/class_list_macros.hpp:40[m[K,
[12.977s]                  from [01m[K/home/ubuntu/scootbot/3.0.0/src/diffdrive_arduino/src/fake_robot.cpp:118[m[K:
[12.978s] /opt/ros/humble/include/class_loader/class_loader/meta_object.hpp: In instantiation of ‘[01m[KB* class_loader::impl::MetaObject<C, B>::create() const [with C = FakeRobot; B = hardware_interface::SystemInterface][m[K’:
[12.978s] [01m[K/opt/ros/humble/include/class_loader/class_loader/meta_object.hpp:216:7:[m[K   required from here
[12.978s] [01m[K/opt/ros/humble/include/class_loader/class_loader/meta_object.hpp:218:12:[m[K [01;31m[Kerror: [m[Kinvalid use of incomplete type ‘[01m[Kclass FakeRobot[m[K’
[12.979s]   218 |     return [01;31m[Knew C[m[K;
[12.979s]       |            [01;31m[K^~~~~[m[K
[12.981s] In file included from [01m[K/home/ubuntu/scootbot/3.0.0/src/diffdrive_arduino/src/fake_robot.cpp:1[m[K:
[12.982s] [01m[K/home/ubuntu/scootbot/3.0.0/src/diffdrive_arduino/include/diffdrive_arduino/fake_robot.h:18:7:[m[K [01;36m[Knote: [m[Kforward declaration of ‘[01m[Kclass FakeRobot[m[K’
[12.982s]    18 | class [01;36m[KFakeRobot[m[K : public hardware_interface::BaseInterface<hardware_interface::SystemInterface>
[12.982s]       |       [01;36m[K^~~~~~~~~[m[K
[13.108s] gmake[2]: *** [CMakeFiles/diffdrive_arduino.dir/build.make:76: CMakeFiles/diffdrive_arduino.dir/src/diffdrive_arduino.cpp.o] Error 1
[13.109s] gmake[1]: *** [CMakeFiles/Makefile2:139: CMakeFiles/diffdrive_arduino.dir/all] Error 2
[13.109s] gmake[1]: *** Waiting for unfinished jobs....
[13.130s] gmake[2]: *** [CMakeFiles/fake_robot.dir/build.make:76: CMakeFiles/fake_robot.dir/src/fake_robot.cpp.o] Error 1
[13.131s] gmake[1]: *** [CMakeFiles/Makefile2:165: CMakeFiles/fake_robot.dir/all] Error 2
[13.131s] gmake: *** [Makefile:146: all] Error 2
[13.135s] Invoked command in '/home/ubuntu/scootbot/3.0.0/build/diffdrive_arduino' returned '2': CMAKE_PREFIX_PATH=/opt/ros/humble:/home/ubuntu/scootbot/3.0.0/install/serial:/home/ubuntu/scootbot/3.0.0/install/twist_mux:/home/ubuntu/scootbot/3.0.0/install/diffdrive_arduino:/home/ubuntu/scootbot/3.0.0/install/scootbot:/home/ubuntu/scootbot/3.0.0/install/rplidar_ros /usr/bin/cmake --build /home/ubuntu/scootbot/3.0.0/build/diffdrive_arduino -- -j4 -l4
