[0.112s] Invoking command in '/home/ubuntu/scootbot/build/diffdrive_arduino': AMENT_PREFIX_PATH=/home/ubuntu/scootbot/install/serial:${AMENT_PREFIX_PATH} CMAKE_PREFIX_PATH=/home/ubuntu/scootbot/install/serial:/home/ubuntu/scootbot/3.0.0/install/twist_mux:/home/ubuntu/scootbot/3.0.0/install/diffdrive_arduino:/opt/ros/humble:/home/ubuntu/scootbot/3.0.0/install/serial:/home/ubuntu/scootbot/3.0.0/install/scootbot:/home/ubuntu/scootbot/3.0.0/install/rplidar_ros LD_LIBRARY_PATH=/home/ubuntu/scootbot/install/serial/lib:${LD_LIBRARY_PATH} /usr/bin/cmake --build /home/ubuntu/scootbot/build/diffdrive_arduino -- -j4 -l4
[0.289s] [35m[1mConsolidate compiler generated dependencies of target diffdrive_arduino[0m
[0.394s] [ 42%] Built target fake_robot
[0.410s] [ 57%] [32mBuilding CXX object CMakeFiles/diffdrive_arduino.dir/src/diffdrive_arduino.cpp.o[0m
[9.664s] [ 71%] [32m[1mLinking CXX shared library libdiffdrive_arduino.so[0m
[10.089s] [100%] Built target diffdrive_arduino
[10.108s] Invoked command in '/home/ubuntu/scootbot/build/diffdrive_arduino' returned '0': AMENT_PREFIX_PATH=/home/ubuntu/scootbot/install/serial:${AMENT_PREFIX_PATH} CMAKE_PREFIX_PATH=/home/ubuntu/scootbot/install/serial:/home/ubuntu/scootbot/3.0.0/install/twist_mux:/home/ubuntu/scootbot/3.0.0/install/diffdrive_arduino:/opt/ros/humble:/home/ubuntu/scootbot/3.0.0/install/serial:/home/ubuntu/scootbot/3.0.0/install/scootbot:/home/ubuntu/scootbot/3.0.0/install/rplidar_ros LD_LIBRARY_PATH=/home/ubuntu/scootbot/install/serial/lib:${LD_LIBRARY_PATH} /usr/bin/cmake --build /home/ubuntu/scootbot/build/diffdrive_arduino -- -j4 -l4
[10.170s] Invoking command in '/home/ubuntu/scootbot/build/diffdrive_arduino': AMENT_PREFIX_PATH=/home/ubuntu/scootbot/install/serial:${AMENT_PREFIX_PATH} CMAKE_PREFIX_PATH=/home/ubuntu/scootbot/install/serial:/home/ubuntu/scootbot/3.0.0/install/twist_mux:/home/ubuntu/scootbot/3.0.0/install/diffdrive_arduino:/opt/ros/humble:/home/ubuntu/scootbot/3.0.0/install/serial:/home/ubuntu/scootbot/3.0.0/install/scootbot:/home/ubuntu/scootbot/3.0.0/install/rplidar_ros LD_LIBRARY_PATH=/home/ubuntu/scootbot/install/serial/lib:${LD_LIBRARY_PATH} /usr/bin/cmake --install /home/ubuntu/scootbot/build/diffdrive_arduino
[10.186s] -- Install configuration: ""
[10.186s] -- Up-to-date: /home/ubuntu/scootbot/install/diffdrive_arduino/share/diffdrive_arduino/robot_hardware.xml
[10.187s] -- Up-to-date: /home/ubuntu/scootbot/install/diffdrive_arduino/share/diffdrive_arduino/fake_robot_hardware.xml
[10.187s] -- Installing: /home/ubuntu/scootbot/install/diffdrive_arduino/lib/libdiffdrive_arduino.so
[10.189s] -- Set runtime path of "/home/ubuntu/scootbot/install/diffdrive_arduino/lib/libdiffdrive_arduino.so" to ""
[10.190s] -- Up-to-date: /home/ubuntu/scootbot/install/diffdrive_arduino/lib/libfake_robot.so
[10.191s] -- Up-to-date: /home/ubuntu/scootbot/install/diffdrive_arduino/share/diffdrive_arduino/controllers
[10.191s] -- Up-to-date: /home/ubuntu/scootbot/install/diffdrive_arduino/share/diffdrive_arduino/controllers/robot_controller_example.yaml
[10.192s] -- Up-to-date: /home/ubuntu/scootbot/install/diffdrive_arduino/share/diffdrive_arduino
[10.193s] -- Up-to-date: /home/ubuntu/scootbot/install/diffdrive_arduino/share/diffdrive_arduino/__pycache__
[10.194s] -- Up-to-date: /home/ubuntu/scootbot/install/diffdrive_arduino/share/diffdrive_arduino/__pycache__/test_robot.launch.cpython-310.pyc
[10.194s] -- Up-to-date: /home/ubuntu/scootbot/install/diffdrive_arduino/share/diffdrive_arduino/fake_robot.launch.py
[10.195s] -- Up-to-date: /home/ubuntu/scootbot/install/diffdrive_arduino/share/diffdrive_arduino/test_robot.launch.py
[10.196s] -- Up-to-date: /home/ubuntu/scootbot/install/diffdrive_arduino/share/diffdrive_arduino/environment/library_path.sh
[10.196s] -- Up-to-date: /home/ubuntu/scootbot/install/diffdrive_arduino/share/diffdrive_arduino/environment/library_path.dsv
[10.196s] -- Up-to-date: /home/ubuntu/scootbot/install/diffdrive_arduino/share/ament_index/resource_index/package_run_dependencies/diffdrive_arduino
[10.197s] -- Up-to-date: /home/ubuntu/scootbot/install/diffdrive_arduino/share/ament_index/resource_index/parent_prefix_path/diffdrive_arduino
[10.197s] -- Up-to-date: /home/ubuntu/scootbot/install/diffdrive_arduino/share/diffdrive_arduino/environment/ament_prefix_path.sh
[10.197s] -- Up-to-date: /home/ubuntu/scootbot/install/diffdrive_arduino/share/diffdrive_arduino/environment/ament_prefix_path.dsv
[10.198s] -- Up-to-date: /home/ubuntu/scootbot/install/diffdrive_arduino/share/diffdrive_arduino/environment/path.sh
[10.201s] -- Up-to-date: /home/ubuntu/scootbot/install/diffdrive_arduino/share/diffdrive_arduino/environment/path.dsv
[10.207s] -- Up-to-date: /home/ubuntu/scootbot/install/diffdrive_arduino/share/diffdrive_arduino/local_setup.bash
[10.208s] -- Up-to-date: /home/ubuntu/scootbot/install/diffdrive_arduino/share/diffdrive_arduino/local_setup.sh
[10.208s] -- Up-to-date: /home/ubuntu/scootbot/install/diffdrive_arduino/share/diffdrive_arduino/local_setup.zsh
[10.208s] -- Up-to-date: /home/ubuntu/scootbot/install/diffdrive_arduino/share/diffdrive_arduino/local_setup.dsv
[10.209s] -- Installing: /home/ubuntu/scootbot/install/diffdrive_arduino/share/diffdrive_arduino/package.dsv
[10.209s] -- Up-to-date: /home/ubuntu/scootbot/install/diffdrive_arduino/share/ament_index/resource_index/packages/diffdrive_arduino
[10.210s] -- Up-to-date: /home/ubuntu/scootbot/install/diffdrive_arduino/share/ament_index/resource_index/hardware_interface__pluginlib__plugin/diffdrive_arduino
[10.210s] -- Up-to-date: /home/ubuntu/scootbot/install/diffdrive_arduino/share/diffdrive_arduino/cmake/ament_cmake_export_libraries-extras.cmake
[10.210s] -- Up-to-date: /home/ubuntu/scootbot/install/diffdrive_arduino/share/diffdrive_arduino/cmake/ament_cmake_export_dependencies-extras.cmake
[10.211s] -- Up-to-date: /home/ubuntu/scootbot/install/diffdrive_arduino/share/diffdrive_arduino/cmake/diffdrive_arduinoConfig.cmake
[10.211s] -- Up-to-date: /home/ubuntu/scootbot/install/diffdrive_arduino/share/diffdrive_arduino/cmake/diffdrive_arduinoConfig-version.cmake
[10.212s] -- Up-to-date: /home/ubuntu/scootbot/install/diffdrive_arduino/share/diffdrive_arduino/package.xml
[10.212s] Invoked command in '/home/ubuntu/scootbot/build/diffdrive_arduino' returned '0': AMENT_PREFIX_PATH=/home/ubuntu/scootbot/install/serial:${AMENT_PREFIX_PATH} CMAKE_PREFIX_PATH=/home/ubuntu/scootbot/install/serial:/home/ubuntu/scootbot/3.0.0/install/twist_mux:/home/ubuntu/scootbot/3.0.0/install/diffdrive_arduino:/opt/ros/humble:/home/ubuntu/scootbot/3.0.0/install/serial:/home/ubuntu/scootbot/3.0.0/install/scootbot:/home/ubuntu/scootbot/3.0.0/install/rplidar_ros LD_LIBRARY_PATH=/home/ubuntu/scootbot/install/serial/lib:${LD_LIBRARY_PATH} /usr/bin/cmake --install /home/ubuntu/scootbot/build/diffdrive_arduino
