[8.232s] Invoking command in '/home/ubuntu/scootbot/build/sabertooth': PYTHONPATH=/home/ubuntu/scootbot/install/sabertooth/lib/python3.8/site-packages:${PYTHONPATH} /usr/bin/python3 setup.py develop --prefix /home/ubuntu/scootbot/install/sabertooth --uninstall --editable --build-directory /home/ubuntu/scootbot/build/sabertooth/build
[10.581s] running develop
[12.084s] Removing /home/ubuntu/scootbot/install/sabertooth/lib/python3.8/site-packages/sabertooth.egg-link (link to .)
[12.281s] Invoked command in '/home/ubuntu/scootbot/build/sabertooth' returned '0': PYTHONPATH=/home/ubuntu/scootbot/install/sabertooth/lib/python3.8/site-packages:${PYTHONPATH} /usr/bin/python3 setup.py develop --prefix /home/ubuntu/scootbot/install/sabertooth --uninstall --editable --build-directory /home/ubuntu/scootbot/build/sabertooth/build
[12.299s] Invoking command in '/home/ubuntu/scootbot/src/sabertooth': PYTHONPATH=/home/ubuntu/scootbot/install/sabertooth/lib/python3.8/site-packages:${PYTHONPATH} /usr/bin/python3 setup.py egg_info --egg-base ../../build/sabertooth build --build-base /home/ubuntu/scootbot/build/sabertooth/build install --prefix /home/ubuntu/scootbot/install/sabertooth --record /home/ubuntu/scootbot/build/sabertooth/install.log --single-version-externally-managed
[14.196s] running egg_info
[14.200s] writing ../../build/sabertooth/sabertooth.egg-info/PKG-INFO
[14.202s] writing dependency_links to ../../build/sabertooth/sabertooth.egg-info/dependency_links.txt
[14.204s] writing entry points to ../../build/sabertooth/sabertooth.egg-info/entry_points.txt
[14.206s] writing requirements to ../../build/sabertooth/sabertooth.egg-info/requires.txt
[14.208s] writing top-level names to ../../build/sabertooth/sabertooth.egg-info/top_level.txt
[14.523s] reading manifest file '../../build/sabertooth/sabertooth.egg-info/SOURCES.txt'
[14.536s] writing manifest file '../../build/sabertooth/sabertooth.egg-info/SOURCES.txt'
[14.538s] running build
[14.539s] running build_py
[14.540s] copying sabertooth/drive.py -> /home/ubuntu/scootbot/build/sabertooth/build/lib/sabertooth
[14.547s] running install
[14.553s] running install_lib
[14.562s] creating /home/ubuntu/scootbot/install/sabertooth/lib/python3.8/site-packages/sabertooth
[14.563s] copying /home/ubuntu/scootbot/build/sabertooth/build/lib/sabertooth/drive.py -> /home/ubuntu/scootbot/install/sabertooth/lib/python3.8/site-packages/sabertooth
[14.564s] copying /home/ubuntu/scootbot/build/sabertooth/build/lib/sabertooth/__init__.py -> /home/ubuntu/scootbot/install/sabertooth/lib/python3.8/site-packages/sabertooth
[14.568s] byte-compiling /home/ubuntu/scootbot/install/sabertooth/lib/python3.8/site-packages/sabertooth/drive.py to drive.cpython-38.pyc
[14.581s] byte-compiling /home/ubuntu/scootbot/install/sabertooth/lib/python3.8/site-packages/sabertooth/__init__.py to __init__.cpython-38.pyc
[14.583s] running install_data
[14.587s] running install_egg_info
[14.599s] Copying ../../build/sabertooth/sabertooth.egg-info to /home/ubuntu/scootbot/install/sabertooth/lib/python3.8/site-packages/sabertooth-0.0.0-py3.8.egg-info
[14.610s] running install_scripts
[14.749s] Installing drive script to /home/ubuntu/scootbot/install/sabertooth/lib/sabertooth
[14.752s] writing list of installed files to '/home/ubuntu/scootbot/build/sabertooth/install.log'
[14.959s] Invoked command in '/home/ubuntu/scootbot/src/sabertooth' returned '0': PYTHONPATH=/home/ubuntu/scootbot/install/sabertooth/lib/python3.8/site-packages:${PYTHONPATH} /usr/bin/python3 setup.py egg_info --egg-base ../../build/sabertooth build --build-base /home/ubuntu/scootbot/build/sabertooth/build install --prefix /home/ubuntu/scootbot/install/sabertooth --record /home/ubuntu/scootbot/build/sabertooth/install.log --single-version-externally-managed
