[0.043s] Invoking command in '/home/ubuntu/scootbot/3.0.0/build/scootbot': CMAKE_PREFIX_PATH=/home/ubuntu/scootbot/3.0.0/install/twist_mux:/home/ubuntu/scootbot/3.0.0/install/diffdrive_arduino:/opt/ros/humble:/home/ubuntu/scootbot/3.0.0/install/serial:/home/ubuntu/scootbot/3.0.0/install/scootbot:/home/ubuntu/scootbot/3.0.0/install/rplidar_ros /usr/bin/cmake /home/ubuntu/scootbot/3.0.0/src/scootbot -DAMENT_CMAKE_SYMLINK_INSTALL=1 -DCMAKE_INSTALL_PREFIX=/home/ubuntu/scootbot/3.0.0/install/scootbot
[0.079s] -- Found ament_cmake: 1.3.3 (/opt/ros/humble/share/ament_cmake/cmake)
[0.469s] -- Override CMake install command with custom implementation using symlinks instead of copying resources
[0.490s] -- Found ament_lint_auto: 0.12.5 (/opt/ros/humble/share/ament_lint_auto/cmake)
[0.732s] -- Added test 'copyright' to check source files copyright and LICENSE
[0.966s] -- Added test 'flake8' to check Python code syntax and style conventions
[1.011s] -- Added test 'lint_cmake' to check CMake code style
[1.024s] -- Added test 'pep257' to check Python code against some of the docstring style conventions in PEP 257
[1.151s] -- Added test 'xmllint' to check XML markup files
[1.156s] -- Configuring done
[1.169s] -- Generating done
[1.173s] -- Build files have been written to: /home/ubuntu/scootbot/3.0.0/build/scootbot
[1.183s] Invoked command in '/home/ubuntu/scootbot/3.0.0/build/scootbot' returned '0': CMAKE_PREFIX_PATH=/home/ubuntu/scootbot/3.0.0/install/twist_mux:/home/ubuntu/scootbot/3.0.0/install/diffdrive_arduino:/opt/ros/humble:/home/ubuntu/scootbot/3.0.0/install/serial:/home/ubuntu/scootbot/3.0.0/install/scootbot:/home/ubuntu/scootbot/3.0.0/install/rplidar_ros /usr/bin/cmake /home/ubuntu/scootbot/3.0.0/src/scootbot -DAMENT_CMAKE_SYMLINK_INSTALL=1 -DCMAKE_INSTALL_PREFIX=/home/ubuntu/scootbot/3.0.0/install/scootbot
[1.184s] Invoking command in '/home/ubuntu/scootbot/3.0.0/build/scootbot': CMAKE_PREFIX_PATH=/home/ubuntu/scootbot/3.0.0/install/twist_mux:/home/ubuntu/scootbot/3.0.0/install/diffdrive_arduino:/opt/ros/humble:/home/ubuntu/scootbot/3.0.0/install/serial:/home/ubuntu/scootbot/3.0.0/install/scootbot:/home/ubuntu/scootbot/3.0.0/install/rplidar_ros /usr/bin/cmake --build /home/ubuntu/scootbot/3.0.0/build/scootbot -- -j4 -l4
[1.282s] Invoked command in '/home/ubuntu/scootbot/3.0.0/build/scootbot' returned '0': CMAKE_PREFIX_PATH=/home/ubuntu/scootbot/3.0.0/install/twist_mux:/home/ubuntu/scootbot/3.0.0/install/diffdrive_arduino:/opt/ros/humble:/home/ubuntu/scootbot/3.0.0/install/serial:/home/ubuntu/scootbot/3.0.0/install/scootbot:/home/ubuntu/scootbot/3.0.0/install/rplidar_ros /usr/bin/cmake --build /home/ubuntu/scootbot/3.0.0/build/scootbot -- -j4 -l4
[1.360s] Invoking command in '/home/ubuntu/scootbot/3.0.0/build/scootbot': CMAKE_PREFIX_PATH=/home/ubuntu/scootbot/3.0.0/install/twist_mux:/home/ubuntu/scootbot/3.0.0/install/diffdrive_arduino:/opt/ros/humble:/home/ubuntu/scootbot/3.0.0/install/serial:/home/ubuntu/scootbot/3.0.0/install/scootbot:/home/ubuntu/scootbot/3.0.0/install/rplidar_ros /usr/bin/cmake --install /home/ubuntu/scootbot/3.0.0/build/scootbot
[1.381s] -- Install configuration: ""
[1.383s] -- Execute custom install script
[1.385s] -- Up-to-date symlink: /home/ubuntu/scootbot/3.0.0/install/scootbot/share/scootbot/config/controllers.yaml
[1.385s] -- Up-to-date symlink: /home/ubuntu/scootbot/3.0.0/install/scootbot/share/scootbot/config/gazebo_params.yaml
[1.385s] -- Up-to-date symlink: /home/ubuntu/scootbot/3.0.0/install/scootbot/share/scootbot/config/mapper_params_localization.yaml
[1.386s] -- Up-to-date symlink: /home/ubuntu/scootbot/3.0.0/install/scootbot/share/scootbot/config/mapper_params_online_async.yaml
[1.386s] -- Up-to-date symlink: /home/ubuntu/scootbot/3.0.0/install/scootbot/share/scootbot/config/nav2_params.yaml
[1.387s] -- Up-to-date symlink: /home/ubuntu/scootbot/3.0.0/install/scootbot/share/scootbot/config/ps3.config.yaml
[1.387s] -- Up-to-date symlink: /home/ubuntu/scootbot/3.0.0/install/scootbot/share/scootbot/config/scootbot.rviz
[1.388s] -- Up-to-date symlink: /home/ubuntu/scootbot/3.0.0/install/scootbot/share/scootbot/config/scootbot_ros2_control.rviz
[1.389s] -- Up-to-date symlink: /home/ubuntu/scootbot/3.0.0/install/scootbot/share/scootbot/description/gazebo_control.xacro
[1.390s] -- Up-to-date symlink: /home/ubuntu/scootbot/3.0.0/install/scootbot/share/scootbot/description/inertial_macros.xacro
[1.390s] -- Up-to-date symlink: /home/ubuntu/scootbot/3.0.0/install/scootbot/share/scootbot/description/lidar.xacro
[1.391s] -- Up-to-date symlink: /home/ubuntu/scootbot/3.0.0/install/scootbot/share/scootbot/description/model.xacro
[1.391s] -- Up-to-date symlink: /home/ubuntu/scootbot/3.0.0/install/scootbot/share/scootbot/description/models/caster_frame.obj
[1.391s] -- Up-to-date symlink: /home/ubuntu/scootbot/3.0.0/install/scootbot/share/scootbot/description/models/frame.stl
[1.392s] -- Up-to-date symlink: /home/ubuntu/scootbot/3.0.0/install/scootbot/share/scootbot/description/models/tyre.obj
[1.392s] -- Up-to-date symlink: /home/ubuntu/scootbot/3.0.0/install/scootbot/share/scootbot/description/ros2_control.xacro
[1.393s] -- Up-to-date symlink: /home/ubuntu/scootbot/3.0.0/install/scootbot/share/scootbot/description/scootbot.urdf
[1.394s] -- Up-to-date symlink: /home/ubuntu/scootbot/3.0.0/install/scootbot/share/scootbot/launch/humble_navigation_launch.py
[1.395s] -- Up-to-date symlink: /home/ubuntu/scootbot/3.0.0/install/scootbot/share/scootbot/launch/localization_launch.py
[1.395s] -- Up-to-date symlink: /home/ubuntu/scootbot/3.0.0/install/scootbot/share/scootbot/launch/map_server_launch.py
[1.396s] -- Up-to-date symlink: /home/ubuntu/scootbot/3.0.0/install/scootbot/share/scootbot/launch/navigation_launch.py
[1.396s] -- Up-to-date symlink: /home/ubuntu/scootbot/3.0.0/install/scootbot/share/scootbot/launch/online_async_launch.py
[1.396s] -- Up-to-date symlink: /home/ubuntu/scootbot/3.0.0/install/scootbot/share/scootbot/launch/rsp.launch.py
[1.397s] -- Up-to-date symlink: /home/ubuntu/scootbot/3.0.0/install/scootbot/share/scootbot/launch/scootbot_robot.launch.py
[1.397s] -- Up-to-date symlink: /home/ubuntu/scootbot/3.0.0/install/scootbot/share/scootbot/launch/scootbot_sim.launch.py
[1.398s] -- Up-to-date symlink: /home/ubuntu/scootbot/3.0.0/install/scootbot/share/scootbot/launch/slam_localization_launch.py
[1.401s] -- Up-to-date symlink: /home/ubuntu/scootbot/3.0.0/install/scootbot/share/scootbot/worlds/aruco.world
[1.401s] -- Up-to-date symlink: /home/ubuntu/scootbot/3.0.0/install/scootbot/share/scootbot/worlds/ball.world
[1.401s] -- Up-to-date symlink: /home/ubuntu/scootbot/3.0.0/install/scootbot/share/scootbot/worlds/cabinet_grasping.world
[1.402s] -- Up-to-date symlink: /home/ubuntu/scootbot/3.0.0/install/scootbot/share/scootbot/worlds/calibration_room.world
[1.403s] -- Up-to-date symlink: /home/ubuntu/scootbot/3.0.0/install/scootbot/share/scootbot/worlds/chairs.world
[1.403s] -- Up-to-date symlink: /home/ubuntu/scootbot/3.0.0/install/scootbot/share/scootbot/worlds/corridor_110cm.world
[1.403s] -- Up-to-date symlink: /home/ubuntu/scootbot/3.0.0/install/scootbot/share/scootbot/worlds/corridor_60cm.world
[1.404s] -- Up-to-date symlink: /home/ubuntu/scootbot/3.0.0/install/scootbot/share/scootbot/worlds/corridor_70cm.world
[1.404s] -- Up-to-date symlink: /home/ubuntu/scootbot/3.0.0/install/scootbot/share/scootbot/worlds/corridor_85cm.world
[1.405s] -- Up-to-date symlink: /home/ubuntu/scootbot/3.0.0/install/scootbot/share/scootbot/worlds/dock_and_aruco.world
[1.405s] -- Up-to-date symlink: /home/ubuntu/scootbot/3.0.0/install/scootbot/share/scootbot/worlds/dock_station.world
[1.406s] -- Up-to-date symlink: /home/ubuntu/scootbot/3.0.0/install/scootbot/share/scootbot/worlds/docker_chair.world
[1.406s] -- Up-to-date symlink: /home/ubuntu/scootbot/3.0.0/install/scootbot/share/scootbot/worlds/door_obstacle.world
[1.406s] -- Up-to-date symlink: /home/ubuntu/scootbot/3.0.0/install/scootbot/share/scootbot/worlds/empty.world
[1.407s] -- Up-to-date symlink: /home/ubuntu/scootbot/3.0.0/install/scootbot/share/scootbot/worlds/empty_room.world
[1.407s] -- Up-to-date symlink: /home/ubuntu/scootbot/3.0.0/install/scootbot/share/scootbot/worlds/factory.world
[1.408s] -- Up-to-date symlink: /home/ubuntu/scootbot/3.0.0/install/scootbot/share/scootbot/worlds/featured.world
[1.408s] -- Up-to-date symlink: /home/ubuntu/scootbot/3.0.0/install/scootbot/share/scootbot/worlds/footstep_obstacle.world
[1.409s] -- Up-to-date symlink: /home/ubuntu/scootbot/3.0.0/install/scootbot/share/scootbot/worlds/hit_table.world
[1.409s] -- Up-to-date symlink: /home/ubuntu/scootbot/3.0.0/install/scootbot/share/scootbot/worlds/home.world
[1.409s] -- Up-to-date symlink: /home/ubuntu/scootbot/3.0.0/install/scootbot/share/scootbot/worlds/hospital.world
[1.410s] -- Up-to-date symlink: /home/ubuntu/scootbot/3.0.0/install/scootbot/share/scootbot/worlds/hospital_flat.world
[1.410s] -- Up-to-date symlink: /home/ubuntu/scootbot/3.0.0/install/scootbot/share/scootbot/worlds/look_to_point.world
[1.411s] -- Up-to-date symlink: /home/ubuntu/scootbot/3.0.0/install/scootbot/share/scootbot/worlds/low_sun_empty.world
[1.412s] -- Up-to-date symlink: /home/ubuntu/scootbot/3.0.0/install/scootbot/share/scootbot/worlds/memmo_simple.world
[1.413s] -- Up-to-date symlink: /home/ubuntu/scootbot/3.0.0/install/scootbot/share/scootbot/worlds/narrow_passage.world
[1.414s] -- Up-to-date symlink: /home/ubuntu/scootbot/3.0.0/install/scootbot/share/scootbot/worlds/objects_on_table.world
[1.414s] -- Up-to-date symlink: /home/ubuntu/scootbot/3.0.0/install/scootbot/share/scootbot/worlds/obstacles.world
[1.414s] -- Up-to-date symlink: /home/ubuntu/scootbot/3.0.0/install/scootbot/share/scootbot/worlds/pal_office.world
[1.415s] -- Up-to-date symlink: /home/ubuntu/scootbot/3.0.0/install/scootbot/share/scootbot/worlds/pal_textured_object.world
[1.415s] -- Up-to-date symlink: /home/ubuntu/scootbot/3.0.0/install/scootbot/share/scootbot/worlds/passage_110cm.world
[1.416s] -- Up-to-date symlink: /home/ubuntu/scootbot/3.0.0/install/scootbot/share/scootbot/worlds/passage_60cm.world
[1.416s] -- Up-to-date symlink: /home/ubuntu/scootbot/3.0.0/install/scootbot/share/scootbot/worlds/passage_70cm.world
[1.417s] -- Up-to-date symlink: /home/ubuntu/scootbot/3.0.0/install/scootbot/share/scootbot/worlds/pg_demo.world
[1.417s] -- Up-to-date symlink: /home/ubuntu/scootbot/3.0.0/install/scootbot/share/scootbot/worlds/pick.world
[1.417s] -- Up-to-date symlink: /home/ubuntu/scootbot/3.0.0/install/scootbot/share/scootbot/worlds/pick_place_cabinet.world
[1.418s] -- Up-to-date symlink: /home/ubuntu/scootbot/3.0.0/install/scootbot/share/scootbot/worlds/pick_place_close_demo.world
[1.418s] -- Up-to-date symlink: /home/ubuntu/scootbot/3.0.0/install/scootbot/share/scootbot/worlds/pick_place_demo.world
[1.419s] -- Up-to-date symlink: /home/ubuntu/scootbot/3.0.0/install/scootbot/share/scootbot/worlds/reemc.world
[1.419s] -- Up-to-date symlink: /home/ubuntu/scootbot/3.0.0/install/scootbot/share/scootbot/worlds/reemc_indoor.world
[1.419s] -- Up-to-date symlink: /home/ubuntu/scootbot/3.0.0/install/scootbot/share/scootbot/worlds/simple_office.world
[1.420s] -- Up-to-date symlink: /home/ubuntu/scootbot/3.0.0/install/scootbot/share/scootbot/worlds/simple_office_with_people.world
[1.420s] -- Up-to-date symlink: /home/ubuntu/scootbot/3.0.0/install/scootbot/share/scootbot/worlds/simple_ramp.world
[1.421s] -- Up-to-date symlink: /home/ubuntu/scootbot/3.0.0/install/scootbot/share/scootbot/worlds/small_city.world
[1.421s] -- Up-to-date symlink: /home/ubuntu/scootbot/3.0.0/install/scootbot/share/scootbot/worlds/small_factory.world
[1.422s] -- Up-to-date symlink: /home/ubuntu/scootbot/3.0.0/install/scootbot/share/scootbot/worlds/small_office.world
[1.422s] -- Up-to-date symlink: /home/ubuntu/scootbot/3.0.0/install/scootbot/share/scootbot/worlds/small_office_door_obstacle.world
[1.422s] -- Up-to-date symlink: /home/ubuntu/scootbot/3.0.0/install/scootbot/share/scootbot/worlds/small_office_inventory.world
[1.423s] -- Up-to-date symlink: /home/ubuntu/scootbot/3.0.0/install/scootbot/share/scootbot/worlds/small_textured_office.world
[1.423s] -- Up-to-date symlink: /home/ubuntu/scootbot/3.0.0/install/scootbot/share/scootbot/worlds/socmcs.world
[1.424s] -- Up-to-date symlink: /home/ubuntu/scootbot/3.0.0/install/scootbot/share/scootbot/worlds/stairs.world
[1.424s] -- Up-to-date symlink: /home/ubuntu/scootbot/3.0.0/install/scootbot/share/scootbot/worlds/stamping_demo.world
[1.425s] -- Up-to-date symlink: /home/ubuntu/scootbot/3.0.0/install/scootbot/share/scootbot/worlds/t_shaped.world
[1.425s] -- Up-to-date symlink: /home/ubuntu/scootbot/3.0.0/install/scootbot/share/scootbot/worlds/tabletop_cube.world
[1.425s] -- Up-to-date symlink: /home/ubuntu/scootbot/3.0.0/install/scootbot/share/scootbot/worlds/tabletop_cylinder.world
[1.426s] -- Up-to-date symlink: /home/ubuntu/scootbot/3.0.0/install/scootbot/share/scootbot/worlds/tutorial_office.world
[1.426s] -- Up-to-date symlink: /home/ubuntu/scootbot/3.0.0/install/scootbot/share/scootbot/worlds/voronoi_graph.world
[1.427s] -- Up-to-date symlink: /home/ubuntu/scootbot/3.0.0/install/scootbot/share/scootbot/worlds/willow_garage.world
[1.427s] -- Up-to-date symlink: /home/ubuntu/scootbot/3.0.0/install/scootbot/share/scootbot/worlds/world_wall_REEM_photo.world
[1.428s] -- Up-to-date symlink: /home/ubuntu/scootbot/3.0.0/install/scootbot/share/scootbot/maps/factory_map.pgm
[1.428s] -- Up-to-date symlink: /home/ubuntu/scootbot/3.0.0/install/scootbot/share/scootbot/maps/factory_map.yaml
[1.429s] -- Up-to-date symlink: /home/ubuntu/scootbot/3.0.0/install/scootbot/share/scootbot/maps/factory_map_serial.data
[1.429s] -- Up-to-date symlink: /home/ubuntu/scootbot/3.0.0/install/scootbot/share/scootbot/maps/factory_map_serial.posegraph
[1.430s] -- Up-to-date symlink: /home/ubuntu/scootbot/3.0.0/install/scootbot/share/scootbot/maps/obstacle_map.pgm
[1.430s] -- Up-to-date symlink: /home/ubuntu/scootbot/3.0.0/install/scootbot/share/scootbot/maps/obstacle_map.yaml
[1.431s] -- Up-to-date symlink: /home/ubuntu/scootbot/3.0.0/install/scootbot/share/scootbot/maps/obstacle_serial_map.data
[1.431s] -- Up-to-date symlink: /home/ubuntu/scootbot/3.0.0/install/scootbot/share/scootbot/maps/obstacle_serial_map.posegraph
[1.432s] -- Up-to-date symlink: /home/ubuntu/scootbot/3.0.0/install/scootbot/share/scootbot/maps/obstacles.pgm
[1.432s] -- Up-to-date symlink: /home/ubuntu/scootbot/3.0.0/install/scootbot/share/scootbot/maps/obstacles.yaml
[1.432s] -- Up-to-date symlink: /home/ubuntu/scootbot/3.0.0/install/scootbot/share/scootbot/maps/turtlebot3_world.pgm
[1.433s] -- Up-to-date symlink: /home/ubuntu/scootbot/3.0.0/install/scootbot/share/scootbot/maps/turtlebot3_world.yaml
[1.451s] -- Up-to-date symlink: /home/ubuntu/scootbot/3.0.0/install/scootbot/share/scootbot/models/arm_chair/arm_chair.sdf
[1.451s] -- Up-to-date symlink: /home/ubuntu/scootbot/3.0.0/install/scootbot/share/scootbot/models/arm_chair/meshes/arm_chair.stl
[1.452s] -- Up-to-date symlink: /home/ubuntu/scootbot/3.0.0/install/scootbot/share/scootbot/models/arm_chair/model.config
[1.452s] -- Up-to-date symlink: /home/ubuntu/scootbot/3.0.0/install/scootbot/share/scootbot/models/aruco_board/aruco_board.sdf
[1.453s] -- Up-to-date symlink: /home/ubuntu/scootbot/3.0.0/install/scootbot/share/scootbot/models/aruco_board/material/scripts/aruco_board.material
[1.453s] -- Up-to-date symlink: /home/ubuntu/scootbot/3.0.0/install/scootbot/share/scootbot/models/aruco_board/material/textures/aruco_board.png
[1.453s] -- Up-to-date symlink: /home/ubuntu/scootbot/3.0.0/install/scootbot/share/scootbot/models/aruco_board/model.config
[1.454s] -- Up-to-date symlink: /home/ubuntu/scootbot/3.0.0/install/scootbot/share/scootbot/models/aruco_cube/aruco_cube.sdf
[1.454s] -- Up-to-date symlink: /home/ubuntu/scootbot/3.0.0/install/scootbot/share/scootbot/models/aruco_cube/meshes/aruco_cube_5cm.dae
[1.455s] -- Up-to-date symlink: /home/ubuntu/scootbot/3.0.0/install/scootbot/share/scootbot/models/aruco_cube/meshes/aruco_cube_6cm.dae
[1.455s] -- Up-to-date symlink: /home/ubuntu/scootbot/3.0.0/install/scootbot/share/scootbot/models/aruco_cube/meshes/aruco_cube_8cm.dae
[1.456s] -- Up-to-date symlink: /home/ubuntu/scootbot/3.0.0/install/scootbot/share/scootbot/models/aruco_cube/meshes/marker582.png
[1.456s] -- Up-to-date symlink: /home/ubuntu/scootbot/3.0.0/install/scootbot/share/scootbot/models/aruco_cube/meshes/marker582_small_margin.png
[1.457s] -- Up-to-date symlink: /home/ubuntu/scootbot/3.0.0/install/scootbot/share/scootbot/models/aruco_cube/model.config
[1.457s] -- Up-to-date symlink: /home/ubuntu/scootbot/3.0.0/install/scootbot/share/scootbot/models/aruco_marker_250_6x6_1/aruco_marker_250_6x6.sdf
[1.458s] -- Up-to-date symlink: /home/ubuntu/scootbot/3.0.0/install/scootbot/share/scootbot/models/aruco_marker_250_6x6_1/material/scripts/aruco_marker_250_6x6.material
[1.458s] -- Up-to-date symlink: /home/ubuntu/scootbot/3.0.0/install/scootbot/share/scootbot/models/aruco_marker_250_6x6_1/material/textures/Aruco_6x6_250_0.png
[1.459s] -- Up-to-date symlink: /home/ubuntu/scootbot/3.0.0/install/scootbot/share/scootbot/models/aruco_marker_250_6x6_1/model.config
[1.459s] -- Up-to-date symlink: /home/ubuntu/scootbot/3.0.0/install/scootbot/share/scootbot/models/aruco_marker_250_6x6_2/aruco_marker_250_6x6.sdf
[1.460s] -- Up-to-date symlink: /home/ubuntu/scootbot/3.0.0/install/scootbot/share/scootbot/models/aruco_marker_250_6x6_2/material/scripts/aruco_marker_250_6x6.material
[1.460s] -- Up-to-date symlink: /home/ubuntu/scootbot/3.0.0/install/scootbot/share/scootbot/models/aruco_marker_250_6x6_2/material/textures/Aruco_6x6_250_1.png
[1.461s] -- Up-to-date symlink: /home/ubuntu/scootbot/3.0.0/install/scootbot/share/scootbot/models/aruco_marker_250_6x6_2/model.config
[1.461s] -- Up-to-date symlink: /home/ubuntu/scootbot/3.0.0/install/scootbot/share/scootbot/models/aruco_marker_250_6x6_3/aruco_marker_250_6x6.sdf
[1.462s] -- Up-to-date symlink: /home/ubuntu/scootbot/3.0.0/install/scootbot/share/scootbot/models/aruco_marker_250_6x6_3/material/scripts/aruco_marker_250_6x6.material
[1.462s] -- Up-to-date symlink: /home/ubuntu/scootbot/3.0.0/install/scootbot/share/scootbot/models/aruco_marker_250_6x6_3/material/textures/Aruco_6x6_250_2.png
[1.463s] -- Up-to-date symlink: /home/ubuntu/scootbot/3.0.0/install/scootbot/share/scootbot/models/aruco_marker_250_6x6_3/model.config
[1.464s] -- Up-to-date symlink: /home/ubuntu/scootbot/3.0.0/install/scootbot/share/scootbot/models/aruco_marker_250_6x6_4/aruco_marker_250_6x6.sdf
[1.465s] -- Up-to-date symlink: /home/ubuntu/scootbot/3.0.0/install/scootbot/share/scootbot/models/aruco_marker_250_6x6_4/material/scripts/aruco_marker_250_6x6.material
[1.467s] -- Up-to-date symlink: /home/ubuntu/scootbot/3.0.0/install/scootbot/share/scootbot/models/aruco_marker_250_6x6_4/material/textures/Aruco_6x6_250_3.png
[1.467s] -- Up-to-date symlink: /home/ubuntu/scootbot/3.0.0/install/scootbot/share/scootbot/models/aruco_marker_250_6x6_4/model.config
[1.468s] -- Up-to-date symlink: /home/ubuntu/scootbot/3.0.0/install/scootbot/share/scootbot/models/aruco_marker_6cm_238/aruco_marker_6cm.sdf
[1.468s] -- Up-to-date symlink: /home/ubuntu/scootbot/3.0.0/install/scootbot/share/scootbot/models/aruco_marker_6cm_238/material/scripts/aruco_marker_original.material
[1.468s] -- Up-to-date symlink: /home/ubuntu/scootbot/3.0.0/install/scootbot/share/scootbot/models/aruco_marker_6cm_238/material/textures/Aruco_6cm_238.png
[1.469s] -- Up-to-date symlink: /home/ubuntu/scootbot/3.0.0/install/scootbot/share/scootbot/models/aruco_marker_6cm_238/model.config
[1.469s] -- Up-to-date symlink: /home/ubuntu/scootbot/3.0.0/install/scootbot/share/scootbot/models/aruco_marker_6cm_26/aruco_marker_6cm.sdf
[1.470s] -- Up-to-date symlink: /home/ubuntu/scootbot/3.0.0/install/scootbot/share/scootbot/models/aruco_marker_6cm_26/material/scripts/aruco_marker_original.material
[1.470s] -- Up-to-date symlink: /home/ubuntu/scootbot/3.0.0/install/scootbot/share/scootbot/models/aruco_marker_6cm_26/material/textures/Aruco_6cm_26.png
[1.471s] -- Up-to-date symlink: /home/ubuntu/scootbot/3.0.0/install/scootbot/share/scootbot/models/aruco_marker_6cm_26/model.config
[1.471s] -- Up-to-date symlink: /home/ubuntu/scootbot/3.0.0/install/scootbot/share/scootbot/models/aruco_marker_6cm_582/aruco_marker_6cm.sdf
[1.471s] -- Up-to-date symlink: /home/ubuntu/scootbot/3.0.0/install/scootbot/share/scootbot/models/aruco_marker_6cm_582/material/scripts/aruco_marker_original.material
[1.472s] -- Up-to-date symlink: /home/ubuntu/scootbot/3.0.0/install/scootbot/share/scootbot/models/aruco_marker_6cm_582/material/textures/Aruco_6cm_582.png
[1.472s] -- Up-to-date symlink: /home/ubuntu/scootbot/3.0.0/install/scootbot/share/scootbot/models/aruco_marker_6cm_582/model.config
[1.473s] -- Up-to-date symlink: /home/ubuntu/scootbot/3.0.0/install/scootbot/share/scootbot/models/aruco_marker_6cm_63/aruco_marker_6cm.sdf
[1.473s] -- Up-to-date symlink: /home/ubuntu/scootbot/3.0.0/install/scootbot/share/scootbot/models/aruco_marker_6cm_63/material/scripts/aruco_marker_original.material
[1.473s] -- Up-to-date symlink: /home/ubuntu/scootbot/3.0.0/install/scootbot/share/scootbot/models/aruco_marker_6cm_63/material/textures/Aruco_6cm_63.png
[1.474s] -- Up-to-date symlink: /home/ubuntu/scootbot/3.0.0/install/scootbot/share/scootbot/models/aruco_marker_6cm_63/model.config
[1.475s] -- Up-to-date symlink: /home/ubuntu/scootbot/3.0.0/install/scootbot/share/scootbot/models/aruco_marker_9cm_238/aruco_marker_9cm.sdf
[1.475s] -- Up-to-date symlink: /home/ubuntu/scootbot/3.0.0/install/scootbot/share/scootbot/models/aruco_marker_9cm_238/material/scripts/aruco_marker_original.material
[1.476s] -- Up-to-date symlink: /home/ubuntu/scootbot/3.0.0/install/scootbot/share/scootbot/models/aruco_marker_9cm_238/material/textures/Aruco_9cm_238.png
[1.476s] -- Up-to-date symlink: /home/ubuntu/scootbot/3.0.0/install/scootbot/share/scootbot/models/aruco_marker_9cm_238/model.config
[1.476s] -- Up-to-date symlink: /home/ubuntu/scootbot/3.0.0/install/scootbot/share/scootbot/models/aruco_marker_9cm_26/aruco_marker_9cm.sdf
[1.477s] -- Up-to-date symlink: /home/ubuntu/scootbot/3.0.0/install/scootbot/share/scootbot/models/aruco_marker_9cm_26/material/scripts/aruco_marker_original.material
[1.477s] -- Up-to-date symlink: /home/ubuntu/scootbot/3.0.0/install/scootbot/share/scootbot/models/aruco_marker_9cm_26/material/textures/Aruco_9cm_26.png
[1.478s] -- Up-to-date symlink: /home/ubuntu/scootbot/3.0.0/install/scootbot/share/scootbot/models/aruco_marker_9cm_26/model.config
[1.478s] -- Up-to-date symlink: /home/ubuntu/scootbot/3.0.0/install/scootbot/share/scootbot/models/aruco_marker_9cm_582/aruco_marker_9cm.sdf
[1.479s] -- Up-to-date symlink: /home/ubuntu/scootbot/3.0.0/install/scootbot/share/scootbot/models/aruco_marker_9cm_582/material/scripts/aruco_marker_original.material
[1.479s] -- Up-to-date symlink: /home/ubuntu/scootbot/3.0.0/install/scootbot/share/scootbot/models/aruco_marker_9cm_582/material/textures/Aruco_9cm_582.png
[1.480s] -- Up-to-date symlink: /home/ubuntu/scootbot/3.0.0/install/scootbot/share/scootbot/models/aruco_marker_9cm_582/model.config
[1.480s] -- Up-to-date symlink: /home/ubuntu/scootbot/3.0.0/install/scootbot/share/scootbot/models/aruco_marker_9cm_63/aruco_marker_9cm.sdf
[1.481s] -- Up-to-date symlink: /home/ubuntu/scootbot/3.0.0/install/scootbot/share/scootbot/models/aruco_marker_9cm_63/material/scripts/aruco_marker_original.material
[1.481s] -- Up-to-date symlink: /home/ubuntu/scootbot/3.0.0/install/scootbot/share/scootbot/models/aruco_marker_9cm_63/material/textures/Aruco_9cm_63.png
[1.482s] -- Up-to-date symlink: /home/ubuntu/scootbot/3.0.0/install/scootbot/share/scootbot/models/aruco_marker_9cm_63/model.config
[1.482s] -- Up-to-date symlink: /home/ubuntu/scootbot/3.0.0/install/scootbot/share/scootbot/models/aruco_marker_original_238/aruco_marker_original.sdf
[1.482s] -- Up-to-date symlink: /home/ubuntu/scootbot/3.0.0/install/scootbot/share/scootbot/models/aruco_marker_original_238/material/scripts/aruco_marker_original.material
[1.483s] -- Up-to-date symlink: /home/ubuntu/scootbot/3.0.0/install/scootbot/share/scootbot/models/aruco_marker_original_238/material/textures/Aruco_original_238.png
[1.483s] -- Up-to-date symlink: /home/ubuntu/scootbot/3.0.0/install/scootbot/share/scootbot/models/aruco_marker_original_238/model.config
[1.484s] -- Up-to-date symlink: /home/ubuntu/scootbot/3.0.0/install/scootbot/share/scootbot/models/aruco_marker_original_26/aruco_marker_original.sdf
[1.484s] -- Up-to-date symlink: /home/ubuntu/scootbot/3.0.0/install/scootbot/share/scootbot/models/aruco_marker_original_26/material/scripts/aruco_marker_original.material
[1.485s] -- Up-to-date symlink: /home/ubuntu/scootbot/3.0.0/install/scootbot/share/scootbot/models/aruco_marker_original_26/material/textures/Aruco_original_26.png
[1.485s] -- Up-to-date symlink: /home/ubuntu/scootbot/3.0.0/install/scootbot/share/scootbot/models/aruco_marker_original_26/model.config
[1.485s] -- Up-to-date symlink: /home/ubuntu/scootbot/3.0.0/install/scootbot/share/scootbot/models/aruco_marker_original_582/aruco_marker_original.sdf
[1.486s] -- Up-to-date symlink: /home/ubuntu/scootbot/3.0.0/install/scootbot/share/scootbot/models/aruco_marker_original_582/material/scripts/aruco_marker_original.material
[1.486s] -- Up-to-date symlink: /home/ubuntu/scootbot/3.0.0/install/scootbot/share/scootbot/models/aruco_marker_original_582/material/textures/Aruco_original_582.png
[1.487s] -- Up-to-date symlink: /home/ubuntu/scootbot/3.0.0/install/scootbot/share/scootbot/models/aruco_marker_original_582/model.config
[1.487s] -- Up-to-date symlink: /home/ubuntu/scootbot/3.0.0/install/scootbot/share/scootbot/models/aruco_marker_original_63/aruco_marker_original.sdf
[1.488s] -- Up-to-date symlink: /home/ubuntu/scootbot/3.0.0/install/scootbot/share/scootbot/models/aruco_marker_original_63/material/scripts/aruco_marker_original.material
[1.488s] -- Up-to-date symlink: /home/ubuntu/scootbot/3.0.0/install/scootbot/share/scootbot/models/aruco_marker_original_63/material/textures/Aruco_original_63.png
[1.488s] -- Up-to-date symlink: /home/ubuntu/scootbot/3.0.0/install/scootbot/share/scootbot/models/aruco_marker_original_63/model.config
[1.489s] -- Up-to-date symlink: /home/ubuntu/scootbot/3.0.0/install/scootbot/share/scootbot/models/bauman/README
[1.489s] -- Up-to-date symlink: /home/ubuntu/scootbot/3.0.0/install/scootbot/share/scootbot/models/bauman/bauman_walls.png
[1.490s] -- Up-to-date symlink: /home/ubuntu/scootbot/3.0.0/install/scootbot/share/scootbot/models/bauman/model.config
[1.490s] -- Up-to-date symlink: /home/ubuntu/scootbot/3.0.0/install/scootbot/share/scootbot/models/bauman/model.sdf
[1.491s] -- Up-to-date symlink: /home/ubuntu/scootbot/3.0.0/install/scootbot/share/scootbot/models/bench/bench.sdf
[1.491s] -- Up-to-date symlink: /home/ubuntu/scootbot/3.0.0/install/scootbot/share/scootbot/models/bench/meshes/bench.stl
[1.492s] -- Up-to-date symlink: /home/ubuntu/scootbot/3.0.0/install/scootbot/share/scootbot/models/bench/model.config
[1.492s] -- Up-to-date symlink: /home/ubuntu/scootbot/3.0.0/install/scootbot/share/scootbot/models/bifrutas_tropical_can/bifrutas_tropical_can.sdf
[1.493s] -- Up-to-date symlink: /home/ubuntu/scootbot/3.0.0/install/scootbot/share/scootbot/models/bifrutas_tropical_can/material/scripts/bifrutas_tropical_can.material
[1.493s] -- Up-to-date symlink: /home/ubuntu/scootbot/3.0.0/install/scootbot/share/scootbot/models/bifrutas_tropical_can/material/textures/bifrutas_tropical_can.jpg
[1.494s] -- Up-to-date symlink: /home/ubuntu/scootbot/3.0.0/install/scootbot/share/scootbot/models/bifrutas_tropical_can/model.config
[1.494s] -- Up-to-date symlink: /home/ubuntu/scootbot/3.0.0/install/scootbot/share/scootbot/models/biscuits_pack/biscuits_pack.sdf
[1.494s] -- Up-to-date symlink: /home/ubuntu/scootbot/3.0.0/install/scootbot/share/scootbot/models/biscuits_pack/material/scripts/pringles.material
[1.495s] -- Up-to-date symlink: /home/ubuntu/scootbot/3.0.0/install/scootbot/share/scootbot/models/biscuits_pack/material/textures/biscuits_pack.jpg
[1.496s] -- Up-to-date symlink: /home/ubuntu/scootbot/3.0.0/install/scootbot/share/scootbot/models/biscuits_pack/model.config
[1.496s] -- Up-to-date symlink: /home/ubuntu/scootbot/3.0.0/install/scootbot/share/scootbot/models/box_with_handles/box_with_handles.sdf
[1.498s] -- Up-to-date symlink: /home/ubuntu/scootbot/3.0.0/install/scootbot/share/scootbot/models/box_with_handles/material/scripts/aruco_marker_original.material
[1.499s] -- Up-to-date symlink: /home/ubuntu/scootbot/3.0.0/install/scootbot/share/scootbot/models/box_with_handles/material/textures/Aruco_original_582.png
[1.500s] -- Up-to-date symlink: /home/ubuntu/scootbot/3.0.0/install/scootbot/share/scootbot/models/box_with_handles/model.config
[1.500s] -- Up-to-date symlink: /home/ubuntu/scootbot/3.0.0/install/scootbot/share/scootbot/models/brick_box_3x1x3/materials/scripts/brick_box.material
[1.500s] -- Up-to-date symlink: /home/ubuntu/scootbot/3.0.0/install/scootbot/share/scootbot/models/brick_box_3x1x3/materials/textures/simple_box.png
[1.501s] -- Up-to-date symlink: /home/ubuntu/scootbot/3.0.0/install/scootbot/share/scootbot/models/brick_box_3x1x3/meshes/simple_box.dae
[1.501s] -- Up-to-date symlink: /home/ubuntu/scootbot/3.0.0/install/scootbot/share/scootbot/models/brick_box_3x1x3/model-1_3.sdf
[1.502s] -- Up-to-date symlink: /home/ubuntu/scootbot/3.0.0/install/scootbot/share/scootbot/models/brick_box_3x1x3/model-1_4.sdf
[1.502s] -- Up-to-date symlink: /home/ubuntu/scootbot/3.0.0/install/scootbot/share/scootbot/models/brick_box_3x1x3/model.config
[1.502s] -- Up-to-date symlink: /home/ubuntu/scootbot/3.0.0/install/scootbot/share/scootbot/models/brick_box_3x1x3/model.sdf
[1.503s] -- Up-to-date symlink: /home/ubuntu/scootbot/3.0.0/install/scootbot/share/scootbot/models/citizen_extras_female_02/images/_01_-_Default1noCulling.JPG
[1.503s] -- Up-to-date symlink: /home/ubuntu/scootbot/3.0.0/install/scootbot/share/scootbot/models/citizen_extras_female_02/images/_02_-_Default1noCulling.JPG
[1.504s] -- Up-to-date symlink: /home/ubuntu/scootbot/3.0.0/install/scootbot/share/scootbot/models/citizen_extras_female_02/images/_03_-_Default1noCulling.JPG
[1.504s] -- Up-to-date symlink: /home/ubuntu/scootbot/3.0.0/install/scootbot/share/scootbot/models/citizen_extras_female_02/meshes/mesh.dae
[1.506s] -- Up-to-date symlink: /home/ubuntu/scootbot/3.0.0/install/scootbot/share/scootbot/models/citizen_extras_female_02/model.config
[1.507s] -- Up-to-date symlink: /home/ubuntu/scootbot/3.0.0/install/scootbot/share/scootbot/models/citizen_extras_female_02/model.sdf
[1.507s] -- Up-to-date symlink: /home/ubuntu/scootbot/3.0.0/install/scootbot/share/scootbot/models/citizen_extras_female_03/images/Material__1noCulling.JPG
[1.508s] -- Up-to-date symlink: /home/ubuntu/scootbot/3.0.0/install/scootbot/share/scootbot/models/citizen_extras_female_03/images/Material__2noCulling.JPG
[1.508s] -- Up-to-date symlink: /home/ubuntu/scootbot/3.0.0/install/scootbot/share/scootbot/models/citizen_extras_female_03/images/_03_-_Default1noCulling.JPG
[1.509s] -- Up-to-date symlink: /home/ubuntu/scootbot/3.0.0/install/scootbot/share/scootbot/models/citizen_extras_female_03/meshes/mesh.dae
[1.509s] -- Up-to-date symlink: /home/ubuntu/scootbot/3.0.0/install/scootbot/share/scootbot/models/citizen_extras_female_03/model.config
[1.509s] -- Up-to-date symlink: /home/ubuntu/scootbot/3.0.0/install/scootbot/share/scootbot/models/citizen_extras_female_03/model.sdf
[1.510s] -- Up-to-date symlink: /home/ubuntu/scootbot/3.0.0/install/scootbot/share/scootbot/models/citizen_extras_male_03/images/Material__1noCulling.JPG
[1.510s] -- Up-to-date symlink: /home/ubuntu/scootbot/3.0.0/install/scootbot/share/scootbot/models/citizen_extras_male_03/images/hair1noCulling.JPG
[1.511s] -- Up-to-date symlink: /home/ubuntu/scootbot/3.0.0/install/scootbot/share/scootbot/models/citizen_extras_male_03/images/hrad1noCulling.JPG
[1.511s] -- Up-to-date symlink: /home/ubuntu/scootbot/3.0.0/install/scootbot/share/scootbot/models/citizen_extras_male_03/meshes/mesh.dae
[1.511s] -- Up-to-date symlink: /home/ubuntu/scootbot/3.0.0/install/scootbot/share/scootbot/models/citizen_extras_male_03/model.config
[1.512s] -- Up-to-date symlink: /home/ubuntu/scootbot/3.0.0/install/scootbot/share/scootbot/models/citizen_extras_male_03/model.sdf
[1.512s] -- Up-to-date symlink: /home/ubuntu/scootbot/3.0.0/install/scootbot/share/scootbot/models/closet/closet.sdf
[1.512s] -- Up-to-date symlink: /home/ubuntu/scootbot/3.0.0/install/scootbot/share/scootbot/models/closet/meshes/closet.stl
[1.513s] -- Up-to-date symlink: /home/ubuntu/scootbot/3.0.0/install/scootbot/share/scootbot/models/closet/model.config
[1.513s] -- Up-to-date symlink: /home/ubuntu/scootbot/3.0.0/install/scootbot/share/scootbot/models/cocacola/cocacola.sdf
[1.514s] -- Up-to-date symlink: /home/ubuntu/scootbot/3.0.0/install/scootbot/share/scootbot/models/cocacola/material/scripts/cocacola.material
[1.516s] -- Up-to-date symlink: /home/ubuntu/scootbot/3.0.0/install/scootbot/share/scootbot/models/cocacola/material/textures/cocacola.jpg
[1.516s] -- Up-to-date symlink: /home/ubuntu/scootbot/3.0.0/install/scootbot/share/scootbot/models/cocacola/model.config
[1.517s] -- Up-to-date symlink: /home/ubuntu/scootbot/3.0.0/install/scootbot/share/scootbot/models/coke_can_slim/coke_can_slim.sdf
[1.517s] -- Up-to-date symlink: /home/ubuntu/scootbot/3.0.0/install/scootbot/share/scootbot/models/coke_can_slim/material/scripts/coke_can_slim.material
[1.518s] -- Up-to-date symlink: /home/ubuntu/scootbot/3.0.0/install/scootbot/share/scootbot/models/coke_can_slim/material/textures/coke_can_slim.jpg
[1.518s] -- Up-to-date symlink: /home/ubuntu/scootbot/3.0.0/install/scootbot/share/scootbot/models/coke_can_slim/model.config
[1.519s] -- Up-to-date symlink: /home/ubuntu/scootbot/3.0.0/install/scootbot/share/scootbot/models/database.config
[1.519s] -- Up-to-date symlink: /home/ubuntu/scootbot/3.0.0/install/scootbot/share/scootbot/models/dining_chair/dining_chair.sdf
[1.519s] -- Up-to-date symlink: /home/ubuntu/scootbot/3.0.0/install/scootbot/share/scootbot/models/dining_chair/meshes/dining_chair.stl
[1.520s] -- Up-to-date symlink: /home/ubuntu/scootbot/3.0.0/install/scootbot/share/scootbot/models/dining_chair/model.config
[1.520s] -- Up-to-date symlink: /home/ubuntu/scootbot/3.0.0/install/scootbot/share/scootbot/models/dock1/dock1.sdf
[1.521s] -- Up-to-date symlink: /home/ubuntu/scootbot/3.0.0/install/scootbot/share/scootbot/models/dock1/meshes/dock1.dae
[1.521s] -- Up-to-date symlink: /home/ubuntu/scootbot/3.0.0/install/scootbot/share/scootbot/models/dock1/model.config
[1.521s] -- Up-to-date symlink: /home/ubuntu/scootbot/3.0.0/install/scootbot/share/scootbot/models/door_obstacle/door_obstacle.sdf
[1.522s] -- Up-to-date symlink: /home/ubuntu/scootbot/3.0.0/install/scootbot/share/scootbot/models/door_obstacle/model.config
[1.522s] -- Up-to-date symlink: /home/ubuntu/scootbot/3.0.0/install/scootbot/share/scootbot/models/floor_lamp/floor_lamp.sdf
[1.523s] -- Up-to-date symlink: /home/ubuntu/scootbot/3.0.0/install/scootbot/share/scootbot/models/floor_lamp/meshes/floor_lamp.stl
[1.523s] -- Up-to-date symlink: /home/ubuntu/scootbot/3.0.0/install/scootbot/share/scootbot/models/floor_lamp/model.config
[1.524s] -- Up-to-date symlink: /home/ubuntu/scootbot/3.0.0/install/scootbot/share/scootbot/models/goetz_sofa/goetz_sofa.sdf
[1.524s] -- Up-to-date symlink: /home/ubuntu/scootbot/3.0.0/install/scootbot/share/scootbot/models/goetz_sofa/materials/textures/texture0.jpg
[1.524s] -- Up-to-date symlink: /home/ubuntu/scootbot/3.0.0/install/scootbot/share/scootbot/models/goetz_sofa/meshes/goetz_sofa.dae
[1.525s] -- Up-to-date symlink: /home/ubuntu/scootbot/3.0.0/install/scootbot/share/scootbot/models/goetz_sofa/model.config
[1.525s] -- Up-to-date symlink: /home/ubuntu/scootbot/3.0.0/install/scootbot/share/scootbot/models/green_ball/materials/scripts/ball.material
[1.526s] -- Up-to-date symlink: /home/ubuntu/scootbot/3.0.0/install/scootbot/share/scootbot/models/green_ball/model.config
[1.526s] -- Up-to-date symlink: /home/ubuntu/scootbot/3.0.0/install/scootbot/share/scootbot/models/green_ball/model.sdf
[1.526s] -- Up-to-date symlink: /home/ubuntu/scootbot/3.0.0/install/scootbot/share/scootbot/models/green_cube/green_cube.sdf
[1.527s] -- Up-to-date symlink: /home/ubuntu/scootbot/3.0.0/install/scootbot/share/scootbot/models/green_cube/model.config
[1.527s] -- Up-to-date symlink: /home/ubuntu/scootbot/3.0.0/install/scootbot/share/scootbot/models/green_rectangle/green_rectangle.sdf
[1.528s] -- Up-to-date symlink: /home/ubuntu/scootbot/3.0.0/install/scootbot/share/scootbot/models/green_rectangle/model.config
[1.528s] -- Up-to-date symlink: /home/ubuntu/scootbot/3.0.0/install/scootbot/share/scootbot/models/ground_plane/model-1_2.sdf
[1.529s] -- Up-to-date symlink: /home/ubuntu/scootbot/3.0.0/install/scootbot/share/scootbot/models/ground_plane/model-1_3.sdf
[1.529s] -- Up-to-date symlink: /home/ubuntu/scootbot/3.0.0/install/scootbot/share/scootbot/models/ground_plane/model-1_4.sdf
[1.529s] -- Up-to-date symlink: /home/ubuntu/scootbot/3.0.0/install/scootbot/share/scootbot/models/ground_plane/model.config
[1.530s] -- Up-to-date symlink: /home/ubuntu/scootbot/3.0.0/install/scootbot/share/scootbot/models/ground_plane/model.sdf
[1.530s] -- Up-to-date symlink: /home/ubuntu/scootbot/3.0.0/install/scootbot/share/scootbot/models/hospital_flat_map/hospital_flat_map.sdf
[1.531s] -- Up-to-date symlink: /home/ubuntu/scootbot/3.0.0/install/scootbot/share/scootbot/models/hospital_flat_map/meshes/hospital_flat_map.stl
[1.532s] -- Up-to-date symlink: /home/ubuntu/scootbot/3.0.0/install/scootbot/share/scootbot/models/hospital_flat_map/model.config
[1.532s] -- Up-to-date symlink: /home/ubuntu/scootbot/3.0.0/install/scootbot/share/scootbot/models/hospital_map/hospital_map.sdf
[1.532s] -- Up-to-date symlink: /home/ubuntu/scootbot/3.0.0/install/scootbot/share/scootbot/models/hospital_map/meshes/g1.stl
[1.533s] -- Up-to-date symlink: /home/ubuntu/scootbot/3.0.0/install/scootbot/share/scootbot/models/hospital_map/meshes/g2.stl
[1.533s] -- Up-to-date symlink: /home/ubuntu/scootbot/3.0.0/install/scootbot/share/scootbot/models/hospital_map/meshes/g3.stl
[1.534s] -- Up-to-date symlink: /home/ubuntu/scootbot/3.0.0/install/scootbot/share/scootbot/models/hospital_map/meshes/g4.stl
[1.534s] -- Up-to-date symlink: /home/ubuntu/scootbot/3.0.0/install/scootbot/share/scootbot/models/hospital_map/meshes/g5.stl
[1.535s] -- Up-to-date symlink: /home/ubuntu/scootbot/3.0.0/install/scootbot/share/scootbot/models/hospital_map/meshes/g6.stl
[1.535s] -- Up-to-date symlink: /home/ubuntu/scootbot/3.0.0/install/scootbot/share/scootbot/models/hospital_map/meshes/g7.stl
[1.535s] -- Up-to-date symlink: /home/ubuntu/scootbot/3.0.0/install/scootbot/share/scootbot/models/hospital_map/meshes/gr1.stl
[1.536s] -- Up-to-date symlink: /home/ubuntu/scootbot/3.0.0/install/scootbot/share/scootbot/models/hospital_map/meshes/gr2.stl
[1.536s] -- Up-to-date symlink: /home/ubuntu/scootbot/3.0.0/install/scootbot/share/scootbot/models/hospital_map/meshes/gr3.stl
[1.536s] -- Up-to-date symlink: /home/ubuntu/scootbot/3.0.0/install/scootbot/share/scootbot/models/hospital_map/meshes/gr4.stl
[1.537s] -- Up-to-date symlink: /home/ubuntu/scootbot/3.0.0/install/scootbot/share/scootbot/models/hospital_map/meshes/gr5.stl
[1.537s] -- Up-to-date symlink: /home/ubuntu/scootbot/3.0.0/install/scootbot/share/scootbot/models/hospital_map/meshes/gr6.stl
[1.538s] -- Up-to-date symlink: /home/ubuntu/scootbot/3.0.0/install/scootbot/share/scootbot/models/hospital_map/meshes/hospital_map.stl
[1.538s] -- Up-to-date symlink: /home/ubuntu/scootbot/3.0.0/install/scootbot/share/scootbot/models/hospital_map/meshes/w1.stl
[1.539s] -- Up-to-date symlink: /home/ubuntu/scootbot/3.0.0/install/scootbot/share/scootbot/models/hospital_map/meshes/w2.stl
[1.539s] -- Up-to-date symlink: /home/ubuntu/scootbot/3.0.0/install/scootbot/share/scootbot/models/hospital_map/meshes/w3.stl
[1.539s] -- Up-to-date symlink: /home/ubuntu/scootbot/3.0.0/install/scootbot/share/scootbot/models/hospital_map/meshes/w4.stl
[1.540s] -- Up-to-date symlink: /home/ubuntu/scootbot/3.0.0/install/scootbot/share/scootbot/models/hospital_map/meshes/w5.stl
[1.540s] -- Up-to-date symlink: /home/ubuntu/scootbot/3.0.0/install/scootbot/share/scootbot/models/hospital_map/meshes/w6.stl
[1.541s] -- Up-to-date symlink: /home/ubuntu/scootbot/3.0.0/install/scootbot/share/scootbot/models/hospital_map/meshes/w7.stl
[1.541s] -- Up-to-date symlink: /home/ubuntu/scootbot/3.0.0/install/scootbot/share/scootbot/models/hospital_map/meshes/wr1.stl
[1.541s] -- Up-to-date symlink: /home/ubuntu/scootbot/3.0.0/install/scootbot/share/scootbot/models/hospital_map/meshes/wr2.stl
[1.542s] -- Up-to-date symlink: /home/ubuntu/scootbot/3.0.0/install/scootbot/share/scootbot/models/hospital_map/meshes/wr3.stl
[1.542s] -- Up-to-date symlink: /home/ubuntu/scootbot/3.0.0/install/scootbot/share/scootbot/models/hospital_map/meshes/wr4.stl
[1.543s] -- Up-to-date symlink: /home/ubuntu/scootbot/3.0.0/install/scootbot/share/scootbot/models/hospital_map/meshes/wr5.stl
[1.544s] -- Up-to-date symlink: /home/ubuntu/scootbot/3.0.0/install/scootbot/share/scootbot/models/hospital_map/meshes/wr6.stl
[1.544s] -- Up-to-date symlink: /home/ubuntu/scootbot/3.0.0/install/scootbot/share/scootbot/models/hospital_map/model.config
[1.545s] -- Up-to-date symlink: /home/ubuntu/scootbot/3.0.0/install/scootbot/share/scootbot/models/ideal_sun/model.config
[1.545s] -- Up-to-date symlink: /home/ubuntu/scootbot/3.0.0/install/scootbot/share/scootbot/models/ideal_sun/model.sdf
[1.545s] -- Up-to-date symlink: /home/ubuntu/scootbot/3.0.0/install/scootbot/share/scootbot/models/ikea_ektorp_chair/meshes/IKE06001.JPG
[1.546s] -- Up-to-date symlink: /home/ubuntu/scootbot/3.0.0/install/scootbot/share/scootbot/models/ikea_ektorp_chair/meshes/mesh.dae
[1.546s] -- Up-to-date symlink: /home/ubuntu/scootbot/3.0.0/install/scootbot/share/scootbot/models/ikea_ektorp_chair/model.config
[1.547s] -- Up-to-date symlink: /home/ubuntu/scootbot/3.0.0/install/scootbot/share/scootbot/models/ikea_ektorp_chair/model.sdf
[1.547s] -- Up-to-date symlink: /home/ubuntu/scootbot/3.0.0/install/scootbot/share/scootbot/models/ikea_folke_chair/meshes/mesh.dae
[1.547s] -- Up-to-date symlink: /home/ubuntu/scootbot/3.0.0/install/scootbot/share/scootbot/models/ikea_folke_chair/meshes/notexture.png
[1.548s] -- Up-to-date symlink: /home/ubuntu/scootbot/3.0.0/install/scootbot/share/scootbot/models/ikea_folke_chair/meshes/texture.png
[1.548s] -- Up-to-date symlink: /home/ubuntu/scootbot/3.0.0/install/scootbot/share/scootbot/models/ikea_folke_chair/model.config
[1.549s] -- Up-to-date symlink: /home/ubuntu/scootbot/3.0.0/install/scootbot/share/scootbot/models/ikea_folke_chair/model.sdf
[1.549s] -- Up-to-date symlink: /home/ubuntu/scootbot/3.0.0/install/scootbot/share/scootbot/models/ikea_harry_chair/meshes/body.png
[1.549s] -- Up-to-date symlink: /home/ubuntu/scootbot/3.0.0/install/scootbot/share/scootbot/models/ikea_harry_chair/meshes/legs.png
[1.550s] -- Up-to-date symlink: /home/ubuntu/scootbot/3.0.0/install/scootbot/share/scootbot/models/ikea_harry_chair/meshes/mesh.dae
[1.551s] -- Up-to-date symlink: /home/ubuntu/scootbot/3.0.0/install/scootbot/share/scootbot/models/ikea_harry_chair/model.config
[1.552s] -- Up-to-date symlink: /home/ubuntu/scootbot/3.0.0/install/scootbot/share/scootbot/models/ikea_harry_chair/model.sdf
[1.553s] -- Up-to-date symlink: /home/ubuntu/scootbot/3.0.0/install/scootbot/share/scootbot/models/ikea_stefan_chair/meshes/mesh.dae
[1.554s] -- Up-to-date symlink: /home/ubuntu/scootbot/3.0.0/install/scootbot/share/scootbot/models/ikea_stefan_chair/model.config
[1.555s] -- Up-to-date symlink: /home/ubuntu/scootbot/3.0.0/install/scootbot/share/scootbot/models/ikea_stefan_chair/model.sdf
[1.556s] -- Up-to-date symlink: /home/ubuntu/scootbot/3.0.0/install/scootbot/share/scootbot/models/ikea_urban_chair/meshes/mesh.dae
[1.556s] -- Up-to-date symlink: /home/ubuntu/scootbot/3.0.0/install/scootbot/share/scootbot/models/ikea_urban_chair/meshes/notexture.png
[1.557s] -- Up-to-date symlink: /home/ubuntu/scootbot/3.0.0/install/scootbot/share/scootbot/models/ikea_urban_chair/model.config
[1.559s] -- Up-to-date symlink: /home/ubuntu/scootbot/3.0.0/install/scootbot/share/scootbot/models/ikea_urban_chair/model.sdf
[1.559s] -- Up-to-date symlink: /home/ubuntu/scootbot/3.0.0/install/scootbot/share/scootbot/models/kitchen_chair/kitchen_chair.sdf
[1.561s] -- Up-to-date symlink: /home/ubuntu/scootbot/3.0.0/install/scootbot/share/scootbot/models/kitchen_chair/meshes/kitchen_chair.stl
[1.561s] -- Up-to-date symlink: /home/ubuntu/scootbot/3.0.0/install/scootbot/share/scootbot/models/kitchen_chair/model.config
[1.561s] -- Up-to-date symlink: /home/ubuntu/scootbot/3.0.0/install/scootbot/share/scootbot/models/kitchen_table/kitchen_table.sdf
[1.564s] -- Up-to-date symlink: /home/ubuntu/scootbot/3.0.0/install/scootbot/share/scootbot/models/kitchen_table/meshes/kitchen_table.stl
[1.566s] -- Up-to-date symlink: /home/ubuntu/scootbot/3.0.0/install/scootbot/share/scootbot/models/kitchen_table/model.config
[1.569s] -- Up-to-date symlink: /home/ubuntu/scootbot/3.0.0/install/scootbot/share/scootbot/models/lamp/lamp.sdf
[1.570s] -- Up-to-date symlink: /home/ubuntu/scootbot/3.0.0/install/scootbot/share/scootbot/models/lamp/meshes/lamp.stl
[1.572s] -- Up-to-date symlink: /home/ubuntu/scootbot/3.0.0/install/scootbot/share/scootbot/models/lamp/model.config
[1.573s] -- Up-to-date symlink: /home/ubuntu/scootbot/3.0.0/install/scootbot/share/scootbot/models/macrolink_small_table/model.config
[1.573s] -- Up-to-date symlink: /home/ubuntu/scootbot/3.0.0/install/scootbot/share/scootbot/models/macrolink_small_table/table.sdf
[1.574s] -- Up-to-date symlink: /home/ubuntu/scootbot/3.0.0/install/scootbot/share/scootbot/models/macrolink_table/model.config
[1.574s] -- Up-to-date symlink: /home/ubuntu/scootbot/3.0.0/install/scootbot/share/scootbot/models/macrolink_table/table.sdf
[1.576s] -- Up-to-date symlink: /home/ubuntu/scootbot/3.0.0/install/scootbot/share/scootbot/models/marker26_8cm/marker26_8cm.sdf
[1.576s] -- Up-to-date symlink: /home/ubuntu/scootbot/3.0.0/install/scootbot/share/scootbot/models/marker26_8cm/material/scripts/marker26_8cm.material
[1.592s] -- Up-to-date symlink: /home/ubuntu/scootbot/3.0.0/install/scootbot/share/scootbot/models/marker26_8cm/material/textures/aruco-26_8cm.png
[1.592s] -- Up-to-date symlink: /home/ubuntu/scootbot/3.0.0/install/scootbot/share/scootbot/models/marker26_8cm/model.config
[1.592s] -- Up-to-date symlink: /home/ubuntu/scootbot/3.0.0/install/scootbot/share/scootbot/models/pal_poster/material/scripts/pal_poster.material
[1.593s] -- Up-to-date symlink: /home/ubuntu/scootbot/3.0.0/install/scootbot/share/scootbot/models/pal_poster/material/textures/pal_poster.jpg
[1.593s] -- Up-to-date symlink: /home/ubuntu/scootbot/3.0.0/install/scootbot/share/scootbot/models/pal_poster/model.config
[1.593s] -- Up-to-date symlink: /home/ubuntu/scootbot/3.0.0/install/scootbot/share/scootbot/models/pal_poster/pal_poster.sdf
[1.594s] -- Up-to-date symlink: /home/ubuntu/scootbot/3.0.0/install/scootbot/share/scootbot/models/pal_textured_object/material/scripts/pal_textured_object.material
[1.595s] -- Up-to-date symlink: /home/ubuntu/scootbot/3.0.0/install/scootbot/share/scootbot/models/pal_textured_object/material/textures/pal_textured_object.png
[1.595s] -- Up-to-date symlink: /home/ubuntu/scootbot/3.0.0/install/scootbot/share/scootbot/models/pal_textured_object/model.config
[1.595s] -- Up-to-date symlink: /home/ubuntu/scootbot/3.0.0/install/scootbot/share/scootbot/models/pal_textured_object/pal_textured_object.sdf
[1.596s] -- Up-to-date symlink: /home/ubuntu/scootbot/3.0.0/install/scootbot/share/scootbot/models/pringles/material/scripts/pringles.material
[1.596s] -- Up-to-date symlink: /home/ubuntu/scootbot/3.0.0/install/scootbot/share/scootbot/models/pringles/material/textures/pringles.jpg
[1.597s] -- Up-to-date symlink: /home/ubuntu/scootbot/3.0.0/install/scootbot/share/scootbot/models/pringles/model.config
[1.597s] -- Up-to-date symlink: /home/ubuntu/scootbot/3.0.0/install/scootbot/share/scootbot/models/pringles/pringles.sdf
[1.597s] -- Up-to-date symlink: /home/ubuntu/scootbot/3.0.0/install/scootbot/share/scootbot/models/pringles2/material/scripts/pringles2.material
[1.598s] -- Up-to-date symlink: /home/ubuntu/scootbot/3.0.0/install/scootbot/share/scootbot/models/pringles2/material/textures/pringles2.jpg
[1.598s] -- Up-to-date symlink: /home/ubuntu/scootbot/3.0.0/install/scootbot/share/scootbot/models/pringles2/model.config
[1.599s] -- Up-to-date symlink: /home/ubuntu/scootbot/3.0.0/install/scootbot/share/scootbot/models/pringles2/pringles2.sdf
[1.599s] -- Up-to-date symlink: /home/ubuntu/scootbot/3.0.0/install/scootbot/share/scootbot/models/reemc_bookshelf/bookshelf.sdf
[1.599s] -- Up-to-date symlink: /home/ubuntu/scootbot/3.0.0/install/scootbot/share/scootbot/models/reemc_bookshelf/model.config
[1.600s] -- Up-to-date symlink: /home/ubuntu/scootbot/3.0.0/install/scootbot/share/scootbot/models/reemc_cabinet/cabinet.sdf
[1.600s] -- Up-to-date symlink: /home/ubuntu/scootbot/3.0.0/install/scootbot/share/scootbot/models/reemc_cabinet/model.config
[1.601s] -- Up-to-date symlink: /home/ubuntu/scootbot/3.0.0/install/scootbot/share/scootbot/models/reemc_table/model.config
[1.601s] -- Up-to-date symlink: /home/ubuntu/scootbot/3.0.0/install/scootbot/share/scootbot/models/reemc_table/table.sdf
[1.601s] -- Up-to-date symlink: /home/ubuntu/scootbot/3.0.0/install/scootbot/share/scootbot/models/reemc_textured_object/meshes/mesh.dae
[1.602s] -- Up-to-date symlink: /home/ubuntu/scootbot/3.0.0/install/scootbot/share/scootbot/models/reemc_textured_object/meshes/texture.jpg
[1.602s] -- Up-to-date symlink: /home/ubuntu/scootbot/3.0.0/install/scootbot/share/scootbot/models/reemc_textured_object/model.config
[1.602s] -- Up-to-date symlink: /home/ubuntu/scootbot/3.0.0/install/scootbot/share/scootbot/models/reemc_textured_object/model.sdf
[1.603s] -- Up-to-date symlink: /home/ubuntu/scootbot/3.0.0/install/scootbot/share/scootbot/models/reemc_textured_object_nograv/model.config
[1.603s] -- Up-to-date symlink: /home/ubuntu/scootbot/3.0.0/install/scootbot/share/scootbot/models/reemc_textured_object_nograv/model.sdf
[1.603s] -- Up-to-date symlink: /home/ubuntu/scootbot/3.0.0/install/scootbot/share/scootbot/models/reemc_walls/model.config
[1.604s] -- Up-to-date symlink: /home/ubuntu/scootbot/3.0.0/install/scootbot/share/scootbot/models/reemc_walls/walls.sdf
[1.604s] -- Up-to-date symlink: /home/ubuntu/scootbot/3.0.0/install/scootbot/share/scootbot/models/reviews_table/meshes/reviews_table.stl
[1.604s] -- Up-to-date symlink: /home/ubuntu/scootbot/3.0.0/install/scootbot/share/scootbot/models/reviews_table/model.config
[1.605s] -- Up-to-date symlink: /home/ubuntu/scootbot/3.0.0/install/scootbot/share/scootbot/models/reviews_table/reviews_table.sdf
[1.605s] -- Up-to-date symlink: /home/ubuntu/scootbot/3.0.0/install/scootbot/share/scootbot/models/robocup_walls_70cm_doors/house_walls.sdf
[1.605s] -- Up-to-date symlink: /home/ubuntu/scootbot/3.0.0/install/scootbot/share/scootbot/models/robocup_walls_70cm_doors/meshes/robocup_house.stl
[1.606s] -- Up-to-date symlink: /home/ubuntu/scootbot/3.0.0/install/scootbot/share/scootbot/models/robocup_walls_70cm_doors/model.config
[1.606s] -- Up-to-date symlink: /home/ubuntu/scootbot/3.0.0/install/scootbot/share/scootbot/models/rockin_camp/README
[1.606s] -- Up-to-date symlink: /home/ubuntu/scootbot/3.0.0/install/scootbot/share/scootbot/models/rockin_camp/model.config
[1.607s] -- Up-to-date symlink: /home/ubuntu/scootbot/3.0.0/install/scootbot/share/scootbot/models/rockin_camp/model.sdf
[1.607s] -- Up-to-date symlink: /home/ubuntu/scootbot/3.0.0/install/scootbot/share/scootbot/models/rockin_camp/rockin_camp.png
[1.607s] -- Up-to-date symlink: /home/ubuntu/scootbot/3.0.0/install/scootbot/share/scootbot/models/sideboard/meshes/sideboard.stl
[1.608s] -- Up-to-date symlink: /home/ubuntu/scootbot/3.0.0/install/scootbot/share/scootbot/models/sideboard/model.config
[1.611s] -- Up-to-date symlink: /home/ubuntu/scootbot/3.0.0/install/scootbot/share/scootbot/models/sideboard/sideboard.sdf
[1.612s] -- Up-to-date symlink: /home/ubuntu/scootbot/3.0.0/install/scootbot/share/scootbot/models/slippery_patch/material/scripts/slippery_patch.material
[1.612s] -- Up-to-date symlink: /home/ubuntu/scootbot/3.0.0/install/scootbot/share/scootbot/models/slippery_patch/material/textures/slippery_patch.jpg
[1.613s] -- Up-to-date symlink: /home/ubuntu/scootbot/3.0.0/install/scootbot/share/scootbot/models/slippery_patch/model.config
[1.613s] -- Up-to-date symlink: /home/ubuntu/scootbot/3.0.0/install/scootbot/share/scootbot/models/slippery_patch/slippery_patch.sdf
[1.613s] -- Up-to-date symlink: /home/ubuntu/scootbot/3.0.0/install/scootbot/share/scootbot/models/small_cylinder/model.config
[1.614s] -- Up-to-date symlink: /home/ubuntu/scootbot/3.0.0/install/scootbot/share/scootbot/models/small_cylinder/small_cylinder.sdf
[1.614s] -- Up-to-date symlink: /home/ubuntu/scootbot/3.0.0/install/scootbot/share/scootbot/models/sofa/meshes/sofa.stl
[1.615s] -- Up-to-date symlink: /home/ubuntu/scootbot/3.0.0/install/scootbot/share/scootbot/models/sofa/model.config
[1.615s] -- Up-to-date symlink: /home/ubuntu/scootbot/3.0.0/install/scootbot/share/scootbot/models/sofa/sofa.sdf
[1.615s] -- Up-to-date symlink: /home/ubuntu/scootbot/3.0.0/install/scootbot/share/scootbot/models/sprite/material/scripts/sprite.material
[1.616s] -- Up-to-date symlink: /home/ubuntu/scootbot/3.0.0/install/scootbot/share/scootbot/models/sprite/material/textures/sprite.jpg
[1.616s] -- Up-to-date symlink: /home/ubuntu/scootbot/3.0.0/install/scootbot/share/scootbot/models/sprite/model.config
[1.616s] -- Up-to-date symlink: /home/ubuntu/scootbot/3.0.0/install/scootbot/share/scootbot/models/sprite/sprite.sdf
[1.616s] -- Up-to-date symlink: /home/ubuntu/scootbot/3.0.0/install/scootbot/share/scootbot/models/sun/model-1_2.sdf
[1.617s] -- Up-to-date symlink: /home/ubuntu/scootbot/3.0.0/install/scootbot/share/scootbot/models/sun/model-1_3.sdf
[1.617s] -- Up-to-date symlink: /home/ubuntu/scootbot/3.0.0/install/scootbot/share/scootbot/models/sun/model-1_4.sdf
[1.617s] -- Up-to-date symlink: /home/ubuntu/scootbot/3.0.0/install/scootbot/share/scootbot/models/sun/model.config
[1.618s] -- Up-to-date symlink: /home/ubuntu/scootbot/3.0.0/install/scootbot/share/scootbot/models/sun/model.sdf
[1.618s] -- Up-to-date symlink: /home/ubuntu/scootbot/3.0.0/install/scootbot/share/scootbot/models/table_0m8/model.config
[1.619s] -- Up-to-date symlink: /home/ubuntu/scootbot/3.0.0/install/scootbot/share/scootbot/models/table_0m8/table.sdf
[1.619s] -- Up-to-date symlink: /home/ubuntu/scootbot/3.0.0/install/scootbot/share/scootbot/models/table_1m/model.config
[1.619s] -- Up-to-date symlink: /home/ubuntu/scootbot/3.0.0/install/scootbot/share/scootbot/models/table_1m/table_1m.sdf
[1.620s] -- Up-to-date symlink: /home/ubuntu/scootbot/3.0.0/install/scootbot/share/scootbot/models/test2/meshes/test2.dae
[1.620s] -- Up-to-date symlink: /home/ubuntu/scootbot/3.0.0/install/scootbot/share/scootbot/models/test2/model.config
[1.620s] -- Up-to-date symlink: /home/ubuntu/scootbot/3.0.0/install/scootbot/share/scootbot/models/test2/test2.sdf
[1.621s] -- Up-to-date symlink: /home/ubuntu/scootbot/3.0.0/install/scootbot/share/scootbot/models/testing_room/README
[1.621s] -- Up-to-date symlink: /home/ubuntu/scootbot/3.0.0/install/scootbot/share/scootbot/models/testing_room/model.config
[1.621s] -- Up-to-date symlink: /home/ubuntu/scootbot/3.0.0/install/scootbot/share/scootbot/models/testing_room/model.sdf
[1.622s] -- Up-to-date symlink: /home/ubuntu/scootbot/3.0.0/install/scootbot/share/scootbot/models/testing_room/testing_room.png
[1.622s] -- Up-to-date symlink: /home/ubuntu/scootbot/3.0.0/install/scootbot/share/scootbot/models/tv/meshes/tv.stl
[1.622s] -- Up-to-date symlink: /home/ubuntu/scootbot/3.0.0/install/scootbot/share/scootbot/models/tv/model.config
[1.622s] -- Up-to-date symlink: /home/ubuntu/scootbot/3.0.0/install/scootbot/share/scootbot/models/tv/tv.sdf
[1.623s] -- Up-to-date symlink: /home/ubuntu/scootbot/3.0.0/install/scootbot/share/scootbot/models/wall_with_reem_photo/material/scripts/ball.material
[1.623s] -- Up-to-date symlink: /home/ubuntu/scootbot/3.0.0/install/scootbot/share/scootbot/models/wall_with_reem_photo/material/scripts/wallWithREEMphoto.material
[1.623s] -- Up-to-date symlink: /home/ubuntu/scootbot/3.0.0/install/scootbot/share/scootbot/models/wall_with_reem_photo/material/textures/REEM_photo0.jpg
[1.624s] -- Up-to-date symlink: /home/ubuntu/scootbot/3.0.0/install/scootbot/share/scootbot/models/wall_with_reem_photo/model.config
[1.624s] -- Up-to-date symlink: /home/ubuntu/scootbot/3.0.0/install/scootbot/share/scootbot/models/wall_with_reem_photo/model.sdf
[1.624s] -- Up-to-date symlink: /home/ubuntu/scootbot/3.0.0/install/scootbot/share/scootbot/models/wardrobe/meshes/wardrobe.stl
[1.625s] -- Up-to-date symlink: /home/ubuntu/scootbot/3.0.0/install/scootbot/share/scootbot/models/wardrobe/model.config
[1.625s] -- Up-to-date symlink: /home/ubuntu/scootbot/3.0.0/install/scootbot/share/scootbot/models/wardrobe/wardrobe.sdf
[1.625s] -- Up-to-date symlink: /home/ubuntu/scootbot/3.0.0/install/scootbot/share/scootbot/models/willowgarage/materials/textures/Carpet_Berber_Pattern_Gray_.png
[1.625s] -- Up-to-date symlink: /home/ubuntu/scootbot/3.0.0/install/scootbot/share/scootbot/models/willowgarage/materials/textures/Stone_Brushed_Khaki_.png
[1.645s] -- Up-to-date symlink: /home/ubuntu/scootbot/3.0.0/install/scootbot/share/scootbot/models/willowgarage/materials/textures/Wood_Bamboo_Medium_.png
[1.646s] -- Up-to-date symlink: /home/ubuntu/scootbot/3.0.0/install/scootbot/share/scootbot/models/willowgarage/materials/textures/Wood_Cherry_Original_.png
[1.647s] -- Up-to-date symlink: /home/ubuntu/scootbot/3.0.0/install/scootbot/share/scootbot/models/willowgarage/materials/textures/__Wood_Bamboo_Medium_1.png
[1.647s] -- Up-to-date symlink: /home/ubuntu/scootbot/3.0.0/install/scootbot/share/scootbot/models/willowgarage/materials/textures/__auto_12.png
[1.648s] -- Up-to-date symlink: /home/ubuntu/scootbot/3.0.0/install/scootbot/share/scootbot/models/willowgarage/materials/textures/__auto_2.png
[1.649s] -- Up-to-date symlink: /home/ubuntu/scootbot/3.0.0/install/scootbot/share/scootbot/models/willowgarage/meshes/willowgarage_collision.dae
[1.649s] -- Up-to-date symlink: /home/ubuntu/scootbot/3.0.0/install/scootbot/share/scootbot/models/willowgarage/meshes/willowgarage_visual.dae
[1.650s] -- Up-to-date symlink: /home/ubuntu/scootbot/3.0.0/install/scootbot/share/ament_index/resource_index/package_run_dependencies/scootbot
[1.651s] -- Up-to-date symlink: /home/ubuntu/scootbot/3.0.0/install/scootbot/share/ament_index/resource_index/parent_prefix_path/scootbot
[1.651s] -- Up-to-date symlink: /home/ubuntu/scootbot/3.0.0/install/scootbot/share/scootbot/environment/ament_prefix_path.sh
[1.651s] -- Up-to-date symlink: /home/ubuntu/scootbot/3.0.0/install/scootbot/share/scootbot/environment/ament_prefix_path.dsv
[1.652s] -- Up-to-date symlink: /home/ubuntu/scootbot/3.0.0/install/scootbot/share/scootbot/environment/path.sh
[1.653s] -- Up-to-date symlink: /home/ubuntu/scootbot/3.0.0/install/scootbot/share/scootbot/environment/path.dsv
[1.653s] -- Up-to-date symlink: /home/ubuntu/scootbot/3.0.0/install/scootbot/share/scootbot/local_setup.bash
[1.654s] -- Up-to-date symlink: /home/ubuntu/scootbot/3.0.0/install/scootbot/share/scootbot/local_setup.sh
[1.655s] -- Up-to-date symlink: /home/ubuntu/scootbot/3.0.0/install/scootbot/share/scootbot/local_setup.zsh
[1.656s] -- Up-to-date symlink: /home/ubuntu/scootbot/3.0.0/install/scootbot/share/scootbot/local_setup.dsv
[1.656s] -- Symlinking: /home/ubuntu/scootbot/3.0.0/install/scootbot/share/scootbot/package.dsv
[1.657s] -- Up-to-date symlink: /home/ubuntu/scootbot/3.0.0/install/scootbot/share/ament_index/resource_index/packages/scootbot
[1.657s] -- Up-to-date symlink: /home/ubuntu/scootbot/3.0.0/install/scootbot/share/scootbot/cmake/scootbotConfig.cmake
[1.658s] -- Up-to-date symlink: /home/ubuntu/scootbot/3.0.0/install/scootbot/share/scootbot/cmake/scootbotConfig-version.cmake
[1.659s] -- Up-to-date symlink: /home/ubuntu/scootbot/3.0.0/install/scootbot/share/scootbot/package.xml
[1.695s] Invoked command in '/home/ubuntu/scootbot/3.0.0/build/scootbot' returned '0': CMAKE_PREFIX_PATH=/home/ubuntu/scootbot/3.0.0/install/twist_mux:/home/ubuntu/scootbot/3.0.0/install/diffdrive_arduino:/opt/ros/humble:/home/ubuntu/scootbot/3.0.0/install/serial:/home/ubuntu/scootbot/3.0.0/install/scootbot:/home/ubuntu/scootbot/3.0.0/install/rplidar_ros /usr/bin/cmake --install /home/ubuntu/scootbot/3.0.0/build/scootbot
