[2.586s] Invoking command in '/home/ubuntu/scootbot/src/sabertooth': PYTHONPATH=/home/ubuntu/scootbot/install/sabertooth/lib/python3.8/site-packages:${PYTHONPATH} /usr/bin/python3 setup.py egg_info --egg-base ../../build/sabertooth build --build-base /home/ubuntu/scootbot/build/sabertooth/build install --prefix /home/ubuntu/scootbot/install/sabertooth --record /home/ubuntu/scootbot/build/sabertooth/install.log --single-version-externally-managed
[3.328s] running egg_info
[3.330s] writing ../../build/sabertooth/sabertooth.egg-info/PKG-INFO
[3.333s] writing dependency_links to ../../build/sabertooth/sabertooth.egg-info/dependency_links.txt
[3.334s] writing entry points to ../../build/sabertooth/sabertooth.egg-info/entry_points.txt
[3.335s] writing requirements to ../../build/sabertooth/sabertooth.egg-info/requires.txt
[3.336s] writing top-level names to ../../build/sabertooth/sabertooth.egg-info/top_level.txt
[3.468s] reading manifest file '../../build/sabertooth/sabertooth.egg-info/SOURCES.txt'
[3.472s] writing manifest file '../../build/sabertooth/sabertooth.egg-info/SOURCES.txt'
[3.472s] running build
[3.473s] running build_py
[3.473s] copying sabertooth/drive.py -> /home/ubuntu/scootbot/build/sabertooth/build/lib/sabertooth
[3.474s] copying sabertooth/__init__.py -> /home/ubuntu/scootbot/build/sabertooth/build/lib/sabertooth
[3.475s] running install
[3.477s] running install_lib
[3.481s] copying /home/ubuntu/scootbot/build/sabertooth/build/lib/sabertooth/drive.py -> /home/ubuntu/scootbot/install/sabertooth/lib/python3.8/site-packages/sabertooth
[3.482s] copying /home/ubuntu/scootbot/build/sabertooth/build/lib/sabertooth/__init__.py -> /home/ubuntu/scootbot/install/sabertooth/lib/python3.8/site-packages/sabertooth
[3.484s] byte-compiling /home/ubuntu/scootbot/install/sabertooth/lib/python3.8/site-packages/sabertooth/drive.py to drive.cpython-38.pyc
[3.489s] byte-compiling /home/ubuntu/scootbot/install/sabertooth/lib/python3.8/site-packages/sabertooth/__init__.py to __init__.cpython-38.pyc
[3.490s] running install_data
[3.492s] copying resource/sabertooth -> /home/ubuntu/scootbot/install/sabertooth/share/ament_index/resource_index/packages
[3.493s] copying package.xml -> /home/ubuntu/scootbot/install/sabertooth/share/sabertooth
[3.493s] running install_egg_info
[3.499s] removing '/home/ubuntu/scootbot/install/sabertooth/lib/python3.8/site-packages/sabertooth-0.0.0-py3.8.egg-info' (and everything under it)
[3.500s] Copying ../../build/sabertooth/sabertooth.egg-info to /home/ubuntu/scootbot/install/sabertooth/lib/python3.8/site-packages/sabertooth-0.0.0-py3.8.egg-info
[3.504s] running install_scripts
[3.563s] Installing drive script to /home/ubuntu/scootbot/install/sabertooth/lib/sabertooth
[3.564s] writing list of installed files to '/home/ubuntu/scootbot/build/sabertooth/install.log'
[3.659s] Invoked command in '/home/ubuntu/scootbot/src/sabertooth' returned '0': PYTHONPATH=/home/ubuntu/scootbot/install/sabertooth/lib/python3.8/site-packages:${PYTHONPATH} /usr/bin/python3 setup.py egg_info --egg-base ../../build/sabertooth build --build-base /home/ubuntu/scootbot/build/sabertooth/build install --prefix /home/ubuntu/scootbot/install/sabertooth --record /home/ubuntu/scootbot/build/sabertooth/install.log --single-version-externally-managed
