running egg_info
creating ../../build/joy_cmd/joy_cmd.egg-info
writing ../../build/joy_cmd/joy_cmd.egg-info/PKG-INFO
writing dependency_links to ../../build/joy_cmd/joy_cmd.egg-info/dependency_links.txt
writing entry points to ../../build/joy_cmd/joy_cmd.egg-info/entry_points.txt
writing requirements to ../../build/joy_cmd/joy_cmd.egg-info/requires.txt
writing top-level names to ../../build/joy_cmd/joy_cmd.egg-info/top_level.txt
writing manifest file '../../build/joy_cmd/joy_cmd.egg-info/SOURCES.txt'
reading manifest file '../../build/joy_cmd/joy_cmd.egg-info/SOURCES.txt'
writing manifest file '../../build/joy_cmd/joy_cmd.egg-info/SOURCES.txt'
running build
running build_py
creating /home/ubuntu/scootbot/build/joy_cmd/build
creating /home/ubuntu/scootbot/build/joy_cmd/build/lib
creating /home/ubuntu/scootbot/build/joy_cmd/build/lib/joy_cmd
copying joy_cmd/__init__.py -> /home/ubuntu/scootbot/build/joy_cmd/build/lib/joy_cmd
copying joy_cmd/joy_cmd_node.py -> /home/ubuntu/scootbot/build/joy_cmd/build/lib/joy_cmd
running install
running install_lib
creating /home/ubuntu/scootbot/install/joy_cmd/lib/python3.8/site-packages/joy_cmd
copying /home/ubuntu/scootbot/build/joy_cmd/build/lib/joy_cmd/__init__.py -> /home/ubuntu/scootbot/install/joy_cmd/lib/python3.8/site-packages/joy_cmd
copying /home/ubuntu/scootbot/build/joy_cmd/build/lib/joy_cmd/joy_cmd_node.py -> /home/ubuntu/scootbot/install/joy_cmd/lib/python3.8/site-packages/joy_cmd
byte-compiling /home/ubuntu/scootbot/install/joy_cmd/lib/python3.8/site-packages/joy_cmd/__init__.py to __init__.cpython-38.pyc
byte-compiling /home/ubuntu/scootbot/install/joy_cmd/lib/python3.8/site-packages/joy_cmd/joy_cmd_node.py to joy_cmd_node.cpython-38.pyc
running install_data
creating /home/ubuntu/scootbot/install/joy_cmd/share/ament_index
creating /home/ubuntu/scootbot/install/joy_cmd/share/ament_index/resource_index
creating /home/ubuntu/scootbot/install/joy_cmd/share/ament_index/resource_index/packages
copying resource/joy_cmd -> /home/ubuntu/scootbot/install/joy_cmd/share/ament_index/resource_index/packages
copying package.xml -> /home/ubuntu/scootbot/install/joy_cmd/share/joy_cmd
running install_egg_info
Copying ../../build/joy_cmd/joy_cmd.egg-info to /home/ubuntu/scootbot/install/joy_cmd/lib/python3.8/site-packages/joy_cmd-0.16.0-py3.8.egg-info
running install_scripts
Installing joy_cmd_node script to /home/ubuntu/scootbot/install/joy_cmd/lib/joy_cmd
Installing subscriber_lambda script to /home/ubuntu/scootbot/install/joy_cmd/lib/joy_cmd
Installing subscriber_member_function script to /home/ubuntu/scootbot/install/joy_cmd/lib/joy_cmd
writing list of installed files to '/home/ubuntu/scootbot/build/joy_cmd/install.log'
