[2.346s] Invoking command in '/home/ubuntu/scootbot/src/scootbot_sim': PYTHONPATH=/home/ubuntu/scootbot/install/scootbot_sim/lib/python3.8/site-packages:${PYTHONPATH} /usr/bin/python3 setup.py egg_info --egg-base ../../build/scootbot_sim build --build-base /home/ubuntu/scootbot/build/scootbot_sim/build install --prefix /home/ubuntu/scootbot/install/scootbot_sim --record /home/ubuntu/scootbot/build/scootbot_sim/install.log --single-version-externally-managed
[3.154s] running egg_info
[3.156s] creating ../../build/scootbot_sim/scootbot_sim.egg-info
[3.156s] writing ../../build/scootbot_sim/scootbot_sim.egg-info/PKG-INFO
[3.157s] writing dependency_links to ../../build/scootbot_sim/scootbot_sim.egg-info/dependency_links.txt
[3.158s] writing entry points to ../../build/scootbot_sim/scootbot_sim.egg-info/entry_points.txt
[3.158s] writing requirements to ../../build/scootbot_sim/scootbot_sim.egg-info/requires.txt
[3.159s] writing top-level names to ../../build/scootbot_sim/scootbot_sim.egg-info/top_level.txt
[3.163s] writing manifest file '../../build/scootbot_sim/scootbot_sim.egg-info/SOURCES.txt'
[3.284s] reading manifest file '../../build/scootbot_sim/scootbot_sim.egg-info/SOURCES.txt'
[3.287s] writing manifest file '../../build/scootbot_sim/scootbot_sim.egg-info/SOURCES.txt'
[3.287s] running build
[3.288s] running build_py
[3.288s] creating /home/ubuntu/scootbot/build/scootbot_sim/build
[3.289s] creating /home/ubuntu/scootbot/build/scootbot_sim/build/lib
[3.289s] creating /home/ubuntu/scootbot/build/scootbot_sim/build/lib/scootbot_sim
[3.289s] copying scootbot_sim/__init__.py -> /home/ubuntu/scootbot/build/scootbot_sim/build/lib/scootbot_sim
[3.290s] running install
[3.292s] running install_lib
[3.296s] creating /home/ubuntu/scootbot/install/scootbot_sim/lib/python3.8/site-packages/scootbot_sim
[3.296s] copying /home/ubuntu/scootbot/build/scootbot_sim/build/lib/scootbot_sim/__init__.py -> /home/ubuntu/scootbot/install/scootbot_sim/lib/python3.8/site-packages/scootbot_sim
[3.298s] byte-compiling /home/ubuntu/scootbot/install/scootbot_sim/lib/python3.8/site-packages/scootbot_sim/__init__.py to __init__.cpython-38.pyc
[3.303s] running install_data
[3.305s] creating /home/ubuntu/scootbot/install/scootbot_sim/share/ament_index
[3.305s] creating /home/ubuntu/scootbot/install/scootbot_sim/share/ament_index/resource_index
[3.306s] creating /home/ubuntu/scootbot/install/scootbot_sim/share/ament_index/resource_index/packages
[3.306s] copying resource/scootbot_sim -> /home/ubuntu/scootbot/install/scootbot_sim/share/ament_index/resource_index/packages
[3.306s] copying package.xml -> /home/ubuntu/scootbot/install/scootbot_sim/share/scootbot_sim
[3.307s] running install_egg_info
[3.312s] Copying ../../build/scootbot_sim/scootbot_sim.egg-info to /home/ubuntu/scootbot/install/scootbot_sim/lib/python3.8/site-packages/scootbot_sim-0.0.0-py3.8.egg-info
[3.317s] running install_scripts
[3.378s] writing list of installed files to '/home/ubuntu/scootbot/build/scootbot_sim/install.log'
[3.474s] Invoked command in '/home/ubuntu/scootbot/src/scootbot_sim' returned '0': PYTHONPATH=/home/ubuntu/scootbot/install/scootbot_sim/lib/python3.8/site-packages:${PYTHONPATH} /usr/bin/python3 setup.py egg_info --egg-base ../../build/scootbot_sim build --build-base /home/ubuntu/scootbot/build/scootbot_sim/build install --prefix /home/ubuntu/scootbot/install/scootbot_sim --record /home/ubuntu/scootbot/build/scootbot_sim/install.log --single-version-externally-managed
