[0.661s] Invoking command in '/home/ubuntu/scootbot/1.0.0/build/scootbot_sim': CMAKE_PREFIX_PATH=${CMAKE_PREFIX_PATH}:/home/ubuntu/scootbot/1.0.0/install/sabertooth:/home/ubuntu/scootbot/1.0.0/install/joy_cmd:/home/ubuntu/scootbot/1.0.0/install/differential_drive:/opt/ros/humble DEBUGINFOD_URLS=https://debuginfod.ubuntu.com /usr/bin/cmake /home/ubuntu/scootbot/1.0.0/src/scootbot_sim -DAMENT_CMAKE_SYMLINK_INSTALL=1 -DCMAKE_INSTALL_PREFIX=/home/ubuntu/scootbot/1.0.0/install/scootbot_sim
[0.697s] -- The C compiler identification is GNU 12.2.0
[0.737s] -- The CXX compiler identification is GNU 12.2.0
[0.743s] -- Detecting C compiler ABI info
[0.784s] -- Detecting C compiler ABI info - done
[0.795s] -- Check for working C compiler: /usr/bin/cc - skipped
[0.795s] -- Detecting C compile features
[0.795s] -- Detecting C compile features - done
[0.799s] -- Detecting CXX compiler ABI info
[0.850s] -- Detecting CXX compiler ABI info - done
[0.856s] -- Check for working CXX compiler: /usr/bin/c++ - skipped
[0.856s] -- Detecting CXX compile features
[0.856s] -- Detecting CXX compile features - done
[0.858s] -- Found ament_cmake: 1.3.3 (/opt/ros/humble/share/ament_cmake/cmake)
[1.498s] -- Found Python3: /usr/bin/python3.10 (found version "3.10.7") found components: Interpreter 
[1.544s] -- Override CMake install command with custom implementation using symlinks instead of copying resources
[1.565s] -- Found ament_lint_auto: 0.12.4 (/opt/ros/humble/share/ament_lint_auto/cmake)
[1.665s] -- Added test 'copyright' to check source files copyright and LICENSE
[1.667s] -- Added test 'flake8' to check Python code syntax and style conventions
[1.667s] -- Added test 'lint_cmake' to check CMake code style
[1.668s] -- Added test 'pep257' to check Python code against some of the docstring style conventions in PEP 257
[1.668s] -- Added test 'xmllint' to check XML markup files
[1.670s] -- Configuring done
[1.672s] -- Generating done
[1.672s] -- Build files have been written to: /home/ubuntu/scootbot/1.0.0/build/scootbot_sim
[1.675s] Invoked command in '/home/ubuntu/scootbot/1.0.0/build/scootbot_sim' returned '0': CMAKE_PREFIX_PATH=${CMAKE_PREFIX_PATH}:/home/ubuntu/scootbot/1.0.0/install/sabertooth:/home/ubuntu/scootbot/1.0.0/install/joy_cmd:/home/ubuntu/scootbot/1.0.0/install/differential_drive:/opt/ros/humble DEBUGINFOD_URLS=https://debuginfod.ubuntu.com /usr/bin/cmake /home/ubuntu/scootbot/1.0.0/src/scootbot_sim -DAMENT_CMAKE_SYMLINK_INSTALL=1 -DCMAKE_INSTALL_PREFIX=/home/ubuntu/scootbot/1.0.0/install/scootbot_sim
[1.677s] Invoking command in '/home/ubuntu/scootbot/1.0.0/build/scootbot_sim': CMAKE_PREFIX_PATH=${CMAKE_PREFIX_PATH}:/home/ubuntu/scootbot/1.0.0/install/sabertooth:/home/ubuntu/scootbot/1.0.0/install/joy_cmd:/home/ubuntu/scootbot/1.0.0/install/differential_drive:/opt/ros/humble DEBUGINFOD_URLS=https://debuginfod.ubuntu.com /usr/bin/cmake --build /home/ubuntu/scootbot/1.0.0/build/scootbot_sim -- -j20 -l20
[1.699s] Invoked command in '/home/ubuntu/scootbot/1.0.0/build/scootbot_sim' returned '0': CMAKE_PREFIX_PATH=${CMAKE_PREFIX_PATH}:/home/ubuntu/scootbot/1.0.0/install/sabertooth:/home/ubuntu/scootbot/1.0.0/install/joy_cmd:/home/ubuntu/scootbot/1.0.0/install/differential_drive:/opt/ros/humble DEBUGINFOD_URLS=https://debuginfod.ubuntu.com /usr/bin/cmake --build /home/ubuntu/scootbot/1.0.0/build/scootbot_sim -- -j20 -l20
[1.715s] Invoking command in '/home/ubuntu/scootbot/1.0.0/build/scootbot_sim': CMAKE_PREFIX_PATH=${CMAKE_PREFIX_PATH}:/home/ubuntu/scootbot/1.0.0/install/sabertooth:/home/ubuntu/scootbot/1.0.0/install/joy_cmd:/home/ubuntu/scootbot/1.0.0/install/differential_drive:/opt/ros/humble DEBUGINFOD_URLS=https://debuginfod.ubuntu.com /usr/bin/cmake --install /home/ubuntu/scootbot/1.0.0/build/scootbot_sim
[1.719s] -- Install configuration: ""
[1.720s] -- Execute custom install script
[1.720s] -- Symlinking: /home/ubuntu/scootbot/1.0.0/install/scootbot_sim/share/scootbot_sim/launch/scootbot_sim.launch.py
[1.725s] -- Symlinking: /home/ubuntu/scootbot/1.0.0/install/scootbot_sim/share/ament_index/resource_index/package_run_dependencies/scootbot_sim
[1.729s] -- Symlinking: /home/ubuntu/scootbot/1.0.0/install/scootbot_sim/share/ament_index/resource_index/parent_prefix_path/scootbot_sim
[1.734s] -- Up-to-date symlink: /home/ubuntu/scootbot/1.0.0/install/scootbot_sim/share/scootbot_sim/environment/ament_prefix_path.sh
[1.734s] -- Symlinking: /home/ubuntu/scootbot/1.0.0/install/scootbot_sim/share/scootbot_sim/environment/ament_prefix_path.dsv
[1.739s] -- Up-to-date symlink: /home/ubuntu/scootbot/1.0.0/install/scootbot_sim/share/scootbot_sim/environment/path.sh
[1.739s] -- Symlinking: /home/ubuntu/scootbot/1.0.0/install/scootbot_sim/share/scootbot_sim/environment/path.dsv
[1.743s] -- Symlinking: /home/ubuntu/scootbot/1.0.0/install/scootbot_sim/share/scootbot_sim/local_setup.bash
[1.747s] -- Symlinking: /home/ubuntu/scootbot/1.0.0/install/scootbot_sim/share/scootbot_sim/local_setup.sh
[1.752s] -- Symlinking: /home/ubuntu/scootbot/1.0.0/install/scootbot_sim/share/scootbot_sim/local_setup.zsh
[1.757s] -- Symlinking: /home/ubuntu/scootbot/1.0.0/install/scootbot_sim/share/scootbot_sim/local_setup.dsv
[1.762s] -- Symlinking: /home/ubuntu/scootbot/1.0.0/install/scootbot_sim/share/scootbot_sim/package.dsv
[1.766s] -- Symlinking: /home/ubuntu/scootbot/1.0.0/install/scootbot_sim/share/ament_index/resource_index/packages/scootbot_sim
[1.771s] -- Symlinking: /home/ubuntu/scootbot/1.0.0/install/scootbot_sim/share/scootbot_sim/cmake/scootbot_simConfig.cmake
[1.776s] -- Symlinking: /home/ubuntu/scootbot/1.0.0/install/scootbot_sim/share/scootbot_sim/cmake/scootbot_simConfig-version.cmake
[1.781s] -- Symlinking: /home/ubuntu/scootbot/1.0.0/install/scootbot_sim/share/scootbot_sim/package.xml
[1.787s] Invoked command in '/home/ubuntu/scootbot/1.0.0/build/scootbot_sim' returned '0': CMAKE_PREFIX_PATH=${CMAKE_PREFIX_PATH}:/home/ubuntu/scootbot/1.0.0/install/sabertooth:/home/ubuntu/scootbot/1.0.0/install/joy_cmd:/home/ubuntu/scootbot/1.0.0/install/differential_drive:/opt/ros/humble DEBUGINFOD_URLS=https://debuginfod.ubuntu.com /usr/bin/cmake --install /home/ubuntu/scootbot/1.0.0/build/scootbot_sim
