/usr/lib/python3/dist-packages/setuptools/dist.py:723: UserWarning: Usage of dash-separated 'script-dir' will not be supported in future versions. Please use the underscore name 'script_dir' instead
  warnings.warn(
/usr/lib/python3/dist-packages/setuptools/dist.py:723: UserWarning: Usage of dash-separated 'install-scripts' will not be supported in future versions. Please use the underscore name 'install_scripts' instead
  warnings.warn(
running egg_info
writing ../../build/differential_drive/differential_drive.egg-info/PKG-INFO
writing dependency_links to ../../build/differential_drive/differential_drive.egg-info/dependency_links.txt
writing entry points to ../../build/differential_drive/differential_drive.egg-info/entry_points.txt
writing requirements to ../../build/differential_drive/differential_drive.egg-info/requires.txt
writing top-level names to ../../build/differential_drive/differential_drive.egg-info/top_level.txt
reading manifest file '../../build/differential_drive/differential_drive.egg-info/SOURCES.txt'
adding license file 'LICENSE'
writing manifest file '../../build/differential_drive/differential_drive.egg-info/SOURCES.txt'
running build
running build_py
/usr/lib/python3/dist-packages/setuptools/command/install.py:34: SetuptoolsDeprecationWarning: setup.py install is deprecated. Use build and pip and other standards-based tools.
  warnings.warn(
running install
running install_lib
running install_data
running install_egg_info
removing '/home/ubuntu/scootbot/install/differential_drive/lib/python3.10/site-packages/differential_drive-0.1.0-py3.10.egg-info' (and everything under it)
Copying ../../build/differential_drive/differential_drive.egg-info to /home/ubuntu/scootbot/install/differential_drive/lib/python3.10/site-packages/differential_drive-0.1.0-py3.10.egg-info
running install_scripts
Installing diff_tf script to /home/ubuntu/scootbot/install/differential_drive/lib/differential_drive
Installing phidgets_encoder script to /home/ubuntu/scootbot/install/differential_drive/lib/differential_drive
Installing pid script to /home/ubuntu/scootbot/install/differential_drive/lib/differential_drive
Installing pid_velocity script to /home/ubuntu/scootbot/install/differential_drive/lib/differential_drive
Installing twist_to_motors script to /home/ubuntu/scootbot/install/differential_drive/lib/differential_drive
Installing virtual_joystick script to /home/ubuntu/scootbot/install/differential_drive/lib/differential_drive
Installing wheel_loopback script to /home/ubuntu/scootbot/install/differential_drive/lib/differential_drive
Installing wheel_scaler script to /home/ubuntu/scootbot/install/differential_drive/lib/differential_drive
writing list of installed files to '/home/ubuntu/scootbot/build/differential_drive/install.log'
