[0.658s] Invoking command in '/home/ubuntu/scootbot/src/ros2_differential_drive': PYTHONPATH=/home/ubuntu/scootbot/install/differential_drive/lib/python3.10/site-packages:${PYTHONPATH} /usr/bin/python3 setup.py egg_info --egg-base ../../build/differential_drive build --build-base /home/ubuntu/scootbot/build/differential_drive/build install --prefix /home/ubuntu/scootbot/install/differential_drive --record /home/ubuntu/scootbot/build/differential_drive/install.log --single-version-externally-managed
[0.833s] /usr/lib/python3/dist-packages/setuptools/dist.py:723: UserWarning: Usage of dash-separated 'script-dir' will not be supported in future versions. Please use the underscore name 'script_dir' instead
[0.833s]   warnings.warn(
[0.833s] /usr/lib/python3/dist-packages/setuptools/dist.py:723: UserWarning: Usage of dash-separated 'install-scripts' will not be supported in future versions. Please use the underscore name 'install_scripts' instead
[0.833s]   warnings.warn(
[0.840s] running egg_info
[0.841s] writing ../../build/differential_drive/differential_drive.egg-info/PKG-INFO
[0.841s] writing dependency_links to ../../build/differential_drive/differential_drive.egg-info/dependency_links.txt
[0.841s] writing entry points to ../../build/differential_drive/differential_drive.egg-info/entry_points.txt
[0.841s] writing requirements to ../../build/differential_drive/differential_drive.egg-info/requires.txt
[0.841s] writing top-level names to ../../build/differential_drive/differential_drive.egg-info/top_level.txt
[0.844s] reading manifest file '../../build/differential_drive/differential_drive.egg-info/SOURCES.txt'
[0.844s] adding license file 'LICENSE'
[0.844s] writing manifest file '../../build/differential_drive/differential_drive.egg-info/SOURCES.txt'
[0.844s] running build
[0.844s] running build_py
[0.844s] /usr/lib/python3/dist-packages/setuptools/command/install.py:34: SetuptoolsDeprecationWarning: setup.py install is deprecated. Use build and pip and other standards-based tools.
[0.844s]   warnings.warn(
[0.844s] running install
[0.844s] running install_lib
[0.844s] running install_data
[0.845s] running install_egg_info
[0.846s] removing '/home/ubuntu/scootbot/install/differential_drive/lib/python3.10/site-packages/differential_drive-0.1.0-py3.10.egg-info' (and everything under it)
[0.847s] Copying ../../build/differential_drive/differential_drive.egg-info to /home/ubuntu/scootbot/install/differential_drive/lib/python3.10/site-packages/differential_drive-0.1.0-py3.10.egg-info
[0.848s] running install_scripts
[0.861s] Installing diff_tf script to /home/ubuntu/scootbot/install/differential_drive/lib/differential_drive
[0.861s] Installing phidgets_encoder script to /home/ubuntu/scootbot/install/differential_drive/lib/differential_drive
[0.861s] Installing pid script to /home/ubuntu/scootbot/install/differential_drive/lib/differential_drive
[0.861s] Installing pid_velocity script to /home/ubuntu/scootbot/install/differential_drive/lib/differential_drive
[0.861s] Installing twist_to_motors script to /home/ubuntu/scootbot/install/differential_drive/lib/differential_drive
[0.861s] Installing virtual_joystick script to /home/ubuntu/scootbot/install/differential_drive/lib/differential_drive
[0.861s] Installing wheel_loopback script to /home/ubuntu/scootbot/install/differential_drive/lib/differential_drive
[0.861s] Installing wheel_scaler script to /home/ubuntu/scootbot/install/differential_drive/lib/differential_drive
[0.861s] writing list of installed files to '/home/ubuntu/scootbot/build/differential_drive/install.log'
[0.876s] Invoked command in '/home/ubuntu/scootbot/src/ros2_differential_drive' returned '0': PYTHONPATH=/home/ubuntu/scootbot/install/differential_drive/lib/python3.10/site-packages:${PYTHONPATH} /usr/bin/python3 setup.py egg_info --egg-base ../../build/differential_drive build --build-base /home/ubuntu/scootbot/build/differential_drive/build install --prefix /home/ubuntu/scootbot/install/differential_drive --record /home/ubuntu/scootbot/build/differential_drive/install.log --single-version-externally-managed
