[0.097s] Invoking command in '/home/ubuntu/scootbot/build/scootbot_description': CMAKE_PREFIX_PATH=/home/ubuntu/scootbot/3.0.0/install/twist_mux:/home/ubuntu/scootbot/3.0.0/install/diffdrive_arduino:/opt/ros/humble:/home/ubuntu/scootbot/3.0.0/install/serial:/home/ubuntu/scootbot/3.0.0/install/scootbot:/home/ubuntu/scootbot/3.0.0/install/rplidar_ros /usr/bin/cmake --build /home/ubuntu/scootbot/build/scootbot_description -- -j4 -l4
[0.228s] Invoked command in '/home/ubuntu/scootbot/build/scootbot_description' returned '0': CMAKE_PREFIX_PATH=/home/ubuntu/scootbot/3.0.0/install/twist_mux:/home/ubuntu/scootbot/3.0.0/install/diffdrive_arduino:/opt/ros/humble:/home/ubuntu/scootbot/3.0.0/install/serial:/home/ubuntu/scootbot/3.0.0/install/scootbot:/home/ubuntu/scootbot/3.0.0/install/rplidar_ros /usr/bin/cmake --build /home/ubuntu/scootbot/build/scootbot_description -- -j4 -l4
[0.315s] Invoking command in '/home/ubuntu/scootbot/build/scootbot_description': CMAKE_PREFIX_PATH=/home/ubuntu/scootbot/3.0.0/install/twist_mux:/home/ubuntu/scootbot/3.0.0/install/diffdrive_arduino:/opt/ros/humble:/home/ubuntu/scootbot/3.0.0/install/serial:/home/ubuntu/scootbot/3.0.0/install/scootbot:/home/ubuntu/scootbot/3.0.0/install/rplidar_ros /usr/bin/cmake --install /home/ubuntu/scootbot/build/scootbot_description
[0.350s] -- Install configuration: ""
[0.352s] -- Up-to-date: /home/ubuntu/scootbot/install/scootbot_description/share/scootbot_description/src
[0.353s] -- Up-to-date: /home/ubuntu/scootbot/install/scootbot_description/share/scootbot_description/src/description
[0.353s] -- Up-to-date: /home/ubuntu/scootbot/install/scootbot_description/share/scootbot_description/src/description/wheel_collision_primitive.stl
[0.354s] -- Up-to-date: /home/ubuntu/scootbot/install/scootbot_description/share/scootbot_description/src/description/frame_collision_primitive.stl
[0.355s] -- Up-to-date: /home/ubuntu/scootbot/install/scootbot_description/share/scootbot_description/src/description/frame.obj
[0.362s] -- Up-to-date: /home/ubuntu/scootbot/install/scootbot_description/share/scootbot_description/src/description/1682225_Tyre_-_Tyre_With_Rims_and_Rims_only__updated_
[0.363s] -- Up-to-date: /home/ubuntu/scootbot/install/scootbot_description/share/scootbot_description/src/description/1682225_Tyre_-_Tyre_With_Rims_and_Rims_only__updated_/LICENSE.txt
[0.363s] -- Up-to-date: /home/ubuntu/scootbot/install/scootbot_description/share/scootbot_description/src/description/1682225_Tyre_-_Tyre_With_Rims_and_Rims_only__updated_/files
[0.364s] -- Up-to-date: /home/ubuntu/scootbot/install/scootbot_description/share/scootbot_description/src/description/1682225_Tyre_-_Tyre_With_Rims_and_Rims_only__updated_/files/Back_Tyre_Inside.STL
[0.365s] -- Up-to-date: /home/ubuntu/scootbot/install/scootbot_description/share/scootbot_description/src/description/1682225_Tyre_-_Tyre_With_Rims_and_Rims_only__updated_/files/Tyre2-H.STL
[0.365s] -- Up-to-date: /home/ubuntu/scootbot/install/scootbot_description/share/scootbot_description/src/description/1682225_Tyre_-_Tyre_With_Rims_and_Rims_only__updated_/files/Front_Rim.stl
[0.366s] -- Up-to-date: /home/ubuntu/scootbot/install/scootbot_description/share/scootbot_description/src/description/1682225_Tyre_-_Tyre_With_Rims_and_Rims_only__updated_/files/Back_Rim_Inside.stl
[0.367s] -- Up-to-date: /home/ubuntu/scootbot/install/scootbot_description/share/scootbot_description/src/description/1682225_Tyre_-_Tyre_With_Rims_and_Rims_only__updated_/files/Front_Tyre_With_Rim.STL
[0.367s] -- Up-to-date: /home/ubuntu/scootbot/install/scootbot_description/share/scootbot_description/src/description/1682225_Tyre_-_Tyre_With_Rims_and_Rims_only__updated_/files/Tyre2.STL
[0.367s] -- Up-to-date: /home/ubuntu/scootbot/install/scootbot_description/share/scootbot_description/src/description/1682225_Tyre_-_Tyre_With_Rims_and_Rims_only__updated_/files/Back_rim_outside.stl
[0.368s] -- Up-to-date: /home/ubuntu/scootbot/install/scootbot_description/share/scootbot_description/src/description/1682225_Tyre_-_Tyre_With_Rims_and_Rims_only__updated_/files/Back_Tyre_Outside.STL
[0.369s] -- Up-to-date: /home/ubuntu/scootbot/install/scootbot_description/share/scootbot_description/src/description/1682225_Tyre_-_Tyre_With_Rims_and_Rims_only__updated_/README.txt
[0.370s] -- Up-to-date: /home/ubuntu/scootbot/install/scootbot_description/share/scootbot_description/src/description/1682225_Tyre_-_Tyre_With_Rims_and_Rims_only__updated_/images
[0.370s] -- Up-to-date: /home/ubuntu/scootbot/install/scootbot_description/share/scootbot_description/src/description/1682225_Tyre_-_Tyre_With_Rims_and_Rims_only__updated_/images/IMG_3259.JPG
[0.371s] -- Up-to-date: /home/ubuntu/scootbot/install/scootbot_description/share/scootbot_description/src/description/1682225_Tyre_-_Tyre_With_Rims_and_Rims_only__updated_/images/Front_Tyre_With_Rim.png
[0.371s] -- Up-to-date: /home/ubuntu/scootbot/install/scootbot_description/share/scootbot_description/src/description/1682225_Tyre_-_Tyre_With_Rims_and_Rims_only__updated_/images/IMG_3260.JPG
[0.372s] -- Up-to-date: /home/ubuntu/scootbot/install/scootbot_description/share/scootbot_description/src/description/1682225_Tyre_-_Tyre_With_Rims_and_Rims_only__updated_/images/Back_Rim_Inside.png
[0.373s] -- Up-to-date: /home/ubuntu/scootbot/install/scootbot_description/share/scootbot_description/src/description/1682225_Tyre_-_Tyre_With_Rims_and_Rims_only__updated_/images/Front_Rim.png
[0.373s] -- Up-to-date: /home/ubuntu/scootbot/install/scootbot_description/share/scootbot_description/src/description/1682225_Tyre_-_Tyre_With_Rims_and_Rims_only__updated_/images/IMG_3261.JPG
[0.374s] -- Up-to-date: /home/ubuntu/scootbot/install/scootbot_description/share/scootbot_description/src/description/1682225_Tyre_-_Tyre_With_Rims_and_Rims_only__updated_/images/Back_rim_outside.png
[0.375s] -- Up-to-date: /home/ubuntu/scootbot/install/scootbot_description/share/scootbot_description/src/description/1682225_Tyre_-_Tyre_With_Rims_and_Rims_only__updated_/images/Back_Tyre_Outside.png
[0.375s] -- Up-to-date: /home/ubuntu/scootbot/install/scootbot_description/share/scootbot_description/src/description/1682225_Tyre_-_Tyre_With_Rims_and_Rims_only__updated_/images/Back_Tyre_Inside.png
[0.376s] -- Up-to-date: /home/ubuntu/scootbot/install/scootbot_description/share/scootbot_description/src/description/1682225_Tyre_-_Tyre_With_Rims_and_Rims_only__updated_/images/Tyre2-H.png
[0.376s] -- Up-to-date: /home/ubuntu/scootbot/install/scootbot_description/share/scootbot_description/src/description/1682225_Tyre_-_Tyre_With_Rims_and_Rims_only__updated_/images/Tyre2.png
[0.377s] -- Up-to-date: /home/ubuntu/scootbot/install/scootbot_description/share/scootbot_description/src/description/frame.obj.bak
[0.377s] -- Up-to-date: /home/ubuntu/scootbot/install/scootbot_description/share/scootbot_description/src/description/inertial_calc.py
[0.378s] -- Up-to-date: /home/ubuntu/scootbot/install/scootbot_description/share/scootbot_description/src/description/caster_frame.obj
[0.378s] -- Up-to-date: /home/ubuntu/scootbot/install/scootbot_description/share/scootbot_description/src/description/tyre.mtl
[0.379s] -- Up-to-date: /home/ubuntu/scootbot/install/scootbot_description/share/scootbot_description/src/description/tyre.obj
[0.380s] -- Up-to-date: /home/ubuntu/scootbot/install/scootbot_description/share/scootbot_description/src/description/frame.stl
[0.381s] -- Up-to-date: /home/ubuntu/scootbot/install/scootbot_description/share/scootbot_description/src/description/wheel.stl
[0.382s] -- Up-to-date: /home/ubuntu/scootbot/install/scootbot_description/share/scootbot_description/launch
[0.382s] -- Up-to-date: /home/ubuntu/scootbot/install/scootbot_description/share/scootbot_description/launch/display.launch.py
[0.382s] -- Up-to-date: /home/ubuntu/scootbot/install/scootbot_description/share/scootbot_description/rviz
[0.383s] -- Up-to-date: /home/ubuntu/scootbot/install/scootbot_description/share/scootbot_description/rviz/urdf_config.rviz
[0.383s] -- Up-to-date: /home/ubuntu/scootbot/install/scootbot_description/share/scootbot_description/config
[0.383s] -- Up-to-date: /home/ubuntu/scootbot/install/scootbot_description/share/scootbot_description/config/ekf copy.yaml
[0.384s] -- Up-to-date: /home/ubuntu/scootbot/install/scootbot_description/share/scootbot_description/config/ekf.yaml
[0.389s] -- Up-to-date: /home/ubuntu/scootbot/install/scootbot_description/share/ament_index/resource_index/package_run_dependencies/scootbot_description
[0.394s] -- Up-to-date: /home/ubuntu/scootbot/install/scootbot_description/share/ament_index/resource_index/parent_prefix_path/scootbot_description
[0.395s] -- Up-to-date: /home/ubuntu/scootbot/install/scootbot_description/share/scootbot_description/environment/ament_prefix_path.sh
[0.395s] -- Up-to-date: /home/ubuntu/scootbot/install/scootbot_description/share/scootbot_description/environment/ament_prefix_path.dsv
[0.395s] -- Up-to-date: /home/ubuntu/scootbot/install/scootbot_description/share/scootbot_description/environment/path.sh
[0.396s] -- Up-to-date: /home/ubuntu/scootbot/install/scootbot_description/share/scootbot_description/environment/path.dsv
[0.396s] -- Up-to-date: /home/ubuntu/scootbot/install/scootbot_description/share/scootbot_description/local_setup.bash
[0.396s] -- Up-to-date: /home/ubuntu/scootbot/install/scootbot_description/share/scootbot_description/local_setup.sh
[0.397s] -- Up-to-date: /home/ubuntu/scootbot/install/scootbot_description/share/scootbot_description/local_setup.zsh
[0.397s] -- Up-to-date: /home/ubuntu/scootbot/install/scootbot_description/share/scootbot_description/local_setup.dsv
[0.397s] -- Installing: /home/ubuntu/scootbot/install/scootbot_description/share/scootbot_description/package.dsv
[0.413s] -- Up-to-date: /home/ubuntu/scootbot/install/scootbot_description/share/ament_index/resource_index/packages/scootbot_description
[0.414s] -- Up-to-date: /home/ubuntu/scootbot/install/scootbot_description/share/scootbot_description/cmake/scootbot_descriptionConfig.cmake
[0.414s] -- Up-to-date: /home/ubuntu/scootbot/install/scootbot_description/share/scootbot_description/cmake/scootbot_descriptionConfig-version.cmake
[0.415s] -- Up-to-date: /home/ubuntu/scootbot/install/scootbot_description/share/scootbot_description/package.xml
[0.415s] Invoked command in '/home/ubuntu/scootbot/build/scootbot_description' returned '0': CMAKE_PREFIX_PATH=/home/ubuntu/scootbot/3.0.0/install/twist_mux:/home/ubuntu/scootbot/3.0.0/install/diffdrive_arduino:/opt/ros/humble:/home/ubuntu/scootbot/3.0.0/install/serial:/home/ubuntu/scootbot/3.0.0/install/scootbot:/home/ubuntu/scootbot/3.0.0/install/rplidar_ros /usr/bin/cmake --install /home/ubuntu/scootbot/build/scootbot_description
