[0.021s] Invoking command in '/home/ubuntu/scootbot/build/diffdrive_arduino': AMENT_PREFIX_PATH=/home/ubuntu/scootbot/install/serial:${AMENT_PREFIX_PATH} CMAKE_PREFIX_PATH=/home/ubuntu/scootbot/install/serial:/home/ubuntu/scootbot/3.0.0/install/twist_mux:/home/ubuntu/scootbot/3.0.0/install/diffdrive_arduino:/opt/ros/humble:/home/ubuntu/scootbot/3.0.0/install/serial:/home/ubuntu/scootbot/3.0.0/install/scootbot:/home/ubuntu/scootbot/3.0.0/install/rplidar_ros LD_LIBRARY_PATH=/home/ubuntu/scootbot/install/serial/lib:${LD_LIBRARY_PATH} /usr/bin/cmake /home/ubuntu/scootbot/3.0.0/src/diffdrive_arduino -DCMAKE_INSTALL_PREFIX=/home/ubuntu/scootbot/install/diffdrive_arduino
[0.130s] -- The C compiler identification is GNU 11.3.0
[0.250s] -- The CXX compiler identification is GNU 11.3.0
[0.272s] -- Detecting C compiler ABI info
[0.414s] -- Detecting C compiler ABI info - done
[0.435s] -- Check for working C compiler: /usr/bin/cc - skipped
[0.436s] -- Detecting C compile features
[0.437s] -- Detecting C compile features - done
[0.445s] -- Detecting CXX compiler ABI info
[0.603s] -- Detecting CXX compiler ABI info - done
[0.641s] -- Check for working CXX compiler: /usr/bin/c++ - skipped
[0.642s] -- Detecting CXX compile features
[0.643s] -- Detecting CXX compile features - done
[0.651s] -- Found ament_cmake: 1.3.3 (/opt/ros/humble/share/ament_cmake/cmake)
[1.050s] -- Found Python3: /usr/bin/python3.10 (found version "3.10.6") found components: Interpreter 
[1.250s] -- Found serial: 1.2.1 (/home/ubuntu/scootbot/install/serial/share/serial/cmake)
[1.258s] -- Found hardware_interface: 2.20.0 (/opt/ros/humble/share/hardware_interface/cmake)
[1.359s] -- Found rosidl_generator_c: 3.1.4 (/opt/ros/humble/share/rosidl_generator_c/cmake)
[1.372s] -- Found rosidl_adapter: 3.1.4 (/opt/ros/humble/share/rosidl_adapter/cmake)
[1.396s] -- Found rosidl_generator_cpp: 3.1.4 (/opt/ros/humble/share/rosidl_generator_cpp/cmake)
[1.438s] -- Using all available rosidl_typesupport_c: rosidl_typesupport_fastrtps_c;rosidl_typesupport_introspection_c
[1.495s] -- Using all available rosidl_typesupport_cpp: rosidl_typesupport_fastrtps_cpp;rosidl_typesupport_introspection_cpp
[3.433s] -- Found rmw_implementation_cmake: 6.1.1 (/opt/ros/humble/share/rmw_implementation_cmake/cmake)
[3.441s] -- Found rmw_fastrtps_cpp: 6.2.2 (/opt/ros/humble/share/rmw_fastrtps_cpp/cmake)
[3.673s] -- Found OpenSSL: /usr/lib/x86_64-linux-gnu/libcrypto.so (found version "3.0.2")  
[3.746s] -- Found FastRTPS: /opt/ros/humble/include  
[3.894s] -- Using RMW implementation 'rmw_fastrtps_cpp' as default
[3.929s] -- Looking for pthread.h
[4.080s] -- Looking for pthread.h - found
[4.081s] -- Performing Test CMAKE_HAVE_LIBC_PTHREAD
[4.235s] -- Performing Test CMAKE_HAVE_LIBC_PTHREAD - Success
[4.239s] -- Found Threads: TRUE  
[4.897s] -- Found controller_manager: 2.20.0 (/opt/ros/humble/share/controller_manager/cmake)
[8.511s] -- Configuring done
[8.637s] -- Generating done
[8.641s] -- Build files have been written to: /home/ubuntu/scootbot/build/diffdrive_arduino
[8.661s] Invoked command in '/home/ubuntu/scootbot/build/diffdrive_arduino' returned '0': AMENT_PREFIX_PATH=/home/ubuntu/scootbot/install/serial:${AMENT_PREFIX_PATH} CMAKE_PREFIX_PATH=/home/ubuntu/scootbot/install/serial:/home/ubuntu/scootbot/3.0.0/install/twist_mux:/home/ubuntu/scootbot/3.0.0/install/diffdrive_arduino:/opt/ros/humble:/home/ubuntu/scootbot/3.0.0/install/serial:/home/ubuntu/scootbot/3.0.0/install/scootbot:/home/ubuntu/scootbot/3.0.0/install/rplidar_ros LD_LIBRARY_PATH=/home/ubuntu/scootbot/install/serial/lib:${LD_LIBRARY_PATH} /usr/bin/cmake /home/ubuntu/scootbot/3.0.0/src/diffdrive_arduino -DCMAKE_INSTALL_PREFIX=/home/ubuntu/scootbot/install/diffdrive_arduino
[8.664s] Invoking command in '/home/ubuntu/scootbot/build/diffdrive_arduino': AMENT_PREFIX_PATH=/home/ubuntu/scootbot/install/serial:${AMENT_PREFIX_PATH} CMAKE_PREFIX_PATH=/home/ubuntu/scootbot/install/serial:/home/ubuntu/scootbot/3.0.0/install/twist_mux:/home/ubuntu/scootbot/3.0.0/install/diffdrive_arduino:/opt/ros/humble:/home/ubuntu/scootbot/3.0.0/install/serial:/home/ubuntu/scootbot/3.0.0/install/scootbot:/home/ubuntu/scootbot/3.0.0/install/rplidar_ros LD_LIBRARY_PATH=/home/ubuntu/scootbot/install/serial/lib:${LD_LIBRARY_PATH} /usr/bin/cmake --build /home/ubuntu/scootbot/build/diffdrive_arduino -- -j4 -l4
[8.782s] [ 14%] [32mBuilding CXX object CMakeFiles/fake_robot.dir/src/wheel.cpp.o[0m
[8.783s] [ 28%] [32mBuilding CXX object CMakeFiles/fake_robot.dir/src/fake_robot.cpp.o[0m
[8.789s] [ 42%] [32mBuilding CXX object CMakeFiles/diffdrive_arduino.dir/src/diffdrive_arduino.cpp.o[0m
[8.801s] [ 57%] [32mBuilding CXX object CMakeFiles/diffdrive_arduino.dir/src/wheel.cpp.o[0m
[9.921s] In file included from [01m[K/home/ubuntu/scootbot/3.0.0/src/diffdrive_arduino/src/fake_robot.cpp:1[m[K:
[9.921s] [01m[K/home/ubuntu/scootbot/3.0.0/src/diffdrive_arduino/include/diffdrive_arduino/fake_robot.h:7:10:[m[K [01;31m[Kfatal error: [m[Khardware_interface/base_interface.hpp: No such file or directory
[9.921s]     7 | #include [01;31m[K"hardware_interface/base_interface.hpp"[m[K
[9.922s]       |          [01;31m[K^~~~~~~~~~~~~~~~~~~~~~~~~~~~~~~~~~~~~~~[m[K
[9.922s] compilation terminated.
[9.929s] gmake[2]: *** [CMakeFiles/fake_robot.dir/build.make:76: CMakeFiles/fake_robot.dir/src/fake_robot.cpp.o] Error 1
[9.929s] gmake[2]: *** Waiting for unfinished jobs....
[9.990s] [ 71%] [32mBuilding CXX object CMakeFiles/diffdrive_arduino.dir/src/arduino_comms.cpp.o[0m
[10.061s] In file included from [01m[K/home/ubuntu/scootbot/3.0.0/src/diffdrive_arduino/src/diffdrive_arduino.cpp:1[m[K:
[10.061s] [01m[K/home/ubuntu/scootbot/3.0.0/src/diffdrive_arduino/include/diffdrive_arduino/diffdrive_arduino.h:7:10:[m[K [01;31m[Kfatal error: [m[Khardware_interface/base_interface.hpp: No such file or directory
[10.062s]     7 | #include [01;31m[K"hardware_interface/base_interface.hpp"[m[K
[10.062s]       |          [01;31m[K^~~~~~~~~~~~~~~~~~~~~~~~~~~~~~~~~~~~~~~[m[K
[10.062s] compilation terminated.
[10.068s] gmake[2]: *** [CMakeFiles/diffdrive_arduino.dir/build.make:76: CMakeFiles/diffdrive_arduino.dir/src/diffdrive_arduino.cpp.o] Error 1
[10.068s] gmake[2]: *** Waiting for unfinished jobs....
[10.486s] gmake[1]: *** [CMakeFiles/Makefile2:165: CMakeFiles/fake_robot.dir/all] Error 2
[10.486s] gmake[1]: *** Waiting for unfinished jobs....
[17.474s] gmake[1]: *** [CMakeFiles/Makefile2:139: CMakeFiles/diffdrive_arduino.dir/all] Error 2
[17.474s] gmake: *** [Makefile:146: all] Error 2
[17.477s] Invoked command in '/home/ubuntu/scootbot/build/diffdrive_arduino' returned '2': AMENT_PREFIX_PATH=/home/ubuntu/scootbot/install/serial:${AMENT_PREFIX_PATH} CMAKE_PREFIX_PATH=/home/ubuntu/scootbot/install/serial:/home/ubuntu/scootbot/3.0.0/install/twist_mux:/home/ubuntu/scootbot/3.0.0/install/diffdrive_arduino:/opt/ros/humble:/home/ubuntu/scootbot/3.0.0/install/serial:/home/ubuntu/scootbot/3.0.0/install/scootbot:/home/ubuntu/scootbot/3.0.0/install/rplidar_ros LD_LIBRARY_PATH=/home/ubuntu/scootbot/install/serial/lib:${LD_LIBRARY_PATH} /usr/bin/cmake --build /home/ubuntu/scootbot/build/diffdrive_arduino -- -j4 -l4
