[0.051s] Invoking command in '/home/ubuntu/scootbot/3.0.0/build/scootbot': CMAKE_PREFIX_PATH=${CMAKE_PREFIX_PATH}:/opt/ros/humble /usr/bin/cmake /home/ubuntu/scootbot/3.0.0/src/scootbot -DAMENT_CMAKE_SYMLINK_INSTALL=1 -DCMAKE_INSTALL_PREFIX=/home/ubuntu/scootbot/3.0.0/install/scootbot
[0.092s] -- Found ament_cmake: 1.3.3 (/opt/ros/humble/share/ament_cmake/cmake)
[0.587s] -- Override CMake install command with custom implementation using symlinks instead of copying resources
[0.613s] -- Found ament_lint_auto: 0.12.5 (/opt/ros/humble/share/ament_lint_auto/cmake)
[0.871s] -- Added test 'copyright' to check source files copyright and LICENSE
[1.090s] -- Added test 'flake8' to check Python code syntax and style conventions
[1.116s] -- Added test 'lint_cmake' to check CMake code style
[1.130s] -- Added test 'pep257' to check Python code against some of the docstring style conventions in PEP 257
[1.255s] -- Added test 'xmllint' to check XML markup files
[1.259s] -- Configuring done
[1.269s] -- Generating done
[1.273s] -- Build files have been written to: /home/ubuntu/scootbot/3.0.0/build/scootbot
[1.285s] Invoked command in '/home/ubuntu/scootbot/3.0.0/build/scootbot' returned '0': CMAKE_PREFIX_PATH=${CMAKE_PREFIX_PATH}:/opt/ros/humble /usr/bin/cmake /home/ubuntu/scootbot/3.0.0/src/scootbot -DAMENT_CMAKE_SYMLINK_INSTALL=1 -DCMAKE_INSTALL_PREFIX=/home/ubuntu/scootbot/3.0.0/install/scootbot
[1.287s] Invoking command in '/home/ubuntu/scootbot/3.0.0/build/scootbot': CMAKE_PREFIX_PATH=${CMAKE_PREFIX_PATH}:/opt/ros/humble /usr/bin/cmake --build /home/ubuntu/scootbot/3.0.0/build/scootbot -- -j4 -l4
[1.471s] Invoked command in '/home/ubuntu/scootbot/3.0.0/build/scootbot' returned '0': CMAKE_PREFIX_PATH=${CMAKE_PREFIX_PATH}:/opt/ros/humble /usr/bin/cmake --build /home/ubuntu/scootbot/3.0.0/build/scootbot -- -j4 -l4
[1.671s] Invoking command in '/home/ubuntu/scootbot/3.0.0/build/scootbot': CMAKE_PREFIX_PATH=${CMAKE_PREFIX_PATH}:/opt/ros/humble /usr/bin/cmake --install /home/ubuntu/scootbot/3.0.0/build/scootbot
[1.698s] -- Install configuration: ""
[1.700s] -- Execute custom install script
[1.701s] -- Symlinking: /home/ubuntu/scootbot/3.0.0/install/scootbot/share/scootbot/config/controllers.yaml
[1.724s] -- Symlinking: /home/ubuntu/scootbot/3.0.0/install/scootbot/share/scootbot/config/gazebo_params.yaml
[1.747s] -- Symlinking: /home/ubuntu/scootbot/3.0.0/install/scootbot/share/scootbot/config/mapper_params_localization.yaml
[1.768s] -- Symlinking: /home/ubuntu/scootbot/3.0.0/install/scootbot/share/scootbot/config/mapper_params_online_async.yaml
[1.793s] -- Symlinking: /home/ubuntu/scootbot/3.0.0/install/scootbot/share/scootbot/config/nav2_params.yaml
[1.815s] -- Symlinking: /home/ubuntu/scootbot/3.0.0/install/scootbot/share/scootbot/config/ps3.config.yaml
[1.856s] -- Symlinking: /home/ubuntu/scootbot/3.0.0/install/scootbot/share/scootbot/config/scootbot.rviz
[1.904s] -- Symlinking: /home/ubuntu/scootbot/3.0.0/install/scootbot/share/scootbot/config/scootbot_ros2_control.rviz
[1.945s] -- Symlinking: /home/ubuntu/scootbot/3.0.0/install/scootbot/share/scootbot/description/gazebo_control.xacro
[1.969s] -- Symlinking: /home/ubuntu/scootbot/3.0.0/install/scootbot/share/scootbot/description/inertial_macros.xacro
[1.996s] -- Symlinking: /home/ubuntu/scootbot/3.0.0/install/scootbot/share/scootbot/description/lidar.xacro
[2.027s] -- Symlinking: /home/ubuntu/scootbot/3.0.0/install/scootbot/share/scootbot/description/model.xacro
[2.051s] -- Symlinking: /home/ubuntu/scootbot/3.0.0/install/scootbot/share/scootbot/description/models/caster_frame.obj
[2.076s] -- Symlinking: /home/ubuntu/scootbot/3.0.0/install/scootbot/share/scootbot/description/models/frame.stl
[2.099s] -- Symlinking: /home/ubuntu/scootbot/3.0.0/install/scootbot/share/scootbot/description/models/tyre.obj
[2.124s] -- Symlinking: /home/ubuntu/scootbot/3.0.0/install/scootbot/share/scootbot/description/ros2_control.xacro
[2.149s] -- Symlinking: /home/ubuntu/scootbot/3.0.0/install/scootbot/share/scootbot/description/scootbot.urdf
[2.174s] -- Symlinking: /home/ubuntu/scootbot/3.0.0/install/scootbot/share/scootbot/launch/humble_navigation_launch.py
[2.199s] -- Symlinking: /home/ubuntu/scootbot/3.0.0/install/scootbot/share/scootbot/launch/localization_launch.py
[2.224s] -- Symlinking: /home/ubuntu/scootbot/3.0.0/install/scootbot/share/scootbot/launch/map_server_launch.py
[2.248s] -- Symlinking: /home/ubuntu/scootbot/3.0.0/install/scootbot/share/scootbot/launch/navigation_launch.py
[2.271s] -- Symlinking: /home/ubuntu/scootbot/3.0.0/install/scootbot/share/scootbot/launch/online_async_launch.py
[2.295s] -- Symlinking: /home/ubuntu/scootbot/3.0.0/install/scootbot/share/scootbot/launch/rsp.launch.py
[2.318s] -- Symlinking: /home/ubuntu/scootbot/3.0.0/install/scootbot/share/scootbot/launch/scootbot_robot.launch.py
[2.341s] -- Symlinking: /home/ubuntu/scootbot/3.0.0/install/scootbot/share/scootbot/launch/scootbot_sim.launch.py
[2.370s] -- Symlinking: /home/ubuntu/scootbot/3.0.0/install/scootbot/share/scootbot/launch/slam_localization_launch.py
[2.404s] -- Symlinking: /home/ubuntu/scootbot/3.0.0/install/scootbot/share/scootbot/worlds/aruco.world
[2.423s] -- Symlinking: /home/ubuntu/scootbot/3.0.0/install/scootbot/share/scootbot/worlds/ball.world
[2.444s] -- Symlinking: /home/ubuntu/scootbot/3.0.0/install/scootbot/share/scootbot/worlds/cabinet_grasping.world
[2.467s] -- Symlinking: /home/ubuntu/scootbot/3.0.0/install/scootbot/share/scootbot/worlds/calibration_room.world
[2.489s] -- Symlinking: /home/ubuntu/scootbot/3.0.0/install/scootbot/share/scootbot/worlds/chairs.world
[2.512s] -- Symlinking: /home/ubuntu/scootbot/3.0.0/install/scootbot/share/scootbot/worlds/corridor_110cm.world
[2.535s] -- Symlinking: /home/ubuntu/scootbot/3.0.0/install/scootbot/share/scootbot/worlds/corridor_60cm.world
[2.560s] -- Symlinking: /home/ubuntu/scootbot/3.0.0/install/scootbot/share/scootbot/worlds/corridor_70cm.world
[2.585s] -- Symlinking: /home/ubuntu/scootbot/3.0.0/install/scootbot/share/scootbot/worlds/corridor_85cm.world
[2.611s] -- Symlinking: /home/ubuntu/scootbot/3.0.0/install/scootbot/share/scootbot/worlds/dock_and_aruco.world
[2.636s] -- Symlinking: /home/ubuntu/scootbot/3.0.0/install/scootbot/share/scootbot/worlds/dock_station.world
[2.662s] -- Symlinking: /home/ubuntu/scootbot/3.0.0/install/scootbot/share/scootbot/worlds/docker_chair.world
[2.686s] -- Symlinking: /home/ubuntu/scootbot/3.0.0/install/scootbot/share/scootbot/worlds/door_obstacle.world
[2.713s] -- Symlinking: /home/ubuntu/scootbot/3.0.0/install/scootbot/share/scootbot/worlds/empty.world
[2.738s] -- Symlinking: /home/ubuntu/scootbot/3.0.0/install/scootbot/share/scootbot/worlds/empty_room.world
[2.763s] -- Symlinking: /home/ubuntu/scootbot/3.0.0/install/scootbot/share/scootbot/worlds/factory.world
[2.790s] -- Symlinking: /home/ubuntu/scootbot/3.0.0/install/scootbot/share/scootbot/worlds/featured.world
[2.814s] -- Symlinking: /home/ubuntu/scootbot/3.0.0/install/scootbot/share/scootbot/worlds/footstep_obstacle.world
[2.839s] -- Symlinking: /home/ubuntu/scootbot/3.0.0/install/scootbot/share/scootbot/worlds/hit_table.world
[2.865s] -- Symlinking: /home/ubuntu/scootbot/3.0.0/install/scootbot/share/scootbot/worlds/home.world
[2.891s] -- Symlinking: /home/ubuntu/scootbot/3.0.0/install/scootbot/share/scootbot/worlds/hospital.world
[2.916s] -- Symlinking: /home/ubuntu/scootbot/3.0.0/install/scootbot/share/scootbot/worlds/hospital_flat.world
[2.941s] -- Symlinking: /home/ubuntu/scootbot/3.0.0/install/scootbot/share/scootbot/worlds/look_to_point.world
[2.966s] -- Symlinking: /home/ubuntu/scootbot/3.0.0/install/scootbot/share/scootbot/worlds/low_sun_empty.world
[2.993s] -- Symlinking: /home/ubuntu/scootbot/3.0.0/install/scootbot/share/scootbot/worlds/memmo_simple.world
[3.017s] -- Symlinking: /home/ubuntu/scootbot/3.0.0/install/scootbot/share/scootbot/worlds/narrow_passage.world
[3.047s] -- Symlinking: /home/ubuntu/scootbot/3.0.0/install/scootbot/share/scootbot/worlds/objects_on_table.world
[3.072s] -- Symlinking: /home/ubuntu/scootbot/3.0.0/install/scootbot/share/scootbot/worlds/obstacles.world
[3.097s] -- Symlinking: /home/ubuntu/scootbot/3.0.0/install/scootbot/share/scootbot/worlds/pal_office.world
[3.120s] -- Symlinking: /home/ubuntu/scootbot/3.0.0/install/scootbot/share/scootbot/worlds/pal_textured_object.world
[3.144s] -- Symlinking: /home/ubuntu/scootbot/3.0.0/install/scootbot/share/scootbot/worlds/passage_110cm.world
[3.171s] -- Symlinking: /home/ubuntu/scootbot/3.0.0/install/scootbot/share/scootbot/worlds/passage_60cm.world
[3.197s] -- Symlinking: /home/ubuntu/scootbot/3.0.0/install/scootbot/share/scootbot/worlds/passage_70cm.world
[3.222s] -- Symlinking: /home/ubuntu/scootbot/3.0.0/install/scootbot/share/scootbot/worlds/pg_demo.world
[3.247s] -- Symlinking: /home/ubuntu/scootbot/3.0.0/install/scootbot/share/scootbot/worlds/pick.world
[3.271s] -- Symlinking: /home/ubuntu/scootbot/3.0.0/install/scootbot/share/scootbot/worlds/pick_place_cabinet.world
[3.296s] -- Symlinking: /home/ubuntu/scootbot/3.0.0/install/scootbot/share/scootbot/worlds/pick_place_close_demo.world
[3.322s] -- Symlinking: /home/ubuntu/scootbot/3.0.0/install/scootbot/share/scootbot/worlds/pick_place_demo.world
[3.346s] -- Symlinking: /home/ubuntu/scootbot/3.0.0/install/scootbot/share/scootbot/worlds/reemc.world
[3.370s] -- Symlinking: /home/ubuntu/scootbot/3.0.0/install/scootbot/share/scootbot/worlds/reemc_indoor.world
[3.395s] -- Symlinking: /home/ubuntu/scootbot/3.0.0/install/scootbot/share/scootbot/worlds/simple_office.world
[3.419s] -- Symlinking: /home/ubuntu/scootbot/3.0.0/install/scootbot/share/scootbot/worlds/simple_office_with_people.world
[3.444s] -- Symlinking: /home/ubuntu/scootbot/3.0.0/install/scootbot/share/scootbot/worlds/simple_ramp.world
[3.468s] -- Symlinking: /home/ubuntu/scootbot/3.0.0/install/scootbot/share/scootbot/worlds/small_city.world
[3.493s] -- Symlinking: /home/ubuntu/scootbot/3.0.0/install/scootbot/share/scootbot/worlds/small_factory.world
[3.517s] -- Symlinking: /home/ubuntu/scootbot/3.0.0/install/scootbot/share/scootbot/worlds/small_office.world
[3.541s] -- Symlinking: /home/ubuntu/scootbot/3.0.0/install/scootbot/share/scootbot/worlds/small_office_door_obstacle.world
[3.565s] -- Symlinking: /home/ubuntu/scootbot/3.0.0/install/scootbot/share/scootbot/worlds/small_office_inventory.world
[3.591s] -- Symlinking: /home/ubuntu/scootbot/3.0.0/install/scootbot/share/scootbot/worlds/small_textured_office.world
[3.616s] -- Symlinking: /home/ubuntu/scootbot/3.0.0/install/scootbot/share/scootbot/worlds/socmcs.world
[3.642s] -- Symlinking: /home/ubuntu/scootbot/3.0.0/install/scootbot/share/scootbot/worlds/stairs.world
[3.666s] -- Symlinking: /home/ubuntu/scootbot/3.0.0/install/scootbot/share/scootbot/worlds/stamping_demo.world
[3.710s] -- Symlinking: /home/ubuntu/scootbot/3.0.0/install/scootbot/share/scootbot/worlds/t_shaped.world
[3.758s] -- Symlinking: /home/ubuntu/scootbot/3.0.0/install/scootbot/share/scootbot/worlds/tabletop_cube.world
[3.780s] -- Symlinking: /home/ubuntu/scootbot/3.0.0/install/scootbot/share/scootbot/worlds/tabletop_cylinder.world
[3.804s] -- Symlinking: /home/ubuntu/scootbot/3.0.0/install/scootbot/share/scootbot/worlds/tutorial_office.world
[3.827s] -- Symlinking: /home/ubuntu/scootbot/3.0.0/install/scootbot/share/scootbot/worlds/voronoi_graph.world
[3.851s] -- Symlinking: /home/ubuntu/scootbot/3.0.0/install/scootbot/share/scootbot/worlds/willow_garage.world
[3.879s] -- Symlinking: /home/ubuntu/scootbot/3.0.0/install/scootbot/share/scootbot/worlds/world_wall_REEM_photo.world
[3.921s] -- Symlinking: /home/ubuntu/scootbot/3.0.0/install/scootbot/share/scootbot/maps/factory_map.pgm
[3.945s] -- Symlinking: /home/ubuntu/scootbot/3.0.0/install/scootbot/share/scootbot/maps/factory_map.yaml
[3.971s] -- Symlinking: /home/ubuntu/scootbot/3.0.0/install/scootbot/share/scootbot/maps/factory_map_serial.data
[4.001s] -- Symlinking: /home/ubuntu/scootbot/3.0.0/install/scootbot/share/scootbot/maps/factory_map_serial.posegraph
[4.034s] -- Symlinking: /home/ubuntu/scootbot/3.0.0/install/scootbot/share/scootbot/maps/obstacle_map.pgm
[4.059s] -- Symlinking: /home/ubuntu/scootbot/3.0.0/install/scootbot/share/scootbot/maps/obstacle_map.yaml
[4.083s] -- Symlinking: /home/ubuntu/scootbot/3.0.0/install/scootbot/share/scootbot/maps/obstacle_serial_map.data
[4.110s] -- Symlinking: /home/ubuntu/scootbot/3.0.0/install/scootbot/share/scootbot/maps/obstacle_serial_map.posegraph
[4.139s] -- Symlinking: /home/ubuntu/scootbot/3.0.0/install/scootbot/share/scootbot/maps/obstacles.pgm
[4.164s] -- Symlinking: /home/ubuntu/scootbot/3.0.0/install/scootbot/share/scootbot/maps/obstacles.yaml
[4.192s] -- Symlinking: /home/ubuntu/scootbot/3.0.0/install/scootbot/share/scootbot/maps/turtlebot3_world.pgm
[4.218s] -- Symlinking: /home/ubuntu/scootbot/3.0.0/install/scootbot/share/scootbot/maps/turtlebot3_world.yaml
[4.262s] -- Symlinking: /home/ubuntu/scootbot/3.0.0/install/scootbot/share/scootbot/models/arm_chair/arm_chair.sdf
[4.289s] -- Symlinking: /home/ubuntu/scootbot/3.0.0/install/scootbot/share/scootbot/models/arm_chair/meshes/arm_chair.stl
[4.315s] -- Symlinking: /home/ubuntu/scootbot/3.0.0/install/scootbot/share/scootbot/models/arm_chair/model.config
[4.340s] -- Symlinking: /home/ubuntu/scootbot/3.0.0/install/scootbot/share/scootbot/models/aruco_board/aruco_board.sdf
[4.366s] -- Symlinking: /home/ubuntu/scootbot/3.0.0/install/scootbot/share/scootbot/models/aruco_board/material/scripts/aruco_board.material
[4.391s] -- Symlinking: /home/ubuntu/scootbot/3.0.0/install/scootbot/share/scootbot/models/aruco_board/material/textures/aruco_board.png
[4.416s] -- Symlinking: /home/ubuntu/scootbot/3.0.0/install/scootbot/share/scootbot/models/aruco_board/model.config
[4.442s] -- Symlinking: /home/ubuntu/scootbot/3.0.0/install/scootbot/share/scootbot/models/aruco_cube/aruco_cube.sdf
[4.465s] -- Symlinking: /home/ubuntu/scootbot/3.0.0/install/scootbot/share/scootbot/models/aruco_cube/meshes/aruco_cube_5cm.dae
[4.491s] -- Symlinking: /home/ubuntu/scootbot/3.0.0/install/scootbot/share/scootbot/models/aruco_cube/meshes/aruco_cube_6cm.dae
[4.517s] -- Symlinking: /home/ubuntu/scootbot/3.0.0/install/scootbot/share/scootbot/models/aruco_cube/meshes/aruco_cube_8cm.dae
[4.542s] -- Symlinking: /home/ubuntu/scootbot/3.0.0/install/scootbot/share/scootbot/models/aruco_cube/meshes/marker582.png
[4.570s] -- Symlinking: /home/ubuntu/scootbot/3.0.0/install/scootbot/share/scootbot/models/aruco_cube/meshes/marker582_small_margin.png
[4.593s] -- Symlinking: /home/ubuntu/scootbot/3.0.0/install/scootbot/share/scootbot/models/aruco_cube/model.config
[4.618s] -- Symlinking: /home/ubuntu/scootbot/3.0.0/install/scootbot/share/scootbot/models/aruco_marker_250_6x6_1/aruco_marker_250_6x6.sdf
[4.654s] -- Symlinking: /home/ubuntu/scootbot/3.0.0/install/scootbot/share/scootbot/models/aruco_marker_250_6x6_1/material/scripts/aruco_marker_250_6x6.material
[4.691s] -- Symlinking: /home/ubuntu/scootbot/3.0.0/install/scootbot/share/scootbot/models/aruco_marker_250_6x6_1/material/textures/Aruco_6x6_250_0.png
[4.734s] -- Symlinking: /home/ubuntu/scootbot/3.0.0/install/scootbot/share/scootbot/models/aruco_marker_250_6x6_1/model.config
[4.770s] -- Symlinking: /home/ubuntu/scootbot/3.0.0/install/scootbot/share/scootbot/models/aruco_marker_250_6x6_2/aruco_marker_250_6x6.sdf
[4.791s] -- Symlinking: /home/ubuntu/scootbot/3.0.0/install/scootbot/share/scootbot/models/aruco_marker_250_6x6_2/material/scripts/aruco_marker_250_6x6.material
[4.815s] -- Symlinking: /home/ubuntu/scootbot/3.0.0/install/scootbot/share/scootbot/models/aruco_marker_250_6x6_2/material/textures/Aruco_6x6_250_1.png
[4.835s] -- Symlinking: /home/ubuntu/scootbot/3.0.0/install/scootbot/share/scootbot/models/aruco_marker_250_6x6_2/model.config
[4.857s] -- Symlinking: /home/ubuntu/scootbot/3.0.0/install/scootbot/share/scootbot/models/aruco_marker_250_6x6_3/aruco_marker_250_6x6.sdf
[4.880s] -- Symlinking: /home/ubuntu/scootbot/3.0.0/install/scootbot/share/scootbot/models/aruco_marker_250_6x6_3/material/scripts/aruco_marker_250_6x6.material
[4.918s] -- Symlinking: /home/ubuntu/scootbot/3.0.0/install/scootbot/share/scootbot/models/aruco_marker_250_6x6_3/material/textures/Aruco_6x6_250_2.png
[4.955s] -- Symlinking: /home/ubuntu/scootbot/3.0.0/install/scootbot/share/scootbot/models/aruco_marker_250_6x6_3/model.config
[5.014s] -- Symlinking: /home/ubuntu/scootbot/3.0.0/install/scootbot/share/scootbot/models/aruco_marker_250_6x6_4/aruco_marker_250_6x6.sdf
[5.045s] -- Symlinking: /home/ubuntu/scootbot/3.0.0/install/scootbot/share/scootbot/models/aruco_marker_250_6x6_4/material/scripts/aruco_marker_250_6x6.material
[5.074s] -- Symlinking: /home/ubuntu/scootbot/3.0.0/install/scootbot/share/scootbot/models/aruco_marker_250_6x6_4/material/textures/Aruco_6x6_250_3.png
[5.114s] -- Symlinking: /home/ubuntu/scootbot/3.0.0/install/scootbot/share/scootbot/models/aruco_marker_250_6x6_4/model.config
[5.178s] -- Symlinking: /home/ubuntu/scootbot/3.0.0/install/scootbot/share/scootbot/models/aruco_marker_6cm_238/aruco_marker_6cm.sdf
[5.211s] -- Symlinking: /home/ubuntu/scootbot/3.0.0/install/scootbot/share/scootbot/models/aruco_marker_6cm_238/material/scripts/aruco_marker_original.material
[5.266s] -- Symlinking: /home/ubuntu/scootbot/3.0.0/install/scootbot/share/scootbot/models/aruco_marker_6cm_238/material/textures/Aruco_6cm_238.png
[5.318s] -- Symlinking: /home/ubuntu/scootbot/3.0.0/install/scootbot/share/scootbot/models/aruco_marker_6cm_238/model.config
[5.374s] -- Symlinking: /home/ubuntu/scootbot/3.0.0/install/scootbot/share/scootbot/models/aruco_marker_6cm_26/aruco_marker_6cm.sdf
[5.418s] -- Symlinking: /home/ubuntu/scootbot/3.0.0/install/scootbot/share/scootbot/models/aruco_marker_6cm_26/material/scripts/aruco_marker_original.material
[5.451s] -- Symlinking: /home/ubuntu/scootbot/3.0.0/install/scootbot/share/scootbot/models/aruco_marker_6cm_26/material/textures/Aruco_6cm_26.png
[5.476s] -- Symlinking: /home/ubuntu/scootbot/3.0.0/install/scootbot/share/scootbot/models/aruco_marker_6cm_26/model.config
[5.503s] -- Symlinking: /home/ubuntu/scootbot/3.0.0/install/scootbot/share/scootbot/models/aruco_marker_6cm_582/aruco_marker_6cm.sdf
[5.529s] -- Symlinking: /home/ubuntu/scootbot/3.0.0/install/scootbot/share/scootbot/models/aruco_marker_6cm_582/material/scripts/aruco_marker_original.material
[5.554s] -- Symlinking: /home/ubuntu/scootbot/3.0.0/install/scootbot/share/scootbot/models/aruco_marker_6cm_582/material/textures/Aruco_6cm_582.png
[5.579s] -- Symlinking: /home/ubuntu/scootbot/3.0.0/install/scootbot/share/scootbot/models/aruco_marker_6cm_582/model.config
[5.605s] -- Symlinking: /home/ubuntu/scootbot/3.0.0/install/scootbot/share/scootbot/models/aruco_marker_6cm_63/aruco_marker_6cm.sdf
[5.634s] -- Symlinking: /home/ubuntu/scootbot/3.0.0/install/scootbot/share/scootbot/models/aruco_marker_6cm_63/material/scripts/aruco_marker_original.material
[5.658s] -- Symlinking: /home/ubuntu/scootbot/3.0.0/install/scootbot/share/scootbot/models/aruco_marker_6cm_63/material/textures/Aruco_6cm_63.png
[5.705s] -- Symlinking: /home/ubuntu/scootbot/3.0.0/install/scootbot/share/scootbot/models/aruco_marker_6cm_63/model.config
[5.756s] -- Symlinking: /home/ubuntu/scootbot/3.0.0/install/scootbot/share/scootbot/models/aruco_marker_9cm_238/aruco_marker_9cm.sdf
[5.804s] -- Symlinking: /home/ubuntu/scootbot/3.0.0/install/scootbot/share/scootbot/models/aruco_marker_9cm_238/material/scripts/aruco_marker_original.material
[5.831s] -- Symlinking: /home/ubuntu/scootbot/3.0.0/install/scootbot/share/scootbot/models/aruco_marker_9cm_238/material/textures/Aruco_9cm_238.png
[5.856s] -- Symlinking: /home/ubuntu/scootbot/3.0.0/install/scootbot/share/scootbot/models/aruco_marker_9cm_238/model.config
[5.880s] -- Symlinking: /home/ubuntu/scootbot/3.0.0/install/scootbot/share/scootbot/models/aruco_marker_9cm_26/aruco_marker_9cm.sdf
[5.909s] -- Symlinking: /home/ubuntu/scootbot/3.0.0/install/scootbot/share/scootbot/models/aruco_marker_9cm_26/material/scripts/aruco_marker_original.material
[5.936s] -- Symlinking: /home/ubuntu/scootbot/3.0.0/install/scootbot/share/scootbot/models/aruco_marker_9cm_26/material/textures/Aruco_9cm_26.png
[5.964s] -- Symlinking: /home/ubuntu/scootbot/3.0.0/install/scootbot/share/scootbot/models/aruco_marker_9cm_26/model.config
[5.993s] -- Symlinking: /home/ubuntu/scootbot/3.0.0/install/scootbot/share/scootbot/models/aruco_marker_9cm_582/aruco_marker_9cm.sdf
[6.024s] -- Symlinking: /home/ubuntu/scootbot/3.0.0/install/scootbot/share/scootbot/models/aruco_marker_9cm_582/material/scripts/aruco_marker_original.material
[6.052s] -- Symlinking: /home/ubuntu/scootbot/3.0.0/install/scootbot/share/scootbot/models/aruco_marker_9cm_582/material/textures/Aruco_9cm_582.png
[6.080s] -- Symlinking: /home/ubuntu/scootbot/3.0.0/install/scootbot/share/scootbot/models/aruco_marker_9cm_582/model.config
[6.109s] -- Symlinking: /home/ubuntu/scootbot/3.0.0/install/scootbot/share/scootbot/models/aruco_marker_9cm_63/aruco_marker_9cm.sdf
[6.138s] -- Symlinking: /home/ubuntu/scootbot/3.0.0/install/scootbot/share/scootbot/models/aruco_marker_9cm_63/material/scripts/aruco_marker_original.material
[6.166s] -- Symlinking: /home/ubuntu/scootbot/3.0.0/install/scootbot/share/scootbot/models/aruco_marker_9cm_63/material/textures/Aruco_9cm_63.png
[6.196s] -- Symlinking: /home/ubuntu/scootbot/3.0.0/install/scootbot/share/scootbot/models/aruco_marker_9cm_63/model.config
[6.226s] -- Symlinking: /home/ubuntu/scootbot/3.0.0/install/scootbot/share/scootbot/models/aruco_marker_original_238/aruco_marker_original.sdf
[6.263s] -- Symlinking: /home/ubuntu/scootbot/3.0.0/install/scootbot/share/scootbot/models/aruco_marker_original_238/material/scripts/aruco_marker_original.material
[6.306s] -- Symlinking: /home/ubuntu/scootbot/3.0.0/install/scootbot/share/scootbot/models/aruco_marker_original_238/material/textures/Aruco_original_238.png
[6.346s] -- Symlinking: /home/ubuntu/scootbot/3.0.0/install/scootbot/share/scootbot/models/aruco_marker_original_238/model.config
[6.398s] -- Symlinking: /home/ubuntu/scootbot/3.0.0/install/scootbot/share/scootbot/models/aruco_marker_original_26/aruco_marker_original.sdf
[6.442s] -- Symlinking: /home/ubuntu/scootbot/3.0.0/install/scootbot/share/scootbot/models/aruco_marker_original_26/material/scripts/aruco_marker_original.material
[6.495s] -- Symlinking: /home/ubuntu/scootbot/3.0.0/install/scootbot/share/scootbot/models/aruco_marker_original_26/material/textures/Aruco_original_26.png
[6.544s] -- Symlinking: /home/ubuntu/scootbot/3.0.0/install/scootbot/share/scootbot/models/aruco_marker_original_26/model.config
[6.590s] -- Symlinking: /home/ubuntu/scootbot/3.0.0/install/scootbot/share/scootbot/models/aruco_marker_original_582/aruco_marker_original.sdf
[6.637s] -- Symlinking: /home/ubuntu/scootbot/3.0.0/install/scootbot/share/scootbot/models/aruco_marker_original_582/material/scripts/aruco_marker_original.material
[6.687s] -- Symlinking: /home/ubuntu/scootbot/3.0.0/install/scootbot/share/scootbot/models/aruco_marker_original_582/material/textures/Aruco_original_582.png
[6.732s] -- Symlinking: /home/ubuntu/scootbot/3.0.0/install/scootbot/share/scootbot/models/aruco_marker_original_582/model.config
[6.780s] -- Symlinking: /home/ubuntu/scootbot/3.0.0/install/scootbot/share/scootbot/models/aruco_marker_original_63/aruco_marker_original.sdf
[6.825s] -- Symlinking: /home/ubuntu/scootbot/3.0.0/install/scootbot/share/scootbot/models/aruco_marker_original_63/material/scripts/aruco_marker_original.material
[6.870s] -- Symlinking: /home/ubuntu/scootbot/3.0.0/install/scootbot/share/scootbot/models/aruco_marker_original_63/material/textures/Aruco_original_63.png
[6.938s] -- Symlinking: /home/ubuntu/scootbot/3.0.0/install/scootbot/share/scootbot/models/aruco_marker_original_63/model.config
[6.971s] -- Symlinking: /home/ubuntu/scootbot/3.0.0/install/scootbot/share/scootbot/models/bauman/README
[7.023s] -- Symlinking: /home/ubuntu/scootbot/3.0.0/install/scootbot/share/scootbot/models/bauman/bauman_walls.png
[7.078s] -- Symlinking: /home/ubuntu/scootbot/3.0.0/install/scootbot/share/scootbot/models/bauman/model.config
[7.115s] -- Symlinking: /home/ubuntu/scootbot/3.0.0/install/scootbot/share/scootbot/models/bauman/model.sdf
[7.137s] -- Symlinking: /home/ubuntu/scootbot/3.0.0/install/scootbot/share/scootbot/models/bench/bench.sdf
[7.163s] -- Symlinking: /home/ubuntu/scootbot/3.0.0/install/scootbot/share/scootbot/models/bench/meshes/bench.stl
[7.185s] -- Symlinking: /home/ubuntu/scootbot/3.0.0/install/scootbot/share/scootbot/models/bench/model.config
[7.211s] -- Symlinking: /home/ubuntu/scootbot/3.0.0/install/scootbot/share/scootbot/models/bifrutas_tropical_can/bifrutas_tropical_can.sdf
[7.235s] -- Symlinking: /home/ubuntu/scootbot/3.0.0/install/scootbot/share/scootbot/models/bifrutas_tropical_can/material/scripts/bifrutas_tropical_can.material
[7.262s] -- Symlinking: /home/ubuntu/scootbot/3.0.0/install/scootbot/share/scootbot/models/bifrutas_tropical_can/material/textures/bifrutas_tropical_can.jpg
[7.288s] -- Symlinking: /home/ubuntu/scootbot/3.0.0/install/scootbot/share/scootbot/models/bifrutas_tropical_can/model.config
[7.316s] -- Symlinking: /home/ubuntu/scootbot/3.0.0/install/scootbot/share/scootbot/models/biscuits_pack/biscuits_pack.sdf
[7.340s] -- Symlinking: /home/ubuntu/scootbot/3.0.0/install/scootbot/share/scootbot/models/biscuits_pack/material/scripts/pringles.material
[7.365s] -- Symlinking: /home/ubuntu/scootbot/3.0.0/install/scootbot/share/scootbot/models/biscuits_pack/material/textures/biscuits_pack.jpg
[7.390s] -- Symlinking: /home/ubuntu/scootbot/3.0.0/install/scootbot/share/scootbot/models/biscuits_pack/model.config
[7.415s] -- Symlinking: /home/ubuntu/scootbot/3.0.0/install/scootbot/share/scootbot/models/box_with_handles/box_with_handles.sdf
[7.445s] -- Symlinking: /home/ubuntu/scootbot/3.0.0/install/scootbot/share/scootbot/models/box_with_handles/material/scripts/aruco_marker_original.material
[7.463s] -- Symlinking: /home/ubuntu/scootbot/3.0.0/install/scootbot/share/scootbot/models/box_with_handles/material/textures/Aruco_original_582.png
[7.486s] -- Symlinking: /home/ubuntu/scootbot/3.0.0/install/scootbot/share/scootbot/models/box_with_handles/model.config
[7.508s] -- Symlinking: /home/ubuntu/scootbot/3.0.0/install/scootbot/share/scootbot/models/brick_box_3x1x3/materials/scripts/brick_box.material
[7.538s] -- Symlinking: /home/ubuntu/scootbot/3.0.0/install/scootbot/share/scootbot/models/brick_box_3x1x3/materials/textures/simple_box.png
[7.564s] -- Symlinking: /home/ubuntu/scootbot/3.0.0/install/scootbot/share/scootbot/models/brick_box_3x1x3/meshes/simple_box.dae
[7.589s] -- Symlinking: /home/ubuntu/scootbot/3.0.0/install/scootbot/share/scootbot/models/brick_box_3x1x3/model-1_3.sdf
[7.615s] -- Symlinking: /home/ubuntu/scootbot/3.0.0/install/scootbot/share/scootbot/models/brick_box_3x1x3/model-1_4.sdf
[7.639s] -- Symlinking: /home/ubuntu/scootbot/3.0.0/install/scootbot/share/scootbot/models/brick_box_3x1x3/model.config
[7.672s] -- Symlinking: /home/ubuntu/scootbot/3.0.0/install/scootbot/share/scootbot/models/brick_box_3x1x3/model.sdf
[7.693s] -- Symlinking: /home/ubuntu/scootbot/3.0.0/install/scootbot/share/scootbot/models/citizen_extras_female_02/images/_01_-_Default1noCulling.JPG
[7.711s] -- Symlinking: /home/ubuntu/scootbot/3.0.0/install/scootbot/share/scootbot/models/citizen_extras_female_02/images/_02_-_Default1noCulling.JPG
[7.726s] -- Symlinking: /home/ubuntu/scootbot/3.0.0/install/scootbot/share/scootbot/models/citizen_extras_female_02/images/_03_-_Default1noCulling.JPG
[7.748s] -- Symlinking: /home/ubuntu/scootbot/3.0.0/install/scootbot/share/scootbot/models/citizen_extras_female_02/meshes/mesh.dae
[7.765s] -- Symlinking: /home/ubuntu/scootbot/3.0.0/install/scootbot/share/scootbot/models/citizen_extras_female_02/model.config
[7.783s] -- Symlinking: /home/ubuntu/scootbot/3.0.0/install/scootbot/share/scootbot/models/citizen_extras_female_02/model.sdf
[7.798s] -- Symlinking: /home/ubuntu/scootbot/3.0.0/install/scootbot/share/scootbot/models/citizen_extras_female_03/images/Material__1noCulling.JPG
[7.814s] -- Symlinking: /home/ubuntu/scootbot/3.0.0/install/scootbot/share/scootbot/models/citizen_extras_female_03/images/Material__2noCulling.JPG
[7.834s] -- Symlinking: /home/ubuntu/scootbot/3.0.0/install/scootbot/share/scootbot/models/citizen_extras_female_03/images/_03_-_Default1noCulling.JPG
[7.850s] -- Symlinking: /home/ubuntu/scootbot/3.0.0/install/scootbot/share/scootbot/models/citizen_extras_female_03/meshes/mesh.dae
[7.866s] -- Symlinking: /home/ubuntu/scootbot/3.0.0/install/scootbot/share/scootbot/models/citizen_extras_female_03/model.config
[7.881s] -- Symlinking: /home/ubuntu/scootbot/3.0.0/install/scootbot/share/scootbot/models/citizen_extras_female_03/model.sdf
[7.897s] -- Symlinking: /home/ubuntu/scootbot/3.0.0/install/scootbot/share/scootbot/models/citizen_extras_male_03/images/Material__1noCulling.JPG
[7.917s] -- Symlinking: /home/ubuntu/scootbot/3.0.0/install/scootbot/share/scootbot/models/citizen_extras_male_03/images/hair1noCulling.JPG
[7.931s] -- Symlinking: /home/ubuntu/scootbot/3.0.0/install/scootbot/share/scootbot/models/citizen_extras_male_03/images/hrad1noCulling.JPG
[7.951s] -- Symlinking: /home/ubuntu/scootbot/3.0.0/install/scootbot/share/scootbot/models/citizen_extras_male_03/meshes/mesh.dae
[7.972s] -- Symlinking: /home/ubuntu/scootbot/3.0.0/install/scootbot/share/scootbot/models/citizen_extras_male_03/model.config
[7.990s] -- Symlinking: /home/ubuntu/scootbot/3.0.0/install/scootbot/share/scootbot/models/citizen_extras_male_03/model.sdf
[8.006s] -- Symlinking: /home/ubuntu/scootbot/3.0.0/install/scootbot/share/scootbot/models/closet/closet.sdf
[8.021s] -- Symlinking: /home/ubuntu/scootbot/3.0.0/install/scootbot/share/scootbot/models/closet/meshes/closet.stl
[8.037s] -- Symlinking: /home/ubuntu/scootbot/3.0.0/install/scootbot/share/scootbot/models/closet/model.config
[8.052s] -- Symlinking: /home/ubuntu/scootbot/3.0.0/install/scootbot/share/scootbot/models/cocacola/cocacola.sdf
[8.074s] -- Symlinking: /home/ubuntu/scootbot/3.0.0/install/scootbot/share/scootbot/models/cocacola/material/scripts/cocacola.material
[8.093s] -- Symlinking: /home/ubuntu/scootbot/3.0.0/install/scootbot/share/scootbot/models/cocacola/material/textures/cocacola.jpg
[8.115s] -- Symlinking: /home/ubuntu/scootbot/3.0.0/install/scootbot/share/scootbot/models/cocacola/model.config
[8.136s] -- Symlinking: /home/ubuntu/scootbot/3.0.0/install/scootbot/share/scootbot/models/coke_can_slim/coke_can_slim.sdf
[8.158s] -- Symlinking: /home/ubuntu/scootbot/3.0.0/install/scootbot/share/scootbot/models/coke_can_slim/material/scripts/coke_can_slim.material
[8.180s] -- Symlinking: /home/ubuntu/scootbot/3.0.0/install/scootbot/share/scootbot/models/coke_can_slim/material/textures/coke_can_slim.jpg
[8.194s] -- Symlinking: /home/ubuntu/scootbot/3.0.0/install/scootbot/share/scootbot/models/coke_can_slim/model.config
[8.214s] -- Symlinking: /home/ubuntu/scootbot/3.0.0/install/scootbot/share/scootbot/models/database.config
[8.234s] -- Symlinking: /home/ubuntu/scootbot/3.0.0/install/scootbot/share/scootbot/models/dining_chair/dining_chair.sdf
[8.255s] -- Symlinking: /home/ubuntu/scootbot/3.0.0/install/scootbot/share/scootbot/models/dining_chair/meshes/dining_chair.stl
[8.276s] -- Symlinking: /home/ubuntu/scootbot/3.0.0/install/scootbot/share/scootbot/models/dining_chair/model.config
[8.296s] -- Symlinking: /home/ubuntu/scootbot/3.0.0/install/scootbot/share/scootbot/models/dock1/dock1.sdf
[8.312s] -- Symlinking: /home/ubuntu/scootbot/3.0.0/install/scootbot/share/scootbot/models/dock1/meshes/dock1.dae
[8.328s] -- Symlinking: /home/ubuntu/scootbot/3.0.0/install/scootbot/share/scootbot/models/dock1/model.config
[8.343s] -- Symlinking: /home/ubuntu/scootbot/3.0.0/install/scootbot/share/scootbot/models/door_obstacle/door_obstacle.sdf
[8.358s] -- Symlinking: /home/ubuntu/scootbot/3.0.0/install/scootbot/share/scootbot/models/door_obstacle/model.config
[8.377s] -- Symlinking: /home/ubuntu/scootbot/3.0.0/install/scootbot/share/scootbot/models/floor_lamp/floor_lamp.sdf
[8.399s] -- Symlinking: /home/ubuntu/scootbot/3.0.0/install/scootbot/share/scootbot/models/floor_lamp/meshes/floor_lamp.stl
[8.420s] -- Symlinking: /home/ubuntu/scootbot/3.0.0/install/scootbot/share/scootbot/models/floor_lamp/model.config
[8.443s] -- Symlinking: /home/ubuntu/scootbot/3.0.0/install/scootbot/share/scootbot/models/goetz_sofa/goetz_sofa.sdf
[8.464s] -- Symlinking: /home/ubuntu/scootbot/3.0.0/install/scootbot/share/scootbot/models/goetz_sofa/materials/textures/texture0.jpg
[8.485s] -- Symlinking: /home/ubuntu/scootbot/3.0.0/install/scootbot/share/scootbot/models/goetz_sofa/meshes/goetz_sofa.dae
[8.506s] -- Symlinking: /home/ubuntu/scootbot/3.0.0/install/scootbot/share/scootbot/models/goetz_sofa/model.config
[8.523s] -- Symlinking: /home/ubuntu/scootbot/3.0.0/install/scootbot/share/scootbot/models/green_ball/materials/scripts/ball.material
[8.539s] -- Symlinking: /home/ubuntu/scootbot/3.0.0/install/scootbot/share/scootbot/models/green_ball/model.config
[8.554s] -- Symlinking: /home/ubuntu/scootbot/3.0.0/install/scootbot/share/scootbot/models/green_ball/model.sdf
[8.569s] -- Symlinking: /home/ubuntu/scootbot/3.0.0/install/scootbot/share/scootbot/models/green_cube/green_cube.sdf
[8.595s] -- Symlinking: /home/ubuntu/scootbot/3.0.0/install/scootbot/share/scootbot/models/green_cube/model.config
[8.612s] -- Symlinking: /home/ubuntu/scootbot/3.0.0/install/scootbot/share/scootbot/models/green_rectangle/green_rectangle.sdf
[8.632s] -- Symlinking: /home/ubuntu/scootbot/3.0.0/install/scootbot/share/scootbot/models/green_rectangle/model.config
[8.653s] -- Symlinking: /home/ubuntu/scootbot/3.0.0/install/scootbot/share/scootbot/models/ground_plane/model-1_2.sdf
[8.676s] -- Symlinking: /home/ubuntu/scootbot/3.0.0/install/scootbot/share/scootbot/models/ground_plane/model-1_3.sdf
[8.698s] -- Symlinking: /home/ubuntu/scootbot/3.0.0/install/scootbot/share/scootbot/models/ground_plane/model-1_4.sdf
[8.717s] -- Symlinking: /home/ubuntu/scootbot/3.0.0/install/scootbot/share/scootbot/models/ground_plane/model.config
[8.738s] -- Symlinking: /home/ubuntu/scootbot/3.0.0/install/scootbot/share/scootbot/models/ground_plane/model.sdf
[8.752s] -- Symlinking: /home/ubuntu/scootbot/3.0.0/install/scootbot/share/scootbot/models/hospital_flat_map/hospital_flat_map.sdf
[8.766s] -- Symlinking: /home/ubuntu/scootbot/3.0.0/install/scootbot/share/scootbot/models/hospital_flat_map/meshes/hospital_flat_map.stl
[8.782s] -- Symlinking: /home/ubuntu/scootbot/3.0.0/install/scootbot/share/scootbot/models/hospital_flat_map/model.config
[8.797s] -- Symlinking: /home/ubuntu/scootbot/3.0.0/install/scootbot/share/scootbot/models/hospital_map/hospital_map.sdf
[8.811s] -- Symlinking: /home/ubuntu/scootbot/3.0.0/install/scootbot/share/scootbot/models/hospital_map/meshes/g1.stl
[8.826s] -- Symlinking: /home/ubuntu/scootbot/3.0.0/install/scootbot/share/scootbot/models/hospital_map/meshes/g2.stl
[8.841s] -- Symlinking: /home/ubuntu/scootbot/3.0.0/install/scootbot/share/scootbot/models/hospital_map/meshes/g3.stl
[8.855s] -- Symlinking: /home/ubuntu/scootbot/3.0.0/install/scootbot/share/scootbot/models/hospital_map/meshes/g4.stl
[8.870s] -- Symlinking: /home/ubuntu/scootbot/3.0.0/install/scootbot/share/scootbot/models/hospital_map/meshes/g5.stl
[8.884s] -- Symlinking: /home/ubuntu/scootbot/3.0.0/install/scootbot/share/scootbot/models/hospital_map/meshes/g6.stl
[8.898s] -- Symlinking: /home/ubuntu/scootbot/3.0.0/install/scootbot/share/scootbot/models/hospital_map/meshes/g7.stl
[8.913s] -- Symlinking: /home/ubuntu/scootbot/3.0.0/install/scootbot/share/scootbot/models/hospital_map/meshes/gr1.stl
[8.928s] -- Symlinking: /home/ubuntu/scootbot/3.0.0/install/scootbot/share/scootbot/models/hospital_map/meshes/gr2.stl
[8.942s] -- Symlinking: /home/ubuntu/scootbot/3.0.0/install/scootbot/share/scootbot/models/hospital_map/meshes/gr3.stl
[8.961s] -- Symlinking: /home/ubuntu/scootbot/3.0.0/install/scootbot/share/scootbot/models/hospital_map/meshes/gr4.stl
[8.975s] -- Symlinking: /home/ubuntu/scootbot/3.0.0/install/scootbot/share/scootbot/models/hospital_map/meshes/gr5.stl
[8.990s] -- Symlinking: /home/ubuntu/scootbot/3.0.0/install/scootbot/share/scootbot/models/hospital_map/meshes/gr6.stl
[9.005s] -- Symlinking: /home/ubuntu/scootbot/3.0.0/install/scootbot/share/scootbot/models/hospital_map/meshes/hospital_map.stl
[9.020s] -- Symlinking: /home/ubuntu/scootbot/3.0.0/install/scootbot/share/scootbot/models/hospital_map/meshes/w1.stl
[9.035s] -- Symlinking: /home/ubuntu/scootbot/3.0.0/install/scootbot/share/scootbot/models/hospital_map/meshes/w2.stl
[9.049s] -- Symlinking: /home/ubuntu/scootbot/3.0.0/install/scootbot/share/scootbot/models/hospital_map/meshes/w3.stl
[9.064s] -- Symlinking: /home/ubuntu/scootbot/3.0.0/install/scootbot/share/scootbot/models/hospital_map/meshes/w4.stl
[9.078s] -- Symlinking: /home/ubuntu/scootbot/3.0.0/install/scootbot/share/scootbot/models/hospital_map/meshes/w5.stl
[9.093s] -- Symlinking: /home/ubuntu/scootbot/3.0.0/install/scootbot/share/scootbot/models/hospital_map/meshes/w6.stl
[9.107s] -- Symlinking: /home/ubuntu/scootbot/3.0.0/install/scootbot/share/scootbot/models/hospital_map/meshes/w7.stl
[9.123s] -- Symlinking: /home/ubuntu/scootbot/3.0.0/install/scootbot/share/scootbot/models/hospital_map/meshes/wr1.stl
[9.137s] -- Symlinking: /home/ubuntu/scootbot/3.0.0/install/scootbot/share/scootbot/models/hospital_map/meshes/wr2.stl
[9.152s] -- Symlinking: /home/ubuntu/scootbot/3.0.0/install/scootbot/share/scootbot/models/hospital_map/meshes/wr3.stl
[9.167s] -- Symlinking: /home/ubuntu/scootbot/3.0.0/install/scootbot/share/scootbot/models/hospital_map/meshes/wr4.stl
[9.182s] -- Symlinking: /home/ubuntu/scootbot/3.0.0/install/scootbot/share/scootbot/models/hospital_map/meshes/wr5.stl
[9.197s] -- Symlinking: /home/ubuntu/scootbot/3.0.0/install/scootbot/share/scootbot/models/hospital_map/meshes/wr6.stl
[9.212s] -- Symlinking: /home/ubuntu/scootbot/3.0.0/install/scootbot/share/scootbot/models/hospital_map/model.config
[9.228s] -- Symlinking: /home/ubuntu/scootbot/3.0.0/install/scootbot/share/scootbot/models/ideal_sun/model.config
[9.243s] -- Symlinking: /home/ubuntu/scootbot/3.0.0/install/scootbot/share/scootbot/models/ideal_sun/model.sdf
[9.257s] -- Symlinking: /home/ubuntu/scootbot/3.0.0/install/scootbot/share/scootbot/models/ikea_ektorp_chair/meshes/IKE06001.JPG
[9.273s] -- Symlinking: /home/ubuntu/scootbot/3.0.0/install/scootbot/share/scootbot/models/ikea_ektorp_chair/meshes/mesh.dae
[9.293s] -- Symlinking: /home/ubuntu/scootbot/3.0.0/install/scootbot/share/scootbot/models/ikea_ektorp_chair/model.config
[9.313s] -- Symlinking: /home/ubuntu/scootbot/3.0.0/install/scootbot/share/scootbot/models/ikea_ektorp_chair/model.sdf
[9.333s] -- Symlinking: /home/ubuntu/scootbot/3.0.0/install/scootbot/share/scootbot/models/ikea_folke_chair/meshes/mesh.dae
[9.348s] -- Symlinking: /home/ubuntu/scootbot/3.0.0/install/scootbot/share/scootbot/models/ikea_folke_chair/meshes/notexture.png
[9.364s] -- Symlinking: /home/ubuntu/scootbot/3.0.0/install/scootbot/share/scootbot/models/ikea_folke_chair/meshes/texture.png
[9.379s] -- Symlinking: /home/ubuntu/scootbot/3.0.0/install/scootbot/share/scootbot/models/ikea_folke_chair/model.config
[9.395s] -- Symlinking: /home/ubuntu/scootbot/3.0.0/install/scootbot/share/scootbot/models/ikea_folke_chair/model.sdf
[9.410s] -- Symlinking: /home/ubuntu/scootbot/3.0.0/install/scootbot/share/scootbot/models/ikea_harry_chair/meshes/body.png
[9.426s] -- Symlinking: /home/ubuntu/scootbot/3.0.0/install/scootbot/share/scootbot/models/ikea_harry_chair/meshes/legs.png
[9.441s] -- Symlinking: /home/ubuntu/scootbot/3.0.0/install/scootbot/share/scootbot/models/ikea_harry_chair/meshes/mesh.dae
[9.457s] -- Symlinking: /home/ubuntu/scootbot/3.0.0/install/scootbot/share/scootbot/models/ikea_harry_chair/model.config
[9.472s] -- Symlinking: /home/ubuntu/scootbot/3.0.0/install/scootbot/share/scootbot/models/ikea_harry_chair/model.sdf
[9.488s] -- Symlinking: /home/ubuntu/scootbot/3.0.0/install/scootbot/share/scootbot/models/ikea_stefan_chair/meshes/mesh.dae
[9.503s] -- Symlinking: /home/ubuntu/scootbot/3.0.0/install/scootbot/share/scootbot/models/ikea_stefan_chair/model.config
[9.519s] -- Symlinking: /home/ubuntu/scootbot/3.0.0/install/scootbot/share/scootbot/models/ikea_stefan_chair/model.sdf
[9.534s] -- Symlinking: /home/ubuntu/scootbot/3.0.0/install/scootbot/share/scootbot/models/ikea_urban_chair/meshes/mesh.dae
[9.550s] -- Symlinking: /home/ubuntu/scootbot/3.0.0/install/scootbot/share/scootbot/models/ikea_urban_chair/meshes/notexture.png
[9.566s] -- Symlinking: /home/ubuntu/scootbot/3.0.0/install/scootbot/share/scootbot/models/ikea_urban_chair/model.config
[9.582s] -- Symlinking: /home/ubuntu/scootbot/3.0.0/install/scootbot/share/scootbot/models/ikea_urban_chair/model.sdf
[9.597s] -- Symlinking: /home/ubuntu/scootbot/3.0.0/install/scootbot/share/scootbot/models/kitchen_chair/kitchen_chair.sdf
[9.612s] -- Symlinking: /home/ubuntu/scootbot/3.0.0/install/scootbot/share/scootbot/models/kitchen_chair/meshes/kitchen_chair.stl
[9.628s] -- Symlinking: /home/ubuntu/scootbot/3.0.0/install/scootbot/share/scootbot/models/kitchen_chair/model.config
[9.644s] -- Symlinking: /home/ubuntu/scootbot/3.0.0/install/scootbot/share/scootbot/models/kitchen_table/kitchen_table.sdf
[9.659s] -- Symlinking: /home/ubuntu/scootbot/3.0.0/install/scootbot/share/scootbot/models/kitchen_table/meshes/kitchen_table.stl
[9.675s] -- Symlinking: /home/ubuntu/scootbot/3.0.0/install/scootbot/share/scootbot/models/kitchen_table/model.config
[9.690s] -- Symlinking: /home/ubuntu/scootbot/3.0.0/install/scootbot/share/scootbot/models/lamp/lamp.sdf
[9.706s] -- Symlinking: /home/ubuntu/scootbot/3.0.0/install/scootbot/share/scootbot/models/lamp/meshes/lamp.stl
[9.722s] -- Symlinking: /home/ubuntu/scootbot/3.0.0/install/scootbot/share/scootbot/models/lamp/model.config
[9.737s] -- Symlinking: /home/ubuntu/scootbot/3.0.0/install/scootbot/share/scootbot/models/macrolink_small_table/model.config
[9.753s] -- Symlinking: /home/ubuntu/scootbot/3.0.0/install/scootbot/share/scootbot/models/macrolink_small_table/table.sdf
[9.768s] -- Symlinking: /home/ubuntu/scootbot/3.0.0/install/scootbot/share/scootbot/models/macrolink_table/model.config
[9.784s] -- Symlinking: /home/ubuntu/scootbot/3.0.0/install/scootbot/share/scootbot/models/macrolink_table/table.sdf
[9.800s] -- Symlinking: /home/ubuntu/scootbot/3.0.0/install/scootbot/share/scootbot/models/marker26_8cm/marker26_8cm.sdf
[9.815s] -- Symlinking: /home/ubuntu/scootbot/3.0.0/install/scootbot/share/scootbot/models/marker26_8cm/material/scripts/marker26_8cm.material
[9.830s] -- Symlinking: /home/ubuntu/scootbot/3.0.0/install/scootbot/share/scootbot/models/marker26_8cm/material/textures/aruco-26_8cm.png
[9.846s] -- Symlinking: /home/ubuntu/scootbot/3.0.0/install/scootbot/share/scootbot/models/marker26_8cm/model.config
[9.861s] -- Symlinking: /home/ubuntu/scootbot/3.0.0/install/scootbot/share/scootbot/models/pal_poster/material/scripts/pal_poster.material
[9.876s] -- Symlinking: /home/ubuntu/scootbot/3.0.0/install/scootbot/share/scootbot/models/pal_poster/material/textures/pal_poster.jpg
[9.891s] -- Symlinking: /home/ubuntu/scootbot/3.0.0/install/scootbot/share/scootbot/models/pal_poster/model.config
[9.906s] -- Symlinking: /home/ubuntu/scootbot/3.0.0/install/scootbot/share/scootbot/models/pal_poster/pal_poster.sdf
[9.921s] -- Symlinking: /home/ubuntu/scootbot/3.0.0/install/scootbot/share/scootbot/models/pal_textured_object/material/scripts/pal_textured_object.material
[9.941s] -- Symlinking: /home/ubuntu/scootbot/3.0.0/install/scootbot/share/scootbot/models/pal_textured_object/material/textures/pal_textured_object.png
[9.956s] -- Symlinking: /home/ubuntu/scootbot/3.0.0/install/scootbot/share/scootbot/models/pal_textured_object/model.config
[9.971s] -- Symlinking: /home/ubuntu/scootbot/3.0.0/install/scootbot/share/scootbot/models/pal_textured_object/pal_textured_object.sdf
[9.985s] -- Symlinking: /home/ubuntu/scootbot/3.0.0/install/scootbot/share/scootbot/models/pringles/material/scripts/pringles.material
[9.999s] -- Symlinking: /home/ubuntu/scootbot/3.0.0/install/scootbot/share/scootbot/models/pringles/material/textures/pringles.jpg
[10.014s] -- Symlinking: /home/ubuntu/scootbot/3.0.0/install/scootbot/share/scootbot/models/pringles/model.config
[10.028s] -- Symlinking: /home/ubuntu/scootbot/3.0.0/install/scootbot/share/scootbot/models/pringles/pringles.sdf
[10.043s] -- Symlinking: /home/ubuntu/scootbot/3.0.0/install/scootbot/share/scootbot/models/pringles2/material/scripts/pringles2.material
[10.057s] -- Symlinking: /home/ubuntu/scootbot/3.0.0/install/scootbot/share/scootbot/models/pringles2/material/textures/pringles2.jpg
[10.072s] -- Symlinking: /home/ubuntu/scootbot/3.0.0/install/scootbot/share/scootbot/models/pringles2/model.config
[10.086s] -- Symlinking: /home/ubuntu/scootbot/3.0.0/install/scootbot/share/scootbot/models/pringles2/pringles2.sdf
[10.100s] -- Symlinking: /home/ubuntu/scootbot/3.0.0/install/scootbot/share/scootbot/models/reemc_bookshelf/bookshelf.sdf
[10.115s] -- Symlinking: /home/ubuntu/scootbot/3.0.0/install/scootbot/share/scootbot/models/reemc_bookshelf/model.config
[10.130s] -- Symlinking: /home/ubuntu/scootbot/3.0.0/install/scootbot/share/scootbot/models/reemc_cabinet/cabinet.sdf
[10.144s] -- Symlinking: /home/ubuntu/scootbot/3.0.0/install/scootbot/share/scootbot/models/reemc_cabinet/model.config
[10.158s] -- Symlinking: /home/ubuntu/scootbot/3.0.0/install/scootbot/share/scootbot/models/reemc_table/model.config
[10.173s] -- Symlinking: /home/ubuntu/scootbot/3.0.0/install/scootbot/share/scootbot/models/reemc_table/table.sdf
[10.187s] -- Symlinking: /home/ubuntu/scootbot/3.0.0/install/scootbot/share/scootbot/models/reemc_textured_object/meshes/mesh.dae
[10.202s] -- Symlinking: /home/ubuntu/scootbot/3.0.0/install/scootbot/share/scootbot/models/reemc_textured_object/meshes/texture.jpg
[10.217s] -- Symlinking: /home/ubuntu/scootbot/3.0.0/install/scootbot/share/scootbot/models/reemc_textured_object/model.config
[10.231s] -- Symlinking: /home/ubuntu/scootbot/3.0.0/install/scootbot/share/scootbot/models/reemc_textured_object/model.sdf
[10.246s] -- Symlinking: /home/ubuntu/scootbot/3.0.0/install/scootbot/share/scootbot/models/reemc_textured_object_nograv/model.config
[10.260s] -- Symlinking: /home/ubuntu/scootbot/3.0.0/install/scootbot/share/scootbot/models/reemc_textured_object_nograv/model.sdf
[10.275s] -- Symlinking: /home/ubuntu/scootbot/3.0.0/install/scootbot/share/scootbot/models/reemc_walls/model.config
[10.290s] -- Symlinking: /home/ubuntu/scootbot/3.0.0/install/scootbot/share/scootbot/models/reemc_walls/walls.sdf
[10.305s] -- Symlinking: /home/ubuntu/scootbot/3.0.0/install/scootbot/share/scootbot/models/reviews_table/meshes/reviews_table.stl
[10.320s] -- Symlinking: /home/ubuntu/scootbot/3.0.0/install/scootbot/share/scootbot/models/reviews_table/model.config
[10.334s] -- Symlinking: /home/ubuntu/scootbot/3.0.0/install/scootbot/share/scootbot/models/reviews_table/reviews_table.sdf
[10.349s] -- Symlinking: /home/ubuntu/scootbot/3.0.0/install/scootbot/share/scootbot/models/robocup_walls_70cm_doors/house_walls.sdf
[10.363s] -- Symlinking: /home/ubuntu/scootbot/3.0.0/install/scootbot/share/scootbot/models/robocup_walls_70cm_doors/meshes/robocup_house.stl
[10.379s] -- Symlinking: /home/ubuntu/scootbot/3.0.0/install/scootbot/share/scootbot/models/robocup_walls_70cm_doors/model.config
[10.394s] -- Symlinking: /home/ubuntu/scootbot/3.0.0/install/scootbot/share/scootbot/models/rockin_camp/README
[10.408s] -- Symlinking: /home/ubuntu/scootbot/3.0.0/install/scootbot/share/scootbot/models/rockin_camp/model.config
[10.423s] -- Symlinking: /home/ubuntu/scootbot/3.0.0/install/scootbot/share/scootbot/models/rockin_camp/model.sdf
[10.438s] -- Symlinking: /home/ubuntu/scootbot/3.0.0/install/scootbot/share/scootbot/models/rockin_camp/rockin_camp.png
[10.453s] -- Symlinking: /home/ubuntu/scootbot/3.0.0/install/scootbot/share/scootbot/models/sideboard/meshes/sideboard.stl
[10.468s] -- Symlinking: /home/ubuntu/scootbot/3.0.0/install/scootbot/share/scootbot/models/sideboard/model.config
[10.482s] -- Symlinking: /home/ubuntu/scootbot/3.0.0/install/scootbot/share/scootbot/models/sideboard/sideboard.sdf
[10.497s] -- Symlinking: /home/ubuntu/scootbot/3.0.0/install/scootbot/share/scootbot/models/slippery_patch/material/scripts/slippery_patch.material
[10.512s] -- Symlinking: /home/ubuntu/scootbot/3.0.0/install/scootbot/share/scootbot/models/slippery_patch/material/textures/slippery_patch.jpg
[10.532s] -- Symlinking: /home/ubuntu/scootbot/3.0.0/install/scootbot/share/scootbot/models/slippery_patch/model.config
[10.552s] -- Symlinking: /home/ubuntu/scootbot/3.0.0/install/scootbot/share/scootbot/models/slippery_patch/slippery_patch.sdf
[10.567s] -- Symlinking: /home/ubuntu/scootbot/3.0.0/install/scootbot/share/scootbot/models/small_cylinder/model.config
[10.581s] -- Symlinking: /home/ubuntu/scootbot/3.0.0/install/scootbot/share/scootbot/models/small_cylinder/small_cylinder.sdf
[10.596s] -- Symlinking: /home/ubuntu/scootbot/3.0.0/install/scootbot/share/scootbot/models/sofa/meshes/sofa.stl
[10.610s] -- Symlinking: /home/ubuntu/scootbot/3.0.0/install/scootbot/share/scootbot/models/sofa/model.config
[10.625s] -- Symlinking: /home/ubuntu/scootbot/3.0.0/install/scootbot/share/scootbot/models/sofa/sofa.sdf
[10.640s] -- Symlinking: /home/ubuntu/scootbot/3.0.0/install/scootbot/share/scootbot/models/sprite/material/scripts/sprite.material
[10.655s] -- Symlinking: /home/ubuntu/scootbot/3.0.0/install/scootbot/share/scootbot/models/sprite/material/textures/sprite.jpg
[10.670s] -- Symlinking: /home/ubuntu/scootbot/3.0.0/install/scootbot/share/scootbot/models/sprite/model.config
[10.685s] -- Symlinking: /home/ubuntu/scootbot/3.0.0/install/scootbot/share/scootbot/models/sprite/sprite.sdf
[10.699s] -- Symlinking: /home/ubuntu/scootbot/3.0.0/install/scootbot/share/scootbot/models/sun/model-1_2.sdf
[10.714s] -- Symlinking: /home/ubuntu/scootbot/3.0.0/install/scootbot/share/scootbot/models/sun/model-1_3.sdf
[10.728s] -- Symlinking: /home/ubuntu/scootbot/3.0.0/install/scootbot/share/scootbot/models/sun/model-1_4.sdf
[10.743s] -- Symlinking: /home/ubuntu/scootbot/3.0.0/install/scootbot/share/scootbot/models/sun/model.config
[10.757s] -- Symlinking: /home/ubuntu/scootbot/3.0.0/install/scootbot/share/scootbot/models/sun/model.sdf
[10.771s] -- Symlinking: /home/ubuntu/scootbot/3.0.0/install/scootbot/share/scootbot/models/table_0m8/model.config
[10.786s] -- Symlinking: /home/ubuntu/scootbot/3.0.0/install/scootbot/share/scootbot/models/table_0m8/table.sdf
[10.802s] -- Symlinking: /home/ubuntu/scootbot/3.0.0/install/scootbot/share/scootbot/models/table_1m/model.config
[10.816s] -- Symlinking: /home/ubuntu/scootbot/3.0.0/install/scootbot/share/scootbot/models/table_1m/table_1m.sdf
[10.831s] -- Symlinking: /home/ubuntu/scootbot/3.0.0/install/scootbot/share/scootbot/models/test2/meshes/test2.dae
[10.846s] -- Symlinking: /home/ubuntu/scootbot/3.0.0/install/scootbot/share/scootbot/models/test2/model.config
[10.861s] -- Symlinking: /home/ubuntu/scootbot/3.0.0/install/scootbot/share/scootbot/models/test2/test2.sdf
[10.875s] -- Symlinking: /home/ubuntu/scootbot/3.0.0/install/scootbot/share/scootbot/models/testing_room/README
[10.890s] -- Symlinking: /home/ubuntu/scootbot/3.0.0/install/scootbot/share/scootbot/models/testing_room/model.config
[10.905s] -- Symlinking: /home/ubuntu/scootbot/3.0.0/install/scootbot/share/scootbot/models/testing_room/model.sdf
[10.920s] -- Symlinking: /home/ubuntu/scootbot/3.0.0/install/scootbot/share/scootbot/models/testing_room/testing_room.png
[10.935s] -- Symlinking: /home/ubuntu/scootbot/3.0.0/install/scootbot/share/scootbot/models/tv/meshes/tv.stl
[10.950s] -- Symlinking: /home/ubuntu/scootbot/3.0.0/install/scootbot/share/scootbot/models/tv/model.config
[10.964s] -- Symlinking: /home/ubuntu/scootbot/3.0.0/install/scootbot/share/scootbot/models/tv/tv.sdf
[10.979s] -- Symlinking: /home/ubuntu/scootbot/3.0.0/install/scootbot/share/scootbot/models/wall_with_reem_photo/material/scripts/ball.material
[10.993s] -- Symlinking: /home/ubuntu/scootbot/3.0.0/install/scootbot/share/scootbot/models/wall_with_reem_photo/material/scripts/wallWithREEMphoto.material
[11.008s] -- Symlinking: /home/ubuntu/scootbot/3.0.0/install/scootbot/share/scootbot/models/wall_with_reem_photo/material/textures/REEM_photo0.jpg
[11.022s] -- Symlinking: /home/ubuntu/scootbot/3.0.0/install/scootbot/share/scootbot/models/wall_with_reem_photo/model.config
[11.037s] -- Symlinking: /home/ubuntu/scootbot/3.0.0/install/scootbot/share/scootbot/models/wall_with_reem_photo/model.sdf
[11.051s] -- Symlinking: /home/ubuntu/scootbot/3.0.0/install/scootbot/share/scootbot/models/wardrobe/meshes/wardrobe.stl
[11.066s] -- Symlinking: /home/ubuntu/scootbot/3.0.0/install/scootbot/share/scootbot/models/wardrobe/model.config
[11.080s] -- Symlinking: /home/ubuntu/scootbot/3.0.0/install/scootbot/share/scootbot/models/wardrobe/wardrobe.sdf
[11.094s] -- Symlinking: /home/ubuntu/scootbot/3.0.0/install/scootbot/share/scootbot/models/willowgarage/materials/textures/Carpet_Berber_Pattern_Gray_.png
[11.109s] -- Symlinking: /home/ubuntu/scootbot/3.0.0/install/scootbot/share/scootbot/models/willowgarage/materials/textures/Stone_Brushed_Khaki_.png
[11.123s] -- Symlinking: /home/ubuntu/scootbot/3.0.0/install/scootbot/share/scootbot/models/willowgarage/materials/textures/Wood_Bamboo_Medium_.png
[11.138s] -- Symlinking: /home/ubuntu/scootbot/3.0.0/install/scootbot/share/scootbot/models/willowgarage/materials/textures/Wood_Cherry_Original_.png
[11.152s] -- Symlinking: /home/ubuntu/scootbot/3.0.0/install/scootbot/share/scootbot/models/willowgarage/materials/textures/__Wood_Bamboo_Medium_1.png
[11.167s] -- Symlinking: /home/ubuntu/scootbot/3.0.0/install/scootbot/share/scootbot/models/willowgarage/materials/textures/__auto_12.png
[11.181s] -- Symlinking: /home/ubuntu/scootbot/3.0.0/install/scootbot/share/scootbot/models/willowgarage/materials/textures/__auto_2.png
[11.195s] -- Symlinking: /home/ubuntu/scootbot/3.0.0/install/scootbot/share/scootbot/models/willowgarage/meshes/willowgarage_collision.dae
[11.210s] -- Symlinking: /home/ubuntu/scootbot/3.0.0/install/scootbot/share/scootbot/models/willowgarage/meshes/willowgarage_visual.dae
[11.228s] -- Symlinking: /home/ubuntu/scootbot/3.0.0/install/scootbot/share/ament_index/resource_index/package_run_dependencies/scootbot
[11.243s] -- Symlinking: /home/ubuntu/scootbot/3.0.0/install/scootbot/share/ament_index/resource_index/parent_prefix_path/scootbot
[11.258s] -- Symlinking: /home/ubuntu/scootbot/3.0.0/install/scootbot/share/scootbot/environment/ament_prefix_path.sh
[11.273s] -- Symlinking: /home/ubuntu/scootbot/3.0.0/install/scootbot/share/scootbot/environment/ament_prefix_path.dsv
[11.288s] -- Symlinking: /home/ubuntu/scootbot/3.0.0/install/scootbot/share/scootbot/environment/path.sh
[11.304s] -- Symlinking: /home/ubuntu/scootbot/3.0.0/install/scootbot/share/scootbot/environment/path.dsv
[11.327s] -- Symlinking: /home/ubuntu/scootbot/3.0.0/install/scootbot/share/scootbot/local_setup.bash
[11.347s] -- Symlinking: /home/ubuntu/scootbot/3.0.0/install/scootbot/share/scootbot/local_setup.sh
[11.362s] -- Symlinking: /home/ubuntu/scootbot/3.0.0/install/scootbot/share/scootbot/local_setup.zsh
[11.381s] -- Symlinking: /home/ubuntu/scootbot/3.0.0/install/scootbot/share/scootbot/local_setup.dsv
[11.402s] -- Symlinking: /home/ubuntu/scootbot/3.0.0/install/scootbot/share/scootbot/package.dsv
[11.420s] -- Symlinking: /home/ubuntu/scootbot/3.0.0/install/scootbot/share/ament_index/resource_index/packages/scootbot
[11.442s] -- Symlinking: /home/ubuntu/scootbot/3.0.0/install/scootbot/share/scootbot/cmake/scootbotConfig.cmake
[11.457s] -- Symlinking: /home/ubuntu/scootbot/3.0.0/install/scootbot/share/scootbot/cmake/scootbotConfig-version.cmake
[11.473s] -- Symlinking: /home/ubuntu/scootbot/3.0.0/install/scootbot/share/scootbot/package.xml
[11.497s] Invoked command in '/home/ubuntu/scootbot/3.0.0/build/scootbot' returned '0': CMAKE_PREFIX_PATH=${CMAKE_PREFIX_PATH}:/opt/ros/humble /usr/bin/cmake --install /home/ubuntu/scootbot/3.0.0/build/scootbot
