[0.038s] Invoking command in '/home/ubuntu/scootbot/3.0.0/build/twist_mux': CMAKE_PREFIX_PATH=/opt/ros/humble /usr/bin/cmake --build /home/ubuntu/scootbot/3.0.0/build/twist_mux -- -j4 -l4
[0.334s] [ 66%] Built target twist_mux
[0.360s] [100%] Built target twist_marker
[0.398s] Invoked command in '/home/ubuntu/scootbot/3.0.0/build/twist_mux' returned '0': CMAKE_PREFIX_PATH=/opt/ros/humble /usr/bin/cmake --build /home/ubuntu/scootbot/3.0.0/build/twist_mux -- -j4 -l4
[0.547s] Invoking command in '/home/ubuntu/scootbot/3.0.0/build/twist_mux': CMAKE_PREFIX_PATH=/opt/ros/humble /usr/bin/cmake --install /home/ubuntu/scootbot/3.0.0/build/twist_mux
[0.594s] -- Install configuration: ""
[0.595s] -- Execute custom install script
[0.596s] -- Up-to-date symlink: /home/ubuntu/scootbot/3.0.0/install/twist_mux/lib/twist_mux/twist_mux
[0.601s] -- Up-to-date symlink: /home/ubuntu/scootbot/3.0.0/install/twist_mux/lib/twist_mux/twist_marker
[0.608s] -- Up-to-date symlink: /home/ubuntu/scootbot/3.0.0/install/twist_mux/share/twist_mux/launch/twist_mux.launch
[0.609s] -- Up-to-date symlink: /home/ubuntu/scootbot/3.0.0/install/twist_mux/share/twist_mux/launch/twist_mux_launch.py
[0.610s] -- Up-to-date symlink: /home/ubuntu/scootbot/3.0.0/install/twist_mux/share/twist_mux/config/joystick.yaml
[0.611s] -- Up-to-date symlink: /home/ubuntu/scootbot/3.0.0/install/twist_mux/share/twist_mux/config/twist_mux_locks.yaml
[0.611s] -- Up-to-date symlink: /home/ubuntu/scootbot/3.0.0/install/twist_mux/share/twist_mux/config/twist_mux_topics.yaml
[0.613s] -- Up-to-date symlink: /home/ubuntu/scootbot/3.0.0/install/twist_mux/include/twist_mux/params_helpers.hpp
[0.614s] -- Up-to-date symlink: /home/ubuntu/scootbot/3.0.0/install/twist_mux/include/twist_mux/topic_handle.hpp
[0.615s] -- Up-to-date symlink: /home/ubuntu/scootbot/3.0.0/install/twist_mux/include/twist_mux/twist_mux.hpp
[0.615s] -- Up-to-date symlink: /home/ubuntu/scootbot/3.0.0/install/twist_mux/include/twist_mux/twist_mux_diagnostics.hpp
[0.616s] -- Up-to-date symlink: /home/ubuntu/scootbot/3.0.0/install/twist_mux/include/twist_mux/twist_mux_diagnostics_status.hpp
[0.617s] -- Up-to-date symlink: /home/ubuntu/scootbot/3.0.0/install/twist_mux/include/twist_mux/utils.hpp
[0.618s] -- Up-to-date symlink: /home/ubuntu/scootbot/3.0.0/install/twist_mux/share/ament_index/resource_index/package_run_dependencies/twist_mux
[0.618s] -- Up-to-date symlink: /home/ubuntu/scootbot/3.0.0/install/twist_mux/share/ament_index/resource_index/parent_prefix_path/twist_mux
[0.619s] -- Up-to-date symlink: /home/ubuntu/scootbot/3.0.0/install/twist_mux/share/twist_mux/environment/ament_prefix_path.sh
[0.619s] -- Up-to-date symlink: /home/ubuntu/scootbot/3.0.0/install/twist_mux/share/twist_mux/environment/ament_prefix_path.dsv
[0.620s] -- Up-to-date symlink: /home/ubuntu/scootbot/3.0.0/install/twist_mux/share/twist_mux/environment/path.sh
[0.620s] -- Up-to-date symlink: /home/ubuntu/scootbot/3.0.0/install/twist_mux/share/twist_mux/environment/path.dsv
[0.620s] -- Up-to-date symlink: /home/ubuntu/scootbot/3.0.0/install/twist_mux/share/twist_mux/local_setup.bash
[0.621s] -- Up-to-date symlink: /home/ubuntu/scootbot/3.0.0/install/twist_mux/share/twist_mux/local_setup.sh
[0.621s] -- Up-to-date symlink: /home/ubuntu/scootbot/3.0.0/install/twist_mux/share/twist_mux/local_setup.zsh
[0.621s] -- Up-to-date symlink: /home/ubuntu/scootbot/3.0.0/install/twist_mux/share/twist_mux/local_setup.dsv
[0.622s] -- Symlinking: /home/ubuntu/scootbot/3.0.0/install/twist_mux/share/twist_mux/package.dsv
[0.634s] -- Up-to-date symlink: /home/ubuntu/scootbot/3.0.0/install/twist_mux/share/ament_index/resource_index/packages/twist_mux
[0.635s] -- Up-to-date symlink: /home/ubuntu/scootbot/3.0.0/install/twist_mux/share/twist_mux/cmake/ament_cmake_export_include_directories-extras.cmake
[0.635s] -- Up-to-date symlink: /home/ubuntu/scootbot/3.0.0/install/twist_mux/share/twist_mux/cmake/ament_cmake_export_dependencies-extras.cmake
[0.636s] -- Up-to-date symlink: /home/ubuntu/scootbot/3.0.0/install/twist_mux/share/twist_mux/cmake/twist_muxConfig.cmake
[0.636s] -- Up-to-date symlink: /home/ubuntu/scootbot/3.0.0/install/twist_mux/share/twist_mux/cmake/twist_muxConfig-version.cmake
[0.636s] -- Up-to-date symlink: /home/ubuntu/scootbot/3.0.0/install/twist_mux/share/twist_mux/package.xml
[0.692s] Invoked command in '/home/ubuntu/scootbot/3.0.0/build/twist_mux' returned '0': CMAKE_PREFIX_PATH=/opt/ros/humble /usr/bin/cmake --install /home/ubuntu/scootbot/3.0.0/build/twist_mux
