[5.134s] Invoking command in '/home/ubuntu/scootbot/build/sabertooth': PYTHONPATH=/home/ubuntu/scootbot/install/sabertooth/lib/python3.8/site-packages:${PYTHONPATH} /usr/bin/python3 setup.py develop --prefix /home/ubuntu/scootbot/install/sabertooth --uninstall --editable --build-directory /home/ubuntu/scootbot/build/sabertooth/build
[7.150s] running develop
[8.535s] Invoked command in '/home/ubuntu/scootbot/build/sabertooth' returned '0': PYTHONPATH=/home/ubuntu/scootbot/install/sabertooth/lib/python3.8/site-packages:${PYTHONPATH} /usr/bin/python3 setup.py develop --prefix /home/ubuntu/scootbot/install/sabertooth --uninstall --editable --build-directory /home/ubuntu/scootbot/build/sabertooth/build
[8.551s] Invoking command in '/home/ubuntu/scootbot/src/sabertooth': PYTHONPATH=/home/ubuntu/scootbot/install/sabertooth/lib/python3.8/site-packages:${PYTHONPATH} /usr/bin/python3 setup.py egg_info --egg-base ../../build/sabertooth build --build-base /home/ubuntu/scootbot/build/sabertooth/build install --prefix /home/ubuntu/scootbot/install/sabertooth --record /home/ubuntu/scootbot/build/sabertooth/install.log --single-version-externally-managed
[10.420s] running egg_info
[10.424s] writing ../../build/sabertooth/sabertooth.egg-info/PKG-INFO
[10.427s] writing dependency_links to ../../build/sabertooth/sabertooth.egg-info/dependency_links.txt
[10.428s] writing entry points to ../../build/sabertooth/sabertooth.egg-info/entry_points.txt
[10.430s] writing requirements to ../../build/sabertooth/sabertooth.egg-info/requires.txt
[10.432s] writing top-level names to ../../build/sabertooth/sabertooth.egg-info/top_level.txt
[10.752s] reading manifest file '../../build/sabertooth/sabertooth.egg-info/SOURCES.txt'
[10.760s] writing manifest file '../../build/sabertooth/sabertooth.egg-info/SOURCES.txt'
[10.762s] running build
[10.763s] running build_py
[10.764s] copying sabertooth/drive.py -> /home/ubuntu/scootbot/build/sabertooth/build/lib/sabertooth
[10.766s] running install
[10.772s] running install_lib
[10.780s] copying /home/ubuntu/scootbot/build/sabertooth/build/lib/sabertooth/drive.py -> /home/ubuntu/scootbot/install/sabertooth/lib/python3.8/site-packages/sabertooth
[10.785s] byte-compiling /home/ubuntu/scootbot/install/sabertooth/lib/python3.8/site-packages/sabertooth/drive.py to drive.cpython-38.pyc
[10.797s] running install_data
[10.801s] running install_egg_info
[10.813s] removing '/home/ubuntu/scootbot/install/sabertooth/lib/python3.8/site-packages/sabertooth-0.0.0-py3.8.egg-info' (and everything under it)
[10.816s] Copying ../../build/sabertooth/sabertooth.egg-info to /home/ubuntu/scootbot/install/sabertooth/lib/python3.8/site-packages/sabertooth-0.0.0-py3.8.egg-info
[10.827s] running install_scripts
[10.963s] Installing drive script to /home/ubuntu/scootbot/install/sabertooth/lib/sabertooth
[10.966s] writing list of installed files to '/home/ubuntu/scootbot/build/sabertooth/install.log'
[11.170s] Invoked command in '/home/ubuntu/scootbot/src/sabertooth' returned '0': PYTHONPATH=/home/ubuntu/scootbot/install/sabertooth/lib/python3.8/site-packages:${PYTHONPATH} /usr/bin/python3 setup.py egg_info --egg-base ../../build/sabertooth build --build-base /home/ubuntu/scootbot/build/sabertooth/build install --prefix /home/ubuntu/scootbot/install/sabertooth --record /home/ubuntu/scootbot/build/sabertooth/install.log --single-version-externally-managed
