[1.841s] DEBUG:colcon:Command line arguments: ['/home/ubuntu/.local/bin/colcon', 'build', '--packages-select', 'scootbot_description']
[1.841s] DEBUG:colcon:Parsed command line arguments: Namespace(allow_overriding=[], ament_cmake_args=None, base_paths=['.'], build_base='build', catkin_cmake_args=None, catkin_skip_building_tests=False, cmake_args=None, cmake_clean_cache=False, cmake_clean_first=False, cmake_force_configure=False, cmake_target=None, cmake_target_skip_unavailable=False, continue_on_error=False, event_handlers=None, executor='parallel', ignore_user_meta=False, install_base='install', log_base=None, log_level=None, main=<bound method BuildVerb.main of <colcon_core.verb.build.BuildVerb object at 0xffff7f5e5850>>, merge_install=False, metas=['./colcon.meta'], packages_above=None, packages_above_and_dependencies=None, packages_above_depth=None, packages_end=None, packages_ignore=None, packages_ignore_regex=None, packages_select=['scootbot_description'], packages_select_build_failed=False, packages_select_by_dep=None, packages_select_regex=None, packages_select_test_failures=False, packages_skip=None, packages_skip_build_finished=False, packages_skip_by_dep=None, packages_skip_regex=None, packages_skip_test_passed=False, packages_skip_up_to=None, packages_start=None, packages_up_to=None, packages_up_to_regex=None, parallel_workers=4, paths=None, symlink_install=False, test_result_base=None, verb_extension=<colcon_core.verb.build.BuildVerb object at 0xffff7f5e5850>, verb_name='build', verb_parser=<colcon_defaults.argument_parser.defaults.DefaultArgumentsDecorator object at 0xffff7f5e5dc0>)
[1.898s] Level 1:colcon.colcon_core.package_discovery:discover_packages(colcon_meta) check parameters
[1.899s] Level 1:colcon.colcon_core.package_discovery:discover_packages(recursive) check parameters
[1.899s] Level 1:colcon.colcon_core.package_discovery:discover_packages(ignore) check parameters
[1.899s] Level 1:colcon.colcon_core.package_discovery:discover_packages(path) check parameters
[1.899s] Level 1:colcon.colcon_core.package_discovery:discover_packages(colcon_meta) discover
[1.899s] Level 1:colcon.colcon_core.package_discovery:discover_packages(recursive) discover
[1.899s] INFO:colcon.colcon_core.package_discovery:Crawling recursively for packages in '/home/ubuntu/scootbot'
[1.900s] Level 1:colcon.colcon_core.package_identification:_identify(.) by extensions ['ignore', 'ignore_ament_install']
[1.900s] Level 1:colcon.colcon_core.package_identification:_identify(.) by extension 'ignore'
[1.900s] Level 1:colcon.colcon_core.package_identification:_identify(.) by extension 'ignore_ament_install'
[1.901s] Level 1:colcon.colcon_core.package_identification:_identify(.) by extensions ['colcon_pkg']
[1.901s] Level 1:colcon.colcon_core.package_identification:_identify(.) by extension 'colcon_pkg'
[1.901s] Level 1:colcon.colcon_core.package_identification:_identify(.) by extensions ['colcon_meta']
[1.901s] Level 1:colcon.colcon_core.package_identification:_identify(.) by extension 'colcon_meta'
[1.901s] Level 1:colcon.colcon_core.package_identification:_identify(.) by extensions ['ros']
[1.901s] Level 1:colcon.colcon_core.package_identification:_identify(.) by extension 'ros'
[1.944s] Level 1:colcon.colcon_core.package_identification:_identify(.) by extensions ['cmake', 'python']
[1.944s] Level 1:colcon.colcon_core.package_identification:_identify(.) by extension 'cmake'
[1.945s] Level 1:colcon.colcon_core.package_identification:_identify(.) by extension 'python'
[1.945s] Level 1:colcon.colcon_core.package_identification:_identify(.) by extensions ['python_setup_py']
[1.945s] Level 1:colcon.colcon_core.package_identification:_identify(.) by extension 'python_setup_py'
[1.945s] Level 1:colcon.colcon_core.package_identification:_identify(api) by extensions ['ignore', 'ignore_ament_install']
[1.946s] Level 1:colcon.colcon_core.package_identification:_identify(api) by extension 'ignore'
[1.946s] Level 1:colcon.colcon_core.package_identification:_identify(api) by extension 'ignore_ament_install'
[1.946s] Level 1:colcon.colcon_core.package_identification:_identify(api) by extensions ['colcon_pkg']
[1.946s] Level 1:colcon.colcon_core.package_identification:_identify(api) by extension 'colcon_pkg'
[1.946s] Level 1:colcon.colcon_core.package_identification:_identify(api) by extensions ['colcon_meta']
[1.946s] Level 1:colcon.colcon_core.package_identification:_identify(api) by extension 'colcon_meta'
[1.947s] Level 1:colcon.colcon_core.package_identification:_identify(api) by extensions ['ros']
[1.947s] Level 1:colcon.colcon_core.package_identification:_identify(api) by extension 'ros'
[1.947s] Level 1:colcon.colcon_core.package_identification:_identify(api) by extensions ['cmake', 'python']
[1.947s] Level 1:colcon.colcon_core.package_identification:_identify(api) by extension 'cmake'
[1.947s] Level 1:colcon.colcon_core.package_identification:_identify(api) by extension 'python'
[1.947s] Level 1:colcon.colcon_core.package_identification:_identify(api) by extensions ['python_setup_py']
[1.948s] Level 1:colcon.colcon_core.package_identification:_identify(api) by extension 'python_setup_py'
[1.948s] Level 1:colcon.colcon_core.package_identification:_identify(api/__pycache__) by extensions ['ignore', 'ignore_ament_install']
[1.948s] Level 1:colcon.colcon_core.package_identification:_identify(api/__pycache__) by extension 'ignore'
[1.948s] Level 1:colcon.colcon_core.package_identification:_identify(api/__pycache__) by extension 'ignore_ament_install'
[1.949s] Level 1:colcon.colcon_core.package_identification:_identify(api/__pycache__) by extensions ['colcon_pkg']
[1.949s] Level 1:colcon.colcon_core.package_identification:_identify(api/__pycache__) by extension 'colcon_pkg'
[1.949s] Level 1:colcon.colcon_core.package_identification:_identify(api/__pycache__) by extensions ['colcon_meta']
[1.949s] Level 1:colcon.colcon_core.package_identification:_identify(api/__pycache__) by extension 'colcon_meta'
[1.949s] Level 1:colcon.colcon_core.package_identification:_identify(api/__pycache__) by extensions ['ros']
[1.949s] Level 1:colcon.colcon_core.package_identification:_identify(api/__pycache__) by extension 'ros'
[1.950s] Level 1:colcon.colcon_core.package_identification:_identify(api/__pycache__) by extensions ['cmake', 'python']
[1.950s] Level 1:colcon.colcon_core.package_identification:_identify(api/__pycache__) by extension 'cmake'
[1.950s] Level 1:colcon.colcon_core.package_identification:_identify(api/__pycache__) by extension 'python'
[1.950s] Level 1:colcon.colcon_core.package_identification:_identify(api/__pycache__) by extensions ['python_setup_py']
[1.950s] Level 1:colcon.colcon_core.package_identification:_identify(api/__pycache__) by extension 'python_setup_py'
[1.950s] Level 1:colcon.colcon_core.package_identification:_identify(build) by extensions ['ignore', 'ignore_ament_install']
[1.951s] Level 1:colcon.colcon_core.package_identification:_identify(build) by extension 'ignore'
[1.951s] Level 1:colcon.colcon_core.package_identification:_identify(build) ignored
[1.951s] Level 1:colcon.colcon_core.package_identification:_identify(config) by extensions ['ignore', 'ignore_ament_install']
[1.952s] Level 1:colcon.colcon_core.package_identification:_identify(config) by extension 'ignore'
[1.952s] Level 1:colcon.colcon_core.package_identification:_identify(config) by extension 'ignore_ament_install'
[1.952s] Level 1:colcon.colcon_core.package_identification:_identify(config) by extensions ['colcon_pkg']
[1.952s] Level 1:colcon.colcon_core.package_identification:_identify(config) by extension 'colcon_pkg'
[1.952s] Level 1:colcon.colcon_core.package_identification:_identify(config) by extensions ['colcon_meta']
[1.952s] Level 1:colcon.colcon_core.package_identification:_identify(config) by extension 'colcon_meta'
[1.953s] Level 1:colcon.colcon_core.package_identification:_identify(config) by extensions ['ros']
[1.953s] Level 1:colcon.colcon_core.package_identification:_identify(config) by extension 'ros'
[1.953s] Level 1:colcon.colcon_core.package_identification:_identify(config) by extensions ['cmake', 'python']
[1.953s] Level 1:colcon.colcon_core.package_identification:_identify(config) by extension 'cmake'
[1.953s] Level 1:colcon.colcon_core.package_identification:_identify(config) by extension 'python'
[1.953s] Level 1:colcon.colcon_core.package_identification:_identify(config) by extensions ['python_setup_py']
[1.953s] Level 1:colcon.colcon_core.package_identification:_identify(config) by extension 'python_setup_py'
[1.954s] Level 1:colcon.colcon_core.package_identification:_identify(install) by extensions ['ignore', 'ignore_ament_install']
[1.954s] Level 1:colcon.colcon_core.package_identification:_identify(install) by extension 'ignore'
[1.954s] Level 1:colcon.colcon_core.package_identification:_identify(install) ignored
[1.955s] Level 1:colcon.colcon_core.package_identification:_identify(launch) by extensions ['ignore', 'ignore_ament_install']
[1.955s] Level 1:colcon.colcon_core.package_identification:_identify(launch) by extension 'ignore'
[1.955s] Level 1:colcon.colcon_core.package_identification:_identify(launch) by extension 'ignore_ament_install'
[1.955s] Level 1:colcon.colcon_core.package_identification:_identify(launch) by extensions ['colcon_pkg']
[1.955s] Level 1:colcon.colcon_core.package_identification:_identify(launch) by extension 'colcon_pkg'
[1.956s] Level 1:colcon.colcon_core.package_identification:_identify(launch) by extensions ['colcon_meta']
[1.956s] Level 1:colcon.colcon_core.package_identification:_identify(launch) by extension 'colcon_meta'
[1.956s] Level 1:colcon.colcon_core.package_identification:_identify(launch) by extensions ['ros']
[1.956s] Level 1:colcon.colcon_core.package_identification:_identify(launch) by extension 'ros'
[1.956s] Level 1:colcon.colcon_core.package_identification:_identify(launch) by extensions ['cmake', 'python']
[1.956s] Level 1:colcon.colcon_core.package_identification:_identify(launch) by extension 'cmake'
[1.957s] Level 1:colcon.colcon_core.package_identification:_identify(launch) by extension 'python'
[1.957s] Level 1:colcon.colcon_core.package_identification:_identify(launch) by extensions ['python_setup_py']
[1.957s] Level 1:colcon.colcon_core.package_identification:_identify(launch) by extension 'python_setup_py'
[1.957s] Level 1:colcon.colcon_core.package_identification:_identify(log) by extensions ['ignore', 'ignore_ament_install']
[1.958s] Level 1:colcon.colcon_core.package_identification:_identify(log) by extension 'ignore'
[1.958s] Level 1:colcon.colcon_core.package_identification:_identify(log) ignored
[1.958s] Level 1:colcon.colcon_core.package_identification:_identify(scripts) by extensions ['ignore', 'ignore_ament_install']
[1.958s] Level 1:colcon.colcon_core.package_identification:_identify(scripts) by extension 'ignore'
[1.958s] Level 1:colcon.colcon_core.package_identification:_identify(scripts) by extension 'ignore_ament_install'
[1.959s] Level 1:colcon.colcon_core.package_identification:_identify(scripts) by extensions ['colcon_pkg']
[1.959s] Level 1:colcon.colcon_core.package_identification:_identify(scripts) by extension 'colcon_pkg'
[1.959s] Level 1:colcon.colcon_core.package_identification:_identify(scripts) by extensions ['colcon_meta']
[1.959s] Level 1:colcon.colcon_core.package_identification:_identify(scripts) by extension 'colcon_meta'
[1.959s] Level 1:colcon.colcon_core.package_identification:_identify(scripts) by extensions ['ros']
[1.959s] Level 1:colcon.colcon_core.package_identification:_identify(scripts) by extension 'ros'
[1.960s] Level 1:colcon.colcon_core.package_identification:_identify(scripts) by extensions ['cmake', 'python']
[1.960s] Level 1:colcon.colcon_core.package_identification:_identify(scripts) by extension 'cmake'
[1.960s] Level 1:colcon.colcon_core.package_identification:_identify(scripts) by extension 'python'
[1.960s] Level 1:colcon.colcon_core.package_identification:_identify(scripts) by extensions ['python_setup_py']
[1.960s] Level 1:colcon.colcon_core.package_identification:_identify(scripts) by extension 'python_setup_py'
[1.960s] Level 1:colcon.colcon_core.package_identification:_identify(scripts/ai) by extensions ['ignore', 'ignore_ament_install']
[1.961s] Level 1:colcon.colcon_core.package_identification:_identify(scripts/ai) by extension 'ignore'
[1.961s] Level 1:colcon.colcon_core.package_identification:_identify(scripts/ai) by extension 'ignore_ament_install'
[1.961s] Level 1:colcon.colcon_core.package_identification:_identify(scripts/ai) by extensions ['colcon_pkg']
[1.961s] Level 1:colcon.colcon_core.package_identification:_identify(scripts/ai) by extension 'colcon_pkg'
[1.961s] Level 1:colcon.colcon_core.package_identification:_identify(scripts/ai) by extensions ['colcon_meta']
[1.962s] Level 1:colcon.colcon_core.package_identification:_identify(scripts/ai) by extension 'colcon_meta'
[1.962s] Level 1:colcon.colcon_core.package_identification:_identify(scripts/ai) by extensions ['ros']
[1.962s] Level 1:colcon.colcon_core.package_identification:_identify(scripts/ai) by extension 'ros'
[1.962s] Level 1:colcon.colcon_core.package_identification:_identify(scripts/ai) by extensions ['cmake', 'python']
[1.962s] Level 1:colcon.colcon_core.package_identification:_identify(scripts/ai) by extension 'cmake'
[1.962s] Level 1:colcon.colcon_core.package_identification:_identify(scripts/ai) by extension 'python'
[1.962s] Level 1:colcon.colcon_core.package_identification:_identify(scripts/ai) by extensions ['python_setup_py']
[1.963s] Level 1:colcon.colcon_core.package_identification:_identify(scripts/ai) by extension 'python_setup_py'
[1.963s] Level 1:colcon.colcon_core.package_identification:_identify(scripts/motor) by extensions ['ignore', 'ignore_ament_install']
[1.963s] Level 1:colcon.colcon_core.package_identification:_identify(scripts/motor) by extension 'ignore'
[1.964s] Level 1:colcon.colcon_core.package_identification:_identify(scripts/motor) by extension 'ignore_ament_install'
[1.964s] Level 1:colcon.colcon_core.package_identification:_identify(scripts/motor) by extensions ['colcon_pkg']
[1.964s] Level 1:colcon.colcon_core.package_identification:_identify(scripts/motor) by extension 'colcon_pkg'
[1.964s] Level 1:colcon.colcon_core.package_identification:_identify(scripts/motor) by extensions ['colcon_meta']
[1.964s] Level 1:colcon.colcon_core.package_identification:_identify(scripts/motor) by extension 'colcon_meta'
[1.964s] Level 1:colcon.colcon_core.package_identification:_identify(scripts/motor) by extensions ['ros']
[1.964s] Level 1:colcon.colcon_core.package_identification:_identify(scripts/motor) by extension 'ros'
[1.965s] Level 1:colcon.colcon_core.package_identification:_identify(scripts/motor) by extensions ['cmake', 'python']
[1.965s] Level 1:colcon.colcon_core.package_identification:_identify(scripts/motor) by extension 'cmake'
[1.965s] Level 1:colcon.colcon_core.package_identification:_identify(scripts/motor) by extension 'python'
[1.965s] Level 1:colcon.colcon_core.package_identification:_identify(scripts/motor) by extensions ['python_setup_py']
[1.965s] Level 1:colcon.colcon_core.package_identification:_identify(scripts/motor) by extension 'python_setup_py'
[1.966s] Level 1:colcon.colcon_core.package_identification:_identify(scripts/ws) by extensions ['ignore', 'ignore_ament_install']
[1.966s] Level 1:colcon.colcon_core.package_identification:_identify(scripts/ws) by extension 'ignore'
[1.966s] Level 1:colcon.colcon_core.package_identification:_identify(scripts/ws) by extension 'ignore_ament_install'
[1.966s] Level 1:colcon.colcon_core.package_identification:_identify(scripts/ws) by extensions ['colcon_pkg']
[1.966s] Level 1:colcon.colcon_core.package_identification:_identify(scripts/ws) by extension 'colcon_pkg'
[1.966s] Level 1:colcon.colcon_core.package_identification:_identify(scripts/ws) by extensions ['colcon_meta']
[1.966s] Level 1:colcon.colcon_core.package_identification:_identify(scripts/ws) by extension 'colcon_meta'
[1.967s] Level 1:colcon.colcon_core.package_identification:_identify(scripts/ws) by extensions ['ros']
[1.967s] Level 1:colcon.colcon_core.package_identification:_identify(scripts/ws) by extension 'ros'
[1.967s] Level 1:colcon.colcon_core.package_identification:_identify(scripts/ws) by extensions ['cmake', 'python']
[1.967s] Level 1:colcon.colcon_core.package_identification:_identify(scripts/ws) by extension 'cmake'
[1.967s] Level 1:colcon.colcon_core.package_identification:_identify(scripts/ws) by extension 'python'
[1.968s] Level 1:colcon.colcon_core.package_identification:_identify(scripts/ws) by extensions ['python_setup_py']
[1.968s] Level 1:colcon.colcon_core.package_identification:_identify(scripts/ws) by extension 'python_setup_py'
[1.968s] Level 1:colcon.colcon_core.package_identification:_identify(src) by extensions ['ignore', 'ignore_ament_install']
[1.968s] Level 1:colcon.colcon_core.package_identification:_identify(src) by extension 'ignore'
[1.969s] Level 1:colcon.colcon_core.package_identification:_identify(src) by extension 'ignore_ament_install'
[1.969s] Level 1:colcon.colcon_core.package_identification:_identify(src) by extensions ['colcon_pkg']
[1.969s] Level 1:colcon.colcon_core.package_identification:_identify(src) by extension 'colcon_pkg'
[1.969s] Level 1:colcon.colcon_core.package_identification:_identify(src) by extensions ['colcon_meta']
[1.969s] Level 1:colcon.colcon_core.package_identification:_identify(src) by extension 'colcon_meta'
[1.969s] Level 1:colcon.colcon_core.package_identification:_identify(src) by extensions ['ros']
[1.969s] Level 1:colcon.colcon_core.package_identification:_identify(src) by extension 'ros'
[1.970s] Level 1:colcon.colcon_core.package_identification:_identify(src) by extensions ['cmake', 'python']
[1.970s] Level 1:colcon.colcon_core.package_identification:_identify(src) by extension 'cmake'
[1.970s] Level 1:colcon.colcon_core.package_identification:_identify(src) by extension 'python'
[1.970s] Level 1:colcon.colcon_core.package_identification:_identify(src) by extensions ['python_setup_py']
[1.970s] Level 1:colcon.colcon_core.package_identification:_identify(src) by extension 'python_setup_py'
[1.970s] Level 1:colcon.colcon_core.package_identification:_identify(src/examples) by extensions ['ignore', 'ignore_ament_install']
[1.971s] Level 1:colcon.colcon_core.package_identification:_identify(src/examples) by extension 'ignore'
[1.971s] Level 1:colcon.colcon_core.package_identification:_identify(src/examples) by extension 'ignore_ament_install'
[1.971s] Level 1:colcon.colcon_core.package_identification:_identify(src/examples) by extensions ['colcon_pkg']
[1.971s] Level 1:colcon.colcon_core.package_identification:_identify(src/examples) by extension 'colcon_pkg'
[1.971s] Level 1:colcon.colcon_core.package_identification:_identify(src/examples) by extensions ['colcon_meta']
[1.972s] Level 1:colcon.colcon_core.package_identification:_identify(src/examples) by extension 'colcon_meta'
[1.972s] Level 1:colcon.colcon_core.package_identification:_identify(src/examples) by extensions ['ros']
[1.972s] Level 1:colcon.colcon_core.package_identification:_identify(src/examples) by extension 'ros'
[1.972s] Level 1:colcon.colcon_core.package_identification:_identify(src/examples) by extensions ['cmake', 'python']
[1.972s] Level 1:colcon.colcon_core.package_identification:_identify(src/examples) by extension 'cmake'
[1.972s] Level 1:colcon.colcon_core.package_identification:_identify(src/examples) by extension 'python'
[1.973s] Level 1:colcon.colcon_core.package_identification:_identify(src/examples) by extensions ['python_setup_py']
[1.973s] Level 1:colcon.colcon_core.package_identification:_identify(src/examples) by extension 'python_setup_py'
[1.973s] Level 1:colcon.colcon_core.package_identification:_identify(src/joy_cmd) by extensions ['ignore', 'ignore_ament_install']
[1.973s] Level 1:colcon.colcon_core.package_identification:_identify(src/joy_cmd) by extension 'ignore'
[1.973s] Level 1:colcon.colcon_core.package_identification:_identify(src/joy_cmd) by extension 'ignore_ament_install'
[1.974s] Level 1:colcon.colcon_core.package_identification:_identify(src/joy_cmd) by extensions ['colcon_pkg']
[1.974s] Level 1:colcon.colcon_core.package_identification:_identify(src/joy_cmd) by extension 'colcon_pkg'
[1.974s] Level 1:colcon.colcon_core.package_identification:_identify(src/joy_cmd) by extensions ['colcon_meta']
[1.974s] Level 1:colcon.colcon_core.package_identification:_identify(src/joy_cmd) by extension 'colcon_meta'
[1.974s] Level 1:colcon.colcon_core.package_identification:_identify(src/joy_cmd) by extensions ['ros']
[1.974s] Level 1:colcon.colcon_core.package_identification:_identify(src/joy_cmd) by extension 'ros'
[1.982s] DEBUG:colcon.colcon_core.package_identification:Package 'src/joy_cmd' with type 'ros.ament_python' and name 'joy_cmd'
[1.983s] Level 1:colcon.colcon_core.package_identification:_identify(src/rf2o_laser_odometry) by extensions ['ignore', 'ignore_ament_install']
[1.983s] Level 1:colcon.colcon_core.package_identification:_identify(src/rf2o_laser_odometry) by extension 'ignore'
[1.983s] Level 1:colcon.colcon_core.package_identification:_identify(src/rf2o_laser_odometry) by extension 'ignore_ament_install'
[1.984s] Level 1:colcon.colcon_core.package_identification:_identify(src/rf2o_laser_odometry) by extensions ['colcon_pkg']
[1.984s] Level 1:colcon.colcon_core.package_identification:_identify(src/rf2o_laser_odometry) by extension 'colcon_pkg'
[1.984s] Level 1:colcon.colcon_core.package_identification:_identify(src/rf2o_laser_odometry) by extensions ['colcon_meta']
[1.984s] Level 1:colcon.colcon_core.package_identification:_identify(src/rf2o_laser_odometry) by extension 'colcon_meta'
[1.984s] Level 1:colcon.colcon_core.package_identification:_identify(src/rf2o_laser_odometry) by extensions ['ros']
[1.984s] Level 1:colcon.colcon_core.package_identification:_identify(src/rf2o_laser_odometry) by extension 'ros'
[1.985s] Level 1:colcon.colcon_core.package_identification:_identify(src/rf2o_laser_odometry) by extensions ['cmake', 'python']
[1.985s] Level 1:colcon.colcon_core.package_identification:_identify(src/rf2o_laser_odometry) by extension 'cmake'
[1.985s] Level 1:colcon.colcon_core.package_identification:_identify(src/rf2o_laser_odometry) by extension 'python'
[1.985s] Level 1:colcon.colcon_core.package_identification:_identify(src/rf2o_laser_odometry) by extensions ['python_setup_py']
[1.985s] Level 1:colcon.colcon_core.package_identification:_identify(src/rf2o_laser_odometry) by extension 'python_setup_py'
[1.986s] Level 1:colcon.colcon_core.package_identification:_identify(src/ros2_differential_drive) by extensions ['ignore', 'ignore_ament_install']
[1.986s] Level 1:colcon.colcon_core.package_identification:_identify(src/ros2_differential_drive) by extension 'ignore'
[1.986s] Level 1:colcon.colcon_core.package_identification:_identify(src/ros2_differential_drive) by extension 'ignore_ament_install'
[1.986s] Level 1:colcon.colcon_core.package_identification:_identify(src/ros2_differential_drive) by extensions ['colcon_pkg']
[1.986s] Level 1:colcon.colcon_core.package_identification:_identify(src/ros2_differential_drive) by extension 'colcon_pkg'
[1.987s] Level 1:colcon.colcon_core.package_identification:_identify(src/ros2_differential_drive) by extensions ['colcon_meta']
[1.987s] Level 1:colcon.colcon_core.package_identification:_identify(src/ros2_differential_drive) by extension 'colcon_meta'
[1.987s] Level 1:colcon.colcon_core.package_identification:_identify(src/ros2_differential_drive) by extensions ['ros']
[1.987s] Level 1:colcon.colcon_core.package_identification:_identify(src/ros2_differential_drive) by extension 'ros'
[1.990s] DEBUG:colcon.colcon_core.package_identification:Package 'src/ros2_differential_drive' with type 'ros.ament_python' and name 'differential_drive'
[1.990s] Level 1:colcon.colcon_core.package_identification:_identify(src/ros2_pi_gpio) by extensions ['ignore', 'ignore_ament_install']
[1.991s] Level 1:colcon.colcon_core.package_identification:_identify(src/ros2_pi_gpio) by extension 'ignore'
[1.991s] Level 1:colcon.colcon_core.package_identification:_identify(src/ros2_pi_gpio) by extension 'ignore_ament_install'
[1.991s] Level 1:colcon.colcon_core.package_identification:_identify(src/ros2_pi_gpio) by extensions ['colcon_pkg']
[1.991s] Level 1:colcon.colcon_core.package_identification:_identify(src/ros2_pi_gpio) by extension 'colcon_pkg'
[1.991s] Level 1:colcon.colcon_core.package_identification:_identify(src/ros2_pi_gpio) by extensions ['colcon_meta']
[1.992s] Level 1:colcon.colcon_core.package_identification:_identify(src/ros2_pi_gpio) by extension 'colcon_meta'
[1.992s] Level 1:colcon.colcon_core.package_identification:_identify(src/ros2_pi_gpio) by extensions ['ros']
[1.992s] Level 1:colcon.colcon_core.package_identification:_identify(src/ros2_pi_gpio) by extension 'ros'
[1.992s] Level 1:colcon.colcon_core.package_identification:_identify(src/ros2_pi_gpio) by extensions ['cmake', 'python']
[1.992s] Level 1:colcon.colcon_core.package_identification:_identify(src/ros2_pi_gpio) by extension 'cmake'
[1.992s] Level 1:colcon.colcon_core.package_identification:_identify(src/ros2_pi_gpio) by extension 'python'
[1.993s] Level 1:colcon.colcon_core.package_identification:_identify(src/ros2_pi_gpio) by extensions ['python_setup_py']
[1.993s] Level 1:colcon.colcon_core.package_identification:_identify(src/ros2_pi_gpio) by extension 'python_setup_py'
[1.993s] Level 1:colcon.colcon_core.package_identification:_identify(src/sabertooth) by extensions ['ignore', 'ignore_ament_install']
[1.993s] Level 1:colcon.colcon_core.package_identification:_identify(src/sabertooth) by extension 'ignore'
[1.994s] Level 1:colcon.colcon_core.package_identification:_identify(src/sabertooth) by extension 'ignore_ament_install'
[1.994s] Level 1:colcon.colcon_core.package_identification:_identify(src/sabertooth) by extensions ['colcon_pkg']
[1.994s] Level 1:colcon.colcon_core.package_identification:_identify(src/sabertooth) by extension 'colcon_pkg'
[1.994s] Level 1:colcon.colcon_core.package_identification:_identify(src/sabertooth) by extensions ['colcon_meta']
[1.994s] Level 1:colcon.colcon_core.package_identification:_identify(src/sabertooth) by extension 'colcon_meta'
[1.994s] Level 1:colcon.colcon_core.package_identification:_identify(src/sabertooth) by extensions ['ros']
[1.994s] Level 1:colcon.colcon_core.package_identification:_identify(src/sabertooth) by extension 'ros'
[1.997s] DEBUG:colcon.colcon_core.package_identification:Package 'src/sabertooth' with type 'ros.ament_python' and name 'sabertooth'
[1.998s] Level 1:colcon.colcon_core.package_identification:_identify(src/scootbot_description) by extensions ['ignore', 'ignore_ament_install']
[1.998s] Level 1:colcon.colcon_core.package_identification:_identify(src/scootbot_description) by extension 'ignore'
[1.998s] Level 1:colcon.colcon_core.package_identification:_identify(src/scootbot_description) by extension 'ignore_ament_install'
[1.999s] Level 1:colcon.colcon_core.package_identification:_identify(src/scootbot_description) by extensions ['colcon_pkg']
[1.999s] Level 1:colcon.colcon_core.package_identification:_identify(src/scootbot_description) by extension 'colcon_pkg'
[1.999s] Level 1:colcon.colcon_core.package_identification:_identify(src/scootbot_description) by extensions ['colcon_meta']
[1.999s] Level 1:colcon.colcon_core.package_identification:_identify(src/scootbot_description) by extension 'colcon_meta'
[1.999s] Level 1:colcon.colcon_core.package_identification:_identify(src/scootbot_description) by extensions ['ros']
[1.999s] Level 1:colcon.colcon_core.package_identification:_identify(src/scootbot_description) by extension 'ros'
[2.001s] DEBUG:colcon.colcon_core.package_identification:Package 'src/scootbot_description' with type 'ros.ament_cmake' and name 'scootbot_description'
[2.002s] Level 1:colcon.colcon_core.package_identification:_identify(src/sllidar_ros2) by extensions ['ignore', 'ignore_ament_install']
[2.002s] Level 1:colcon.colcon_core.package_identification:_identify(src/sllidar_ros2) by extension 'ignore'
[2.002s] Level 1:colcon.colcon_core.package_identification:_identify(src/sllidar_ros2) by extension 'ignore_ament_install'
[2.003s] Level 1:colcon.colcon_core.package_identification:_identify(src/sllidar_ros2) by extensions ['colcon_pkg']
[2.003s] Level 1:colcon.colcon_core.package_identification:_identify(src/sllidar_ros2) by extension 'colcon_pkg'
[2.003s] Level 1:colcon.colcon_core.package_identification:_identify(src/sllidar_ros2) by extensions ['colcon_meta']
[2.003s] Level 1:colcon.colcon_core.package_identification:_identify(src/sllidar_ros2) by extension 'colcon_meta'
[2.003s] Level 1:colcon.colcon_core.package_identification:_identify(src/sllidar_ros2) by extensions ['ros']
[2.003s] Level 1:colcon.colcon_core.package_identification:_identify(src/sllidar_ros2) by extension 'ros'
[2.006s] DEBUG:colcon.colcon_core.package_identification:Package 'src/sllidar_ros2' with type 'ros.ament_cmake' and name 'sllidar_ros2'
[2.007s] Level 1:colcon.colcon_core.package_identification:_identify(webui) by extensions ['ignore', 'ignore_ament_install']
[2.007s] Level 1:colcon.colcon_core.package_identification:_identify(webui) by extension 'ignore'
[2.007s] Level 1:colcon.colcon_core.package_identification:_identify(webui) by extension 'ignore_ament_install'
[2.007s] Level 1:colcon.colcon_core.package_identification:_identify(webui) by extensions ['colcon_pkg']
[2.007s] Level 1:colcon.colcon_core.package_identification:_identify(webui) by extension 'colcon_pkg'
[2.008s] Level 1:colcon.colcon_core.package_identification:_identify(webui) by extensions ['colcon_meta']
[2.008s] Level 1:colcon.colcon_core.package_identification:_identify(webui) by extension 'colcon_meta'
[2.008s] Level 1:colcon.colcon_core.package_identification:_identify(webui) by extensions ['ros']
[2.008s] Level 1:colcon.colcon_core.package_identification:_identify(webui) by extension 'ros'
[2.008s] Level 1:colcon.colcon_core.package_identification:_identify(webui) by extensions ['cmake', 'python']
[2.008s] Level 1:colcon.colcon_core.package_identification:_identify(webui) by extension 'cmake'
[2.008s] Level 1:colcon.colcon_core.package_identification:_identify(webui) by extension 'python'
[2.009s] Level 1:colcon.colcon_core.package_identification:_identify(webui) by extensions ['python_setup_py']
[2.009s] Level 1:colcon.colcon_core.package_identification:_identify(webui) by extension 'python_setup_py'
[2.009s] Level 1:colcon.colcon_core.package_identification:_identify(webui/__pycache__) by extensions ['ignore', 'ignore_ament_install']
[2.009s] Level 1:colcon.colcon_core.package_identification:_identify(webui/__pycache__) by extension 'ignore'
[2.010s] Level 1:colcon.colcon_core.package_identification:_identify(webui/__pycache__) by extension 'ignore_ament_install'
[2.010s] Level 1:colcon.colcon_core.package_identification:_identify(webui/__pycache__) by extensions ['colcon_pkg']
[2.010s] Level 1:colcon.colcon_core.package_identification:_identify(webui/__pycache__) by extension 'colcon_pkg'
[2.010s] Level 1:colcon.colcon_core.package_identification:_identify(webui/__pycache__) by extensions ['colcon_meta']
[2.010s] Level 1:colcon.colcon_core.package_identification:_identify(webui/__pycache__) by extension 'colcon_meta'
[2.010s] Level 1:colcon.colcon_core.package_identification:_identify(webui/__pycache__) by extensions ['ros']
[2.010s] Level 1:colcon.colcon_core.package_identification:_identify(webui/__pycache__) by extension 'ros'
[2.011s] Level 1:colcon.colcon_core.package_identification:_identify(webui/__pycache__) by extensions ['cmake', 'python']
[2.011s] Level 1:colcon.colcon_core.package_identification:_identify(webui/__pycache__) by extension 'cmake'
[2.011s] Level 1:colcon.colcon_core.package_identification:_identify(webui/__pycache__) by extension 'python'
[2.011s] Level 1:colcon.colcon_core.package_identification:_identify(webui/__pycache__) by extensions ['python_setup_py']
[2.011s] Level 1:colcon.colcon_core.package_identification:_identify(webui/__pycache__) by extension 'python_setup_py'
[2.012s] Level 1:colcon.colcon_core.package_identification:_identify(webui/static) by extensions ['ignore', 'ignore_ament_install']
[2.012s] Level 1:colcon.colcon_core.package_identification:_identify(webui/static) by extension 'ignore'
[2.012s] Level 1:colcon.colcon_core.package_identification:_identify(webui/static) by extension 'ignore_ament_install'
[2.012s] Level 1:colcon.colcon_core.package_identification:_identify(webui/static) by extensions ['colcon_pkg']
[2.012s] Level 1:colcon.colcon_core.package_identification:_identify(webui/static) by extension 'colcon_pkg'
[2.013s] Level 1:colcon.colcon_core.package_identification:_identify(webui/static) by extensions ['colcon_meta']
[2.013s] Level 1:colcon.colcon_core.package_identification:_identify(webui/static) by extension 'colcon_meta'
[2.013s] Level 1:colcon.colcon_core.package_identification:_identify(webui/static) by extensions ['ros']
[2.013s] Level 1:colcon.colcon_core.package_identification:_identify(webui/static) by extension 'ros'
[2.013s] Level 1:colcon.colcon_core.package_identification:_identify(webui/static) by extensions ['cmake', 'python']
[2.013s] Level 1:colcon.colcon_core.package_identification:_identify(webui/static) by extension 'cmake'
[2.014s] Level 1:colcon.colcon_core.package_identification:_identify(webui/static) by extension 'python'
[2.014s] Level 1:colcon.colcon_core.package_identification:_identify(webui/static) by extensions ['python_setup_py']
[2.014s] Level 1:colcon.colcon_core.package_identification:_identify(webui/static) by extension 'python_setup_py'
[2.014s] Level 1:colcon.colcon_core.package_identification:_identify(webui/static/css) by extensions ['ignore', 'ignore_ament_install']
[2.014s] Level 1:colcon.colcon_core.package_identification:_identify(webui/static/css) by extension 'ignore'
[2.015s] Level 1:colcon.colcon_core.package_identification:_identify(webui/static/css) by extension 'ignore_ament_install'
[2.015s] Level 1:colcon.colcon_core.package_identification:_identify(webui/static/css) by extensions ['colcon_pkg']
[2.015s] Level 1:colcon.colcon_core.package_identification:_identify(webui/static/css) by extension 'colcon_pkg'
[2.015s] Level 1:colcon.colcon_core.package_identification:_identify(webui/static/css) by extensions ['colcon_meta']
[2.015s] Level 1:colcon.colcon_core.package_identification:_identify(webui/static/css) by extension 'colcon_meta'
[2.015s] Level 1:colcon.colcon_core.package_identification:_identify(webui/static/css) by extensions ['ros']
[2.015s] Level 1:colcon.colcon_core.package_identification:_identify(webui/static/css) by extension 'ros'
[2.016s] Level 1:colcon.colcon_core.package_identification:_identify(webui/static/css) by extensions ['cmake', 'python']
[2.016s] Level 1:colcon.colcon_core.package_identification:_identify(webui/static/css) by extension 'cmake'
[2.016s] Level 1:colcon.colcon_core.package_identification:_identify(webui/static/css) by extension 'python'
[2.016s] Level 1:colcon.colcon_core.package_identification:_identify(webui/static/css) by extensions ['python_setup_py']
[2.016s] Level 1:colcon.colcon_core.package_identification:_identify(webui/static/css) by extension 'python_setup_py'
[2.017s] Level 1:colcon.colcon_core.package_identification:_identify(webui/static/ico) by extensions ['ignore', 'ignore_ament_install']
[2.017s] Level 1:colcon.colcon_core.package_identification:_identify(webui/static/ico) by extension 'ignore'
[2.017s] Level 1:colcon.colcon_core.package_identification:_identify(webui/static/ico) by extension 'ignore_ament_install'
[2.017s] Level 1:colcon.colcon_core.package_identification:_identify(webui/static/ico) by extensions ['colcon_pkg']
[2.017s] Level 1:colcon.colcon_core.package_identification:_identify(webui/static/ico) by extension 'colcon_pkg'
[2.018s] Level 1:colcon.colcon_core.package_identification:_identify(webui/static/ico) by extensions ['colcon_meta']
[2.018s] Level 1:colcon.colcon_core.package_identification:_identify(webui/static/ico) by extension 'colcon_meta'
[2.018s] Level 1:colcon.colcon_core.package_identification:_identify(webui/static/ico) by extensions ['ros']
[2.018s] Level 1:colcon.colcon_core.package_identification:_identify(webui/static/ico) by extension 'ros'
[2.018s] Level 1:colcon.colcon_core.package_identification:_identify(webui/static/ico) by extensions ['cmake', 'python']
[2.018s] Level 1:colcon.colcon_core.package_identification:_identify(webui/static/ico) by extension 'cmake'
[2.019s] Level 1:colcon.colcon_core.package_identification:_identify(webui/static/ico) by extension 'python'
[2.019s] Level 1:colcon.colcon_core.package_identification:_identify(webui/static/ico) by extensions ['python_setup_py']
[2.019s] Level 1:colcon.colcon_core.package_identification:_identify(webui/static/ico) by extension 'python_setup_py'
[2.019s] Level 1:colcon.colcon_core.package_identification:_identify(webui/static/img) by extensions ['ignore', 'ignore_ament_install']
[2.020s] Level 1:colcon.colcon_core.package_identification:_identify(webui/static/img) by extension 'ignore'
[2.020s] Level 1:colcon.colcon_core.package_identification:_identify(webui/static/img) by extension 'ignore_ament_install'
[2.020s] Level 1:colcon.colcon_core.package_identification:_identify(webui/static/img) by extensions ['colcon_pkg']
[2.020s] Level 1:colcon.colcon_core.package_identification:_identify(webui/static/img) by extension 'colcon_pkg'
[2.020s] Level 1:colcon.colcon_core.package_identification:_identify(webui/static/img) by extensions ['colcon_meta']
[2.020s] Level 1:colcon.colcon_core.package_identification:_identify(webui/static/img) by extension 'colcon_meta'
[2.021s] Level 1:colcon.colcon_core.package_identification:_identify(webui/static/img) by extensions ['ros']
[2.021s] Level 1:colcon.colcon_core.package_identification:_identify(webui/static/img) by extension 'ros'
[2.021s] Level 1:colcon.colcon_core.package_identification:_identify(webui/static/img) by extensions ['cmake', 'python']
[2.021s] Level 1:colcon.colcon_core.package_identification:_identify(webui/static/img) by extension 'cmake'
[2.021s] Level 1:colcon.colcon_core.package_identification:_identify(webui/static/img) by extension 'python'
[2.021s] Level 1:colcon.colcon_core.package_identification:_identify(webui/static/img) by extensions ['python_setup_py']
[2.021s] Level 1:colcon.colcon_core.package_identification:_identify(webui/static/img) by extension 'python_setup_py'
[2.022s] Level 1:colcon.colcon_core.package_identification:_identify(webui/static/js) by extensions ['ignore', 'ignore_ament_install']
[2.022s] Level 1:colcon.colcon_core.package_identification:_identify(webui/static/js) by extension 'ignore'
[2.022s] Level 1:colcon.colcon_core.package_identification:_identify(webui/static/js) by extension 'ignore_ament_install'
[2.022s] Level 1:colcon.colcon_core.package_identification:_identify(webui/static/js) by extensions ['colcon_pkg']
[2.023s] Level 1:colcon.colcon_core.package_identification:_identify(webui/static/js) by extension 'colcon_pkg'
[2.023s] Level 1:colcon.colcon_core.package_identification:_identify(webui/static/js) by extensions ['colcon_meta']
[2.023s] Level 1:colcon.colcon_core.package_identification:_identify(webui/static/js) by extension 'colcon_meta'
[2.023s] Level 1:colcon.colcon_core.package_identification:_identify(webui/static/js) by extensions ['ros']
[2.023s] Level 1:colcon.colcon_core.package_identification:_identify(webui/static/js) by extension 'ros'
[2.023s] Level 1:colcon.colcon_core.package_identification:_identify(webui/static/js) by extensions ['cmake', 'python']
[2.024s] Level 1:colcon.colcon_core.package_identification:_identify(webui/static/js) by extension 'cmake'
[2.024s] Level 1:colcon.colcon_core.package_identification:_identify(webui/static/js) by extension 'python'
[2.024s] Level 1:colcon.colcon_core.package_identification:_identify(webui/static/js) by extensions ['python_setup_py']
[2.024s] Level 1:colcon.colcon_core.package_identification:_identify(webui/static/js) by extension 'python_setup_py'
[2.024s] Level 1:colcon.colcon_core.package_identification:_identify(webui/templates) by extensions ['ignore', 'ignore_ament_install']
[2.025s] Level 1:colcon.colcon_core.package_identification:_identify(webui/templates) by extension 'ignore'
[2.025s] Level 1:colcon.colcon_core.package_identification:_identify(webui/templates) by extension 'ignore_ament_install'
[2.025s] Level 1:colcon.colcon_core.package_identification:_identify(webui/templates) by extensions ['colcon_pkg']
[2.025s] Level 1:colcon.colcon_core.package_identification:_identify(webui/templates) by extension 'colcon_pkg'
[2.025s] Level 1:colcon.colcon_core.package_identification:_identify(webui/templates) by extensions ['colcon_meta']
[2.025s] Level 1:colcon.colcon_core.package_identification:_identify(webui/templates) by extension 'colcon_meta'
[2.025s] Level 1:colcon.colcon_core.package_identification:_identify(webui/templates) by extensions ['ros']
[2.026s] Level 1:colcon.colcon_core.package_identification:_identify(webui/templates) by extension 'ros'
[2.026s] Level 1:colcon.colcon_core.package_identification:_identify(webui/templates) by extensions ['cmake', 'python']
[2.026s] Level 1:colcon.colcon_core.package_identification:_identify(webui/templates) by extension 'cmake'
[2.026s] Level 1:colcon.colcon_core.package_identification:_identify(webui/templates) by extension 'python'
[2.026s] Level 1:colcon.colcon_core.package_identification:_identify(webui/templates) by extensions ['python_setup_py']
[2.026s] Level 1:colcon.colcon_core.package_identification:_identify(webui/templates) by extension 'python_setup_py'
[2.027s] Level 1:colcon.colcon_core.package_identification:_identify(webui/templates/admin) by extensions ['ignore', 'ignore_ament_install']
[2.027s] Level 1:colcon.colcon_core.package_identification:_identify(webui/templates/admin) by extension 'ignore'
[2.027s] Level 1:colcon.colcon_core.package_identification:_identify(webui/templates/admin) by extension 'ignore_ament_install'
[2.027s] Level 1:colcon.colcon_core.package_identification:_identify(webui/templates/admin) by extensions ['colcon_pkg']
[2.028s] Level 1:colcon.colcon_core.package_identification:_identify(webui/templates/admin) by extension 'colcon_pkg'
[2.028s] Level 1:colcon.colcon_core.package_identification:_identify(webui/templates/admin) by extensions ['colcon_meta']
[2.028s] Level 1:colcon.colcon_core.package_identification:_identify(webui/templates/admin) by extension 'colcon_meta'
[2.028s] Level 1:colcon.colcon_core.package_identification:_identify(webui/templates/admin) by extensions ['ros']
[2.028s] Level 1:colcon.colcon_core.package_identification:_identify(webui/templates/admin) by extension 'ros'
[2.028s] Level 1:colcon.colcon_core.package_identification:_identify(webui/templates/admin) by extensions ['cmake', 'python']
[2.029s] Level 1:colcon.colcon_core.package_identification:_identify(webui/templates/admin) by extension 'cmake'
[2.029s] Level 1:colcon.colcon_core.package_identification:_identify(webui/templates/admin) by extension 'python'
[2.029s] Level 1:colcon.colcon_core.package_identification:_identify(webui/templates/admin) by extensions ['python_setup_py']
[2.029s] Level 1:colcon.colcon_core.package_identification:_identify(webui/templates/admin) by extension 'python_setup_py'
[2.029s] Level 1:colcon.colcon_core.package_identification:_identify(webui/templates/errors) by extensions ['ignore', 'ignore_ament_install']
[2.030s] Level 1:colcon.colcon_core.package_identification:_identify(webui/templates/errors) by extension 'ignore'
[2.030s] Level 1:colcon.colcon_core.package_identification:_identify(webui/templates/errors) by extension 'ignore_ament_install'
[2.030s] Level 1:colcon.colcon_core.package_identification:_identify(webui/templates/errors) by extensions ['colcon_pkg']
[2.030s] Level 1:colcon.colcon_core.package_identification:_identify(webui/templates/errors) by extension 'colcon_pkg'
[2.030s] Level 1:colcon.colcon_core.package_identification:_identify(webui/templates/errors) by extensions ['colcon_meta']
[2.030s] Level 1:colcon.colcon_core.package_identification:_identify(webui/templates/errors) by extension 'colcon_meta'
[2.030s] Level 1:colcon.colcon_core.package_identification:_identify(webui/templates/errors) by extensions ['ros']
[2.031s] Level 1:colcon.colcon_core.package_identification:_identify(webui/templates/errors) by extension 'ros'
[2.031s] Level 1:colcon.colcon_core.package_identification:_identify(webui/templates/errors) by extensions ['cmake', 'python']
[2.031s] Level 1:colcon.colcon_core.package_identification:_identify(webui/templates/errors) by extension 'cmake'
[2.031s] Level 1:colcon.colcon_core.package_identification:_identify(webui/templates/errors) by extension 'python'
[2.031s] Level 1:colcon.colcon_core.package_identification:_identify(webui/templates/errors) by extensions ['python_setup_py']
[2.031s] Level 1:colcon.colcon_core.package_identification:_identify(webui/templates/errors) by extension 'python_setup_py'
[2.032s] Level 1:colcon.colcon_core.package_identification:_identify(webui/templates/forms) by extensions ['ignore', 'ignore_ament_install']
[2.032s] Level 1:colcon.colcon_core.package_identification:_identify(webui/templates/forms) by extension 'ignore'
[2.032s] Level 1:colcon.colcon_core.package_identification:_identify(webui/templates/forms) by extension 'ignore_ament_install'
[2.032s] Level 1:colcon.colcon_core.package_identification:_identify(webui/templates/forms) by extensions ['colcon_pkg']
[2.033s] Level 1:colcon.colcon_core.package_identification:_identify(webui/templates/forms) by extension 'colcon_pkg'
[2.033s] Level 1:colcon.colcon_core.package_identification:_identify(webui/templates/forms) by extensions ['colcon_meta']
[2.033s] Level 1:colcon.colcon_core.package_identification:_identify(webui/templates/forms) by extension 'colcon_meta'
[2.033s] Level 1:colcon.colcon_core.package_identification:_identify(webui/templates/forms) by extensions ['ros']
[2.033s] Level 1:colcon.colcon_core.package_identification:_identify(webui/templates/forms) by extension 'ros'
[2.033s] Level 1:colcon.colcon_core.package_identification:_identify(webui/templates/forms) by extensions ['cmake', 'python']
[2.034s] Level 1:colcon.colcon_core.package_identification:_identify(webui/templates/forms) by extension 'cmake'
[2.034s] Level 1:colcon.colcon_core.package_identification:_identify(webui/templates/forms) by extension 'python'
[2.034s] Level 1:colcon.colcon_core.package_identification:_identify(webui/templates/forms) by extensions ['python_setup_py']
[2.034s] Level 1:colcon.colcon_core.package_identification:_identify(webui/templates/forms) by extension 'python_setup_py'
[2.034s] Level 1:colcon.colcon_core.package_identification:_identify(webui/templates/layouts) by extensions ['ignore', 'ignore_ament_install']
[2.035s] Level 1:colcon.colcon_core.package_identification:_identify(webui/templates/layouts) by extension 'ignore'
[2.035s] Level 1:colcon.colcon_core.package_identification:_identify(webui/templates/layouts) by extension 'ignore_ament_install'
[2.035s] Level 1:colcon.colcon_core.package_identification:_identify(webui/templates/layouts) by extensions ['colcon_pkg']
[2.035s] Level 1:colcon.colcon_core.package_identification:_identify(webui/templates/layouts) by extension 'colcon_pkg'
[2.035s] Level 1:colcon.colcon_core.package_identification:_identify(webui/templates/layouts) by extensions ['colcon_meta']
[2.035s] Level 1:colcon.colcon_core.package_identification:_identify(webui/templates/layouts) by extension 'colcon_meta'
[2.035s] Level 1:colcon.colcon_core.package_identification:_identify(webui/templates/layouts) by extensions ['ros']
[2.036s] Level 1:colcon.colcon_core.package_identification:_identify(webui/templates/layouts) by extension 'ros'
[2.036s] Level 1:colcon.colcon_core.package_identification:_identify(webui/templates/layouts) by extensions ['cmake', 'python']
[2.036s] Level 1:colcon.colcon_core.package_identification:_identify(webui/templates/layouts) by extension 'cmake'
[2.036s] Level 1:colcon.colcon_core.package_identification:_identify(webui/templates/layouts) by extension 'python'
[2.036s] Level 1:colcon.colcon_core.package_identification:_identify(webui/templates/layouts) by extensions ['python_setup_py']
[2.036s] Level 1:colcon.colcon_core.package_identification:_identify(webui/templates/layouts) by extension 'python_setup_py'
[2.037s] Level 1:colcon.colcon_core.package_identification:_identify(webui/templates/pages) by extensions ['ignore', 'ignore_ament_install']
[2.037s] Level 1:colcon.colcon_core.package_identification:_identify(webui/templates/pages) by extension 'ignore'
[2.037s] Level 1:colcon.colcon_core.package_identification:_identify(webui/templates/pages) by extension 'ignore_ament_install'
[2.037s] Level 1:colcon.colcon_core.package_identification:_identify(webui/templates/pages) by extensions ['colcon_pkg']
[2.038s] Level 1:colcon.colcon_core.package_identification:_identify(webui/templates/pages) by extension 'colcon_pkg'
[2.038s] Level 1:colcon.colcon_core.package_identification:_identify(webui/templates/pages) by extensions ['colcon_meta']
[2.038s] Level 1:colcon.colcon_core.package_identification:_identify(webui/templates/pages) by extension 'colcon_meta'
[2.038s] Level 1:colcon.colcon_core.package_identification:_identify(webui/templates/pages) by extensions ['ros']
[2.038s] Level 1:colcon.colcon_core.package_identification:_identify(webui/templates/pages) by extension 'ros'
[2.038s] Level 1:colcon.colcon_core.package_identification:_identify(webui/templates/pages) by extensions ['cmake', 'python']
[2.038s] Level 1:colcon.colcon_core.package_identification:_identify(webui/templates/pages) by extension 'cmake'
[2.039s] Level 1:colcon.colcon_core.package_identification:_identify(webui/templates/pages) by extension 'python'
[2.039s] Level 1:colcon.colcon_core.package_identification:_identify(webui/templates/pages) by extensions ['python_setup_py']
[2.039s] Level 1:colcon.colcon_core.package_identification:_identify(webui/templates/pages) by extension 'python_setup_py'
[2.039s] Level 1:colcon.colcon_core.package_discovery:discover_packages(recursive) using defaults
[2.039s] Level 1:colcon.colcon_core.package_discovery:discover_packages(ignore) discover
[2.039s] Level 1:colcon.colcon_core.package_discovery:discover_packages(ignore) using defaults
[2.040s] Level 1:colcon.colcon_core.package_discovery:discover_packages(path) discover
[2.040s] Level 1:colcon.colcon_core.package_discovery:discover_packages(path) using defaults
[2.156s] Level 1:colcon.colcon_core.package_discovery:discover_packages(prefix_path) check parameters
[2.156s] Level 1:colcon.colcon_core.package_discovery:discover_packages(prefix_path) discover
[2.194s] DEBUG:colcon.colcon_installed_package_information.package_discovery:Found 255 installed packages in /opt/ros/foxy
[2.200s] Level 1:colcon.colcon_core.package_discovery:discover_packages(prefix_path) using defaults
[2.639s] INFO:colcon.colcon_core.package_selection:Skipping not selected package 'differential_drive' in 'src/ros2_differential_drive'
[2.639s] INFO:colcon.colcon_core.package_selection:Skipping not selected package 'joy_cmd' in 'src/joy_cmd'
[2.639s] INFO:colcon.colcon_core.package_selection:Skipping not selected package 'sabertooth' in 'src/sabertooth'
[2.639s] INFO:colcon.colcon_core.package_selection:Skipping not selected package 'sllidar_ros2' in 'src/sllidar_ros2'
[2.667s] Level 5:colcon.colcon_core.verb:set package 'scootbot_description' build argument 'cmake_args' from command line to 'None'
[2.667s] Level 5:colcon.colcon_core.verb:set package 'scootbot_description' build argument 'cmake_target' from command line to 'None'
[2.667s] Level 5:colcon.colcon_core.verb:set package 'scootbot_description' build argument 'cmake_target_skip_unavailable' from command line to 'False'
[2.668s] Level 5:colcon.colcon_core.verb:set package 'scootbot_description' build argument 'cmake_clean_cache' from command line to 'False'
[2.668s] Level 5:colcon.colcon_core.verb:set package 'scootbot_description' build argument 'cmake_clean_first' from command line to 'False'
[2.668s] Level 5:colcon.colcon_core.verb:set package 'scootbot_description' build argument 'cmake_force_configure' from command line to 'False'
[2.668s] Level 5:colcon.colcon_core.verb:set package 'scootbot_description' build argument 'ament_cmake_args' from command line to 'None'
[2.668s] Level 5:colcon.colcon_core.verb:set package 'scootbot_description' build argument 'catkin_cmake_args' from command line to 'None'
[2.668s] Level 5:colcon.colcon_core.verb:set package 'scootbot_description' build argument 'catkin_skip_building_tests' from command line to 'False'
[2.668s] DEBUG:colcon.colcon_core.verb:Building package 'scootbot_description' with the following arguments: {'ament_cmake_args': None, 'build_base': '/home/ubuntu/scootbot/build/scootbot_description', 'catkin_cmake_args': None, 'catkin_skip_building_tests': False, 'cmake_args': None, 'cmake_clean_cache': False, 'cmake_clean_first': False, 'cmake_force_configure': False, 'cmake_target': None, 'cmake_target_skip_unavailable': False, 'install_base': '/home/ubuntu/scootbot/install/scootbot_description', 'merge_install': False, 'path': '/home/ubuntu/scootbot/src/scootbot_description', 'symlink_install': False, 'test_result_base': None}
[2.708s] INFO:colcon.colcon_core.executor:Executing jobs using 'parallel' executor
[2.752s] DEBUG:colcon.colcon_parallel_executor.executor.parallel:run_until_complete
[2.753s] INFO:colcon.colcon_ros.task.ament_cmake.build:Building ROS package in '/home/ubuntu/scootbot/src/scootbot_description' with build type 'ament_cmake'
[2.754s] INFO:colcon.colcon_cmake.task.cmake.build:Building CMake package in '/home/ubuntu/scootbot/src/scootbot_description'
[2.787s] INFO:colcon.colcon_core.plugin_system:Skipping extension 'colcon_core.shell.bat': Not used on non-Windows systems
[2.788s] INFO:colcon.colcon_core.shell:Skip shell extension 'powershell' for command environment: Not usable outside of PowerShell
[2.788s] DEBUG:colcon.colcon_core.shell:Skip shell extension 'dsv' for command environment
[2.849s] DEBUG:colcon.colcon_core.event_handler.log_command:Invoking command in '/home/ubuntu/scootbot/build/scootbot_description': CMAKE_PREFIX_PATH=/opt/ros/foxy /usr/bin/cmake --build /home/ubuntu/scootbot/build/scootbot_description -- -j4 -l4
[3.002s] DEBUG:colcon.colcon_core.event_handler.log_command:Invoked command in '/home/ubuntu/scootbot/build/scootbot_description' returned '0': CMAKE_PREFIX_PATH=/opt/ros/foxy /usr/bin/cmake --build /home/ubuntu/scootbot/build/scootbot_description -- -j4 -l4
[3.139s] DEBUG:colcon.colcon_core.event_handler.log_command:Invoking command in '/home/ubuntu/scootbot/build/scootbot_description': CMAKE_PREFIX_PATH=/opt/ros/foxy /usr/bin/cmake --install /home/ubuntu/scootbot/build/scootbot_description
[3.184s] Level 1:colcon.colcon_core.environment:create_environment_scripts_only(scootbot_description)
[3.190s] DEBUG:colcon.colcon_core.event_handler.log_command:Invoked command in '/home/ubuntu/scootbot/build/scootbot_description' returned '0': CMAKE_PREFIX_PATH=/opt/ros/foxy /usr/bin/cmake --install /home/ubuntu/scootbot/build/scootbot_description
[3.219s] Level 1:colcon.colcon_core.environment:checking '/home/ubuntu/scootbot/install/scootbot_description' for CMake module files
[3.222s] Level 1:colcon.colcon_core.environment:checking '/home/ubuntu/scootbot/install/scootbot_description' for CMake config files
[3.223s] Level 1:colcon.colcon_core.shell:create_environment_hook('scootbot_description', 'cmake_prefix_path')
[3.242s] INFO:colcon.colcon_core.shell:Creating environment hook '/home/ubuntu/scootbot/install/scootbot_description/share/scootbot_description/hook/cmake_prefix_path.ps1'
[3.244s] INFO:colcon.colcon_core.shell:Creating environment descriptor '/home/ubuntu/scootbot/install/scootbot_description/share/scootbot_description/hook/cmake_prefix_path.dsv'
[3.246s] INFO:colcon.colcon_core.shell:Creating environment hook '/home/ubuntu/scootbot/install/scootbot_description/share/scootbot_description/hook/cmake_prefix_path.sh'
[3.249s] Level 1:colcon.colcon_core.environment:checking '/home/ubuntu/scootbot/install/scootbot_description/bin'
[3.250s] Level 1:colcon.colcon_core.environment:checking '/home/ubuntu/scootbot/install/scootbot_description/lib/pkgconfig/scootbot_description.pc'
[3.250s] Level 1:colcon.colcon_core.environment:checking '/home/ubuntu/scootbot/install/scootbot_description/lib/python3.8/site-packages'
[3.269s] INFO:colcon.colcon_core.shell:Creating package script '/home/ubuntu/scootbot/install/scootbot_description/share/scootbot_description/package.ps1'
[3.273s] INFO:colcon.colcon_core.shell:Creating package descriptor '/home/ubuntu/scootbot/install/scootbot_description/share/scootbot_description/package.dsv'
[3.275s] INFO:colcon.colcon_core.shell:Creating package script '/home/ubuntu/scootbot/install/scootbot_description/share/scootbot_description/package.sh'
[3.278s] INFO:colcon.colcon_core.shell:Creating package script '/home/ubuntu/scootbot/install/scootbot_description/share/scootbot_description/package.bash'
[3.281s] INFO:colcon.colcon_core.shell:Creating package script '/home/ubuntu/scootbot/install/scootbot_description/share/scootbot_description/package.zsh'
[3.283s] Level 1:colcon.colcon_core.environment:create_file_with_runtime_dependencies(/home/ubuntu/scootbot/install/scootbot_description/share/colcon-core/packages/scootbot_description)
[3.400s] Level 1:colcon.colcon_core.environment:create_environment_scripts_only(scootbot_description)
[3.420s] Level 1:colcon.colcon_core.environment:checking '/home/ubuntu/scootbot/install/scootbot_description' for CMake module files
[3.423s] Level 1:colcon.colcon_core.environment:checking '/home/ubuntu/scootbot/install/scootbot_description' for CMake config files
[3.424s] Level 1:colcon.colcon_core.shell:create_environment_hook('scootbot_description', 'cmake_prefix_path')
[3.443s] INFO:colcon.colcon_core.shell:Creating environment hook '/home/ubuntu/scootbot/install/scootbot_description/share/scootbot_description/hook/cmake_prefix_path.ps1'
[3.445s] INFO:colcon.colcon_core.shell:Creating environment descriptor '/home/ubuntu/scootbot/install/scootbot_description/share/scootbot_description/hook/cmake_prefix_path.dsv'
[3.446s] INFO:colcon.colcon_core.shell:Creating environment hook '/home/ubuntu/scootbot/install/scootbot_description/share/scootbot_description/hook/cmake_prefix_path.sh'
[3.449s] Level 1:colcon.colcon_core.environment:checking '/home/ubuntu/scootbot/install/scootbot_description/bin'
[3.449s] Level 1:colcon.colcon_core.environment:checking '/home/ubuntu/scootbot/install/scootbot_description/lib/pkgconfig/scootbot_description.pc'
[3.449s] Level 1:colcon.colcon_core.environment:checking '/home/ubuntu/scootbot/install/scootbot_description/lib/python3.8/site-packages'
[3.468s] INFO:colcon.colcon_core.shell:Creating package script '/home/ubuntu/scootbot/install/scootbot_description/share/scootbot_description/package.ps1'
[3.470s] INFO:colcon.colcon_core.shell:Creating package descriptor '/home/ubuntu/scootbot/install/scootbot_description/share/scootbot_description/package.dsv'
[3.472s] INFO:colcon.colcon_core.shell:Creating package script '/home/ubuntu/scootbot/install/scootbot_description/share/scootbot_description/package.sh'
[3.474s] INFO:colcon.colcon_core.shell:Creating package script '/home/ubuntu/scootbot/install/scootbot_description/share/scootbot_description/package.bash'
[3.476s] INFO:colcon.colcon_core.shell:Creating package script '/home/ubuntu/scootbot/install/scootbot_description/share/scootbot_description/package.zsh'
[3.478s] Level 1:colcon.colcon_core.environment:create_file_with_runtime_dependencies(/home/ubuntu/scootbot/install/scootbot_description/share/colcon-core/packages/scootbot_description)
[3.479s] DEBUG:colcon.colcon_parallel_executor.executor.parallel:closing loop
[3.480s] DEBUG:colcon.colcon_parallel_executor.executor.parallel:loop closed
[3.481s] DEBUG:colcon.colcon_parallel_executor.executor.parallel:run_until_complete finished with '0'
[3.481s] DEBUG:colcon.colcon_core.event_reactor:joining thread
[3.518s] INFO:colcon.colcon_core.plugin_system:Skipping extension 'colcon_notification.desktop_notification.notify_send': Could not find 'notify-send'
[3.519s] INFO:colcon.colcon_core.plugin_system:Skipping extension 'colcon_notification.desktop_notification.terminal_notifier': Not used on non-Darwin systems
[3.519s] INFO:colcon.colcon_core.plugin_system:Skipping extension 'colcon_notification.desktop_notification.win32': Not used on non-Windows systems
[3.519s] INFO:colcon.colcon_notification.desktop_notification:Sending desktop notification using 'notify2'
[3.522s] DEBUG:colcon.colcon_notification.desktop_notification.notify2:Failed to initialize notify2: org.freedesktop.DBus.Error.ServiceUnknown: The name org.freedesktop.Notifications was not provided by any .service files
[3.522s] DEBUG:colcon.colcon_core.event_reactor:joined thread
[3.542s] INFO:colcon.colcon_core.shell:Creating prefix script '/home/ubuntu/scootbot/install/local_setup.ps1'
[3.545s] INFO:colcon.colcon_core.shell:Creating prefix util module '/home/ubuntu/scootbot/install/_local_setup_util_ps1.py'
[3.550s] INFO:colcon.colcon_core.shell:Creating prefix chain script '/home/ubuntu/scootbot/install/setup.ps1'
[3.567s] INFO:colcon.colcon_core.shell:Creating prefix script '/home/ubuntu/scootbot/install/local_setup.sh'
[3.569s] INFO:colcon.colcon_core.shell:Creating prefix util module '/home/ubuntu/scootbot/install/_local_setup_util_sh.py'
[3.571s] INFO:colcon.colcon_core.shell:Creating prefix chain script '/home/ubuntu/scootbot/install/setup.sh'
[3.589s] INFO:colcon.colcon_core.shell:Creating prefix script '/home/ubuntu/scootbot/install/local_setup.bash'
[3.591s] INFO:colcon.colcon_core.shell:Creating prefix chain script '/home/ubuntu/scootbot/install/setup.bash'
[3.609s] INFO:colcon.colcon_core.shell:Creating prefix script '/home/ubuntu/scootbot/install/local_setup.zsh'
[3.611s] INFO:colcon.colcon_core.shell:Creating prefix chain script '/home/ubuntu/scootbot/install/setup.zsh'
