[0.012s] Invoking command in '/home/ubuntu/scootbot/build/scootbot_sim': CMAKE_PREFIX_PATH=/home/ubuntu/scootbot/install/sllidar_ros2:/home/ubuntu/scootbot/install/scootbot_sim:/home/ubuntu/scootbot/install/scootbot_description:/home/teknetik/ros2_ws/install/scootbot_description:/home/teknetik/ros2_ws/install/ros2_imu_filter_madgwick:/home/ubuntu/scootbot/install/sabertooth:/home/ubuntu/scootbot/install/joy_cmd:/home/ubuntu/scootbot/install/differential_drive:/home/teknetik/ros2_ws/install/saber:/home/teknetik/ros2_ws/install/joystick_ros2:/home/teknetik/ros2_ws/install/differential_drive:/opt/ros/foxy:/home/teknetik/ros2_ws/install/rf2o_laser_odometry:/home/teknetik/ros2_ws/install/my_box_bot_gazebo /usr/bin/cmake /home/ubuntu/scootbot/src/scootbot_sim -DAMENT_CMAKE_SYMLINK_INSTALL=1 -DCMAKE_INSTALL_PREFIX=/home/ubuntu/scootbot/install/scootbot_sim
[0.023s] -- Found ament_cmake: 0.9.9 (/opt/ros/foxy/share/ament_cmake/cmake)
[0.043s] -- Using PYTHON_EXECUTABLE: /usr/bin/python3
[0.196s] -- Override CMake install command with custom implementation using symlinks instead of copying resources
[0.202s] -- Found ament_lint_auto: 0.9.6 (/opt/ros/foxy/share/ament_lint_auto/cmake)
[0.251s] -- Added test 'copyright' to check source files copyright and LICENSE
[0.252s] -- Added test 'flake8' to check Python code syntax and style conventions
[0.252s] -- Added test 'lint_cmake' to check CMake code style
[0.253s] -- Added test 'pep257' to check Python code against some of the style conventions in PEP 257
[0.253s] -- Added test 'xmllint' to check XML markup files
[0.254s] -- Configuring done
[0.256s] -- Generating done
[0.257s] -- Build files have been written to: /home/ubuntu/scootbot/build/scootbot_sim
[0.291s] Invoked command in '/home/ubuntu/scootbot/build/scootbot_sim' returned '0': CMAKE_PREFIX_PATH=/home/ubuntu/scootbot/install/sllidar_ros2:/home/ubuntu/scootbot/install/scootbot_sim:/home/ubuntu/scootbot/install/scootbot_description:/home/teknetik/ros2_ws/install/scootbot_description:/home/teknetik/ros2_ws/install/ros2_imu_filter_madgwick:/home/ubuntu/scootbot/install/sabertooth:/home/ubuntu/scootbot/install/joy_cmd:/home/ubuntu/scootbot/install/differential_drive:/home/teknetik/ros2_ws/install/saber:/home/teknetik/ros2_ws/install/joystick_ros2:/home/teknetik/ros2_ws/install/differential_drive:/opt/ros/foxy:/home/teknetik/ros2_ws/install/rf2o_laser_odometry:/home/teknetik/ros2_ws/install/my_box_bot_gazebo /usr/bin/cmake /home/ubuntu/scootbot/src/scootbot_sim -DAMENT_CMAKE_SYMLINK_INSTALL=1 -DCMAKE_INSTALL_PREFIX=/home/ubuntu/scootbot/install/scootbot_sim
[0.294s] Invoking command in '/home/ubuntu/scootbot/build/scootbot_sim': CMAKE_PREFIX_PATH=/home/ubuntu/scootbot/install/sllidar_ros2:/home/ubuntu/scootbot/install/scootbot_sim:/home/ubuntu/scootbot/install/scootbot_description:/home/teknetik/ros2_ws/install/scootbot_description:/home/teknetik/ros2_ws/install/ros2_imu_filter_madgwick:/home/ubuntu/scootbot/install/sabertooth:/home/ubuntu/scootbot/install/joy_cmd:/home/ubuntu/scootbot/install/differential_drive:/home/teknetik/ros2_ws/install/saber:/home/teknetik/ros2_ws/install/joystick_ros2:/home/teknetik/ros2_ws/install/differential_drive:/opt/ros/foxy:/home/teknetik/ros2_ws/install/rf2o_laser_odometry:/home/teknetik/ros2_ws/install/my_box_bot_gazebo /usr/bin/cmake --build /home/ubuntu/scootbot/build/scootbot_sim -- -j20 -l20
[0.321s] Invoked command in '/home/ubuntu/scootbot/build/scootbot_sim' returned '0': CMAKE_PREFIX_PATH=/home/ubuntu/scootbot/install/sllidar_ros2:/home/ubuntu/scootbot/install/scootbot_sim:/home/ubuntu/scootbot/install/scootbot_description:/home/teknetik/ros2_ws/install/scootbot_description:/home/teknetik/ros2_ws/install/ros2_imu_filter_madgwick:/home/ubuntu/scootbot/install/sabertooth:/home/ubuntu/scootbot/install/joy_cmd:/home/ubuntu/scootbot/install/differential_drive:/home/teknetik/ros2_ws/install/saber:/home/teknetik/ros2_ws/install/joystick_ros2:/home/teknetik/ros2_ws/install/differential_drive:/opt/ros/foxy:/home/teknetik/ros2_ws/install/rf2o_laser_odometry:/home/teknetik/ros2_ws/install/my_box_bot_gazebo /usr/bin/cmake --build /home/ubuntu/scootbot/build/scootbot_sim -- -j20 -l20
[0.342s] Invoking command in '/home/ubuntu/scootbot/build/scootbot_sim': CMAKE_PREFIX_PATH=/home/ubuntu/scootbot/install/sllidar_ros2:/home/ubuntu/scootbot/install/scootbot_sim:/home/ubuntu/scootbot/install/scootbot_description:/home/teknetik/ros2_ws/install/scootbot_description:/home/teknetik/ros2_ws/install/ros2_imu_filter_madgwick:/home/ubuntu/scootbot/install/sabertooth:/home/ubuntu/scootbot/install/joy_cmd:/home/ubuntu/scootbot/install/differential_drive:/home/teknetik/ros2_ws/install/saber:/home/teknetik/ros2_ws/install/joystick_ros2:/home/teknetik/ros2_ws/install/differential_drive:/opt/ros/foxy:/home/teknetik/ros2_ws/install/rf2o_laser_odometry:/home/teknetik/ros2_ws/install/my_box_bot_gazebo /usr/bin/cmake --install /home/ubuntu/scootbot/build/scootbot_sim
[0.349s] -- Install configuration: ""
[0.349s] -- Execute custom install script
[0.350s] -- Symlinking: /home/ubuntu/scootbot/install/scootbot_sim/share/scootbot_sim/launch/scootbot_sim.launch.py
[0.356s] -- Symlinking: /home/ubuntu/scootbot/install/scootbot_sim/share/ament_index/resource_index/package_run_dependencies/scootbot_sim
[0.362s] -- Symlinking: /home/ubuntu/scootbot/install/scootbot_sim/share/ament_index/resource_index/parent_prefix_path/scootbot_sim
[0.368s] -- Symlinking: /home/ubuntu/scootbot/install/scootbot_sim/share/scootbot_sim/environment/ament_prefix_path.sh
[0.375s] -- Symlinking: /home/ubuntu/scootbot/install/scootbot_sim/share/scootbot_sim/environment/ament_prefix_path.dsv
[0.381s] -- Symlinking: /home/ubuntu/scootbot/install/scootbot_sim/share/scootbot_sim/environment/path.sh
[0.387s] -- Symlinking: /home/ubuntu/scootbot/install/scootbot_sim/share/scootbot_sim/environment/path.dsv
[0.393s] -- Symlinking: /home/ubuntu/scootbot/install/scootbot_sim/share/scootbot_sim/local_setup.bash
[0.399s] -- Symlinking: /home/ubuntu/scootbot/install/scootbot_sim/share/scootbot_sim/local_setup.sh
[0.407s] -- Symlinking: /home/ubuntu/scootbot/install/scootbot_sim/share/scootbot_sim/local_setup.zsh
[0.413s] -- Symlinking: /home/ubuntu/scootbot/install/scootbot_sim/share/scootbot_sim/local_setup.dsv
[0.419s] -- Symlinking: /home/ubuntu/scootbot/install/scootbot_sim/share/scootbot_sim/package.dsv
[0.425s] -- Symlinking: /home/ubuntu/scootbot/install/scootbot_sim/share/ament_index/resource_index/packages/scootbot_sim
[0.430s] -- Symlinking: /home/ubuntu/scootbot/install/scootbot_sim/share/scootbot_sim/cmake/scootbot_simConfig.cmake
[0.436s] -- Symlinking: /home/ubuntu/scootbot/install/scootbot_sim/share/scootbot_sim/cmake/scootbot_simConfig-version.cmake
[0.443s] -- Symlinking: /home/ubuntu/scootbot/install/scootbot_sim/share/scootbot_sim/package.xml
[0.452s] Invoked command in '/home/ubuntu/scootbot/build/scootbot_sim' returned '0': CMAKE_PREFIX_PATH=/home/ubuntu/scootbot/install/sllidar_ros2:/home/ubuntu/scootbot/install/scootbot_sim:/home/ubuntu/scootbot/install/scootbot_description:/home/teknetik/ros2_ws/install/scootbot_description:/home/teknetik/ros2_ws/install/ros2_imu_filter_madgwick:/home/ubuntu/scootbot/install/sabertooth:/home/ubuntu/scootbot/install/joy_cmd:/home/ubuntu/scootbot/install/differential_drive:/home/teknetik/ros2_ws/install/saber:/home/teknetik/ros2_ws/install/joystick_ros2:/home/teknetik/ros2_ws/install/differential_drive:/opt/ros/foxy:/home/teknetik/ros2_ws/install/rf2o_laser_odometry:/home/teknetik/ros2_ws/install/my_box_bot_gazebo /usr/bin/cmake --install /home/ubuntu/scootbot/build/scootbot_sim
