[0.048s] Invoking command in '/home/ubuntu/scootbot/3.0.0/build/diffdrive_arduino': CMAKE_PREFIX_PATH=${CMAKE_PREFIX_PATH}:/opt/ros/humble /usr/bin/cmake --build /home/ubuntu/scootbot/3.0.0/build/diffdrive_arduino -- -j4 -l4
[0.135s] -- Found ament_cmake: 1.3.3 (/opt/ros/humble/share/ament_cmake/cmake)
[0.597s] -- Override CMake install command with custom implementation using symlinks instead of copying resources
[0.626s] -- Found serial: 1.2.1 (/home/ubuntu/scootbot/3.0.0/install/serial/share/serial/cmake)
[0.632s] -- Found hardware_interface: 2.20.0 (/opt/ros/humble/share/hardware_interface/cmake)
[0.734s] -- Found rosidl_generator_c: 3.1.4 (/opt/ros/humble/share/rosidl_generator_c/cmake)
[0.747s] -- Found rosidl_adapter: 3.1.4 (/opt/ros/humble/share/rosidl_adapter/cmake)
[0.777s] -- Found rosidl_generator_cpp: 3.1.4 (/opt/ros/humble/share/rosidl_generator_cpp/cmake)
[0.833s] -- Using all available rosidl_typesupport_c: rosidl_typesupport_fastrtps_c;rosidl_typesupport_introspection_c
[0.909s] -- Using all available rosidl_typesupport_cpp: rosidl_typesupport_fastrtps_cpp;rosidl_typesupport_introspection_cpp
[3.939s] -- Found rmw_implementation_cmake: 6.1.1 (/opt/ros/humble/share/rmw_implementation_cmake/cmake)
[3.945s] -- Found rmw_fastrtps_cpp: 6.2.2 (/opt/ros/humble/share/rmw_fastrtps_cpp/cmake)
[4.363s] -- Using RMW implementation 'rmw_fastrtps_cpp' as default
[5.011s] -- Found controller_manager: 2.20.0 (/opt/ros/humble/share/controller_manager/cmake)
[10.231s] -- Configuring done
[10.359s] -- Generating done
[10.363s] -- Build files have been written to: /home/ubuntu/scootbot/3.0.0/build/diffdrive_arduino
[10.428s] [35m[1mConsolidate compiler generated dependencies of target diffdrive_arduino[0m
[10.435s] [35m[1mConsolidate compiler generated dependencies of target fake_robot[0m
[10.502s] [ 14%] [32mBuilding CXX object CMakeFiles/diffdrive_arduino.dir/src/wheel.cpp.o[0m
[10.510s] [ 28%] [32mBuilding CXX object CMakeFiles/fake_robot.dir/src/fake_robot.cpp.o[0m
[10.522s] [ 42%] [32mBuilding CXX object CMakeFiles/diffdrive_arduino.dir/src/arduino_comms.cpp.o[0m
[10.524s] [ 57%] [32mBuilding CXX object CMakeFiles/diffdrive_arduino.dir/src/diffdrive_arduino.cpp.o[0m
[10.594s] In file included from [01m[K/home/ubuntu/scootbot/3.0.0/src/diffdrive_arduino/src/arduino_comms.cpp:1[m[K:
[10.595s] [01m[K/home/ubuntu/scootbot/3.0.0/src/diffdrive_arduino/include/diffdrive_arduino/arduino_comms.h:4:10:[m[K [01;31m[Kfatal error: [m[Kserial/serial.h: No such file or directory
[10.595s]     4 | #include [01;31m[K<serial/serial.h>[m[K
[10.596s]       |          [01;31m[K^~~~~~~~~~~~~~~~~[m[K
[10.596s] compilation terminated.
[10.599s] gmake[2]: *** [CMakeFiles/diffdrive_arduino.dir/build.make:104: CMakeFiles/diffdrive_arduino.dir/src/arduino_comms.cpp.o] Error 1
[10.599s] gmake[2]: *** Waiting for unfinished jobs....
[10.652s] [ 71%] [32mBuilding CXX object CMakeFiles/fake_robot.dir/src/wheel.cpp.o[0m
[12.076s] In file included from [01m[K/home/ubuntu/scootbot/3.0.0/src/diffdrive_arduino/include/diffdrive_arduino/diffdrive_arduino.h:15[m[K,
[12.076s]                  from [01m[K/home/ubuntu/scootbot/3.0.0/src/diffdrive_arduino/src/diffdrive_arduino.cpp:1[m[K:
[12.077s] [01m[K/home/ubuntu/scootbot/3.0.0/src/diffdrive_arduino/include/diffdrive_arduino/arduino_comms.h:4:10:[m[K [01;31m[Kfatal error: [m[Kserial/serial.h: No such file or directory
[12.077s]     4 | #include [01;31m[K<serial/serial.h>[m[K
[12.077s]       |          [01;31m[K^~~~~~~~~~~~~~~~~[m[K
[12.078s] compilation terminated.
[12.094s] gmake[2]: *** [CMakeFiles/diffdrive_arduino.dir/build.make:76: CMakeFiles/diffdrive_arduino.dir/src/diffdrive_arduino.cpp.o] Error 1
[12.196s] gmake[1]: *** [CMakeFiles/Makefile2:139: CMakeFiles/diffdrive_arduino.dir/all] Error 2
[12.197s] gmake[1]: *** Waiting for unfinished jobs....
[20.601s] [ 85%] [32m[1mLinking CXX shared library libfake_robot.so[0m
[20.966s] [ 85%] Built target fake_robot
[20.968s] gmake: *** [Makefile:146: all] Error 2
[20.971s] Invoked command in '/home/ubuntu/scootbot/3.0.0/build/diffdrive_arduino' returned '2': CMAKE_PREFIX_PATH=${CMAKE_PREFIX_PATH}:/opt/ros/humble /usr/bin/cmake --build /home/ubuntu/scootbot/3.0.0/build/diffdrive_arduino -- -j4 -l4
