running egg_info
creating ../../build/differential_drive/differential_drive.egg-info
writing ../../build/differential_drive/differential_drive.egg-info/PKG-INFO
writing dependency_links to ../../build/differential_drive/differential_drive.egg-info/dependency_links.txt
writing entry points to ../../build/differential_drive/differential_drive.egg-info/entry_points.txt
writing requirements to ../../build/differential_drive/differential_drive.egg-info/requires.txt
writing top-level names to ../../build/differential_drive/differential_drive.egg-info/top_level.txt
writing manifest file '../../build/differential_drive/differential_drive.egg-info/SOURCES.txt'
reading manifest file '../../build/differential_drive/differential_drive.egg-info/SOURCES.txt'
writing manifest file '../../build/differential_drive/differential_drive.egg-info/SOURCES.txt'
running build
running build_py
creating /home/ubuntu/scootbot/build/differential_drive/build
creating /home/ubuntu/scootbot/build/differential_drive/build/lib
creating /home/ubuntu/scootbot/build/differential_drive/build/lib/differential_drive
copying src/differential_drive/pid_velocity.py -> /home/ubuntu/scootbot/build/differential_drive/build/lib/differential_drive
copying src/differential_drive/diff_tf.py -> /home/ubuntu/scootbot/build/differential_drive/build/lib/differential_drive
copying src/differential_drive/__init__.py -> /home/ubuntu/scootbot/build/differential_drive/build/lib/differential_drive
copying src/differential_drive/wheel_scaler.py -> /home/ubuntu/scootbot/build/differential_drive/build/lib/differential_drive
copying src/differential_drive/virtual_joystick.py -> /home/ubuntu/scootbot/build/differential_drive/build/lib/differential_drive
copying src/differential_drive/wheel_loopback.py -> /home/ubuntu/scootbot/build/differential_drive/build/lib/differential_drive
copying src/differential_drive/twist_to_motors.py -> /home/ubuntu/scootbot/build/differential_drive/build/lib/differential_drive
running install
running install_lib
creating /home/ubuntu/scootbot/install/differential_drive/lib/python3.8/site-packages/differential_drive
copying /home/ubuntu/scootbot/build/differential_drive/build/lib/differential_drive/pid_velocity.py -> /home/ubuntu/scootbot/install/differential_drive/lib/python3.8/site-packages/differential_drive
copying /home/ubuntu/scootbot/build/differential_drive/build/lib/differential_drive/diff_tf.py -> /home/ubuntu/scootbot/install/differential_drive/lib/python3.8/site-packages/differential_drive
copying /home/ubuntu/scootbot/build/differential_drive/build/lib/differential_drive/__init__.py -> /home/ubuntu/scootbot/install/differential_drive/lib/python3.8/site-packages/differential_drive
copying /home/ubuntu/scootbot/build/differential_drive/build/lib/differential_drive/wheel_scaler.py -> /home/ubuntu/scootbot/install/differential_drive/lib/python3.8/site-packages/differential_drive
copying /home/ubuntu/scootbot/build/differential_drive/build/lib/differential_drive/virtual_joystick.py -> /home/ubuntu/scootbot/install/differential_drive/lib/python3.8/site-packages/differential_drive
copying /home/ubuntu/scootbot/build/differential_drive/build/lib/differential_drive/wheel_loopback.py -> /home/ubuntu/scootbot/install/differential_drive/lib/python3.8/site-packages/differential_drive
copying /home/ubuntu/scootbot/build/differential_drive/build/lib/differential_drive/twist_to_motors.py -> /home/ubuntu/scootbot/install/differential_drive/lib/python3.8/site-packages/differential_drive
byte-compiling /home/ubuntu/scootbot/install/differential_drive/lib/python3.8/site-packages/differential_drive/pid_velocity.py to pid_velocity.cpython-38.pyc
byte-compiling /home/ubuntu/scootbot/install/differential_drive/lib/python3.8/site-packages/differential_drive/diff_tf.py to diff_tf.cpython-38.pyc
byte-compiling /home/ubuntu/scootbot/install/differential_drive/lib/python3.8/site-packages/differential_drive/__init__.py to __init__.cpython-38.pyc
byte-compiling /home/ubuntu/scootbot/install/differential_drive/lib/python3.8/site-packages/differential_drive/wheel_scaler.py to wheel_scaler.cpython-38.pyc
byte-compiling /home/ubuntu/scootbot/install/differential_drive/lib/python3.8/site-packages/differential_drive/virtual_joystick.py to virtual_joystick.cpython-38.pyc
byte-compiling /home/ubuntu/scootbot/install/differential_drive/lib/python3.8/site-packages/differential_drive/wheel_loopback.py to wheel_loopback.cpython-38.pyc
byte-compiling /home/ubuntu/scootbot/install/differential_drive/lib/python3.8/site-packages/differential_drive/twist_to_motors.py to twist_to_motors.cpython-38.pyc
running install_data
creating /home/ubuntu/scootbot/install/differential_drive/share/differential_drive/launch
creating /home/ubuntu/scootbot/install/differential_drive/share/differential_drive/config
running install_egg_info
Copying ../../build/differential_drive/differential_drive.egg-info to /home/ubuntu/scootbot/install/differential_drive/lib/python3.8/site-packages/differential_drive-0.1.0-py3.8.egg-info
running install_scripts
Installing diff_tf script to /home/ubuntu/scootbot/install/differential_drive/lib/differential_drive
Installing pid_velocity script to /home/ubuntu/scootbot/install/differential_drive/lib/differential_drive
Installing twist_to_motors script to /home/ubuntu/scootbot/install/differential_drive/lib/differential_drive
Installing virtual_joystick script to /home/ubuntu/scootbot/install/differential_drive/lib/differential_drive
Installing wheel_loopback script to /home/ubuntu/scootbot/install/differential_drive/lib/differential_drive
Installing wheel_scaler script to /home/ubuntu/scootbot/install/differential_drive/lib/differential_drive
writing list of installed files to '/home/ubuntu/scootbot/build/differential_drive/install.log'
