[0.010s] Invoking command in '/home/ubuntu/scootbot/3.0.0/build/scootbot': CMAKE_PREFIX_PATH=${CMAKE_PREFIX_PATH}:/home/ubuntu/scootbot/3.0.0/install/nav2_simple_commander:/home/ubuntu/scootbot/1.0.0/install/sabertooth:/home/ubuntu/scootbot/1.0.0/install/joy_cmd:/home/ubuntu/scootbot/1.0.0/install/differential_drive:/opt/ros/humble /usr/bin/cmake --build /home/ubuntu/scootbot/3.0.0/build/scootbot -- -j20 -l20
[0.023s] -- Found ament_cmake: 1.3.3 (/opt/ros/humble/share/ament_cmake/cmake)
[0.120s] -- Override CMake install command with custom implementation using symlinks instead of copying resources
[0.125s] -- Found ament_lint_auto: 0.12.4 (/opt/ros/humble/share/ament_lint_auto/cmake)
[0.172s] -- Added test 'copyright' to check source files copyright and LICENSE
[0.198s] -- Added test 'flake8' to check Python code syntax and style conventions
[0.201s] -- Added test 'lint_cmake' to check CMake code style
[0.203s] -- Added test 'pep257' to check Python code against some of the docstring style conventions in PEP 257
[0.216s] -- Added test 'xmllint' to check XML markup files
[0.217s] -- Configuring done
[0.219s] -- Generating done
[0.219s] -- Build files have been written to: /home/ubuntu/scootbot/3.0.0/build/scootbot
[0.231s] Invoked command in '/home/ubuntu/scootbot/3.0.0/build/scootbot' returned '0': CMAKE_PREFIX_PATH=${CMAKE_PREFIX_PATH}:/home/ubuntu/scootbot/3.0.0/install/nav2_simple_commander:/home/ubuntu/scootbot/1.0.0/install/sabertooth:/home/ubuntu/scootbot/1.0.0/install/joy_cmd:/home/ubuntu/scootbot/1.0.0/install/differential_drive:/opt/ros/humble /usr/bin/cmake --build /home/ubuntu/scootbot/3.0.0/build/scootbot -- -j20 -l20
[0.245s] Invoking command in '/home/ubuntu/scootbot/3.0.0/build/scootbot': CMAKE_PREFIX_PATH=${CMAKE_PREFIX_PATH}:/home/ubuntu/scootbot/3.0.0/install/nav2_simple_commander:/home/ubuntu/scootbot/1.0.0/install/sabertooth:/home/ubuntu/scootbot/1.0.0/install/joy_cmd:/home/ubuntu/scootbot/1.0.0/install/differential_drive:/opt/ros/humble /usr/bin/cmake --install /home/ubuntu/scootbot/3.0.0/build/scootbot
[0.248s] -- Install configuration: ""
[0.249s] -- Execute custom install script
[0.249s] -- Up-to-date symlink: /home/ubuntu/scootbot/3.0.0/install/scootbot/share/scootbot/config/gazebo_params.yaml
[0.249s] -- Up-to-date symlink: /home/ubuntu/scootbot/3.0.0/install/scootbot/share/scootbot/config/mapper_params_localization.yaml
[0.249s] -- Up-to-date symlink: /home/ubuntu/scootbot/3.0.0/install/scootbot/share/scootbot/config/mapper_params_online_async.yaml
[0.249s] -- Up-to-date symlink: /home/ubuntu/scootbot/3.0.0/install/scootbot/share/scootbot/config/nav2_params.yaml
[0.249s] -- Up-to-date symlink: /home/ubuntu/scootbot/3.0.0/install/scootbot/share/scootbot/config/ps3.config.yaml
[0.249s] -- Up-to-date symlink: /home/ubuntu/scootbot/3.0.0/install/scootbot/share/scootbot/config/scootbot.rviz
[0.250s] -- Up-to-date symlink: /home/ubuntu/scootbot/3.0.0/install/scootbot/share/scootbot/description/gazebo_control.xacro
[0.250s] -- Up-to-date symlink: /home/ubuntu/scootbot/3.0.0/install/scootbot/share/scootbot/description/inertial_macros.xacro
[0.250s] -- Up-to-date symlink: /home/ubuntu/scootbot/3.0.0/install/scootbot/share/scootbot/description/lidar.xacro
[0.250s] -- Up-to-date symlink: /home/ubuntu/scootbot/3.0.0/install/scootbot/share/scootbot/description/model.xacro
[0.250s] -- Up-to-date symlink: /home/ubuntu/scootbot/3.0.0/install/scootbot/share/scootbot/description/models/caster_frame.obj
[0.250s] -- Up-to-date symlink: /home/ubuntu/scootbot/3.0.0/install/scootbot/share/scootbot/description/models/frame.stl
[0.250s] -- Up-to-date symlink: /home/ubuntu/scootbot/3.0.0/install/scootbot/share/scootbot/description/models/tyre.obj
[0.250s] -- Up-to-date symlink: /home/ubuntu/scootbot/3.0.0/install/scootbot/share/scootbot/description/scootbot.urdf
[0.250s] -- Up-to-date symlink: /home/ubuntu/scootbot/3.0.0/install/scootbot/share/scootbot/launch/humble_navigation_launch.py
[0.250s] -- Up-to-date symlink: /home/ubuntu/scootbot/3.0.0/install/scootbot/share/scootbot/launch/localization_launch.py
[0.250s] -- Up-to-date symlink: /home/ubuntu/scootbot/3.0.0/install/scootbot/share/scootbot/launch/map_server_launch.py
[0.250s] -- Up-to-date symlink: /home/ubuntu/scootbot/3.0.0/install/scootbot/share/scootbot/launch/navigation_launch.py
[0.250s] -- Up-to-date symlink: /home/ubuntu/scootbot/3.0.0/install/scootbot/share/scootbot/launch/online_async_launch.py
[0.250s] -- Up-to-date symlink: /home/ubuntu/scootbot/3.0.0/install/scootbot/share/scootbot/launch/rsp.launch.py
[0.250s] -- Up-to-date symlink: /home/ubuntu/scootbot/3.0.0/install/scootbot/share/scootbot/launch/scootbot_sim.launch.py
[0.250s] -- Up-to-date symlink: /home/ubuntu/scootbot/3.0.0/install/scootbot/share/scootbot/launch/slam_localization_launch.py
[0.251s] -- Symlinking: /home/ubuntu/scootbot/3.0.0/install/scootbot/share/scootbot/worlds/aruco.world
[0.255s] -- Symlinking: /home/ubuntu/scootbot/3.0.0/install/scootbot/share/scootbot/worlds/ball.world
[0.259s] -- Symlinking: /home/ubuntu/scootbot/3.0.0/install/scootbot/share/scootbot/worlds/cabinet_grasping.world
[0.263s] -- Symlinking: /home/ubuntu/scootbot/3.0.0/install/scootbot/share/scootbot/worlds/calibration_room.world
[0.267s] -- Symlinking: /home/ubuntu/scootbot/3.0.0/install/scootbot/share/scootbot/worlds/chairs.world
[0.270s] -- Symlinking: /home/ubuntu/scootbot/3.0.0/install/scootbot/share/scootbot/worlds/corridor_110cm.world
[0.274s] -- Symlinking: /home/ubuntu/scootbot/3.0.0/install/scootbot/share/scootbot/worlds/corridor_60cm.world
[0.278s] -- Symlinking: /home/ubuntu/scootbot/3.0.0/install/scootbot/share/scootbot/worlds/corridor_70cm.world
[0.282s] -- Symlinking: /home/ubuntu/scootbot/3.0.0/install/scootbot/share/scootbot/worlds/corridor_85cm.world
[0.285s] -- Symlinking: /home/ubuntu/scootbot/3.0.0/install/scootbot/share/scootbot/worlds/dock_and_aruco.world
[0.289s] -- Symlinking: /home/ubuntu/scootbot/3.0.0/install/scootbot/share/scootbot/worlds/dock_station.world
[0.293s] -- Symlinking: /home/ubuntu/scootbot/3.0.0/install/scootbot/share/scootbot/worlds/docker_chair.world
[0.297s] -- Symlinking: /home/ubuntu/scootbot/3.0.0/install/scootbot/share/scootbot/worlds/door_obstacle.world
[0.301s] -- Up-to-date symlink: /home/ubuntu/scootbot/3.0.0/install/scootbot/share/scootbot/worlds/empty.world
[0.301s] -- Symlinking: /home/ubuntu/scootbot/3.0.0/install/scootbot/share/scootbot/worlds/empty_room.world
[0.305s] -- Symlinking: /home/ubuntu/scootbot/3.0.0/install/scootbot/share/scootbot/worlds/factory.world
[0.308s] -- Symlinking: /home/ubuntu/scootbot/3.0.0/install/scootbot/share/scootbot/worlds/featured.world
[0.312s] -- Symlinking: /home/ubuntu/scootbot/3.0.0/install/scootbot/share/scootbot/worlds/footstep_obstacle.world
[0.316s] -- Symlinking: /home/ubuntu/scootbot/3.0.0/install/scootbot/share/scootbot/worlds/hit_table.world
[0.319s] -- Symlinking: /home/ubuntu/scootbot/3.0.0/install/scootbot/share/scootbot/worlds/home.world
[0.323s] -- Symlinking: /home/ubuntu/scootbot/3.0.0/install/scootbot/share/scootbot/worlds/hospital.world
[0.327s] -- Symlinking: /home/ubuntu/scootbot/3.0.0/install/scootbot/share/scootbot/worlds/hospital_flat.world
[0.331s] -- Symlinking: /home/ubuntu/scootbot/3.0.0/install/scootbot/share/scootbot/worlds/look_to_point.world
[0.335s] -- Symlinking: /home/ubuntu/scootbot/3.0.0/install/scootbot/share/scootbot/worlds/low_sun_empty.world
[0.338s] -- Symlinking: /home/ubuntu/scootbot/3.0.0/install/scootbot/share/scootbot/worlds/memmo_simple.world
[0.342s] -- Symlinking: /home/ubuntu/scootbot/3.0.0/install/scootbot/share/scootbot/worlds/narrow_passage.world
[0.346s] -- Symlinking: /home/ubuntu/scootbot/3.0.0/install/scootbot/share/scootbot/worlds/objects_on_table.world
[0.350s] -- Up-to-date symlink: /home/ubuntu/scootbot/3.0.0/install/scootbot/share/scootbot/worlds/obstacles.world
[0.350s] -- Symlinking: /home/ubuntu/scootbot/3.0.0/install/scootbot/share/scootbot/worlds/pal_office.world
[0.353s] -- Symlinking: /home/ubuntu/scootbot/3.0.0/install/scootbot/share/scootbot/worlds/pal_textured_object.world
[0.357s] -- Symlinking: /home/ubuntu/scootbot/3.0.0/install/scootbot/share/scootbot/worlds/passage_110cm.world
[0.361s] -- Symlinking: /home/ubuntu/scootbot/3.0.0/install/scootbot/share/scootbot/worlds/passage_60cm.world
[0.365s] -- Symlinking: /home/ubuntu/scootbot/3.0.0/install/scootbot/share/scootbot/worlds/passage_70cm.world
[0.368s] -- Symlinking: /home/ubuntu/scootbot/3.0.0/install/scootbot/share/scootbot/worlds/pg_demo.world
[0.372s] -- Symlinking: /home/ubuntu/scootbot/3.0.0/install/scootbot/share/scootbot/worlds/pick.world
[0.376s] -- Symlinking: /home/ubuntu/scootbot/3.0.0/install/scootbot/share/scootbot/worlds/pick_place_cabinet.world
[0.380s] -- Symlinking: /home/ubuntu/scootbot/3.0.0/install/scootbot/share/scootbot/worlds/pick_place_close_demo.world
[0.384s] -- Symlinking: /home/ubuntu/scootbot/3.0.0/install/scootbot/share/scootbot/worlds/pick_place_demo.world
[0.387s] -- Symlinking: /home/ubuntu/scootbot/3.0.0/install/scootbot/share/scootbot/worlds/reemc.world
[0.391s] -- Symlinking: /home/ubuntu/scootbot/3.0.0/install/scootbot/share/scootbot/worlds/reemc_indoor.world
[0.395s] -- Symlinking: /home/ubuntu/scootbot/3.0.0/install/scootbot/share/scootbot/worlds/simple_office.world
[0.399s] -- Symlinking: /home/ubuntu/scootbot/3.0.0/install/scootbot/share/scootbot/worlds/simple_office_with_people.world
[0.403s] -- Symlinking: /home/ubuntu/scootbot/3.0.0/install/scootbot/share/scootbot/worlds/simple_ramp.world
[0.406s] -- Up-to-date symlink: /home/ubuntu/scootbot/3.0.0/install/scootbot/share/scootbot/worlds/small_city.world
[0.406s] -- Symlinking: /home/ubuntu/scootbot/3.0.0/install/scootbot/share/scootbot/worlds/small_factory.world
[0.410s] -- Symlinking: /home/ubuntu/scootbot/3.0.0/install/scootbot/share/scootbot/worlds/small_office.world
[0.414s] -- Symlinking: /home/ubuntu/scootbot/3.0.0/install/scootbot/share/scootbot/worlds/small_office_door_obstacle.world
[0.418s] -- Symlinking: /home/ubuntu/scootbot/3.0.0/install/scootbot/share/scootbot/worlds/small_office_inventory.world
[0.421s] -- Symlinking: /home/ubuntu/scootbot/3.0.0/install/scootbot/share/scootbot/worlds/small_textured_office.world
[0.425s] -- Symlinking: /home/ubuntu/scootbot/3.0.0/install/scootbot/share/scootbot/worlds/socmcs.world
[0.429s] -- Symlinking: /home/ubuntu/scootbot/3.0.0/install/scootbot/share/scootbot/worlds/stairs.world
[0.433s] -- Symlinking: /home/ubuntu/scootbot/3.0.0/install/scootbot/share/scootbot/worlds/stamping_demo.world
[0.437s] -- Symlinking: /home/ubuntu/scootbot/3.0.0/install/scootbot/share/scootbot/worlds/t_shaped.world
[0.440s] -- Symlinking: /home/ubuntu/scootbot/3.0.0/install/scootbot/share/scootbot/worlds/tabletop_cube.world
[0.444s] -- Symlinking: /home/ubuntu/scootbot/3.0.0/install/scootbot/share/scootbot/worlds/tabletop_cylinder.world
[0.448s] -- Symlinking: /home/ubuntu/scootbot/3.0.0/install/scootbot/share/scootbot/worlds/tutorial_office.world
[0.451s] -- Symlinking: /home/ubuntu/scootbot/3.0.0/install/scootbot/share/scootbot/worlds/voronoi_graph.world
[0.455s] -- Symlinking: /home/ubuntu/scootbot/3.0.0/install/scootbot/share/scootbot/worlds/willow_garage.world
[0.459s] -- Symlinking: /home/ubuntu/scootbot/3.0.0/install/scootbot/share/scootbot/worlds/world_wall_REEM_photo.world
[0.462s] -- Up-to-date symlink: /home/ubuntu/scootbot/3.0.0/install/scootbot/share/scootbot/maps/obstacle_map.pgm
[0.463s] -- Up-to-date symlink: /home/ubuntu/scootbot/3.0.0/install/scootbot/share/scootbot/maps/obstacle_map.yaml
[0.463s] -- Up-to-date symlink: /home/ubuntu/scootbot/3.0.0/install/scootbot/share/scootbot/maps/obstacle_serial_map.data
[0.463s] -- Up-to-date symlink: /home/ubuntu/scootbot/3.0.0/install/scootbot/share/scootbot/maps/obstacle_serial_map.posegraph
[0.463s] -- Up-to-date symlink: /home/ubuntu/scootbot/3.0.0/install/scootbot/share/scootbot/maps/obstacles.pgm
[0.463s] -- Up-to-date symlink: /home/ubuntu/scootbot/3.0.0/install/scootbot/share/scootbot/maps/obstacles.yaml
[0.463s] -- Up-to-date symlink: /home/ubuntu/scootbot/3.0.0/install/scootbot/share/scootbot/maps/turtlebot3_world.pgm
[0.463s] -- Up-to-date symlink: /home/ubuntu/scootbot/3.0.0/install/scootbot/share/scootbot/maps/turtlebot3_world.yaml
[0.465s] -- Symlinking: /home/ubuntu/scootbot/3.0.0/install/scootbot/share/scootbot/models/arm_chair/arm_chair.sdf
[0.469s] -- Symlinking: /home/ubuntu/scootbot/3.0.0/install/scootbot/share/scootbot/models/arm_chair/meshes/arm_chair.stl
[0.473s] -- Symlinking: /home/ubuntu/scootbot/3.0.0/install/scootbot/share/scootbot/models/arm_chair/model.config
[0.477s] -- Symlinking: /home/ubuntu/scootbot/3.0.0/install/scootbot/share/scootbot/models/aruco_board/aruco_board.sdf
[0.481s] -- Symlinking: /home/ubuntu/scootbot/3.0.0/install/scootbot/share/scootbot/models/aruco_board/material/scripts/aruco_board.material
[0.484s] -- Symlinking: /home/ubuntu/scootbot/3.0.0/install/scootbot/share/scootbot/models/aruco_board/material/textures/aruco_board.png
[0.488s] -- Symlinking: /home/ubuntu/scootbot/3.0.0/install/scootbot/share/scootbot/models/aruco_board/model.config
[0.492s] -- Symlinking: /home/ubuntu/scootbot/3.0.0/install/scootbot/share/scootbot/models/aruco_cube/aruco_cube.sdf
[0.496s] -- Symlinking: /home/ubuntu/scootbot/3.0.0/install/scootbot/share/scootbot/models/aruco_cube/meshes/aruco_cube_5cm.dae
[0.499s] -- Symlinking: /home/ubuntu/scootbot/3.0.0/install/scootbot/share/scootbot/models/aruco_cube/meshes/aruco_cube_6cm.dae
[0.503s] -- Symlinking: /home/ubuntu/scootbot/3.0.0/install/scootbot/share/scootbot/models/aruco_cube/meshes/aruco_cube_8cm.dae
[0.507s] -- Symlinking: /home/ubuntu/scootbot/3.0.0/install/scootbot/share/scootbot/models/aruco_cube/meshes/marker582.png
[0.511s] -- Symlinking: /home/ubuntu/scootbot/3.0.0/install/scootbot/share/scootbot/models/aruco_cube/meshes/marker582_small_margin.png
[0.515s] -- Symlinking: /home/ubuntu/scootbot/3.0.0/install/scootbot/share/scootbot/models/aruco_cube/model.config
[0.518s] -- Symlinking: /home/ubuntu/scootbot/3.0.0/install/scootbot/share/scootbot/models/aruco_marker_250_6x6_1/aruco_marker_250_6x6.sdf
[0.522s] -- Symlinking: /home/ubuntu/scootbot/3.0.0/install/scootbot/share/scootbot/models/aruco_marker_250_6x6_1/material/scripts/aruco_marker_250_6x6.material
[0.526s] -- Symlinking: /home/ubuntu/scootbot/3.0.0/install/scootbot/share/scootbot/models/aruco_marker_250_6x6_1/material/textures/Aruco_6x6_250_0.png
[0.530s] -- Symlinking: /home/ubuntu/scootbot/3.0.0/install/scootbot/share/scootbot/models/aruco_marker_250_6x6_1/model.config
[0.533s] -- Symlinking: /home/ubuntu/scootbot/3.0.0/install/scootbot/share/scootbot/models/aruco_marker_250_6x6_2/aruco_marker_250_6x6.sdf
[0.537s] -- Symlinking: /home/ubuntu/scootbot/3.0.0/install/scootbot/share/scootbot/models/aruco_marker_250_6x6_2/material/scripts/aruco_marker_250_6x6.material
[0.541s] -- Symlinking: /home/ubuntu/scootbot/3.0.0/install/scootbot/share/scootbot/models/aruco_marker_250_6x6_2/material/textures/Aruco_6x6_250_1.png
[0.545s] -- Symlinking: /home/ubuntu/scootbot/3.0.0/install/scootbot/share/scootbot/models/aruco_marker_250_6x6_2/model.config
[0.548s] -- Symlinking: /home/ubuntu/scootbot/3.0.0/install/scootbot/share/scootbot/models/aruco_marker_250_6x6_3/aruco_marker_250_6x6.sdf
[0.552s] -- Symlinking: /home/ubuntu/scootbot/3.0.0/install/scootbot/share/scootbot/models/aruco_marker_250_6x6_3/material/scripts/aruco_marker_250_6x6.material
[0.556s] -- Symlinking: /home/ubuntu/scootbot/3.0.0/install/scootbot/share/scootbot/models/aruco_marker_250_6x6_3/material/textures/Aruco_6x6_250_2.png
[0.560s] -- Symlinking: /home/ubuntu/scootbot/3.0.0/install/scootbot/share/scootbot/models/aruco_marker_250_6x6_3/model.config
[0.563s] -- Symlinking: /home/ubuntu/scootbot/3.0.0/install/scootbot/share/scootbot/models/aruco_marker_250_6x6_4/aruco_marker_250_6x6.sdf
[0.567s] -- Symlinking: /home/ubuntu/scootbot/3.0.0/install/scootbot/share/scootbot/models/aruco_marker_250_6x6_4/material/scripts/aruco_marker_250_6x6.material
[0.571s] -- Symlinking: /home/ubuntu/scootbot/3.0.0/install/scootbot/share/scootbot/models/aruco_marker_250_6x6_4/material/textures/Aruco_6x6_250_3.png
[0.575s] -- Symlinking: /home/ubuntu/scootbot/3.0.0/install/scootbot/share/scootbot/models/aruco_marker_250_6x6_4/model.config
[0.579s] -- Symlinking: /home/ubuntu/scootbot/3.0.0/install/scootbot/share/scootbot/models/aruco_marker_6cm_238/aruco_marker_6cm.sdf
[0.583s] -- Symlinking: /home/ubuntu/scootbot/3.0.0/install/scootbot/share/scootbot/models/aruco_marker_6cm_238/material/scripts/aruco_marker_original.material
[0.587s] -- Symlinking: /home/ubuntu/scootbot/3.0.0/install/scootbot/share/scootbot/models/aruco_marker_6cm_238/material/textures/Aruco_6cm_238.png
[0.591s] -- Symlinking: /home/ubuntu/scootbot/3.0.0/install/scootbot/share/scootbot/models/aruco_marker_6cm_238/model.config
[0.595s] -- Symlinking: /home/ubuntu/scootbot/3.0.0/install/scootbot/share/scootbot/models/aruco_marker_6cm_26/aruco_marker_6cm.sdf
[0.600s] -- Symlinking: /home/ubuntu/scootbot/3.0.0/install/scootbot/share/scootbot/models/aruco_marker_6cm_26/material/scripts/aruco_marker_original.material
[0.604s] -- Symlinking: /home/ubuntu/scootbot/3.0.0/install/scootbot/share/scootbot/models/aruco_marker_6cm_26/material/textures/Aruco_6cm_26.png
[0.608s] -- Symlinking: /home/ubuntu/scootbot/3.0.0/install/scootbot/share/scootbot/models/aruco_marker_6cm_26/model.config
[0.612s] -- Symlinking: /home/ubuntu/scootbot/3.0.0/install/scootbot/share/scootbot/models/aruco_marker_6cm_582/aruco_marker_6cm.sdf
[0.616s] -- Symlinking: /home/ubuntu/scootbot/3.0.0/install/scootbot/share/scootbot/models/aruco_marker_6cm_582/material/scripts/aruco_marker_original.material
[0.620s] -- Symlinking: /home/ubuntu/scootbot/3.0.0/install/scootbot/share/scootbot/models/aruco_marker_6cm_582/material/textures/Aruco_6cm_582.png
[0.624s] -- Symlinking: /home/ubuntu/scootbot/3.0.0/install/scootbot/share/scootbot/models/aruco_marker_6cm_582/model.config
[0.628s] -- Symlinking: /home/ubuntu/scootbot/3.0.0/install/scootbot/share/scootbot/models/aruco_marker_6cm_63/aruco_marker_6cm.sdf
[0.632s] -- Symlinking: /home/ubuntu/scootbot/3.0.0/install/scootbot/share/scootbot/models/aruco_marker_6cm_63/material/scripts/aruco_marker_original.material
[0.636s] -- Symlinking: /home/ubuntu/scootbot/3.0.0/install/scootbot/share/scootbot/models/aruco_marker_6cm_63/material/textures/Aruco_6cm_63.png
[0.640s] -- Symlinking: /home/ubuntu/scootbot/3.0.0/install/scootbot/share/scootbot/models/aruco_marker_6cm_63/model.config
[0.644s] -- Symlinking: /home/ubuntu/scootbot/3.0.0/install/scootbot/share/scootbot/models/aruco_marker_9cm_238/aruco_marker_9cm.sdf
[0.648s] -- Symlinking: /home/ubuntu/scootbot/3.0.0/install/scootbot/share/scootbot/models/aruco_marker_9cm_238/material/scripts/aruco_marker_original.material
[0.653s] -- Symlinking: /home/ubuntu/scootbot/3.0.0/install/scootbot/share/scootbot/models/aruco_marker_9cm_238/material/textures/Aruco_9cm_238.png
[0.656s] -- Symlinking: /home/ubuntu/scootbot/3.0.0/install/scootbot/share/scootbot/models/aruco_marker_9cm_238/model.config
[0.660s] -- Symlinking: /home/ubuntu/scootbot/3.0.0/install/scootbot/share/scootbot/models/aruco_marker_9cm_26/aruco_marker_9cm.sdf
[0.664s] -- Symlinking: /home/ubuntu/scootbot/3.0.0/install/scootbot/share/scootbot/models/aruco_marker_9cm_26/material/scripts/aruco_marker_original.material
[0.668s] -- Symlinking: /home/ubuntu/scootbot/3.0.0/install/scootbot/share/scootbot/models/aruco_marker_9cm_26/material/textures/Aruco_9cm_26.png
[0.672s] -- Symlinking: /home/ubuntu/scootbot/3.0.0/install/scootbot/share/scootbot/models/aruco_marker_9cm_26/model.config
[0.676s] -- Symlinking: /home/ubuntu/scootbot/3.0.0/install/scootbot/share/scootbot/models/aruco_marker_9cm_582/aruco_marker_9cm.sdf
[0.680s] -- Symlinking: /home/ubuntu/scootbot/3.0.0/install/scootbot/share/scootbot/models/aruco_marker_9cm_582/material/scripts/aruco_marker_original.material
[0.684s] -- Symlinking: /home/ubuntu/scootbot/3.0.0/install/scootbot/share/scootbot/models/aruco_marker_9cm_582/material/textures/Aruco_9cm_582.png
[0.688s] -- Symlinking: /home/ubuntu/scootbot/3.0.0/install/scootbot/share/scootbot/models/aruco_marker_9cm_582/model.config
[0.692s] -- Symlinking: /home/ubuntu/scootbot/3.0.0/install/scootbot/share/scootbot/models/aruco_marker_9cm_63/aruco_marker_9cm.sdf
[0.696s] -- Symlinking: /home/ubuntu/scootbot/3.0.0/install/scootbot/share/scootbot/models/aruco_marker_9cm_63/material/scripts/aruco_marker_original.material
[0.700s] -- Symlinking: /home/ubuntu/scootbot/3.0.0/install/scootbot/share/scootbot/models/aruco_marker_9cm_63/material/textures/Aruco_9cm_63.png
[0.704s] -- Symlinking: /home/ubuntu/scootbot/3.0.0/install/scootbot/share/scootbot/models/aruco_marker_9cm_63/model.config
[0.708s] -- Symlinking: /home/ubuntu/scootbot/3.0.0/install/scootbot/share/scootbot/models/aruco_marker_original_238/aruco_marker_original.sdf
[0.711s] -- Symlinking: /home/ubuntu/scootbot/3.0.0/install/scootbot/share/scootbot/models/aruco_marker_original_238/material/scripts/aruco_marker_original.material
[0.715s] -- Symlinking: /home/ubuntu/scootbot/3.0.0/install/scootbot/share/scootbot/models/aruco_marker_original_238/material/textures/Aruco_original_238.png
[0.719s] -- Symlinking: /home/ubuntu/scootbot/3.0.0/install/scootbot/share/scootbot/models/aruco_marker_original_238/model.config
[0.723s] -- Symlinking: /home/ubuntu/scootbot/3.0.0/install/scootbot/share/scootbot/models/aruco_marker_original_26/aruco_marker_original.sdf
[0.727s] -- Symlinking: /home/ubuntu/scootbot/3.0.0/install/scootbot/share/scootbot/models/aruco_marker_original_26/material/scripts/aruco_marker_original.material
[0.731s] -- Symlinking: /home/ubuntu/scootbot/3.0.0/install/scootbot/share/scootbot/models/aruco_marker_original_26/material/textures/Aruco_original_26.png
[0.735s] -- Symlinking: /home/ubuntu/scootbot/3.0.0/install/scootbot/share/scootbot/models/aruco_marker_original_26/model.config
[0.739s] -- Symlinking: /home/ubuntu/scootbot/3.0.0/install/scootbot/share/scootbot/models/aruco_marker_original_582/aruco_marker_original.sdf
[0.743s] -- Symlinking: /home/ubuntu/scootbot/3.0.0/install/scootbot/share/scootbot/models/aruco_marker_original_582/material/scripts/aruco_marker_original.material
[0.747s] -- Symlinking: /home/ubuntu/scootbot/3.0.0/install/scootbot/share/scootbot/models/aruco_marker_original_582/material/textures/Aruco_original_582.png
[0.750s] -- Symlinking: /home/ubuntu/scootbot/3.0.0/install/scootbot/share/scootbot/models/aruco_marker_original_582/model.config
[0.754s] -- Symlinking: /home/ubuntu/scootbot/3.0.0/install/scootbot/share/scootbot/models/aruco_marker_original_63/aruco_marker_original.sdf
[0.758s] -- Symlinking: /home/ubuntu/scootbot/3.0.0/install/scootbot/share/scootbot/models/aruco_marker_original_63/material/scripts/aruco_marker_original.material
[0.762s] -- Symlinking: /home/ubuntu/scootbot/3.0.0/install/scootbot/share/scootbot/models/aruco_marker_original_63/material/textures/Aruco_original_63.png
[0.765s] -- Symlinking: /home/ubuntu/scootbot/3.0.0/install/scootbot/share/scootbot/models/aruco_marker_original_63/model.config
[0.769s] -- Symlinking: /home/ubuntu/scootbot/3.0.0/install/scootbot/share/scootbot/models/bauman/README
[0.773s] -- Symlinking: /home/ubuntu/scootbot/3.0.0/install/scootbot/share/scootbot/models/bauman/bauman_walls.png
[0.777s] -- Symlinking: /home/ubuntu/scootbot/3.0.0/install/scootbot/share/scootbot/models/bauman/model.config
[0.781s] -- Symlinking: /home/ubuntu/scootbot/3.0.0/install/scootbot/share/scootbot/models/bauman/model.sdf
[0.784s] -- Symlinking: /home/ubuntu/scootbot/3.0.0/install/scootbot/share/scootbot/models/bench/bench.sdf
[0.788s] -- Symlinking: /home/ubuntu/scootbot/3.0.0/install/scootbot/share/scootbot/models/bench/meshes/bench.stl
[0.792s] -- Symlinking: /home/ubuntu/scootbot/3.0.0/install/scootbot/share/scootbot/models/bench/model.config
[0.796s] -- Symlinking: /home/ubuntu/scootbot/3.0.0/install/scootbot/share/scootbot/models/bifrutas_tropical_can/bifrutas_tropical_can.sdf
[0.800s] -- Symlinking: /home/ubuntu/scootbot/3.0.0/install/scootbot/share/scootbot/models/bifrutas_tropical_can/material/scripts/bifrutas_tropical_can.material
[0.804s] -- Symlinking: /home/ubuntu/scootbot/3.0.0/install/scootbot/share/scootbot/models/bifrutas_tropical_can/material/textures/bifrutas_tropical_can.jpg
[0.808s] -- Symlinking: /home/ubuntu/scootbot/3.0.0/install/scootbot/share/scootbot/models/bifrutas_tropical_can/model.config
[0.811s] -- Symlinking: /home/ubuntu/scootbot/3.0.0/install/scootbot/share/scootbot/models/biscuits_pack/biscuits_pack.sdf
[0.815s] -- Symlinking: /home/ubuntu/scootbot/3.0.0/install/scootbot/share/scootbot/models/biscuits_pack/material/scripts/pringles.material
[0.819s] -- Symlinking: /home/ubuntu/scootbot/3.0.0/install/scootbot/share/scootbot/models/biscuits_pack/material/textures/biscuits_pack.jpg
[0.823s] -- Symlinking: /home/ubuntu/scootbot/3.0.0/install/scootbot/share/scootbot/models/biscuits_pack/model.config
[0.826s] -- Symlinking: /home/ubuntu/scootbot/3.0.0/install/scootbot/share/scootbot/models/box_with_handles/box_with_handles.sdf
[0.830s] -- Symlinking: /home/ubuntu/scootbot/3.0.0/install/scootbot/share/scootbot/models/box_with_handles/material/scripts/aruco_marker_original.material
[0.834s] -- Symlinking: /home/ubuntu/scootbot/3.0.0/install/scootbot/share/scootbot/models/box_with_handles/material/textures/Aruco_original_582.png
[0.838s] -- Symlinking: /home/ubuntu/scootbot/3.0.0/install/scootbot/share/scootbot/models/box_with_handles/model.config
[0.841s] -- Symlinking: /home/ubuntu/scootbot/3.0.0/install/scootbot/share/scootbot/models/brick_box_3x1x3/materials/scripts/brick_box.material
[0.845s] -- Symlinking: /home/ubuntu/scootbot/3.0.0/install/scootbot/share/scootbot/models/brick_box_3x1x3/materials/textures/simple_box.png
[0.849s] -- Symlinking: /home/ubuntu/scootbot/3.0.0/install/scootbot/share/scootbot/models/brick_box_3x1x3/meshes/simple_box.dae
[0.852s] -- Symlinking: /home/ubuntu/scootbot/3.0.0/install/scootbot/share/scootbot/models/brick_box_3x1x3/model-1_3.sdf
[0.856s] -- Symlinking: /home/ubuntu/scootbot/3.0.0/install/scootbot/share/scootbot/models/brick_box_3x1x3/model-1_4.sdf
[0.860s] -- Symlinking: /home/ubuntu/scootbot/3.0.0/install/scootbot/share/scootbot/models/brick_box_3x1x3/model.config
[0.864s] -- Symlinking: /home/ubuntu/scootbot/3.0.0/install/scootbot/share/scootbot/models/brick_box_3x1x3/model.sdf
[0.868s] -- Symlinking: /home/ubuntu/scootbot/3.0.0/install/scootbot/share/scootbot/models/citizen_extras_female_02/images/_01_-_Default1noCulling.JPG
[0.872s] -- Symlinking: /home/ubuntu/scootbot/3.0.0/install/scootbot/share/scootbot/models/citizen_extras_female_02/images/_02_-_Default1noCulling.JPG
[0.875s] -- Symlinking: /home/ubuntu/scootbot/3.0.0/install/scootbot/share/scootbot/models/citizen_extras_female_02/images/_03_-_Default1noCulling.JPG
[0.879s] -- Symlinking: /home/ubuntu/scootbot/3.0.0/install/scootbot/share/scootbot/models/citizen_extras_female_02/meshes/mesh.dae
[0.883s] -- Symlinking: /home/ubuntu/scootbot/3.0.0/install/scootbot/share/scootbot/models/citizen_extras_female_02/model.config
[0.887s] -- Symlinking: /home/ubuntu/scootbot/3.0.0/install/scootbot/share/scootbot/models/citizen_extras_female_02/model.sdf
[0.890s] -- Symlinking: /home/ubuntu/scootbot/3.0.0/install/scootbot/share/scootbot/models/citizen_extras_female_03/images/Material__1noCulling.JPG
[0.894s] -- Symlinking: /home/ubuntu/scootbot/3.0.0/install/scootbot/share/scootbot/models/citizen_extras_female_03/images/Material__2noCulling.JPG
[0.898s] -- Symlinking: /home/ubuntu/scootbot/3.0.0/install/scootbot/share/scootbot/models/citizen_extras_female_03/images/_03_-_Default1noCulling.JPG
[0.902s] -- Symlinking: /home/ubuntu/scootbot/3.0.0/install/scootbot/share/scootbot/models/citizen_extras_female_03/meshes/mesh.dae
[0.905s] -- Symlinking: /home/ubuntu/scootbot/3.0.0/install/scootbot/share/scootbot/models/citizen_extras_female_03/model.config
[0.909s] -- Symlinking: /home/ubuntu/scootbot/3.0.0/install/scootbot/share/scootbot/models/citizen_extras_female_03/model.sdf
[0.913s] -- Symlinking: /home/ubuntu/scootbot/3.0.0/install/scootbot/share/scootbot/models/citizen_extras_male_03/images/Material__1noCulling.JPG
[0.917s] -- Symlinking: /home/ubuntu/scootbot/3.0.0/install/scootbot/share/scootbot/models/citizen_extras_male_03/images/hair1noCulling.JPG
[0.920s] -- Symlinking: /home/ubuntu/scootbot/3.0.0/install/scootbot/share/scootbot/models/citizen_extras_male_03/images/hrad1noCulling.JPG
[0.924s] -- Symlinking: /home/ubuntu/scootbot/3.0.0/install/scootbot/share/scootbot/models/citizen_extras_male_03/meshes/mesh.dae
[0.928s] -- Symlinking: /home/ubuntu/scootbot/3.0.0/install/scootbot/share/scootbot/models/citizen_extras_male_03/model.config
[0.932s] -- Symlinking: /home/ubuntu/scootbot/3.0.0/install/scootbot/share/scootbot/models/citizen_extras_male_03/model.sdf
[0.936s] -- Symlinking: /home/ubuntu/scootbot/3.0.0/install/scootbot/share/scootbot/models/closet/closet.sdf
[0.940s] -- Symlinking: /home/ubuntu/scootbot/3.0.0/install/scootbot/share/scootbot/models/closet/meshes/closet.stl
[0.944s] -- Symlinking: /home/ubuntu/scootbot/3.0.0/install/scootbot/share/scootbot/models/closet/model.config
[0.947s] -- Symlinking: /home/ubuntu/scootbot/3.0.0/install/scootbot/share/scootbot/models/cocacola/cocacola.sdf
[0.951s] -- Symlinking: /home/ubuntu/scootbot/3.0.0/install/scootbot/share/scootbot/models/cocacola/material/scripts/cocacola.material
[0.955s] -- Symlinking: /home/ubuntu/scootbot/3.0.0/install/scootbot/share/scootbot/models/cocacola/material/textures/cocacola.jpg
[0.959s] -- Symlinking: /home/ubuntu/scootbot/3.0.0/install/scootbot/share/scootbot/models/cocacola/model.config
[0.962s] -- Symlinking: /home/ubuntu/scootbot/3.0.0/install/scootbot/share/scootbot/models/coke_can_slim/coke_can_slim.sdf
[0.966s] -- Symlinking: /home/ubuntu/scootbot/3.0.0/install/scootbot/share/scootbot/models/coke_can_slim/material/scripts/coke_can_slim.material
[0.970s] -- Symlinking: /home/ubuntu/scootbot/3.0.0/install/scootbot/share/scootbot/models/coke_can_slim/material/textures/coke_can_slim.jpg
[0.974s] -- Symlinking: /home/ubuntu/scootbot/3.0.0/install/scootbot/share/scootbot/models/coke_can_slim/model.config
[0.977s] -- Symlinking: /home/ubuntu/scootbot/3.0.0/install/scootbot/share/scootbot/models/database.config
[0.981s] -- Symlinking: /home/ubuntu/scootbot/3.0.0/install/scootbot/share/scootbot/models/dining_chair/dining_chair.sdf
[0.985s] -- Symlinking: /home/ubuntu/scootbot/3.0.0/install/scootbot/share/scootbot/models/dining_chair/meshes/dining_chair.stl
[0.988s] -- Symlinking: /home/ubuntu/scootbot/3.0.0/install/scootbot/share/scootbot/models/dining_chair/model.config
[0.992s] -- Symlinking: /home/ubuntu/scootbot/3.0.0/install/scootbot/share/scootbot/models/dock1/dock1.sdf
[0.996s] -- Symlinking: /home/ubuntu/scootbot/3.0.0/install/scootbot/share/scootbot/models/dock1/meshes/dock1.dae
[1.000s] -- Symlinking: /home/ubuntu/scootbot/3.0.0/install/scootbot/share/scootbot/models/dock1/model.config
[1.004s] -- Symlinking: /home/ubuntu/scootbot/3.0.0/install/scootbot/share/scootbot/models/door_obstacle/door_obstacle.sdf
[1.007s] -- Symlinking: /home/ubuntu/scootbot/3.0.0/install/scootbot/share/scootbot/models/door_obstacle/model.config
[1.011s] -- Symlinking: /home/ubuntu/scootbot/3.0.0/install/scootbot/share/scootbot/models/floor_lamp/floor_lamp.sdf
[1.015s] -- Symlinking: /home/ubuntu/scootbot/3.0.0/install/scootbot/share/scootbot/models/floor_lamp/meshes/floor_lamp.stl
[1.018s] -- Symlinking: /home/ubuntu/scootbot/3.0.0/install/scootbot/share/scootbot/models/floor_lamp/model.config
[1.022s] -- Symlinking: /home/ubuntu/scootbot/3.0.0/install/scootbot/share/scootbot/models/goetz_sofa/goetz_sofa.sdf
[1.026s] -- Symlinking: /home/ubuntu/scootbot/3.0.0/install/scootbot/share/scootbot/models/goetz_sofa/materials/textures/texture0.jpg
[1.030s] -- Symlinking: /home/ubuntu/scootbot/3.0.0/install/scootbot/share/scootbot/models/goetz_sofa/meshes/goetz_sofa.dae
[1.033s] -- Symlinking: /home/ubuntu/scootbot/3.0.0/install/scootbot/share/scootbot/models/goetz_sofa/model.config
[1.037s] -- Symlinking: /home/ubuntu/scootbot/3.0.0/install/scootbot/share/scootbot/models/green_ball/materials/scripts/ball.material
[1.041s] -- Symlinking: /home/ubuntu/scootbot/3.0.0/install/scootbot/share/scootbot/models/green_ball/model.config
[1.045s] -- Symlinking: /home/ubuntu/scootbot/3.0.0/install/scootbot/share/scootbot/models/green_ball/model.sdf
[1.048s] -- Symlinking: /home/ubuntu/scootbot/3.0.0/install/scootbot/share/scootbot/models/green_cube/green_cube.sdf
[1.052s] -- Symlinking: /home/ubuntu/scootbot/3.0.0/install/scootbot/share/scootbot/models/green_cube/model.config
[1.056s] -- Symlinking: /home/ubuntu/scootbot/3.0.0/install/scootbot/share/scootbot/models/green_rectangle/green_rectangle.sdf
[1.059s] -- Symlinking: /home/ubuntu/scootbot/3.0.0/install/scootbot/share/scootbot/models/green_rectangle/model.config
[1.063s] -- Symlinking: /home/ubuntu/scootbot/3.0.0/install/scootbot/share/scootbot/models/ground_plane/model-1_2.sdf
[1.067s] -- Symlinking: /home/ubuntu/scootbot/3.0.0/install/scootbot/share/scootbot/models/ground_plane/model-1_3.sdf
[1.071s] -- Symlinking: /home/ubuntu/scootbot/3.0.0/install/scootbot/share/scootbot/models/ground_plane/model-1_4.sdf
[1.074s] -- Symlinking: /home/ubuntu/scootbot/3.0.0/install/scootbot/share/scootbot/models/ground_plane/model.config
[1.078s] -- Symlinking: /home/ubuntu/scootbot/3.0.0/install/scootbot/share/scootbot/models/ground_plane/model.sdf
[1.082s] -- Symlinking: /home/ubuntu/scootbot/3.0.0/install/scootbot/share/scootbot/models/hospital_flat_map/hospital_flat_map.sdf
[1.086s] -- Symlinking: /home/ubuntu/scootbot/3.0.0/install/scootbot/share/scootbot/models/hospital_flat_map/meshes/hospital_flat_map.stl
[1.089s] -- Symlinking: /home/ubuntu/scootbot/3.0.0/install/scootbot/share/scootbot/models/hospital_flat_map/model.config
[1.093s] -- Symlinking: /home/ubuntu/scootbot/3.0.0/install/scootbot/share/scootbot/models/hospital_map/hospital_map.sdf
[1.097s] -- Symlinking: /home/ubuntu/scootbot/3.0.0/install/scootbot/share/scootbot/models/hospital_map/meshes/g1.stl
[1.100s] -- Symlinking: /home/ubuntu/scootbot/3.0.0/install/scootbot/share/scootbot/models/hospital_map/meshes/g2.stl
[1.104s] -- Symlinking: /home/ubuntu/scootbot/3.0.0/install/scootbot/share/scootbot/models/hospital_map/meshes/g3.stl
[1.108s] -- Symlinking: /home/ubuntu/scootbot/3.0.0/install/scootbot/share/scootbot/models/hospital_map/meshes/g4.stl
[1.111s] -- Symlinking: /home/ubuntu/scootbot/3.0.0/install/scootbot/share/scootbot/models/hospital_map/meshes/g5.stl
[1.115s] -- Symlinking: /home/ubuntu/scootbot/3.0.0/install/scootbot/share/scootbot/models/hospital_map/meshes/g6.stl
[1.119s] -- Symlinking: /home/ubuntu/scootbot/3.0.0/install/scootbot/share/scootbot/models/hospital_map/meshes/g7.stl
[1.122s] -- Symlinking: /home/ubuntu/scootbot/3.0.0/install/scootbot/share/scootbot/models/hospital_map/meshes/gr1.stl
[1.126s] -- Symlinking: /home/ubuntu/scootbot/3.0.0/install/scootbot/share/scootbot/models/hospital_map/meshes/gr2.stl
[1.130s] -- Symlinking: /home/ubuntu/scootbot/3.0.0/install/scootbot/share/scootbot/models/hospital_map/meshes/gr3.stl
[1.133s] -- Symlinking: /home/ubuntu/scootbot/3.0.0/install/scootbot/share/scootbot/models/hospital_map/meshes/gr4.stl
[1.137s] -- Symlinking: /home/ubuntu/scootbot/3.0.0/install/scootbot/share/scootbot/models/hospital_map/meshes/gr5.stl
[1.141s] -- Symlinking: /home/ubuntu/scootbot/3.0.0/install/scootbot/share/scootbot/models/hospital_map/meshes/gr6.stl
[1.145s] -- Symlinking: /home/ubuntu/scootbot/3.0.0/install/scootbot/share/scootbot/models/hospital_map/meshes/hospital_map.stl
[1.148s] -- Symlinking: /home/ubuntu/scootbot/3.0.0/install/scootbot/share/scootbot/models/hospital_map/meshes/w1.stl
[1.152s] -- Symlinking: /home/ubuntu/scootbot/3.0.0/install/scootbot/share/scootbot/models/hospital_map/meshes/w2.stl
[1.156s] -- Symlinking: /home/ubuntu/scootbot/3.0.0/install/scootbot/share/scootbot/models/hospital_map/meshes/w3.stl
[1.159s] -- Symlinking: /home/ubuntu/scootbot/3.0.0/install/scootbot/share/scootbot/models/hospital_map/meshes/w4.stl
[1.163s] -- Symlinking: /home/ubuntu/scootbot/3.0.0/install/scootbot/share/scootbot/models/hospital_map/meshes/w5.stl
[1.167s] -- Symlinking: /home/ubuntu/scootbot/3.0.0/install/scootbot/share/scootbot/models/hospital_map/meshes/w6.stl
[1.171s] -- Symlinking: /home/ubuntu/scootbot/3.0.0/install/scootbot/share/scootbot/models/hospital_map/meshes/w7.stl
[1.174s] -- Symlinking: /home/ubuntu/scootbot/3.0.0/install/scootbot/share/scootbot/models/hospital_map/meshes/wr1.stl
[1.178s] -- Symlinking: /home/ubuntu/scootbot/3.0.0/install/scootbot/share/scootbot/models/hospital_map/meshes/wr2.stl
[1.182s] -- Symlinking: /home/ubuntu/scootbot/3.0.0/install/scootbot/share/scootbot/models/hospital_map/meshes/wr3.stl
[1.185s] -- Symlinking: /home/ubuntu/scootbot/3.0.0/install/scootbot/share/scootbot/models/hospital_map/meshes/wr4.stl
[1.189s] -- Symlinking: /home/ubuntu/scootbot/3.0.0/install/scootbot/share/scootbot/models/hospital_map/meshes/wr5.stl
[1.193s] -- Symlinking: /home/ubuntu/scootbot/3.0.0/install/scootbot/share/scootbot/models/hospital_map/meshes/wr6.stl
[1.196s] -- Symlinking: /home/ubuntu/scootbot/3.0.0/install/scootbot/share/scootbot/models/hospital_map/model.config
[1.200s] -- Symlinking: /home/ubuntu/scootbot/3.0.0/install/scootbot/share/scootbot/models/ideal_sun/model.config
[1.204s] -- Symlinking: /home/ubuntu/scootbot/3.0.0/install/scootbot/share/scootbot/models/ideal_sun/model.sdf
[1.208s] -- Symlinking: /home/ubuntu/scootbot/3.0.0/install/scootbot/share/scootbot/models/ikea_ektorp_chair/meshes/IKE06001.JPG
[1.211s] -- Symlinking: /home/ubuntu/scootbot/3.0.0/install/scootbot/share/scootbot/models/ikea_ektorp_chair/meshes/mesh.dae
[1.215s] -- Symlinking: /home/ubuntu/scootbot/3.0.0/install/scootbot/share/scootbot/models/ikea_ektorp_chair/model.config
[1.219s] -- Symlinking: /home/ubuntu/scootbot/3.0.0/install/scootbot/share/scootbot/models/ikea_ektorp_chair/model.sdf
[1.223s] -- Symlinking: /home/ubuntu/scootbot/3.0.0/install/scootbot/share/scootbot/models/ikea_folke_chair/meshes/mesh.dae
[1.226s] -- Symlinking: /home/ubuntu/scootbot/3.0.0/install/scootbot/share/scootbot/models/ikea_folke_chair/meshes/notexture.png
[1.230s] -- Symlinking: /home/ubuntu/scootbot/3.0.0/install/scootbot/share/scootbot/models/ikea_folke_chair/meshes/texture.png
[1.234s] -- Symlinking: /home/ubuntu/scootbot/3.0.0/install/scootbot/share/scootbot/models/ikea_folke_chair/model.config
[1.238s] -- Symlinking: /home/ubuntu/scootbot/3.0.0/install/scootbot/share/scootbot/models/ikea_folke_chair/model.sdf
[1.242s] -- Symlinking: /home/ubuntu/scootbot/3.0.0/install/scootbot/share/scootbot/models/ikea_harry_chair/meshes/body.png
[1.245s] -- Symlinking: /home/ubuntu/scootbot/3.0.0/install/scootbot/share/scootbot/models/ikea_harry_chair/meshes/legs.png
[1.249s] -- Symlinking: /home/ubuntu/scootbot/3.0.0/install/scootbot/share/scootbot/models/ikea_harry_chair/meshes/mesh.dae
[1.253s] -- Symlinking: /home/ubuntu/scootbot/3.0.0/install/scootbot/share/scootbot/models/ikea_harry_chair/model.config
[1.257s] -- Symlinking: /home/ubuntu/scootbot/3.0.0/install/scootbot/share/scootbot/models/ikea_harry_chair/model.sdf
[1.260s] -- Symlinking: /home/ubuntu/scootbot/3.0.0/install/scootbot/share/scootbot/models/ikea_stefan_chair/meshes/mesh.dae
[1.264s] -- Symlinking: /home/ubuntu/scootbot/3.0.0/install/scootbot/share/scootbot/models/ikea_stefan_chair/model.config
[1.268s] -- Symlinking: /home/ubuntu/scootbot/3.0.0/install/scootbot/share/scootbot/models/ikea_stefan_chair/model.sdf
[1.272s] -- Symlinking: /home/ubuntu/scootbot/3.0.0/install/scootbot/share/scootbot/models/ikea_urban_chair/meshes/mesh.dae
[1.275s] -- Symlinking: /home/ubuntu/scootbot/3.0.0/install/scootbot/share/scootbot/models/ikea_urban_chair/meshes/notexture.png
[1.279s] -- Symlinking: /home/ubuntu/scootbot/3.0.0/install/scootbot/share/scootbot/models/ikea_urban_chair/model.config
[1.283s] -- Symlinking: /home/ubuntu/scootbot/3.0.0/install/scootbot/share/scootbot/models/ikea_urban_chair/model.sdf
[1.287s] -- Symlinking: /home/ubuntu/scootbot/3.0.0/install/scootbot/share/scootbot/models/kitchen_chair/kitchen_chair.sdf
[1.290s] -- Symlinking: /home/ubuntu/scootbot/3.0.0/install/scootbot/share/scootbot/models/kitchen_chair/meshes/kitchen_chair.stl
[1.294s] -- Symlinking: /home/ubuntu/scootbot/3.0.0/install/scootbot/share/scootbot/models/kitchen_chair/model.config
[1.298s] -- Symlinking: /home/ubuntu/scootbot/3.0.0/install/scootbot/share/scootbot/models/kitchen_table/kitchen_table.sdf
[1.301s] -- Symlinking: /home/ubuntu/scootbot/3.0.0/install/scootbot/share/scootbot/models/kitchen_table/meshes/kitchen_table.stl
[1.305s] -- Symlinking: /home/ubuntu/scootbot/3.0.0/install/scootbot/share/scootbot/models/kitchen_table/model.config
[1.309s] -- Symlinking: /home/ubuntu/scootbot/3.0.0/install/scootbot/share/scootbot/models/lamp/lamp.sdf
[1.313s] -- Symlinking: /home/ubuntu/scootbot/3.0.0/install/scootbot/share/scootbot/models/lamp/meshes/lamp.stl
[1.316s] -- Symlinking: /home/ubuntu/scootbot/3.0.0/install/scootbot/share/scootbot/models/lamp/model.config
[1.320s] -- Symlinking: /home/ubuntu/scootbot/3.0.0/install/scootbot/share/scootbot/models/macrolink_small_table/model.config
[1.324s] -- Symlinking: /home/ubuntu/scootbot/3.0.0/install/scootbot/share/scootbot/models/macrolink_small_table/table.sdf
[1.328s] -- Symlinking: /home/ubuntu/scootbot/3.0.0/install/scootbot/share/scootbot/models/macrolink_table/model.config
[1.332s] -- Symlinking: /home/ubuntu/scootbot/3.0.0/install/scootbot/share/scootbot/models/macrolink_table/table.sdf
[1.335s] -- Symlinking: /home/ubuntu/scootbot/3.0.0/install/scootbot/share/scootbot/models/marker26_8cm/marker26_8cm.sdf
[1.339s] -- Symlinking: /home/ubuntu/scootbot/3.0.0/install/scootbot/share/scootbot/models/marker26_8cm/material/scripts/marker26_8cm.material
[1.343s] -- Symlinking: /home/ubuntu/scootbot/3.0.0/install/scootbot/share/scootbot/models/marker26_8cm/material/textures/aruco-26_8cm.png
[1.347s] -- Symlinking: /home/ubuntu/scootbot/3.0.0/install/scootbot/share/scootbot/models/marker26_8cm/model.config
[1.351s] -- Symlinking: /home/ubuntu/scootbot/3.0.0/install/scootbot/share/scootbot/models/pal_poster/material/scripts/pal_poster.material
[1.354s] -- Symlinking: /home/ubuntu/scootbot/3.0.0/install/scootbot/share/scootbot/models/pal_poster/material/textures/pal_poster.jpg
[1.358s] -- Symlinking: /home/ubuntu/scootbot/3.0.0/install/scootbot/share/scootbot/models/pal_poster/model.config
[1.362s] -- Symlinking: /home/ubuntu/scootbot/3.0.0/install/scootbot/share/scootbot/models/pal_poster/pal_poster.sdf
[1.365s] -- Symlinking: /home/ubuntu/scootbot/3.0.0/install/scootbot/share/scootbot/models/pal_textured_object/material/scripts/pal_textured_object.material
[1.369s] -- Symlinking: /home/ubuntu/scootbot/3.0.0/install/scootbot/share/scootbot/models/pal_textured_object/material/textures/pal_textured_object.png
[1.373s] -- Symlinking: /home/ubuntu/scootbot/3.0.0/install/scootbot/share/scootbot/models/pal_textured_object/model.config
[1.376s] -- Symlinking: /home/ubuntu/scootbot/3.0.0/install/scootbot/share/scootbot/models/pal_textured_object/pal_textured_object.sdf
[1.380s] -- Symlinking: /home/ubuntu/scootbot/3.0.0/install/scootbot/share/scootbot/models/pringles/material/scripts/pringles.material
[1.384s] -- Symlinking: /home/ubuntu/scootbot/3.0.0/install/scootbot/share/scootbot/models/pringles/material/textures/pringles.jpg
[1.388s] -- Symlinking: /home/ubuntu/scootbot/3.0.0/install/scootbot/share/scootbot/models/pringles/model.config
[1.392s] -- Symlinking: /home/ubuntu/scootbot/3.0.0/install/scootbot/share/scootbot/models/pringles/pringles.sdf
[1.395s] -- Symlinking: /home/ubuntu/scootbot/3.0.0/install/scootbot/share/scootbot/models/pringles2/material/scripts/pringles2.material
[1.399s] -- Symlinking: /home/ubuntu/scootbot/3.0.0/install/scootbot/share/scootbot/models/pringles2/material/textures/pringles2.jpg
[1.403s] -- Symlinking: /home/ubuntu/scootbot/3.0.0/install/scootbot/share/scootbot/models/pringles2/model.config
[1.407s] -- Symlinking: /home/ubuntu/scootbot/3.0.0/install/scootbot/share/scootbot/models/pringles2/pringles2.sdf
[1.410s] -- Symlinking: /home/ubuntu/scootbot/3.0.0/install/scootbot/share/scootbot/models/reemc_bookshelf/bookshelf.sdf
[1.414s] -- Symlinking: /home/ubuntu/scootbot/3.0.0/install/scootbot/share/scootbot/models/reemc_bookshelf/model.config
[1.418s] -- Symlinking: /home/ubuntu/scootbot/3.0.0/install/scootbot/share/scootbot/models/reemc_cabinet/cabinet.sdf
[1.422s] -- Symlinking: /home/ubuntu/scootbot/3.0.0/install/scootbot/share/scootbot/models/reemc_cabinet/model.config
[1.425s] -- Symlinking: /home/ubuntu/scootbot/3.0.0/install/scootbot/share/scootbot/models/reemc_table/model.config
[1.429s] -- Symlinking: /home/ubuntu/scootbot/3.0.0/install/scootbot/share/scootbot/models/reemc_table/table.sdf
[1.433s] -- Symlinking: /home/ubuntu/scootbot/3.0.0/install/scootbot/share/scootbot/models/reemc_textured_object/meshes/mesh.dae
[1.437s] -- Symlinking: /home/ubuntu/scootbot/3.0.0/install/scootbot/share/scootbot/models/reemc_textured_object/meshes/texture.jpg
[1.440s] -- Symlinking: /home/ubuntu/scootbot/3.0.0/install/scootbot/share/scootbot/models/reemc_textured_object/model.config
[1.444s] -- Symlinking: /home/ubuntu/scootbot/3.0.0/install/scootbot/share/scootbot/models/reemc_textured_object/model.sdf
[1.448s] -- Symlinking: /home/ubuntu/scootbot/3.0.0/install/scootbot/share/scootbot/models/reemc_textured_object_nograv/model.config
[1.452s] -- Symlinking: /home/ubuntu/scootbot/3.0.0/install/scootbot/share/scootbot/models/reemc_textured_object_nograv/model.sdf
[1.455s] -- Symlinking: /home/ubuntu/scootbot/3.0.0/install/scootbot/share/scootbot/models/reemc_walls/model.config
[1.459s] -- Symlinking: /home/ubuntu/scootbot/3.0.0/install/scootbot/share/scootbot/models/reemc_walls/walls.sdf
[1.463s] -- Symlinking: /home/ubuntu/scootbot/3.0.0/install/scootbot/share/scootbot/models/reviews_table/meshes/reviews_table.stl
[1.466s] -- Symlinking: /home/ubuntu/scootbot/3.0.0/install/scootbot/share/scootbot/models/reviews_table/model.config
[1.470s] -- Symlinking: /home/ubuntu/scootbot/3.0.0/install/scootbot/share/scootbot/models/reviews_table/reviews_table.sdf
[1.474s] -- Symlinking: /home/ubuntu/scootbot/3.0.0/install/scootbot/share/scootbot/models/robocup_walls_70cm_doors/house_walls.sdf
[1.477s] -- Symlinking: /home/ubuntu/scootbot/3.0.0/install/scootbot/share/scootbot/models/robocup_walls_70cm_doors/meshes/robocup_house.stl
[1.481s] -- Symlinking: /home/ubuntu/scootbot/3.0.0/install/scootbot/share/scootbot/models/robocup_walls_70cm_doors/model.config
[1.485s] -- Symlinking: /home/ubuntu/scootbot/3.0.0/install/scootbot/share/scootbot/models/rockin_camp/README
[1.489s] -- Symlinking: /home/ubuntu/scootbot/3.0.0/install/scootbot/share/scootbot/models/rockin_camp/model.config
[1.492s] -- Symlinking: /home/ubuntu/scootbot/3.0.0/install/scootbot/share/scootbot/models/rockin_camp/model.sdf
[1.496s] -- Symlinking: /home/ubuntu/scootbot/3.0.0/install/scootbot/share/scootbot/models/rockin_camp/rockin_camp.png
[1.500s] -- Symlinking: /home/ubuntu/scootbot/3.0.0/install/scootbot/share/scootbot/models/sideboard/meshes/sideboard.stl
[1.504s] -- Symlinking: /home/ubuntu/scootbot/3.0.0/install/scootbot/share/scootbot/models/sideboard/model.config
[1.507s] -- Symlinking: /home/ubuntu/scootbot/3.0.0/install/scootbot/share/scootbot/models/sideboard/sideboard.sdf
[1.511s] -- Symlinking: /home/ubuntu/scootbot/3.0.0/install/scootbot/share/scootbot/models/slippery_patch/material/scripts/slippery_patch.material
[1.515s] -- Symlinking: /home/ubuntu/scootbot/3.0.0/install/scootbot/share/scootbot/models/slippery_patch/material/textures/slippery_patch.jpg
[1.519s] -- Symlinking: /home/ubuntu/scootbot/3.0.0/install/scootbot/share/scootbot/models/slippery_patch/model.config
[1.522s] -- Symlinking: /home/ubuntu/scootbot/3.0.0/install/scootbot/share/scootbot/models/slippery_patch/slippery_patch.sdf
[1.526s] -- Symlinking: /home/ubuntu/scootbot/3.0.0/install/scootbot/share/scootbot/models/small_cylinder/model.config
[1.530s] -- Symlinking: /home/ubuntu/scootbot/3.0.0/install/scootbot/share/scootbot/models/small_cylinder/small_cylinder.sdf
[1.534s] -- Symlinking: /home/ubuntu/scootbot/3.0.0/install/scootbot/share/scootbot/models/sofa/meshes/sofa.stl
[1.537s] -- Symlinking: /home/ubuntu/scootbot/3.0.0/install/scootbot/share/scootbot/models/sofa/model.config
[1.541s] -- Symlinking: /home/ubuntu/scootbot/3.0.0/install/scootbot/share/scootbot/models/sofa/sofa.sdf
[1.545s] -- Symlinking: /home/ubuntu/scootbot/3.0.0/install/scootbot/share/scootbot/models/sprite/material/scripts/sprite.material
[1.548s] -- Symlinking: /home/ubuntu/scootbot/3.0.0/install/scootbot/share/scootbot/models/sprite/material/textures/sprite.jpg
[1.552s] -- Symlinking: /home/ubuntu/scootbot/3.0.0/install/scootbot/share/scootbot/models/sprite/model.config
[1.556s] -- Symlinking: /home/ubuntu/scootbot/3.0.0/install/scootbot/share/scootbot/models/sprite/sprite.sdf
[1.559s] -- Symlinking: /home/ubuntu/scootbot/3.0.0/install/scootbot/share/scootbot/models/sun/model-1_2.sdf
[1.563s] -- Symlinking: /home/ubuntu/scootbot/3.0.0/install/scootbot/share/scootbot/models/sun/model-1_3.sdf
[1.567s] -- Symlinking: /home/ubuntu/scootbot/3.0.0/install/scootbot/share/scootbot/models/sun/model-1_4.sdf
[1.570s] -- Symlinking: /home/ubuntu/scootbot/3.0.0/install/scootbot/share/scootbot/models/sun/model.config
[1.574s] -- Symlinking: /home/ubuntu/scootbot/3.0.0/install/scootbot/share/scootbot/models/sun/model.sdf
[1.578s] -- Symlinking: /home/ubuntu/scootbot/3.0.0/install/scootbot/share/scootbot/models/table_0m8/model.config
[1.582s] -- Symlinking: /home/ubuntu/scootbot/3.0.0/install/scootbot/share/scootbot/models/table_0m8/table.sdf
[1.585s] -- Symlinking: /home/ubuntu/scootbot/3.0.0/install/scootbot/share/scootbot/models/table_1m/model.config
[1.589s] -- Symlinking: /home/ubuntu/scootbot/3.0.0/install/scootbot/share/scootbot/models/table_1m/table_1m.sdf
[1.593s] -- Symlinking: /home/ubuntu/scootbot/3.0.0/install/scootbot/share/scootbot/models/test2/meshes/test2.dae
[1.596s] -- Symlinking: /home/ubuntu/scootbot/3.0.0/install/scootbot/share/scootbot/models/test2/model.config
[1.600s] -- Symlinking: /home/ubuntu/scootbot/3.0.0/install/scootbot/share/scootbot/models/test2/test2.sdf
[1.604s] -- Symlinking: /home/ubuntu/scootbot/3.0.0/install/scootbot/share/scootbot/models/testing_room/README
[1.608s] -- Symlinking: /home/ubuntu/scootbot/3.0.0/install/scootbot/share/scootbot/models/testing_room/model.config
[1.612s] -- Symlinking: /home/ubuntu/scootbot/3.0.0/install/scootbot/share/scootbot/models/testing_room/model.sdf
[1.616s] -- Symlinking: /home/ubuntu/scootbot/3.0.0/install/scootbot/share/scootbot/models/testing_room/testing_room.png
[1.619s] -- Symlinking: /home/ubuntu/scootbot/3.0.0/install/scootbot/share/scootbot/models/tv/meshes/tv.stl
[1.623s] -- Symlinking: /home/ubuntu/scootbot/3.0.0/install/scootbot/share/scootbot/models/tv/model.config
[1.627s] -- Symlinking: /home/ubuntu/scootbot/3.0.0/install/scootbot/share/scootbot/models/tv/tv.sdf
[1.631s] -- Symlinking: /home/ubuntu/scootbot/3.0.0/install/scootbot/share/scootbot/models/wall_with_reem_photo/material/scripts/ball.material
[1.635s] -- Symlinking: /home/ubuntu/scootbot/3.0.0/install/scootbot/share/scootbot/models/wall_with_reem_photo/material/scripts/wallWithREEMphoto.material
[1.638s] -- Symlinking: /home/ubuntu/scootbot/3.0.0/install/scootbot/share/scootbot/models/wall_with_reem_photo/material/textures/REEM_photo0.jpg
[1.642s] -- Symlinking: /home/ubuntu/scootbot/3.0.0/install/scootbot/share/scootbot/models/wall_with_reem_photo/model.config
[1.646s] -- Symlinking: /home/ubuntu/scootbot/3.0.0/install/scootbot/share/scootbot/models/wall_with_reem_photo/model.sdf
[1.649s] -- Symlinking: /home/ubuntu/scootbot/3.0.0/install/scootbot/share/scootbot/models/wardrobe/meshes/wardrobe.stl
[1.653s] -- Symlinking: /home/ubuntu/scootbot/3.0.0/install/scootbot/share/scootbot/models/wardrobe/model.config
[1.657s] -- Symlinking: /home/ubuntu/scootbot/3.0.0/install/scootbot/share/scootbot/models/wardrobe/wardrobe.sdf
[1.661s] -- Symlinking: /home/ubuntu/scootbot/3.0.0/install/scootbot/share/scootbot/models/willowgarage/materials/textures/Carpet_Berber_Pattern_Gray_.png
[1.664s] -- Symlinking: /home/ubuntu/scootbot/3.0.0/install/scootbot/share/scootbot/models/willowgarage/materials/textures/Stone_Brushed_Khaki_.png
[1.668s] -- Symlinking: /home/ubuntu/scootbot/3.0.0/install/scootbot/share/scootbot/models/willowgarage/materials/textures/Wood_Bamboo_Medium_.png
[1.672s] -- Symlinking: /home/ubuntu/scootbot/3.0.0/install/scootbot/share/scootbot/models/willowgarage/materials/textures/Wood_Cherry_Original_.png
[1.676s] -- Symlinking: /home/ubuntu/scootbot/3.0.0/install/scootbot/share/scootbot/models/willowgarage/materials/textures/__Wood_Bamboo_Medium_1.png
[1.679s] -- Symlinking: /home/ubuntu/scootbot/3.0.0/install/scootbot/share/scootbot/models/willowgarage/materials/textures/__auto_12.png
[1.683s] -- Symlinking: /home/ubuntu/scootbot/3.0.0/install/scootbot/share/scootbot/models/willowgarage/materials/textures/__auto_2.png
[1.687s] -- Symlinking: /home/ubuntu/scootbot/3.0.0/install/scootbot/share/scootbot/models/willowgarage/meshes/willowgarage_collision.dae
[1.691s] -- Symlinking: /home/ubuntu/scootbot/3.0.0/install/scootbot/share/scootbot/models/willowgarage/meshes/willowgarage_visual.dae
[1.695s] -- Up-to-date symlink: /home/ubuntu/scootbot/3.0.0/install/scootbot/share/ament_index/resource_index/package_run_dependencies/scootbot
[1.695s] -- Up-to-date symlink: /home/ubuntu/scootbot/3.0.0/install/scootbot/share/ament_index/resource_index/parent_prefix_path/scootbot
[1.695s] -- Up-to-date symlink: /home/ubuntu/scootbot/3.0.0/install/scootbot/share/scootbot/environment/ament_prefix_path.sh
[1.695s] -- Up-to-date symlink: /home/ubuntu/scootbot/3.0.0/install/scootbot/share/scootbot/environment/ament_prefix_path.dsv
[1.695s] -- Up-to-date symlink: /home/ubuntu/scootbot/3.0.0/install/scootbot/share/scootbot/environment/path.sh
[1.695s] -- Up-to-date symlink: /home/ubuntu/scootbot/3.0.0/install/scootbot/share/scootbot/environment/path.dsv
[1.695s] -- Up-to-date symlink: /home/ubuntu/scootbot/3.0.0/install/scootbot/share/scootbot/local_setup.bash
[1.695s] -- Up-to-date symlink: /home/ubuntu/scootbot/3.0.0/install/scootbot/share/scootbot/local_setup.sh
[1.695s] -- Up-to-date symlink: /home/ubuntu/scootbot/3.0.0/install/scootbot/share/scootbot/local_setup.zsh
[1.695s] -- Up-to-date symlink: /home/ubuntu/scootbot/3.0.0/install/scootbot/share/scootbot/local_setup.dsv
[1.696s] -- Symlinking: /home/ubuntu/scootbot/3.0.0/install/scootbot/share/scootbot/package.dsv
[1.700s] -- Up-to-date symlink: /home/ubuntu/scootbot/3.0.0/install/scootbot/share/ament_index/resource_index/packages/scootbot
[1.700s] -- Up-to-date symlink: /home/ubuntu/scootbot/3.0.0/install/scootbot/share/scootbot/cmake/scootbotConfig.cmake
[1.700s] -- Up-to-date symlink: /home/ubuntu/scootbot/3.0.0/install/scootbot/share/scootbot/cmake/scootbotConfig-version.cmake
[1.700s] -- Up-to-date symlink: /home/ubuntu/scootbot/3.0.0/install/scootbot/share/scootbot/package.xml
[1.702s] Invoked command in '/home/ubuntu/scootbot/3.0.0/build/scootbot' returned '0': CMAKE_PREFIX_PATH=${CMAKE_PREFIX_PATH}:/home/ubuntu/scootbot/3.0.0/install/nav2_simple_commander:/home/ubuntu/scootbot/1.0.0/install/sabertooth:/home/ubuntu/scootbot/1.0.0/install/joy_cmd:/home/ubuntu/scootbot/1.0.0/install/differential_drive:/opt/ros/humble /usr/bin/cmake --install /home/ubuntu/scootbot/3.0.0/build/scootbot
