-- Install configuration: ""
-- Up-to-date: /home/ubuntu/scootbot/install/scootbot_description/share/scootbot_description/src
-- Up-to-date: /home/ubuntu/scootbot/install/scootbot_description/share/scootbot_description/src/description
-- Up-to-date: /home/ubuntu/scootbot/install/scootbot_description/share/scootbot_description/src/description/frame.obj
-- Installing: /home/ubuntu/scootbot/install/scootbot_description/share/scootbot_description/src/description/scootbot_description.urdf
-- Up-to-date: /home/ubuntu/scootbot/install/scootbot_description/share/scootbot_description/launch
-- Up-to-date: /home/ubuntu/scootbot/install/scootbot_description/share/scootbot_description/launch/display.launch.py
-- Up-to-date: /home/ubuntu/scootbot/install/scootbot_description/share/scootbot_description/rviz
-- Up-to-date: /home/ubuntu/scootbot/install/scootbot_description/share/scootbot_description/rviz/urdf_config.rviz
-- Up-to-date: /home/ubuntu/scootbot/install/scootbot_description/share/scootbot_description/config
-- Up-to-date: /home/ubuntu/scootbot/install/scootbot_description/share/scootbot_description/config/ekf.yaml
-- Up-to-date: /home/ubuntu/scootbot/install/scootbot_description/share/ament_index/resource_index/package_run_dependencies/scootbot_description
-- Up-to-date: /home/ubuntu/scootbot/install/scootbot_description/share/ament_index/resource_index/parent_prefix_path/scootbot_description
-- Up-to-date: /home/ubuntu/scootbot/install/scootbot_description/share/scootbot_description/environment/ament_prefix_path.sh
-- Up-to-date: /home/ubuntu/scootbot/install/scootbot_description/share/scootbot_description/environment/ament_prefix_path.dsv
-- Up-to-date: /home/ubuntu/scootbot/install/scootbot_description/share/scootbot_description/environment/path.sh
-- Up-to-date: /home/ubuntu/scootbot/install/scootbot_description/share/scootbot_description/environment/path.dsv
-- Up-to-date: /home/ubuntu/scootbot/install/scootbot_description/share/scootbot_description/local_setup.bash
-- Up-to-date: /home/ubuntu/scootbot/install/scootbot_description/share/scootbot_description/local_setup.sh
-- Up-to-date: /home/ubuntu/scootbot/install/scootbot_description/share/scootbot_description/local_setup.zsh
-- Up-to-date: /home/ubuntu/scootbot/install/scootbot_description/share/scootbot_description/local_setup.dsv
-- Up-to-date: /home/ubuntu/scootbot/install/scootbot_description/share/scootbot_description/package.dsv
-- Up-to-date: /home/ubuntu/scootbot/install/scootbot_description/share/ament_index/resource_index/packages/scootbot_description
-- Up-to-date: /home/ubuntu/scootbot/install/scootbot_description/share/scootbot_description/cmake/scootbot_descriptionConfig.cmake
-- Up-to-date: /home/ubuntu/scootbot/install/scootbot_description/share/scootbot_description/cmake/scootbot_descriptionConfig-version.cmake
-- Up-to-date: /home/ubuntu/scootbot/install/scootbot_description/share/scootbot_description/package.xml
