[1.949s] Invoking command in '/home/ubuntu/scootbot/build/sllidar_ros2': CMAKE_PREFIX_PATH=${CMAKE_PREFIX_PATH}:/home/ubuntu/scootbot/install/sabertooth:/home/ubuntu/scootbot/install/joy_cmd:/home/ubuntu/scootbot/install/differential_drive:/opt/ros/foxy /usr/bin/cmake /home/ubuntu/scootbot/src/sllidar_ros2 -DCMAKE_INSTALL_PREFIX=/home/ubuntu/scootbot/install/sllidar_ros2
[2.331s] -- Found ament_cmake: 0.9.9 (/opt/ros/foxy/share/ament_cmake/cmake)
[2.538s] -- Using PYTHON_EXECUTABLE: /usr/bin/python3
[3.600s] -- Override CMake install command with custom implementation using symlinks instead of copying resources
[3.731s] -- Found rclcpp: 2.4.1 (/opt/ros/foxy/share/rclcpp/cmake)
[4.063s] -- Using all available rosidl_typesupport_c: rosidl_typesupport_fastrtps_c;rosidl_typesupport_introspection_c
[4.093s] -- Found rosidl_adapter: 1.2.1 (/opt/ros/foxy/share/rosidl_adapter/cmake)
[5.022s] -- Using all available rosidl_typesupport_cpp: rosidl_typesupport_fastrtps_cpp;rosidl_typesupport_introspection_cpp
[5.361s] -- Found rmw_implementation_cmake: 1.0.3 (/opt/ros/foxy/share/rmw_implementation_cmake/cmake)
[5.372s] -- Using RMW implementation 'rmw_fastrtps_cpp' as default
[6.031s] -- Found sensor_msgs: 2.0.5 (/opt/ros/foxy/share/sensor_msgs/cmake)
[6.570s] -- Found std_srvs: 2.0.5 (/opt/ros/foxy/share/std_srvs/cmake)
[6.992s] -- Configuring done
[7.082s] -- Generating done
[7.085s] -- Build files have been written to: /home/ubuntu/scootbot/build/sllidar_ros2
[7.101s] Invoked command in '/home/ubuntu/scootbot/build/sllidar_ros2' returned '0': CMAKE_PREFIX_PATH=${CMAKE_PREFIX_PATH}:/home/ubuntu/scootbot/install/sabertooth:/home/ubuntu/scootbot/install/joy_cmd:/home/ubuntu/scootbot/install/differential_drive:/opt/ros/foxy /usr/bin/cmake /home/ubuntu/scootbot/src/sllidar_ros2 -DCMAKE_INSTALL_PREFIX=/home/ubuntu/scootbot/install/sllidar_ros2
[7.109s] Invoking command in '/home/ubuntu/scootbot/build/sllidar_ros2': CMAKE_PREFIX_PATH=${CMAKE_PREFIX_PATH}:/home/ubuntu/scootbot/install/sabertooth:/home/ubuntu/scootbot/install/joy_cmd:/home/ubuntu/scootbot/install/differential_drive:/opt/ros/foxy /usr/bin/cmake --build /home/ubuntu/scootbot/build/sllidar_ros2 -- -j4 -l4
[7.480s] [ 14%] Built target sllidar_client
[7.484s] [100%] Built target sllidar_node
[7.524s] Invoked command in '/home/ubuntu/scootbot/build/sllidar_ros2' returned '0': CMAKE_PREFIX_PATH=${CMAKE_PREFIX_PATH}:/home/ubuntu/scootbot/install/sabertooth:/home/ubuntu/scootbot/install/joy_cmd:/home/ubuntu/scootbot/install/differential_drive:/opt/ros/foxy /usr/bin/cmake --build /home/ubuntu/scootbot/build/sllidar_ros2 -- -j4 -l4
[7.791s] Invoking command in '/home/ubuntu/scootbot/build/sllidar_ros2': CMAKE_PREFIX_PATH=${CMAKE_PREFIX_PATH}:/home/ubuntu/scootbot/install/sabertooth:/home/ubuntu/scootbot/install/joy_cmd:/home/ubuntu/scootbot/install/differential_drive:/opt/ros/foxy /usr/bin/cmake --install /home/ubuntu/scootbot/build/sllidar_ros2
[7.826s] -- Install configuration: ""
[7.828s] -- Execute custom install script
[7.831s] -- Up-to-date symlink: /home/ubuntu/scootbot/install/sllidar_ros2/share/sllidar_ros2/launch/sllidar_a3_launch.py
[7.831s] -- Up-to-date symlink: /home/ubuntu/scootbot/install/sllidar_ros2/share/sllidar_ros2/launch/sllidar_launch.py
[7.832s] -- Up-to-date symlink: /home/ubuntu/scootbot/install/sllidar_ros2/share/sllidar_ros2/launch/sllidar_s1_launch.py
[7.833s] -- Up-to-date symlink: /home/ubuntu/scootbot/install/sllidar_ros2/share/sllidar_ros2/launch/sllidar_s1_tcp_launch.py
[7.834s] -- Up-to-date symlink: /home/ubuntu/scootbot/install/sllidar_ros2/share/sllidar_ros2/launch/sllidar_s2_launch.py
[7.835s] -- Up-to-date symlink: /home/ubuntu/scootbot/install/sllidar_ros2/share/sllidar_ros2/launch/sllidar_s2e_launch.py
[7.836s] -- Up-to-date symlink: /home/ubuntu/scootbot/install/sllidar_ros2/share/sllidar_ros2/launch/sllidar_t1_launch.py
[7.836s] -- Up-to-date symlink: /home/ubuntu/scootbot/install/sllidar_ros2/share/sllidar_ros2/launch/view_sllidar_a3_launch.py
[7.837s] -- Up-to-date symlink: /home/ubuntu/scootbot/install/sllidar_ros2/share/sllidar_ros2/launch/view_sllidar_launch.py
[7.838s] -- Up-to-date symlink: /home/ubuntu/scootbot/install/sllidar_ros2/share/sllidar_ros2/launch/view_sllidar_s1_launch.py
[7.839s] -- Up-to-date symlink: /home/ubuntu/scootbot/install/sllidar_ros2/share/sllidar_ros2/launch/view_sllidar_s1_tcp_launch.py
[7.840s] -- Up-to-date symlink: /home/ubuntu/scootbot/install/sllidar_ros2/share/sllidar_ros2/launch/view_sllidar_s2_launch.py
[7.841s] -- Up-to-date symlink: /home/ubuntu/scootbot/install/sllidar_ros2/share/sllidar_ros2/launch/view_sllidar_s2e_launch.py
[7.842s] -- Up-to-date symlink: /home/ubuntu/scootbot/install/sllidar_ros2/share/sllidar_ros2/launch/view_sllidar_t1_launch.py
[7.843s] -- Up-to-date symlink: /home/ubuntu/scootbot/install/sllidar_ros2/share/sllidar_ros2/rviz/sllidar_ros2.rviz
[7.845s] -- Up-to-date symlink: /home/ubuntu/scootbot/install/sllidar_ros2/lib/sllidar_ros2/sllidar_node
[7.846s] -- Up-to-date symlink: /home/ubuntu/scootbot/install/sllidar_ros2/lib/sllidar_ros2/sllidar_client
[7.850s] -- Up-to-date symlink: /home/ubuntu/scootbot/install/sllidar_ros2/share/ament_index/resource_index/package_run_dependencies/sllidar_ros2
[7.852s] -- Up-to-date symlink: /home/ubuntu/scootbot/install/sllidar_ros2/share/ament_index/resource_index/parent_prefix_path/sllidar_ros2
[7.854s] -- Up-to-date symlink: /home/ubuntu/scootbot/install/sllidar_ros2/share/sllidar_ros2/environment/ament_prefix_path.sh
[7.855s] -- Up-to-date symlink: /home/ubuntu/scootbot/install/sllidar_ros2/share/sllidar_ros2/environment/ament_prefix_path.dsv
[7.857s] -- Up-to-date symlink: /home/ubuntu/scootbot/install/sllidar_ros2/share/sllidar_ros2/environment/path.sh
[7.858s] -- Up-to-date symlink: /home/ubuntu/scootbot/install/sllidar_ros2/share/sllidar_ros2/environment/path.dsv
[7.860s] -- Up-to-date symlink: /home/ubuntu/scootbot/install/sllidar_ros2/share/sllidar_ros2/local_setup.bash
[7.861s] -- Up-to-date symlink: /home/ubuntu/scootbot/install/sllidar_ros2/share/sllidar_ros2/local_setup.sh
[7.863s] -- Up-to-date symlink: /home/ubuntu/scootbot/install/sllidar_ros2/share/sllidar_ros2/local_setup.zsh
[7.864s] -- Up-to-date symlink: /home/ubuntu/scootbot/install/sllidar_ros2/share/sllidar_ros2/local_setup.dsv
[7.865s] -- Symlinking: /home/ubuntu/scootbot/install/sllidar_ros2/share/sllidar_ros2/package.dsv
[7.901s] -- Up-to-date symlink: /home/ubuntu/scootbot/install/sllidar_ros2/share/ament_index/resource_index/packages/sllidar_ros2
[7.902s] -- Up-to-date symlink: /home/ubuntu/scootbot/install/sllidar_ros2/share/sllidar_ros2/cmake/ament_cmake_export_dependencies-extras.cmake
[7.903s] -- Up-to-date symlink: /home/ubuntu/scootbot/install/sllidar_ros2/share/sllidar_ros2/cmake/ament_cmake_export_include_directories-extras.cmake
[7.904s] -- Up-to-date symlink: /home/ubuntu/scootbot/install/sllidar_ros2/share/sllidar_ros2/cmake/sllidar_ros2Config.cmake
[7.905s] -- Up-to-date symlink: /home/ubuntu/scootbot/install/sllidar_ros2/share/sllidar_ros2/cmake/sllidar_ros2Config-version.cmake
[7.906s] -- Up-to-date symlink: /home/ubuntu/scootbot/install/sllidar_ros2/share/sllidar_ros2/package.xml
[7.922s] Invoked command in '/home/ubuntu/scootbot/build/sllidar_ros2' returned '0': CMAKE_PREFIX_PATH=${CMAKE_PREFIX_PATH}:/home/ubuntu/scootbot/install/sabertooth:/home/ubuntu/scootbot/install/joy_cmd:/home/ubuntu/scootbot/install/differential_drive:/opt/ros/foxy /usr/bin/cmake --install /home/ubuntu/scootbot/build/sllidar_ros2
