[0.824s] DEBUG:colcon:Command line arguments: ['/usr/bin/colcon', 'build', '--symlink-install']
[0.824s] DEBUG:colcon:Parsed command line arguments: Namespace(log_base=None, log_level=None, verb_name='build', build_base='build', install_base='install', merge_install=False, symlink_install=True, test_result_base=None, continue_on_error=False, executor='parallel', parallel_workers=4, event_handlers=None, ignore_user_meta=False, metas=['./colcon.meta'], base_paths=['.'], packages_ignore=None, packages_ignore_regex=None, paths=None, packages_up_to=None, packages_up_to_regex=None, packages_above=None, packages_above_and_dependencies=None, packages_above_depth=None, packages_select_by_dep=None, packages_skip_by_dep=None, packages_skip_up_to=None, packages_select_build_failed=False, packages_skip_build_finished=False, packages_select_test_failures=False, packages_skip_test_passed=False, packages_select=None, packages_skip=None, packages_select_regex=None, packages_skip_regex=None, packages_start=None, packages_end=None, allow_overriding=[], cmake_args=None, cmake_target=None, cmake_target_skip_unavailable=False, cmake_clean_cache=False, cmake_clean_first=False, cmake_force_configure=False, ament_cmake_args=None, catkin_cmake_args=None, catkin_skip_building_tests=False, verb_parser=<colcon_defaults.argument_parser.defaults.DefaultArgumentsDecorator object at 0x7f746bf4e950>, verb_extension=<colcon_core.verb.build.BuildVerb object at 0x7f746c755c60>, main=<bound method BuildVerb.main of <colcon_core.verb.build.BuildVerb object at 0x7f746c755c60>>)
[0.911s] Level 1:colcon.colcon_core.package_discovery:discover_packages(colcon_meta) check parameters
[0.912s] Level 1:colcon.colcon_core.package_discovery:discover_packages(recursive) check parameters
[0.912s] Level 1:colcon.colcon_core.package_discovery:discover_packages(ignore) check parameters
[0.912s] Level 1:colcon.colcon_core.package_discovery:discover_packages(path) check parameters
[0.912s] Level 1:colcon.colcon_core.package_discovery:discover_packages(colcon_meta) discover
[0.912s] Level 1:colcon.colcon_core.package_discovery:discover_packages(recursive) discover
[0.912s] INFO:colcon.colcon_core.package_discovery:Crawling recursively for packages in '/home/ubuntu/scootbot/3.0.0'
[0.912s] Level 1:colcon.colcon_core.package_identification:_identify(.) by extensions ['ignore', 'ignore_ament_install']
[0.913s] Level 1:colcon.colcon_core.package_identification:_identify(.) by extension 'ignore'
[0.913s] Level 1:colcon.colcon_core.package_identification:_identify(.) by extension 'ignore_ament_install'
[0.913s] Level 1:colcon.colcon_core.package_identification:_identify(.) by extensions ['colcon_pkg']
[0.913s] Level 1:colcon.colcon_core.package_identification:_identify(.) by extension 'colcon_pkg'
[0.913s] Level 1:colcon.colcon_core.package_identification:_identify(.) by extensions ['colcon_meta']
[0.913s] Level 1:colcon.colcon_core.package_identification:_identify(.) by extension 'colcon_meta'
[0.913s] Level 1:colcon.colcon_core.package_identification:_identify(.) by extensions ['ros']
[0.914s] Level 1:colcon.colcon_core.package_identification:_identify(.) by extension 'ros'
[0.949s] Level 1:colcon.colcon_core.package_identification:_identify(.) by extensions ['cmake', 'python']
[0.950s] Level 1:colcon.colcon_core.package_identification:_identify(.) by extension 'cmake'
[0.950s] Level 1:colcon.colcon_core.package_identification:_identify(.) by extension 'python'
[0.950s] Level 1:colcon.colcon_core.package_identification:_identify(.) by extensions ['python_setup_py']
[0.950s] Level 1:colcon.colcon_core.package_identification:_identify(.) by extension 'python_setup_py'
[0.951s] Level 1:colcon.colcon_core.package_identification:_identify(__pycache__) by extensions ['ignore', 'ignore_ament_install']
[0.951s] Level 1:colcon.colcon_core.package_identification:_identify(__pycache__) by extension 'ignore'
[0.951s] Level 1:colcon.colcon_core.package_identification:_identify(__pycache__) by extension 'ignore_ament_install'
[0.951s] Level 1:colcon.colcon_core.package_identification:_identify(__pycache__) by extensions ['colcon_pkg']
[0.952s] Level 1:colcon.colcon_core.package_identification:_identify(__pycache__) by extension 'colcon_pkg'
[0.952s] Level 1:colcon.colcon_core.package_identification:_identify(__pycache__) by extensions ['colcon_meta']
[0.952s] Level 1:colcon.colcon_core.package_identification:_identify(__pycache__) by extension 'colcon_meta'
[0.952s] Level 1:colcon.colcon_core.package_identification:_identify(__pycache__) by extensions ['ros']
[0.952s] Level 1:colcon.colcon_core.package_identification:_identify(__pycache__) by extension 'ros'
[0.953s] Level 1:colcon.colcon_core.package_identification:_identify(__pycache__) by extensions ['cmake', 'python']
[0.953s] Level 1:colcon.colcon_core.package_identification:_identify(__pycache__) by extension 'cmake'
[0.953s] Level 1:colcon.colcon_core.package_identification:_identify(__pycache__) by extension 'python'
[0.953s] Level 1:colcon.colcon_core.package_identification:_identify(__pycache__) by extensions ['python_setup_py']
[0.953s] Level 1:colcon.colcon_core.package_identification:_identify(__pycache__) by extension 'python_setup_py'
[0.954s] Level 1:colcon.colcon_core.package_identification:_identify(build) by extensions ['ignore', 'ignore_ament_install']
[0.954s] Level 1:colcon.colcon_core.package_identification:_identify(build) by extension 'ignore'
[0.954s] Level 1:colcon.colcon_core.package_identification:_identify(build) ignored
[0.955s] Level 1:colcon.colcon_core.package_identification:_identify(install) by extensions ['ignore', 'ignore_ament_install']
[0.955s] Level 1:colcon.colcon_core.package_identification:_identify(install) by extension 'ignore'
[0.955s] Level 1:colcon.colcon_core.package_identification:_identify(install) ignored
[0.955s] Level 1:colcon.colcon_core.package_identification:_identify(local_tests) by extensions ['ignore', 'ignore_ament_install']
[0.956s] Level 1:colcon.colcon_core.package_identification:_identify(local_tests) by extension 'ignore'
[0.956s] Level 1:colcon.colcon_core.package_identification:_identify(local_tests) by extension 'ignore_ament_install'
[0.956s] Level 1:colcon.colcon_core.package_identification:_identify(local_tests) by extensions ['colcon_pkg']
[0.956s] Level 1:colcon.colcon_core.package_identification:_identify(local_tests) by extension 'colcon_pkg'
[0.957s] Level 1:colcon.colcon_core.package_identification:_identify(local_tests) by extensions ['colcon_meta']
[0.957s] Level 1:colcon.colcon_core.package_identification:_identify(local_tests) by extension 'colcon_meta'
[0.957s] Level 1:colcon.colcon_core.package_identification:_identify(local_tests) by extensions ['ros']
[0.957s] Level 1:colcon.colcon_core.package_identification:_identify(local_tests) by extension 'ros'
[0.957s] Level 1:colcon.colcon_core.package_identification:_identify(local_tests) by extensions ['cmake', 'python']
[0.958s] Level 1:colcon.colcon_core.package_identification:_identify(local_tests) by extension 'cmake'
[0.958s] Level 1:colcon.colcon_core.package_identification:_identify(local_tests) by extension 'python'
[0.958s] Level 1:colcon.colcon_core.package_identification:_identify(local_tests) by extensions ['python_setup_py']
[0.958s] Level 1:colcon.colcon_core.package_identification:_identify(local_tests) by extension 'python_setup_py'
[0.959s] Level 1:colcon.colcon_core.package_identification:_identify(local_tests/__pycache__) by extensions ['ignore', 'ignore_ament_install']
[0.959s] Level 1:colcon.colcon_core.package_identification:_identify(local_tests/__pycache__) by extension 'ignore'
[0.959s] Level 1:colcon.colcon_core.package_identification:_identify(local_tests/__pycache__) by extension 'ignore_ament_install'
[0.959s] Level 1:colcon.colcon_core.package_identification:_identify(local_tests/__pycache__) by extensions ['colcon_pkg']
[0.959s] Level 1:colcon.colcon_core.package_identification:_identify(local_tests/__pycache__) by extension 'colcon_pkg'
[0.960s] Level 1:colcon.colcon_core.package_identification:_identify(local_tests/__pycache__) by extensions ['colcon_meta']
[0.960s] Level 1:colcon.colcon_core.package_identification:_identify(local_tests/__pycache__) by extension 'colcon_meta'
[0.960s] Level 1:colcon.colcon_core.package_identification:_identify(local_tests/__pycache__) by extensions ['ros']
[0.960s] Level 1:colcon.colcon_core.package_identification:_identify(local_tests/__pycache__) by extension 'ros'
[0.961s] Level 1:colcon.colcon_core.package_identification:_identify(local_tests/__pycache__) by extensions ['cmake', 'python']
[0.961s] Level 1:colcon.colcon_core.package_identification:_identify(local_tests/__pycache__) by extension 'cmake'
[0.961s] Level 1:colcon.colcon_core.package_identification:_identify(local_tests/__pycache__) by extension 'python'
[0.961s] Level 1:colcon.colcon_core.package_identification:_identify(local_tests/__pycache__) by extensions ['python_setup_py']
[0.961s] Level 1:colcon.colcon_core.package_identification:_identify(local_tests/__pycache__) by extension 'python_setup_py'
[0.962s] Level 1:colcon.colcon_core.package_identification:_identify(log) by extensions ['ignore', 'ignore_ament_install']
[0.962s] Level 1:colcon.colcon_core.package_identification:_identify(log) by extension 'ignore'
[0.962s] Level 1:colcon.colcon_core.package_identification:_identify(log) ignored
[0.962s] Level 1:colcon.colcon_core.package_identification:_identify(src) by extensions ['ignore', 'ignore_ament_install']
[0.963s] Level 1:colcon.colcon_core.package_identification:_identify(src) by extension 'ignore'
[0.963s] Level 1:colcon.colcon_core.package_identification:_identify(src) by extension 'ignore_ament_install'
[0.963s] Level 1:colcon.colcon_core.package_identification:_identify(src) by extensions ['colcon_pkg']
[0.963s] Level 1:colcon.colcon_core.package_identification:_identify(src) by extension 'colcon_pkg'
[0.964s] Level 1:colcon.colcon_core.package_identification:_identify(src) by extensions ['colcon_meta']
[0.964s] Level 1:colcon.colcon_core.package_identification:_identify(src) by extension 'colcon_meta'
[0.964s] Level 1:colcon.colcon_core.package_identification:_identify(src) by extensions ['ros']
[0.964s] Level 1:colcon.colcon_core.package_identification:_identify(src) by extension 'ros'
[0.964s] Level 1:colcon.colcon_core.package_identification:_identify(src) by extensions ['cmake', 'python']
[0.964s] Level 1:colcon.colcon_core.package_identification:_identify(src) by extension 'cmake'
[0.965s] Level 1:colcon.colcon_core.package_identification:_identify(src) by extension 'python'
[0.965s] Level 1:colcon.colcon_core.package_identification:_identify(src) by extensions ['python_setup_py']
[0.965s] Level 1:colcon.colcon_core.package_identification:_identify(src) by extension 'python_setup_py'
[0.965s] Level 1:colcon.colcon_core.package_identification:_identify(src/diffdrive_arduino) by extensions ['ignore', 'ignore_ament_install']
[0.965s] Level 1:colcon.colcon_core.package_identification:_identify(src/diffdrive_arduino) by extension 'ignore'
[0.965s] Level 1:colcon.colcon_core.package_identification:_identify(src/diffdrive_arduino) by extension 'ignore_ament_install'
[0.966s] Level 1:colcon.colcon_core.package_identification:_identify(src/diffdrive_arduino) by extensions ['colcon_pkg']
[0.966s] Level 1:colcon.colcon_core.package_identification:_identify(src/diffdrive_arduino) by extension 'colcon_pkg'
[0.966s] Level 1:colcon.colcon_core.package_identification:_identify(src/diffdrive_arduino) by extensions ['colcon_meta']
[0.966s] Level 1:colcon.colcon_core.package_identification:_identify(src/diffdrive_arduino) by extension 'colcon_meta'
[0.966s] Level 1:colcon.colcon_core.package_identification:_identify(src/diffdrive_arduino) by extensions ['ros']
[0.966s] Level 1:colcon.colcon_core.package_identification:_identify(src/diffdrive_arduino) by extension 'ros'
[0.973s] DEBUG:colcon.colcon_core.package_identification:Package 'src/diffdrive_arduino' with type 'ros.ament_cmake' and name 'diffdrive_arduino'
[0.973s] Level 1:colcon.colcon_core.package_identification:_identify(src/scootbot) by extensions ['ignore', 'ignore_ament_install']
[0.973s] Level 1:colcon.colcon_core.package_identification:_identify(src/scootbot) by extension 'ignore'
[0.974s] Level 1:colcon.colcon_core.package_identification:_identify(src/scootbot) by extension 'ignore_ament_install'
[0.974s] Level 1:colcon.colcon_core.package_identification:_identify(src/scootbot) by extensions ['colcon_pkg']
[0.974s] Level 1:colcon.colcon_core.package_identification:_identify(src/scootbot) by extension 'colcon_pkg'
[0.974s] Level 1:colcon.colcon_core.package_identification:_identify(src/scootbot) by extensions ['colcon_meta']
[0.974s] Level 1:colcon.colcon_core.package_identification:_identify(src/scootbot) by extension 'colcon_meta'
[0.974s] Level 1:colcon.colcon_core.package_identification:_identify(src/scootbot) by extensions ['ros']
[0.974s] Level 1:colcon.colcon_core.package_identification:_identify(src/scootbot) by extension 'ros'
[0.977s] DEBUG:colcon.colcon_core.package_identification:Package 'src/scootbot' with type 'ros.ament_cmake' and name 'scootbot'
[0.977s] Level 1:colcon.colcon_core.package_identification:_identify(src/serial) by extensions ['ignore', 'ignore_ament_install']
[0.978s] Level 1:colcon.colcon_core.package_identification:_identify(src/serial) by extension 'ignore'
[0.978s] Level 1:colcon.colcon_core.package_identification:_identify(src/serial) by extension 'ignore_ament_install'
[0.978s] Level 1:colcon.colcon_core.package_identification:_identify(src/serial) by extensions ['colcon_pkg']
[0.978s] Level 1:colcon.colcon_core.package_identification:_identify(src/serial) by extension 'colcon_pkg'
[0.978s] Level 1:colcon.colcon_core.package_identification:_identify(src/serial) by extensions ['colcon_meta']
[0.978s] Level 1:colcon.colcon_core.package_identification:_identify(src/serial) by extension 'colcon_meta'
[0.978s] Level 1:colcon.colcon_core.package_identification:_identify(src/serial) by extensions ['ros']
[0.978s] Level 1:colcon.colcon_core.package_identification:_identify(src/serial) by extension 'ros'
[0.980s] DEBUG:colcon.colcon_core.package_identification:Package 'src/serial' with type 'ros.ament_cmake' and name 'serial'
[0.980s] Level 1:colcon.colcon_core.package_identification:_identify(src/twist_mux) by extensions ['ignore', 'ignore_ament_install']
[0.980s] Level 1:colcon.colcon_core.package_identification:_identify(src/twist_mux) by extension 'ignore'
[0.980s] Level 1:colcon.colcon_core.package_identification:_identify(src/twist_mux) by extension 'ignore_ament_install'
[0.980s] Level 1:colcon.colcon_core.package_identification:_identify(src/twist_mux) by extensions ['colcon_pkg']
[0.981s] Level 1:colcon.colcon_core.package_identification:_identify(src/twist_mux) by extension 'colcon_pkg'
[0.981s] Level 1:colcon.colcon_core.package_identification:_identify(src/twist_mux) by extensions ['colcon_meta']
[0.981s] Level 1:colcon.colcon_core.package_identification:_identify(src/twist_mux) by extension 'colcon_meta'
[0.981s] Level 1:colcon.colcon_core.package_identification:_identify(src/twist_mux) by extensions ['ros']
[0.981s] Level 1:colcon.colcon_core.package_identification:_identify(src/twist_mux) by extension 'ros'
[0.983s] DEBUG:colcon.colcon_core.package_identification:Package 'src/twist_mux' with type 'ros.ament_cmake' and name 'twist_mux'
[0.984s] Level 1:colcon.colcon_core.package_discovery:discover_packages(recursive) using defaults
[0.984s] Level 1:colcon.colcon_core.package_discovery:discover_packages(ignore) discover
[0.984s] Level 1:colcon.colcon_core.package_discovery:discover_packages(ignore) using defaults
[0.984s] Level 1:colcon.colcon_core.package_discovery:discover_packages(path) discover
[0.984s] Level 1:colcon.colcon_core.package_discovery:discover_packages(path) using defaults
[1.037s] Level 1:colcon.colcon_core.package_discovery:discover_packages(prefix_path) check parameters
[1.037s] Level 1:colcon.colcon_core.package_discovery:discover_packages(prefix_path) discover
[1.045s] DEBUG:colcon.colcon_installed_package_information.package_discovery:Found 279 installed packages in /opt/ros/humble
[1.049s] Level 1:colcon.colcon_core.package_discovery:discover_packages(prefix_path) using defaults
[1.182s] Level 5:colcon.colcon_core.verb:set package 'scootbot' build argument 'cmake_args' from command line to 'None'
[1.182s] Level 5:colcon.colcon_core.verb:set package 'scootbot' build argument 'cmake_target' from command line to 'None'
[1.182s] Level 5:colcon.colcon_core.verb:set package 'scootbot' build argument 'cmake_target_skip_unavailable' from command line to 'False'
[1.182s] Level 5:colcon.colcon_core.verb:set package 'scootbot' build argument 'cmake_clean_cache' from command line to 'False'
[1.182s] Level 5:colcon.colcon_core.verb:set package 'scootbot' build argument 'cmake_clean_first' from command line to 'False'
[1.182s] Level 5:colcon.colcon_core.verb:set package 'scootbot' build argument 'cmake_force_configure' from command line to 'False'
[1.182s] Level 5:colcon.colcon_core.verb:set package 'scootbot' build argument 'ament_cmake_args' from command line to 'None'
[1.182s] Level 5:colcon.colcon_core.verb:set package 'scootbot' build argument 'catkin_cmake_args' from command line to 'None'
[1.182s] Level 5:colcon.colcon_core.verb:set package 'scootbot' build argument 'catkin_skip_building_tests' from command line to 'False'
[1.182s] DEBUG:colcon.colcon_core.verb:Building package 'scootbot' with the following arguments: {'ament_cmake_args': None, 'build_base': '/home/ubuntu/scootbot/3.0.0/build/scootbot', 'catkin_cmake_args': None, 'catkin_skip_building_tests': False, 'cmake_args': None, 'cmake_clean_cache': False, 'cmake_clean_first': False, 'cmake_force_configure': False, 'cmake_target': None, 'cmake_target_skip_unavailable': False, 'install_base': '/home/ubuntu/scootbot/3.0.0/install/scootbot', 'merge_install': False, 'path': '/home/ubuntu/scootbot/3.0.0/src/scootbot', 'symlink_install': True, 'test_result_base': None}
[1.185s] Level 5:colcon.colcon_core.verb:set package 'serial' build argument 'cmake_args' from command line to 'None'
[1.185s] Level 5:colcon.colcon_core.verb:set package 'serial' build argument 'cmake_target' from command line to 'None'
[1.185s] Level 5:colcon.colcon_core.verb:set package 'serial' build argument 'cmake_target_skip_unavailable' from command line to 'False'
[1.185s] Level 5:colcon.colcon_core.verb:set package 'serial' build argument 'cmake_clean_cache' from command line to 'False'
[1.185s] Level 5:colcon.colcon_core.verb:set package 'serial' build argument 'cmake_clean_first' from command line to 'False'
[1.185s] Level 5:colcon.colcon_core.verb:set package 'serial' build argument 'cmake_force_configure' from command line to 'False'
[1.185s] Level 5:colcon.colcon_core.verb:set package 'serial' build argument 'ament_cmake_args' from command line to 'None'
[1.185s] Level 5:colcon.colcon_core.verb:set package 'serial' build argument 'catkin_cmake_args' from command line to 'None'
[1.186s] Level 5:colcon.colcon_core.verb:set package 'serial' build argument 'catkin_skip_building_tests' from command line to 'False'
[1.186s] DEBUG:colcon.colcon_core.verb:Building package 'serial' with the following arguments: {'ament_cmake_args': None, 'build_base': '/home/ubuntu/scootbot/3.0.0/build/serial', 'catkin_cmake_args': None, 'catkin_skip_building_tests': False, 'cmake_args': None, 'cmake_clean_cache': False, 'cmake_clean_first': False, 'cmake_force_configure': False, 'cmake_target': None, 'cmake_target_skip_unavailable': False, 'install_base': '/home/ubuntu/scootbot/3.0.0/install/serial', 'merge_install': False, 'path': '/home/ubuntu/scootbot/3.0.0/src/serial', 'symlink_install': True, 'test_result_base': None}
[1.189s] Level 5:colcon.colcon_core.verb:set package 'twist_mux' build argument 'cmake_args' from command line to 'None'
[1.189s] Level 5:colcon.colcon_core.verb:set package 'twist_mux' build argument 'cmake_target' from command line to 'None'
[1.189s] Level 5:colcon.colcon_core.verb:set package 'twist_mux' build argument 'cmake_target_skip_unavailable' from command line to 'False'
[1.189s] Level 5:colcon.colcon_core.verb:set package 'twist_mux' build argument 'cmake_clean_cache' from command line to 'False'
[1.189s] Level 5:colcon.colcon_core.verb:set package 'twist_mux' build argument 'cmake_clean_first' from command line to 'False'
[1.189s] Level 5:colcon.colcon_core.verb:set package 'twist_mux' build argument 'cmake_force_configure' from command line to 'False'
[1.189s] Level 5:colcon.colcon_core.verb:set package 'twist_mux' build argument 'ament_cmake_args' from command line to 'None'
[1.190s] Level 5:colcon.colcon_core.verb:set package 'twist_mux' build argument 'catkin_cmake_args' from command line to 'None'
[1.190s] Level 5:colcon.colcon_core.verb:set package 'twist_mux' build argument 'catkin_skip_building_tests' from command line to 'False'
[1.190s] DEBUG:colcon.colcon_core.verb:Building package 'twist_mux' with the following arguments: {'ament_cmake_args': None, 'build_base': '/home/ubuntu/scootbot/3.0.0/build/twist_mux', 'catkin_cmake_args': None, 'catkin_skip_building_tests': False, 'cmake_args': None, 'cmake_clean_cache': False, 'cmake_clean_first': False, 'cmake_force_configure': False, 'cmake_target': None, 'cmake_target_skip_unavailable': False, 'install_base': '/home/ubuntu/scootbot/3.0.0/install/twist_mux', 'merge_install': False, 'path': '/home/ubuntu/scootbot/3.0.0/src/twist_mux', 'symlink_install': True, 'test_result_base': None}
[1.195s] Level 5:colcon.colcon_core.verb:set package 'diffdrive_arduino' build argument 'cmake_args' from command line to 'None'
[1.195s] Level 5:colcon.colcon_core.verb:set package 'diffdrive_arduino' build argument 'cmake_target' from command line to 'None'
[1.195s] Level 5:colcon.colcon_core.verb:set package 'diffdrive_arduino' build argument 'cmake_target_skip_unavailable' from command line to 'False'
[1.195s] Level 5:colcon.colcon_core.verb:set package 'diffdrive_arduino' build argument 'cmake_clean_cache' from command line to 'False'
[1.195s] Level 5:colcon.colcon_core.verb:set package 'diffdrive_arduino' build argument 'cmake_clean_first' from command line to 'False'
[1.195s] Level 5:colcon.colcon_core.verb:set package 'diffdrive_arduino' build argument 'cmake_force_configure' from command line to 'False'
[1.195s] Level 5:colcon.colcon_core.verb:set package 'diffdrive_arduino' build argument 'ament_cmake_args' from command line to 'None'
[1.196s] Level 5:colcon.colcon_core.verb:set package 'diffdrive_arduino' build argument 'catkin_cmake_args' from command line to 'None'
[1.196s] Level 5:colcon.colcon_core.verb:set package 'diffdrive_arduino' build argument 'catkin_skip_building_tests' from command line to 'False'
[1.196s] DEBUG:colcon.colcon_core.verb:Building package 'diffdrive_arduino' with the following arguments: {'ament_cmake_args': None, 'build_base': '/home/ubuntu/scootbot/3.0.0/build/diffdrive_arduino', 'catkin_cmake_args': None, 'catkin_skip_building_tests': False, 'cmake_args': None, 'cmake_clean_cache': False, 'cmake_clean_first': False, 'cmake_force_configure': False, 'cmake_target': None, 'cmake_target_skip_unavailable': False, 'install_base': '/home/ubuntu/scootbot/3.0.0/install/diffdrive_arduino', 'merge_install': False, 'path': '/home/ubuntu/scootbot/3.0.0/src/diffdrive_arduino', 'symlink_install': True, 'test_result_base': None}
[1.199s] INFO:colcon.colcon_core.executor:Executing jobs using 'parallel' executor
[1.213s] DEBUG:colcon.colcon_parallel_executor.executor.parallel:run_until_complete
[1.215s] INFO:colcon.colcon_ros.task.ament_cmake.build:Building ROS package in '/home/ubuntu/scootbot/3.0.0/src/serial' with build type 'ament_cmake'
[1.216s] INFO:colcon.colcon_cmake.task.cmake.build:Building CMake package in '/home/ubuntu/scootbot/3.0.0/src/serial'
[1.229s] INFO:colcon.colcon_core.plugin_system:Skipping extension 'colcon_core.shell.bat': Not used on non-Windows systems
[1.229s] INFO:colcon.colcon_core.shell:Skip shell extension 'powershell' for command environment: Not usable outside of PowerShell
[1.230s] DEBUG:colcon.colcon_core.shell:Skip shell extension 'dsv' for command environment
[1.237s] INFO:colcon.colcon_ros.task.ament_cmake.build:Building ROS package in '/home/ubuntu/scootbot/3.0.0/src/scootbot' with build type 'ament_cmake'
[1.238s] INFO:colcon.colcon_cmake.task.cmake.build:Building CMake package in '/home/ubuntu/scootbot/3.0.0/src/scootbot'
[1.242s] INFO:colcon.colcon_core.shell:Skip shell extension 'powershell' for command environment: Not usable outside of PowerShell
[1.242s] DEBUG:colcon.colcon_core.shell:Skip shell extension 'dsv' for command environment
[1.250s] INFO:colcon.colcon_ros.task.ament_cmake.build:Building ROS package in '/home/ubuntu/scootbot/3.0.0/src/twist_mux' with build type 'ament_cmake'
[1.251s] INFO:colcon.colcon_cmake.task.cmake.build:Building CMake package in '/home/ubuntu/scootbot/3.0.0/src/twist_mux'
[1.255s] INFO:colcon.colcon_core.shell:Skip shell extension 'powershell' for command environment: Not usable outside of PowerShell
[1.255s] DEBUG:colcon.colcon_core.shell:Skip shell extension 'dsv' for command environment
[1.271s] DEBUG:colcon.colcon_core.event_handler.log_command:Invoking command in '/home/ubuntu/scootbot/3.0.0/build/serial': CMAKE_PREFIX_PATH=/opt/ros/humble /usr/bin/cmake --build /home/ubuntu/scootbot/3.0.0/build/serial -- -j4 -l4
[1.282s] DEBUG:colcon.colcon_core.event_handler.log_command:Invoking command in '/home/ubuntu/scootbot/3.0.0/build/scootbot': CMAKE_PREFIX_PATH=/opt/ros/humble /usr/bin/cmake --build /home/ubuntu/scootbot/3.0.0/build/scootbot -- -j4 -l4
[1.291s] DEBUG:colcon.colcon_core.event_handler.log_command:Invoking command in '/home/ubuntu/scootbot/3.0.0/build/twist_mux': CMAKE_PREFIX_PATH=/opt/ros/humble /usr/bin/cmake --build /home/ubuntu/scootbot/3.0.0/build/twist_mux -- -j4 -l4
[1.360s] DEBUG:colcon.colcon_core.event_handler.log_command:Invoked command in '/home/ubuntu/scootbot/3.0.0/build/scootbot' returned '0': CMAKE_PREFIX_PATH=/opt/ros/humble /usr/bin/cmake --build /home/ubuntu/scootbot/3.0.0/build/scootbot -- -j4 -l4
[1.505s] DEBUG:colcon.colcon_core.event_handler.log_command:Invoking command in '/home/ubuntu/scootbot/3.0.0/build/scootbot': CMAKE_PREFIX_PATH=/opt/ros/humble /usr/bin/cmake --install /home/ubuntu/scootbot/3.0.0/build/scootbot
[1.577s] DEBUG:colcon.colcon_core.event_handler.log_command:Invoked command in '/home/ubuntu/scootbot/3.0.0/build/twist_mux' returned '0': CMAKE_PREFIX_PATH=/opt/ros/humble /usr/bin/cmake --build /home/ubuntu/scootbot/3.0.0/build/twist_mux -- -j4 -l4
[1.601s] DEBUG:colcon.colcon_core.event_handler.log_command:Invoked command in '/home/ubuntu/scootbot/3.0.0/build/serial' returned '0': CMAKE_PREFIX_PATH=/opt/ros/humble /usr/bin/cmake --build /home/ubuntu/scootbot/3.0.0/build/serial -- -j4 -l4
[1.794s] Level 1:colcon.colcon_core.environment:create_environment_scripts_only(scootbot)
[1.815s] Level 1:colcon.colcon_core.environment:checking '/home/ubuntu/scootbot/3.0.0/install/scootbot' for CMake module files
[1.818s] Level 1:colcon.colcon_core.environment:checking '/home/ubuntu/scootbot/3.0.0/install/scootbot' for CMake config files
[1.823s] DEBUG:colcon.colcon_core.event_handler.log_command:Invoking command in '/home/ubuntu/scootbot/3.0.0/build/twist_mux': CMAKE_PREFIX_PATH=/opt/ros/humble /usr/bin/cmake --install /home/ubuntu/scootbot/3.0.0/build/twist_mux
[1.827s] Level 1:colcon.colcon_core.shell:create_environment_hook('scootbot', 'cmake_prefix_path')
[1.835s] INFO:colcon.colcon_core.shell:Creating environment hook '/home/ubuntu/scootbot/3.0.0/install/scootbot/share/scootbot/hook/cmake_prefix_path.ps1'
[1.839s] INFO:colcon.colcon_core.shell:Creating environment descriptor '/home/ubuntu/scootbot/3.0.0/install/scootbot/share/scootbot/hook/cmake_prefix_path.dsv'
[1.841s] INFO:colcon.colcon_core.shell:Creating environment hook '/home/ubuntu/scootbot/3.0.0/install/scootbot/share/scootbot/hook/cmake_prefix_path.sh'
[1.845s] Level 1:colcon.colcon_core.environment:checking '/home/ubuntu/scootbot/3.0.0/install/scootbot/bin'
[1.846s] Level 1:colcon.colcon_core.environment:checking '/home/ubuntu/scootbot/3.0.0/install/scootbot/lib/pkgconfig/scootbot.pc'
[1.847s] Level 1:colcon.colcon_core.environment:checking '/home/ubuntu/scootbot/3.0.0/install/scootbot/lib/python3.10/site-packages'
[1.847s] Level 1:colcon.colcon_core.environment:checking '/home/ubuntu/scootbot/3.0.0/install/scootbot/bin'
[1.853s] INFO:colcon.colcon_core.shell:Creating package script '/home/ubuntu/scootbot/3.0.0/install/scootbot/share/scootbot/package.ps1'
[1.856s] INFO:colcon.colcon_core.shell:Creating package descriptor '/home/ubuntu/scootbot/3.0.0/install/scootbot/share/scootbot/package.dsv'
[1.859s] INFO:colcon.colcon_core.shell:Creating package script '/home/ubuntu/scootbot/3.0.0/install/scootbot/share/scootbot/package.sh'
[1.862s] INFO:colcon.colcon_core.shell:Creating package script '/home/ubuntu/scootbot/3.0.0/install/scootbot/share/scootbot/package.bash'
[1.865s] INFO:colcon.colcon_core.shell:Creating package script '/home/ubuntu/scootbot/3.0.0/install/scootbot/share/scootbot/package.zsh'
[1.869s] Level 1:colcon.colcon_core.environment:create_file_with_runtime_dependencies(/home/ubuntu/scootbot/3.0.0/install/scootbot/share/colcon-core/packages/scootbot)
[1.890s] DEBUG:colcon.colcon_core.event_handler.log_command:Invoking command in '/home/ubuntu/scootbot/3.0.0/build/serial': CMAKE_PREFIX_PATH=/opt/ros/humble /usr/bin/cmake --install /home/ubuntu/scootbot/3.0.0/build/serial
[1.901s] Level 1:colcon.colcon_core.environment:create_environment_scripts_only(serial)
[1.909s] Level 1:colcon.colcon_core.environment:checking '/home/ubuntu/scootbot/3.0.0/install/serial' for CMake module files
[1.913s] Level 1:colcon.colcon_core.environment:checking '/home/ubuntu/scootbot/3.0.0/install/serial' for CMake config files
[1.917s] Level 1:colcon.colcon_core.shell:create_environment_hook('serial', 'cmake_prefix_path')
[1.922s] INFO:colcon.colcon_core.shell:Creating environment hook '/home/ubuntu/scootbot/3.0.0/install/serial/share/serial/hook/cmake_prefix_path.ps1'
[1.924s] INFO:colcon.colcon_core.shell:Creating environment descriptor '/home/ubuntu/scootbot/3.0.0/install/serial/share/serial/hook/cmake_prefix_path.dsv'
[1.927s] INFO:colcon.colcon_core.shell:Creating environment hook '/home/ubuntu/scootbot/3.0.0/install/serial/share/serial/hook/cmake_prefix_path.sh'
[1.931s] Level 1:colcon.colcon_core.environment:checking '/home/ubuntu/scootbot/3.0.0/install/serial/lib'
[1.932s] Level 1:colcon.colcon_core.environment:checking '/home/ubuntu/scootbot/3.0.0/install/serial/bin'
[1.932s] Level 1:colcon.colcon_core.environment:checking '/home/ubuntu/scootbot/3.0.0/install/serial/lib/pkgconfig/serial.pc'
[1.933s] Level 1:colcon.colcon_core.environment:checking '/home/ubuntu/scootbot/3.0.0/install/serial/lib/python3.10/site-packages'
[1.934s] Level 1:colcon.colcon_core.environment:checking '/home/ubuntu/scootbot/3.0.0/install/serial/bin'
[1.939s] INFO:colcon.colcon_core.shell:Creating package script '/home/ubuntu/scootbot/3.0.0/install/serial/share/serial/package.ps1'
[1.942s] INFO:colcon.colcon_core.shell:Creating package descriptor '/home/ubuntu/scootbot/3.0.0/install/serial/share/serial/package.dsv'
[1.944s] INFO:colcon.colcon_core.shell:Creating package script '/home/ubuntu/scootbot/3.0.0/install/serial/share/serial/package.sh'
[1.946s] INFO:colcon.colcon_core.shell:Creating package script '/home/ubuntu/scootbot/3.0.0/install/serial/share/serial/package.bash'
[1.947s] DEBUG:colcon.colcon_core.event_handler.log_command:Invoked command in '/home/ubuntu/scootbot/3.0.0/build/scootbot' returned '0': CMAKE_PREFIX_PATH=/opt/ros/humble /usr/bin/cmake --install /home/ubuntu/scootbot/3.0.0/build/scootbot
[1.948s] INFO:colcon.colcon_core.shell:Creating package script '/home/ubuntu/scootbot/3.0.0/install/serial/share/serial/package.zsh'
[1.955s] DEBUG:colcon.colcon_core.event_handler.log_command:Invoked command in '/home/ubuntu/scootbot/3.0.0/build/serial' returned '0': CMAKE_PREFIX_PATH=/opt/ros/humble /usr/bin/cmake --install /home/ubuntu/scootbot/3.0.0/build/serial
[1.956s] Level 1:colcon.colcon_core.environment:create_file_with_runtime_dependencies(/home/ubuntu/scootbot/3.0.0/install/serial/share/colcon-core/packages/serial)
[1.960s] Level 1:colcon.colcon_core.environment:create_environment_scripts_only(twist_mux)
[1.969s] Level 1:colcon.colcon_core.environment:checking '/home/ubuntu/scootbot/3.0.0/install/twist_mux' for CMake module files
[1.970s] DEBUG:colcon.colcon_core.event_handler.log_command:Invoked command in '/home/ubuntu/scootbot/3.0.0/build/twist_mux' returned '0': CMAKE_PREFIX_PATH=/opt/ros/humble /usr/bin/cmake --install /home/ubuntu/scootbot/3.0.0/build/twist_mux
[1.973s] Level 1:colcon.colcon_core.environment:checking '/home/ubuntu/scootbot/3.0.0/install/twist_mux' for CMake config files
[1.974s] Level 1:colcon.colcon_core.shell:create_environment_hook('twist_mux', 'cmake_prefix_path')
[1.982s] INFO:colcon.colcon_core.shell:Creating environment hook '/home/ubuntu/scootbot/3.0.0/install/twist_mux/share/twist_mux/hook/cmake_prefix_path.ps1'
[1.983s] INFO:colcon.colcon_core.shell:Creating environment descriptor '/home/ubuntu/scootbot/3.0.0/install/twist_mux/share/twist_mux/hook/cmake_prefix_path.dsv'
[1.984s] INFO:colcon.colcon_core.shell:Creating environment hook '/home/ubuntu/scootbot/3.0.0/install/twist_mux/share/twist_mux/hook/cmake_prefix_path.sh'
[1.986s] Level 1:colcon.colcon_core.environment:checking '/home/ubuntu/scootbot/3.0.0/install/twist_mux/lib'
[1.986s] Level 1:colcon.colcon_core.environment:checking '/home/ubuntu/scootbot/3.0.0/install/twist_mux/bin'
[1.986s] Level 1:colcon.colcon_core.environment:checking '/home/ubuntu/scootbot/3.0.0/install/twist_mux/lib/pkgconfig/twist_mux.pc'
[1.987s] Level 1:colcon.colcon_core.environment:checking '/home/ubuntu/scootbot/3.0.0/install/twist_mux/lib/python3.10/site-packages'
[1.988s] Level 1:colcon.colcon_core.environment:checking '/home/ubuntu/scootbot/3.0.0/install/twist_mux/bin'
[1.994s] INFO:colcon.colcon_core.shell:Creating package script '/home/ubuntu/scootbot/3.0.0/install/twist_mux/share/twist_mux/package.ps1'
[1.995s] INFO:colcon.colcon_core.shell:Creating package descriptor '/home/ubuntu/scootbot/3.0.0/install/twist_mux/share/twist_mux/package.dsv'
[1.997s] INFO:colcon.colcon_core.shell:Creating package script '/home/ubuntu/scootbot/3.0.0/install/twist_mux/share/twist_mux/package.sh'
[1.998s] INFO:colcon.colcon_core.shell:Creating package script '/home/ubuntu/scootbot/3.0.0/install/twist_mux/share/twist_mux/package.bash'
[1.999s] INFO:colcon.colcon_core.shell:Creating package script '/home/ubuntu/scootbot/3.0.0/install/twist_mux/share/twist_mux/package.zsh'
[2.000s] Level 1:colcon.colcon_core.environment:create_file_with_runtime_dependencies(/home/ubuntu/scootbot/3.0.0/install/twist_mux/share/colcon-core/packages/twist_mux)
[2.011s] Level 1:colcon.colcon_core.environment:create_environment_scripts_only(scootbot)
[2.019s] Level 1:colcon.colcon_core.environment:checking '/home/ubuntu/scootbot/3.0.0/install/scootbot' for CMake module files
[2.022s] Level 1:colcon.colcon_core.environment:checking '/home/ubuntu/scootbot/3.0.0/install/scootbot' for CMake config files
[2.024s] Level 1:colcon.colcon_core.shell:create_environment_hook('scootbot', 'cmake_prefix_path')
[2.030s] INFO:colcon.colcon_core.shell:Creating environment hook '/home/ubuntu/scootbot/3.0.0/install/scootbot/share/scootbot/hook/cmake_prefix_path.ps1'
[2.032s] INFO:colcon.colcon_core.shell:Creating environment descriptor '/home/ubuntu/scootbot/3.0.0/install/scootbot/share/scootbot/hook/cmake_prefix_path.dsv'
[2.033s] INFO:colcon.colcon_core.shell:Creating environment hook '/home/ubuntu/scootbot/3.0.0/install/scootbot/share/scootbot/hook/cmake_prefix_path.sh'
[2.035s] Level 1:colcon.colcon_core.environment:checking '/home/ubuntu/scootbot/3.0.0/install/scootbot/bin'
[2.035s] Level 1:colcon.colcon_core.environment:checking '/home/ubuntu/scootbot/3.0.0/install/scootbot/lib/pkgconfig/scootbot.pc'
[2.035s] Level 1:colcon.colcon_core.environment:checking '/home/ubuntu/scootbot/3.0.0/install/scootbot/lib/python3.10/site-packages'
[2.036s] Level 1:colcon.colcon_core.environment:checking '/home/ubuntu/scootbot/3.0.0/install/scootbot/bin'
[2.041s] INFO:colcon.colcon_core.shell:Creating package script '/home/ubuntu/scootbot/3.0.0/install/scootbot/share/scootbot/package.ps1'
[2.043s] INFO:colcon.colcon_core.shell:Creating package descriptor '/home/ubuntu/scootbot/3.0.0/install/scootbot/share/scootbot/package.dsv'
[2.044s] INFO:colcon.colcon_core.shell:Creating package script '/home/ubuntu/scootbot/3.0.0/install/scootbot/share/scootbot/package.sh'
[2.045s] INFO:colcon.colcon_core.shell:Creating package script '/home/ubuntu/scootbot/3.0.0/install/scootbot/share/scootbot/package.bash'
[2.046s] INFO:colcon.colcon_core.shell:Creating package script '/home/ubuntu/scootbot/3.0.0/install/scootbot/share/scootbot/package.zsh'
[2.047s] Level 1:colcon.colcon_core.environment:create_file_with_runtime_dependencies(/home/ubuntu/scootbot/3.0.0/install/scootbot/share/colcon-core/packages/scootbot)
[2.054s] Level 1:colcon.colcon_core.environment:create_environment_scripts_only(serial)
[2.059s] Level 1:colcon.colcon_core.environment:checking '/home/ubuntu/scootbot/3.0.0/install/serial' for CMake module files
[2.061s] Level 1:colcon.colcon_core.environment:checking '/home/ubuntu/scootbot/3.0.0/install/serial' for CMake config files
[2.061s] Level 1:colcon.colcon_core.shell:create_environment_hook('serial', 'cmake_prefix_path')
[2.065s] INFO:colcon.colcon_core.shell:Creating environment hook '/home/ubuntu/scootbot/3.0.0/install/serial/share/serial/hook/cmake_prefix_path.ps1'
[2.066s] INFO:colcon.colcon_core.shell:Creating environment descriptor '/home/ubuntu/scootbot/3.0.0/install/serial/share/serial/hook/cmake_prefix_path.dsv'
[2.067s] INFO:colcon.colcon_core.shell:Creating environment hook '/home/ubuntu/scootbot/3.0.0/install/serial/share/serial/hook/cmake_prefix_path.sh'
[2.068s] Level 1:colcon.colcon_core.environment:checking '/home/ubuntu/scootbot/3.0.0/install/serial/lib'
[2.068s] Level 1:colcon.colcon_core.environment:checking '/home/ubuntu/scootbot/3.0.0/install/serial/bin'
[2.069s] Level 1:colcon.colcon_core.environment:checking '/home/ubuntu/scootbot/3.0.0/install/serial/lib/pkgconfig/serial.pc'
[2.069s] Level 1:colcon.colcon_core.environment:checking '/home/ubuntu/scootbot/3.0.0/install/serial/lib/python3.10/site-packages'
[2.070s] Level 1:colcon.colcon_core.environment:checking '/home/ubuntu/scootbot/3.0.0/install/serial/bin'
[2.073s] INFO:colcon.colcon_core.shell:Creating package script '/home/ubuntu/scootbot/3.0.0/install/serial/share/serial/package.ps1'
[2.075s] INFO:colcon.colcon_core.shell:Creating package descriptor '/home/ubuntu/scootbot/3.0.0/install/serial/share/serial/package.dsv'
[2.076s] INFO:colcon.colcon_core.shell:Creating package script '/home/ubuntu/scootbot/3.0.0/install/serial/share/serial/package.sh'
[2.077s] INFO:colcon.colcon_core.shell:Creating package script '/home/ubuntu/scootbot/3.0.0/install/serial/share/serial/package.bash'
[2.078s] INFO:colcon.colcon_core.shell:Creating package script '/home/ubuntu/scootbot/3.0.0/install/serial/share/serial/package.zsh'
[2.079s] Level 1:colcon.colcon_core.environment:create_file_with_runtime_dependencies(/home/ubuntu/scootbot/3.0.0/install/serial/share/colcon-core/packages/serial)
[2.080s] INFO:colcon.colcon_ros.task.ament_cmake.build:Building ROS package in '/home/ubuntu/scootbot/3.0.0/src/diffdrive_arduino' with build type 'ament_cmake'
[2.081s] INFO:colcon.colcon_cmake.task.cmake.build:Building CMake package in '/home/ubuntu/scootbot/3.0.0/src/diffdrive_arduino'
[2.085s] INFO:colcon.colcon_core.shell:Skip shell extension 'powershell' for command environment: Not usable outside of PowerShell
[2.085s] DEBUG:colcon.colcon_core.shell:Skip shell extension 'dsv' for command environment
[2.103s] Level 1:colcon.colcon_core.environment:create_environment_scripts_only(twist_mux)
[2.109s] Level 1:colcon.colcon_core.environment:checking '/home/ubuntu/scootbot/3.0.0/install/twist_mux' for CMake module files
[2.110s] Level 1:colcon.colcon_core.environment:checking '/home/ubuntu/scootbot/3.0.0/install/twist_mux' for CMake config files
[2.111s] Level 1:colcon.colcon_core.shell:create_environment_hook('twist_mux', 'cmake_prefix_path')
[2.114s] INFO:colcon.colcon_core.shell:Creating environment hook '/home/ubuntu/scootbot/3.0.0/install/twist_mux/share/twist_mux/hook/cmake_prefix_path.ps1'
[2.115s] INFO:colcon.colcon_core.shell:Creating environment descriptor '/home/ubuntu/scootbot/3.0.0/install/twist_mux/share/twist_mux/hook/cmake_prefix_path.dsv'
[2.116s] INFO:colcon.colcon_core.shell:Creating environment hook '/home/ubuntu/scootbot/3.0.0/install/twist_mux/share/twist_mux/hook/cmake_prefix_path.sh'
[2.118s] Level 1:colcon.colcon_core.environment:checking '/home/ubuntu/scootbot/3.0.0/install/twist_mux/lib'
[2.118s] Level 1:colcon.colcon_core.environment:checking '/home/ubuntu/scootbot/3.0.0/install/twist_mux/bin'
[2.118s] Level 1:colcon.colcon_core.environment:checking '/home/ubuntu/scootbot/3.0.0/install/twist_mux/lib/pkgconfig/twist_mux.pc'
[2.119s] Level 1:colcon.colcon_core.environment:checking '/home/ubuntu/scootbot/3.0.0/install/twist_mux/lib/python3.10/site-packages'
[2.120s] Level 1:colcon.colcon_core.environment:checking '/home/ubuntu/scootbot/3.0.0/install/twist_mux/bin'
[2.123s] INFO:colcon.colcon_core.shell:Creating package script '/home/ubuntu/scootbot/3.0.0/install/twist_mux/share/twist_mux/package.ps1'
[2.125s] INFO:colcon.colcon_core.shell:Creating package descriptor '/home/ubuntu/scootbot/3.0.0/install/twist_mux/share/twist_mux/package.dsv'
[2.126s] INFO:colcon.colcon_core.shell:Creating package script '/home/ubuntu/scootbot/3.0.0/install/twist_mux/share/twist_mux/package.sh'
[2.127s] INFO:colcon.colcon_core.shell:Creating package script '/home/ubuntu/scootbot/3.0.0/install/twist_mux/share/twist_mux/package.bash'
[2.128s] INFO:colcon.colcon_core.shell:Creating package script '/home/ubuntu/scootbot/3.0.0/install/twist_mux/share/twist_mux/package.zsh'
[2.129s] Level 1:colcon.colcon_core.environment:create_file_with_runtime_dependencies(/home/ubuntu/scootbot/3.0.0/install/twist_mux/share/colcon-core/packages/twist_mux)
[2.139s] DEBUG:colcon.colcon_core.event_handler.log_command:Invoking command in '/home/ubuntu/scootbot/3.0.0/build/diffdrive_arduino': AMENT_PREFIX_PATH=/home/ubuntu/scootbot/3.0.0/install/serial:${AMENT_PREFIX_PATH} CMAKE_PREFIX_PATH=/home/ubuntu/scootbot/3.0.0/install/serial:/opt/ros/humble LD_LIBRARY_PATH=/home/ubuntu/scootbot/3.0.0/install/serial/lib:${LD_LIBRARY_PATH} /usr/bin/cmake --build /home/ubuntu/scootbot/3.0.0/build/diffdrive_arduino -- -j4 -l4
[2.706s] DEBUG:colcon.colcon_core.event_handler.log_command:Invoked command in '/home/ubuntu/scootbot/3.0.0/build/diffdrive_arduino' returned '2': AMENT_PREFIX_PATH=/home/ubuntu/scootbot/3.0.0/install/serial:${AMENT_PREFIX_PATH} CMAKE_PREFIX_PATH=/home/ubuntu/scootbot/3.0.0/install/serial:/opt/ros/humble LD_LIBRARY_PATH=/home/ubuntu/scootbot/3.0.0/install/serial/lib:${LD_LIBRARY_PATH} /usr/bin/cmake --build /home/ubuntu/scootbot/3.0.0/build/diffdrive_arduino -- -j4 -l4
[2.756s] Level 1:colcon.colcon_core.environment:create_environment_scripts_only(diffdrive_arduino)
[2.761s] Level 1:colcon.colcon_core.environment:checking '/home/ubuntu/scootbot/3.0.0/install/diffdrive_arduino' for CMake module files
[2.762s] Level 1:colcon.colcon_core.environment:checking '/home/ubuntu/scootbot/3.0.0/install/diffdrive_arduino' for CMake config files
[2.763s] Level 1:colcon.colcon_core.shell:create_environment_hook('diffdrive_arduino', 'cmake_prefix_path')
[2.766s] INFO:colcon.colcon_core.shell:Creating environment hook '/home/ubuntu/scootbot/3.0.0/install/diffdrive_arduino/share/diffdrive_arduino/hook/cmake_prefix_path.ps1'
[2.767s] INFO:colcon.colcon_core.shell:Creating environment descriptor '/home/ubuntu/scootbot/3.0.0/install/diffdrive_arduino/share/diffdrive_arduino/hook/cmake_prefix_path.dsv'
[2.767s] INFO:colcon.colcon_core.shell:Creating environment hook '/home/ubuntu/scootbot/3.0.0/install/diffdrive_arduino/share/diffdrive_arduino/hook/cmake_prefix_path.sh'
[2.769s] Level 1:colcon.colcon_core.environment:checking '/home/ubuntu/scootbot/3.0.0/install/diffdrive_arduino/lib'
[2.769s] Level 1:colcon.colcon_core.shell:create_environment_hook('diffdrive_arduino', 'ld_library_path_lib')
[2.772s] INFO:colcon.colcon_core.shell:Creating environment hook '/home/ubuntu/scootbot/3.0.0/install/diffdrive_arduino/share/diffdrive_arduino/hook/ld_library_path_lib.ps1'
[2.773s] INFO:colcon.colcon_core.shell:Creating environment descriptor '/home/ubuntu/scootbot/3.0.0/install/diffdrive_arduino/share/diffdrive_arduino/hook/ld_library_path_lib.dsv'
[2.773s] INFO:colcon.colcon_core.shell:Creating environment hook '/home/ubuntu/scootbot/3.0.0/install/diffdrive_arduino/share/diffdrive_arduino/hook/ld_library_path_lib.sh'
[2.774s] Level 1:colcon.colcon_core.environment:checking '/home/ubuntu/scootbot/3.0.0/install/diffdrive_arduino/bin'
[2.774s] Level 1:colcon.colcon_core.environment:checking '/home/ubuntu/scootbot/3.0.0/install/diffdrive_arduino/lib/pkgconfig/diffdrive_arduino.pc'
[2.775s] Level 1:colcon.colcon_core.environment:checking '/home/ubuntu/scootbot/3.0.0/install/diffdrive_arduino/lib/python3.10/site-packages'
[2.775s] Level 1:colcon.colcon_core.environment:checking '/home/ubuntu/scootbot/3.0.0/install/diffdrive_arduino/bin'
[2.780s] INFO:colcon.colcon_core.shell:Creating package script '/home/ubuntu/scootbot/3.0.0/install/diffdrive_arduino/share/diffdrive_arduino/package.ps1'
[2.781s] INFO:colcon.colcon_core.shell:Creating package descriptor '/home/ubuntu/scootbot/3.0.0/install/diffdrive_arduino/share/diffdrive_arduino/package.dsv'
[2.782s] INFO:colcon.colcon_core.shell:Creating package script '/home/ubuntu/scootbot/3.0.0/install/diffdrive_arduino/share/diffdrive_arduino/package.sh'
[2.783s] INFO:colcon.colcon_core.shell:Creating package script '/home/ubuntu/scootbot/3.0.0/install/diffdrive_arduino/share/diffdrive_arduino/package.bash'
[2.784s] INFO:colcon.colcon_core.shell:Creating package script '/home/ubuntu/scootbot/3.0.0/install/diffdrive_arduino/share/diffdrive_arduino/package.zsh'
[2.785s] Level 1:colcon.colcon_core.environment:create_file_with_runtime_dependencies(/home/ubuntu/scootbot/3.0.0/install/diffdrive_arduino/share/colcon-core/packages/diffdrive_arduino)
[2.796s] DEBUG:colcon.colcon_parallel_executor.executor.parallel:closing loop
[2.796s] DEBUG:colcon.colcon_parallel_executor.executor.parallel:loop closed
[2.796s] DEBUG:colcon.colcon_parallel_executor.executor.parallel:run_until_complete finished with '2'
[2.797s] DEBUG:colcon.colcon_core.event_reactor:joining thread
[2.808s] INFO:colcon.colcon_core.plugin_system:Skipping extension 'colcon_notification.desktop_notification.notify_send': Could not find 'notify-send'
[2.808s] INFO:colcon.colcon_core.plugin_system:Skipping extension 'colcon_notification.desktop_notification.terminal_notifier': Not used on non-Darwin systems
[2.808s] INFO:colcon.colcon_core.plugin_system:Skipping extension 'colcon_notification.desktop_notification.win32': Not used on non-Windows systems
[2.808s] INFO:colcon.colcon_notification.desktop_notification:Sending desktop notification using 'notify2'
[2.809s] DEBUG:colcon.colcon_notification.desktop_notification.notify2:Failed to initialize notify2: org.freedesktop.DBus.Error.ServiceUnknown: The name org.freedesktop.Notifications was not provided by any .service files
[2.810s] DEBUG:colcon.colcon_core.event_reactor:joined thread
[2.813s] INFO:colcon.colcon_core.shell:Creating prefix script '/home/ubuntu/scootbot/3.0.0/install/local_setup.ps1'
[2.815s] INFO:colcon.colcon_core.shell:Creating prefix util module '/home/ubuntu/scootbot/3.0.0/install/_local_setup_util_ps1.py'
[2.818s] INFO:colcon.colcon_core.shell:Creating prefix chain script '/home/ubuntu/scootbot/3.0.0/install/setup.ps1'
[2.821s] INFO:colcon.colcon_core.shell:Creating prefix script '/home/ubuntu/scootbot/3.0.0/install/local_setup.sh'
[2.822s] INFO:colcon.colcon_core.shell:Creating prefix util module '/home/ubuntu/scootbot/3.0.0/install/_local_setup_util_sh.py'
[2.823s] INFO:colcon.colcon_core.shell:Creating prefix chain script '/home/ubuntu/scootbot/3.0.0/install/setup.sh'
[2.826s] INFO:colcon.colcon_core.shell:Creating prefix script '/home/ubuntu/scootbot/3.0.0/install/local_setup.bash'
[2.827s] INFO:colcon.colcon_core.shell:Creating prefix chain script '/home/ubuntu/scootbot/3.0.0/install/setup.bash'
[2.829s] INFO:colcon.colcon_core.shell:Creating prefix script '/home/ubuntu/scootbot/3.0.0/install/local_setup.zsh'
[2.831s] INFO:colcon.colcon_core.shell:Creating prefix chain script '/home/ubuntu/scootbot/3.0.0/install/setup.zsh'
