[0.451s] DEBUG:colcon:Command line arguments: ['/usr/bin/colcon', 'build', '--symlink-install']
[0.451s] DEBUG:colcon:Parsed command line arguments: Namespace(log_base=None, log_level=None, verb_name='build', build_base='build', install_base='install', merge_install=False, symlink_install=True, test_result_base=None, continue_on_error=False, executor='parallel', parallel_workers=20, event_handlers=None, ignore_user_meta=False, metas=['./colcon.meta'], base_paths=['.'], packages_ignore=None, packages_ignore_regex=None, paths=None, packages_up_to=None, packages_up_to_regex=None, packages_above=None, packages_above_and_dependencies=None, packages_above_depth=None, packages_select_by_dep=None, packages_skip_by_dep=None, packages_skip_up_to=None, packages_select_build_failed=False, packages_skip_build_finished=False, packages_select_test_failures=False, packages_skip_test_passed=False, packages_select=None, packages_skip=None, packages_select_regex=None, packages_skip_regex=None, packages_start=None, packages_end=None, allow_overriding=[], cmake_args=None, cmake_target=None, cmake_target_skip_unavailable=False, cmake_clean_cache=False, cmake_clean_first=False, cmake_force_configure=False, ament_cmake_args=None, catkin_cmake_args=None, catkin_skip_building_tests=False, verb_parser=<colcon_defaults.argument_parser.defaults.DefaultArgumentsDecorator object at 0x7fa6cd54be20>, verb_extension=<colcon_core.verb.build.BuildVerb object at 0x7fa6cd742f80>, main=<bound method BuildVerb.main of <colcon_core.verb.build.BuildVerb object at 0x7fa6cd742f80>>)
[0.498s] Level 1:colcon.colcon_core.package_discovery:discover_packages(colcon_meta) check parameters
[0.498s] Level 1:colcon.colcon_core.package_discovery:discover_packages(recursive) check parameters
[0.498s] Level 1:colcon.colcon_core.package_discovery:discover_packages(ignore) check parameters
[0.498s] Level 1:colcon.colcon_core.package_discovery:discover_packages(path) check parameters
[0.498s] Level 1:colcon.colcon_core.package_discovery:discover_packages(colcon_meta) discover
[0.499s] Level 1:colcon.colcon_core.package_discovery:discover_packages(recursive) discover
[0.499s] INFO:colcon.colcon_core.package_discovery:Crawling recursively for packages in '/home/ubuntu/scootbot/3.0.0'
[0.499s] Level 1:colcon.colcon_core.package_identification:_identify(.) by extensions ['ignore', 'ignore_ament_install']
[0.499s] Level 1:colcon.colcon_core.package_identification:_identify(.) by extension 'ignore'
[0.499s] Level 1:colcon.colcon_core.package_identification:_identify(.) by extension 'ignore_ament_install'
[0.499s] Level 1:colcon.colcon_core.package_identification:_identify(.) by extensions ['colcon_pkg']
[0.499s] Level 1:colcon.colcon_core.package_identification:_identify(.) by extension 'colcon_pkg'
[0.499s] Level 1:colcon.colcon_core.package_identification:_identify(.) by extensions ['colcon_meta']
[0.499s] Level 1:colcon.colcon_core.package_identification:_identify(.) by extension 'colcon_meta'
[0.499s] Level 1:colcon.colcon_core.package_identification:_identify(.) by extensions ['ros']
[0.499s] Level 1:colcon.colcon_core.package_identification:_identify(.) by extension 'ros'
[0.509s] Level 1:colcon.colcon_core.package_identification:_identify(.) by extensions ['cmake', 'python']
[0.509s] Level 1:colcon.colcon_core.package_identification:_identify(.) by extension 'cmake'
[0.509s] Level 1:colcon.colcon_core.package_identification:_identify(.) by extension 'python'
[0.509s] Level 1:colcon.colcon_core.package_identification:_identify(.) by extensions ['python_setup_py']
[0.509s] Level 1:colcon.colcon_core.package_identification:_identify(.) by extension 'python_setup_py'
[0.509s] Level 1:colcon.colcon_core.package_identification:_identify(__pycache__) by extensions ['ignore', 'ignore_ament_install']
[0.509s] Level 1:colcon.colcon_core.package_identification:_identify(__pycache__) by extension 'ignore'
[0.509s] Level 1:colcon.colcon_core.package_identification:_identify(__pycache__) by extension 'ignore_ament_install'
[0.509s] Level 1:colcon.colcon_core.package_identification:_identify(__pycache__) by extensions ['colcon_pkg']
[0.509s] Level 1:colcon.colcon_core.package_identification:_identify(__pycache__) by extension 'colcon_pkg'
[0.509s] Level 1:colcon.colcon_core.package_identification:_identify(__pycache__) by extensions ['colcon_meta']
[0.509s] Level 1:colcon.colcon_core.package_identification:_identify(__pycache__) by extension 'colcon_meta'
[0.509s] Level 1:colcon.colcon_core.package_identification:_identify(__pycache__) by extensions ['ros']
[0.509s] Level 1:colcon.colcon_core.package_identification:_identify(__pycache__) by extension 'ros'
[0.509s] Level 1:colcon.colcon_core.package_identification:_identify(__pycache__) by extensions ['cmake', 'python']
[0.509s] Level 1:colcon.colcon_core.package_identification:_identify(__pycache__) by extension 'cmake'
[0.510s] Level 1:colcon.colcon_core.package_identification:_identify(__pycache__) by extension 'python'
[0.510s] Level 1:colcon.colcon_core.package_identification:_identify(__pycache__) by extensions ['python_setup_py']
[0.510s] Level 1:colcon.colcon_core.package_identification:_identify(__pycache__) by extension 'python_setup_py'
[0.510s] Level 1:colcon.colcon_core.package_identification:_identify(build) by extensions ['ignore', 'ignore_ament_install']
[0.510s] Level 1:colcon.colcon_core.package_identification:_identify(build) by extension 'ignore'
[0.510s] Level 1:colcon.colcon_core.package_identification:_identify(build) ignored
[0.510s] Level 1:colcon.colcon_core.package_identification:_identify(install) by extensions ['ignore', 'ignore_ament_install']
[0.510s] Level 1:colcon.colcon_core.package_identification:_identify(install) by extension 'ignore'
[0.510s] Level 1:colcon.colcon_core.package_identification:_identify(install) ignored
[0.510s] Level 1:colcon.colcon_core.package_identification:_identify(local_tests) by extensions ['ignore', 'ignore_ament_install']
[0.510s] Level 1:colcon.colcon_core.package_identification:_identify(local_tests) by extension 'ignore'
[0.510s] Level 1:colcon.colcon_core.package_identification:_identify(local_tests) by extension 'ignore_ament_install'
[0.510s] Level 1:colcon.colcon_core.package_identification:_identify(local_tests) by extensions ['colcon_pkg']
[0.510s] Level 1:colcon.colcon_core.package_identification:_identify(local_tests) by extension 'colcon_pkg'
[0.510s] Level 1:colcon.colcon_core.package_identification:_identify(local_tests) by extensions ['colcon_meta']
[0.510s] Level 1:colcon.colcon_core.package_identification:_identify(local_tests) by extension 'colcon_meta'
[0.510s] Level 1:colcon.colcon_core.package_identification:_identify(local_tests) by extensions ['ros']
[0.510s] Level 1:colcon.colcon_core.package_identification:_identify(local_tests) by extension 'ros'
[0.510s] Level 1:colcon.colcon_core.package_identification:_identify(local_tests) by extensions ['cmake', 'python']
[0.510s] Level 1:colcon.colcon_core.package_identification:_identify(local_tests) by extension 'cmake'
[0.510s] Level 1:colcon.colcon_core.package_identification:_identify(local_tests) by extension 'python'
[0.510s] Level 1:colcon.colcon_core.package_identification:_identify(local_tests) by extensions ['python_setup_py']
[0.511s] Level 1:colcon.colcon_core.package_identification:_identify(local_tests) by extension 'python_setup_py'
[0.511s] Level 1:colcon.colcon_core.package_identification:_identify(local_tests/__pycache__) by extensions ['ignore', 'ignore_ament_install']
[0.511s] Level 1:colcon.colcon_core.package_identification:_identify(local_tests/__pycache__) by extension 'ignore'
[0.511s] Level 1:colcon.colcon_core.package_identification:_identify(local_tests/__pycache__) by extension 'ignore_ament_install'
[0.511s] Level 1:colcon.colcon_core.package_identification:_identify(local_tests/__pycache__) by extensions ['colcon_pkg']
[0.511s] Level 1:colcon.colcon_core.package_identification:_identify(local_tests/__pycache__) by extension 'colcon_pkg'
[0.511s] Level 1:colcon.colcon_core.package_identification:_identify(local_tests/__pycache__) by extensions ['colcon_meta']
[0.511s] Level 1:colcon.colcon_core.package_identification:_identify(local_tests/__pycache__) by extension 'colcon_meta'
[0.511s] Level 1:colcon.colcon_core.package_identification:_identify(local_tests/__pycache__) by extensions ['ros']
[0.511s] Level 1:colcon.colcon_core.package_identification:_identify(local_tests/__pycache__) by extension 'ros'
[0.511s] Level 1:colcon.colcon_core.package_identification:_identify(local_tests/__pycache__) by extensions ['cmake', 'python']
[0.511s] Level 1:colcon.colcon_core.package_identification:_identify(local_tests/__pycache__) by extension 'cmake'
[0.511s] Level 1:colcon.colcon_core.package_identification:_identify(local_tests/__pycache__) by extension 'python'
[0.511s] Level 1:colcon.colcon_core.package_identification:_identify(local_tests/__pycache__) by extensions ['python_setup_py']
[0.511s] Level 1:colcon.colcon_core.package_identification:_identify(local_tests/__pycache__) by extension 'python_setup_py'
[0.511s] Level 1:colcon.colcon_core.package_identification:_identify(log) by extensions ['ignore', 'ignore_ament_install']
[0.511s] Level 1:colcon.colcon_core.package_identification:_identify(log) by extension 'ignore'
[0.511s] Level 1:colcon.colcon_core.package_identification:_identify(log) ignored
[0.511s] Level 1:colcon.colcon_core.package_identification:_identify(src) by extensions ['ignore', 'ignore_ament_install']
[0.511s] Level 1:colcon.colcon_core.package_identification:_identify(src) by extension 'ignore'
[0.512s] Level 1:colcon.colcon_core.package_identification:_identify(src) by extension 'ignore_ament_install'
[0.512s] Level 1:colcon.colcon_core.package_identification:_identify(src) by extensions ['colcon_pkg']
[0.512s] Level 1:colcon.colcon_core.package_identification:_identify(src) by extension 'colcon_pkg'
[0.512s] Level 1:colcon.colcon_core.package_identification:_identify(src) by extensions ['colcon_meta']
[0.512s] Level 1:colcon.colcon_core.package_identification:_identify(src) by extension 'colcon_meta'
[0.512s] Level 1:colcon.colcon_core.package_identification:_identify(src) by extensions ['ros']
[0.512s] Level 1:colcon.colcon_core.package_identification:_identify(src) by extension 'ros'
[0.512s] Level 1:colcon.colcon_core.package_identification:_identify(src) by extensions ['cmake', 'python']
[0.512s] Level 1:colcon.colcon_core.package_identification:_identify(src) by extension 'cmake'
[0.512s] Level 1:colcon.colcon_core.package_identification:_identify(src) by extension 'python'
[0.512s] Level 1:colcon.colcon_core.package_identification:_identify(src) by extensions ['python_setup_py']
[0.512s] Level 1:colcon.colcon_core.package_identification:_identify(src) by extension 'python_setup_py'
[0.512s] Level 1:colcon.colcon_core.package_identification:_identify(src/diffdrive_arduino) by extensions ['ignore', 'ignore_ament_install']
[0.512s] Level 1:colcon.colcon_core.package_identification:_identify(src/diffdrive_arduino) by extension 'ignore'
[0.512s] Level 1:colcon.colcon_core.package_identification:_identify(src/diffdrive_arduino) by extension 'ignore_ament_install'
[0.512s] Level 1:colcon.colcon_core.package_identification:_identify(src/diffdrive_arduino) by extensions ['colcon_pkg']
[0.512s] Level 1:colcon.colcon_core.package_identification:_identify(src/diffdrive_arduino) by extension 'colcon_pkg'
[0.512s] Level 1:colcon.colcon_core.package_identification:_identify(src/diffdrive_arduino) by extensions ['colcon_meta']
[0.512s] Level 1:colcon.colcon_core.package_identification:_identify(src/diffdrive_arduino) by extension 'colcon_meta'
[0.512s] Level 1:colcon.colcon_core.package_identification:_identify(src/diffdrive_arduino) by extensions ['ros']
[0.512s] Level 1:colcon.colcon_core.package_identification:_identify(src/diffdrive_arduino) by extension 'ros'
[0.515s] DEBUG:colcon.colcon_core.package_identification:Package 'src/diffdrive_arduino' with type 'ros.ament_cmake' and name 'diffdrive_arduino'
[0.515s] Level 1:colcon.colcon_core.package_identification:_identify(src/scootbot) by extensions ['ignore', 'ignore_ament_install']
[0.515s] Level 1:colcon.colcon_core.package_identification:_identify(src/scootbot) by extension 'ignore'
[0.515s] Level 1:colcon.colcon_core.package_identification:_identify(src/scootbot) by extension 'ignore_ament_install'
[0.515s] Level 1:colcon.colcon_core.package_identification:_identify(src/scootbot) by extensions ['colcon_pkg']
[0.515s] Level 1:colcon.colcon_core.package_identification:_identify(src/scootbot) by extension 'colcon_pkg'
[0.515s] Level 1:colcon.colcon_core.package_identification:_identify(src/scootbot) by extensions ['colcon_meta']
[0.515s] Level 1:colcon.colcon_core.package_identification:_identify(src/scootbot) by extension 'colcon_meta'
[0.515s] Level 1:colcon.colcon_core.package_identification:_identify(src/scootbot) by extensions ['ros']
[0.515s] Level 1:colcon.colcon_core.package_identification:_identify(src/scootbot) by extension 'ros'
[0.516s] DEBUG:colcon.colcon_core.package_identification:Package 'src/scootbot' with type 'ros.ament_cmake' and name 'scootbot'
[0.516s] Level 1:colcon.colcon_core.package_identification:_identify(src/serial) by extensions ['ignore', 'ignore_ament_install']
[0.516s] Level 1:colcon.colcon_core.package_identification:_identify(src/serial) by extension 'ignore'
[0.516s] Level 1:colcon.colcon_core.package_identification:_identify(src/serial) by extension 'ignore_ament_install'
[0.516s] Level 1:colcon.colcon_core.package_identification:_identify(src/serial) by extensions ['colcon_pkg']
[0.516s] Level 1:colcon.colcon_core.package_identification:_identify(src/serial) by extension 'colcon_pkg'
[0.516s] Level 1:colcon.colcon_core.package_identification:_identify(src/serial) by extensions ['colcon_meta']
[0.516s] Level 1:colcon.colcon_core.package_identification:_identify(src/serial) by extension 'colcon_meta'
[0.516s] Level 1:colcon.colcon_core.package_identification:_identify(src/serial) by extensions ['ros']
[0.516s] Level 1:colcon.colcon_core.package_identification:_identify(src/serial) by extension 'ros'
[0.517s] DEBUG:colcon.colcon_core.package_identification:Package 'src/serial' with type 'ros.ament_cmake' and name 'serial'
[0.517s] Level 1:colcon.colcon_core.package_identification:_identify(src/twist_mux) by extensions ['ignore', 'ignore_ament_install']
[0.517s] Level 1:colcon.colcon_core.package_identification:_identify(src/twist_mux) by extension 'ignore'
[0.517s] Level 1:colcon.colcon_core.package_identification:_identify(src/twist_mux) by extension 'ignore_ament_install'
[0.517s] Level 1:colcon.colcon_core.package_identification:_identify(src/twist_mux) by extensions ['colcon_pkg']
[0.517s] Level 1:colcon.colcon_core.package_identification:_identify(src/twist_mux) by extension 'colcon_pkg'
[0.517s] Level 1:colcon.colcon_core.package_identification:_identify(src/twist_mux) by extensions ['colcon_meta']
[0.517s] Level 1:colcon.colcon_core.package_identification:_identify(src/twist_mux) by extension 'colcon_meta'
[0.517s] Level 1:colcon.colcon_core.package_identification:_identify(src/twist_mux) by extensions ['ros']
[0.517s] Level 1:colcon.colcon_core.package_identification:_identify(src/twist_mux) by extension 'ros'
[0.518s] DEBUG:colcon.colcon_core.package_identification:Package 'src/twist_mux' with type 'ros.ament_cmake' and name 'twist_mux'
[0.518s] Level 1:colcon.colcon_core.package_discovery:discover_packages(recursive) using defaults
[0.518s] Level 1:colcon.colcon_core.package_discovery:discover_packages(ignore) discover
[0.518s] Level 1:colcon.colcon_core.package_discovery:discover_packages(ignore) using defaults
[0.518s] Level 1:colcon.colcon_core.package_discovery:discover_packages(path) discover
[0.518s] Level 1:colcon.colcon_core.package_discovery:discover_packages(path) using defaults
[0.537s] Level 1:colcon.colcon_core.package_discovery:discover_packages(prefix_path) check parameters
[0.537s] Level 1:colcon.colcon_core.package_discovery:discover_packages(prefix_path) discover
[0.540s] DEBUG:colcon.colcon_installed_package_information.package_discovery:Found 3 installed packages in /home/ubuntu/scootbot/3.0.0/install
[0.540s] DEBUG:colcon.colcon_installed_package_information.package_discovery:Found 2 installed packages in /home/ubuntu/scootbot/2.0.0/install
[0.541s] DEBUG:colcon.colcon_installed_package_information.package_discovery:Found 6 installed packages in /home/ubuntu/scootbot/1.0.0/install
[0.543s] DEBUG:colcon.colcon_installed_package_information.package_discovery:Found 358 installed packages in /opt/ros/humble
[0.544s] Level 1:colcon.colcon_core.package_discovery:discover_packages(prefix_path) using defaults
[0.602s] Level 5:colcon.colcon_core.verb:set package 'scootbot' build argument 'cmake_args' from command line to 'None'
[0.602s] Level 5:colcon.colcon_core.verb:set package 'scootbot' build argument 'cmake_target' from command line to 'None'
[0.602s] Level 5:colcon.colcon_core.verb:set package 'scootbot' build argument 'cmake_target_skip_unavailable' from command line to 'False'
[0.602s] Level 5:colcon.colcon_core.verb:set package 'scootbot' build argument 'cmake_clean_cache' from command line to 'False'
[0.602s] Level 5:colcon.colcon_core.verb:set package 'scootbot' build argument 'cmake_clean_first' from command line to 'False'
[0.602s] Level 5:colcon.colcon_core.verb:set package 'scootbot' build argument 'cmake_force_configure' from command line to 'False'
[0.602s] Level 5:colcon.colcon_core.verb:set package 'scootbot' build argument 'ament_cmake_args' from command line to 'None'
[0.602s] Level 5:colcon.colcon_core.verb:set package 'scootbot' build argument 'catkin_cmake_args' from command line to 'None'
[0.602s] Level 5:colcon.colcon_core.verb:set package 'scootbot' build argument 'catkin_skip_building_tests' from command line to 'False'
[0.602s] DEBUG:colcon.colcon_core.verb:Building package 'scootbot' with the following arguments: {'ament_cmake_args': None, 'build_base': '/home/ubuntu/scootbot/3.0.0/build/scootbot', 'catkin_cmake_args': None, 'catkin_skip_building_tests': False, 'cmake_args': None, 'cmake_clean_cache': False, 'cmake_clean_first': False, 'cmake_force_configure': False, 'cmake_target': None, 'cmake_target_skip_unavailable': False, 'install_base': '/home/ubuntu/scootbot/3.0.0/install/scootbot', 'merge_install': False, 'path': '/home/ubuntu/scootbot/3.0.0/src/scootbot', 'symlink_install': True, 'test_result_base': None}
[0.603s] Level 5:colcon.colcon_core.verb:set package 'serial' build argument 'cmake_args' from command line to 'None'
[0.603s] Level 5:colcon.colcon_core.verb:set package 'serial' build argument 'cmake_target' from command line to 'None'
[0.603s] Level 5:colcon.colcon_core.verb:set package 'serial' build argument 'cmake_target_skip_unavailable' from command line to 'False'
[0.603s] Level 5:colcon.colcon_core.verb:set package 'serial' build argument 'cmake_clean_cache' from command line to 'False'
[0.603s] Level 5:colcon.colcon_core.verb:set package 'serial' build argument 'cmake_clean_first' from command line to 'False'
[0.603s] Level 5:colcon.colcon_core.verb:set package 'serial' build argument 'cmake_force_configure' from command line to 'False'
[0.603s] Level 5:colcon.colcon_core.verb:set package 'serial' build argument 'ament_cmake_args' from command line to 'None'
[0.603s] Level 5:colcon.colcon_core.verb:set package 'serial' build argument 'catkin_cmake_args' from command line to 'None'
[0.603s] Level 5:colcon.colcon_core.verb:set package 'serial' build argument 'catkin_skip_building_tests' from command line to 'False'
[0.603s] DEBUG:colcon.colcon_core.verb:Building package 'serial' with the following arguments: {'ament_cmake_args': None, 'build_base': '/home/ubuntu/scootbot/3.0.0/build/serial', 'catkin_cmake_args': None, 'catkin_skip_building_tests': False, 'cmake_args': None, 'cmake_clean_cache': False, 'cmake_clean_first': False, 'cmake_force_configure': False, 'cmake_target': None, 'cmake_target_skip_unavailable': False, 'install_base': '/home/ubuntu/scootbot/3.0.0/install/serial', 'merge_install': False, 'path': '/home/ubuntu/scootbot/3.0.0/src/serial', 'symlink_install': True, 'test_result_base': None}
[0.604s] Level 5:colcon.colcon_core.verb:set package 'twist_mux' build argument 'cmake_args' from command line to 'None'
[0.604s] Level 5:colcon.colcon_core.verb:set package 'twist_mux' build argument 'cmake_target' from command line to 'None'
[0.604s] Level 5:colcon.colcon_core.verb:set package 'twist_mux' build argument 'cmake_target_skip_unavailable' from command line to 'False'
[0.604s] Level 5:colcon.colcon_core.verb:set package 'twist_mux' build argument 'cmake_clean_cache' from command line to 'False'
[0.604s] Level 5:colcon.colcon_core.verb:set package 'twist_mux' build argument 'cmake_clean_first' from command line to 'False'
[0.604s] Level 5:colcon.colcon_core.verb:set package 'twist_mux' build argument 'cmake_force_configure' from command line to 'False'
[0.604s] Level 5:colcon.colcon_core.verb:set package 'twist_mux' build argument 'ament_cmake_args' from command line to 'None'
[0.604s] Level 5:colcon.colcon_core.verb:set package 'twist_mux' build argument 'catkin_cmake_args' from command line to 'None'
[0.604s] Level 5:colcon.colcon_core.verb:set package 'twist_mux' build argument 'catkin_skip_building_tests' from command line to 'False'
[0.604s] DEBUG:colcon.colcon_core.verb:Building package 'twist_mux' with the following arguments: {'ament_cmake_args': None, 'build_base': '/home/ubuntu/scootbot/3.0.0/build/twist_mux', 'catkin_cmake_args': None, 'catkin_skip_building_tests': False, 'cmake_args': None, 'cmake_clean_cache': False, 'cmake_clean_first': False, 'cmake_force_configure': False, 'cmake_target': None, 'cmake_target_skip_unavailable': False, 'install_base': '/home/ubuntu/scootbot/3.0.0/install/twist_mux', 'merge_install': False, 'path': '/home/ubuntu/scootbot/3.0.0/src/twist_mux', 'symlink_install': True, 'test_result_base': None}
[0.604s] Level 5:colcon.colcon_core.verb:set package 'diffdrive_arduino' build argument 'cmake_args' from command line to 'None'
[0.604s] Level 5:colcon.colcon_core.verb:set package 'diffdrive_arduino' build argument 'cmake_target' from command line to 'None'
[0.604s] Level 5:colcon.colcon_core.verb:set package 'diffdrive_arduino' build argument 'cmake_target_skip_unavailable' from command line to 'False'
[0.604s] Level 5:colcon.colcon_core.verb:set package 'diffdrive_arduino' build argument 'cmake_clean_cache' from command line to 'False'
[0.605s] Level 5:colcon.colcon_core.verb:set package 'diffdrive_arduino' build argument 'cmake_clean_first' from command line to 'False'
[0.605s] Level 5:colcon.colcon_core.verb:set package 'diffdrive_arduino' build argument 'cmake_force_configure' from command line to 'False'
[0.605s] Level 5:colcon.colcon_core.verb:set package 'diffdrive_arduino' build argument 'ament_cmake_args' from command line to 'None'
[0.605s] Level 5:colcon.colcon_core.verb:set package 'diffdrive_arduino' build argument 'catkin_cmake_args' from command line to 'None'
[0.605s] Level 5:colcon.colcon_core.verb:set package 'diffdrive_arduino' build argument 'catkin_skip_building_tests' from command line to 'False'
[0.605s] DEBUG:colcon.colcon_core.verb:Building package 'diffdrive_arduino' with the following arguments: {'ament_cmake_args': None, 'build_base': '/home/ubuntu/scootbot/3.0.0/build/diffdrive_arduino', 'catkin_cmake_args': None, 'catkin_skip_building_tests': False, 'cmake_args': None, 'cmake_clean_cache': False, 'cmake_clean_first': False, 'cmake_force_configure': False, 'cmake_target': None, 'cmake_target_skip_unavailable': False, 'install_base': '/home/ubuntu/scootbot/3.0.0/install/diffdrive_arduino', 'merge_install': False, 'path': '/home/ubuntu/scootbot/3.0.0/src/diffdrive_arduino', 'symlink_install': True, 'test_result_base': None}
[0.605s] INFO:colcon.colcon_core.executor:Executing jobs using 'parallel' executor
[0.607s] DEBUG:colcon.colcon_parallel_executor.executor.parallel:run_until_complete
[0.608s] INFO:colcon.colcon_ros.task.ament_cmake.build:Building ROS package in '/home/ubuntu/scootbot/3.0.0/src/serial' with build type 'ament_cmake'
[0.608s] INFO:colcon.colcon_cmake.task.cmake.build:Building CMake package in '/home/ubuntu/scootbot/3.0.0/src/serial'
[0.612s] INFO:colcon.colcon_core.plugin_system:Skipping extension 'colcon_core.shell.bat': Not used on non-Windows systems
[0.612s] INFO:colcon.colcon_core.shell:Skip shell extension 'powershell' for command environment: Not usable outside of PowerShell
[0.612s] DEBUG:colcon.colcon_core.shell:Skip shell extension 'dsv' for command environment
[0.617s] INFO:colcon.colcon_ros.task.ament_cmake.build:Building ROS package in '/home/ubuntu/scootbot/3.0.0/src/scootbot' with build type 'ament_cmake'
[0.617s] INFO:colcon.colcon_cmake.task.cmake.build:Building CMake package in '/home/ubuntu/scootbot/3.0.0/src/scootbot'
[0.618s] INFO:colcon.colcon_core.shell:Skip shell extension 'powershell' for command environment: Not usable outside of PowerShell
[0.618s] DEBUG:colcon.colcon_core.shell:Skip shell extension 'dsv' for command environment
[0.623s] INFO:colcon.colcon_ros.task.ament_cmake.build:Building ROS package in '/home/ubuntu/scootbot/3.0.0/src/twist_mux' with build type 'ament_cmake'
[0.623s] INFO:colcon.colcon_cmake.task.cmake.build:Building CMake package in '/home/ubuntu/scootbot/3.0.0/src/twist_mux'
[0.624s] INFO:colcon.colcon_core.shell:Skip shell extension 'powershell' for command environment: Not usable outside of PowerShell
[0.624s] DEBUG:colcon.colcon_core.shell:Skip shell extension 'dsv' for command environment
[0.631s] DEBUG:colcon.colcon_core.event_handler.log_command:Invoking command in '/home/ubuntu/scootbot/3.0.0/build/serial': CMAKE_PREFIX_PATH=${CMAKE_PREFIX_PATH}:/home/ubuntu/scootbot/1.0.0/install/sabertooth:/home/ubuntu/scootbot/1.0.0/install/joy_cmd:/home/ubuntu/scootbot/1.0.0/install/differential_drive:/opt/ros/humble /usr/bin/cmake --build /home/ubuntu/scootbot/3.0.0/build/serial -- -j20 -l20
[0.634s] DEBUG:colcon.colcon_core.event_handler.log_command:Invoking command in '/home/ubuntu/scootbot/3.0.0/build/scootbot': CMAKE_PREFIX_PATH=${CMAKE_PREFIX_PATH}:/home/ubuntu/scootbot/1.0.0/install/sabertooth:/home/ubuntu/scootbot/1.0.0/install/joy_cmd:/home/ubuntu/scootbot/1.0.0/install/differential_drive:/opt/ros/humble /usr/bin/cmake --build /home/ubuntu/scootbot/3.0.0/build/scootbot -- -j20 -l20
[0.636s] DEBUG:colcon.colcon_core.event_handler.log_command:Invoking command in '/home/ubuntu/scootbot/3.0.0/build/twist_mux': CMAKE_PREFIX_PATH=${CMAKE_PREFIX_PATH}:/home/ubuntu/scootbot/1.0.0/install/sabertooth:/home/ubuntu/scootbot/1.0.0/install/joy_cmd:/home/ubuntu/scootbot/1.0.0/install/differential_drive:/opt/ros/humble /usr/bin/cmake /home/ubuntu/scootbot/3.0.0/src/twist_mux -DAMENT_CMAKE_SYMLINK_INSTALL=1 -DCMAKE_INSTALL_PREFIX=/home/ubuntu/scootbot/3.0.0/install/twist_mux
[0.668s] DEBUG:colcon.colcon_core.event_handler.log_command:Invoked command in '/home/ubuntu/scootbot/3.0.0/build/scootbot' returned '0': CMAKE_PREFIX_PATH=${CMAKE_PREFIX_PATH}:/home/ubuntu/scootbot/1.0.0/install/sabertooth:/home/ubuntu/scootbot/1.0.0/install/joy_cmd:/home/ubuntu/scootbot/1.0.0/install/differential_drive:/opt/ros/humble /usr/bin/cmake --build /home/ubuntu/scootbot/3.0.0/build/scootbot -- -j20 -l20
[0.683s] DEBUG:colcon.colcon_core.event_handler.log_command:Invoking command in '/home/ubuntu/scootbot/3.0.0/build/scootbot': CMAKE_PREFIX_PATH=${CMAKE_PREFIX_PATH}:/home/ubuntu/scootbot/1.0.0/install/sabertooth:/home/ubuntu/scootbot/1.0.0/install/joy_cmd:/home/ubuntu/scootbot/1.0.0/install/differential_drive:/opt/ros/humble /usr/bin/cmake --install /home/ubuntu/scootbot/3.0.0/build/scootbot
[0.704s] DEBUG:colcon.colcon_core.event_handler.log_command:Invoked command in '/home/ubuntu/scootbot/3.0.0/build/serial' returned '0': CMAKE_PREFIX_PATH=${CMAKE_PREFIX_PATH}:/home/ubuntu/scootbot/1.0.0/install/sabertooth:/home/ubuntu/scootbot/1.0.0/install/joy_cmd:/home/ubuntu/scootbot/1.0.0/install/differential_drive:/opt/ros/humble /usr/bin/cmake --build /home/ubuntu/scootbot/3.0.0/build/serial -- -j20 -l20
[0.721s] DEBUG:colcon.colcon_core.event_handler.log_command:Invoking command in '/home/ubuntu/scootbot/3.0.0/build/serial': CMAKE_PREFIX_PATH=${CMAKE_PREFIX_PATH}:/home/ubuntu/scootbot/1.0.0/install/sabertooth:/home/ubuntu/scootbot/1.0.0/install/joy_cmd:/home/ubuntu/scootbot/1.0.0/install/differential_drive:/opt/ros/humble /usr/bin/cmake --install /home/ubuntu/scootbot/3.0.0/build/serial
[0.736s] Level 1:colcon.colcon_core.environment:create_environment_scripts_only(serial)
[0.737s] DEBUG:colcon.colcon_core.event_handler.log_command:Invoked command in '/home/ubuntu/scootbot/3.0.0/build/serial' returned '0': CMAKE_PREFIX_PATH=${CMAKE_PREFIX_PATH}:/home/ubuntu/scootbot/1.0.0/install/sabertooth:/home/ubuntu/scootbot/1.0.0/install/joy_cmd:/home/ubuntu/scootbot/1.0.0/install/differential_drive:/opt/ros/humble /usr/bin/cmake --install /home/ubuntu/scootbot/3.0.0/build/serial
[0.748s] Level 1:colcon.colcon_core.environment:checking '/home/ubuntu/scootbot/3.0.0/install/serial' for CMake module files
[0.749s] Level 1:colcon.colcon_core.environment:checking '/home/ubuntu/scootbot/3.0.0/install/serial' for CMake config files
[0.750s] Level 1:colcon.colcon_core.shell:create_environment_hook('serial', 'cmake_prefix_path')
[0.751s] INFO:colcon.colcon_core.shell:Creating environment hook '/home/ubuntu/scootbot/3.0.0/install/serial/share/serial/hook/cmake_prefix_path.ps1'
[0.752s] INFO:colcon.colcon_core.shell:Creating environment descriptor '/home/ubuntu/scootbot/3.0.0/install/serial/share/serial/hook/cmake_prefix_path.dsv'
[0.753s] INFO:colcon.colcon_core.shell:Creating environment hook '/home/ubuntu/scootbot/3.0.0/install/serial/share/serial/hook/cmake_prefix_path.sh'
[0.754s] Level 1:colcon.colcon_core.environment:checking '/home/ubuntu/scootbot/3.0.0/install/serial/lib'
[0.755s] Level 1:colcon.colcon_core.environment:checking '/home/ubuntu/scootbot/3.0.0/install/serial/bin'
[0.755s] Level 1:colcon.colcon_core.environment:checking '/home/ubuntu/scootbot/3.0.0/install/serial/lib/pkgconfig/serial.pc'
[0.755s] Level 1:colcon.colcon_core.environment:checking '/home/ubuntu/scootbot/3.0.0/install/serial/lib/python3.10/site-packages'
[0.755s] Level 1:colcon.colcon_core.environment:checking '/home/ubuntu/scootbot/3.0.0/install/serial/bin'
[0.756s] INFO:colcon.colcon_core.shell:Creating package script '/home/ubuntu/scootbot/3.0.0/install/serial/share/serial/package.ps1'
[0.758s] INFO:colcon.colcon_core.shell:Creating package descriptor '/home/ubuntu/scootbot/3.0.0/install/serial/share/serial/package.dsv'
[0.759s] INFO:colcon.colcon_core.shell:Creating package script '/home/ubuntu/scootbot/3.0.0/install/serial/share/serial/package.sh'
[0.760s] INFO:colcon.colcon_core.shell:Creating package script '/home/ubuntu/scootbot/3.0.0/install/serial/share/serial/package.bash'
[0.761s] INFO:colcon.colcon_core.shell:Creating package script '/home/ubuntu/scootbot/3.0.0/install/serial/share/serial/package.zsh'
[0.762s] Level 1:colcon.colcon_core.environment:create_file_with_runtime_dependencies(/home/ubuntu/scootbot/3.0.0/install/serial/share/colcon-core/packages/serial)
[0.768s] Level 1:colcon.colcon_core.environment:create_environment_scripts_only(scootbot)
[0.769s] Level 1:colcon.colcon_core.environment:checking '/home/ubuntu/scootbot/3.0.0/install/scootbot' for CMake module files
[0.770s] DEBUG:colcon.colcon_core.event_handler.log_command:Invoked command in '/home/ubuntu/scootbot/3.0.0/build/scootbot' returned '0': CMAKE_PREFIX_PATH=${CMAKE_PREFIX_PATH}:/home/ubuntu/scootbot/1.0.0/install/sabertooth:/home/ubuntu/scootbot/1.0.0/install/joy_cmd:/home/ubuntu/scootbot/1.0.0/install/differential_drive:/opt/ros/humble /usr/bin/cmake --install /home/ubuntu/scootbot/3.0.0/build/scootbot
[0.770s] Level 1:colcon.colcon_core.environment:checking '/home/ubuntu/scootbot/3.0.0/install/scootbot' for CMake config files
[0.773s] Level 1:colcon.colcon_core.shell:create_environment_hook('scootbot', 'cmake_prefix_path')
[0.774s] INFO:colcon.colcon_core.shell:Creating environment hook '/home/ubuntu/scootbot/3.0.0/install/scootbot/share/scootbot/hook/cmake_prefix_path.ps1'
[0.774s] INFO:colcon.colcon_core.shell:Creating environment descriptor '/home/ubuntu/scootbot/3.0.0/install/scootbot/share/scootbot/hook/cmake_prefix_path.dsv'
[0.775s] INFO:colcon.colcon_core.shell:Creating environment hook '/home/ubuntu/scootbot/3.0.0/install/scootbot/share/scootbot/hook/cmake_prefix_path.sh'
[0.775s] Level 1:colcon.colcon_core.environment:checking '/home/ubuntu/scootbot/3.0.0/install/scootbot/bin'
[0.775s] Level 1:colcon.colcon_core.environment:checking '/home/ubuntu/scootbot/3.0.0/install/scootbot/lib/pkgconfig/scootbot.pc'
[0.775s] Level 1:colcon.colcon_core.environment:checking '/home/ubuntu/scootbot/3.0.0/install/scootbot/lib/python3.10/site-packages'
[0.775s] Level 1:colcon.colcon_core.environment:checking '/home/ubuntu/scootbot/3.0.0/install/scootbot/bin'
[0.777s] INFO:colcon.colcon_core.shell:Creating package script '/home/ubuntu/scootbot/3.0.0/install/scootbot/share/scootbot/package.ps1'
[0.777s] INFO:colcon.colcon_core.shell:Creating package descriptor '/home/ubuntu/scootbot/3.0.0/install/scootbot/share/scootbot/package.dsv'
[0.777s] INFO:colcon.colcon_core.shell:Creating package script '/home/ubuntu/scootbot/3.0.0/install/scootbot/share/scootbot/package.sh'
[0.778s] INFO:colcon.colcon_core.shell:Creating package script '/home/ubuntu/scootbot/3.0.0/install/scootbot/share/scootbot/package.bash'
[0.778s] INFO:colcon.colcon_core.shell:Creating package script '/home/ubuntu/scootbot/3.0.0/install/scootbot/share/scootbot/package.zsh'
[0.778s] Level 1:colcon.colcon_core.environment:create_file_with_runtime_dependencies(/home/ubuntu/scootbot/3.0.0/install/scootbot/share/colcon-core/packages/scootbot)
[0.780s] Level 1:colcon.colcon_core.environment:create_environment_scripts_only(serial)
[0.781s] Level 1:colcon.colcon_core.environment:checking '/home/ubuntu/scootbot/3.0.0/install/serial' for CMake module files
[0.781s] Level 1:colcon.colcon_core.environment:checking '/home/ubuntu/scootbot/3.0.0/install/serial' for CMake config files
[0.782s] Level 1:colcon.colcon_core.shell:create_environment_hook('serial', 'cmake_prefix_path')
[0.783s] INFO:colcon.colcon_core.shell:Creating environment hook '/home/ubuntu/scootbot/3.0.0/install/serial/share/serial/hook/cmake_prefix_path.ps1'
[0.783s] INFO:colcon.colcon_core.shell:Creating environment descriptor '/home/ubuntu/scootbot/3.0.0/install/serial/share/serial/hook/cmake_prefix_path.dsv'
[0.783s] INFO:colcon.colcon_core.shell:Creating environment hook '/home/ubuntu/scootbot/3.0.0/install/serial/share/serial/hook/cmake_prefix_path.sh'
[0.783s] Level 1:colcon.colcon_core.environment:checking '/home/ubuntu/scootbot/3.0.0/install/serial/lib'
[0.783s] Level 1:colcon.colcon_core.environment:checking '/home/ubuntu/scootbot/3.0.0/install/serial/bin'
[0.783s] Level 1:colcon.colcon_core.environment:checking '/home/ubuntu/scootbot/3.0.0/install/serial/lib/pkgconfig/serial.pc'
[0.784s] Level 1:colcon.colcon_core.environment:checking '/home/ubuntu/scootbot/3.0.0/install/serial/lib/python3.10/site-packages'
[0.784s] Level 1:colcon.colcon_core.environment:checking '/home/ubuntu/scootbot/3.0.0/install/serial/bin'
[0.785s] INFO:colcon.colcon_core.shell:Creating package script '/home/ubuntu/scootbot/3.0.0/install/serial/share/serial/package.ps1'
[0.785s] INFO:colcon.colcon_core.shell:Creating package descriptor '/home/ubuntu/scootbot/3.0.0/install/serial/share/serial/package.dsv'
[0.785s] INFO:colcon.colcon_core.shell:Creating package script '/home/ubuntu/scootbot/3.0.0/install/serial/share/serial/package.sh'
[0.785s] INFO:colcon.colcon_core.shell:Creating package script '/home/ubuntu/scootbot/3.0.0/install/serial/share/serial/package.bash'
[0.786s] INFO:colcon.colcon_core.shell:Creating package script '/home/ubuntu/scootbot/3.0.0/install/serial/share/serial/package.zsh'
[0.786s] Level 1:colcon.colcon_core.environment:create_file_with_runtime_dependencies(/home/ubuntu/scootbot/3.0.0/install/serial/share/colcon-core/packages/serial)
[0.786s] INFO:colcon.colcon_ros.task.ament_cmake.build:Building ROS package in '/home/ubuntu/scootbot/3.0.0/src/diffdrive_arduino' with build type 'ament_cmake'
[0.786s] INFO:colcon.colcon_cmake.task.cmake.build:Building CMake package in '/home/ubuntu/scootbot/3.0.0/src/diffdrive_arduino'
[0.787s] INFO:colcon.colcon_core.shell:Skip shell extension 'powershell' for command environment: Not usable outside of PowerShell
[0.787s] DEBUG:colcon.colcon_core.shell:Skip shell extension 'dsv' for command environment
[0.793s] Level 1:colcon.colcon_core.environment:create_environment_scripts_only(scootbot)
[0.794s] Level 1:colcon.colcon_core.environment:checking '/home/ubuntu/scootbot/3.0.0/install/scootbot' for CMake module files
[0.795s] Level 1:colcon.colcon_core.environment:checking '/home/ubuntu/scootbot/3.0.0/install/scootbot' for CMake config files
[0.798s] Level 1:colcon.colcon_core.shell:create_environment_hook('scootbot', 'cmake_prefix_path')
[0.799s] INFO:colcon.colcon_core.shell:Creating environment hook '/home/ubuntu/scootbot/3.0.0/install/scootbot/share/scootbot/hook/cmake_prefix_path.ps1'
[0.799s] INFO:colcon.colcon_core.shell:Creating environment descriptor '/home/ubuntu/scootbot/3.0.0/install/scootbot/share/scootbot/hook/cmake_prefix_path.dsv'
[0.799s] INFO:colcon.colcon_core.shell:Creating environment hook '/home/ubuntu/scootbot/3.0.0/install/scootbot/share/scootbot/hook/cmake_prefix_path.sh'
[0.799s] Level 1:colcon.colcon_core.environment:checking '/home/ubuntu/scootbot/3.0.0/install/scootbot/bin'
[0.799s] Level 1:colcon.colcon_core.environment:checking '/home/ubuntu/scootbot/3.0.0/install/scootbot/lib/pkgconfig/scootbot.pc'
[0.799s] Level 1:colcon.colcon_core.environment:checking '/home/ubuntu/scootbot/3.0.0/install/scootbot/lib/python3.10/site-packages'
[0.800s] Level 1:colcon.colcon_core.environment:checking '/home/ubuntu/scootbot/3.0.0/install/scootbot/bin'
[0.801s] INFO:colcon.colcon_core.shell:Creating package script '/home/ubuntu/scootbot/3.0.0/install/scootbot/share/scootbot/package.ps1'
[0.801s] INFO:colcon.colcon_core.shell:Creating package descriptor '/home/ubuntu/scootbot/3.0.0/install/scootbot/share/scootbot/package.dsv'
[0.801s] INFO:colcon.colcon_core.shell:Creating package script '/home/ubuntu/scootbot/3.0.0/install/scootbot/share/scootbot/package.sh'
[0.801s] INFO:colcon.colcon_core.shell:Creating package script '/home/ubuntu/scootbot/3.0.0/install/scootbot/share/scootbot/package.bash'
[0.802s] INFO:colcon.colcon_core.shell:Creating package script '/home/ubuntu/scootbot/3.0.0/install/scootbot/share/scootbot/package.zsh'
[0.802s] Level 1:colcon.colcon_core.environment:create_file_with_runtime_dependencies(/home/ubuntu/scootbot/3.0.0/install/scootbot/share/colcon-core/packages/scootbot)
[0.805s] DEBUG:colcon.colcon_core.event_handler.log_command:Invoking command in '/home/ubuntu/scootbot/3.0.0/build/diffdrive_arduino': CMAKE_PREFIX_PATH=/home/ubuntu/scootbot/3.0.0/install/serial:/home/ubuntu/scootbot/3.0.0/install/diffdrive_arduino:/home/ubuntu/scootbot/3.0.0/install/scootbot:/home/ubuntu/scootbot/2.0.0/install/twist_mux:/home/ubuntu/scootbot/2.0.0/install/scootbot:/home/ubuntu/scootbot/1.0.0/install/sllidar_ros2:/home/ubuntu/scootbot/1.0.0/install/scootbot_sim:/home/ubuntu/scootbot/1.0.0/install/scootbot_description:/home/ubuntu/scootbot/1.0.0/install/sabertooth:/home/ubuntu/scootbot/1.0.0/install/joy_cmd:/home/ubuntu/scootbot/1.0.0/install/differential_drive:/opt/ros/humble /usr/bin/cmake --build /home/ubuntu/scootbot/3.0.0/build/diffdrive_arduino -- -j20 -l20
[2.523s] DEBUG:colcon.colcon_core.event_handler.log_command:Invoked command in '/home/ubuntu/scootbot/3.0.0/build/twist_mux' returned '0': CMAKE_PREFIX_PATH=${CMAKE_PREFIX_PATH}:/home/ubuntu/scootbot/1.0.0/install/sabertooth:/home/ubuntu/scootbot/1.0.0/install/joy_cmd:/home/ubuntu/scootbot/1.0.0/install/differential_drive:/opt/ros/humble /usr/bin/cmake /home/ubuntu/scootbot/3.0.0/src/twist_mux -DAMENT_CMAKE_SYMLINK_INSTALL=1 -DCMAKE_INSTALL_PREFIX=/home/ubuntu/scootbot/3.0.0/install/twist_mux
[2.524s] DEBUG:colcon.colcon_core.event_handler.log_command:Invoking command in '/home/ubuntu/scootbot/3.0.0/build/twist_mux': CMAKE_PREFIX_PATH=${CMAKE_PREFIX_PATH}:/home/ubuntu/scootbot/1.0.0/install/sabertooth:/home/ubuntu/scootbot/1.0.0/install/joy_cmd:/home/ubuntu/scootbot/1.0.0/install/differential_drive:/opt/ros/humble /usr/bin/cmake --build /home/ubuntu/scootbot/3.0.0/build/twist_mux -- -j20 -l20
[3.436s] DEBUG:colcon.colcon_core.event_handler.log_command:Invoked command in '/home/ubuntu/scootbot/3.0.0/build/diffdrive_arduino' returned '2': CMAKE_PREFIX_PATH=/home/ubuntu/scootbot/3.0.0/install/serial:/home/ubuntu/scootbot/3.0.0/install/diffdrive_arduino:/home/ubuntu/scootbot/3.0.0/install/scootbot:/home/ubuntu/scootbot/2.0.0/install/twist_mux:/home/ubuntu/scootbot/2.0.0/install/scootbot:/home/ubuntu/scootbot/1.0.0/install/sllidar_ros2:/home/ubuntu/scootbot/1.0.0/install/scootbot_sim:/home/ubuntu/scootbot/1.0.0/install/scootbot_description:/home/ubuntu/scootbot/1.0.0/install/sabertooth:/home/ubuntu/scootbot/1.0.0/install/joy_cmd:/home/ubuntu/scootbot/1.0.0/install/differential_drive:/opt/ros/humble /usr/bin/cmake --build /home/ubuntu/scootbot/3.0.0/build/diffdrive_arduino -- -j20 -l20
[3.455s] Level 1:colcon.colcon_core.environment:create_environment_scripts_only(diffdrive_arduino)
[3.458s] Level 1:colcon.colcon_core.environment:checking '/home/ubuntu/scootbot/3.0.0/install/diffdrive_arduino' for CMake module files
[3.460s] Level 1:colcon.colcon_core.environment:checking '/home/ubuntu/scootbot/3.0.0/install/diffdrive_arduino' for CMake config files
[3.461s] Level 1:colcon.colcon_core.shell:create_environment_hook('diffdrive_arduino', 'cmake_prefix_path')
[3.463s] INFO:colcon.colcon_core.shell:Creating environment hook '/home/ubuntu/scootbot/3.0.0/install/diffdrive_arduino/share/diffdrive_arduino/hook/cmake_prefix_path.ps1'
[3.464s] INFO:colcon.colcon_core.shell:Creating environment descriptor '/home/ubuntu/scootbot/3.0.0/install/diffdrive_arduino/share/diffdrive_arduino/hook/cmake_prefix_path.dsv'
[3.464s] INFO:colcon.colcon_core.shell:Creating environment hook '/home/ubuntu/scootbot/3.0.0/install/diffdrive_arduino/share/diffdrive_arduino/hook/cmake_prefix_path.sh'
[3.465s] Level 1:colcon.colcon_core.environment:checking '/home/ubuntu/scootbot/3.0.0/install/diffdrive_arduino/lib'
[3.465s] Level 1:colcon.colcon_core.shell:create_environment_hook('diffdrive_arduino', 'ld_library_path_lib')
[3.467s] INFO:colcon.colcon_core.shell:Creating environment hook '/home/ubuntu/scootbot/3.0.0/install/diffdrive_arduino/share/diffdrive_arduino/hook/ld_library_path_lib.ps1'
[3.467s] INFO:colcon.colcon_core.shell:Creating environment descriptor '/home/ubuntu/scootbot/3.0.0/install/diffdrive_arduino/share/diffdrive_arduino/hook/ld_library_path_lib.dsv'
[3.467s] INFO:colcon.colcon_core.shell:Creating environment hook '/home/ubuntu/scootbot/3.0.0/install/diffdrive_arduino/share/diffdrive_arduino/hook/ld_library_path_lib.sh'
[3.468s] Level 1:colcon.colcon_core.environment:checking '/home/ubuntu/scootbot/3.0.0/install/diffdrive_arduino/bin'
[3.468s] Level 1:colcon.colcon_core.environment:checking '/home/ubuntu/scootbot/3.0.0/install/diffdrive_arduino/lib/pkgconfig/diffdrive_arduino.pc'
[3.468s] Level 1:colcon.colcon_core.environment:checking '/home/ubuntu/scootbot/3.0.0/install/diffdrive_arduino/lib/python3.10/site-packages'
[3.468s] Level 1:colcon.colcon_core.environment:checking '/home/ubuntu/scootbot/3.0.0/install/diffdrive_arduino/bin'
[3.470s] INFO:colcon.colcon_core.shell:Creating package script '/home/ubuntu/scootbot/3.0.0/install/diffdrive_arduino/share/diffdrive_arduino/package.ps1'
[3.471s] INFO:colcon.colcon_core.shell:Creating package descriptor '/home/ubuntu/scootbot/3.0.0/install/diffdrive_arduino/share/diffdrive_arduino/package.dsv'
[3.471s] INFO:colcon.colcon_core.shell:Creating package script '/home/ubuntu/scootbot/3.0.0/install/diffdrive_arduino/share/diffdrive_arduino/package.sh'
[3.472s] INFO:colcon.colcon_core.shell:Creating package script '/home/ubuntu/scootbot/3.0.0/install/diffdrive_arduino/share/diffdrive_arduino/package.bash'
[3.472s] INFO:colcon.colcon_core.shell:Creating package script '/home/ubuntu/scootbot/3.0.0/install/diffdrive_arduino/share/diffdrive_arduino/package.zsh'
[3.473s] Level 1:colcon.colcon_core.environment:create_file_with_runtime_dependencies(/home/ubuntu/scootbot/3.0.0/install/diffdrive_arduino/share/colcon-core/packages/diffdrive_arduino)
[11.413s] DEBUG:colcon.colcon_parallel_executor.executor.parallel:closing loop
[11.413s] DEBUG:colcon.colcon_parallel_executor.executor.parallel:loop closed
[11.413s] DEBUG:colcon.colcon_parallel_executor.executor.parallel:run_until_complete finished with '2'
[11.413s] DEBUG:colcon.colcon_core.event_reactor:joining thread
[11.418s] INFO:colcon.colcon_core.plugin_system:Skipping extension 'colcon_notification.desktop_notification.terminal_notifier': Not used on non-Darwin systems
[11.418s] INFO:colcon.colcon_core.plugin_system:Skipping extension 'colcon_notification.desktop_notification.win32': Not used on non-Windows systems
[11.418s] INFO:colcon.colcon_notification.desktop_notification:Sending desktop notification using 'notify2'
[11.427s] DEBUG:colcon.colcon_core.event_reactor:joined thread
[11.428s] INFO:colcon.colcon_core.shell:Creating prefix script '/home/ubuntu/scootbot/3.0.0/install/local_setup.ps1'
[11.429s] INFO:colcon.colcon_core.shell:Creating prefix util module '/home/ubuntu/scootbot/3.0.0/install/_local_setup_util_ps1.py'
[11.430s] INFO:colcon.colcon_core.shell:Creating prefix chain script '/home/ubuntu/scootbot/3.0.0/install/setup.ps1'
[11.431s] INFO:colcon.colcon_core.shell:Creating prefix script '/home/ubuntu/scootbot/3.0.0/install/local_setup.sh'
[11.431s] INFO:colcon.colcon_core.shell:Creating prefix util module '/home/ubuntu/scootbot/3.0.0/install/_local_setup_util_sh.py'
[11.432s] INFO:colcon.colcon_core.shell:Creating prefix chain script '/home/ubuntu/scootbot/3.0.0/install/setup.sh'
[11.433s] INFO:colcon.colcon_core.shell:Creating prefix script '/home/ubuntu/scootbot/3.0.0/install/local_setup.bash'
[11.433s] INFO:colcon.colcon_core.shell:Creating prefix chain script '/home/ubuntu/scootbot/3.0.0/install/setup.bash'
[11.435s] INFO:colcon.colcon_core.shell:Creating prefix script '/home/ubuntu/scootbot/3.0.0/install/local_setup.zsh'
[11.435s] INFO:colcon.colcon_core.shell:Creating prefix chain script '/home/ubuntu/scootbot/3.0.0/install/setup.zsh'
