[4.642s] Invoking command in '/home/ubuntu/scootbot/src/sabertooth': PYTHONPATH=/home/ubuntu/scootbot/install/sabertooth/lib/python3.8/site-packages:${PYTHONPATH} /usr/bin/python3 setup.py egg_info --egg-base ../../build/sabertooth build --build-base /home/ubuntu/scootbot/build/sabertooth/build install --prefix /home/ubuntu/scootbot/install/sabertooth --record /home/ubuntu/scootbot/build/sabertooth/install.log --single-version-externally-managed
[6.296s] running egg_info
[6.300s] writing ../../build/sabertooth/sabertooth.egg-info/PKG-INFO
[6.302s] writing dependency_links to ../../build/sabertooth/sabertooth.egg-info/dependency_links.txt
[6.304s] writing entry points to ../../build/sabertooth/sabertooth.egg-info/entry_points.txt
[6.305s] writing requirements to ../../build/sabertooth/sabertooth.egg-info/requires.txt
[6.306s] writing top-level names to ../../build/sabertooth/sabertooth.egg-info/top_level.txt
[6.618s] reading manifest file '../../build/sabertooth/sabertooth.egg-info/SOURCES.txt'
[6.626s] writing manifest file '../../build/sabertooth/sabertooth.egg-info/SOURCES.txt'
[6.627s] running build
[6.628s] running build_py
[6.630s] running install
[6.636s] running install_lib
[6.647s] running install_data
[6.650s] running install_egg_info
[6.663s] removing '/home/ubuntu/scootbot/install/sabertooth/lib/python3.8/site-packages/sabertooth-0.0.0-py3.8.egg-info' (and everything under it)
[6.666s] Copying ../../build/sabertooth/sabertooth.egg-info to /home/ubuntu/scootbot/install/sabertooth/lib/python3.8/site-packages/sabertooth-0.0.0-py3.8.egg-info
[6.675s] running install_scripts
[6.808s] writing list of installed files to '/home/ubuntu/scootbot/build/sabertooth/install.log'
[6.996s] Invoked command in '/home/ubuntu/scootbot/src/sabertooth' returned '0': PYTHONPATH=/home/ubuntu/scootbot/install/sabertooth/lib/python3.8/site-packages:${PYTHONPATH} /usr/bin/python3 setup.py egg_info --egg-base ../../build/sabertooth build --build-base /home/ubuntu/scootbot/build/sabertooth/build install --prefix /home/ubuntu/scootbot/install/sabertooth --record /home/ubuntu/scootbot/build/sabertooth/install.log --single-version-externally-managed
