/home/teknetik/.local/lib/python3.10/site-packages/setuptools/dist.py:771: UserWarning: Usage of dash-separated 'script-dir' will not be supported in future versions. Please use the underscore name 'script_dir' instead
  warnings.warn(
running develop
/home/teknetik/.local/lib/python3.10/site-packages/setuptools/command/easy_install.py:144: EasyInstallDeprecationWarning: easy_install command is deprecated. Use build and pip and other standards-based tools.
  warnings.warn(
/home/teknetik/.local/lib/python3.10/site-packages/setuptools/command/install.py:34: SetuptoolsDeprecationWarning: setup.py install is deprecated. Use build and pip and other standards-based tools.
  warnings.warn(
running egg_info
creating sabertooth.egg-info
writing sabertooth.egg-info/PKG-INFO
writing dependency_links to sabertooth.egg-info/dependency_links.txt
writing entry points to sabertooth.egg-info/entry_points.txt
writing requirements to sabertooth.egg-info/requires.txt
writing top-level names to sabertooth.egg-info/top_level.txt
writing manifest file 'sabertooth.egg-info/SOURCES.txt'
reading manifest file 'sabertooth.egg-info/SOURCES.txt'
writing manifest file 'sabertooth.egg-info/SOURCES.txt'
running build_ext
Creating /home/ubuntu/scootbot/1.0.0/install/sabertooth/lib/python3.10/site-packages/sabertooth.egg-link (link to .)
Installing drive script to /home/ubuntu/scootbot/1.0.0/install/sabertooth/lib/sabertooth

Installed /home/ubuntu/scootbot/1.0.0/build/sabertooth
running install_data
