[5.088s] Invoking command in '/home/ubuntu/scootbot/build/sabertooth': PYTHONPATH=/home/ubuntu/scootbot/install/sabertooth/lib/python3.8/site-packages:${PYTHONPATH} /usr/bin/python3 setup.py develop --prefix /home/ubuntu/scootbot/install/sabertooth --uninstall --editable --build-directory /home/ubuntu/scootbot/build/sabertooth/build
[7.077s] running develop
[8.437s] Invoked command in '/home/ubuntu/scootbot/build/sabertooth' returned '0': PYTHONPATH=/home/ubuntu/scootbot/install/sabertooth/lib/python3.8/site-packages:${PYTHONPATH} /usr/bin/python3 setup.py develop --prefix /home/ubuntu/scootbot/install/sabertooth --uninstall --editable --build-directory /home/ubuntu/scootbot/build/sabertooth/build
[8.453s] Invoking command in '/home/ubuntu/scootbot/src/sabertooth': PYTHONPATH=/home/ubuntu/scootbot/install/sabertooth/lib/python3.8/site-packages:${PYTHONPATH} /usr/bin/python3 setup.py egg_info --egg-base ../../build/sabertooth build --build-base /home/ubuntu/scootbot/build/sabertooth/build install --prefix /home/ubuntu/scootbot/install/sabertooth --record /home/ubuntu/scootbot/build/sabertooth/install.log --single-version-externally-managed
[10.287s] running egg_info
[10.291s] writing ../../build/sabertooth/sabertooth.egg-info/PKG-INFO
[10.293s] writing dependency_links to ../../build/sabertooth/sabertooth.egg-info/dependency_links.txt
[10.297s] writing entry points to ../../build/sabertooth/sabertooth.egg-info/entry_points.txt
[10.299s] writing requirements to ../../build/sabertooth/sabertooth.egg-info/requires.txt
[10.301s] writing top-level names to ../../build/sabertooth/sabertooth.egg-info/top_level.txt
[10.618s] reading manifest file '../../build/sabertooth/sabertooth.egg-info/SOURCES.txt'
[10.627s] writing manifest file '../../build/sabertooth/sabertooth.egg-info/SOURCES.txt'
[10.628s] running build
[10.630s] running build_py
[10.631s] copying sabertooth/drive.py -> /home/ubuntu/scootbot/build/sabertooth/build/lib/sabertooth
[10.633s] running install
[10.639s] running install_lib
[10.647s] copying /home/ubuntu/scootbot/build/sabertooth/build/lib/sabertooth/drive.py -> /home/ubuntu/scootbot/install/sabertooth/lib/python3.8/site-packages/sabertooth
[10.651s] byte-compiling /home/ubuntu/scootbot/install/sabertooth/lib/python3.8/site-packages/sabertooth/drive.py to drive.cpython-38.pyc
[10.664s] running install_data
[10.668s] running install_egg_info
[10.680s] removing '/home/ubuntu/scootbot/install/sabertooth/lib/python3.8/site-packages/sabertooth-0.0.0-py3.8.egg-info' (and everything under it)
[10.683s] Copying ../../build/sabertooth/sabertooth.egg-info to /home/ubuntu/scootbot/install/sabertooth/lib/python3.8/site-packages/sabertooth-0.0.0-py3.8.egg-info
[10.694s] running install_scripts
[10.828s] Installing drive script to /home/ubuntu/scootbot/install/sabertooth/lib/sabertooth
[10.831s] writing list of installed files to '/home/ubuntu/scootbot/build/sabertooth/install.log'
[11.032s] Invoked command in '/home/ubuntu/scootbot/src/sabertooth' returned '0': PYTHONPATH=/home/ubuntu/scootbot/install/sabertooth/lib/python3.8/site-packages:${PYTHONPATH} /usr/bin/python3 setup.py egg_info --egg-base ../../build/sabertooth build --build-base /home/ubuntu/scootbot/build/sabertooth/build install --prefix /home/ubuntu/scootbot/install/sabertooth --record /home/ubuntu/scootbot/build/sabertooth/install.log --single-version-externally-managed
