[0.057s] Invoking command in '/home/ubuntu/scootbot/3.0.0/build/rplidar_ros': CMAKE_PREFIX_PATH=${CMAKE_PREFIX_PATH}:/opt/ros/humble /usr/bin/cmake /home/ubuntu/scootbot/3.0.0/src/rplidar_ros2 -DAMENT_CMAKE_SYMLINK_INSTALL=1 -DCMAKE_INSTALL_PREFIX=/home/ubuntu/scootbot/3.0.0/install/rplidar_ros
[0.095s] -- Found ament_cmake_auto: 1.3.3 (/opt/ros/humble/share/ament_cmake_auto/cmake)
[0.614s] -- Override CMake install command with custom implementation using symlinks instead of copying resources
[0.642s] -- Found ament_cmake_ros: 0.10.0 (/opt/ros/humble/share/ament_cmake_ros/cmake)
[0.991s] -- Found rosidl_generator_c: 3.1.4 (/opt/ros/humble/share/rosidl_generator_c/cmake)
[1.003s] -- Found rosidl_adapter: 3.1.4 (/opt/ros/humble/share/rosidl_adapter/cmake)
[1.027s] -- Found rosidl_generator_cpp: 3.1.4 (/opt/ros/humble/share/rosidl_generator_cpp/cmake)
[1.078s] -- Using all available rosidl_typesupport_c: rosidl_typesupport_fastrtps_c;rosidl_typesupport_introspection_c
[1.159s] -- Using all available rosidl_typesupport_cpp: rosidl_typesupport_fastrtps_cpp;rosidl_typesupport_introspection_cpp
[1.536s] -- Found rmw_implementation_cmake: 6.1.1 (/opt/ros/humble/share/rmw_implementation_cmake/cmake)
[1.542s] -- Found rmw_fastrtps_cpp: 6.2.2 (/opt/ros/humble/share/rmw_fastrtps_cpp/cmake)
[1.987s] -- Using RMW implementation 'rmw_fastrtps_cpp' as default
[3.681s] -- Configuring done
[3.740s] -- Generating done
[3.748s] -- Build files have been written to: /home/ubuntu/scootbot/3.0.0/build/rplidar_ros
[3.770s] Invoked command in '/home/ubuntu/scootbot/3.0.0/build/rplidar_ros' returned '0': CMAKE_PREFIX_PATH=${CMAKE_PREFIX_PATH}:/opt/ros/humble /usr/bin/cmake /home/ubuntu/scootbot/3.0.0/src/rplidar_ros2 -DAMENT_CMAKE_SYMLINK_INSTALL=1 -DCMAKE_INSTALL_PREFIX=/home/ubuntu/scootbot/3.0.0/install/rplidar_ros
[3.771s] Invoking command in '/home/ubuntu/scootbot/3.0.0/build/rplidar_ros': CMAKE_PREFIX_PATH=${CMAKE_PREFIX_PATH}:/opt/ros/humble /usr/bin/cmake --build /home/ubuntu/scootbot/3.0.0/build/rplidar_ros -- -j4 -l4
[3.886s] [35m[1mConsolidate compiler generated dependencies of target rplidar_composition_node[0m
[3.963s] [ 11%] [32m[1mLinking CXX shared library librplidar_composition_node.so[0m
[4.879s] [ 77%] Built target rplidar_composition_node
[4.909s] [35m[1mConsolidate compiler generated dependencies of target rplidar_composition[0m
[4.964s] [ 88%] [32m[1mLinking CXX executable rplidar_composition[0m
[5.713s] [100%] Built target rplidar_composition
[5.769s] Invoked command in '/home/ubuntu/scootbot/3.0.0/build/rplidar_ros' returned '0': CMAKE_PREFIX_PATH=${CMAKE_PREFIX_PATH}:/opt/ros/humble /usr/bin/cmake --build /home/ubuntu/scootbot/3.0.0/build/rplidar_ros -- -j4 -l4
[6.276s] Invoking command in '/home/ubuntu/scootbot/3.0.0/build/rplidar_ros': CMAKE_PREFIX_PATH=${CMAKE_PREFIX_PATH}:/opt/ros/humble /usr/bin/cmake --install /home/ubuntu/scootbot/3.0.0/build/rplidar_ros
[6.311s] -- Install configuration: ""
[6.313s] -- Execute custom install script
[6.314s] -- Symlinking: /home/ubuntu/scootbot/3.0.0/install/rplidar_ros/lib/rplidar_ros/rplidar_composition
[6.365s] -- Symlinking: /home/ubuntu/scootbot/3.0.0/install/rplidar_ros/share/rplidar_ros/launch/rplidar.launch.py
[6.406s] -- Symlinking: /home/ubuntu/scootbot/3.0.0/install/rplidar_ros/share/rplidar_ros/launch/rplidar_a3.launch.py
[6.458s] -- Symlinking: /home/ubuntu/scootbot/3.0.0/install/rplidar_ros/share/rplidar_ros/launch/rplidar_s1.launch.py
[6.505s] -- Symlinking: /home/ubuntu/scootbot/3.0.0/install/rplidar_ros/share/rplidar_ros/launch/rplidar_s1_tcp.launch.py
[6.552s] -- Symlinking: /home/ubuntu/scootbot/3.0.0/install/rplidar_ros/share/rplidar_ros/launch/test_rplidar_a3.launch.py
[6.599s] -- Symlinking: /home/ubuntu/scootbot/3.0.0/install/rplidar_ros/share/rplidar_ros/launch/view_rplidar.launch.py
[6.643s] -- Symlinking: /home/ubuntu/scootbot/3.0.0/install/rplidar_ros/share/rplidar_ros/launch/view_rplidar_a3.launch.py
[6.695s] -- Symlinking: /home/ubuntu/scootbot/3.0.0/install/rplidar_ros/share/rplidar_ros/launch/view_rplidar_s1.launch.py
[6.741s] -- Symlinking: /home/ubuntu/scootbot/3.0.0/install/rplidar_ros/share/rplidar_ros/launch/view_rplidar_s1_tcp.launch.py
[6.789s] -- Symlinking: /home/ubuntu/scootbot/3.0.0/install/rplidar_ros/share/rplidar_ros/rviz/rplidar.rviz
[6.835s] -- Symlinking: /home/ubuntu/scootbot/3.0.0/install/rplidar_ros/lib/librplidar_composition_node.so
[6.887s] -- Symlinking: /home/ubuntu/scootbot/3.0.0/install/rplidar_ros/include/rplidar_node.hpp
[6.954s] -- Symlinking: /home/ubuntu/scootbot/3.0.0/install/rplidar_ros/include/visibility.h
[6.994s] -- Up-to-date symlink: /home/ubuntu/scootbot/3.0.0/install/rplidar_ros/lib/rplidar_ros/rplidar_composition
[6.995s] -- Symlinking: /home/ubuntu/scootbot/3.0.0/install/rplidar_ros/share/ament_index/resource_index/package_run_dependencies/rplidar_ros
[7.039s] -- Symlinking: /home/ubuntu/scootbot/3.0.0/install/rplidar_ros/share/ament_index/resource_index/parent_prefix_path/rplidar_ros
[7.071s] -- Symlinking: /home/ubuntu/scootbot/3.0.0/install/rplidar_ros/share/rplidar_ros/environment/ament_prefix_path.sh
[7.101s] -- Symlinking: /home/ubuntu/scootbot/3.0.0/install/rplidar_ros/share/rplidar_ros/environment/ament_prefix_path.dsv
[7.126s] -- Symlinking: /home/ubuntu/scootbot/3.0.0/install/rplidar_ros/share/rplidar_ros/environment/path.sh
[7.151s] -- Symlinking: /home/ubuntu/scootbot/3.0.0/install/rplidar_ros/share/rplidar_ros/environment/path.dsv
[7.175s] -- Symlinking: /home/ubuntu/scootbot/3.0.0/install/rplidar_ros/share/rplidar_ros/local_setup.bash
[7.201s] -- Symlinking: /home/ubuntu/scootbot/3.0.0/install/rplidar_ros/share/rplidar_ros/local_setup.sh
[7.222s] -- Symlinking: /home/ubuntu/scootbot/3.0.0/install/rplidar_ros/share/rplidar_ros/local_setup.zsh
[7.245s] -- Symlinking: /home/ubuntu/scootbot/3.0.0/install/rplidar_ros/share/rplidar_ros/local_setup.dsv
[7.270s] -- Symlinking: /home/ubuntu/scootbot/3.0.0/install/rplidar_ros/share/rplidar_ros/package.dsv
[7.290s] -- Symlinking: /home/ubuntu/scootbot/3.0.0/install/rplidar_ros/share/ament_index/resource_index/packages/rplidar_ros
[7.312s] -- Symlinking: /home/ubuntu/scootbot/3.0.0/install/rplidar_ros/share/ament_index/resource_index/rclcpp_components/rplidar_ros
[7.334s] -- Symlinking: /home/ubuntu/scootbot/3.0.0/install/rplidar_ros/share/rplidar_ros/cmake/ament_cmake_export_dependencies-extras.cmake
[7.357s] -- Symlinking: /home/ubuntu/scootbot/3.0.0/install/rplidar_ros/share/rplidar_ros/cmake/ament_cmake_export_include_directories-extras.cmake
[7.381s] -- Symlinking: /home/ubuntu/scootbot/3.0.0/install/rplidar_ros/share/rplidar_ros/cmake/rplidar_rosConfig.cmake
[7.404s] -- Symlinking: /home/ubuntu/scootbot/3.0.0/install/rplidar_ros/share/rplidar_ros/cmake/rplidar_rosConfig-version.cmake
[7.425s] -- Symlinking: /home/ubuntu/scootbot/3.0.0/install/rplidar_ros/share/rplidar_ros/package.xml
[7.458s] Invoked command in '/home/ubuntu/scootbot/3.0.0/build/rplidar_ros' returned '0': CMAKE_PREFIX_PATH=${CMAKE_PREFIX_PATH}:/opt/ros/humble /usr/bin/cmake --install /home/ubuntu/scootbot/3.0.0/build/rplidar_ros
