[0.103s] Invoking command in '/home/ubuntu/scootbot/build/serial': CMAKE_PREFIX_PATH=/home/ubuntu/scootbot/3.0.0/install/twist_mux:/home/ubuntu/scootbot/3.0.0/install/diffdrive_arduino:/opt/ros/humble:/home/ubuntu/scootbot/3.0.0/install/serial:/home/ubuntu/scootbot/3.0.0/install/scootbot:/home/ubuntu/scootbot/3.0.0/install/rplidar_ros /usr/bin/cmake --build /home/ubuntu/scootbot/build/serial -- -j4 -l4
[1.678s] [ 14%] Built target gtest_main
[1.679s] [ 42%] Built target serial
[1.682s] [ 57%] Built target gtest
[1.682s] [ 71%] Built target serial_example
[1.683s] [100%] Built target serial-test
[1.683s] [100%] Built target serial-test-timer
[1.691s] Invoked command in '/home/ubuntu/scootbot/build/serial' returned '0': CMAKE_PREFIX_PATH=/home/ubuntu/scootbot/3.0.0/install/twist_mux:/home/ubuntu/scootbot/3.0.0/install/diffdrive_arduino:/opt/ros/humble:/home/ubuntu/scootbot/3.0.0/install/serial:/home/ubuntu/scootbot/3.0.0/install/scootbot:/home/ubuntu/scootbot/3.0.0/install/rplidar_ros /usr/bin/cmake --build /home/ubuntu/scootbot/build/serial -- -j4 -l4
[1.974s] Invoking command in '/home/ubuntu/scootbot/build/serial': CMAKE_PREFIX_PATH=/home/ubuntu/scootbot/3.0.0/install/twist_mux:/home/ubuntu/scootbot/3.0.0/install/diffdrive_arduino:/opt/ros/humble:/home/ubuntu/scootbot/3.0.0/install/serial:/home/ubuntu/scootbot/3.0.0/install/scootbot:/home/ubuntu/scootbot/3.0.0/install/rplidar_ros /usr/bin/cmake --install /home/ubuntu/scootbot/build/serial
[2.009s] -- Install configuration: ""
[2.010s] -- Up-to-date: /home/ubuntu/scootbot/install/serial/lib/libserial.a
[2.011s] -- Up-to-date: /home/ubuntu/scootbot/install/serial/include/serial/serial.h
[2.011s] -- Up-to-date: /home/ubuntu/scootbot/install/serial/include/serial/v8stdint.h
[2.012s] -- Up-to-date: /home/ubuntu/scootbot/install/serial/share/serial/environment/library_path.sh
[2.013s] -- Up-to-date: /home/ubuntu/scootbot/install/serial/share/serial/environment/library_path.dsv
[2.014s] -- Up-to-date: /home/ubuntu/scootbot/install/serial/share/ament_index/resource_index/package_run_dependencies/serial
[2.015s] -- Up-to-date: /home/ubuntu/scootbot/install/serial/share/ament_index/resource_index/parent_prefix_path/serial
[2.015s] -- Up-to-date: /home/ubuntu/scootbot/install/serial/share/serial/environment/ament_prefix_path.sh
[2.016s] -- Up-to-date: /home/ubuntu/scootbot/install/serial/share/serial/environment/ament_prefix_path.dsv
[2.017s] -- Up-to-date: /home/ubuntu/scootbot/install/serial/share/serial/environment/path.sh
[2.018s] -- Up-to-date: /home/ubuntu/scootbot/install/serial/share/serial/environment/path.dsv
[2.018s] -- Up-to-date: /home/ubuntu/scootbot/install/serial/share/serial/local_setup.bash
[2.019s] -- Up-to-date: /home/ubuntu/scootbot/install/serial/share/serial/local_setup.sh
[2.020s] -- Up-to-date: /home/ubuntu/scootbot/install/serial/share/serial/local_setup.zsh
[2.022s] -- Up-to-date: /home/ubuntu/scootbot/install/serial/share/serial/local_setup.dsv
[2.023s] -- Installing: /home/ubuntu/scootbot/install/serial/share/serial/package.dsv
[2.024s] -- Up-to-date: /home/ubuntu/scootbot/install/serial/share/ament_index/resource_index/packages/serial
[2.025s] -- Up-to-date: /home/ubuntu/scootbot/install/serial/share/serial/cmake/ament_cmake_export_include_directories-extras.cmake
[2.026s] -- Up-to-date: /home/ubuntu/scootbot/install/serial/share/serial/cmake/ament_cmake_export_libraries-extras.cmake
[2.027s] -- Up-to-date: /home/ubuntu/scootbot/install/serial/share/serial/cmake/serialConfig.cmake
[2.027s] -- Up-to-date: /home/ubuntu/scootbot/install/serial/share/serial/cmake/serialConfig-version.cmake
[2.028s] -- Up-to-date: /home/ubuntu/scootbot/install/serial/share/serial/package.xml
[2.041s] Invoked command in '/home/ubuntu/scootbot/build/serial' returned '0': CMAKE_PREFIX_PATH=/home/ubuntu/scootbot/3.0.0/install/twist_mux:/home/ubuntu/scootbot/3.0.0/install/diffdrive_arduino:/opt/ros/humble:/home/ubuntu/scootbot/3.0.0/install/serial:/home/ubuntu/scootbot/3.0.0/install/scootbot:/home/ubuntu/scootbot/3.0.0/install/rplidar_ros /usr/bin/cmake --install /home/ubuntu/scootbot/build/serial
