[0.657s] Invoking command in '/home/ubuntu/scootbot/build/differential_drive': PYTHONPATH=/home/ubuntu/scootbot/install/differential_drive/lib/python3.10/site-packages:${PYTHONPATH} /usr/bin/python3 setup.py develop --prefix /home/ubuntu/scootbot/install/differential_drive --editable --build-directory /home/ubuntu/scootbot/build/differential_drive/build --no-deps install_data --install-dir /home/ubuntu/scootbot/install/differential_drive
[0.823s] /usr/lib/python3/dist-packages/setuptools/dist.py:723: UserWarning: Usage of dash-separated 'script-dir' will not be supported in future versions. Please use the underscore name 'script_dir' instead
[0.823s]   warnings.warn(
[0.823s] /usr/lib/python3/dist-packages/setuptools/dist.py:723: UserWarning: Usage of dash-separated 'install-scripts' will not be supported in future versions. Please use the underscore name 'install_scripts' instead
[0.823s]   warnings.warn(
[0.842s] running develop
[0.842s] /usr/lib/python3/dist-packages/setuptools/command/easy_install.py:158: EasyInstallDeprecationWarning: easy_install command is deprecated. Use build and pip and other standards-based tools.
[0.843s]   warnings.warn(
[0.843s] /usr/lib/python3/dist-packages/setuptools/command/install.py:34: SetuptoolsDeprecationWarning: setup.py install is deprecated. Use build and pip and other standards-based tools.
[0.843s]   warnings.warn(
[0.885s] /usr/lib/python3/dist-packages/pkg_resources/__init__.py:116: PkgResourcesDeprecationWarning: 0.1.43ubuntu1 is an invalid version and will not be supported in a future release
[0.885s]   warnings.warn(
[0.885s] /usr/lib/python3/dist-packages/pkg_resources/__init__.py:116: PkgResourcesDeprecationWarning: 1.1build1 is an invalid version and will not be supported in a future release
[0.885s]   warnings.warn(
[0.962s] running egg_info
[0.963s] writing src/differential_drive.egg-info/PKG-INFO
[0.963s] writing dependency_links to src/differential_drive.egg-info/dependency_links.txt
[0.963s] writing entry points to src/differential_drive.egg-info/entry_points.txt
[0.963s] writing requirements to src/differential_drive.egg-info/requires.txt
[0.963s] writing top-level names to src/differential_drive.egg-info/top_level.txt
[0.964s] reading manifest file 'src/differential_drive.egg-info/SOURCES.txt'
[0.965s] writing manifest file 'src/differential_drive.egg-info/SOURCES.txt'
[0.966s] running build_ext
[0.966s] Creating /home/ubuntu/scootbot/install/differential_drive/lib/python3.10/site-packages/differential-drive.egg-link (link to src)
[0.967s] Installing diff_tf script to /home/ubuntu/scootbot/install/differential_drive/lib/differential_drive
[0.967s] Installing phidgets_encoder script to /home/ubuntu/scootbot/install/differential_drive/lib/differential_drive
[0.967s] Installing pid script to /home/ubuntu/scootbot/install/differential_drive/lib/differential_drive
[0.967s] Installing pid_velocity script to /home/ubuntu/scootbot/install/differential_drive/lib/differential_drive
[0.967s] Installing twist_to_motors script to /home/ubuntu/scootbot/install/differential_drive/lib/differential_drive
[0.967s] Installing virtual_joystick script to /home/ubuntu/scootbot/install/differential_drive/lib/differential_drive
[0.967s] Installing wheel_loopback script to /home/ubuntu/scootbot/install/differential_drive/lib/differential_drive
[0.967s] Installing wheel_scaler script to /home/ubuntu/scootbot/install/differential_drive/lib/differential_drive
[0.967s] 
[0.968s] Installed /home/ubuntu/scootbot/build/differential_drive/src
[0.968s] running install_data
[0.987s] Invoked command in '/home/ubuntu/scootbot/build/differential_drive' returned '0': PYTHONPATH=/home/ubuntu/scootbot/install/differential_drive/lib/python3.10/site-packages:${PYTHONPATH} /usr/bin/python3 setup.py develop --prefix /home/ubuntu/scootbot/install/differential_drive --editable --build-directory /home/ubuntu/scootbot/build/differential_drive/build --no-deps install_data --install-dir /home/ubuntu/scootbot/install/differential_drive
