[7.907s] Invoking command in '/home/ubuntu/scootbot/build/sabertooth': PYTHONPATH=/home/ubuntu/scootbot/install/sabertooth/lib/python3.8/site-packages:${PYTHONPATH} /usr/bin/python3 setup.py develop --prefix /home/ubuntu/scootbot/install/sabertooth --uninstall --editable --build-directory /home/ubuntu/scootbot/build/sabertooth/build
[10.303s] running develop
[12.099s] Invoked command in '/home/ubuntu/scootbot/build/sabertooth' returned '0': PYTHONPATH=/home/ubuntu/scootbot/install/sabertooth/lib/python3.8/site-packages:${PYTHONPATH} /usr/bin/python3 setup.py develop --prefix /home/ubuntu/scootbot/install/sabertooth --uninstall --editable --build-directory /home/ubuntu/scootbot/build/sabertooth/build
[12.116s] Invoking command in '/home/ubuntu/scootbot/src/sabertooth': PYTHONPATH=/home/ubuntu/scootbot/install/sabertooth/lib/python3.8/site-packages:${PYTHONPATH} /usr/bin/python3 setup.py egg_info --egg-base ../../build/sabertooth build --build-base /home/ubuntu/scootbot/build/sabertooth/build install --prefix /home/ubuntu/scootbot/install/sabertooth --record /home/ubuntu/scootbot/build/sabertooth/install.log --single-version-externally-managed
[14.339s] running egg_info
[14.347s] writing ../../build/sabertooth/sabertooth.egg-info/PKG-INFO
[14.350s] writing dependency_links to ../../build/sabertooth/sabertooth.egg-info/dependency_links.txt
[14.354s] writing entry points to ../../build/sabertooth/sabertooth.egg-info/entry_points.txt
[14.357s] writing requirements to ../../build/sabertooth/sabertooth.egg-info/requires.txt
[14.359s] writing top-level names to ../../build/sabertooth/sabertooth.egg-info/top_level.txt
[14.704s] reading manifest file '../../build/sabertooth/sabertooth.egg-info/SOURCES.txt'
[14.712s] writing manifest file '../../build/sabertooth/sabertooth.egg-info/SOURCES.txt'
[14.722s] running build
[14.724s] running build_py
[14.725s] running install
[14.729s] running install_lib
[14.739s] running install_data
[14.745s] running install_egg_info
[14.761s] removing '/home/ubuntu/scootbot/install/sabertooth/lib/python3.8/site-packages/sabertooth-0.0.0-py3.8.egg-info' (and everything under it)
[14.779s] Copying ../../build/sabertooth/sabertooth.egg-info to /home/ubuntu/scootbot/install/sabertooth/lib/python3.8/site-packages/sabertooth-0.0.0-py3.8.egg-info
[14.782s] running install_scripts
[14.948s] Installing drive script to /home/ubuntu/scootbot/install/sabertooth/lib/sabertooth
[14.952s] writing list of installed files to '/home/ubuntu/scootbot/build/sabertooth/install.log'
[15.296s] Invoked command in '/home/ubuntu/scootbot/src/sabertooth' returned '0': PYTHONPATH=/home/ubuntu/scootbot/install/sabertooth/lib/python3.8/site-packages:${PYTHONPATH} /usr/bin/python3 setup.py egg_info --egg-base ../../build/sabertooth build --build-base /home/ubuntu/scootbot/build/sabertooth/build install --prefix /home/ubuntu/scootbot/install/sabertooth --record /home/ubuntu/scootbot/build/sabertooth/install.log --single-version-externally-managed
