[0.053s] Invoking command in '/home/ubuntu/scootbot/3.0.0/build/serial': CMAKE_PREFIX_PATH=/opt/ros/humble /usr/bin/cmake --build /home/ubuntu/scootbot/3.0.0/build/serial -- -j4 -l4
[0.209s] [ 28%] Built target serial
[0.220s] [ 42%] Built target gtest
[0.232s] [ 57%] Built target gtest_main
[0.290s] [ 71%] Built target serial_example
[0.298s] [ 85%] Built target serial-test-timer
[0.315s] [100%] Built target serial-test
[0.345s] Invoked command in '/home/ubuntu/scootbot/3.0.0/build/serial' returned '0': CMAKE_PREFIX_PATH=/opt/ros/humble /usr/bin/cmake --build /home/ubuntu/scootbot/3.0.0/build/serial -- -j4 -l4
[0.529s] Invoking command in '/home/ubuntu/scootbot/3.0.0/build/serial': CMAKE_PREFIX_PATH=/opt/ros/humble /usr/bin/cmake --install /home/ubuntu/scootbot/3.0.0/build/serial
[0.633s] -- Install configuration: ""
[0.637s] -- Execute custom install script
[0.637s] -- Up-to-date symlink: /home/ubuntu/scootbot/3.0.0/install/serial/lib/libserial.a
[0.640s] -- Up-to-date symlink: /home/ubuntu/scootbot/3.0.0/install/serial/include/serial/serial.h
[0.640s] -- Up-to-date symlink: /home/ubuntu/scootbot/3.0.0/install/serial/include/serial/v8stdint.h
[0.640s] -- Up-to-date symlink: /home/ubuntu/scootbot/3.0.0/install/serial/share/serial/environment/library_path.sh
[0.641s] -- Up-to-date symlink: /home/ubuntu/scootbot/3.0.0/install/serial/share/serial/environment/library_path.dsv
[0.641s] -- Up-to-date symlink: /home/ubuntu/scootbot/3.0.0/install/serial/share/ament_index/resource_index/package_run_dependencies/serial
[0.641s] -- Up-to-date symlink: /home/ubuntu/scootbot/3.0.0/install/serial/share/ament_index/resource_index/parent_prefix_path/serial
[0.642s] -- Up-to-date symlink: /home/ubuntu/scootbot/3.0.0/install/serial/share/serial/environment/ament_prefix_path.sh
[0.642s] -- Up-to-date symlink: /home/ubuntu/scootbot/3.0.0/install/serial/share/serial/environment/ament_prefix_path.dsv
[0.643s] -- Up-to-date symlink: /home/ubuntu/scootbot/3.0.0/install/serial/share/serial/environment/path.sh
[0.643s] -- Up-to-date symlink: /home/ubuntu/scootbot/3.0.0/install/serial/share/serial/environment/path.dsv
[0.644s] -- Up-to-date symlink: /home/ubuntu/scootbot/3.0.0/install/serial/share/serial/local_setup.bash
[0.644s] -- Up-to-date symlink: /home/ubuntu/scootbot/3.0.0/install/serial/share/serial/local_setup.sh
[0.651s] -- Up-to-date symlink: /home/ubuntu/scootbot/3.0.0/install/serial/share/serial/local_setup.zsh
[0.653s] -- Up-to-date symlink: /home/ubuntu/scootbot/3.0.0/install/serial/share/serial/local_setup.dsv
[0.654s] -- Symlinking: /home/ubuntu/scootbot/3.0.0/install/serial/share/serial/package.dsv
[0.695s] -- Up-to-date symlink: /home/ubuntu/scootbot/3.0.0/install/serial/share/ament_index/resource_index/packages/serial
[0.696s] -- Up-to-date symlink: /home/ubuntu/scootbot/3.0.0/install/serial/share/serial/cmake/ament_cmake_export_include_directories-extras.cmake
[0.706s] -- Up-to-date symlink: /home/ubuntu/scootbot/3.0.0/install/serial/share/serial/cmake/ament_cmake_export_libraries-extras.cmake
[0.708s] -- Up-to-date symlink: /home/ubuntu/scootbot/3.0.0/install/serial/share/serial/cmake/serialConfig.cmake
[0.710s] -- Up-to-date symlink: /home/ubuntu/scootbot/3.0.0/install/serial/share/serial/cmake/serialConfig-version.cmake
[0.714s] -- Up-to-date symlink: /home/ubuntu/scootbot/3.0.0/install/serial/share/serial/package.xml
[0.751s] Invoked command in '/home/ubuntu/scootbot/3.0.0/build/serial' returned '0': CMAKE_PREFIX_PATH=/opt/ros/humble /usr/bin/cmake --install /home/ubuntu/scootbot/3.0.0/build/serial
