[0.071s] Invoking command in '/home/ubuntu/scootbot/3.0.0/build/diffdrive_arduino': CMAKE_PREFIX_PATH=/opt/ros/humble:/home/ubuntu/scootbot/3.0.0/install/serial:/home/ubuntu/scootbot/3.0.0/install/twist_mux:/home/ubuntu/scootbot/3.0.0/install/diffdrive_arduino:/home/ubuntu/scootbot/3.0.0/install/scootbot:/home/ubuntu/scootbot/3.0.0/install/rplidar_ros /usr/bin/cmake --build /home/ubuntu/scootbot/3.0.0/build/diffdrive_arduino -- -j4 -l4
[0.159s] [35m[1mConsolidate compiler generated dependencies of target fake_robot[0m
[0.175s] [35m[1mConsolidate compiler generated dependencies of target diffdrive_arduino[0m
[0.198s] [ 14%] [32mBuilding CXX object CMakeFiles/fake_robot.dir/src/fake_robot.cpp.o[0m
[0.245s] [ 28%] [32mBuilding CXX object CMakeFiles/diffdrive_arduino.dir/src/diffdrive_arduino.cpp.o[0m
[6.993s] In file included from [01m[K/home/ubuntu/scootbot/3.0.0/src/diffdrive_arduino/src/fake_robot.cpp:1[m[K:
[6.994s] [01m[K/home/ubuntu/scootbot/3.0.0/src/diffdrive_arduino/include/diffdrive_arduino/fake_robot.h:18:59:[m[K [01;31m[Kerror: [m[Kexpected template-name before ‘[01m[K<[m[K’ token
[6.994s]    18 | class FakeRobot : public hardware_interface::BaseInterface[01;31m[K<[m[Khardware_interface::SystemInterface>
[6.995s]       |                                                           [01;31m[K^[m[K
[6.995s] [01m[K/home/ubuntu/scootbot/3.0.0/src/diffdrive_arduino/include/diffdrive_arduino/fake_robot.h:18:59:[m[K [01;31m[Kerror: [m[Kexpected ‘[01m[K{[m[K’ before ‘[01m[K<[m[K’ token
[6.995s] [01m[K/home/ubuntu/scootbot/3.0.0/src/diffdrive_arduino/include/diffdrive_arduino/fake_robot.h:18:59:[m[K [01;31m[Kerror: [m[Kexpected unqualified-id before ‘[01m[K<[m[K’ token
[6.996s] [01m[K/home/ubuntu/scootbot/3.0.0/src/diffdrive_arduino/src/fake_robot.cpp:7:22:[m[K [01;31m[Kerror: [m[Kinvalid use of incomplete type ‘[01m[Kclass FakeRobot[m[K’
[6.996s]     7 | FakeRobot::FakeRobot([01;31m[K)[m[K
[6.996s]       |                      [01;31m[K^[m[K
[6.997s] In file included from [01m[K/home/ubuntu/scootbot/3.0.0/src/diffdrive_arduino/src/fake_robot.cpp:1[m[K:
[6.997s] [01m[K/home/ubuntu/scootbot/3.0.0/src/diffdrive_arduino/include/diffdrive_arduino/fake_robot.h:18:7:[m[K [01;36m[Knote: [m[Kforward declaration of ‘[01m[Kclass FakeRobot[m[K’
[6.997s]    18 | class [01;36m[KFakeRobot[m[K : public hardware_interface::BaseInterface<hardware_interface::SystemInterface>
[6.998s]       |       [01;36m[K^~~~~~~~~[m[K
[6.998s] [01m[K/home/ubuntu/scootbot/3.0.0/src/diffdrive_arduino/src/fake_robot.cpp:13:79:[m[K [01;31m[Kerror: [m[Kinvalid use of incomplete type ‘[01m[Kclass FakeRobot[m[K’
[6.998s]    13 | return_type FakeRobot::configure(const hardware_interface::HardwareInfo & info[01;31m[K)[m[K
[6.998s]       |                                                                               [01;31m[K^[m[K
[6.999s] In file included from [01m[K/home/ubuntu/scootbot/3.0.0/src/diffdrive_arduino/src/fake_robot.cpp:1[m[K:
[6.999s] [01m[K/home/ubuntu/scootbot/3.0.0/src/diffdrive_arduino/include/diffdrive_arduino/fake_robot.h:18:7:[m[K [01;36m[Knote: [m[Kforward declaration of ‘[01m[Kclass FakeRobot[m[K’
[7.000s]    18 | class [01;36m[KFakeRobot[m[K : public hardware_interface::BaseInterface<hardware_interface::SystemInterface>
[7.000s]       |       [01;36m[K^~~~~~~~~[m[K
[7.000s] [01m[K/home/ubuntu/scootbot/3.0.0/src/diffdrive_arduino/src/fake_robot.cpp:40:84:[m[K [01;31m[Kerror: [m[Kinvalid use of incomplete type ‘[01m[Kclass FakeRobot[m[K’
[7.001s]    40 | std::vector<hardware_interface::StateInterface> FakeRobot::export_state_interfaces([01;31m[K)[m[K
[7.001s]       |                                                                                    [01;31m[K^[m[K
[7.001s] In file included from [01m[K/home/ubuntu/scootbot/3.0.0/src/diffdrive_arduino/src/fake_robot.cpp:1[m[K:
[7.002s] [01m[K/home/ubuntu/scootbot/3.0.0/src/diffdrive_arduino/include/diffdrive_arduino/fake_robot.h:18:7:[m[K [01;36m[Knote: [m[Kforward declaration of ‘[01m[Kclass FakeRobot[m[K’
[7.002s]    18 | class [01;36m[KFakeRobot[m[K : public hardware_interface::BaseInterface<hardware_interface::SystemInterface>
[7.002s]       |       [01;36m[K^~~~~~~~~[m[K
[7.003s] [01m[K/home/ubuntu/scootbot/3.0.0/src/diffdrive_arduino/src/fake_robot.cpp:54:88:[m[K [01;31m[Kerror: [m[Kinvalid use of incomplete type ‘[01m[Kclass FakeRobot[m[K’
[7.003s]    54 | std::vector<hardware_interface::CommandInterface> FakeRobot::export_command_interfaces([01;31m[K)[m[K
[7.004s]       |                                                                                        [01;31m[K^[m[K
[7.004s] In file included from [01m[K/home/ubuntu/scootbot/3.0.0/src/diffdrive_arduino/src/fake_robot.cpp:1[m[K:
[7.005s] [01m[K/home/ubuntu/scootbot/3.0.0/src/diffdrive_arduino/include/diffdrive_arduino/fake_robot.h:18:7:[m[K [01;36m[Knote: [m[Kforward declaration of ‘[01m[Kclass FakeRobot[m[K’
[7.005s]    18 | class [01;36m[KFakeRobot[m[K : public hardware_interface::BaseInterface<hardware_interface::SystemInterface>
[7.005s]       |       [01;36m[K^~~~~~~~~[m[K
[7.006s] [01m[K/home/ubuntu/scootbot/3.0.0/src/diffdrive_arduino/src/fake_robot.cpp:67:30:[m[K [01;31m[Kerror: [m[Kinvalid use of incomplete type ‘[01m[Kclass FakeRobot[m[K’
[7.006s]    67 | return_type FakeRobot::start([01;31m[K)[m[K
[7.006s]       |                              [01;31m[K^[m[K
[7.007s] In file included from [01m[K/home/ubuntu/scootbot/3.0.0/src/diffdrive_arduino/src/fake_robot.cpp:1[m[K:
[7.007s] [01m[K/home/ubuntu/scootbot/3.0.0/src/diffdrive_arduino/include/diffdrive_arduino/fake_robot.h:18:7:[m[K [01;36m[Knote: [m[Kforward declaration of ‘[01m[Kclass FakeRobot[m[K’
[7.008s]    18 | class [01;36m[KFakeRobot[m[K : public hardware_interface::BaseInterface<hardware_interface::SystemInterface>
[7.008s]       |       [01;36m[K^~~~~~~~~[m[K
[7.008s] [01m[K/home/ubuntu/scootbot/3.0.0/src/diffdrive_arduino/src/fake_robot.cpp:75:29:[m[K [01;31m[Kerror: [m[Kinvalid use of incomplete type ‘[01m[Kclass FakeRobot[m[K’
[7.009s]    75 | return_type FakeRobot::stop([01;31m[K)[m[K
[7.009s]       |                             [01;31m[K^[m[K
[7.009s] In file included from [01m[K/home/ubuntu/scootbot/3.0.0/src/diffdrive_arduino/src/fake_robot.cpp:1[m[K:
[7.010s] [01m[K/home/ubuntu/scootbot/3.0.0/src/diffdrive_arduino/include/diffdrive_arduino/fake_robot.h:18:7:[m[K [01;36m[Knote: [m[Kforward declaration of ‘[01m[Kclass FakeRobot[m[K’
[7.010s]    18 | class [01;36m[KFakeRobot[m[K : public hardware_interface::BaseInterface<hardware_interface::SystemInterface>
[7.010s]       |       [01;36m[K^~~~~~~~~[m[K
[7.011s] [01m[K/home/ubuntu/scootbot/3.0.0/src/diffdrive_arduino/src/fake_robot.cpp:83:49:[m[K [01;31m[Kerror: [m[Kinvalid use of incomplete type ‘[01m[Kclass FakeRobot[m[K’
[7.011s]    83 | hardware_interface::return_type FakeRobot::read([01;31m[K)[m[K
[7.012s]       |                                                 [01;31m[K^[m[K
[7.012s] In file included from [01m[K/home/ubuntu/scootbot/3.0.0/src/diffdrive_arduino/src/fake_robot.cpp:1[m[K:
[7.012s] [01m[K/home/ubuntu/scootbot/3.0.0/src/diffdrive_arduino/include/diffdrive_arduino/fake_robot.h:18:7:[m[K [01;36m[Knote: [m[Kforward declaration of ‘[01m[Kclass FakeRobot[m[K’
[7.013s]    18 | class [01;36m[KFakeRobot[m[K : public hardware_interface::BaseInterface<hardware_interface::SystemInterface>
[7.013s]       |       [01;36m[K^~~~~~~~~[m[K
[7.013s] [01m[K/home/ubuntu/scootbot/3.0.0/src/diffdrive_arduino/src/fake_robot.cpp:104:50:[m[K [01;31m[Kerror: [m[Kinvalid use of incomplete type ‘[01m[Kclass FakeRobot[m[K’
[7.014s]   104 | hardware_interface::return_type FakeRobot::write([01;31m[K)[m[K
[7.014s]       |                                                  [01;31m[K^[m[K
[7.014s] In file included from [01m[K/home/ubuntu/scootbot/3.0.0/src/diffdrive_arduino/src/fake_robot.cpp:1[m[K:
[7.015s] [01m[K/home/ubuntu/scootbot/3.0.0/src/diffdrive_arduino/include/diffdrive_arduino/fake_robot.h:18:7:[m[K [01;36m[Knote: [m[Kforward declaration of ‘[01m[Kclass FakeRobot[m[K’
[7.015s]    18 | class [01;36m[KFakeRobot[m[K : public hardware_interface::BaseInterface<hardware_interface::SystemInterface>
[7.016s]       |       [01;36m[K^~~~~~~~~[m[K
[8.417s] In file included from [01m[K/opt/ros/humble/include/class_loader/class_loader/class_loader_core.hpp:57[m[K,
[8.418s]                  from [01m[K/opt/ros/humble/include/class_loader/class_loader/class_loader.hpp:55[m[K,
[8.418s]                  from [01m[K/opt/ros/humble/include/pluginlib/pluginlib/class_list_macros.hpp:40[m[K,
[8.418s]                  from [01m[K/home/ubuntu/scootbot/3.0.0/src/diffdrive_arduino/src/fake_robot.cpp:118[m[K:
[8.419s] /opt/ros/humble/include/class_loader/class_loader/meta_object.hpp: In instantiation of ‘[01m[KB* class_loader::impl::MetaObject<C, B>::create() const [with C = FakeRobot; B = hardware_interface::SystemInterface][m[K’:
[8.419s] [01m[K/opt/ros/humble/include/class_loader/class_loader/meta_object.hpp:216:7:[m[K   required from here
[8.419s] [01m[K/opt/ros/humble/include/class_loader/class_loader/meta_object.hpp:218:12:[m[K [01;31m[Kerror: [m[Kinvalid use of incomplete type ‘[01m[Kclass FakeRobot[m[K’
[8.420s]   218 |     return [01;31m[Knew C[m[K;
[8.420s]       |            [01;31m[K^~~~~[m[K
[8.420s] In file included from [01m[K/home/ubuntu/scootbot/3.0.0/src/diffdrive_arduino/src/fake_robot.cpp:1[m[K:
[8.421s] [01m[K/home/ubuntu/scootbot/3.0.0/src/diffdrive_arduino/include/diffdrive_arduino/fake_robot.h:18:7:[m[K [01;36m[Knote: [m[Kforward declaration of ‘[01m[Kclass FakeRobot[m[K’
[8.421s]    18 | class [01;36m[KFakeRobot[m[K : public hardware_interface::BaseInterface<hardware_interface::SystemInterface>
[8.421s]       |       [01;36m[K^~~~~~~~~[m[K
[8.549s] gmake[2]: *** [CMakeFiles/fake_robot.dir/build.make:76: CMakeFiles/fake_robot.dir/src/fake_robot.cpp.o] Error 1
[8.549s] gmake[1]: *** [CMakeFiles/Makefile2:165: CMakeFiles/fake_robot.dir/all] Error 2
[8.549s] gmake[1]: *** Waiting for unfinished jobs....
[9.206s] In file included from [01m[K/home/ubuntu/scootbot/3.0.0/src/diffdrive_arduino/src/diffdrive_arduino.cpp:1[m[K:
[9.206s] [01m[K/home/ubuntu/scootbot/3.0.0/src/diffdrive_arduino/include/diffdrive_arduino/diffdrive_arduino.h:28:15:[m[K [01;31m[Kerror: [m[K‘[01m[Khardware_interface::return_type DiffDriveArduino::configure(const hardware_interface::HardwareInfo&)[m[K’ marked ‘[01m[Koverride[m[K’, but does not override
[9.206s]    28 |   return_type [01;31m[Kconfigure[m[K(const hardware_interface::HardwareInfo & info) override;
[9.207s]       |               [01;31m[K^~~~~~~~~[m[K
[9.207s] [01m[K/home/ubuntu/scootbot/3.0.0/src/diffdrive_arduino/include/diffdrive_arduino/diffdrive_arduino.h:34:15:[m[K [01;31m[Kerror: [m[K‘[01m[Khardware_interface::return_type DiffDriveArduino::start()[m[K’ marked ‘[01m[Koverride[m[K’, but does not override
[9.207s]    34 |   return_type [01;31m[Kstart[m[K() override;
[9.208s]       |               [01;31m[K^~~~~[m[K
[9.208s] [01m[K/home/ubuntu/scootbot/3.0.0/src/diffdrive_arduino/include/diffdrive_arduino/diffdrive_arduino.h:36:15:[m[K [01;31m[Kerror: [m[K‘[01m[Khardware_interface::return_type DiffDriveArduino::stop()[m[K’ marked ‘[01m[Koverride[m[K’, but does not override
[9.208s]    36 |   return_type [01;31m[Kstop[m[K() override;
[9.209s]       |               [01;31m[K^~~~[m[K
[9.209s] [01m[K/home/ubuntu/scootbot/3.0.0/src/diffdrive_arduino/include/diffdrive_arduino/diffdrive_arduino.h:38:15:[m[K [01;31m[Kerror: [m[K‘[01m[Khardware_interface::return_type DiffDriveArduino::read()[m[K’ marked ‘[01m[Koverride[m[K’, but does not override
[9.209s]    38 |   return_type [01;31m[Kread[m[K() override;
[9.210s]       |               [01;31m[K^~~~[m[K
[9.210s] [01m[K/home/ubuntu/scootbot/3.0.0/src/diffdrive_arduino/include/diffdrive_arduino/diffdrive_arduino.h:40:15:[m[K [01;31m[Kerror: [m[K‘[01m[Khardware_interface::return_type DiffDriveArduino::write()[m[K’ marked ‘[01m[Koverride[m[K’, but does not override
[9.210s]    40 |   return_type [01;31m[Kwrite[m[K() override;
[9.210s]       |               [01;31m[K^~~~~[m[K
[9.233s] [01m[K/home/ubuntu/scootbot/3.0.0/src/diffdrive_arduino/src/diffdrive_arduino.cpp:[m[K In member function ‘[01m[Khardware_interface::return_type DiffDriveArduino::configure(const hardware_interface::HardwareInfo&)[m[K’:
[9.233s] [01m[K/home/ubuntu/scootbot/3.0.0/src/diffdrive_arduino/src/diffdrive_arduino.cpp:21:7:[m[K [01;31m[Kerror: [m[K‘[01m[Kconfigure_default[m[K’ was not declared in this scope
[9.233s]    21 |   if ([01;31m[Kconfigure_default[m[K(info) != return_type::OK) {
[9.234s]       |       [01;31m[K^~~~~~~~~~~~~~~~~[m[K
[9.248s] [01m[K/home/ubuntu/scootbot/3.0.0/src/diffdrive_arduino/src/diffdrive_arduino.cpp:46:3:[m[K [01;31m[Kerror: [m[K‘[01m[Kstatus_[m[K’ was not declared in this scope
[9.248s]    46 |   [01;31m[Kstatus_[m[K = hardware_interface::status::CONFIGURED;
[9.249s]       |   [01;31m[K^~~~~~~[m[K
[9.249s] [01m[K/home/ubuntu/scootbot/3.0.0/src/diffdrive_arduino/src/diffdrive_arduino.cpp:46:33:[m[K [01;31m[Kerror: [m[K‘[01m[Khardware_interface::status[m[K’ has not been declared
[9.249s]    46 |   status_ = hardware_interface::[01;31m[Kstatus[m[K::CONFIGURED;
[9.250s]       |                                 [01;31m[K^~~~~~[m[K
[9.278s] [01m[K/home/ubuntu/scootbot/3.0.0/src/diffdrive_arduino/src/diffdrive_arduino.cpp:[m[K In member function ‘[01m[Khardware_interface::return_type DiffDriveArduino::start()[m[K’:
[9.279s] [01m[K/home/ubuntu/scootbot/3.0.0/src/diffdrive_arduino/src/diffdrive_arduino.cpp:85:3:[m[K [01;31m[Kerror: [m[K‘[01m[Kstatus_[m[K’ was not declared in this scope
[9.279s]    85 |   [01;31m[Kstatus_[m[K = hardware_interface::status::STARTED;
[9.280s]       |   [01;31m[K^~~~~~~[m[K
[9.280s] [01m[K/home/ubuntu/scootbot/3.0.0/src/diffdrive_arduino/src/diffdrive_arduino.cpp:85:33:[m[K [01;31m[Kerror: [m[K‘[01m[Khardware_interface::status[m[K’ has not been declared
[9.280s]    85 |   status_ = hardware_interface::[01;31m[Kstatus[m[K::STARTED;
[9.280s]       |                                 [01;31m[K^~~~~~[m[K
[9.293s] [01m[K/home/ubuntu/scootbot/3.0.0/src/diffdrive_arduino/src/diffdrive_arduino.cpp:[m[K In member function ‘[01m[Khardware_interface::return_type DiffDriveArduino::stop()[m[K’:
[9.293s] [01m[K/home/ubuntu/scootbot/3.0.0/src/diffdrive_arduino/src/diffdrive_arduino.cpp:93:3:[m[K [01;31m[Kerror: [m[K‘[01m[Kstatus_[m[K’ was not declared in this scope
[9.293s]    93 |   [01;31m[Kstatus_[m[K = hardware_interface::status::STOPPED;
[9.294s]       |   [01;31m[K^~~~~~~[m[K
[9.294s] [01m[K/home/ubuntu/scootbot/3.0.0/src/diffdrive_arduino/src/diffdrive_arduino.cpp:93:33:[m[K [01;31m[Kerror: [m[K‘[01m[Khardware_interface::status[m[K’ has not been declared
[9.294s]    93 |   status_ = hardware_interface::[01;31m[Kstatus[m[K::STOPPED;
[9.295s]       |                                 [01;31m[K^~~~~~[m[K
[10.599s] In file included from [01m[K/opt/ros/humble/include/class_loader/class_loader/class_loader_core.hpp:57[m[K,
[10.599s]                  from [01m[K/opt/ros/humble/include/class_loader/class_loader/class_loader.hpp:55[m[K,
[10.600s]                  from [01m[K/opt/ros/humble/include/pluginlib/pluginlib/class_list_macros.hpp:40[m[K,
[10.600s]                  from [01m[K/home/ubuntu/scootbot/3.0.0/src/diffdrive_arduino/src/diffdrive_arduino.cpp:153[m[K:
[10.600s] /opt/ros/humble/include/class_loader/class_loader/meta_object.hpp: In instantiation of ‘[01m[KB* class_loader::impl::MetaObject<C, B>::create() const [with C = DiffDriveArduino; B = hardware_interface::SystemInterface][m[K’:
[10.601s] [01m[K/opt/ros/humble/include/class_loader/class_loader/meta_object.hpp:216:7:[m[K   required from here
[10.601s] [01m[K/opt/ros/humble/include/class_loader/class_loader/meta_object.hpp:218:12:[m[K [01;31m[Kerror: [m[Kinvalid new-expression of abstract class type ‘[01m[KDiffDriveArduino[m[K’
[10.601s]   218 |     return [01;31m[Knew C[m[K;
[10.601s]       |            [01;31m[K^~~~~[m[K
[10.602s] In file included from [01m[K/home/ubuntu/scootbot/3.0.0/src/diffdrive_arduino/src/diffdrive_arduino.cpp:1[m[K:
[10.603s] [01m[K/home/ubuntu/scootbot/3.0.0/src/diffdrive_arduino/include/diffdrive_arduino/diffdrive_arduino.h:21:7:[m[K [01;36m[Knote: [m[K  because the following virtual functions are pure within ‘[01m[KDiffDriveArduino[m[K’:
[10.603s]    21 | class [01;36m[KDiffDriveArduino[m[K : public hardware_interface::SystemInterface
[10.603s]       |       [01;36m[K^~~~~~~~~~~~~~~~[m[K
[10.604s] In file included from [01m[K/home/ubuntu/scootbot/3.0.0/src/diffdrive_arduino/include/diffdrive_arduino/diffdrive_arduino.h:9[m[K,
[10.604s]                  from [01m[K/home/ubuntu/scootbot/3.0.0/src/diffdrive_arduino/src/diffdrive_arduino.cpp:1[m[K:
[10.604s] [01m[K/opt/ros/humble/include/hardware_interface/system_interface.hpp:173:23:[m[K [01;36m[Knote: [m[K    ‘[01m[Kvirtual hardware_interface::return_type hardware_interface::SystemInterface::read(const rclcpp::Time&, const rclcpp::Duration&)[m[K’
[10.605s]   173 |   virtual return_type [01;36m[Kread[m[K(const rclcpp::Time & time, const rclcpp::Duration & period) = 0;
[10.605s]       |                       [01;36m[K^~~~[m[K
[10.605s] [01m[K/opt/ros/humble/include/hardware_interface/system_interface.hpp:184:23:[m[K [01;36m[Knote: [m[K    ‘[01m[Kvirtual hardware_interface::return_type hardware_interface::SystemInterface::write(const rclcpp::Time&, const rclcpp::Duration&)[m[K’
[10.605s]   184 |   virtual return_type [01;36m[Kwrite[m[K(const rclcpp::Time & time, const rclcpp::Duration & period) = 0;
[10.606s]       |                       [01;36m[K^~~~~[m[K
[10.784s] gmake[2]: *** [CMakeFiles/diffdrive_arduino.dir/build.make:76: CMakeFiles/diffdrive_arduino.dir/src/diffdrive_arduino.cpp.o] Error 1
[10.784s] gmake[1]: *** [CMakeFiles/Makefile2:139: CMakeFiles/diffdrive_arduino.dir/all] Error 2
[10.785s] gmake: *** [Makefile:146: all] Error 2
[10.788s] Invoked command in '/home/ubuntu/scootbot/3.0.0/build/diffdrive_arduino' returned '2': CMAKE_PREFIX_PATH=/opt/ros/humble:/home/ubuntu/scootbot/3.0.0/install/serial:/home/ubuntu/scootbot/3.0.0/install/twist_mux:/home/ubuntu/scootbot/3.0.0/install/diffdrive_arduino:/home/ubuntu/scootbot/3.0.0/install/scootbot:/home/ubuntu/scootbot/3.0.0/install/rplidar_ros /usr/bin/cmake --build /home/ubuntu/scootbot/3.0.0/build/diffdrive_arduino -- -j4 -l4
