[0.133s] Invoking command in '/home/ubuntu/scootbot/build/scootbot_description': CMAKE_PREFIX_PATH=/home/ubuntu/scootbot/3.0.0/install/twist_mux:/home/ubuntu/scootbot/3.0.0/install/diffdrive_arduino:/opt/ros/humble:/home/ubuntu/scootbot/3.0.0/install/serial:/home/ubuntu/scootbot/3.0.0/install/scootbot:/home/ubuntu/scootbot/3.0.0/install/rplidar_ros /usr/bin/cmake --build /home/ubuntu/scootbot/build/scootbot_description -- -j4 -l4
[0.301s] Invoked command in '/home/ubuntu/scootbot/build/scootbot_description' returned '0': CMAKE_PREFIX_PATH=/home/ubuntu/scootbot/3.0.0/install/twist_mux:/home/ubuntu/scootbot/3.0.0/install/diffdrive_arduino:/opt/ros/humble:/home/ubuntu/scootbot/3.0.0/install/serial:/home/ubuntu/scootbot/3.0.0/install/scootbot:/home/ubuntu/scootbot/3.0.0/install/rplidar_ros /usr/bin/cmake --build /home/ubuntu/scootbot/build/scootbot_description -- -j4 -l4
[0.447s] Invoking command in '/home/ubuntu/scootbot/build/scootbot_description': CMAKE_PREFIX_PATH=/home/ubuntu/scootbot/3.0.0/install/twist_mux:/home/ubuntu/scootbot/3.0.0/install/diffdrive_arduino:/opt/ros/humble:/home/ubuntu/scootbot/3.0.0/install/serial:/home/ubuntu/scootbot/3.0.0/install/scootbot:/home/ubuntu/scootbot/3.0.0/install/rplidar_ros /usr/bin/cmake --install /home/ubuntu/scootbot/build/scootbot_description
[0.488s] -- Install configuration: ""
[0.499s] -- Up-to-date: /home/ubuntu/scootbot/install/scootbot_description/share/scootbot_description/src
[0.499s] -- Up-to-date: /home/ubuntu/scootbot/install/scootbot_description/share/scootbot_description/src/description
[0.500s] -- Up-to-date: /home/ubuntu/scootbot/install/scootbot_description/share/scootbot_description/src/description/wheel_collision_primitive.stl
[0.501s] -- Up-to-date: /home/ubuntu/scootbot/install/scootbot_description/share/scootbot_description/src/description/frame_collision_primitive.stl
[0.502s] -- Up-to-date: /home/ubuntu/scootbot/install/scootbot_description/share/scootbot_description/src/description/frame.obj
[0.502s] -- Up-to-date: /home/ubuntu/scootbot/install/scootbot_description/share/scootbot_description/src/description/1682225_Tyre_-_Tyre_With_Rims_and_Rims_only__updated_
[0.502s] -- Up-to-date: /home/ubuntu/scootbot/install/scootbot_description/share/scootbot_description/src/description/1682225_Tyre_-_Tyre_With_Rims_and_Rims_only__updated_/LICENSE.txt
[0.503s] -- Up-to-date: /home/ubuntu/scootbot/install/scootbot_description/share/scootbot_description/src/description/1682225_Tyre_-_Tyre_With_Rims_and_Rims_only__updated_/files
[0.503s] -- Up-to-date: /home/ubuntu/scootbot/install/scootbot_description/share/scootbot_description/src/description/1682225_Tyre_-_Tyre_With_Rims_and_Rims_only__updated_/files/Back_Tyre_Inside.STL
[0.504s] -- Up-to-date: /home/ubuntu/scootbot/install/scootbot_description/share/scootbot_description/src/description/1682225_Tyre_-_Tyre_With_Rims_and_Rims_only__updated_/files/Tyre2-H.STL
[0.504s] -- Up-to-date: /home/ubuntu/scootbot/install/scootbot_description/share/scootbot_description/src/description/1682225_Tyre_-_Tyre_With_Rims_and_Rims_only__updated_/files/Front_Rim.stl
[0.505s] -- Up-to-date: /home/ubuntu/scootbot/install/scootbot_description/share/scootbot_description/src/description/1682225_Tyre_-_Tyre_With_Rims_and_Rims_only__updated_/files/Back_Rim_Inside.stl
[0.505s] -- Up-to-date: /home/ubuntu/scootbot/install/scootbot_description/share/scootbot_description/src/description/1682225_Tyre_-_Tyre_With_Rims_and_Rims_only__updated_/files/Front_Tyre_With_Rim.STL
[0.505s] -- Up-to-date: /home/ubuntu/scootbot/install/scootbot_description/share/scootbot_description/src/description/1682225_Tyre_-_Tyre_With_Rims_and_Rims_only__updated_/files/Tyre2.STL
[0.506s] -- Up-to-date: /home/ubuntu/scootbot/install/scootbot_description/share/scootbot_description/src/description/1682225_Tyre_-_Tyre_With_Rims_and_Rims_only__updated_/files/Back_rim_outside.stl
[0.506s] -- Up-to-date: /home/ubuntu/scootbot/install/scootbot_description/share/scootbot_description/src/description/1682225_Tyre_-_Tyre_With_Rims_and_Rims_only__updated_/files/Back_Tyre_Outside.STL
[0.506s] -- Up-to-date: /home/ubuntu/scootbot/install/scootbot_description/share/scootbot_description/src/description/1682225_Tyre_-_Tyre_With_Rims_and_Rims_only__updated_/README.txt
[0.507s] -- Up-to-date: /home/ubuntu/scootbot/install/scootbot_description/share/scootbot_description/src/description/1682225_Tyre_-_Tyre_With_Rims_and_Rims_only__updated_/images
[0.507s] -- Up-to-date: /home/ubuntu/scootbot/install/scootbot_description/share/scootbot_description/src/description/1682225_Tyre_-_Tyre_With_Rims_and_Rims_only__updated_/images/IMG_3259.JPG
[0.525s] -- Up-to-date: /home/ubuntu/scootbot/install/scootbot_description/share/scootbot_description/src/description/1682225_Tyre_-_Tyre_With_Rims_and_Rims_only__updated_/images/Front_Tyre_With_Rim.png
[0.526s] -- Up-to-date: /home/ubuntu/scootbot/install/scootbot_description/share/scootbot_description/src/description/1682225_Tyre_-_Tyre_With_Rims_and_Rims_only__updated_/images/IMG_3260.JPG
[0.526s] -- Up-to-date: /home/ubuntu/scootbot/install/scootbot_description/share/scootbot_description/src/description/1682225_Tyre_-_Tyre_With_Rims_and_Rims_only__updated_/images/Back_Rim_Inside.png
[0.526s] -- Up-to-date: /home/ubuntu/scootbot/install/scootbot_description/share/scootbot_description/src/description/1682225_Tyre_-_Tyre_With_Rims_and_Rims_only__updated_/images/Front_Rim.png
[0.527s] -- Up-to-date: /home/ubuntu/scootbot/install/scootbot_description/share/scootbot_description/src/description/1682225_Tyre_-_Tyre_With_Rims_and_Rims_only__updated_/images/IMG_3261.JPG
[0.527s] -- Up-to-date: /home/ubuntu/scootbot/install/scootbot_description/share/scootbot_description/src/description/1682225_Tyre_-_Tyre_With_Rims_and_Rims_only__updated_/images/Back_rim_outside.png
[0.527s] -- Up-to-date: /home/ubuntu/scootbot/install/scootbot_description/share/scootbot_description/src/description/1682225_Tyre_-_Tyre_With_Rims_and_Rims_only__updated_/images/Back_Tyre_Outside.png
[0.527s] -- Up-to-date: /home/ubuntu/scootbot/install/scootbot_description/share/scootbot_description/src/description/1682225_Tyre_-_Tyre_With_Rims_and_Rims_only__updated_/images/Back_Tyre_Inside.png
[0.528s] -- Up-to-date: /home/ubuntu/scootbot/install/scootbot_description/share/scootbot_description/src/description/1682225_Tyre_-_Tyre_With_Rims_and_Rims_only__updated_/images/Tyre2-H.png
[0.528s] -- Up-to-date: /home/ubuntu/scootbot/install/scootbot_description/share/scootbot_description/src/description/1682225_Tyre_-_Tyre_With_Rims_and_Rims_only__updated_/images/Tyre2.png
[0.528s] -- Up-to-date: /home/ubuntu/scootbot/install/scootbot_description/share/scootbot_description/src/description/frame.obj.bak
[0.529s] -- Up-to-date: /home/ubuntu/scootbot/install/scootbot_description/share/scootbot_description/src/description/inertial_calc.py
[0.529s] -- Up-to-date: /home/ubuntu/scootbot/install/scootbot_description/share/scootbot_description/src/description/caster_frame.obj
[0.529s] -- Up-to-date: /home/ubuntu/scootbot/install/scootbot_description/share/scootbot_description/src/description/tyre.mtl
[0.530s] -- Up-to-date: /home/ubuntu/scootbot/install/scootbot_description/share/scootbot_description/src/description/tyre.obj
[0.530s] -- Up-to-date: /home/ubuntu/scootbot/install/scootbot_description/share/scootbot_description/src/description/frame.stl
[0.531s] -- Up-to-date: /home/ubuntu/scootbot/install/scootbot_description/share/scootbot_description/src/description/wheel.stl
[0.531s] -- Up-to-date: /home/ubuntu/scootbot/install/scootbot_description/share/scootbot_description/launch
[0.531s] -- Up-to-date: /home/ubuntu/scootbot/install/scootbot_description/share/scootbot_description/launch/display.launch.py
[0.532s] -- Up-to-date: /home/ubuntu/scootbot/install/scootbot_description/share/scootbot_description/rviz
[0.532s] -- Up-to-date: /home/ubuntu/scootbot/install/scootbot_description/share/scootbot_description/rviz/urdf_config.rviz
[0.532s] -- Up-to-date: /home/ubuntu/scootbot/install/scootbot_description/share/scootbot_description/config
[0.532s] -- Up-to-date: /home/ubuntu/scootbot/install/scootbot_description/share/scootbot_description/config/ekf copy.yaml
[0.533s] -- Up-to-date: /home/ubuntu/scootbot/install/scootbot_description/share/scootbot_description/config/ekf.yaml
[0.533s] -- Up-to-date: /home/ubuntu/scootbot/install/scootbot_description/share/ament_index/resource_index/package_run_dependencies/scootbot_description
[0.533s] -- Up-to-date: /home/ubuntu/scootbot/install/scootbot_description/share/ament_index/resource_index/parent_prefix_path/scootbot_description
[0.534s] -- Up-to-date: /home/ubuntu/scootbot/install/scootbot_description/share/scootbot_description/environment/ament_prefix_path.sh
[0.550s] -- Up-to-date: /home/ubuntu/scootbot/install/scootbot_description/share/scootbot_description/environment/ament_prefix_path.dsv
[0.555s] -- Up-to-date: /home/ubuntu/scootbot/install/scootbot_description/share/scootbot_description/environment/path.sh
[0.555s] -- Up-to-date: /home/ubuntu/scootbot/install/scootbot_description/share/scootbot_description/environment/path.dsv
[0.556s] -- Up-to-date: /home/ubuntu/scootbot/install/scootbot_description/share/scootbot_description/local_setup.bash
[0.556s] -- Up-to-date: /home/ubuntu/scootbot/install/scootbot_description/share/scootbot_description/local_setup.sh
[0.557s] -- Up-to-date: /home/ubuntu/scootbot/install/scootbot_description/share/scootbot_description/local_setup.zsh
[0.557s] -- Up-to-date: /home/ubuntu/scootbot/install/scootbot_description/share/scootbot_description/local_setup.dsv
[0.558s] -- Installing: /home/ubuntu/scootbot/install/scootbot_description/share/scootbot_description/package.dsv
[0.559s] -- Up-to-date: /home/ubuntu/scootbot/install/scootbot_description/share/ament_index/resource_index/packages/scootbot_description
[0.560s] -- Up-to-date: /home/ubuntu/scootbot/install/scootbot_description/share/scootbot_description/cmake/scootbot_descriptionConfig.cmake
[0.560s] -- Up-to-date: /home/ubuntu/scootbot/install/scootbot_description/share/scootbot_description/cmake/scootbot_descriptionConfig-version.cmake
[0.561s] -- Up-to-date: /home/ubuntu/scootbot/install/scootbot_description/share/scootbot_description/package.xml
[0.562s] Invoked command in '/home/ubuntu/scootbot/build/scootbot_description' returned '0': CMAKE_PREFIX_PATH=/home/ubuntu/scootbot/3.0.0/install/twist_mux:/home/ubuntu/scootbot/3.0.0/install/diffdrive_arduino:/opt/ros/humble:/home/ubuntu/scootbot/3.0.0/install/serial:/home/ubuntu/scootbot/3.0.0/install/scootbot:/home/ubuntu/scootbot/3.0.0/install/rplidar_ros /usr/bin/cmake --install /home/ubuntu/scootbot/build/scootbot_description
