[0.035s] Invoking command in '/home/ubuntu/scootbot/3.0.0/build/diffdrive_arduino': CMAKE_PREFIX_PATH=/opt/ros/humble:/home/ubuntu/scootbot/3.0.0/install/serial:/home/ubuntu/scootbot/3.0.0/install/twist_mux:/home/ubuntu/scootbot/3.0.0/install/diffdrive_arduino:/home/ubuntu/scootbot/3.0.0/install/scootbot:/home/ubuntu/scootbot/3.0.0/install/rplidar_ros /usr/bin/cmake --build /home/ubuntu/scootbot/3.0.0/build/diffdrive_arduino -- -j4 -l4
[0.110s] [35m[1mConsolidate compiler generated dependencies of target fake_robot[0m
[0.112s] [35m[1mConsolidate compiler generated dependencies of target diffdrive_arduino[0m
[0.148s] [ 14%] [32mBuilding CXX object CMakeFiles/fake_robot.dir/src/fake_robot.cpp.o[0m
[0.177s] [ 28%] [32mBuilding CXX object CMakeFiles/diffdrive_arduino.dir/src/diffdrive_arduino.cpp.o[0m
[8.764s] [ 42%] [32m[1mLinking CXX shared library libfake_robot.so[0m
[8.859s] [ 57%] [32m[1mLinking CXX shared library libdiffdrive_arduino.so[0m
[9.100s] [ 71%] Built target fake_robot
[9.267s] [100%] Built target diffdrive_arduino
[9.286s] Invoked command in '/home/ubuntu/scootbot/3.0.0/build/diffdrive_arduino' returned '0': CMAKE_PREFIX_PATH=/opt/ros/humble:/home/ubuntu/scootbot/3.0.0/install/serial:/home/ubuntu/scootbot/3.0.0/install/twist_mux:/home/ubuntu/scootbot/3.0.0/install/diffdrive_arduino:/home/ubuntu/scootbot/3.0.0/install/scootbot:/home/ubuntu/scootbot/3.0.0/install/rplidar_ros /usr/bin/cmake --build /home/ubuntu/scootbot/3.0.0/build/diffdrive_arduino -- -j4 -l4
[9.356s] Invoking command in '/home/ubuntu/scootbot/3.0.0/build/diffdrive_arduino': CMAKE_PREFIX_PATH=/opt/ros/humble:/home/ubuntu/scootbot/3.0.0/install/serial:/home/ubuntu/scootbot/3.0.0/install/twist_mux:/home/ubuntu/scootbot/3.0.0/install/diffdrive_arduino:/home/ubuntu/scootbot/3.0.0/install/scootbot:/home/ubuntu/scootbot/3.0.0/install/rplidar_ros /usr/bin/cmake --install /home/ubuntu/scootbot/3.0.0/build/diffdrive_arduino
[9.368s] -- Install configuration: ""
[9.370s] -- Execute custom install script
[9.370s] -- Up-to-date symlink: /home/ubuntu/scootbot/3.0.0/install/diffdrive_arduino/share/diffdrive_arduino//robot_hardware.xml
[9.370s] -- Up-to-date symlink: /home/ubuntu/scootbot/3.0.0/install/diffdrive_arduino/share/diffdrive_arduino//fake_robot_hardware.xml
[9.371s] -- Up-to-date symlink: /home/ubuntu/scootbot/3.0.0/install/diffdrive_arduino/lib/libdiffdrive_arduino.so
[9.372s] -- Up-to-date symlink: /home/ubuntu/scootbot/3.0.0/install/diffdrive_arduino/lib/libfake_robot.so
[9.372s] -- Up-to-date symlink: /home/ubuntu/scootbot/3.0.0/install/diffdrive_arduino/share/diffdrive_arduino/controllers/robot_controller_example.yaml
[9.373s] -- Up-to-date symlink: /home/ubuntu/scootbot/3.0.0/install/diffdrive_arduino/share/diffdrive_arduino/__pycache__/test_robot.launch.cpython-310.pyc
[9.374s] -- Up-to-date symlink: /home/ubuntu/scootbot/3.0.0/install/diffdrive_arduino/share/diffdrive_arduino/fake_robot.launch.py
[9.374s] -- Up-to-date symlink: /home/ubuntu/scootbot/3.0.0/install/diffdrive_arduino/share/diffdrive_arduino/test_robot.launch.py
[9.375s] -- Up-to-date symlink: /home/ubuntu/scootbot/3.0.0/install/diffdrive_arduino/share/diffdrive_arduino/environment/library_path.sh
[9.375s] -- Up-to-date symlink: /home/ubuntu/scootbot/3.0.0/install/diffdrive_arduino/share/diffdrive_arduino/environment/library_path.dsv
[9.376s] -- Up-to-date symlink: /home/ubuntu/scootbot/3.0.0/install/diffdrive_arduino/share/ament_index/resource_index/package_run_dependencies/diffdrive_arduino
[9.376s] -- Up-to-date symlink: /home/ubuntu/scootbot/3.0.0/install/diffdrive_arduino/share/ament_index/resource_index/parent_prefix_path/diffdrive_arduino
[9.377s] -- Up-to-date symlink: /home/ubuntu/scootbot/3.0.0/install/diffdrive_arduino/share/diffdrive_arduino/environment/ament_prefix_path.sh
[9.378s] -- Up-to-date symlink: /home/ubuntu/scootbot/3.0.0/install/diffdrive_arduino/share/diffdrive_arduino/environment/ament_prefix_path.dsv
[9.378s] -- Up-to-date symlink: /home/ubuntu/scootbot/3.0.0/install/diffdrive_arduino/share/diffdrive_arduino/environment/path.sh
[9.378s] -- Up-to-date symlink: /home/ubuntu/scootbot/3.0.0/install/diffdrive_arduino/share/diffdrive_arduino/environment/path.dsv
[9.379s] -- Up-to-date symlink: /home/ubuntu/scootbot/3.0.0/install/diffdrive_arduino/share/diffdrive_arduino/local_setup.bash
[9.379s] -- Up-to-date symlink: /home/ubuntu/scootbot/3.0.0/install/diffdrive_arduino/share/diffdrive_arduino/local_setup.sh
[9.380s] -- Up-to-date symlink: /home/ubuntu/scootbot/3.0.0/install/diffdrive_arduino/share/diffdrive_arduino/local_setup.zsh
[9.381s] -- Up-to-date symlink: /home/ubuntu/scootbot/3.0.0/install/diffdrive_arduino/share/diffdrive_arduino/local_setup.dsv
[9.381s] -- Symlinking: /home/ubuntu/scootbot/3.0.0/install/diffdrive_arduino/share/diffdrive_arduino/package.dsv
[9.396s] -- Up-to-date symlink: /home/ubuntu/scootbot/3.0.0/install/diffdrive_arduino/share/ament_index/resource_index/packages/diffdrive_arduino
[9.396s] -- Up-to-date symlink: /home/ubuntu/scootbot/3.0.0/install/diffdrive_arduino/share/ament_index/resource_index/hardware_interface__pluginlib__plugin/diffdrive_arduino
[9.397s] -- Up-to-date symlink: /home/ubuntu/scootbot/3.0.0/install/diffdrive_arduino/share/diffdrive_arduino/cmake/ament_cmake_export_libraries-extras.cmake
[9.397s] -- Up-to-date symlink: /home/ubuntu/scootbot/3.0.0/install/diffdrive_arduino/share/diffdrive_arduino/cmake/ament_cmake_export_dependencies-extras.cmake
[9.398s] -- Up-to-date symlink: /home/ubuntu/scootbot/3.0.0/install/diffdrive_arduino/share/diffdrive_arduino/cmake/diffdrive_arduinoConfig.cmake
[9.398s] -- Up-to-date symlink: /home/ubuntu/scootbot/3.0.0/install/diffdrive_arduino/share/diffdrive_arduino/cmake/diffdrive_arduinoConfig-version.cmake
[9.399s] -- Up-to-date symlink: /home/ubuntu/scootbot/3.0.0/install/diffdrive_arduino/share/diffdrive_arduino/package.xml
[9.403s] Invoked command in '/home/ubuntu/scootbot/3.0.0/build/diffdrive_arduino' returned '0': CMAKE_PREFIX_PATH=/opt/ros/humble:/home/ubuntu/scootbot/3.0.0/install/serial:/home/ubuntu/scootbot/3.0.0/install/twist_mux:/home/ubuntu/scootbot/3.0.0/install/diffdrive_arduino:/home/ubuntu/scootbot/3.0.0/install/scootbot:/home/ubuntu/scootbot/3.0.0/install/rplidar_ros /usr/bin/cmake --install /home/ubuntu/scootbot/3.0.0/build/diffdrive_arduino
