-- Install configuration: ""
-- Execute custom install script
-- Up-to-date symlink: /home/ubuntu/scootbot/install/scootbot_description/share/scootbot_description/src/description/1682225_Tyre_-_Tyre_With_Rims_and_Rims_only__updated_/LICENSE.txt
-- Up-to-date symlink: /home/ubuntu/scootbot/install/scootbot_description/share/scootbot_description/src/description/1682225_Tyre_-_Tyre_With_Rims_and_Rims_only__updated_/README.txt
-- Up-to-date symlink: /home/ubuntu/scootbot/install/scootbot_description/share/scootbot_description/src/description/1682225_Tyre_-_Tyre_With_Rims_and_Rims_only__updated_/files/Back_Rim_Inside.stl
-- Up-to-date symlink: /home/ubuntu/scootbot/install/scootbot_description/share/scootbot_description/src/description/1682225_Tyre_-_Tyre_With_Rims_and_Rims_only__updated_/files/Back_Tyre_Inside.STL
-- Up-to-date symlink: /home/ubuntu/scootbot/install/scootbot_description/share/scootbot_description/src/description/1682225_Tyre_-_Tyre_With_Rims_and_Rims_only__updated_/files/Back_Tyre_Outside.STL
-- Up-to-date symlink: /home/ubuntu/scootbot/install/scootbot_description/share/scootbot_description/src/description/1682225_Tyre_-_Tyre_With_Rims_and_Rims_only__updated_/files/Back_rim_outside.stl
-- Up-to-date symlink: /home/ubuntu/scootbot/install/scootbot_description/share/scootbot_description/src/description/1682225_Tyre_-_Tyre_With_Rims_and_Rims_only__updated_/files/Front_Rim.stl
-- Up-to-date symlink: /home/ubuntu/scootbot/install/scootbot_description/share/scootbot_description/src/description/1682225_Tyre_-_Tyre_With_Rims_and_Rims_only__updated_/files/Front_Tyre_With_Rim.STL
-- Up-to-date symlink: /home/ubuntu/scootbot/install/scootbot_description/share/scootbot_description/src/description/1682225_Tyre_-_Tyre_With_Rims_and_Rims_only__updated_/files/Tyre2-H.STL
-- Up-to-date symlink: /home/ubuntu/scootbot/install/scootbot_description/share/scootbot_description/src/description/1682225_Tyre_-_Tyre_With_Rims_and_Rims_only__updated_/files/Tyre2.STL
-- Up-to-date symlink: /home/ubuntu/scootbot/install/scootbot_description/share/scootbot_description/src/description/1682225_Tyre_-_Tyre_With_Rims_and_Rims_only__updated_/images/Back_Rim_Inside.png
-- Up-to-date symlink: /home/ubuntu/scootbot/install/scootbot_description/share/scootbot_description/src/description/1682225_Tyre_-_Tyre_With_Rims_and_Rims_only__updated_/images/Back_Tyre_Inside.png
-- Up-to-date symlink: /home/ubuntu/scootbot/install/scootbot_description/share/scootbot_description/src/description/1682225_Tyre_-_Tyre_With_Rims_and_Rims_only__updated_/images/Back_Tyre_Outside.png
-- Up-to-date symlink: /home/ubuntu/scootbot/install/scootbot_description/share/scootbot_description/src/description/1682225_Tyre_-_Tyre_With_Rims_and_Rims_only__updated_/images/Back_rim_outside.png
-- Up-to-date symlink: /home/ubuntu/scootbot/install/scootbot_description/share/scootbot_description/src/description/1682225_Tyre_-_Tyre_With_Rims_and_Rims_only__updated_/images/Front_Rim.png
-- Up-to-date symlink: /home/ubuntu/scootbot/install/scootbot_description/share/scootbot_description/src/description/1682225_Tyre_-_Tyre_With_Rims_and_Rims_only__updated_/images/Front_Tyre_With_Rim.png
-- Up-to-date symlink: /home/ubuntu/scootbot/install/scootbot_description/share/scootbot_description/src/description/1682225_Tyre_-_Tyre_With_Rims_and_Rims_only__updated_/images/IMG_3259.JPG
-- Up-to-date symlink: /home/ubuntu/scootbot/install/scootbot_description/share/scootbot_description/src/description/1682225_Tyre_-_Tyre_With_Rims_and_Rims_only__updated_/images/IMG_3260.JPG
-- Up-to-date symlink: /home/ubuntu/scootbot/install/scootbot_description/share/scootbot_description/src/description/1682225_Tyre_-_Tyre_With_Rims_and_Rims_only__updated_/images/IMG_3261.JPG
-- Up-to-date symlink: /home/ubuntu/scootbot/install/scootbot_description/share/scootbot_description/src/description/1682225_Tyre_-_Tyre_With_Rims_and_Rims_only__updated_/images/Tyre2-H.png
-- Up-to-date symlink: /home/ubuntu/scootbot/install/scootbot_description/share/scootbot_description/src/description/1682225_Tyre_-_Tyre_With_Rims_and_Rims_only__updated_/images/Tyre2.png
-- Up-to-date symlink: /home/ubuntu/scootbot/install/scootbot_description/share/scootbot_description/src/description/caster_frame.obj
-- Up-to-date symlink: /home/ubuntu/scootbot/install/scootbot_description/share/scootbot_description/src/description/frame.obj
-- Up-to-date symlink: /home/ubuntu/scootbot/install/scootbot_description/share/scootbot_description/src/description/frame.obj.bak
-- Up-to-date symlink: /home/ubuntu/scootbot/install/scootbot_description/share/scootbot_description/src/description/frame.stl
-- Symlinking: /home/ubuntu/scootbot/install/scootbot_description/share/scootbot_description/src/description/frame_collision_primitive.stl
-- Up-to-date symlink: /home/ubuntu/scootbot/install/scootbot_description/share/scootbot_description/src/description/gazebo_control.xacro
-- Symlinking: /home/ubuntu/scootbot/install/scootbot_description/share/scootbot_description/src/description/lidar.xacro
-- Up-to-date symlink: /home/ubuntu/scootbot/install/scootbot_description/share/scootbot_description/src/description/model.xacro
-- Up-to-date symlink: /home/ubuntu/scootbot/install/scootbot_description/share/scootbot_description/src/description/scootbot_description.urdf
-- Up-to-date symlink: /home/ubuntu/scootbot/install/scootbot_description/share/scootbot_description/src/description/tyre.mtl
-- Up-to-date symlink: /home/ubuntu/scootbot/install/scootbot_description/share/scootbot_description/src/description/tyre.obj
-- Up-to-date symlink: /home/ubuntu/scootbot/install/scootbot_description/share/scootbot_description/src/description/wheel.stl
-- Symlinking: /home/ubuntu/scootbot/install/scootbot_description/share/scootbot_description/src/description/wheel_collision_primitive.stl
-- Up-to-date symlink: /home/ubuntu/scootbot/install/scootbot_description/share/scootbot_description/launch/display.launch.py
-- Up-to-date symlink: /home/ubuntu/scootbot/install/scootbot_description/share/scootbot_description/rviz/urdf_config.rviz
-- Up-to-date symlink: /home/ubuntu/scootbot/install/scootbot_description/share/scootbot_description/config/ekf copy.yaml
-- Up-to-date symlink: /home/ubuntu/scootbot/install/scootbot_description/share/scootbot_description/config/ekf.yaml
-- Up-to-date symlink: /home/ubuntu/scootbot/install/scootbot_description/share/ament_index/resource_index/package_run_dependencies/scootbot_description
-- Up-to-date symlink: /home/ubuntu/scootbot/install/scootbot_description/share/ament_index/resource_index/parent_prefix_path/scootbot_description
-- Up-to-date symlink: /home/ubuntu/scootbot/install/scootbot_description/share/scootbot_description/environment/ament_prefix_path.sh
-- Up-to-date symlink: /home/ubuntu/scootbot/install/scootbot_description/share/scootbot_description/environment/ament_prefix_path.dsv
-- Up-to-date symlink: /home/ubuntu/scootbot/install/scootbot_description/share/scootbot_description/environment/path.sh
-- Up-to-date symlink: /home/ubuntu/scootbot/install/scootbot_description/share/scootbot_description/environment/path.dsv
-- Up-to-date symlink: /home/ubuntu/scootbot/install/scootbot_description/share/scootbot_description/local_setup.bash
-- Up-to-date symlink: /home/ubuntu/scootbot/install/scootbot_description/share/scootbot_description/local_setup.sh
-- Up-to-date symlink: /home/ubuntu/scootbot/install/scootbot_description/share/scootbot_description/local_setup.zsh
-- Up-to-date symlink: /home/ubuntu/scootbot/install/scootbot_description/share/scootbot_description/local_setup.dsv
-- Symlinking: /home/ubuntu/scootbot/install/scootbot_description/share/scootbot_description/package.dsv
-- Up-to-date symlink: /home/ubuntu/scootbot/install/scootbot_description/share/ament_index/resource_index/packages/scootbot_description
-- Up-to-date symlink: /home/ubuntu/scootbot/install/scootbot_description/share/scootbot_description/cmake/scootbot_descriptionConfig.cmake
-- Up-to-date symlink: /home/ubuntu/scootbot/install/scootbot_description/share/scootbot_description/cmake/scootbot_descriptionConfig-version.cmake
-- Up-to-date symlink: /home/ubuntu/scootbot/install/scootbot_description/share/scootbot_description/package.xml
