[0.177s] Invoking command in '/home/teknetik/scootbot/build/rf2o_laser_odometry': CMAKE_PREFIX_PATH=/opt/ros/foxy /usr/bin/cmake /home/teknetik/scootbot/src/rf2o_laser_odometry -DCMAKE_INSTALL_PREFIX=/home/teknetik/scootbot/install/rf2o_laser_odometry
[0.354s] -- The C compiler identification is GNU 9.4.0
[0.354s] -- The CXX compiler identification is GNU 9.4.0
[0.354s] -- Check for working C compiler: /usr/bin/cc
[0.355s] -- Check for working C compiler: /usr/bin/cc -- works
[0.355s] -- Detecting C compiler ABI info
[0.355s] -- Detecting C compiler ABI info - done
[0.355s] -- Detecting C compile features
[0.356s] -- Detecting C compile features - done
[0.357s] -- Check for working CXX compiler: /usr/bin/c++
[0.403s] -- Check for working CXX compiler: /usr/bin/c++ -- works
[0.404s] -- Detecting CXX compiler ABI info
[0.460s] -- Detecting CXX compiler ABI info - done
[0.469s] -- Detecting CXX compile features
[0.469s] -- Detecting CXX compile features - done
[0.473s] -- Found ament_cmake: 0.9.9 (/opt/ros/foxy/share/ament_cmake/cmake)
[0.489s] -- Found PythonInterp: /usr/bin/python3 (found suitable version "3.8.10", minimum required is "3") 
[0.490s] -- Using PYTHON_EXECUTABLE: /usr/bin/python3
[0.643s] -- Found rclcpp: 2.4.1 (/opt/ros/foxy/share/rclcpp/cmake)
[0.680s] -- Using all available rosidl_typesupport_c: rosidl_typesupport_fastrtps_c;rosidl_typesupport_introspection_c
[0.685s] -- Found rosidl_adapter: 1.2.1 (/opt/ros/foxy/share/rosidl_adapter/cmake)
[0.737s] -- Found OpenSSL: /usr/lib/x86_64-linux-gnu/libcrypto.so (found version "1.1.1f")  
[0.757s] -- Found FastRTPS: /opt/ros/foxy/include  
[0.813s] -- Using all available rosidl_typesupport_cpp: rosidl_typesupport_fastrtps_cpp;rosidl_typesupport_introspection_cpp
[0.856s] -- Found rmw_implementation_cmake: 1.0.3 (/opt/ros/foxy/share/rmw_implementation_cmake/cmake)
[0.857s] -- Using RMW implementation 'rmw_fastrtps_cpp' as default
[0.858s] -- Looking for pthread.h
[0.905s] -- Looking for pthread.h - found
[0.905s] -- Performing Test CMAKE_HAVE_LIBC_PTHREAD
[0.952s] -- Performing Test CMAKE_HAVE_LIBC_PTHREAD - Failed
[0.952s] -- Looking for pthread_create in pthreads
[0.989s] -- Looking for pthread_create in pthreads - not found
[0.990s] -- Looking for pthread_create in pthread
[1.034s] -- Looking for pthread_create in pthread - found
[1.035s] -- Found Threads: TRUE  
[1.175s] -- Found geometry_msgs: 2.0.5 (/opt/ros/foxy/share/geometry_msgs/cmake)
[1.201s] -- Found tf2_geometry_msgs: 0.13.13 (/opt/ros/foxy/share/tf2_geometry_msgs/cmake)
[1.208s] -- Found eigen3_cmake_module: 0.1.1 (/opt/ros/foxy/share/eigen3_cmake_module/cmake)
[1.210s] -- Found Eigen3: TRUE (found version "3.3.7") 
[1.510s] -- Found sensor_msgs: 2.0.5 (/opt/ros/foxy/share/sensor_msgs/cmake)
[1.562s] -- Found nav_msgs: 2.0.5 (/opt/ros/foxy/share/nav_msgs/cmake)
[1.617s] -- Found Boost: /usr/lib/x86_64-linux-gnu/cmake/Boost-1.71.0/BoostConfig.cmake (found version "1.71.0")  
[1.663s] -- Configuring done
[1.674s] -- Generating done
[1.675s] -- Build files have been written to: /home/teknetik/scootbot/build/rf2o_laser_odometry
[1.681s] Invoked command in '/home/teknetik/scootbot/build/rf2o_laser_odometry' returned '0': CMAKE_PREFIX_PATH=/opt/ros/foxy /usr/bin/cmake /home/teknetik/scootbot/src/rf2o_laser_odometry -DCMAKE_INSTALL_PREFIX=/home/teknetik/scootbot/install/rf2o_laser_odometry
[1.683s] Invoking command in '/home/teknetik/scootbot/build/rf2o_laser_odometry': CMAKE_PREFIX_PATH=/opt/ros/foxy /usr/bin/cmake --build /home/teknetik/scootbot/build/rf2o_laser_odometry -- -j20 -l20
[1.708s] [35m[1mScanning dependencies of target rf2o_laser_odometry[0m
[1.708s] [35m[1mScanning dependencies of target rf2o_laser_odometry_node[0m
[1.747s] [ 20%] [32mBuilding CXX object CMakeFiles/rf2o_laser_odometry.dir/src/CLaserOdometry2D.cpp.o[0m
[1.756s] [ 60%] [32mBuilding CXX object CMakeFiles/rf2o_laser_odometry_node.dir/src/CLaserOdometry2D.cpp.o[0m
[1.756s] [ 60%] [32mBuilding CXX object CMakeFiles/rf2o_laser_odometry_node.dir/src/CLaserOdometry2DNode.cpp.o[0m
[14.178s] [ 80%] [32m[1mLinking CXX executable rf2o_laser_odometry_node[0m
[14.200s] [100%] [32m[1mLinking CXX static library librf2o_laser_odometry.a[0m
[14.334s] [100%] Built target rf2o_laser_odometry
[14.714s] [100%] Built target rf2o_laser_odometry_node
[14.720s] Invoked command in '/home/teknetik/scootbot/build/rf2o_laser_odometry' returned '0': CMAKE_PREFIX_PATH=/opt/ros/foxy /usr/bin/cmake --build /home/teknetik/scootbot/build/rf2o_laser_odometry -- -j20 -l20
[14.736s] Invoking command in '/home/teknetik/scootbot/build/rf2o_laser_odometry': CMAKE_PREFIX_PATH=/opt/ros/foxy /usr/bin/cmake --install /home/teknetik/scootbot/build/rf2o_laser_odometry
[14.742s] -- Install configuration: ""
[14.742s] -- Installing: /home/teknetik/scootbot/install/rf2o_laser_odometry/lib/rf2o_laser_odometry/rf2o_laser_odometry_node
[14.746s] -- Set runtime path of "/home/teknetik/scootbot/install/rf2o_laser_odometry/lib/rf2o_laser_odometry/rf2o_laser_odometry_node" to ""
[14.746s] -- Installing: /home/teknetik/scootbot/install/rf2o_laser_odometry/share/rf2o_laser_odometry/launch
[14.746s] -- Installing: /home/teknetik/scootbot/install/rf2o_laser_odometry/share/rf2o_laser_odometry/launch/rf2o_laser_odometry.launch.py
[14.746s] -- Installing: /home/teknetik/scootbot/install/rf2o_laser_odometry/share/ament_index/resource_index/package_run_dependencies/rf2o_laser_odometry
[14.747s] -- Installing: /home/teknetik/scootbot/install/rf2o_laser_odometry/share/ament_index/resource_index/parent_prefix_path/rf2o_laser_odometry
[14.747s] -- Installing: /home/teknetik/scootbot/install/rf2o_laser_odometry/share/rf2o_laser_odometry/environment/ament_prefix_path.sh
[14.747s] -- Installing: /home/teknetik/scootbot/install/rf2o_laser_odometry/share/rf2o_laser_odometry/environment/ament_prefix_path.dsv
[14.747s] -- Installing: /home/teknetik/scootbot/install/rf2o_laser_odometry/share/rf2o_laser_odometry/environment/path.sh
[14.747s] -- Installing: /home/teknetik/scootbot/install/rf2o_laser_odometry/share/rf2o_laser_odometry/environment/path.dsv
[14.747s] -- Installing: /home/teknetik/scootbot/install/rf2o_laser_odometry/share/rf2o_laser_odometry/local_setup.bash
[14.747s] -- Installing: /home/teknetik/scootbot/install/rf2o_laser_odometry/share/rf2o_laser_odometry/local_setup.sh
[14.747s] -- Installing: /home/teknetik/scootbot/install/rf2o_laser_odometry/share/rf2o_laser_odometry/local_setup.zsh
[14.747s] -- Installing: /home/teknetik/scootbot/install/rf2o_laser_odometry/share/rf2o_laser_odometry/local_setup.dsv
[14.747s] -- Installing: /home/teknetik/scootbot/install/rf2o_laser_odometry/share/rf2o_laser_odometry/package.dsv
[14.747s] -- Installing: /home/teknetik/scootbot/install/rf2o_laser_odometry/share/ament_index/resource_index/packages/rf2o_laser_odometry
[14.747s] -- Installing: /home/teknetik/scootbot/install/rf2o_laser_odometry/share/rf2o_laser_odometry/cmake/rf2o_laser_odometryConfig.cmake
[14.747s] -- Installing: /home/teknetik/scootbot/install/rf2o_laser_odometry/share/rf2o_laser_odometry/cmake/rf2o_laser_odometryConfig-version.cmake
[14.748s] -- Installing: /home/teknetik/scootbot/install/rf2o_laser_odometry/share/rf2o_laser_odometry/package.xml
[14.750s] Invoked command in '/home/teknetik/scootbot/build/rf2o_laser_odometry' returned '0': CMAKE_PREFIX_PATH=/opt/ros/foxy /usr/bin/cmake --install /home/teknetik/scootbot/build/rf2o_laser_odometry
