[0.050s] Invoking command in '/home/ubuntu/scootbot/3.0.0/build/serial': CMAKE_PREFIX_PATH=/opt/ros/humble /usr/bin/cmake --build /home/ubuntu/scootbot/3.0.0/build/serial -- -j4 -l4
[0.183s] [ 14%] Built target gtest_main
[0.222s] [ 28%] Built target gtest
[0.225s] [ 57%] Built target serial
[0.386s] [ 71%] Built target serial_example
[0.437s] [ 85%] Built target serial-test-timer
[0.484s] [100%] Built target serial-test
[0.553s] Invoked command in '/home/ubuntu/scootbot/3.0.0/build/serial' returned '0': CMAKE_PREFIX_PATH=/opt/ros/humble /usr/bin/cmake --build /home/ubuntu/scootbot/3.0.0/build/serial -- -j4 -l4
[0.750s] Invoking command in '/home/ubuntu/scootbot/3.0.0/build/serial': CMAKE_PREFIX_PATH=/opt/ros/humble /usr/bin/cmake --install /home/ubuntu/scootbot/3.0.0/build/serial
[0.775s] -- Install configuration: ""
[0.775s] -- Execute custom install script
[0.776s] -- Up-to-date symlink: /home/ubuntu/scootbot/3.0.0/install/serial/lib/libserial.a
[0.776s] -- Up-to-date symlink: /home/ubuntu/scootbot/3.0.0/install/serial/include/serial/serial.h
[0.777s] -- Up-to-date symlink: /home/ubuntu/scootbot/3.0.0/install/serial/include/serial/v8stdint.h
[0.777s] -- Up-to-date symlink: /home/ubuntu/scootbot/3.0.0/install/serial/share/serial/environment/library_path.sh
[0.778s] -- Up-to-date symlink: /home/ubuntu/scootbot/3.0.0/install/serial/share/serial/environment/library_path.dsv
[0.778s] -- Up-to-date symlink: /home/ubuntu/scootbot/3.0.0/install/serial/share/ament_index/resource_index/package_run_dependencies/serial
[0.779s] -- Up-to-date symlink: /home/ubuntu/scootbot/3.0.0/install/serial/share/ament_index/resource_index/parent_prefix_path/serial
[0.779s] -- Up-to-date symlink: /home/ubuntu/scootbot/3.0.0/install/serial/share/serial/environment/ament_prefix_path.sh
[0.779s] -- Up-to-date symlink: /home/ubuntu/scootbot/3.0.0/install/serial/share/serial/environment/ament_prefix_path.dsv
[0.780s] -- Up-to-date symlink: /home/ubuntu/scootbot/3.0.0/install/serial/share/serial/environment/path.sh
[0.780s] -- Up-to-date symlink: /home/ubuntu/scootbot/3.0.0/install/serial/share/serial/environment/path.dsv
[0.780s] -- Up-to-date symlink: /home/ubuntu/scootbot/3.0.0/install/serial/share/serial/local_setup.bash
[0.781s] -- Up-to-date symlink: /home/ubuntu/scootbot/3.0.0/install/serial/share/serial/local_setup.sh
[0.781s] -- Up-to-date symlink: /home/ubuntu/scootbot/3.0.0/install/serial/share/serial/local_setup.zsh
[0.782s] -- Up-to-date symlink: /home/ubuntu/scootbot/3.0.0/install/serial/share/serial/local_setup.dsv
[0.782s] -- Symlinking: /home/ubuntu/scootbot/3.0.0/install/serial/share/serial/package.dsv
[0.807s] -- Up-to-date symlink: /home/ubuntu/scootbot/3.0.0/install/serial/share/ament_index/resource_index/packages/serial
[0.810s] -- Up-to-date symlink: /home/ubuntu/scootbot/3.0.0/install/serial/share/serial/cmake/ament_cmake_export_include_directories-extras.cmake
[0.812s] -- Up-to-date symlink: /home/ubuntu/scootbot/3.0.0/install/serial/share/serial/cmake/ament_cmake_export_libraries-extras.cmake
[0.812s] -- Up-to-date symlink: /home/ubuntu/scootbot/3.0.0/install/serial/share/serial/cmake/serialConfig.cmake
[0.814s] -- Up-to-date symlink: /home/ubuntu/scootbot/3.0.0/install/serial/share/serial/cmake/serialConfig-version.cmake
[0.814s] -- Up-to-date symlink: /home/ubuntu/scootbot/3.0.0/install/serial/share/serial/package.xml
[0.834s] Invoked command in '/home/ubuntu/scootbot/3.0.0/build/serial' returned '0': CMAKE_PREFIX_PATH=/opt/ros/humble /usr/bin/cmake --install /home/ubuntu/scootbot/3.0.0/build/serial
