[8.133s] Invoking command in '/home/ubuntu/scootbot/build/sabertooth': PYTHONPATH=/home/ubuntu/scootbot/install/sabertooth/lib/python3.8/site-packages:${PYTHONPATH} /usr/bin/python3 setup.py develop --prefix /home/ubuntu/scootbot/install/sabertooth --uninstall --editable --build-directory /home/ubuntu/scootbot/build/sabertooth/build
[10.460s] running develop
[12.238s] Invoked command in '/home/ubuntu/scootbot/build/sabertooth' returned '0': PYTHONPATH=/home/ubuntu/scootbot/install/sabertooth/lib/python3.8/site-packages:${PYTHONPATH} /usr/bin/python3 setup.py develop --prefix /home/ubuntu/scootbot/install/sabertooth --uninstall --editable --build-directory /home/ubuntu/scootbot/build/sabertooth/build
[12.256s] Invoking command in '/home/ubuntu/scootbot/src/sabertooth': PYTHONPATH=/home/ubuntu/scootbot/install/sabertooth/lib/python3.8/site-packages:${PYTHONPATH} /usr/bin/python3 setup.py egg_info --egg-base ../../build/sabertooth build --build-base /home/ubuntu/scootbot/build/sabertooth/build install --prefix /home/ubuntu/scootbot/install/sabertooth --record /home/ubuntu/scootbot/build/sabertooth/install.log --single-version-externally-managed
[14.437s] running egg_info
[14.443s] writing ../../build/sabertooth/sabertooth.egg-info/PKG-INFO
[14.446s] writing dependency_links to ../../build/sabertooth/sabertooth.egg-info/dependency_links.txt
[14.449s] writing entry points to ../../build/sabertooth/sabertooth.egg-info/entry_points.txt
[14.451s] writing requirements to ../../build/sabertooth/sabertooth.egg-info/requires.txt
[14.452s] writing top-level names to ../../build/sabertooth/sabertooth.egg-info/top_level.txt
[14.815s] reading manifest file '../../build/sabertooth/sabertooth.egg-info/SOURCES.txt'
[14.826s] writing manifest file '../../build/sabertooth/sabertooth.egg-info/SOURCES.txt'
[14.827s] running build
[14.829s] running build_py
[14.846s] copying sabertooth/drive.py -> /home/ubuntu/scootbot/build/sabertooth/build/lib/sabertooth
[14.850s] running install
[14.859s] running install_lib
[14.868s] copying /home/ubuntu/scootbot/build/sabertooth/build/lib/sabertooth/drive.py -> /home/ubuntu/scootbot/install/sabertooth/lib/python3.8/site-packages/sabertooth
[14.875s] byte-compiling /home/ubuntu/scootbot/install/sabertooth/lib/python3.8/site-packages/sabertooth/drive.py to drive.cpython-38.pyc
[14.898s] running install_data
[14.903s] running install_egg_info
[14.917s] removing '/home/ubuntu/scootbot/install/sabertooth/lib/python3.8/site-packages/sabertooth-0.0.0-py3.8.egg-info' (and everything under it)
[14.921s] Copying ../../build/sabertooth/sabertooth.egg-info to /home/ubuntu/scootbot/install/sabertooth/lib/python3.8/site-packages/sabertooth-0.0.0-py3.8.egg-info
[14.935s] running install_scripts
[15.096s] Installing drive script to /home/ubuntu/scootbot/install/sabertooth/lib/sabertooth
[15.099s] writing list of installed files to '/home/ubuntu/scootbot/build/sabertooth/install.log'
[15.533s] Invoked command in '/home/ubuntu/scootbot/src/sabertooth' returned '0': PYTHONPATH=/home/ubuntu/scootbot/install/sabertooth/lib/python3.8/site-packages:${PYTHONPATH} /usr/bin/python3 setup.py egg_info --egg-base ../../build/sabertooth build --build-base /home/ubuntu/scootbot/build/sabertooth/build install --prefix /home/ubuntu/scootbot/install/sabertooth --record /home/ubuntu/scootbot/build/sabertooth/install.log --single-version-externally-managed
