[0.445s] DEBUG:colcon:Command line arguments: ['/usr/bin/colcon', 'list', '-p', '--base-paths', '/home/ubuntu/scootbot/2.0.0']
[0.445s] DEBUG:colcon:Parsed command line arguments: Namespace(log_base=None, log_level=None, verb_name='list', build_base='build', ignore_user_meta=False, metas=['./colcon.meta'], base_paths=['/home/ubuntu/scootbot/2.0.0'], packages_ignore=None, packages_ignore_regex=None, paths=None, packages_up_to=None, packages_up_to_regex=None, packages_above=None, packages_above_and_dependencies=None, packages_above_depth=None, packages_select_by_dep=None, packages_skip_by_dep=None, packages_skip_up_to=None, packages_select_build_failed=False, packages_skip_build_finished=False, packages_select_test_failures=False, packages_skip_test_passed=False, packages_select=None, packages_skip=None, packages_select_regex=None, packages_skip_regex=None, packages_start=None, packages_end=None, allow_overriding=[], topological_order=False, names_only=False, paths_only=True, topological_graph=False, topological_graph_dot=False, topological_graph_density=False, topological_graph_legend=False, topological_graph_dot_cluster=False, topological_graph_dot_include_skipped=False, verb_parser=<colcon_defaults.argument_parser.defaults.DefaultArgumentsDecorator object at 0x7fbf7783ee00>, verb_extension=<colcon_package_information.verb.list.ListVerb object at 0x7fbf777fc100>, main=<bound method ListVerb.main of <colcon_package_information.verb.list.ListVerb object at 0x7fbf777fc100>>)
[0.492s] Level 1:colcon.colcon_core.package_discovery:discover_packages(colcon_meta) check parameters
[0.492s] Level 1:colcon.colcon_core.package_discovery:discover_packages(recursive) check parameters
[0.492s] Level 1:colcon.colcon_core.package_discovery:discover_packages(ignore) check parameters
[0.492s] Level 1:colcon.colcon_core.package_discovery:discover_packages(path) check parameters
[0.492s] Level 1:colcon.colcon_core.package_discovery:discover_packages(recursive) discover
[0.492s] INFO:colcon.colcon_core.package_discovery:Crawling recursively for packages in '/home/ubuntu/scootbot/2.0.0'
[0.492s] Level 1:colcon.colcon_core.package_identification:_identify(/home/ubuntu/scootbot/2.0.0) by extensions ['ignore', 'ignore_ament_install']
[0.493s] Level 1:colcon.colcon_core.package_identification:_identify(/home/ubuntu/scootbot/2.0.0) by extension 'ignore'
[0.493s] Level 1:colcon.colcon_core.package_identification:_identify(/home/ubuntu/scootbot/2.0.0) by extension 'ignore_ament_install'
[0.493s] Level 1:colcon.colcon_core.package_identification:_identify(/home/ubuntu/scootbot/2.0.0) by extensions ['colcon_pkg']
[0.493s] Level 1:colcon.colcon_core.package_identification:_identify(/home/ubuntu/scootbot/2.0.0) by extension 'colcon_pkg'
[0.493s] Level 1:colcon.colcon_core.package_identification:_identify(/home/ubuntu/scootbot/2.0.0) by extensions ['colcon_meta']
[0.493s] Level 1:colcon.colcon_core.package_identification:_identify(/home/ubuntu/scootbot/2.0.0) by extension 'colcon_meta'
[0.493s] Level 1:colcon.colcon_core.package_identification:_identify(/home/ubuntu/scootbot/2.0.0) by extensions ['ros']
[0.493s] Level 1:colcon.colcon_core.package_identification:_identify(/home/ubuntu/scootbot/2.0.0) by extension 'ros'
[0.510s] Level 1:colcon.colcon_core.package_identification:_identify(/home/ubuntu/scootbot/2.0.0) by extensions ['cmake', 'python']
[0.510s] Level 1:colcon.colcon_core.package_identification:_identify(/home/ubuntu/scootbot/2.0.0) by extension 'cmake'
[0.510s] Level 1:colcon.colcon_core.package_identification:_identify(/home/ubuntu/scootbot/2.0.0) by extension 'python'
[0.510s] Level 1:colcon.colcon_core.package_identification:_identify(/home/ubuntu/scootbot/2.0.0) by extensions ['python_setup_py']
[0.510s] Level 1:colcon.colcon_core.package_identification:_identify(/home/ubuntu/scootbot/2.0.0) by extension 'python_setup_py'
[0.510s] Level 1:colcon.colcon_core.package_identification:_identify(/home/ubuntu/scootbot/2.0.0/build) by extensions ['ignore', 'ignore_ament_install']
[0.510s] Level 1:colcon.colcon_core.package_identification:_identify(/home/ubuntu/scootbot/2.0.0/build) by extension 'ignore'
[0.510s] Level 1:colcon.colcon_core.package_identification:_identify(/home/ubuntu/scootbot/2.0.0/build) ignored
[0.511s] Level 1:colcon.colcon_core.package_identification:_identify(/home/ubuntu/scootbot/2.0.0/install) by extensions ['ignore', 'ignore_ament_install']
[0.511s] Level 1:colcon.colcon_core.package_identification:_identify(/home/ubuntu/scootbot/2.0.0/install) by extension 'ignore'
[0.511s] Level 1:colcon.colcon_core.package_identification:_identify(/home/ubuntu/scootbot/2.0.0/install) ignored
[0.511s] Level 1:colcon.colcon_core.package_identification:_identify(/home/ubuntu/scootbot/2.0.0/log) by extensions ['ignore', 'ignore_ament_install']
[0.511s] Level 1:colcon.colcon_core.package_identification:_identify(/home/ubuntu/scootbot/2.0.0/log) by extension 'ignore'
[0.511s] Level 1:colcon.colcon_core.package_identification:_identify(/home/ubuntu/scootbot/2.0.0/log) ignored
[0.511s] Level 1:colcon.colcon_core.package_identification:_identify(/home/ubuntu/scootbot/2.0.0/src) by extensions ['ignore', 'ignore_ament_install']
[0.511s] Level 1:colcon.colcon_core.package_identification:_identify(/home/ubuntu/scootbot/2.0.0/src) by extension 'ignore'
[0.511s] Level 1:colcon.colcon_core.package_identification:_identify(/home/ubuntu/scootbot/2.0.0/src) by extension 'ignore_ament_install'
[0.511s] Level 1:colcon.colcon_core.package_identification:_identify(/home/ubuntu/scootbot/2.0.0/src) by extensions ['colcon_pkg']
[0.512s] Level 1:colcon.colcon_core.package_identification:_identify(/home/ubuntu/scootbot/2.0.0/src) by extension 'colcon_pkg'
[0.512s] Level 1:colcon.colcon_core.package_identification:_identify(/home/ubuntu/scootbot/2.0.0/src) by extensions ['colcon_meta']
[0.512s] Level 1:colcon.colcon_core.package_identification:_identify(/home/ubuntu/scootbot/2.0.0/src) by extension 'colcon_meta'
[0.512s] Level 1:colcon.colcon_core.package_identification:_identify(/home/ubuntu/scootbot/2.0.0/src) by extensions ['ros']
[0.512s] Level 1:colcon.colcon_core.package_identification:_identify(/home/ubuntu/scootbot/2.0.0/src) by extension 'ros'
[0.512s] Level 1:colcon.colcon_core.package_identification:_identify(/home/ubuntu/scootbot/2.0.0/src) by extensions ['cmake', 'python']
[0.512s] Level 1:colcon.colcon_core.package_identification:_identify(/home/ubuntu/scootbot/2.0.0/src) by extension 'cmake'
[0.512s] Level 1:colcon.colcon_core.package_identification:_identify(/home/ubuntu/scootbot/2.0.0/src) by extension 'python'
[0.512s] Level 1:colcon.colcon_core.package_identification:_identify(/home/ubuntu/scootbot/2.0.0/src) by extensions ['python_setup_py']
[0.512s] Level 1:colcon.colcon_core.package_identification:_identify(/home/ubuntu/scootbot/2.0.0/src) by extension 'python_setup_py'
[0.512s] Level 1:colcon.colcon_core.package_identification:_identify(/home/ubuntu/scootbot/2.0.0/src/scootbot) by extensions ['ignore', 'ignore_ament_install']
[0.512s] Level 1:colcon.colcon_core.package_identification:_identify(/home/ubuntu/scootbot/2.0.0/src/scootbot) by extension 'ignore'
[0.512s] Level 1:colcon.colcon_core.package_identification:_identify(/home/ubuntu/scootbot/2.0.0/src/scootbot) by extension 'ignore_ament_install'
[0.513s] Level 1:colcon.colcon_core.package_identification:_identify(/home/ubuntu/scootbot/2.0.0/src/scootbot) by extensions ['colcon_pkg']
[0.513s] Level 1:colcon.colcon_core.package_identification:_identify(/home/ubuntu/scootbot/2.0.0/src/scootbot) by extension 'colcon_pkg'
[0.513s] Level 1:colcon.colcon_core.package_identification:_identify(/home/ubuntu/scootbot/2.0.0/src/scootbot) by extensions ['colcon_meta']
[0.513s] Level 1:colcon.colcon_core.package_identification:_identify(/home/ubuntu/scootbot/2.0.0/src/scootbot) by extension 'colcon_meta'
[0.513s] Level 1:colcon.colcon_core.package_identification:_identify(/home/ubuntu/scootbot/2.0.0/src/scootbot) by extensions ['ros']
[0.513s] Level 1:colcon.colcon_core.package_identification:_identify(/home/ubuntu/scootbot/2.0.0/src/scootbot) by extension 'ros'
[0.515s] DEBUG:colcon.colcon_core.package_identification:Package '/home/ubuntu/scootbot/2.0.0/src/scootbot' with type 'ros.ament_cmake' and name 'scootbot'
[0.515s] Level 1:colcon.colcon_core.package_identification:_identify(/home/ubuntu/scootbot/2.0.0/src/twist_mux) by extensions ['ignore', 'ignore_ament_install']
[0.515s] Level 1:colcon.colcon_core.package_identification:_identify(/home/ubuntu/scootbot/2.0.0/src/twist_mux) by extension 'ignore'
[0.515s] Level 1:colcon.colcon_core.package_identification:_identify(/home/ubuntu/scootbot/2.0.0/src/twist_mux) by extension 'ignore_ament_install'
[0.516s] Level 1:colcon.colcon_core.package_identification:_identify(/home/ubuntu/scootbot/2.0.0/src/twist_mux) by extensions ['colcon_pkg']
[0.516s] Level 1:colcon.colcon_core.package_identification:_identify(/home/ubuntu/scootbot/2.0.0/src/twist_mux) by extension 'colcon_pkg'
[0.516s] Level 1:colcon.colcon_core.package_identification:_identify(/home/ubuntu/scootbot/2.0.0/src/twist_mux) by extensions ['colcon_meta']
[0.516s] Level 1:colcon.colcon_core.package_identification:_identify(/home/ubuntu/scootbot/2.0.0/src/twist_mux) by extension 'colcon_meta'
[0.516s] Level 1:colcon.colcon_core.package_identification:_identify(/home/ubuntu/scootbot/2.0.0/src/twist_mux) by extensions ['ros']
[0.516s] Level 1:colcon.colcon_core.package_identification:_identify(/home/ubuntu/scootbot/2.0.0/src/twist_mux) by extension 'ros'
[0.517s] DEBUG:colcon.colcon_core.package_identification:Package '/home/ubuntu/scootbot/2.0.0/src/twist_mux' with type 'ros.ament_cmake' and name 'twist_mux'
[0.517s] Level 1:colcon.colcon_core.package_discovery:discover_packages(recursive) using defaults
