[1.991s] Invoking command in '/home/ubuntu/scootbot/build/scootbot_description': CMAKE_PREFIX_PATH=${CMAKE_PREFIX_PATH}:/home/ubuntu/scootbot/install/sabertooth:/home/ubuntu/scootbot/install/joy_cmd:/home/ubuntu/scootbot/install/differential_drive:/opt/ros/foxy /usr/bin/cmake --build /home/ubuntu/scootbot/build/scootbot_description -- -j4 -l4
[2.559s] Invoked command in '/home/ubuntu/scootbot/build/scootbot_description' returned '0': CMAKE_PREFIX_PATH=${CMAKE_PREFIX_PATH}:/home/ubuntu/scootbot/install/sabertooth:/home/ubuntu/scootbot/install/joy_cmd:/home/ubuntu/scootbot/install/differential_drive:/opt/ros/foxy /usr/bin/cmake --build /home/ubuntu/scootbot/build/scootbot_description -- -j4 -l4
[2.759s] Invoking command in '/home/ubuntu/scootbot/build/scootbot_description': CMAKE_PREFIX_PATH=${CMAKE_PREFIX_PATH}:/home/ubuntu/scootbot/install/sabertooth:/home/ubuntu/scootbot/install/joy_cmd:/home/ubuntu/scootbot/install/differential_drive:/opt/ros/foxy /usr/bin/cmake --install /home/ubuntu/scootbot/build/scootbot_description
[2.812s] -- Install configuration: ""
[2.813s] -- Up-to-date: /home/ubuntu/scootbot/install/scootbot_description/share/scootbot_description/src
[2.815s] -- Up-to-date: /home/ubuntu/scootbot/install/scootbot_description/share/scootbot_description/src/description
[2.816s] -- Up-to-date: /home/ubuntu/scootbot/install/scootbot_description/share/scootbot_description/src/description/frame.obj
[2.817s] -- Up-to-date: /home/ubuntu/scootbot/install/scootbot_description/share/scootbot_description/src/description/scootbot_description.urdf
[2.819s] -- Up-to-date: /home/ubuntu/scootbot/install/scootbot_description/share/scootbot_description/launch
[2.820s] -- Installing: /home/ubuntu/scootbot/install/scootbot_description/share/scootbot_description/launch/display.launch.py
[2.822s] -- Up-to-date: /home/ubuntu/scootbot/install/scootbot_description/share/scootbot_description/rviz
[2.824s] -- Up-to-date: /home/ubuntu/scootbot/install/scootbot_description/share/scootbot_description/rviz/urdf_config.rviz
[2.825s] -- Up-to-date: /home/ubuntu/scootbot/install/scootbot_description/share/scootbot_description/config
[2.826s] -- Up-to-date: /home/ubuntu/scootbot/install/scootbot_description/share/scootbot_description/config/ekf.yaml
[2.828s] -- Up-to-date: /home/ubuntu/scootbot/install/scootbot_description/share/ament_index/resource_index/package_run_dependencies/scootbot_description
[2.829s] -- Up-to-date: /home/ubuntu/scootbot/install/scootbot_description/share/ament_index/resource_index/parent_prefix_path/scootbot_description
[2.831s] -- Up-to-date: /home/ubuntu/scootbot/install/scootbot_description/share/scootbot_description/environment/ament_prefix_path.sh
[2.833s] -- Up-to-date: /home/ubuntu/scootbot/install/scootbot_description/share/scootbot_description/environment/ament_prefix_path.dsv
[2.834s] -- Up-to-date: /home/ubuntu/scootbot/install/scootbot_description/share/scootbot_description/environment/path.sh
[2.836s] -- Up-to-date: /home/ubuntu/scootbot/install/scootbot_description/share/scootbot_description/environment/path.dsv
[2.837s] -- Up-to-date: /home/ubuntu/scootbot/install/scootbot_description/share/scootbot_description/local_setup.bash
[2.839s] -- Up-to-date: /home/ubuntu/scootbot/install/scootbot_description/share/scootbot_description/local_setup.sh
[2.840s] -- Up-to-date: /home/ubuntu/scootbot/install/scootbot_description/share/scootbot_description/local_setup.zsh
[2.842s] -- Up-to-date: /home/ubuntu/scootbot/install/scootbot_description/share/scootbot_description/local_setup.dsv
[2.844s] -- Installing: /home/ubuntu/scootbot/install/scootbot_description/share/scootbot_description/package.dsv
[2.849s] -- Up-to-date: /home/ubuntu/scootbot/install/scootbot_description/share/ament_index/resource_index/packages/scootbot_description
[2.851s] -- Up-to-date: /home/ubuntu/scootbot/install/scootbot_description/share/scootbot_description/cmake/scootbot_descriptionConfig.cmake
[2.853s] -- Up-to-date: /home/ubuntu/scootbot/install/scootbot_description/share/scootbot_description/cmake/scootbot_descriptionConfig-version.cmake
[2.855s] -- Up-to-date: /home/ubuntu/scootbot/install/scootbot_description/share/scootbot_description/package.xml
[2.871s] Invoked command in '/home/ubuntu/scootbot/build/scootbot_description' returned '0': CMAKE_PREFIX_PATH=${CMAKE_PREFIX_PATH}:/home/ubuntu/scootbot/install/sabertooth:/home/ubuntu/scootbot/install/joy_cmd:/home/ubuntu/scootbot/install/differential_drive:/opt/ros/foxy /usr/bin/cmake --install /home/ubuntu/scootbot/build/scootbot_description
