[0.054s] Invoking command in '/home/ubuntu/scootbot/3.0.0/build/twist_mux': CMAKE_PREFIX_PATH=${CMAKE_PREFIX_PATH}:/opt/ros/humble /usr/bin/cmake /home/ubuntu/scootbot/3.0.0/src/twist_mux -DCMAKE_INSTALL_PREFIX=/home/ubuntu/scootbot/3.0.0/install/twist_mux
[0.100s] -- Found ament_cmake: 1.3.3 (/opt/ros/humble/share/ament_cmake/cmake)
[0.594s] -- Override CMake install command with custom implementation using symlinks instead of copying resources
[0.627s] -- Found rclcpp: 16.0.3 (/opt/ros/humble/share/rclcpp/cmake)
[0.786s] -- Found rosidl_generator_c: 3.1.4 (/opt/ros/humble/share/rosidl_generator_c/cmake)
[0.802s] -- Found rosidl_adapter: 3.1.4 (/opt/ros/humble/share/rosidl_adapter/cmake)
[0.834s] -- Found rosidl_generator_cpp: 3.1.4 (/opt/ros/humble/share/rosidl_generator_cpp/cmake)
[0.896s] -- Using all available rosidl_typesupport_c: rosidl_typesupport_fastrtps_c;rosidl_typesupport_introspection_c
[0.978s] -- Using all available rosidl_typesupport_cpp: rosidl_typesupport_fastrtps_cpp;rosidl_typesupport_introspection_cpp
[1.326s] -- Found rmw_implementation_cmake: 6.1.1 (/opt/ros/humble/share/rmw_implementation_cmake/cmake)
[1.333s] -- Found rmw_fastrtps_cpp: 6.2.2 (/opt/ros/humble/share/rmw_fastrtps_cpp/cmake)
[1.897s] -- Using RMW implementation 'rmw_fastrtps_cpp' as default
[2.649s] -- Found geometry_msgs: 4.2.3 (/opt/ros/humble/share/geometry_msgs/cmake)
[2.854s] -- Found visualization_msgs: 4.2.3 (/opt/ros/humble/share/visualization_msgs/cmake)
[3.477s] -- Found diagnostic_updater: 3.0.0 (/opt/ros/humble/share/diagnostic_updater/cmake)
[4.034s] -- Found ament_lint_auto: 0.12.5 (/opt/ros/humble/share/ament_lint_auto/cmake)
[4.261s] -- Found python_cmake_module: 0.10.0 (/opt/ros/humble/share/python_cmake_module/cmake)
[4.314s] -- Using PYTHON_EXECUTABLE: /usr/bin/python3
[4.315s] -- Using PYTHON_INCLUDE_DIRS: /usr/include/python3.10
[4.315s] -- Using PYTHON_LIBRARIES: /usr/lib/x86_64-linux-gnu/libpython3.10.so
[4.346s] -- Added test 'xmllint' to check XML markup files
[4.347s] -- Added test 'copyright' to check source files copyright and LICENSE
[4.356s] -- Added test 'cppcheck' to perform static code analysis on C / C++ code
[4.357s] -- Configured cppcheck include dirs: /home/ubuntu/scootbot/3.0.0/src/twist_mux/include
[4.358s] -- Configured cppcheck exclude dirs and/or files: 
[4.366s] -- Added test 'cpplint' to check C / C++ code against the Google style
[4.367s] -- Configured cpplint exclude dirs and/or files: 
[4.369s] -- Added test 'flake8' to check Python code syntax and style conventions
[4.372s] -- Added test 'lint_cmake' to check CMake code style
[4.374s] -- Added test 'pep257' to check Python code against some of the docstring style conventions in PEP 257
[4.384s] -- Added test 'uncrustify' to check C / C++ code style
[4.384s] -- Configured uncrustify additional arguments: 
[4.390s] -- Configuring done
[4.455s] -- Generating done
[4.459s] -- Build files have been written to: /home/ubuntu/scootbot/3.0.0/build/twist_mux
[4.474s] Invoked command in '/home/ubuntu/scootbot/3.0.0/build/twist_mux' returned '0': CMAKE_PREFIX_PATH=${CMAKE_PREFIX_PATH}:/opt/ros/humble /usr/bin/cmake /home/ubuntu/scootbot/3.0.0/src/twist_mux -DCMAKE_INSTALL_PREFIX=/home/ubuntu/scootbot/3.0.0/install/twist_mux
[4.477s] Invoking command in '/home/ubuntu/scootbot/3.0.0/build/twist_mux': CMAKE_PREFIX_PATH=${CMAKE_PREFIX_PATH}:/opt/ros/humble /usr/bin/cmake --build /home/ubuntu/scootbot/3.0.0/build/twist_mux -- -j4 -l4
[4.552s] [35m[1mConsolidate compiler generated dependencies of target twist_mux[0m
[4.557s] [35m[1mConsolidate compiler generated dependencies of target twist_marker[0m
[4.616s] [ 33%] Built target twist_marker
[4.622s] [100%] Built target twist_mux
[4.640s] Invoked command in '/home/ubuntu/scootbot/3.0.0/build/twist_mux' returned '0': CMAKE_PREFIX_PATH=${CMAKE_PREFIX_PATH}:/opt/ros/humble /usr/bin/cmake --build /home/ubuntu/scootbot/3.0.0/build/twist_mux -- -j4 -l4
[4.717s] Invoking command in '/home/ubuntu/scootbot/3.0.0/build/twist_mux': CMAKE_PREFIX_PATH=${CMAKE_PREFIX_PATH}:/opt/ros/humble /usr/bin/cmake --install /home/ubuntu/scootbot/3.0.0/build/twist_mux
[4.736s] -- Install configuration: ""
[4.738s] -- Execute custom install script
[4.739s] -- Up-to-date symlink: /home/ubuntu/scootbot/3.0.0/install/twist_mux/lib/twist_mux/twist_mux
[4.739s] -- Up-to-date symlink: /home/ubuntu/scootbot/3.0.0/install/twist_mux/lib/twist_mux/twist_marker
[4.741s] -- Up-to-date symlink: /home/ubuntu/scootbot/3.0.0/install/twist_mux/share/twist_mux/launch/twist_mux.launch
[4.741s] -- Up-to-date symlink: /home/ubuntu/scootbot/3.0.0/install/twist_mux/share/twist_mux/launch/twist_mux_launch.py
[4.742s] -- Up-to-date symlink: /home/ubuntu/scootbot/3.0.0/install/twist_mux/share/twist_mux/config/joystick.yaml
[4.742s] -- Up-to-date symlink: /home/ubuntu/scootbot/3.0.0/install/twist_mux/share/twist_mux/config/twist_mux_locks.yaml
[4.743s] -- Up-to-date symlink: /home/ubuntu/scootbot/3.0.0/install/twist_mux/share/twist_mux/config/twist_mux_topics.yaml
[4.744s] -- Up-to-date symlink: /home/ubuntu/scootbot/3.0.0/install/twist_mux/include/twist_mux/params_helpers.hpp
[4.744s] -- Up-to-date symlink: /home/ubuntu/scootbot/3.0.0/install/twist_mux/include/twist_mux/topic_handle.hpp
[4.745s] -- Up-to-date symlink: /home/ubuntu/scootbot/3.0.0/install/twist_mux/include/twist_mux/twist_mux.hpp
[4.745s] -- Up-to-date symlink: /home/ubuntu/scootbot/3.0.0/install/twist_mux/include/twist_mux/twist_mux_diagnostics.hpp
[4.746s] -- Up-to-date symlink: /home/ubuntu/scootbot/3.0.0/install/twist_mux/include/twist_mux/twist_mux_diagnostics_status.hpp
[4.746s] -- Up-to-date symlink: /home/ubuntu/scootbot/3.0.0/install/twist_mux/include/twist_mux/utils.hpp
[4.748s] -- Up-to-date symlink: /home/ubuntu/scootbot/3.0.0/install/twist_mux/share/ament_index/resource_index/package_run_dependencies/twist_mux
[4.749s] -- Up-to-date symlink: /home/ubuntu/scootbot/3.0.0/install/twist_mux/share/ament_index/resource_index/parent_prefix_path/twist_mux
[4.749s] -- Up-to-date symlink: /home/ubuntu/scootbot/3.0.0/install/twist_mux/share/twist_mux/environment/ament_prefix_path.sh
[4.750s] -- Up-to-date symlink: /home/ubuntu/scootbot/3.0.0/install/twist_mux/share/twist_mux/environment/ament_prefix_path.dsv
[4.751s] -- Up-to-date symlink: /home/ubuntu/scootbot/3.0.0/install/twist_mux/share/twist_mux/environment/path.sh
[4.751s] -- Up-to-date symlink: /home/ubuntu/scootbot/3.0.0/install/twist_mux/share/twist_mux/environment/path.dsv
[4.752s] -- Up-to-date symlink: /home/ubuntu/scootbot/3.0.0/install/twist_mux/share/twist_mux/local_setup.bash
[4.752s] -- Up-to-date symlink: /home/ubuntu/scootbot/3.0.0/install/twist_mux/share/twist_mux/local_setup.sh
[4.753s] -- Up-to-date symlink: /home/ubuntu/scootbot/3.0.0/install/twist_mux/share/twist_mux/local_setup.zsh
[4.753s] -- Up-to-date symlink: /home/ubuntu/scootbot/3.0.0/install/twist_mux/share/twist_mux/local_setup.dsv
[4.754s] -- Symlinking: /home/ubuntu/scootbot/3.0.0/install/twist_mux/share/twist_mux/package.dsv
[4.776s] -- Up-to-date symlink: /home/ubuntu/scootbot/3.0.0/install/twist_mux/share/ament_index/resource_index/packages/twist_mux
[4.776s] -- Up-to-date symlink: /home/ubuntu/scootbot/3.0.0/install/twist_mux/share/twist_mux/cmake/ament_cmake_export_include_directories-extras.cmake
[4.777s] -- Up-to-date symlink: /home/ubuntu/scootbot/3.0.0/install/twist_mux/share/twist_mux/cmake/ament_cmake_export_dependencies-extras.cmake
[4.777s] -- Up-to-date symlink: /home/ubuntu/scootbot/3.0.0/install/twist_mux/share/twist_mux/cmake/twist_muxConfig.cmake
[4.778s] -- Up-to-date symlink: /home/ubuntu/scootbot/3.0.0/install/twist_mux/share/twist_mux/cmake/twist_muxConfig-version.cmake
[4.778s] -- Up-to-date symlink: /home/ubuntu/scootbot/3.0.0/install/twist_mux/share/twist_mux/package.xml
[4.790s] Invoked command in '/home/ubuntu/scootbot/3.0.0/build/twist_mux' returned '0': CMAKE_PREFIX_PATH=${CMAKE_PREFIX_PATH}:/opt/ros/humble /usr/bin/cmake --install /home/ubuntu/scootbot/3.0.0/build/twist_mux
