[0.042s] Invoking command in '/home/ubuntu/scootbot/build/scootbot_description': CMAKE_PREFIX_PATH=/home/ubuntu/scootbot/3.0.0/install/twist_mux:/home/ubuntu/scootbot/3.0.0/install/diffdrive_arduino:/opt/ros/humble:/home/ubuntu/scootbot/3.0.0/install/serial:/home/ubuntu/scootbot/3.0.0/install/scootbot:/home/ubuntu/scootbot/3.0.0/install/rplidar_ros /usr/bin/cmake /home/ubuntu/scootbot/1.0.0/src/scootbot_description -DCMAKE_INSTALL_PREFIX=/home/ubuntu/scootbot/install/scootbot_description
[0.520s] -- The C compiler identification is GNU 11.3.0
[0.853s] -- The CXX compiler identification is GNU 11.3.0
[0.901s] -- Detecting C compiler ABI info
[1.256s] -- Detecting C compiler ABI info - done
[1.308s] -- Check for working C compiler: /usr/bin/cc - skipped
[1.309s] -- Detecting C compile features
[1.311s] -- Detecting C compile features - done
[1.323s] -- Detecting CXX compiler ABI info
[1.787s] -- Detecting CXX compiler ABI info - done
[1.860s] -- Check for working CXX compiler: /usr/bin/c++ - skipped
[1.863s] -- Detecting CXX compile features
[1.867s] -- Detecting CXX compile features - done
[1.885s] -- Found ament_cmake: 1.3.3 (/opt/ros/humble/share/ament_cmake/cmake)
[2.945s] -- Found Python3: /usr/bin/python3.10 (found version "3.10.6") found components: Interpreter 
[3.385s] -- Found ament_lint_auto: 0.12.5 (/opt/ros/humble/share/ament_lint_auto/cmake)
[3.807s] -- Added test 'copyright' to check source files copyright and LICENSE
[3.831s] -- Added test 'flake8' to check Python code syntax and style conventions
[3.837s] -- Added test 'lint_cmake' to check CMake code style
[3.841s] -- Added test 'pep257' to check Python code against some of the docstring style conventions in PEP 257
[3.852s] -- Added test 'xmllint' to check XML markup files
[3.857s] -- Configuring done
[3.869s] -- Generating done
[3.872s] -- Build files have been written to: /home/ubuntu/scootbot/build/scootbot_description
[3.887s] Invoked command in '/home/ubuntu/scootbot/build/scootbot_description' returned '0': CMAKE_PREFIX_PATH=/home/ubuntu/scootbot/3.0.0/install/twist_mux:/home/ubuntu/scootbot/3.0.0/install/diffdrive_arduino:/opt/ros/humble:/home/ubuntu/scootbot/3.0.0/install/serial:/home/ubuntu/scootbot/3.0.0/install/scootbot:/home/ubuntu/scootbot/3.0.0/install/rplidar_ros /usr/bin/cmake /home/ubuntu/scootbot/1.0.0/src/scootbot_description -DCMAKE_INSTALL_PREFIX=/home/ubuntu/scootbot/install/scootbot_description
[3.891s] Invoking command in '/home/ubuntu/scootbot/build/scootbot_description': CMAKE_PREFIX_PATH=/home/ubuntu/scootbot/3.0.0/install/twist_mux:/home/ubuntu/scootbot/3.0.0/install/diffdrive_arduino:/opt/ros/humble:/home/ubuntu/scootbot/3.0.0/install/serial:/home/ubuntu/scootbot/3.0.0/install/scootbot:/home/ubuntu/scootbot/3.0.0/install/rplidar_ros /usr/bin/cmake --build /home/ubuntu/scootbot/build/scootbot_description -- -j4 -l4
[4.028s] Invoked command in '/home/ubuntu/scootbot/build/scootbot_description' returned '0': CMAKE_PREFIX_PATH=/home/ubuntu/scootbot/3.0.0/install/twist_mux:/home/ubuntu/scootbot/3.0.0/install/diffdrive_arduino:/opt/ros/humble:/home/ubuntu/scootbot/3.0.0/install/serial:/home/ubuntu/scootbot/3.0.0/install/scootbot:/home/ubuntu/scootbot/3.0.0/install/rplidar_ros /usr/bin/cmake --build /home/ubuntu/scootbot/build/scootbot_description -- -j4 -l4
[4.152s] Invoking command in '/home/ubuntu/scootbot/build/scootbot_description': CMAKE_PREFIX_PATH=/home/ubuntu/scootbot/3.0.0/install/twist_mux:/home/ubuntu/scootbot/3.0.0/install/diffdrive_arduino:/opt/ros/humble:/home/ubuntu/scootbot/3.0.0/install/serial:/home/ubuntu/scootbot/3.0.0/install/scootbot:/home/ubuntu/scootbot/3.0.0/install/rplidar_ros /usr/bin/cmake --install /home/ubuntu/scootbot/build/scootbot_description
[4.178s] -- Install configuration: ""
[4.178s] -- Installing: /home/ubuntu/scootbot/install/scootbot_description/share/scootbot_description/src
[4.179s] -- Installing: /home/ubuntu/scootbot/install/scootbot_description/share/scootbot_description/src/description
[4.180s] -- Installing: /home/ubuntu/scootbot/install/scootbot_description/share/scootbot_description/src/description/wheel_collision_primitive.stl
[4.181s] -- Installing: /home/ubuntu/scootbot/install/scootbot_description/share/scootbot_description/src/description/frame_collision_primitive.stl
[4.183s] -- Installing: /home/ubuntu/scootbot/install/scootbot_description/share/scootbot_description/src/description/frame.obj
[4.187s] -- Installing: /home/ubuntu/scootbot/install/scootbot_description/share/scootbot_description/src/description/1682225_Tyre_-_Tyre_With_Rims_and_Rims_only__updated_
[4.188s] -- Installing: /home/ubuntu/scootbot/install/scootbot_description/share/scootbot_description/src/description/1682225_Tyre_-_Tyre_With_Rims_and_Rims_only__updated_/LICENSE.txt
[4.188s] -- Installing: /home/ubuntu/scootbot/install/scootbot_description/share/scootbot_description/src/description/1682225_Tyre_-_Tyre_With_Rims_and_Rims_only__updated_/files
[4.190s] -- Installing: /home/ubuntu/scootbot/install/scootbot_description/share/scootbot_description/src/description/1682225_Tyre_-_Tyre_With_Rims_and_Rims_only__updated_/files/Back_Tyre_Inside.STL
[4.196s] -- Installing: /home/ubuntu/scootbot/install/scootbot_description/share/scootbot_description/src/description/1682225_Tyre_-_Tyre_With_Rims_and_Rims_only__updated_/files/Tyre2-H.STL
[4.203s] -- Installing: /home/ubuntu/scootbot/install/scootbot_description/share/scootbot_description/src/description/1682225_Tyre_-_Tyre_With_Rims_and_Rims_only__updated_/files/Front_Rim.stl
[4.220s] -- Installing: /home/ubuntu/scootbot/install/scootbot_description/share/scootbot_description/src/description/1682225_Tyre_-_Tyre_With_Rims_and_Rims_only__updated_/files/Back_Rim_Inside.stl
[4.227s] -- Installing: /home/ubuntu/scootbot/install/scootbot_description/share/scootbot_description/src/description/1682225_Tyre_-_Tyre_With_Rims_and_Rims_only__updated_/files/Front_Tyre_With_Rim.STL
[4.235s] -- Installing: /home/ubuntu/scootbot/install/scootbot_description/share/scootbot_description/src/description/1682225_Tyre_-_Tyre_With_Rims_and_Rims_only__updated_/files/Tyre2.STL
[4.241s] -- Installing: /home/ubuntu/scootbot/install/scootbot_description/share/scootbot_description/src/description/1682225_Tyre_-_Tyre_With_Rims_and_Rims_only__updated_/files/Back_rim_outside.stl
[4.251s] -- Installing: /home/ubuntu/scootbot/install/scootbot_description/share/scootbot_description/src/description/1682225_Tyre_-_Tyre_With_Rims_and_Rims_only__updated_/files/Back_Tyre_Outside.STL
[4.260s] -- Installing: /home/ubuntu/scootbot/install/scootbot_description/share/scootbot_description/src/description/1682225_Tyre_-_Tyre_With_Rims_and_Rims_only__updated_/README.txt
[4.261s] -- Installing: /home/ubuntu/scootbot/install/scootbot_description/share/scootbot_description/src/description/1682225_Tyre_-_Tyre_With_Rims_and_Rims_only__updated_/images
[4.261s] -- Installing: /home/ubuntu/scootbot/install/scootbot_description/share/scootbot_description/src/description/1682225_Tyre_-_Tyre_With_Rims_and_Rims_only__updated_/images/IMG_3259.JPG
[4.268s] -- Installing: /home/ubuntu/scootbot/install/scootbot_description/share/scootbot_description/src/description/1682225_Tyre_-_Tyre_With_Rims_and_Rims_only__updated_/images/Front_Tyre_With_Rim.png
[4.270s] -- Installing: /home/ubuntu/scootbot/install/scootbot_description/share/scootbot_description/src/description/1682225_Tyre_-_Tyre_With_Rims_and_Rims_only__updated_/images/IMG_3260.JPG
[4.279s] -- Installing: /home/ubuntu/scootbot/install/scootbot_description/share/scootbot_description/src/description/1682225_Tyre_-_Tyre_With_Rims_and_Rims_only__updated_/images/Back_Rim_Inside.png
[4.281s] -- Installing: /home/ubuntu/scootbot/install/scootbot_description/share/scootbot_description/src/description/1682225_Tyre_-_Tyre_With_Rims_and_Rims_only__updated_/images/Front_Rim.png
[4.283s] -- Installing: /home/ubuntu/scootbot/install/scootbot_description/share/scootbot_description/src/description/1682225_Tyre_-_Tyre_With_Rims_and_Rims_only__updated_/images/IMG_3261.JPG
[4.290s] -- Installing: /home/ubuntu/scootbot/install/scootbot_description/share/scootbot_description/src/description/1682225_Tyre_-_Tyre_With_Rims_and_Rims_only__updated_/images/Back_rim_outside.png
[4.292s] -- Installing: /home/ubuntu/scootbot/install/scootbot_description/share/scootbot_description/src/description/1682225_Tyre_-_Tyre_With_Rims_and_Rims_only__updated_/images/Back_Tyre_Outside.png
[4.295s] -- Installing: /home/ubuntu/scootbot/install/scootbot_description/share/scootbot_description/src/description/1682225_Tyre_-_Tyre_With_Rims_and_Rims_only__updated_/images/Back_Tyre_Inside.png
[4.297s] -- Installing: /home/ubuntu/scootbot/install/scootbot_description/share/scootbot_description/src/description/1682225_Tyre_-_Tyre_With_Rims_and_Rims_only__updated_/images/Tyre2-H.png
[4.299s] -- Installing: /home/ubuntu/scootbot/install/scootbot_description/share/scootbot_description/src/description/1682225_Tyre_-_Tyre_With_Rims_and_Rims_only__updated_/images/Tyre2.png
[4.301s] -- Installing: /home/ubuntu/scootbot/install/scootbot_description/share/scootbot_description/src/description/frame.obj.bak
[4.307s] -- Installing: /home/ubuntu/scootbot/install/scootbot_description/share/scootbot_description/src/description/inertial_calc.py
[4.308s] -- Installing: /home/ubuntu/scootbot/install/scootbot_description/share/scootbot_description/src/description/caster_frame.obj
[4.309s] -- Installing: /home/ubuntu/scootbot/install/scootbot_description/share/scootbot_description/src/description/tyre.mtl
[4.310s] -- Installing: /home/ubuntu/scootbot/install/scootbot_description/share/scootbot_description/src/description/tyre.obj
[4.320s] -- Installing: /home/ubuntu/scootbot/install/scootbot_description/share/scootbot_description/src/description/frame.stl
[4.325s] -- Installing: /home/ubuntu/scootbot/install/scootbot_description/share/scootbot_description/src/description/wheel.stl
[4.333s] -- Installing: /home/ubuntu/scootbot/install/scootbot_description/share/scootbot_description/launch
[4.334s] -- Installing: /home/ubuntu/scootbot/install/scootbot_description/share/scootbot_description/launch/display.launch.py
[4.335s] -- Installing: /home/ubuntu/scootbot/install/scootbot_description/share/scootbot_description/rviz
[4.336s] -- Installing: /home/ubuntu/scootbot/install/scootbot_description/share/scootbot_description/rviz/urdf_config.rviz
[4.337s] -- Installing: /home/ubuntu/scootbot/install/scootbot_description/share/scootbot_description/config
[4.337s] -- Installing: /home/ubuntu/scootbot/install/scootbot_description/share/scootbot_description/config/ekf copy.yaml
[4.338s] -- Installing: /home/ubuntu/scootbot/install/scootbot_description/share/scootbot_description/config/ekf.yaml
[4.339s] -- Installing: /home/ubuntu/scootbot/install/scootbot_description/share/ament_index/resource_index/package_run_dependencies/scootbot_description
[4.341s] -- Installing: /home/ubuntu/scootbot/install/scootbot_description/share/ament_index/resource_index/parent_prefix_path/scootbot_description
[4.342s] -- Installing: /home/ubuntu/scootbot/install/scootbot_description/share/scootbot_description/environment/ament_prefix_path.sh
[4.343s] -- Installing: /home/ubuntu/scootbot/install/scootbot_description/share/scootbot_description/environment/ament_prefix_path.dsv
[4.344s] -- Installing: /home/ubuntu/scootbot/install/scootbot_description/share/scootbot_description/environment/path.sh
[4.345s] -- Installing: /home/ubuntu/scootbot/install/scootbot_description/share/scootbot_description/environment/path.dsv
[4.346s] -- Installing: /home/ubuntu/scootbot/install/scootbot_description/share/scootbot_description/local_setup.bash
[4.347s] -- Installing: /home/ubuntu/scootbot/install/scootbot_description/share/scootbot_description/local_setup.sh
[4.348s] -- Installing: /home/ubuntu/scootbot/install/scootbot_description/share/scootbot_description/local_setup.zsh
[4.349s] -- Installing: /home/ubuntu/scootbot/install/scootbot_description/share/scootbot_description/local_setup.dsv
[4.350s] -- Installing: /home/ubuntu/scootbot/install/scootbot_description/share/scootbot_description/package.dsv
[4.351s] -- Installing: /home/ubuntu/scootbot/install/scootbot_description/share/ament_index/resource_index/packages/scootbot_description
[4.352s] -- Installing: /home/ubuntu/scootbot/install/scootbot_description/share/scootbot_description/cmake/scootbot_descriptionConfig.cmake
[4.352s] -- Installing: /home/ubuntu/scootbot/install/scootbot_description/share/scootbot_description/cmake/scootbot_descriptionConfig-version.cmake
[4.353s] -- Installing: /home/ubuntu/scootbot/install/scootbot_description/share/scootbot_description/package.xml
[4.366s] Invoked command in '/home/ubuntu/scootbot/build/scootbot_description' returned '0': CMAKE_PREFIX_PATH=/home/ubuntu/scootbot/3.0.0/install/twist_mux:/home/ubuntu/scootbot/3.0.0/install/diffdrive_arduino:/opt/ros/humble:/home/ubuntu/scootbot/3.0.0/install/serial:/home/ubuntu/scootbot/3.0.0/install/scootbot:/home/ubuntu/scootbot/3.0.0/install/rplidar_ros /usr/bin/cmake --install /home/ubuntu/scootbot/build/scootbot_description
