[1.692s] DEBUG:colcon:Command line arguments: ['/usr/bin/colcon', 'build']
[1.693s] DEBUG:colcon:Parsed command line arguments: Namespace(allow_overriding=[], ament_cmake_args=None, base_paths=['.'], build_base='build', catkin_cmake_args=None, catkin_skip_building_tests=False, cmake_args=None, cmake_clean_cache=False, cmake_clean_first=False, cmake_force_configure=False, cmake_target=None, cmake_target_skip_unavailable=False, continue_on_error=False, event_handlers=None, executor='parallel', ignore_user_meta=False, install_base='install', log_base=None, log_level=None, main=<bound method BuildVerb.main of <colcon_core.verb.build.BuildVerb object at 0xffffa18f73d0>>, merge_install=False, metas=['./colcon.meta'], packages_above=None, packages_above_and_dependencies=None, packages_above_depth=None, packages_end=None, packages_ignore=None, packages_ignore_regex=None, packages_select=None, packages_select_build_failed=False, packages_select_by_dep=None, packages_select_regex=None, packages_select_test_failures=False, packages_skip=None, packages_skip_build_finished=False, packages_skip_by_dep=None, packages_skip_regex=None, packages_skip_test_passed=False, packages_skip_up_to=None, packages_start=None, packages_up_to=None, packages_up_to_regex=None, parallel_workers=4, paths=None, symlink_install=False, test_result_base=None, verb_extension=<colcon_core.verb.build.BuildVerb object at 0xffffa18f73d0>, verb_name='build', verb_parser=<colcon_defaults.argument_parser.defaults.DefaultArgumentsDecorator object at 0xffffa18f7910>)
[2.051s] Level 1:colcon.colcon_core.package_discovery:discover_packages(colcon_meta) check parameters
[2.052s] Level 1:colcon.colcon_core.package_discovery:discover_packages(recursive) check parameters
[2.052s] Level 1:colcon.colcon_core.package_discovery:discover_packages(ignore) check parameters
[2.053s] Level 1:colcon.colcon_core.package_discovery:discover_packages(path) check parameters
[2.053s] Level 1:colcon.colcon_core.package_discovery:discover_packages(colcon_meta) discover
[2.054s] Level 1:colcon.colcon_core.package_discovery:discover_packages(recursive) discover
[2.054s] INFO:colcon.colcon_core.package_discovery:Crawling recursively for packages in '/home/ubuntu/scootbot'
[2.056s] Level 1:colcon.colcon_core.package_identification:_identify(.) by extensions ['ignore', 'ignore_ament_install']
[2.057s] Level 1:colcon.colcon_core.package_identification:_identify(.) by extension 'ignore'
[2.057s] Level 1:colcon.colcon_core.package_identification:_identify(.) by extension 'ignore_ament_install'
[2.058s] Level 1:colcon.colcon_core.package_identification:_identify(.) by extensions ['colcon_pkg']
[2.058s] Level 1:colcon.colcon_core.package_identification:_identify(.) by extension 'colcon_pkg'
[2.059s] Level 1:colcon.colcon_core.package_identification:_identify(.) by extensions ['colcon_meta']
[2.059s] Level 1:colcon.colcon_core.package_identification:_identify(.) by extension 'colcon_meta'
[2.059s] Level 1:colcon.colcon_core.package_identification:_identify(.) by extensions ['ros']
[2.060s] Level 1:colcon.colcon_core.package_identification:_identify(.) by extension 'ros'
[2.192s] Level 1:colcon.colcon_core.package_identification:_identify(.) by extensions ['cmake', 'python']
[2.193s] Level 1:colcon.colcon_core.package_identification:_identify(.) by extension 'cmake'
[2.194s] Level 1:colcon.colcon_core.package_identification:_identify(.) by extension 'python'
[2.195s] Level 1:colcon.colcon_core.package_identification:_identify(.) by extensions ['python_setup_py']
[2.195s] Level 1:colcon.colcon_core.package_identification:_identify(.) by extension 'python_setup_py'
[2.198s] Level 1:colcon.colcon_core.package_identification:_identify(api) by extensions ['ignore', 'ignore_ament_install']
[2.199s] Level 1:colcon.colcon_core.package_identification:_identify(api) by extension 'ignore'
[2.199s] Level 1:colcon.colcon_core.package_identification:_identify(api) by extension 'ignore_ament_install'
[2.200s] Level 1:colcon.colcon_core.package_identification:_identify(api) by extensions ['colcon_pkg']
[2.200s] Level 1:colcon.colcon_core.package_identification:_identify(api) by extension 'colcon_pkg'
[2.201s] Level 1:colcon.colcon_core.package_identification:_identify(api) by extensions ['colcon_meta']
[2.201s] Level 1:colcon.colcon_core.package_identification:_identify(api) by extension 'colcon_meta'
[2.202s] Level 1:colcon.colcon_core.package_identification:_identify(api) by extensions ['ros']
[2.202s] Level 1:colcon.colcon_core.package_identification:_identify(api) by extension 'ros'
[2.203s] Level 1:colcon.colcon_core.package_identification:_identify(api) by extensions ['cmake', 'python']
[2.203s] Level 1:colcon.colcon_core.package_identification:_identify(api) by extension 'cmake'
[2.204s] Level 1:colcon.colcon_core.package_identification:_identify(api) by extension 'python'
[2.204s] Level 1:colcon.colcon_core.package_identification:_identify(api) by extensions ['python_setup_py']
[2.204s] Level 1:colcon.colcon_core.package_identification:_identify(api) by extension 'python_setup_py'
[2.214s] Level 1:colcon.colcon_core.package_identification:_identify(api/__pycache__) by extensions ['ignore', 'ignore_ament_install']
[2.215s] Level 1:colcon.colcon_core.package_identification:_identify(api/__pycache__) by extension 'ignore'
[2.216s] Level 1:colcon.colcon_core.package_identification:_identify(api/__pycache__) by extension 'ignore_ament_install'
[2.217s] Level 1:colcon.colcon_core.package_identification:_identify(api/__pycache__) by extensions ['colcon_pkg']
[2.217s] Level 1:colcon.colcon_core.package_identification:_identify(api/__pycache__) by extension 'colcon_pkg'
[2.218s] Level 1:colcon.colcon_core.package_identification:_identify(api/__pycache__) by extensions ['colcon_meta']
[2.218s] Level 1:colcon.colcon_core.package_identification:_identify(api/__pycache__) by extension 'colcon_meta'
[2.219s] Level 1:colcon.colcon_core.package_identification:_identify(api/__pycache__) by extensions ['ros']
[2.219s] Level 1:colcon.colcon_core.package_identification:_identify(api/__pycache__) by extension 'ros'
[2.221s] Level 1:colcon.colcon_core.package_identification:_identify(api/__pycache__) by extensions ['cmake', 'python']
[2.221s] Level 1:colcon.colcon_core.package_identification:_identify(api/__pycache__) by extension 'cmake'
[2.222s] Level 1:colcon.colcon_core.package_identification:_identify(api/__pycache__) by extension 'python'
[2.222s] Level 1:colcon.colcon_core.package_identification:_identify(api/__pycache__) by extensions ['python_setup_py']
[2.223s] Level 1:colcon.colcon_core.package_identification:_identify(api/__pycache__) by extension 'python_setup_py'
[2.224s] Level 1:colcon.colcon_core.package_identification:_identify(build) by extensions ['ignore', 'ignore_ament_install']
[2.225s] Level 1:colcon.colcon_core.package_identification:_identify(build) by extension 'ignore'
[2.225s] Level 1:colcon.colcon_core.package_identification:_identify(build) ignored
[2.226s] Level 1:colcon.colcon_core.package_identification:_identify(config) by extensions ['ignore', 'ignore_ament_install']
[2.227s] Level 1:colcon.colcon_core.package_identification:_identify(config) by extension 'ignore'
[2.228s] Level 1:colcon.colcon_core.package_identification:_identify(config) by extension 'ignore_ament_install'
[2.229s] Level 1:colcon.colcon_core.package_identification:_identify(config) by extensions ['colcon_pkg']
[2.229s] Level 1:colcon.colcon_core.package_identification:_identify(config) by extension 'colcon_pkg'
[2.230s] Level 1:colcon.colcon_core.package_identification:_identify(config) by extensions ['colcon_meta']
[2.230s] Level 1:colcon.colcon_core.package_identification:_identify(config) by extension 'colcon_meta'
[2.231s] Level 1:colcon.colcon_core.package_identification:_identify(config) by extensions ['ros']
[2.231s] Level 1:colcon.colcon_core.package_identification:_identify(config) by extension 'ros'
[2.232s] Level 1:colcon.colcon_core.package_identification:_identify(config) by extensions ['cmake', 'python']
[2.232s] Level 1:colcon.colcon_core.package_identification:_identify(config) by extension 'cmake'
[2.233s] Level 1:colcon.colcon_core.package_identification:_identify(config) by extension 'python'
[2.234s] Level 1:colcon.colcon_core.package_identification:_identify(config) by extensions ['python_setup_py']
[2.234s] Level 1:colcon.colcon_core.package_identification:_identify(config) by extension 'python_setup_py'
[2.236s] Level 1:colcon.colcon_core.package_identification:_identify(install) by extensions ['ignore', 'ignore_ament_install']
[2.237s] Level 1:colcon.colcon_core.package_identification:_identify(install) by extension 'ignore'
[2.237s] Level 1:colcon.colcon_core.package_identification:_identify(install) ignored
[2.239s] Level 1:colcon.colcon_core.package_identification:_identify(launch) by extensions ['ignore', 'ignore_ament_install']
[2.240s] Level 1:colcon.colcon_core.package_identification:_identify(launch) by extension 'ignore'
[2.241s] Level 1:colcon.colcon_core.package_identification:_identify(launch) by extension 'ignore_ament_install'
[2.242s] Level 1:colcon.colcon_core.package_identification:_identify(launch) by extensions ['colcon_pkg']
[2.242s] Level 1:colcon.colcon_core.package_identification:_identify(launch) by extension 'colcon_pkg'
[2.243s] Level 1:colcon.colcon_core.package_identification:_identify(launch) by extensions ['colcon_meta']
[2.243s] Level 1:colcon.colcon_core.package_identification:_identify(launch) by extension 'colcon_meta'
[2.243s] Level 1:colcon.colcon_core.package_identification:_identify(launch) by extensions ['ros']
[2.244s] Level 1:colcon.colcon_core.package_identification:_identify(launch) by extension 'ros'
[2.245s] Level 1:colcon.colcon_core.package_identification:_identify(launch) by extensions ['cmake', 'python']
[2.245s] Level 1:colcon.colcon_core.package_identification:_identify(launch) by extension 'cmake'
[2.245s] Level 1:colcon.colcon_core.package_identification:_identify(launch) by extension 'python'
[2.246s] Level 1:colcon.colcon_core.package_identification:_identify(launch) by extensions ['python_setup_py']
[2.246s] Level 1:colcon.colcon_core.package_identification:_identify(launch) by extension 'python_setup_py'
[2.248s] Level 1:colcon.colcon_core.package_identification:_identify(log) by extensions ['ignore', 'ignore_ament_install']
[2.249s] Level 1:colcon.colcon_core.package_identification:_identify(log) by extension 'ignore'
[2.249s] Level 1:colcon.colcon_core.package_identification:_identify(log) ignored
[2.250s] Level 1:colcon.colcon_core.package_identification:_identify(scripts) by extensions ['ignore', 'ignore_ament_install']
[2.251s] Level 1:colcon.colcon_core.package_identification:_identify(scripts) by extension 'ignore'
[2.252s] Level 1:colcon.colcon_core.package_identification:_identify(scripts) by extension 'ignore_ament_install'
[2.252s] Level 1:colcon.colcon_core.package_identification:_identify(scripts) by extensions ['colcon_pkg']
[2.253s] Level 1:colcon.colcon_core.package_identification:_identify(scripts) by extension 'colcon_pkg'
[2.253s] Level 1:colcon.colcon_core.package_identification:_identify(scripts) by extensions ['colcon_meta']
[2.254s] Level 1:colcon.colcon_core.package_identification:_identify(scripts) by extension 'colcon_meta'
[2.255s] Level 1:colcon.colcon_core.package_identification:_identify(scripts) by extensions ['ros']
[2.255s] Level 1:colcon.colcon_core.package_identification:_identify(scripts) by extension 'ros'
[2.256s] Level 1:colcon.colcon_core.package_identification:_identify(scripts) by extensions ['cmake', 'python']
[2.256s] Level 1:colcon.colcon_core.package_identification:_identify(scripts) by extension 'cmake'
[2.257s] Level 1:colcon.colcon_core.package_identification:_identify(scripts) by extension 'python'
[2.257s] Level 1:colcon.colcon_core.package_identification:_identify(scripts) by extensions ['python_setup_py']
[2.258s] Level 1:colcon.colcon_core.package_identification:_identify(scripts) by extension 'python_setup_py'
[2.260s] Level 1:colcon.colcon_core.package_identification:_identify(scripts/ai) by extensions ['ignore', 'ignore_ament_install']
[2.261s] Level 1:colcon.colcon_core.package_identification:_identify(scripts/ai) by extension 'ignore'
[2.261s] Level 1:colcon.colcon_core.package_identification:_identify(scripts/ai) by extension 'ignore_ament_install'
[2.262s] Level 1:colcon.colcon_core.package_identification:_identify(scripts/ai) by extensions ['colcon_pkg']
[2.262s] Level 1:colcon.colcon_core.package_identification:_identify(scripts/ai) by extension 'colcon_pkg'
[2.263s] Level 1:colcon.colcon_core.package_identification:_identify(scripts/ai) by extensions ['colcon_meta']
[2.263s] Level 1:colcon.colcon_core.package_identification:_identify(scripts/ai) by extension 'colcon_meta'
[2.264s] Level 1:colcon.colcon_core.package_identification:_identify(scripts/ai) by extensions ['ros']
[2.264s] Level 1:colcon.colcon_core.package_identification:_identify(scripts/ai) by extension 'ros'
[2.265s] Level 1:colcon.colcon_core.package_identification:_identify(scripts/ai) by extensions ['cmake', 'python']
[2.265s] Level 1:colcon.colcon_core.package_identification:_identify(scripts/ai) by extension 'cmake'
[2.265s] Level 1:colcon.colcon_core.package_identification:_identify(scripts/ai) by extension 'python'
[2.266s] Level 1:colcon.colcon_core.package_identification:_identify(scripts/ai) by extensions ['python_setup_py']
[2.266s] Level 1:colcon.colcon_core.package_identification:_identify(scripts/ai) by extension 'python_setup_py'
[2.267s] Level 1:colcon.colcon_core.package_identification:_identify(scripts/motor) by extensions ['ignore', 'ignore_ament_install']
[2.268s] Level 1:colcon.colcon_core.package_identification:_identify(scripts/motor) by extension 'ignore'
[2.269s] Level 1:colcon.colcon_core.package_identification:_identify(scripts/motor) by extension 'ignore_ament_install'
[2.270s] Level 1:colcon.colcon_core.package_identification:_identify(scripts/motor) by extensions ['colcon_pkg']
[2.270s] Level 1:colcon.colcon_core.package_identification:_identify(scripts/motor) by extension 'colcon_pkg'
[2.271s] Level 1:colcon.colcon_core.package_identification:_identify(scripts/motor) by extensions ['colcon_meta']
[2.271s] Level 1:colcon.colcon_core.package_identification:_identify(scripts/motor) by extension 'colcon_meta'
[2.272s] Level 1:colcon.colcon_core.package_identification:_identify(scripts/motor) by extensions ['ros']
[2.273s] Level 1:colcon.colcon_core.package_identification:_identify(scripts/motor) by extension 'ros'
[2.274s] Level 1:colcon.colcon_core.package_identification:_identify(scripts/motor) by extensions ['cmake', 'python']
[2.275s] Level 1:colcon.colcon_core.package_identification:_identify(scripts/motor) by extension 'cmake'
[2.275s] Level 1:colcon.colcon_core.package_identification:_identify(scripts/motor) by extension 'python'
[2.276s] Level 1:colcon.colcon_core.package_identification:_identify(scripts/motor) by extensions ['python_setup_py']
[2.276s] Level 1:colcon.colcon_core.package_identification:_identify(scripts/motor) by extension 'python_setup_py'
[2.279s] Level 1:colcon.colcon_core.package_identification:_identify(scripts/ws) by extensions ['ignore', 'ignore_ament_install']
[2.280s] Level 1:colcon.colcon_core.package_identification:_identify(scripts/ws) by extension 'ignore'
[2.280s] Level 1:colcon.colcon_core.package_identification:_identify(scripts/ws) by extension 'ignore_ament_install'
[2.281s] Level 1:colcon.colcon_core.package_identification:_identify(scripts/ws) by extensions ['colcon_pkg']
[2.281s] Level 1:colcon.colcon_core.package_identification:_identify(scripts/ws) by extension 'colcon_pkg'
[2.281s] Level 1:colcon.colcon_core.package_identification:_identify(scripts/ws) by extensions ['colcon_meta']
[2.282s] Level 1:colcon.colcon_core.package_identification:_identify(scripts/ws) by extension 'colcon_meta'
[2.282s] Level 1:colcon.colcon_core.package_identification:_identify(scripts/ws) by extensions ['ros']
[2.282s] Level 1:colcon.colcon_core.package_identification:_identify(scripts/ws) by extension 'ros'
[2.283s] Level 1:colcon.colcon_core.package_identification:_identify(scripts/ws) by extensions ['cmake', 'python']
[2.284s] Level 1:colcon.colcon_core.package_identification:_identify(scripts/ws) by extension 'cmake'
[2.284s] Level 1:colcon.colcon_core.package_identification:_identify(scripts/ws) by extension 'python'
[2.284s] Level 1:colcon.colcon_core.package_identification:_identify(scripts/ws) by extensions ['python_setup_py']
[2.285s] Level 1:colcon.colcon_core.package_identification:_identify(scripts/ws) by extension 'python_setup_py'
[2.286s] Level 1:colcon.colcon_core.package_identification:_identify(src) by extensions ['ignore', 'ignore_ament_install']
[2.287s] Level 1:colcon.colcon_core.package_identification:_identify(src) by extension 'ignore'
[2.287s] Level 1:colcon.colcon_core.package_identification:_identify(src) by extension 'ignore_ament_install'
[2.288s] Level 1:colcon.colcon_core.package_identification:_identify(src) by extensions ['colcon_pkg']
[2.288s] Level 1:colcon.colcon_core.package_identification:_identify(src) by extension 'colcon_pkg'
[2.288s] Level 1:colcon.colcon_core.package_identification:_identify(src) by extensions ['colcon_meta']
[2.289s] Level 1:colcon.colcon_core.package_identification:_identify(src) by extension 'colcon_meta'
[2.289s] Level 1:colcon.colcon_core.package_identification:_identify(src) by extensions ['ros']
[2.289s] Level 1:colcon.colcon_core.package_identification:_identify(src) by extension 'ros'
[2.290s] Level 1:colcon.colcon_core.package_identification:_identify(src) by extensions ['cmake', 'python']
[2.291s] Level 1:colcon.colcon_core.package_identification:_identify(src) by extension 'cmake'
[2.291s] Level 1:colcon.colcon_core.package_identification:_identify(src) by extension 'python'
[2.292s] Level 1:colcon.colcon_core.package_identification:_identify(src) by extensions ['python_setup_py']
[2.292s] Level 1:colcon.colcon_core.package_identification:_identify(src) by extension 'python_setup_py'
[2.294s] Level 1:colcon.colcon_core.package_identification:_identify(src/ros2_differential_drive) by extensions ['ignore', 'ignore_ament_install']
[2.295s] Level 1:colcon.colcon_core.package_identification:_identify(src/ros2_differential_drive) by extension 'ignore'
[2.296s] Level 1:colcon.colcon_core.package_identification:_identify(src/ros2_differential_drive) by extension 'ignore_ament_install'
[2.296s] Level 1:colcon.colcon_core.package_identification:_identify(src/ros2_differential_drive) by extensions ['colcon_pkg']
[2.297s] Level 1:colcon.colcon_core.package_identification:_identify(src/ros2_differential_drive) by extension 'colcon_pkg'
[2.297s] Level 1:colcon.colcon_core.package_identification:_identify(src/ros2_differential_drive) by extensions ['colcon_meta']
[2.298s] Level 1:colcon.colcon_core.package_identification:_identify(src/ros2_differential_drive) by extension 'colcon_meta'
[2.298s] Level 1:colcon.colcon_core.package_identification:_identify(src/ros2_differential_drive) by extensions ['ros']
[2.298s] Level 1:colcon.colcon_core.package_identification:_identify(src/ros2_differential_drive) by extension 'ros'
[2.329s] DEBUG:colcon.colcon_core.package_identification:Package 'src/ros2_differential_drive' with type 'ros.ament_python' and name 'differential_drive'
[2.330s] Level 1:colcon.colcon_core.package_identification:_identify(src/sabertooth) by extensions ['ignore', 'ignore_ament_install']
[2.332s] Level 1:colcon.colcon_core.package_identification:_identify(src/sabertooth) by extension 'ignore'
[2.332s] Level 1:colcon.colcon_core.package_identification:_identify(src/sabertooth) by extension 'ignore_ament_install'
[2.333s] Level 1:colcon.colcon_core.package_identification:_identify(src/sabertooth) by extensions ['colcon_pkg']
[2.334s] Level 1:colcon.colcon_core.package_identification:_identify(src/sabertooth) by extension 'colcon_pkg'
[2.335s] Level 1:colcon.colcon_core.package_identification:_identify(src/sabertooth) by extensions ['colcon_meta']
[2.335s] Level 1:colcon.colcon_core.package_identification:_identify(src/sabertooth) by extension 'colcon_meta'
[2.336s] Level 1:colcon.colcon_core.package_identification:_identify(src/sabertooth) by extensions ['ros']
[2.336s] Level 1:colcon.colcon_core.package_identification:_identify(src/sabertooth) by extension 'ros'
[2.358s] DEBUG:colcon.colcon_core.package_identification:Package 'src/sabertooth' with type 'ros.ament_python' and name 'sabertooth'
[2.367s] Level 1:colcon.colcon_core.package_identification:_identify(webui) by extensions ['ignore', 'ignore_ament_install']
[2.368s] Level 1:colcon.colcon_core.package_identification:_identify(webui) by extension 'ignore'
[2.369s] Level 1:colcon.colcon_core.package_identification:_identify(webui) by extension 'ignore_ament_install'
[2.370s] Level 1:colcon.colcon_core.package_identification:_identify(webui) by extensions ['colcon_pkg']
[2.371s] Level 1:colcon.colcon_core.package_identification:_identify(webui) by extension 'colcon_pkg'
[2.371s] Level 1:colcon.colcon_core.package_identification:_identify(webui) by extensions ['colcon_meta']
[2.372s] Level 1:colcon.colcon_core.package_identification:_identify(webui) by extension 'colcon_meta'
[2.372s] Level 1:colcon.colcon_core.package_identification:_identify(webui) by extensions ['ros']
[2.373s] Level 1:colcon.colcon_core.package_identification:_identify(webui) by extension 'ros'
[2.374s] Level 1:colcon.colcon_core.package_identification:_identify(webui) by extensions ['cmake', 'python']
[2.375s] Level 1:colcon.colcon_core.package_identification:_identify(webui) by extension 'cmake'
[2.376s] Level 1:colcon.colcon_core.package_identification:_identify(webui) by extension 'python'
[2.376s] Level 1:colcon.colcon_core.package_identification:_identify(webui) by extensions ['python_setup_py']
[2.377s] Level 1:colcon.colcon_core.package_identification:_identify(webui) by extension 'python_setup_py'
[2.379s] Level 1:colcon.colcon_core.package_identification:_identify(webui/__pycache__) by extensions ['ignore', 'ignore_ament_install']
[2.380s] Level 1:colcon.colcon_core.package_identification:_identify(webui/__pycache__) by extension 'ignore'
[2.380s] Level 1:colcon.colcon_core.package_identification:_identify(webui/__pycache__) by extension 'ignore_ament_install'
[2.381s] Level 1:colcon.colcon_core.package_identification:_identify(webui/__pycache__) by extensions ['colcon_pkg']
[2.381s] Level 1:colcon.colcon_core.package_identification:_identify(webui/__pycache__) by extension 'colcon_pkg'
[2.382s] Level 1:colcon.colcon_core.package_identification:_identify(webui/__pycache__) by extensions ['colcon_meta']
[2.382s] Level 1:colcon.colcon_core.package_identification:_identify(webui/__pycache__) by extension 'colcon_meta'
[2.382s] Level 1:colcon.colcon_core.package_identification:_identify(webui/__pycache__) by extensions ['ros']
[2.383s] Level 1:colcon.colcon_core.package_identification:_identify(webui/__pycache__) by extension 'ros'
[2.384s] Level 1:colcon.colcon_core.package_identification:_identify(webui/__pycache__) by extensions ['cmake', 'python']
[2.384s] Level 1:colcon.colcon_core.package_identification:_identify(webui/__pycache__) by extension 'cmake'
[2.385s] Level 1:colcon.colcon_core.package_identification:_identify(webui/__pycache__) by extension 'python'
[2.385s] Level 1:colcon.colcon_core.package_identification:_identify(webui/__pycache__) by extensions ['python_setup_py']
[2.386s] Level 1:colcon.colcon_core.package_identification:_identify(webui/__pycache__) by extension 'python_setup_py'
[2.388s] Level 1:colcon.colcon_core.package_identification:_identify(webui/static) by extensions ['ignore', 'ignore_ament_install']
[2.389s] Level 1:colcon.colcon_core.package_identification:_identify(webui/static) by extension 'ignore'
[2.390s] Level 1:colcon.colcon_core.package_identification:_identify(webui/static) by extension 'ignore_ament_install'
[2.390s] Level 1:colcon.colcon_core.package_identification:_identify(webui/static) by extensions ['colcon_pkg']
[2.391s] Level 1:colcon.colcon_core.package_identification:_identify(webui/static) by extension 'colcon_pkg'
[2.391s] Level 1:colcon.colcon_core.package_identification:_identify(webui/static) by extensions ['colcon_meta']
[2.391s] Level 1:colcon.colcon_core.package_identification:_identify(webui/static) by extension 'colcon_meta'
[2.392s] Level 1:colcon.colcon_core.package_identification:_identify(webui/static) by extensions ['ros']
[2.392s] Level 1:colcon.colcon_core.package_identification:_identify(webui/static) by extension 'ros'
[2.393s] Level 1:colcon.colcon_core.package_identification:_identify(webui/static) by extensions ['cmake', 'python']
[2.394s] Level 1:colcon.colcon_core.package_identification:_identify(webui/static) by extension 'cmake'
[2.394s] Level 1:colcon.colcon_core.package_identification:_identify(webui/static) by extension 'python'
[2.395s] Level 1:colcon.colcon_core.package_identification:_identify(webui/static) by extensions ['python_setup_py']
[2.396s] Level 1:colcon.colcon_core.package_identification:_identify(webui/static) by extension 'python_setup_py'
[2.398s] Level 1:colcon.colcon_core.package_identification:_identify(webui/static/css) by extensions ['ignore', 'ignore_ament_install']
[2.399s] Level 1:colcon.colcon_core.package_identification:_identify(webui/static/css) by extension 'ignore'
[2.399s] Level 1:colcon.colcon_core.package_identification:_identify(webui/static/css) by extension 'ignore_ament_install'
[2.400s] Level 1:colcon.colcon_core.package_identification:_identify(webui/static/css) by extensions ['colcon_pkg']
[2.400s] Level 1:colcon.colcon_core.package_identification:_identify(webui/static/css) by extension 'colcon_pkg'
[2.400s] Level 1:colcon.colcon_core.package_identification:_identify(webui/static/css) by extensions ['colcon_meta']
[2.401s] Level 1:colcon.colcon_core.package_identification:_identify(webui/static/css) by extension 'colcon_meta'
[2.401s] Level 1:colcon.colcon_core.package_identification:_identify(webui/static/css) by extensions ['ros']
[2.402s] Level 1:colcon.colcon_core.package_identification:_identify(webui/static/css) by extension 'ros'
[2.403s] Level 1:colcon.colcon_core.package_identification:_identify(webui/static/css) by extensions ['cmake', 'python']
[2.403s] Level 1:colcon.colcon_core.package_identification:_identify(webui/static/css) by extension 'cmake'
[2.403s] Level 1:colcon.colcon_core.package_identification:_identify(webui/static/css) by extension 'python'
[2.404s] Level 1:colcon.colcon_core.package_identification:_identify(webui/static/css) by extensions ['python_setup_py']
[2.404s] Level 1:colcon.colcon_core.package_identification:_identify(webui/static/css) by extension 'python_setup_py'
[2.406s] Level 1:colcon.colcon_core.package_identification:_identify(webui/static/ico) by extensions ['ignore', 'ignore_ament_install']
[2.407s] Level 1:colcon.colcon_core.package_identification:_identify(webui/static/ico) by extension 'ignore'
[2.408s] Level 1:colcon.colcon_core.package_identification:_identify(webui/static/ico) by extension 'ignore_ament_install'
[2.408s] Level 1:colcon.colcon_core.package_identification:_identify(webui/static/ico) by extensions ['colcon_pkg']
[2.408s] Level 1:colcon.colcon_core.package_identification:_identify(webui/static/ico) by extension 'colcon_pkg'
[2.409s] Level 1:colcon.colcon_core.package_identification:_identify(webui/static/ico) by extensions ['colcon_meta']
[2.409s] Level 1:colcon.colcon_core.package_identification:_identify(webui/static/ico) by extension 'colcon_meta'
[2.410s] Level 1:colcon.colcon_core.package_identification:_identify(webui/static/ico) by extensions ['ros']
[2.410s] Level 1:colcon.colcon_core.package_identification:_identify(webui/static/ico) by extension 'ros'
[2.411s] Level 1:colcon.colcon_core.package_identification:_identify(webui/static/ico) by extensions ['cmake', 'python']
[2.411s] Level 1:colcon.colcon_core.package_identification:_identify(webui/static/ico) by extension 'cmake'
[2.412s] Level 1:colcon.colcon_core.package_identification:_identify(webui/static/ico) by extension 'python'
[2.412s] Level 1:colcon.colcon_core.package_identification:_identify(webui/static/ico) by extensions ['python_setup_py']
[2.412s] Level 1:colcon.colcon_core.package_identification:_identify(webui/static/ico) by extension 'python_setup_py'
[2.415s] Level 1:colcon.colcon_core.package_identification:_identify(webui/static/img) by extensions ['ignore', 'ignore_ament_install']
[2.416s] Level 1:colcon.colcon_core.package_identification:_identify(webui/static/img) by extension 'ignore'
[2.416s] Level 1:colcon.colcon_core.package_identification:_identify(webui/static/img) by extension 'ignore_ament_install'
[2.417s] Level 1:colcon.colcon_core.package_identification:_identify(webui/static/img) by extensions ['colcon_pkg']
[2.417s] Level 1:colcon.colcon_core.package_identification:_identify(webui/static/img) by extension 'colcon_pkg'
[2.418s] Level 1:colcon.colcon_core.package_identification:_identify(webui/static/img) by extensions ['colcon_meta']
[2.418s] Level 1:colcon.colcon_core.package_identification:_identify(webui/static/img) by extension 'colcon_meta'
[2.419s] Level 1:colcon.colcon_core.package_identification:_identify(webui/static/img) by extensions ['ros']
[2.419s] Level 1:colcon.colcon_core.package_identification:_identify(webui/static/img) by extension 'ros'
[2.420s] Level 1:colcon.colcon_core.package_identification:_identify(webui/static/img) by extensions ['cmake', 'python']
[2.420s] Level 1:colcon.colcon_core.package_identification:_identify(webui/static/img) by extension 'cmake'
[2.420s] Level 1:colcon.colcon_core.package_identification:_identify(webui/static/img) by extension 'python'
[2.421s] Level 1:colcon.colcon_core.package_identification:_identify(webui/static/img) by extensions ['python_setup_py']
[2.421s] Level 1:colcon.colcon_core.package_identification:_identify(webui/static/img) by extension 'python_setup_py'
[2.423s] Level 1:colcon.colcon_core.package_identification:_identify(webui/static/js) by extensions ['ignore', 'ignore_ament_install']
[2.425s] Level 1:colcon.colcon_core.package_identification:_identify(webui/static/js) by extension 'ignore'
[2.425s] Level 1:colcon.colcon_core.package_identification:_identify(webui/static/js) by extension 'ignore_ament_install'
[2.426s] Level 1:colcon.colcon_core.package_identification:_identify(webui/static/js) by extensions ['colcon_pkg']
[2.426s] Level 1:colcon.colcon_core.package_identification:_identify(webui/static/js) by extension 'colcon_pkg'
[2.427s] Level 1:colcon.colcon_core.package_identification:_identify(webui/static/js) by extensions ['colcon_meta']
[2.427s] Level 1:colcon.colcon_core.package_identification:_identify(webui/static/js) by extension 'colcon_meta'
[2.428s] Level 1:colcon.colcon_core.package_identification:_identify(webui/static/js) by extensions ['ros']
[2.428s] Level 1:colcon.colcon_core.package_identification:_identify(webui/static/js) by extension 'ros'
[2.429s] Level 1:colcon.colcon_core.package_identification:_identify(webui/static/js) by extensions ['cmake', 'python']
[2.429s] Level 1:colcon.colcon_core.package_identification:_identify(webui/static/js) by extension 'cmake'
[2.430s] Level 1:colcon.colcon_core.package_identification:_identify(webui/static/js) by extension 'python'
[2.430s] Level 1:colcon.colcon_core.package_identification:_identify(webui/static/js) by extensions ['python_setup_py']
[2.431s] Level 1:colcon.colcon_core.package_identification:_identify(webui/static/js) by extension 'python_setup_py'
[2.433s] Level 1:colcon.colcon_core.package_identification:_identify(webui/templates) by extensions ['ignore', 'ignore_ament_install']
[2.434s] Level 1:colcon.colcon_core.package_identification:_identify(webui/templates) by extension 'ignore'
[2.435s] Level 1:colcon.colcon_core.package_identification:_identify(webui/templates) by extension 'ignore_ament_install'
[2.436s] Level 1:colcon.colcon_core.package_identification:_identify(webui/templates) by extensions ['colcon_pkg']
[2.437s] Level 1:colcon.colcon_core.package_identification:_identify(webui/templates) by extension 'colcon_pkg'
[2.437s] Level 1:colcon.colcon_core.package_identification:_identify(webui/templates) by extensions ['colcon_meta']
[2.437s] Level 1:colcon.colcon_core.package_identification:_identify(webui/templates) by extension 'colcon_meta'
[2.438s] Level 1:colcon.colcon_core.package_identification:_identify(webui/templates) by extensions ['ros']
[2.438s] Level 1:colcon.colcon_core.package_identification:_identify(webui/templates) by extension 'ros'
[2.439s] Level 1:colcon.colcon_core.package_identification:_identify(webui/templates) by extensions ['cmake', 'python']
[2.439s] Level 1:colcon.colcon_core.package_identification:_identify(webui/templates) by extension 'cmake'
[2.440s] Level 1:colcon.colcon_core.package_identification:_identify(webui/templates) by extension 'python'
[2.440s] Level 1:colcon.colcon_core.package_identification:_identify(webui/templates) by extensions ['python_setup_py']
[2.440s] Level 1:colcon.colcon_core.package_identification:_identify(webui/templates) by extension 'python_setup_py'
[2.442s] Level 1:colcon.colcon_core.package_identification:_identify(webui/templates/admin) by extensions ['ignore', 'ignore_ament_install']
[2.443s] Level 1:colcon.colcon_core.package_identification:_identify(webui/templates/admin) by extension 'ignore'
[2.444s] Level 1:colcon.colcon_core.package_identification:_identify(webui/templates/admin) by extension 'ignore_ament_install'
[2.445s] Level 1:colcon.colcon_core.package_identification:_identify(webui/templates/admin) by extensions ['colcon_pkg']
[2.445s] Level 1:colcon.colcon_core.package_identification:_identify(webui/templates/admin) by extension 'colcon_pkg'
[2.445s] Level 1:colcon.colcon_core.package_identification:_identify(webui/templates/admin) by extensions ['colcon_meta']
[2.446s] Level 1:colcon.colcon_core.package_identification:_identify(webui/templates/admin) by extension 'colcon_meta'
[2.446s] Level 1:colcon.colcon_core.package_identification:_identify(webui/templates/admin) by extensions ['ros']
[2.446s] Level 1:colcon.colcon_core.package_identification:_identify(webui/templates/admin) by extension 'ros'
[2.447s] Level 1:colcon.colcon_core.package_identification:_identify(webui/templates/admin) by extensions ['cmake', 'python']
[2.448s] Level 1:colcon.colcon_core.package_identification:_identify(webui/templates/admin) by extension 'cmake'
[2.448s] Level 1:colcon.colcon_core.package_identification:_identify(webui/templates/admin) by extension 'python'
[2.448s] Level 1:colcon.colcon_core.package_identification:_identify(webui/templates/admin) by extensions ['python_setup_py']
[2.449s] Level 1:colcon.colcon_core.package_identification:_identify(webui/templates/admin) by extension 'python_setup_py'
[2.451s] Level 1:colcon.colcon_core.package_identification:_identify(webui/templates/errors) by extensions ['ignore', 'ignore_ament_install']
[2.452s] Level 1:colcon.colcon_core.package_identification:_identify(webui/templates/errors) by extension 'ignore'
[2.452s] Level 1:colcon.colcon_core.package_identification:_identify(webui/templates/errors) by extension 'ignore_ament_install'
[2.453s] Level 1:colcon.colcon_core.package_identification:_identify(webui/templates/errors) by extensions ['colcon_pkg']
[2.454s] Level 1:colcon.colcon_core.package_identification:_identify(webui/templates/errors) by extension 'colcon_pkg'
[2.455s] Level 1:colcon.colcon_core.package_identification:_identify(webui/templates/errors) by extensions ['colcon_meta']
[2.455s] Level 1:colcon.colcon_core.package_identification:_identify(webui/templates/errors) by extension 'colcon_meta'
[2.456s] Level 1:colcon.colcon_core.package_identification:_identify(webui/templates/errors) by extensions ['ros']
[2.456s] Level 1:colcon.colcon_core.package_identification:_identify(webui/templates/errors) by extension 'ros'
[2.457s] Level 1:colcon.colcon_core.package_identification:_identify(webui/templates/errors) by extensions ['cmake', 'python']
[2.457s] Level 1:colcon.colcon_core.package_identification:_identify(webui/templates/errors) by extension 'cmake'
[2.458s] Level 1:colcon.colcon_core.package_identification:_identify(webui/templates/errors) by extension 'python'
[2.458s] Level 1:colcon.colcon_core.package_identification:_identify(webui/templates/errors) by extensions ['python_setup_py']
[2.458s] Level 1:colcon.colcon_core.package_identification:_identify(webui/templates/errors) by extension 'python_setup_py'
[2.461s] Level 1:colcon.colcon_core.package_identification:_identify(webui/templates/forms) by extensions ['ignore', 'ignore_ament_install']
[2.462s] Level 1:colcon.colcon_core.package_identification:_identify(webui/templates/forms) by extension 'ignore'
[2.462s] Level 1:colcon.colcon_core.package_identification:_identify(webui/templates/forms) by extension 'ignore_ament_install'
[2.463s] Level 1:colcon.colcon_core.package_identification:_identify(webui/templates/forms) by extensions ['colcon_pkg']
[2.463s] Level 1:colcon.colcon_core.package_identification:_identify(webui/templates/forms) by extension 'colcon_pkg'
[2.463s] Level 1:colcon.colcon_core.package_identification:_identify(webui/templates/forms) by extensions ['colcon_meta']
[2.464s] Level 1:colcon.colcon_core.package_identification:_identify(webui/templates/forms) by extension 'colcon_meta'
[2.464s] Level 1:colcon.colcon_core.package_identification:_identify(webui/templates/forms) by extensions ['ros']
[2.465s] Level 1:colcon.colcon_core.package_identification:_identify(webui/templates/forms) by extension 'ros'
[2.465s] Level 1:colcon.colcon_core.package_identification:_identify(webui/templates/forms) by extensions ['cmake', 'python']
[2.466s] Level 1:colcon.colcon_core.package_identification:_identify(webui/templates/forms) by extension 'cmake'
[2.466s] Level 1:colcon.colcon_core.package_identification:_identify(webui/templates/forms) by extension 'python'
[2.467s] Level 1:colcon.colcon_core.package_identification:_identify(webui/templates/forms) by extensions ['python_setup_py']
[2.467s] Level 1:colcon.colcon_core.package_identification:_identify(webui/templates/forms) by extension 'python_setup_py'
[2.469s] Level 1:colcon.colcon_core.package_identification:_identify(webui/templates/layouts) by extensions ['ignore', 'ignore_ament_install']
[2.470s] Level 1:colcon.colcon_core.package_identification:_identify(webui/templates/layouts) by extension 'ignore'
[2.471s] Level 1:colcon.colcon_core.package_identification:_identify(webui/templates/layouts) by extension 'ignore_ament_install'
[2.471s] Level 1:colcon.colcon_core.package_identification:_identify(webui/templates/layouts) by extensions ['colcon_pkg']
[2.471s] Level 1:colcon.colcon_core.package_identification:_identify(webui/templates/layouts) by extension 'colcon_pkg'
[2.472s] Level 1:colcon.colcon_core.package_identification:_identify(webui/templates/layouts) by extensions ['colcon_meta']
[2.472s] Level 1:colcon.colcon_core.package_identification:_identify(webui/templates/layouts) by extension 'colcon_meta'
[2.473s] Level 1:colcon.colcon_core.package_identification:_identify(webui/templates/layouts) by extensions ['ros']
[2.473s] Level 1:colcon.colcon_core.package_identification:_identify(webui/templates/layouts) by extension 'ros'
[2.475s] Level 1:colcon.colcon_core.package_identification:_identify(webui/templates/layouts) by extensions ['cmake', 'python']
[2.476s] Level 1:colcon.colcon_core.package_identification:_identify(webui/templates/layouts) by extension 'cmake'
[2.476s] Level 1:colcon.colcon_core.package_identification:_identify(webui/templates/layouts) by extension 'python'
[2.477s] Level 1:colcon.colcon_core.package_identification:_identify(webui/templates/layouts) by extensions ['python_setup_py']
[2.477s] Level 1:colcon.colcon_core.package_identification:_identify(webui/templates/layouts) by extension 'python_setup_py'
[2.480s] Level 1:colcon.colcon_core.package_identification:_identify(webui/templates/pages) by extensions ['ignore', 'ignore_ament_install']
[2.481s] Level 1:colcon.colcon_core.package_identification:_identify(webui/templates/pages) by extension 'ignore'
[2.481s] Level 1:colcon.colcon_core.package_identification:_identify(webui/templates/pages) by extension 'ignore_ament_install'
[2.482s] Level 1:colcon.colcon_core.package_identification:_identify(webui/templates/pages) by extensions ['colcon_pkg']
[2.482s] Level 1:colcon.colcon_core.package_identification:_identify(webui/templates/pages) by extension 'colcon_pkg'
[2.483s] Level 1:colcon.colcon_core.package_identification:_identify(webui/templates/pages) by extensions ['colcon_meta']
[2.483s] Level 1:colcon.colcon_core.package_identification:_identify(webui/templates/pages) by extension 'colcon_meta'
[2.484s] Level 1:colcon.colcon_core.package_identification:_identify(webui/templates/pages) by extensions ['ros']
[2.484s] Level 1:colcon.colcon_core.package_identification:_identify(webui/templates/pages) by extension 'ros'
[2.485s] Level 1:colcon.colcon_core.package_identification:_identify(webui/templates/pages) by extensions ['cmake', 'python']
[2.486s] Level 1:colcon.colcon_core.package_identification:_identify(webui/templates/pages) by extension 'cmake'
[2.486s] Level 1:colcon.colcon_core.package_identification:_identify(webui/templates/pages) by extension 'python'
[2.487s] Level 1:colcon.colcon_core.package_identification:_identify(webui/templates/pages) by extensions ['python_setup_py']
[2.487s] Level 1:colcon.colcon_core.package_identification:_identify(webui/templates/pages) by extension 'python_setup_py'
[2.488s] Level 1:colcon.colcon_core.package_discovery:discover_packages(recursive) using defaults
[2.488s] Level 1:colcon.colcon_core.package_discovery:discover_packages(ignore) discover
[2.488s] Level 1:colcon.colcon_core.package_discovery:discover_packages(ignore) using defaults
[2.489s] Level 1:colcon.colcon_core.package_discovery:discover_packages(path) discover
[2.489s] Level 1:colcon.colcon_core.package_discovery:discover_packages(path) using defaults
[2.699s] Level 1:colcon.colcon_core.package_discovery:discover_packages(prefix_path) check parameters
[2.700s] Level 1:colcon.colcon_core.package_discovery:discover_packages(prefix_path) discover
[2.736s] DEBUG:colcon.colcon_installed_package_information.package_discovery:Found 2 installed packages in /home/ubuntu/scootbot/install
[2.751s] DEBUG:colcon.colcon_installed_package_information.package_discovery:Found 182 installed packages in /opt/ros/foxy
[2.762s] Level 1:colcon.colcon_core.package_discovery:discover_packages(prefix_path) using defaults
[3.371s] Level 5:colcon.colcon_core.verb:set package 'differential_drive' build argument 'cmake_args' from command line to 'None'
[3.372s] Level 5:colcon.colcon_core.verb:set package 'differential_drive' build argument 'cmake_target' from command line to 'None'
[3.372s] Level 5:colcon.colcon_core.verb:set package 'differential_drive' build argument 'cmake_target_skip_unavailable' from command line to 'False'
[3.372s] Level 5:colcon.colcon_core.verb:set package 'differential_drive' build argument 'cmake_clean_cache' from command line to 'False'
[3.372s] Level 5:colcon.colcon_core.verb:set package 'differential_drive' build argument 'cmake_clean_first' from command line to 'False'
[3.373s] Level 5:colcon.colcon_core.verb:set package 'differential_drive' build argument 'cmake_force_configure' from command line to 'False'
[3.373s] Level 5:colcon.colcon_core.verb:set package 'differential_drive' build argument 'ament_cmake_args' from command line to 'None'
[3.373s] Level 5:colcon.colcon_core.verb:set package 'differential_drive' build argument 'catkin_cmake_args' from command line to 'None'
[3.374s] Level 5:colcon.colcon_core.verb:set package 'differential_drive' build argument 'catkin_skip_building_tests' from command line to 'False'
[3.374s] DEBUG:colcon.colcon_core.verb:Building package 'differential_drive' with the following arguments: {'ament_cmake_args': None, 'build_base': '/home/ubuntu/scootbot/build/differential_drive', 'catkin_cmake_args': None, 'catkin_skip_building_tests': False, 'cmake_args': None, 'cmake_clean_cache': False, 'cmake_clean_first': False, 'cmake_force_configure': False, 'cmake_target': None, 'cmake_target_skip_unavailable': False, 'install_base': '/home/ubuntu/scootbot/install/differential_drive', 'merge_install': False, 'path': '/home/ubuntu/scootbot/src/ros2_differential_drive', 'symlink_install': False, 'test_result_base': None}
[3.380s] Level 5:colcon.colcon_core.verb:set package 'sabertooth' build argument 'cmake_args' from command line to 'None'
[3.380s] Level 5:colcon.colcon_core.verb:set package 'sabertooth' build argument 'cmake_target' from command line to 'None'
[3.381s] Level 5:colcon.colcon_core.verb:set package 'sabertooth' build argument 'cmake_target_skip_unavailable' from command line to 'False'
[3.381s] Level 5:colcon.colcon_core.verb:set package 'sabertooth' build argument 'cmake_clean_cache' from command line to 'False'
[3.381s] Level 5:colcon.colcon_core.verb:set package 'sabertooth' build argument 'cmake_clean_first' from command line to 'False'
[3.381s] Level 5:colcon.colcon_core.verb:set package 'sabertooth' build argument 'cmake_force_configure' from command line to 'False'
[3.382s] Level 5:colcon.colcon_core.verb:set package 'sabertooth' build argument 'ament_cmake_args' from command line to 'None'
[3.382s] Level 5:colcon.colcon_core.verb:set package 'sabertooth' build argument 'catkin_cmake_args' from command line to 'None'
[3.382s] Level 5:colcon.colcon_core.verb:set package 'sabertooth' build argument 'catkin_skip_building_tests' from command line to 'False'
[3.382s] DEBUG:colcon.colcon_core.verb:Building package 'sabertooth' with the following arguments: {'ament_cmake_args': None, 'build_base': '/home/ubuntu/scootbot/build/sabertooth', 'catkin_cmake_args': None, 'catkin_skip_building_tests': False, 'cmake_args': None, 'cmake_clean_cache': False, 'cmake_clean_first': False, 'cmake_force_configure': False, 'cmake_target': None, 'cmake_target_skip_unavailable': False, 'install_base': '/home/ubuntu/scootbot/install/sabertooth', 'merge_install': False, 'path': '/home/ubuntu/scootbot/src/sabertooth', 'symlink_install': False, 'test_result_base': None}
[3.385s] INFO:colcon.colcon_core.executor:Executing jobs using 'parallel' executor
[3.402s] DEBUG:colcon.colcon_parallel_executor.executor.parallel:run_until_complete
[3.405s] INFO:colcon.colcon_ros.task.ament_python.build:Building ROS package in '/home/ubuntu/scootbot/src/ros2_differential_drive' with build type 'ament_python'
[3.407s] Level 1:colcon.colcon_core.shell:create_environment_hook('differential_drive', 'ament_prefix_path')
[3.462s] INFO:colcon.colcon_core.plugin_system:Skipping extension 'colcon_core.shell.bat': Not used on non-Windows systems
[3.464s] INFO:colcon.colcon_core.shell:Creating environment hook '/home/ubuntu/scootbot/install/differential_drive/share/differential_drive/hook/ament_prefix_path.ps1'
[3.473s] INFO:colcon.colcon_core.shell:Creating environment descriptor '/home/ubuntu/scootbot/install/differential_drive/share/differential_drive/hook/ament_prefix_path.dsv'
[3.485s] INFO:colcon.colcon_core.shell:Creating environment hook '/home/ubuntu/scootbot/install/differential_drive/share/differential_drive/hook/ament_prefix_path.sh'
[3.503s] INFO:colcon.colcon_core.shell:Skip shell extension 'powershell' for command environment: Not usable outside of PowerShell
[3.504s] DEBUG:colcon.colcon_core.shell:Skip shell extension 'dsv' for command environment
[3.552s] INFO:colcon.colcon_ros.task.ament_python.build:Building ROS package in '/home/ubuntu/scootbot/src/sabertooth' with build type 'ament_python'
[3.556s] Level 1:colcon.colcon_core.shell:create_environment_hook('sabertooth', 'ament_prefix_path')
[3.562s] INFO:colcon.colcon_core.shell:Creating environment hook '/home/ubuntu/scootbot/install/sabertooth/share/sabertooth/hook/ament_prefix_path.ps1'
[3.566s] INFO:colcon.colcon_core.shell:Creating environment descriptor '/home/ubuntu/scootbot/install/sabertooth/share/sabertooth/hook/ament_prefix_path.dsv'
[3.569s] INFO:colcon.colcon_core.shell:Creating environment hook '/home/ubuntu/scootbot/install/sabertooth/share/sabertooth/hook/ament_prefix_path.sh'
[3.577s] INFO:colcon.colcon_core.shell:Skip shell extension 'powershell' for command environment: Not usable outside of PowerShell
[3.578s] DEBUG:colcon.colcon_core.shell:Skip shell extension 'dsv' for command environment
[5.651s] WARNING:colcon.colcon_ros.task.ament_python.build:Package 'differential_drive' doesn't explicitly install a marker in the package index (colcon-ros currently does it implicitly but that fallback will be removed in the future)
[5.653s] WARNING:colcon.colcon_ros.task.ament_python.build:Package 'differential_drive' doesn't explicitly install the 'package.xml' file (colcon-ros currently does it implicitly but that fallback will be removed in the future)
[5.657s] INFO:colcon.colcon_core.task.python.build:Building Python package in '/home/ubuntu/scootbot/src/ros2_differential_drive'
[5.662s] INFO:colcon.colcon_core.shell:Skip shell extension 'powershell' for command environment: Not usable outside of PowerShell
[5.663s] DEBUG:colcon.colcon_core.shell:Skip shell extension 'dsv' for command environment
[7.732s] INFO:colcon.colcon_core.task.python.build:Building Python package in '/home/ubuntu/scootbot/src/sabertooth'
[7.737s] INFO:colcon.colcon_core.shell:Skip shell extension 'powershell' for command environment: Not usable outside of PowerShell
[7.738s] DEBUG:colcon.colcon_core.shell:Skip shell extension 'dsv' for command environment
[11.644s] DEBUG:colcon.colcon_core.event_handler.log_command:Invoking command in '/home/ubuntu/scootbot/build/differential_drive': PYTHONPATH=/home/ubuntu/scootbot/install/differential_drive/lib/python3.8/site-packages:${PYTHONPATH} /usr/bin/python3 setup.py develop --prefix /home/ubuntu/scootbot/install/differential_drive --uninstall --editable --build-directory /home/ubuntu/scootbot/build/differential_drive/build
[11.689s] DEBUG:colcon.colcon_core.event_handler.log_command:Invoking command in '/home/ubuntu/scootbot/build/sabertooth': PYTHONPATH=/home/ubuntu/scootbot/install/sabertooth/lib/python3.8/site-packages:${PYTHONPATH} /usr/bin/python3 setup.py develop --prefix /home/ubuntu/scootbot/install/sabertooth --uninstall --editable --build-directory /home/ubuntu/scootbot/build/sabertooth/build
[15.794s] DEBUG:colcon.colcon_core.event_handler.log_command:Invoked command in '/home/ubuntu/scootbot/build/sabertooth' returned '0': PYTHONPATH=/home/ubuntu/scootbot/install/sabertooth/lib/python3.8/site-packages:${PYTHONPATH} /usr/bin/python3 setup.py develop --prefix /home/ubuntu/scootbot/install/sabertooth --uninstall --editable --build-directory /home/ubuntu/scootbot/build/sabertooth/build
[15.812s] DEBUG:colcon.colcon_core.event_handler.log_command:Invoking command in '/home/ubuntu/scootbot/src/sabertooth': PYTHONPATH=/home/ubuntu/scootbot/install/sabertooth/lib/python3.8/site-packages:${PYTHONPATH} /usr/bin/python3 setup.py egg_info --egg-base ../../build/sabertooth build --build-base /home/ubuntu/scootbot/build/sabertooth/build install --prefix /home/ubuntu/scootbot/install/sabertooth --record /home/ubuntu/scootbot/build/sabertooth/install.log --single-version-externally-managed
[15.821s] DEBUG:colcon.colcon_core.event_handler.log_command:Invoked command in '/home/ubuntu/scootbot/build/differential_drive' returned '0': PYTHONPATH=/home/ubuntu/scootbot/install/differential_drive/lib/python3.8/site-packages:${PYTHONPATH} /usr/bin/python3 setup.py develop --prefix /home/ubuntu/scootbot/install/differential_drive --uninstall --editable --build-directory /home/ubuntu/scootbot/build/differential_drive/build
[15.841s] DEBUG:colcon.colcon_core.event_handler.log_command:Invoking command in '/home/ubuntu/scootbot/src/ros2_differential_drive': PYTHONPATH=/home/ubuntu/scootbot/install/differential_drive/lib/python3.8/site-packages:${PYTHONPATH} /usr/bin/python3 setup.py egg_info --egg-base ../../build/differential_drive build --build-base /home/ubuntu/scootbot/build/differential_drive/build install --prefix /home/ubuntu/scootbot/install/differential_drive --record /home/ubuntu/scootbot/build/differential_drive/install.log --single-version-externally-managed
[18.893s] DEBUG:colcon.colcon_core.event_handler.log_command:Invoked command in '/home/ubuntu/scootbot/src/ros2_differential_drive' returned '0': PYTHONPATH=/home/ubuntu/scootbot/install/differential_drive/lib/python3.8/site-packages:${PYTHONPATH} /usr/bin/python3 setup.py egg_info --egg-base ../../build/differential_drive build --build-base /home/ubuntu/scootbot/build/differential_drive/build install --prefix /home/ubuntu/scootbot/install/differential_drive --record /home/ubuntu/scootbot/build/differential_drive/install.log --single-version-externally-managed
[18.961s] Level 1:colcon.colcon_core.environment:checking '/home/ubuntu/scootbot/install/differential_drive' for CMake module files
[18.969s] Level 1:colcon.colcon_core.environment:checking '/home/ubuntu/scootbot/install/differential_drive' for CMake config files
[18.980s] Level 1:colcon.colcon_core.environment:checking '/home/ubuntu/scootbot/install/differential_drive/lib'
[18.982s] Level 1:colcon.colcon_core.environment:checking '/home/ubuntu/scootbot/install/differential_drive/bin'
[18.983s] Level 1:colcon.colcon_core.environment:checking '/home/ubuntu/scootbot/install/differential_drive/lib/pkgconfig/differential_drive.pc'
[18.985s] Level 1:colcon.colcon_core.environment:checking '/home/ubuntu/scootbot/install/differential_drive/lib/python3.8/site-packages'
[18.986s] Level 1:colcon.colcon_core.shell:create_environment_hook('differential_drive', 'pythonpath')
[18.990s] INFO:colcon.colcon_core.shell:Creating environment hook '/home/ubuntu/scootbot/install/differential_drive/share/differential_drive/hook/pythonpath.ps1'
[18.994s] INFO:colcon.colcon_core.shell:Creating environment descriptor '/home/ubuntu/scootbot/install/differential_drive/share/differential_drive/hook/pythonpath.dsv'
[18.997s] INFO:colcon.colcon_core.shell:Creating environment hook '/home/ubuntu/scootbot/install/differential_drive/share/differential_drive/hook/pythonpath.sh'
[19.002s] Level 1:colcon.colcon_core.environment:checking '/home/ubuntu/scootbot/install/differential_drive/bin'
[19.003s] Level 1:colcon.colcon_core.environment:create_environment_scripts_only(differential_drive)
[19.007s] INFO:colcon.colcon_core.shell:Creating package script '/home/ubuntu/scootbot/install/differential_drive/share/differential_drive/package.ps1'
[19.019s] INFO:colcon.colcon_core.shell:Creating package descriptor '/home/ubuntu/scootbot/install/differential_drive/share/differential_drive/package.dsv'
[19.030s] INFO:colcon.colcon_core.shell:Creating package script '/home/ubuntu/scootbot/install/differential_drive/share/differential_drive/package.sh'
[19.040s] INFO:colcon.colcon_core.shell:Creating package script '/home/ubuntu/scootbot/install/differential_drive/share/differential_drive/package.bash'
[19.051s] INFO:colcon.colcon_core.shell:Creating package script '/home/ubuntu/scootbot/install/differential_drive/share/differential_drive/package.zsh'
[19.064s] Level 1:colcon.colcon_core.environment:create_file_with_runtime_dependencies(/home/ubuntu/scootbot/install/differential_drive/share/colcon-core/packages/differential_drive)
[19.083s] Level 1:colcon.colcon_core.environment:checking '/home/ubuntu/scootbot/install/sabertooth' for CMake module files
[19.088s] DEBUG:colcon.colcon_core.event_handler.log_command:Invoked command in '/home/ubuntu/scootbot/src/sabertooth' returned '0': PYTHONPATH=/home/ubuntu/scootbot/install/sabertooth/lib/python3.8/site-packages:${PYTHONPATH} /usr/bin/python3 setup.py egg_info --egg-base ../../build/sabertooth build --build-base /home/ubuntu/scootbot/build/sabertooth/build install --prefix /home/ubuntu/scootbot/install/sabertooth --record /home/ubuntu/scootbot/build/sabertooth/install.log --single-version-externally-managed
[19.092s] Level 1:colcon.colcon_core.environment:checking '/home/ubuntu/scootbot/install/sabertooth' for CMake config files
[19.098s] Level 1:colcon.colcon_core.environment:checking '/home/ubuntu/scootbot/install/sabertooth/lib'
[19.099s] Level 1:colcon.colcon_core.environment:checking '/home/ubuntu/scootbot/install/sabertooth/bin'
[19.099s] Level 1:colcon.colcon_core.environment:checking '/home/ubuntu/scootbot/install/sabertooth/lib/pkgconfig/sabertooth.pc'
[19.101s] Level 1:colcon.colcon_core.environment:checking '/home/ubuntu/scootbot/install/sabertooth/lib/python3.8/site-packages'
[19.102s] Level 1:colcon.colcon_core.shell:create_environment_hook('sabertooth', 'pythonpath')
[19.106s] INFO:colcon.colcon_core.shell:Creating environment hook '/home/ubuntu/scootbot/install/sabertooth/share/sabertooth/hook/pythonpath.ps1'
[19.109s] INFO:colcon.colcon_core.shell:Creating environment descriptor '/home/ubuntu/scootbot/install/sabertooth/share/sabertooth/hook/pythonpath.dsv'
[19.113s] INFO:colcon.colcon_core.shell:Creating environment hook '/home/ubuntu/scootbot/install/sabertooth/share/sabertooth/hook/pythonpath.sh'
[19.119s] Level 1:colcon.colcon_core.environment:checking '/home/ubuntu/scootbot/install/sabertooth/bin'
[19.119s] Level 1:colcon.colcon_core.environment:create_environment_scripts_only(sabertooth)
[19.124s] INFO:colcon.colcon_core.shell:Creating package script '/home/ubuntu/scootbot/install/sabertooth/share/sabertooth/package.ps1'
[19.128s] INFO:colcon.colcon_core.shell:Creating package descriptor '/home/ubuntu/scootbot/install/sabertooth/share/sabertooth/package.dsv'
[19.133s] INFO:colcon.colcon_core.shell:Creating package script '/home/ubuntu/scootbot/install/sabertooth/share/sabertooth/package.sh'
[19.137s] INFO:colcon.colcon_core.shell:Creating package script '/home/ubuntu/scootbot/install/sabertooth/share/sabertooth/package.bash'
[19.140s] INFO:colcon.colcon_core.shell:Creating package script '/home/ubuntu/scootbot/install/sabertooth/share/sabertooth/package.zsh'
[19.145s] Level 1:colcon.colcon_core.environment:create_file_with_runtime_dependencies(/home/ubuntu/scootbot/install/sabertooth/share/colcon-core/packages/sabertooth)
[19.148s] DEBUG:colcon.colcon_parallel_executor.executor.parallel:closing loop
[19.150s] DEBUG:colcon.colcon_parallel_executor.executor.parallel:loop closed
[19.151s] DEBUG:colcon.colcon_parallel_executor.executor.parallel:run_until_complete finished with '0'
[19.152s] DEBUG:colcon.colcon_core.event_reactor:joining thread
[19.210s] INFO:colcon.colcon_core.plugin_system:Skipping extension 'colcon_notification.desktop_notification.notify_send': Could not find 'notify-send'
[19.211s] INFO:colcon.colcon_core.plugin_system:Skipping extension 'colcon_notification.desktop_notification.terminal_notifier': Not used on non-Darwin systems
[19.211s] INFO:colcon.colcon_core.plugin_system:Skipping extension 'colcon_notification.desktop_notification.win32': Not used on non-Windows systems
[19.212s] INFO:colcon.colcon_notification.desktop_notification:Sending desktop notification using 'notify2'
[19.288s] DEBUG:colcon.colcon_notification.desktop_notification.notify2:Failed to initialize notify2: org.freedesktop.DBus.Error.ServiceUnknown: The name org.freedesktop.Notifications was not provided by any .service files
[19.289s] DEBUG:colcon.colcon_core.event_reactor:joined thread
[19.294s] INFO:colcon.colcon_core.shell:Creating prefix script '/home/ubuntu/scootbot/install/local_setup.ps1'
[19.305s] INFO:colcon.colcon_core.shell:Creating prefix util module '/home/ubuntu/scootbot/install/_local_setup_util_ps1.py'
[19.324s] INFO:colcon.colcon_core.shell:Creating prefix chain script '/home/ubuntu/scootbot/install/setup.ps1'
[19.344s] INFO:colcon.colcon_core.shell:Creating prefix script '/home/ubuntu/scootbot/install/local_setup.sh'
[19.355s] INFO:colcon.colcon_core.shell:Creating prefix util module '/home/ubuntu/scootbot/install/_local_setup_util_sh.py'
[19.360s] INFO:colcon.colcon_core.shell:Creating prefix chain script '/home/ubuntu/scootbot/install/setup.sh'
[19.373s] INFO:colcon.colcon_core.shell:Creating prefix script '/home/ubuntu/scootbot/install/local_setup.bash'
[19.379s] INFO:colcon.colcon_core.shell:Creating prefix chain script '/home/ubuntu/scootbot/install/setup.bash'
[19.395s] INFO:colcon.colcon_core.shell:Creating prefix script '/home/ubuntu/scootbot/install/local_setup.zsh'
[19.403s] INFO:colcon.colcon_core.shell:Creating prefix chain script '/home/ubuntu/scootbot/install/setup.zsh'
