[0.094s] Invoking command in '/home/ubuntu/scootbot/build/serial': CMAKE_PREFIX_PATH=/home/ubuntu/scootbot/3.0.0/install/twist_mux:/home/ubuntu/scootbot/3.0.0/install/diffdrive_arduino:/opt/ros/humble:/home/ubuntu/scootbot/3.0.0/install/serial:/home/ubuntu/scootbot/3.0.0/install/scootbot:/home/ubuntu/scootbot/3.0.0/install/rplidar_ros /usr/bin/cmake --build /home/ubuntu/scootbot/build/serial -- -j4 -l4
[1.441s] [ 14%] Built target gtest_main
[1.442s] [ 28%] Built target gtest
[1.443s] [ 57%] Built target serial
[1.443s] [ 71%] Built target serial_example
[1.443s] [ 85%] Built target serial-test-timer
[1.444s] [100%] Built target serial-test
[1.454s] Invoked command in '/home/ubuntu/scootbot/build/serial' returned '0': CMAKE_PREFIX_PATH=/home/ubuntu/scootbot/3.0.0/install/twist_mux:/home/ubuntu/scootbot/3.0.0/install/diffdrive_arduino:/opt/ros/humble:/home/ubuntu/scootbot/3.0.0/install/serial:/home/ubuntu/scootbot/3.0.0/install/scootbot:/home/ubuntu/scootbot/3.0.0/install/rplidar_ros /usr/bin/cmake --build /home/ubuntu/scootbot/build/serial -- -j4 -l4
[1.713s] Invoking command in '/home/ubuntu/scootbot/build/serial': CMAKE_PREFIX_PATH=/home/ubuntu/scootbot/3.0.0/install/twist_mux:/home/ubuntu/scootbot/3.0.0/install/diffdrive_arduino:/opt/ros/humble:/home/ubuntu/scootbot/3.0.0/install/serial:/home/ubuntu/scootbot/3.0.0/install/scootbot:/home/ubuntu/scootbot/3.0.0/install/rplidar_ros /usr/bin/cmake --install /home/ubuntu/scootbot/build/serial
[1.740s] -- Install configuration: ""
[1.741s] -- Up-to-date: /home/ubuntu/scootbot/install/serial/lib/libserial.a
[1.742s] -- Up-to-date: /home/ubuntu/scootbot/install/serial/include/serial/serial.h
[1.743s] -- Up-to-date: /home/ubuntu/scootbot/install/serial/include/serial/v8stdint.h
[1.744s] -- Up-to-date: /home/ubuntu/scootbot/install/serial/share/serial/environment/library_path.sh
[1.745s] -- Up-to-date: /home/ubuntu/scootbot/install/serial/share/serial/environment/library_path.dsv
[1.745s] -- Up-to-date: /home/ubuntu/scootbot/install/serial/share/ament_index/resource_index/package_run_dependencies/serial
[1.747s] -- Up-to-date: /home/ubuntu/scootbot/install/serial/share/ament_index/resource_index/parent_prefix_path/serial
[1.748s] -- Up-to-date: /home/ubuntu/scootbot/install/serial/share/serial/environment/ament_prefix_path.sh
[1.748s] -- Up-to-date: /home/ubuntu/scootbot/install/serial/share/serial/environment/ament_prefix_path.dsv
[1.749s] -- Up-to-date: /home/ubuntu/scootbot/install/serial/share/serial/environment/path.sh
[1.750s] -- Up-to-date: /home/ubuntu/scootbot/install/serial/share/serial/environment/path.dsv
[1.751s] -- Up-to-date: /home/ubuntu/scootbot/install/serial/share/serial/local_setup.bash
[1.752s] -- Up-to-date: /home/ubuntu/scootbot/install/serial/share/serial/local_setup.sh
[1.753s] -- Up-to-date: /home/ubuntu/scootbot/install/serial/share/serial/local_setup.zsh
[1.754s] -- Up-to-date: /home/ubuntu/scootbot/install/serial/share/serial/local_setup.dsv
[1.754s] -- Installing: /home/ubuntu/scootbot/install/serial/share/serial/package.dsv
[1.755s] -- Up-to-date: /home/ubuntu/scootbot/install/serial/share/ament_index/resource_index/packages/serial
[1.757s] -- Up-to-date: /home/ubuntu/scootbot/install/serial/share/serial/cmake/ament_cmake_export_include_directories-extras.cmake
[1.758s] -- Up-to-date: /home/ubuntu/scootbot/install/serial/share/serial/cmake/ament_cmake_export_libraries-extras.cmake
[1.758s] -- Up-to-date: /home/ubuntu/scootbot/install/serial/share/serial/cmake/serialConfig.cmake
[1.759s] -- Up-to-date: /home/ubuntu/scootbot/install/serial/share/serial/cmake/serialConfig-version.cmake
[1.760s] -- Up-to-date: /home/ubuntu/scootbot/install/serial/share/serial/package.xml
[1.772s] Invoked command in '/home/ubuntu/scootbot/build/serial' returned '0': CMAKE_PREFIX_PATH=/home/ubuntu/scootbot/3.0.0/install/twist_mux:/home/ubuntu/scootbot/3.0.0/install/diffdrive_arduino:/opt/ros/humble:/home/ubuntu/scootbot/3.0.0/install/serial:/home/ubuntu/scootbot/3.0.0/install/scootbot:/home/ubuntu/scootbot/3.0.0/install/rplidar_ros /usr/bin/cmake --install /home/ubuntu/scootbot/build/serial
