[1.732s] DEBUG:colcon:Command line arguments: ['/usr/bin/colcon', 'build']
[1.733s] DEBUG:colcon:Parsed command line arguments: Namespace(allow_overriding=[], ament_cmake_args=None, base_paths=['.'], build_base='build', catkin_cmake_args=None, catkin_skip_building_tests=False, cmake_args=None, cmake_clean_cache=False, cmake_clean_first=False, cmake_force_configure=False, cmake_target=None, cmake_target_skip_unavailable=False, continue_on_error=False, event_handlers=None, executor='parallel', ignore_user_meta=False, install_base='install', log_base=None, log_level=None, main=<bound method BuildVerb.main of <colcon_core.verb.build.BuildVerb object at 0xffff9a3f8880>>, merge_install=False, metas=['./colcon.meta'], packages_above=None, packages_above_and_dependencies=None, packages_above_depth=None, packages_end=None, packages_ignore=None, packages_ignore_regex=None, packages_select=None, packages_select_build_failed=False, packages_select_by_dep=None, packages_select_regex=None, packages_select_test_failures=False, packages_skip=None, packages_skip_build_finished=False, packages_skip_by_dep=None, packages_skip_regex=None, packages_skip_test_passed=False, packages_skip_up_to=None, packages_start=None, packages_up_to=None, packages_up_to_regex=None, parallel_workers=4, paths=None, symlink_install=False, test_result_base=None, verb_extension=<colcon_core.verb.build.BuildVerb object at 0xffff9a3f8880>, verb_name='build', verb_parser=<colcon_defaults.argument_parser.defaults.DefaultArgumentsDecorator object at 0xffff9a3f8df0>)
[2.106s] Level 1:colcon.colcon_core.package_discovery:discover_packages(colcon_meta) check parameters
[2.108s] Level 1:colcon.colcon_core.package_discovery:discover_packages(recursive) check parameters
[2.108s] Level 1:colcon.colcon_core.package_discovery:discover_packages(ignore) check parameters
[2.108s] Level 1:colcon.colcon_core.package_discovery:discover_packages(path) check parameters
[2.109s] Level 1:colcon.colcon_core.package_discovery:discover_packages(colcon_meta) discover
[2.110s] Level 1:colcon.colcon_core.package_discovery:discover_packages(recursive) discover
[2.111s] INFO:colcon.colcon_core.package_discovery:Crawling recursively for packages in '/home/ubuntu/scootbot'
[2.112s] Level 1:colcon.colcon_core.package_identification:_identify(.) by extensions ['ignore', 'ignore_ament_install']
[2.113s] Level 1:colcon.colcon_core.package_identification:_identify(.) by extension 'ignore'
[2.113s] Level 1:colcon.colcon_core.package_identification:_identify(.) by extension 'ignore_ament_install'
[2.114s] Level 1:colcon.colcon_core.package_identification:_identify(.) by extensions ['colcon_pkg']
[2.114s] Level 1:colcon.colcon_core.package_identification:_identify(.) by extension 'colcon_pkg'
[2.115s] Level 1:colcon.colcon_core.package_identification:_identify(.) by extensions ['colcon_meta']
[2.115s] Level 1:colcon.colcon_core.package_identification:_identify(.) by extension 'colcon_meta'
[2.115s] Level 1:colcon.colcon_core.package_identification:_identify(.) by extensions ['ros']
[2.116s] Level 1:colcon.colcon_core.package_identification:_identify(.) by extension 'ros'
[2.253s] Level 1:colcon.colcon_core.package_identification:_identify(.) by extensions ['cmake', 'python']
[2.253s] Level 1:colcon.colcon_core.package_identification:_identify(.) by extension 'cmake'
[2.254s] Level 1:colcon.colcon_core.package_identification:_identify(.) by extension 'python'
[2.254s] Level 1:colcon.colcon_core.package_identification:_identify(.) by extensions ['python_setup_py']
[2.255s] Level 1:colcon.colcon_core.package_identification:_identify(.) by extension 'python_setup_py'
[2.257s] Level 1:colcon.colcon_core.package_identification:_identify(api) by extensions ['ignore', 'ignore_ament_install']
[2.258s] Level 1:colcon.colcon_core.package_identification:_identify(api) by extension 'ignore'
[2.259s] Level 1:colcon.colcon_core.package_identification:_identify(api) by extension 'ignore_ament_install'
[2.259s] Level 1:colcon.colcon_core.package_identification:_identify(api) by extensions ['colcon_pkg']
[2.260s] Level 1:colcon.colcon_core.package_identification:_identify(api) by extension 'colcon_pkg'
[2.260s] Level 1:colcon.colcon_core.package_identification:_identify(api) by extensions ['colcon_meta']
[2.261s] Level 1:colcon.colcon_core.package_identification:_identify(api) by extension 'colcon_meta'
[2.261s] Level 1:colcon.colcon_core.package_identification:_identify(api) by extensions ['ros']
[2.262s] Level 1:colcon.colcon_core.package_identification:_identify(api) by extension 'ros'
[2.263s] Level 1:colcon.colcon_core.package_identification:_identify(api) by extensions ['cmake', 'python']
[2.263s] Level 1:colcon.colcon_core.package_identification:_identify(api) by extension 'cmake'
[2.264s] Level 1:colcon.colcon_core.package_identification:_identify(api) by extension 'python'
[2.264s] Level 1:colcon.colcon_core.package_identification:_identify(api) by extensions ['python_setup_py']
[2.264s] Level 1:colcon.colcon_core.package_identification:_identify(api) by extension 'python_setup_py'
[2.267s] Level 1:colcon.colcon_core.package_identification:_identify(api/__pycache__) by extensions ['ignore', 'ignore_ament_install']
[2.268s] Level 1:colcon.colcon_core.package_identification:_identify(api/__pycache__) by extension 'ignore'
[2.269s] Level 1:colcon.colcon_core.package_identification:_identify(api/__pycache__) by extension 'ignore_ament_install'
[2.270s] Level 1:colcon.colcon_core.package_identification:_identify(api/__pycache__) by extensions ['colcon_pkg']
[2.270s] Level 1:colcon.colcon_core.package_identification:_identify(api/__pycache__) by extension 'colcon_pkg'
[2.271s] Level 1:colcon.colcon_core.package_identification:_identify(api/__pycache__) by extensions ['colcon_meta']
[2.272s] Level 1:colcon.colcon_core.package_identification:_identify(api/__pycache__) by extension 'colcon_meta'
[2.272s] Level 1:colcon.colcon_core.package_identification:_identify(api/__pycache__) by extensions ['ros']
[2.273s] Level 1:colcon.colcon_core.package_identification:_identify(api/__pycache__) by extension 'ros'
[2.274s] Level 1:colcon.colcon_core.package_identification:_identify(api/__pycache__) by extensions ['cmake', 'python']
[2.274s] Level 1:colcon.colcon_core.package_identification:_identify(api/__pycache__) by extension 'cmake'
[2.275s] Level 1:colcon.colcon_core.package_identification:_identify(api/__pycache__) by extension 'python'
[2.275s] Level 1:colcon.colcon_core.package_identification:_identify(api/__pycache__) by extensions ['python_setup_py']
[2.275s] Level 1:colcon.colcon_core.package_identification:_identify(api/__pycache__) by extension 'python_setup_py'
[2.276s] Level 1:colcon.colcon_core.package_identification:_identify(build) by extensions ['ignore', 'ignore_ament_install']
[2.277s] Level 1:colcon.colcon_core.package_identification:_identify(build) by extension 'ignore'
[2.278s] Level 1:colcon.colcon_core.package_identification:_identify(build) ignored
[2.279s] Level 1:colcon.colcon_core.package_identification:_identify(config) by extensions ['ignore', 'ignore_ament_install']
[2.280s] Level 1:colcon.colcon_core.package_identification:_identify(config) by extension 'ignore'
[2.280s] Level 1:colcon.colcon_core.package_identification:_identify(config) by extension 'ignore_ament_install'
[2.281s] Level 1:colcon.colcon_core.package_identification:_identify(config) by extensions ['colcon_pkg']
[2.281s] Level 1:colcon.colcon_core.package_identification:_identify(config) by extension 'colcon_pkg'
[2.282s] Level 1:colcon.colcon_core.package_identification:_identify(config) by extensions ['colcon_meta']
[2.282s] Level 1:colcon.colcon_core.package_identification:_identify(config) by extension 'colcon_meta'
[2.282s] Level 1:colcon.colcon_core.package_identification:_identify(config) by extensions ['ros']
[2.283s] Level 1:colcon.colcon_core.package_identification:_identify(config) by extension 'ros'
[2.283s] Level 1:colcon.colcon_core.package_identification:_identify(config) by extensions ['cmake', 'python']
[2.284s] Level 1:colcon.colcon_core.package_identification:_identify(config) by extension 'cmake'
[2.284s] Level 1:colcon.colcon_core.package_identification:_identify(config) by extension 'python'
[2.285s] Level 1:colcon.colcon_core.package_identification:_identify(config) by extensions ['python_setup_py']
[2.285s] Level 1:colcon.colcon_core.package_identification:_identify(config) by extension 'python_setup_py'
[2.286s] Level 1:colcon.colcon_core.package_identification:_identify(install) by extensions ['ignore', 'ignore_ament_install']
[2.287s] Level 1:colcon.colcon_core.package_identification:_identify(install) by extension 'ignore'
[2.287s] Level 1:colcon.colcon_core.package_identification:_identify(install) ignored
[2.288s] Level 1:colcon.colcon_core.package_identification:_identify(log) by extensions ['ignore', 'ignore_ament_install']
[2.289s] Level 1:colcon.colcon_core.package_identification:_identify(log) by extension 'ignore'
[2.290s] Level 1:colcon.colcon_core.package_identification:_identify(log) ignored
[2.291s] Level 1:colcon.colcon_core.package_identification:_identify(scripts) by extensions ['ignore', 'ignore_ament_install']
[2.291s] Level 1:colcon.colcon_core.package_identification:_identify(scripts) by extension 'ignore'
[2.292s] Level 1:colcon.colcon_core.package_identification:_identify(scripts) by extension 'ignore_ament_install'
[2.292s] Level 1:colcon.colcon_core.package_identification:_identify(scripts) by extensions ['colcon_pkg']
[2.293s] Level 1:colcon.colcon_core.package_identification:_identify(scripts) by extension 'colcon_pkg'
[2.293s] Level 1:colcon.colcon_core.package_identification:_identify(scripts) by extensions ['colcon_meta']
[2.293s] Level 1:colcon.colcon_core.package_identification:_identify(scripts) by extension 'colcon_meta'
[2.294s] Level 1:colcon.colcon_core.package_identification:_identify(scripts) by extensions ['ros']
[2.294s] Level 1:colcon.colcon_core.package_identification:_identify(scripts) by extension 'ros'
[2.295s] Level 1:colcon.colcon_core.package_identification:_identify(scripts) by extensions ['cmake', 'python']
[2.295s] Level 1:colcon.colcon_core.package_identification:_identify(scripts) by extension 'cmake'
[2.295s] Level 1:colcon.colcon_core.package_identification:_identify(scripts) by extension 'python'
[2.296s] Level 1:colcon.colcon_core.package_identification:_identify(scripts) by extensions ['python_setup_py']
[2.296s] Level 1:colcon.colcon_core.package_identification:_identify(scripts) by extension 'python_setup_py'
[2.298s] Level 1:colcon.colcon_core.package_identification:_identify(scripts/ai) by extensions ['ignore', 'ignore_ament_install']
[2.299s] Level 1:colcon.colcon_core.package_identification:_identify(scripts/ai) by extension 'ignore'
[2.300s] Level 1:colcon.colcon_core.package_identification:_identify(scripts/ai) by extension 'ignore_ament_install'
[2.301s] Level 1:colcon.colcon_core.package_identification:_identify(scripts/ai) by extensions ['colcon_pkg']
[2.301s] Level 1:colcon.colcon_core.package_identification:_identify(scripts/ai) by extension 'colcon_pkg'
[2.302s] Level 1:colcon.colcon_core.package_identification:_identify(scripts/ai) by extensions ['colcon_meta']
[2.303s] Level 1:colcon.colcon_core.package_identification:_identify(scripts/ai) by extension 'colcon_meta'
[2.303s] Level 1:colcon.colcon_core.package_identification:_identify(scripts/ai) by extensions ['ros']
[2.304s] Level 1:colcon.colcon_core.package_identification:_identify(scripts/ai) by extension 'ros'
[2.305s] Level 1:colcon.colcon_core.package_identification:_identify(scripts/ai) by extensions ['cmake', 'python']
[2.305s] Level 1:colcon.colcon_core.package_identification:_identify(scripts/ai) by extension 'cmake'
[2.306s] Level 1:colcon.colcon_core.package_identification:_identify(scripts/ai) by extension 'python'
[2.307s] Level 1:colcon.colcon_core.package_identification:_identify(scripts/ai) by extensions ['python_setup_py']
[2.307s] Level 1:colcon.colcon_core.package_identification:_identify(scripts/ai) by extension 'python_setup_py'
[2.308s] Level 1:colcon.colcon_core.package_identification:_identify(scripts/motor) by extensions ['ignore', 'ignore_ament_install']
[2.309s] Level 1:colcon.colcon_core.package_identification:_identify(scripts/motor) by extension 'ignore'
[2.310s] Level 1:colcon.colcon_core.package_identification:_identify(scripts/motor) by extension 'ignore_ament_install'
[2.311s] Level 1:colcon.colcon_core.package_identification:_identify(scripts/motor) by extensions ['colcon_pkg']
[2.311s] Level 1:colcon.colcon_core.package_identification:_identify(scripts/motor) by extension 'colcon_pkg'
[2.313s] Level 1:colcon.colcon_core.package_identification:_identify(scripts/motor) by extensions ['colcon_meta']
[2.314s] Level 1:colcon.colcon_core.package_identification:_identify(scripts/motor) by extension 'colcon_meta'
[2.314s] Level 1:colcon.colcon_core.package_identification:_identify(scripts/motor) by extensions ['ros']
[2.315s] Level 1:colcon.colcon_core.package_identification:_identify(scripts/motor) by extension 'ros'
[2.316s] Level 1:colcon.colcon_core.package_identification:_identify(scripts/motor) by extensions ['cmake', 'python']
[2.316s] Level 1:colcon.colcon_core.package_identification:_identify(scripts/motor) by extension 'cmake'
[2.317s] Level 1:colcon.colcon_core.package_identification:_identify(scripts/motor) by extension 'python'
[2.317s] Level 1:colcon.colcon_core.package_identification:_identify(scripts/motor) by extensions ['python_setup_py']
[2.318s] Level 1:colcon.colcon_core.package_identification:_identify(scripts/motor) by extension 'python_setup_py'
[2.320s] Level 1:colcon.colcon_core.package_identification:_identify(scripts/ws) by extensions ['ignore', 'ignore_ament_install']
[2.321s] Level 1:colcon.colcon_core.package_identification:_identify(scripts/ws) by extension 'ignore'
[2.322s] Level 1:colcon.colcon_core.package_identification:_identify(scripts/ws) by extension 'ignore_ament_install'
[2.323s] Level 1:colcon.colcon_core.package_identification:_identify(scripts/ws) by extensions ['colcon_pkg']
[2.324s] Level 1:colcon.colcon_core.package_identification:_identify(scripts/ws) by extension 'colcon_pkg'
[2.324s] Level 1:colcon.colcon_core.package_identification:_identify(scripts/ws) by extensions ['colcon_meta']
[2.325s] Level 1:colcon.colcon_core.package_identification:_identify(scripts/ws) by extension 'colcon_meta'
[2.325s] Level 1:colcon.colcon_core.package_identification:_identify(scripts/ws) by extensions ['ros']
[2.326s] Level 1:colcon.colcon_core.package_identification:_identify(scripts/ws) by extension 'ros'
[2.327s] Level 1:colcon.colcon_core.package_identification:_identify(scripts/ws) by extensions ['cmake', 'python']
[2.327s] Level 1:colcon.colcon_core.package_identification:_identify(scripts/ws) by extension 'cmake'
[2.328s] Level 1:colcon.colcon_core.package_identification:_identify(scripts/ws) by extension 'python'
[2.328s] Level 1:colcon.colcon_core.package_identification:_identify(scripts/ws) by extensions ['python_setup_py']
[2.329s] Level 1:colcon.colcon_core.package_identification:_identify(scripts/ws) by extension 'python_setup_py'
[2.330s] Level 1:colcon.colcon_core.package_identification:_identify(src) by extensions ['ignore', 'ignore_ament_install']
[2.331s] Level 1:colcon.colcon_core.package_identification:_identify(src) by extension 'ignore'
[2.332s] Level 1:colcon.colcon_core.package_identification:_identify(src) by extension 'ignore_ament_install'
[2.332s] Level 1:colcon.colcon_core.package_identification:_identify(src) by extensions ['colcon_pkg']
[2.333s] Level 1:colcon.colcon_core.package_identification:_identify(src) by extension 'colcon_pkg'
[2.333s] Level 1:colcon.colcon_core.package_identification:_identify(src) by extensions ['colcon_meta']
[2.334s] Level 1:colcon.colcon_core.package_identification:_identify(src) by extension 'colcon_meta'
[2.334s] Level 1:colcon.colcon_core.package_identification:_identify(src) by extensions ['ros']
[2.334s] Level 1:colcon.colcon_core.package_identification:_identify(src) by extension 'ros'
[2.335s] Level 1:colcon.colcon_core.package_identification:_identify(src) by extensions ['cmake', 'python']
[2.335s] Level 1:colcon.colcon_core.package_identification:_identify(src) by extension 'cmake'
[2.336s] Level 1:colcon.colcon_core.package_identification:_identify(src) by extension 'python'
[2.336s] Level 1:colcon.colcon_core.package_identification:_identify(src) by extensions ['python_setup_py']
[2.337s] Level 1:colcon.colcon_core.package_identification:_identify(src) by extension 'python_setup_py'
[2.338s] Level 1:colcon.colcon_core.package_identification:_identify(src/sabertooth) by extensions ['ignore', 'ignore_ament_install']
[2.338s] Level 1:colcon.colcon_core.package_identification:_identify(src/sabertooth) by extension 'ignore'
[2.339s] Level 1:colcon.colcon_core.package_identification:_identify(src/sabertooth) by extension 'ignore_ament_install'
[2.339s] Level 1:colcon.colcon_core.package_identification:_identify(src/sabertooth) by extensions ['colcon_pkg']
[2.340s] Level 1:colcon.colcon_core.package_identification:_identify(src/sabertooth) by extension 'colcon_pkg'
[2.340s] Level 1:colcon.colcon_core.package_identification:_identify(src/sabertooth) by extensions ['colcon_meta']
[2.340s] Level 1:colcon.colcon_core.package_identification:_identify(src/sabertooth) by extension 'colcon_meta'
[2.341s] Level 1:colcon.colcon_core.package_identification:_identify(src/sabertooth) by extensions ['ros']
[2.341s] Level 1:colcon.colcon_core.package_identification:_identify(src/sabertooth) by extension 'ros'
[2.372s] DEBUG:colcon.colcon_core.package_identification:Package 'src/sabertooth' with type 'ros.ament_python' and name 'sabertooth'
[2.382s] Level 1:colcon.colcon_core.package_identification:_identify(webui) by extensions ['ignore', 'ignore_ament_install']
[2.382s] Level 1:colcon.colcon_core.package_identification:_identify(webui) by extension 'ignore'
[2.383s] Level 1:colcon.colcon_core.package_identification:_identify(webui) by extension 'ignore_ament_install'
[2.384s] Level 1:colcon.colcon_core.package_identification:_identify(webui) by extensions ['colcon_pkg']
[2.384s] Level 1:colcon.colcon_core.package_identification:_identify(webui) by extension 'colcon_pkg'
[2.385s] Level 1:colcon.colcon_core.package_identification:_identify(webui) by extensions ['colcon_meta']
[2.386s] Level 1:colcon.colcon_core.package_identification:_identify(webui) by extension 'colcon_meta'
[2.386s] Level 1:colcon.colcon_core.package_identification:_identify(webui) by extensions ['ros']
[2.387s] Level 1:colcon.colcon_core.package_identification:_identify(webui) by extension 'ros'
[2.388s] Level 1:colcon.colcon_core.package_identification:_identify(webui) by extensions ['cmake', 'python']
[2.389s] Level 1:colcon.colcon_core.package_identification:_identify(webui) by extension 'cmake'
[2.390s] Level 1:colcon.colcon_core.package_identification:_identify(webui) by extension 'python'
[2.390s] Level 1:colcon.colcon_core.package_identification:_identify(webui) by extensions ['python_setup_py']
[2.391s] Level 1:colcon.colcon_core.package_identification:_identify(webui) by extension 'python_setup_py'
[2.393s] Level 1:colcon.colcon_core.package_identification:_identify(webui/__pycache__) by extensions ['ignore', 'ignore_ament_install']
[2.395s] Level 1:colcon.colcon_core.package_identification:_identify(webui/__pycache__) by extension 'ignore'
[2.395s] Level 1:colcon.colcon_core.package_identification:_identify(webui/__pycache__) by extension 'ignore_ament_install'
[2.396s] Level 1:colcon.colcon_core.package_identification:_identify(webui/__pycache__) by extensions ['colcon_pkg']
[2.397s] Level 1:colcon.colcon_core.package_identification:_identify(webui/__pycache__) by extension 'colcon_pkg'
[2.398s] Level 1:colcon.colcon_core.package_identification:_identify(webui/__pycache__) by extensions ['colcon_meta']
[2.399s] Level 1:colcon.colcon_core.package_identification:_identify(webui/__pycache__) by extension 'colcon_meta'
[2.399s] Level 1:colcon.colcon_core.package_identification:_identify(webui/__pycache__) by extensions ['ros']
[2.400s] Level 1:colcon.colcon_core.package_identification:_identify(webui/__pycache__) by extension 'ros'
[2.401s] Level 1:colcon.colcon_core.package_identification:_identify(webui/__pycache__) by extensions ['cmake', 'python']
[2.401s] Level 1:colcon.colcon_core.package_identification:_identify(webui/__pycache__) by extension 'cmake'
[2.402s] Level 1:colcon.colcon_core.package_identification:_identify(webui/__pycache__) by extension 'python'
[2.402s] Level 1:colcon.colcon_core.package_identification:_identify(webui/__pycache__) by extensions ['python_setup_py']
[2.403s] Level 1:colcon.colcon_core.package_identification:_identify(webui/__pycache__) by extension 'python_setup_py'
[2.405s] Level 1:colcon.colcon_core.package_identification:_identify(webui/static) by extensions ['ignore', 'ignore_ament_install']
[2.406s] Level 1:colcon.colcon_core.package_identification:_identify(webui/static) by extension 'ignore'
[2.407s] Level 1:colcon.colcon_core.package_identification:_identify(webui/static) by extension 'ignore_ament_install'
[2.407s] Level 1:colcon.colcon_core.package_identification:_identify(webui/static) by extensions ['colcon_pkg']
[2.408s] Level 1:colcon.colcon_core.package_identification:_identify(webui/static) by extension 'colcon_pkg'
[2.408s] Level 1:colcon.colcon_core.package_identification:_identify(webui/static) by extensions ['colcon_meta']
[2.409s] Level 1:colcon.colcon_core.package_identification:_identify(webui/static) by extension 'colcon_meta'
[2.409s] Level 1:colcon.colcon_core.package_identification:_identify(webui/static) by extensions ['ros']
[2.410s] Level 1:colcon.colcon_core.package_identification:_identify(webui/static) by extension 'ros'
[2.411s] Level 1:colcon.colcon_core.package_identification:_identify(webui/static) by extensions ['cmake', 'python']
[2.411s] Level 1:colcon.colcon_core.package_identification:_identify(webui/static) by extension 'cmake'
[2.412s] Level 1:colcon.colcon_core.package_identification:_identify(webui/static) by extension 'python'
[2.412s] Level 1:colcon.colcon_core.package_identification:_identify(webui/static) by extensions ['python_setup_py']
[2.413s] Level 1:colcon.colcon_core.package_identification:_identify(webui/static) by extension 'python_setup_py'
[2.416s] Level 1:colcon.colcon_core.package_identification:_identify(webui/static/css) by extensions ['ignore', 'ignore_ament_install']
[2.417s] Level 1:colcon.colcon_core.package_identification:_identify(webui/static/css) by extension 'ignore'
[2.418s] Level 1:colcon.colcon_core.package_identification:_identify(webui/static/css) by extension 'ignore_ament_install'
[2.418s] Level 1:colcon.colcon_core.package_identification:_identify(webui/static/css) by extensions ['colcon_pkg']
[2.419s] Level 1:colcon.colcon_core.package_identification:_identify(webui/static/css) by extension 'colcon_pkg'
[2.420s] Level 1:colcon.colcon_core.package_identification:_identify(webui/static/css) by extensions ['colcon_meta']
[2.420s] Level 1:colcon.colcon_core.package_identification:_identify(webui/static/css) by extension 'colcon_meta'
[2.420s] Level 1:colcon.colcon_core.package_identification:_identify(webui/static/css) by extensions ['ros']
[2.421s] Level 1:colcon.colcon_core.package_identification:_identify(webui/static/css) by extension 'ros'
[2.422s] Level 1:colcon.colcon_core.package_identification:_identify(webui/static/css) by extensions ['cmake', 'python']
[2.422s] Level 1:colcon.colcon_core.package_identification:_identify(webui/static/css) by extension 'cmake'
[2.423s] Level 1:colcon.colcon_core.package_identification:_identify(webui/static/css) by extension 'python'
[2.423s] Level 1:colcon.colcon_core.package_identification:_identify(webui/static/css) by extensions ['python_setup_py']
[2.424s] Level 1:colcon.colcon_core.package_identification:_identify(webui/static/css) by extension 'python_setup_py'
[2.426s] Level 1:colcon.colcon_core.package_identification:_identify(webui/static/ico) by extensions ['ignore', 'ignore_ament_install']
[2.427s] Level 1:colcon.colcon_core.package_identification:_identify(webui/static/ico) by extension 'ignore'
[2.428s] Level 1:colcon.colcon_core.package_identification:_identify(webui/static/ico) by extension 'ignore_ament_install'
[2.428s] Level 1:colcon.colcon_core.package_identification:_identify(webui/static/ico) by extensions ['colcon_pkg']
[2.429s] Level 1:colcon.colcon_core.package_identification:_identify(webui/static/ico) by extension 'colcon_pkg'
[2.430s] Level 1:colcon.colcon_core.package_identification:_identify(webui/static/ico) by extensions ['colcon_meta']
[2.430s] Level 1:colcon.colcon_core.package_identification:_identify(webui/static/ico) by extension 'colcon_meta'
[2.431s] Level 1:colcon.colcon_core.package_identification:_identify(webui/static/ico) by extensions ['ros']
[2.431s] Level 1:colcon.colcon_core.package_identification:_identify(webui/static/ico) by extension 'ros'
[2.432s] Level 1:colcon.colcon_core.package_identification:_identify(webui/static/ico) by extensions ['cmake', 'python']
[2.432s] Level 1:colcon.colcon_core.package_identification:_identify(webui/static/ico) by extension 'cmake'
[2.433s] Level 1:colcon.colcon_core.package_identification:_identify(webui/static/ico) by extension 'python'
[2.433s] Level 1:colcon.colcon_core.package_identification:_identify(webui/static/ico) by extensions ['python_setup_py']
[2.434s] Level 1:colcon.colcon_core.package_identification:_identify(webui/static/ico) by extension 'python_setup_py'
[2.436s] Level 1:colcon.colcon_core.package_identification:_identify(webui/static/img) by extensions ['ignore', 'ignore_ament_install']
[2.437s] Level 1:colcon.colcon_core.package_identification:_identify(webui/static/img) by extension 'ignore'
[2.437s] Level 1:colcon.colcon_core.package_identification:_identify(webui/static/img) by extension 'ignore_ament_install'
[2.438s] Level 1:colcon.colcon_core.package_identification:_identify(webui/static/img) by extensions ['colcon_pkg']
[2.438s] Level 1:colcon.colcon_core.package_identification:_identify(webui/static/img) by extension 'colcon_pkg'
[2.438s] Level 1:colcon.colcon_core.package_identification:_identify(webui/static/img) by extensions ['colcon_meta']
[2.439s] Level 1:colcon.colcon_core.package_identification:_identify(webui/static/img) by extension 'colcon_meta'
[2.439s] Level 1:colcon.colcon_core.package_identification:_identify(webui/static/img) by extensions ['ros']
[2.440s] Level 1:colcon.colcon_core.package_identification:_identify(webui/static/img) by extension 'ros'
[2.440s] Level 1:colcon.colcon_core.package_identification:_identify(webui/static/img) by extensions ['cmake', 'python']
[2.441s] Level 1:colcon.colcon_core.package_identification:_identify(webui/static/img) by extension 'cmake'
[2.441s] Level 1:colcon.colcon_core.package_identification:_identify(webui/static/img) by extension 'python'
[2.442s] Level 1:colcon.colcon_core.package_identification:_identify(webui/static/img) by extensions ['python_setup_py']
[2.442s] Level 1:colcon.colcon_core.package_identification:_identify(webui/static/img) by extension 'python_setup_py'
[2.444s] Level 1:colcon.colcon_core.package_identification:_identify(webui/static/js) by extensions ['ignore', 'ignore_ament_install']
[2.445s] Level 1:colcon.colcon_core.package_identification:_identify(webui/static/js) by extension 'ignore'
[2.446s] Level 1:colcon.colcon_core.package_identification:_identify(webui/static/js) by extension 'ignore_ament_install'
[2.447s] Level 1:colcon.colcon_core.package_identification:_identify(webui/static/js) by extensions ['colcon_pkg']
[2.448s] Level 1:colcon.colcon_core.package_identification:_identify(webui/static/js) by extension 'colcon_pkg'
[2.448s] Level 1:colcon.colcon_core.package_identification:_identify(webui/static/js) by extensions ['colcon_meta']
[2.449s] Level 1:colcon.colcon_core.package_identification:_identify(webui/static/js) by extension 'colcon_meta'
[2.449s] Level 1:colcon.colcon_core.package_identification:_identify(webui/static/js) by extensions ['ros']
[2.450s] Level 1:colcon.colcon_core.package_identification:_identify(webui/static/js) by extension 'ros'
[2.450s] Level 1:colcon.colcon_core.package_identification:_identify(webui/static/js) by extensions ['cmake', 'python']
[2.451s] Level 1:colcon.colcon_core.package_identification:_identify(webui/static/js) by extension 'cmake'
[2.451s] Level 1:colcon.colcon_core.package_identification:_identify(webui/static/js) by extension 'python'
[2.452s] Level 1:colcon.colcon_core.package_identification:_identify(webui/static/js) by extensions ['python_setup_py']
[2.452s] Level 1:colcon.colcon_core.package_identification:_identify(webui/static/js) by extension 'python_setup_py'
[2.455s] Level 1:colcon.colcon_core.package_identification:_identify(webui/templates) by extensions ['ignore', 'ignore_ament_install']
[2.455s] Level 1:colcon.colcon_core.package_identification:_identify(webui/templates) by extension 'ignore'
[2.456s] Level 1:colcon.colcon_core.package_identification:_identify(webui/templates) by extension 'ignore_ament_install'
[2.457s] Level 1:colcon.colcon_core.package_identification:_identify(webui/templates) by extensions ['colcon_pkg']
[2.457s] Level 1:colcon.colcon_core.package_identification:_identify(webui/templates) by extension 'colcon_pkg'
[2.457s] Level 1:colcon.colcon_core.package_identification:_identify(webui/templates) by extensions ['colcon_meta']
[2.458s] Level 1:colcon.colcon_core.package_identification:_identify(webui/templates) by extension 'colcon_meta'
[2.458s] Level 1:colcon.colcon_core.package_identification:_identify(webui/templates) by extensions ['ros']
[2.458s] Level 1:colcon.colcon_core.package_identification:_identify(webui/templates) by extension 'ros'
[2.459s] Level 1:colcon.colcon_core.package_identification:_identify(webui/templates) by extensions ['cmake', 'python']
[2.460s] Level 1:colcon.colcon_core.package_identification:_identify(webui/templates) by extension 'cmake'
[2.460s] Level 1:colcon.colcon_core.package_identification:_identify(webui/templates) by extension 'python'
[2.460s] Level 1:colcon.colcon_core.package_identification:_identify(webui/templates) by extensions ['python_setup_py']
[2.461s] Level 1:colcon.colcon_core.package_identification:_identify(webui/templates) by extension 'python_setup_py'
[2.463s] Level 1:colcon.colcon_core.package_identification:_identify(webui/templates/admin) by extensions ['ignore', 'ignore_ament_install']
[2.464s] Level 1:colcon.colcon_core.package_identification:_identify(webui/templates/admin) by extension 'ignore'
[2.465s] Level 1:colcon.colcon_core.package_identification:_identify(webui/templates/admin) by extension 'ignore_ament_install'
[2.466s] Level 1:colcon.colcon_core.package_identification:_identify(webui/templates/admin) by extensions ['colcon_pkg']
[2.466s] Level 1:colcon.colcon_core.package_identification:_identify(webui/templates/admin) by extension 'colcon_pkg'
[2.467s] Level 1:colcon.colcon_core.package_identification:_identify(webui/templates/admin) by extensions ['colcon_meta']
[2.467s] Level 1:colcon.colcon_core.package_identification:_identify(webui/templates/admin) by extension 'colcon_meta'
[2.467s] Level 1:colcon.colcon_core.package_identification:_identify(webui/templates/admin) by extensions ['ros']
[2.468s] Level 1:colcon.colcon_core.package_identification:_identify(webui/templates/admin) by extension 'ros'
[2.469s] Level 1:colcon.colcon_core.package_identification:_identify(webui/templates/admin) by extensions ['cmake', 'python']
[2.469s] Level 1:colcon.colcon_core.package_identification:_identify(webui/templates/admin) by extension 'cmake'
[2.470s] Level 1:colcon.colcon_core.package_identification:_identify(webui/templates/admin) by extension 'python'
[2.471s] Level 1:colcon.colcon_core.package_identification:_identify(webui/templates/admin) by extensions ['python_setup_py']
[2.471s] Level 1:colcon.colcon_core.package_identification:_identify(webui/templates/admin) by extension 'python_setup_py'
[2.474s] Level 1:colcon.colcon_core.package_identification:_identify(webui/templates/errors) by extensions ['ignore', 'ignore_ament_install']
[2.475s] Level 1:colcon.colcon_core.package_identification:_identify(webui/templates/errors) by extension 'ignore'
[2.476s] Level 1:colcon.colcon_core.package_identification:_identify(webui/templates/errors) by extension 'ignore_ament_install'
[2.476s] Level 1:colcon.colcon_core.package_identification:_identify(webui/templates/errors) by extensions ['colcon_pkg']
[2.477s] Level 1:colcon.colcon_core.package_identification:_identify(webui/templates/errors) by extension 'colcon_pkg'
[2.477s] Level 1:colcon.colcon_core.package_identification:_identify(webui/templates/errors) by extensions ['colcon_meta']
[2.478s] Level 1:colcon.colcon_core.package_identification:_identify(webui/templates/errors) by extension 'colcon_meta'
[2.479s] Level 1:colcon.colcon_core.package_identification:_identify(webui/templates/errors) by extensions ['ros']
[2.479s] Level 1:colcon.colcon_core.package_identification:_identify(webui/templates/errors) by extension 'ros'
[2.480s] Level 1:colcon.colcon_core.package_identification:_identify(webui/templates/errors) by extensions ['cmake', 'python']
[2.481s] Level 1:colcon.colcon_core.package_identification:_identify(webui/templates/errors) by extension 'cmake'
[2.481s] Level 1:colcon.colcon_core.package_identification:_identify(webui/templates/errors) by extension 'python'
[2.482s] Level 1:colcon.colcon_core.package_identification:_identify(webui/templates/errors) by extensions ['python_setup_py']
[2.483s] Level 1:colcon.colcon_core.package_identification:_identify(webui/templates/errors) by extension 'python_setup_py'
[2.485s] Level 1:colcon.colcon_core.package_identification:_identify(webui/templates/forms) by extensions ['ignore', 'ignore_ament_install']
[2.486s] Level 1:colcon.colcon_core.package_identification:_identify(webui/templates/forms) by extension 'ignore'
[2.487s] Level 1:colcon.colcon_core.package_identification:_identify(webui/templates/forms) by extension 'ignore_ament_install'
[2.487s] Level 1:colcon.colcon_core.package_identification:_identify(webui/templates/forms) by extensions ['colcon_pkg']
[2.488s] Level 1:colcon.colcon_core.package_identification:_identify(webui/templates/forms) by extension 'colcon_pkg'
[2.488s] Level 1:colcon.colcon_core.package_identification:_identify(webui/templates/forms) by extensions ['colcon_meta']
[2.489s] Level 1:colcon.colcon_core.package_identification:_identify(webui/templates/forms) by extension 'colcon_meta'
[2.489s] Level 1:colcon.colcon_core.package_identification:_identify(webui/templates/forms) by extensions ['ros']
[2.490s] Level 1:colcon.colcon_core.package_identification:_identify(webui/templates/forms) by extension 'ros'
[2.491s] Level 1:colcon.colcon_core.package_identification:_identify(webui/templates/forms) by extensions ['cmake', 'python']
[2.491s] Level 1:colcon.colcon_core.package_identification:_identify(webui/templates/forms) by extension 'cmake'
[2.492s] Level 1:colcon.colcon_core.package_identification:_identify(webui/templates/forms) by extension 'python'
[2.492s] Level 1:colcon.colcon_core.package_identification:_identify(webui/templates/forms) by extensions ['python_setup_py']
[2.492s] Level 1:colcon.colcon_core.package_identification:_identify(webui/templates/forms) by extension 'python_setup_py'
[2.495s] Level 1:colcon.colcon_core.package_identification:_identify(webui/templates/layouts) by extensions ['ignore', 'ignore_ament_install']
[2.496s] Level 1:colcon.colcon_core.package_identification:_identify(webui/templates/layouts) by extension 'ignore'
[2.496s] Level 1:colcon.colcon_core.package_identification:_identify(webui/templates/layouts) by extension 'ignore_ament_install'
[2.497s] Level 1:colcon.colcon_core.package_identification:_identify(webui/templates/layouts) by extensions ['colcon_pkg']
[2.498s] Level 1:colcon.colcon_core.package_identification:_identify(webui/templates/layouts) by extension 'colcon_pkg'
[2.498s] Level 1:colcon.colcon_core.package_identification:_identify(webui/templates/layouts) by extensions ['colcon_meta']
[2.499s] Level 1:colcon.colcon_core.package_identification:_identify(webui/templates/layouts) by extension 'colcon_meta'
[2.499s] Level 1:colcon.colcon_core.package_identification:_identify(webui/templates/layouts) by extensions ['ros']
[2.500s] Level 1:colcon.colcon_core.package_identification:_identify(webui/templates/layouts) by extension 'ros'
[2.501s] Level 1:colcon.colcon_core.package_identification:_identify(webui/templates/layouts) by extensions ['cmake', 'python']
[2.501s] Level 1:colcon.colcon_core.package_identification:_identify(webui/templates/layouts) by extension 'cmake'
[2.502s] Level 1:colcon.colcon_core.package_identification:_identify(webui/templates/layouts) by extension 'python'
[2.502s] Level 1:colcon.colcon_core.package_identification:_identify(webui/templates/layouts) by extensions ['python_setup_py']
[2.502s] Level 1:colcon.colcon_core.package_identification:_identify(webui/templates/layouts) by extension 'python_setup_py'
[2.505s] Level 1:colcon.colcon_core.package_identification:_identify(webui/templates/pages) by extensions ['ignore', 'ignore_ament_install']
[2.506s] Level 1:colcon.colcon_core.package_identification:_identify(webui/templates/pages) by extension 'ignore'
[2.507s] Level 1:colcon.colcon_core.package_identification:_identify(webui/templates/pages) by extension 'ignore_ament_install'
[2.507s] Level 1:colcon.colcon_core.package_identification:_identify(webui/templates/pages) by extensions ['colcon_pkg']
[2.508s] Level 1:colcon.colcon_core.package_identification:_identify(webui/templates/pages) by extension 'colcon_pkg'
[2.508s] Level 1:colcon.colcon_core.package_identification:_identify(webui/templates/pages) by extensions ['colcon_meta']
[2.508s] Level 1:colcon.colcon_core.package_identification:_identify(webui/templates/pages) by extension 'colcon_meta'
[2.509s] Level 1:colcon.colcon_core.package_identification:_identify(webui/templates/pages) by extensions ['ros']
[2.509s] Level 1:colcon.colcon_core.package_identification:_identify(webui/templates/pages) by extension 'ros'
[2.510s] Level 1:colcon.colcon_core.package_identification:_identify(webui/templates/pages) by extensions ['cmake', 'python']
[2.511s] Level 1:colcon.colcon_core.package_identification:_identify(webui/templates/pages) by extension 'cmake'
[2.512s] Level 1:colcon.colcon_core.package_identification:_identify(webui/templates/pages) by extension 'python'
[2.514s] Level 1:colcon.colcon_core.package_identification:_identify(webui/templates/pages) by extensions ['python_setup_py']
[2.515s] Level 1:colcon.colcon_core.package_identification:_identify(webui/templates/pages) by extension 'python_setup_py'
[2.515s] Level 1:colcon.colcon_core.package_discovery:discover_packages(recursive) using defaults
[2.516s] Level 1:colcon.colcon_core.package_discovery:discover_packages(ignore) discover
[2.516s] Level 1:colcon.colcon_core.package_discovery:discover_packages(ignore) using defaults
[2.516s] Level 1:colcon.colcon_core.package_discovery:discover_packages(path) discover
[2.516s] Level 1:colcon.colcon_core.package_discovery:discover_packages(path) using defaults
[2.722s] Level 1:colcon.colcon_core.package_discovery:discover_packages(prefix_path) check parameters
[2.723s] Level 1:colcon.colcon_core.package_discovery:discover_packages(prefix_path) discover
[2.754s] DEBUG:colcon.colcon_installed_package_information.package_discovery:Found 1 installed packages in /home/ubuntu/scootbot/install
[2.769s] DEBUG:colcon.colcon_installed_package_information.package_discovery:Found 182 installed packages in /opt/ros/foxy
[2.781s] Level 1:colcon.colcon_core.package_discovery:discover_packages(prefix_path) using defaults
[3.406s] Level 5:colcon.colcon_core.verb:set package 'sabertooth' build argument 'cmake_args' from command line to 'None'
[3.406s] Level 5:colcon.colcon_core.verb:set package 'sabertooth' build argument 'cmake_target' from command line to 'None'
[3.435s] Level 5:colcon.colcon_core.verb:set package 'sabertooth' build argument 'cmake_target_skip_unavailable' from command line to 'False'
[3.435s] Level 5:colcon.colcon_core.verb:set package 'sabertooth' build argument 'cmake_clean_cache' from command line to 'False'
[3.436s] Level 5:colcon.colcon_core.verb:set package 'sabertooth' build argument 'cmake_clean_first' from command line to 'False'
[3.436s] Level 5:colcon.colcon_core.verb:set package 'sabertooth' build argument 'cmake_force_configure' from command line to 'False'
[3.437s] Level 5:colcon.colcon_core.verb:set package 'sabertooth' build argument 'ament_cmake_args' from command line to 'None'
[3.438s] Level 5:colcon.colcon_core.verb:set package 'sabertooth' build argument 'catkin_cmake_args' from command line to 'None'
[3.438s] Level 5:colcon.colcon_core.verb:set package 'sabertooth' build argument 'catkin_skip_building_tests' from command line to 'False'
[3.440s] DEBUG:colcon.colcon_core.verb:Building package 'sabertooth' with the following arguments: {'ament_cmake_args': None, 'build_base': '/home/ubuntu/scootbot/build/sabertooth', 'catkin_cmake_args': None, 'catkin_skip_building_tests': False, 'cmake_args': None, 'cmake_clean_cache': False, 'cmake_clean_first': False, 'cmake_force_configure': False, 'cmake_target': None, 'cmake_target_skip_unavailable': False, 'install_base': '/home/ubuntu/scootbot/install/sabertooth', 'merge_install': False, 'path': '/home/ubuntu/scootbot/src/sabertooth', 'symlink_install': False, 'test_result_base': None}
[3.444s] INFO:colcon.colcon_core.executor:Executing jobs using 'parallel' executor
[3.461s] DEBUG:colcon.colcon_parallel_executor.executor.parallel:run_until_complete
[3.464s] INFO:colcon.colcon_ros.task.ament_python.build:Building ROS package in '/home/ubuntu/scootbot/src/sabertooth' with build type 'ament_python'
[3.465s] Level 1:colcon.colcon_core.shell:create_environment_hook('sabertooth', 'ament_prefix_path')
[3.524s] INFO:colcon.colcon_core.plugin_system:Skipping extension 'colcon_core.shell.bat': Not used on non-Windows systems
[3.526s] INFO:colcon.colcon_core.shell:Creating environment hook '/home/ubuntu/scootbot/install/sabertooth/share/sabertooth/hook/ament_prefix_path.ps1'
[3.537s] INFO:colcon.colcon_core.shell:Creating environment descriptor '/home/ubuntu/scootbot/install/sabertooth/share/sabertooth/hook/ament_prefix_path.dsv'
[3.546s] INFO:colcon.colcon_core.shell:Creating environment hook '/home/ubuntu/scootbot/install/sabertooth/share/sabertooth/hook/ament_prefix_path.sh'
[3.557s] INFO:colcon.colcon_core.shell:Skip shell extension 'powershell' for command environment: Not usable outside of PowerShell
[3.558s] DEBUG:colcon.colcon_core.shell:Skip shell extension 'dsv' for command environment
[5.624s] INFO:colcon.colcon_core.task.python.build:Building Python package in '/home/ubuntu/scootbot/src/sabertooth'
[5.629s] INFO:colcon.colcon_core.shell:Skip shell extension 'powershell' for command environment: Not usable outside of PowerShell
[5.630s] DEBUG:colcon.colcon_core.shell:Skip shell extension 'dsv' for command environment
[11.138s] DEBUG:colcon.colcon_core.event_handler.log_command:Invoking command in '/home/ubuntu/scootbot/src/sabertooth': PYTHONPATH=/home/ubuntu/scootbot/install/sabertooth/lib/python3.8/site-packages:${PYTHONPATH} /usr/bin/python3 setup.py egg_info --egg-base ../../build/sabertooth build --build-base /home/ubuntu/scootbot/build/sabertooth/build install --prefix /home/ubuntu/scootbot/install/sabertooth --record /home/ubuntu/scootbot/build/sabertooth/install.log --single-version-externally-managed
[13.869s] DEBUG:colcon.colcon_core.event_handler.log_command:Invoked command in '/home/ubuntu/scootbot/src/sabertooth' returned '0': PYTHONPATH=/home/ubuntu/scootbot/install/sabertooth/lib/python3.8/site-packages:${PYTHONPATH} /usr/bin/python3 setup.py egg_info --egg-base ../../build/sabertooth build --build-base /home/ubuntu/scootbot/build/sabertooth/build install --prefix /home/ubuntu/scootbot/install/sabertooth --record /home/ubuntu/scootbot/build/sabertooth/install.log --single-version-externally-managed
[14.065s] Level 1:colcon.colcon_core.environment:checking '/home/ubuntu/scootbot/install/sabertooth' for CMake module files
[14.070s] Level 1:colcon.colcon_core.environment:checking '/home/ubuntu/scootbot/install/sabertooth' for CMake config files
[14.078s] Level 1:colcon.colcon_core.environment:checking '/home/ubuntu/scootbot/install/sabertooth/lib'
[14.080s] Level 1:colcon.colcon_core.environment:checking '/home/ubuntu/scootbot/install/sabertooth/bin'
[14.081s] Level 1:colcon.colcon_core.environment:checking '/home/ubuntu/scootbot/install/sabertooth/lib/pkgconfig/sabertooth.pc'
[14.083s] Level 1:colcon.colcon_core.environment:checking '/home/ubuntu/scootbot/install/sabertooth/lib/python3.8/site-packages'
[14.084s] Level 1:colcon.colcon_core.shell:create_environment_hook('sabertooth', 'pythonpath')
[14.088s] INFO:colcon.colcon_core.shell:Creating environment hook '/home/ubuntu/scootbot/install/sabertooth/share/sabertooth/hook/pythonpath.ps1'
[14.091s] INFO:colcon.colcon_core.shell:Creating environment descriptor '/home/ubuntu/scootbot/install/sabertooth/share/sabertooth/hook/pythonpath.dsv'
[14.095s] INFO:colcon.colcon_core.shell:Creating environment hook '/home/ubuntu/scootbot/install/sabertooth/share/sabertooth/hook/pythonpath.sh'
[14.100s] Level 1:colcon.colcon_core.environment:checking '/home/ubuntu/scootbot/install/sabertooth/bin'
[14.101s] Level 1:colcon.colcon_core.environment:create_environment_scripts_only(sabertooth)
[14.105s] INFO:colcon.colcon_core.shell:Creating package script '/home/ubuntu/scootbot/install/sabertooth/share/sabertooth/package.ps1'
[14.118s] INFO:colcon.colcon_core.shell:Creating package descriptor '/home/ubuntu/scootbot/install/sabertooth/share/sabertooth/package.dsv'
[14.128s] INFO:colcon.colcon_core.shell:Creating package script '/home/ubuntu/scootbot/install/sabertooth/share/sabertooth/package.sh'
[14.139s] INFO:colcon.colcon_core.shell:Creating package script '/home/ubuntu/scootbot/install/sabertooth/share/sabertooth/package.bash'
[14.149s] INFO:colcon.colcon_core.shell:Creating package script '/home/ubuntu/scootbot/install/sabertooth/share/sabertooth/package.zsh'
[14.159s] Level 1:colcon.colcon_core.environment:create_file_with_runtime_dependencies(/home/ubuntu/scootbot/install/sabertooth/share/colcon-core/packages/sabertooth)
[14.162s] DEBUG:colcon.colcon_parallel_executor.executor.parallel:closing loop
[14.164s] DEBUG:colcon.colcon_parallel_executor.executor.parallel:loop closed
[14.165s] DEBUG:colcon.colcon_parallel_executor.executor.parallel:run_until_complete finished with '0'
[14.166s] DEBUG:colcon.colcon_core.event_reactor:joining thread
[14.255s] INFO:colcon.colcon_core.plugin_system:Skipping extension 'colcon_notification.desktop_notification.notify_send': Could not find 'notify-send'
[14.256s] INFO:colcon.colcon_core.plugin_system:Skipping extension 'colcon_notification.desktop_notification.terminal_notifier': Not used on non-Darwin systems
[14.257s] INFO:colcon.colcon_core.plugin_system:Skipping extension 'colcon_notification.desktop_notification.win32': Not used on non-Windows systems
[14.258s] INFO:colcon.colcon_notification.desktop_notification:Sending desktop notification using 'notify2'
[14.367s] DEBUG:colcon.colcon_notification.desktop_notification.notify2:Failed to initialize notify2: org.freedesktop.DBus.Error.ServiceUnknown: The name org.freedesktop.Notifications was not provided by any .service files
[14.367s] DEBUG:colcon.colcon_core.event_reactor:joined thread
[14.372s] INFO:colcon.colcon_core.shell:Creating prefix script '/home/ubuntu/scootbot/install/local_setup.ps1'
[14.383s] INFO:colcon.colcon_core.shell:Creating prefix util module '/home/ubuntu/scootbot/install/_local_setup_util_ps1.py'
[14.404s] INFO:colcon.colcon_core.shell:Creating prefix chain script '/home/ubuntu/scootbot/install/setup.ps1'
[14.419s] INFO:colcon.colcon_core.shell:Creating prefix script '/home/ubuntu/scootbot/install/local_setup.sh'
[14.428s] INFO:colcon.colcon_core.shell:Creating prefix util module '/home/ubuntu/scootbot/install/_local_setup_util_sh.py'
[14.433s] INFO:colcon.colcon_core.shell:Creating prefix chain script '/home/ubuntu/scootbot/install/setup.sh'
[14.445s] INFO:colcon.colcon_core.shell:Creating prefix script '/home/ubuntu/scootbot/install/local_setup.bash'
[14.453s] INFO:colcon.colcon_core.shell:Creating prefix chain script '/home/ubuntu/scootbot/install/setup.bash'
[14.464s] INFO:colcon.colcon_core.shell:Creating prefix script '/home/ubuntu/scootbot/install/local_setup.zsh'
[14.473s] INFO:colcon.colcon_core.shell:Creating prefix chain script '/home/ubuntu/scootbot/install/setup.zsh'
