[0.073s] Invoking command in '/home/ubuntu/scootbot/3.0.0/build/diffdrive_arduino': AMENT_PREFIX_PATH=/home/ubuntu/scootbot/3.0.0/install/serial:${AMENT_PREFIX_PATH} CMAKE_PREFIX_PATH=/home/ubuntu/scootbot/3.0.0/install/serial:/opt/ros/humble LD_LIBRARY_PATH=/home/ubuntu/scootbot/3.0.0/install/serial/lib:${LD_LIBRARY_PATH} /usr/bin/cmake --build /home/ubuntu/scootbot/3.0.0/build/diffdrive_arduino -- -j4 -l4
[0.145s] [35m[1mConsolidate compiler generated dependencies of target diffdrive_arduino[0m
[0.178s] [ 42%] Built target fake_robot
[0.196s] [ 57%] [32mBuilding CXX object CMakeFiles/diffdrive_arduino.dir/src/diffdrive_arduino.cpp.o[0m
[8.114s] [ 71%] [32m[1mLinking CXX shared library libdiffdrive_arduino.so[0m
[8.518s] [100%] Built target diffdrive_arduino
[8.536s] Invoked command in '/home/ubuntu/scootbot/3.0.0/build/diffdrive_arduino' returned '0': AMENT_PREFIX_PATH=/home/ubuntu/scootbot/3.0.0/install/serial:${AMENT_PREFIX_PATH} CMAKE_PREFIX_PATH=/home/ubuntu/scootbot/3.0.0/install/serial:/opt/ros/humble LD_LIBRARY_PATH=/home/ubuntu/scootbot/3.0.0/install/serial/lib:${LD_LIBRARY_PATH} /usr/bin/cmake --build /home/ubuntu/scootbot/3.0.0/build/diffdrive_arduino -- -j4 -l4
[8.586s] Invoking command in '/home/ubuntu/scootbot/3.0.0/build/diffdrive_arduino': AMENT_PREFIX_PATH=/home/ubuntu/scootbot/3.0.0/install/serial:${AMENT_PREFIX_PATH} CMAKE_PREFIX_PATH=/home/ubuntu/scootbot/3.0.0/install/serial:/opt/ros/humble LD_LIBRARY_PATH=/home/ubuntu/scootbot/3.0.0/install/serial/lib:${LD_LIBRARY_PATH} /usr/bin/cmake --install /home/ubuntu/scootbot/3.0.0/build/diffdrive_arduino
[8.597s] -- Install configuration: ""
[8.598s] -- Execute custom install script
[8.599s] -- Up-to-date symlink: /home/ubuntu/scootbot/3.0.0/install/diffdrive_arduino/share/diffdrive_arduino//robot_hardware.xml
[8.599s] -- Up-to-date symlink: /home/ubuntu/scootbot/3.0.0/install/diffdrive_arduino/share/diffdrive_arduino//fake_robot_hardware.xml
[8.600s] -- Up-to-date symlink: /home/ubuntu/scootbot/3.0.0/install/diffdrive_arduino/lib/libdiffdrive_arduino.so
[8.601s] -- Up-to-date symlink: /home/ubuntu/scootbot/3.0.0/install/diffdrive_arduino/lib/libfake_robot.so
[8.601s] -- Up-to-date symlink: /home/ubuntu/scootbot/3.0.0/install/diffdrive_arduino/share/diffdrive_arduino/controllers/fake_robot_controller.yaml
[8.602s] -- Up-to-date symlink: /home/ubuntu/scootbot/3.0.0/install/diffdrive_arduino/share/diffdrive_arduino/controllers/robot_controller.yaml
[8.602s] -- Up-to-date symlink: /home/ubuntu/scootbot/3.0.0/install/diffdrive_arduino/share/diffdrive_arduino/controllers/robot_controller_example copy.yaml
[8.603s] -- Up-to-date symlink: /home/ubuntu/scootbot/3.0.0/install/diffdrive_arduino/share/diffdrive_arduino/__pycache__/test_robot.launch.cpython-310.pyc
[8.603s] -- Up-to-date symlink: /home/ubuntu/scootbot/3.0.0/install/diffdrive_arduino/share/diffdrive_arduino/fake_robot.launch.py
[8.604s] -- Up-to-date symlink: /home/ubuntu/scootbot/3.0.0/install/diffdrive_arduino/share/diffdrive_arduino/test_robot.launch.py
[8.604s] -- Up-to-date symlink: /home/ubuntu/scootbot/3.0.0/install/diffdrive_arduino/share/diffdrive_arduino/environment/library_path.sh
[8.604s] -- Up-to-date symlink: /home/ubuntu/scootbot/3.0.0/install/diffdrive_arduino/share/diffdrive_arduino/environment/library_path.dsv
[8.605s] -- Up-to-date symlink: /home/ubuntu/scootbot/3.0.0/install/diffdrive_arduino/share/ament_index/resource_index/package_run_dependencies/diffdrive_arduino
[8.606s] -- Up-to-date symlink: /home/ubuntu/scootbot/3.0.0/install/diffdrive_arduino/share/ament_index/resource_index/parent_prefix_path/diffdrive_arduino
[8.606s] -- Up-to-date symlink: /home/ubuntu/scootbot/3.0.0/install/diffdrive_arduino/share/diffdrive_arduino/environment/ament_prefix_path.sh
[8.607s] -- Up-to-date symlink: /home/ubuntu/scootbot/3.0.0/install/diffdrive_arduino/share/diffdrive_arduino/environment/ament_prefix_path.dsv
[8.607s] -- Up-to-date symlink: /home/ubuntu/scootbot/3.0.0/install/diffdrive_arduino/share/diffdrive_arduino/environment/path.sh
[8.608s] -- Up-to-date symlink: /home/ubuntu/scootbot/3.0.0/install/diffdrive_arduino/share/diffdrive_arduino/environment/path.dsv
[8.609s] -- Up-to-date symlink: /home/ubuntu/scootbot/3.0.0/install/diffdrive_arduino/share/diffdrive_arduino/local_setup.bash
[8.609s] -- Up-to-date symlink: /home/ubuntu/scootbot/3.0.0/install/diffdrive_arduino/share/diffdrive_arduino/local_setup.sh
[8.610s] -- Up-to-date symlink: /home/ubuntu/scootbot/3.0.0/install/diffdrive_arduino/share/diffdrive_arduino/local_setup.zsh
[8.610s] -- Up-to-date symlink: /home/ubuntu/scootbot/3.0.0/install/diffdrive_arduino/share/diffdrive_arduino/local_setup.dsv
[8.611s] -- Symlinking: /home/ubuntu/scootbot/3.0.0/install/diffdrive_arduino/share/diffdrive_arduino/package.dsv
[8.625s] -- Up-to-date symlink: /home/ubuntu/scootbot/3.0.0/install/diffdrive_arduino/share/ament_index/resource_index/packages/diffdrive_arduino
[8.625s] -- Up-to-date symlink: /home/ubuntu/scootbot/3.0.0/install/diffdrive_arduino/share/ament_index/resource_index/hardware_interface__pluginlib__plugin/diffdrive_arduino
[8.626s] -- Up-to-date symlink: /home/ubuntu/scootbot/3.0.0/install/diffdrive_arduino/share/diffdrive_arduino/cmake/ament_cmake_export_libraries-extras.cmake
[8.627s] -- Up-to-date symlink: /home/ubuntu/scootbot/3.0.0/install/diffdrive_arduino/share/diffdrive_arduino/cmake/ament_cmake_export_dependencies-extras.cmake
[8.627s] -- Up-to-date symlink: /home/ubuntu/scootbot/3.0.0/install/diffdrive_arduino/share/diffdrive_arduino/cmake/diffdrive_arduinoConfig.cmake
[8.628s] -- Up-to-date symlink: /home/ubuntu/scootbot/3.0.0/install/diffdrive_arduino/share/diffdrive_arduino/cmake/diffdrive_arduinoConfig-version.cmake
[8.628s] -- Up-to-date symlink: /home/ubuntu/scootbot/3.0.0/install/diffdrive_arduino/share/diffdrive_arduino/package.xml
[8.637s] Invoked command in '/home/ubuntu/scootbot/3.0.0/build/diffdrive_arduino' returned '0': AMENT_PREFIX_PATH=/home/ubuntu/scootbot/3.0.0/install/serial:${AMENT_PREFIX_PATH} CMAKE_PREFIX_PATH=/home/ubuntu/scootbot/3.0.0/install/serial:/opt/ros/humble LD_LIBRARY_PATH=/home/ubuntu/scootbot/3.0.0/install/serial/lib:${LD_LIBRARY_PATH} /usr/bin/cmake --install /home/ubuntu/scootbot/3.0.0/build/diffdrive_arduino
