[0.012s] Invoking command in '/home/ubuntu/scootbot/build/scootbot_sim': CMAKE_PREFIX_PATH=/home/ubuntu/scootbot/install/sllidar_ros2:/home/ubuntu/scootbot/install/scootbot_sim:/home/ubuntu/scootbot/install/scootbot_description:/home/teknetik/ros2_ws/install/scootbot_description:/home/teknetik/ros2_ws/install/ros2_imu_filter_madgwick:/home/ubuntu/scootbot/install/sabertooth:/home/ubuntu/scootbot/install/joy_cmd:/home/ubuntu/scootbot/install/differential_drive:/home/teknetik/ros2_ws/install/saber:/home/teknetik/ros2_ws/install/joystick_ros2:/home/teknetik/ros2_ws/install/differential_drive:/opt/ros/foxy:/home/teknetik/ros2_ws/install/rf2o_laser_odometry:/home/teknetik/ros2_ws/install/my_box_bot_gazebo /usr/bin/cmake --build /home/ubuntu/scootbot/build/scootbot_sim -- -j20 -l20
[0.036s] Invoked command in '/home/ubuntu/scootbot/build/scootbot_sim' returned '0': CMAKE_PREFIX_PATH=/home/ubuntu/scootbot/install/sllidar_ros2:/home/ubuntu/scootbot/install/scootbot_sim:/home/ubuntu/scootbot/install/scootbot_description:/home/teknetik/ros2_ws/install/scootbot_description:/home/teknetik/ros2_ws/install/ros2_imu_filter_madgwick:/home/ubuntu/scootbot/install/sabertooth:/home/ubuntu/scootbot/install/joy_cmd:/home/ubuntu/scootbot/install/differential_drive:/home/teknetik/ros2_ws/install/saber:/home/teknetik/ros2_ws/install/joystick_ros2:/home/teknetik/ros2_ws/install/differential_drive:/opt/ros/foxy:/home/teknetik/ros2_ws/install/rf2o_laser_odometry:/home/teknetik/ros2_ws/install/my_box_bot_gazebo /usr/bin/cmake --build /home/ubuntu/scootbot/build/scootbot_sim -- -j20 -l20
[0.058s] Invoking command in '/home/ubuntu/scootbot/build/scootbot_sim': CMAKE_PREFIX_PATH=/home/ubuntu/scootbot/install/sllidar_ros2:/home/ubuntu/scootbot/install/scootbot_sim:/home/ubuntu/scootbot/install/scootbot_description:/home/teknetik/ros2_ws/install/scootbot_description:/home/teknetik/ros2_ws/install/ros2_imu_filter_madgwick:/home/ubuntu/scootbot/install/sabertooth:/home/ubuntu/scootbot/install/joy_cmd:/home/ubuntu/scootbot/install/differential_drive:/home/teknetik/ros2_ws/install/saber:/home/teknetik/ros2_ws/install/joystick_ros2:/home/teknetik/ros2_ws/install/differential_drive:/opt/ros/foxy:/home/teknetik/ros2_ws/install/rf2o_laser_odometry:/home/teknetik/ros2_ws/install/my_box_bot_gazebo /usr/bin/cmake --install /home/ubuntu/scootbot/build/scootbot_sim
[0.063s] -- Install configuration: ""
[0.063s] -- Execute custom install script
[0.063s] -- Up-to-date symlink: /home/ubuntu/scootbot/install/scootbot_sim/share/scootbot_sim/launch/scootbot_sim.launch.py
[0.064s] -- Up-to-date symlink: /home/ubuntu/scootbot/install/scootbot_sim/share/ament_index/resource_index/package_run_dependencies/scootbot_sim
[0.064s] -- Up-to-date symlink: /home/ubuntu/scootbot/install/scootbot_sim/share/ament_index/resource_index/parent_prefix_path/scootbot_sim
[0.064s] -- Up-to-date symlink: /home/ubuntu/scootbot/install/scootbot_sim/share/scootbot_sim/environment/ament_prefix_path.sh
[0.064s] -- Up-to-date symlink: /home/ubuntu/scootbot/install/scootbot_sim/share/scootbot_sim/environment/ament_prefix_path.dsv
[0.064s] -- Up-to-date symlink: /home/ubuntu/scootbot/install/scootbot_sim/share/scootbot_sim/environment/path.sh
[0.064s] -- Up-to-date symlink: /home/ubuntu/scootbot/install/scootbot_sim/share/scootbot_sim/environment/path.dsv
[0.065s] -- Up-to-date symlink: /home/ubuntu/scootbot/install/scootbot_sim/share/scootbot_sim/local_setup.bash
[0.065s] -- Up-to-date symlink: /home/ubuntu/scootbot/install/scootbot_sim/share/scootbot_sim/local_setup.sh
[0.065s] -- Up-to-date symlink: /home/ubuntu/scootbot/install/scootbot_sim/share/scootbot_sim/local_setup.zsh
[0.065s] -- Up-to-date symlink: /home/ubuntu/scootbot/install/scootbot_sim/share/scootbot_sim/local_setup.dsv
[0.065s] -- Symlinking: /home/ubuntu/scootbot/install/scootbot_sim/share/scootbot_sim/package.dsv
[0.071s] -- Up-to-date symlink: /home/ubuntu/scootbot/install/scootbot_sim/share/ament_index/resource_index/packages/scootbot_sim
[0.071s] -- Up-to-date symlink: /home/ubuntu/scootbot/install/scootbot_sim/share/scootbot_sim/cmake/scootbot_simConfig.cmake
[0.071s] -- Up-to-date symlink: /home/ubuntu/scootbot/install/scootbot_sim/share/scootbot_sim/cmake/scootbot_simConfig-version.cmake
[0.072s] -- Up-to-date symlink: /home/ubuntu/scootbot/install/scootbot_sim/share/scootbot_sim/package.xml
[0.073s] Invoked command in '/home/ubuntu/scootbot/build/scootbot_sim' returned '0': CMAKE_PREFIX_PATH=/home/ubuntu/scootbot/install/sllidar_ros2:/home/ubuntu/scootbot/install/scootbot_sim:/home/ubuntu/scootbot/install/scootbot_description:/home/teknetik/ros2_ws/install/scootbot_description:/home/teknetik/ros2_ws/install/ros2_imu_filter_madgwick:/home/ubuntu/scootbot/install/sabertooth:/home/ubuntu/scootbot/install/joy_cmd:/home/ubuntu/scootbot/install/differential_drive:/home/teknetik/ros2_ws/install/saber:/home/teknetik/ros2_ws/install/joystick_ros2:/home/teknetik/ros2_ws/install/differential_drive:/opt/ros/foxy:/home/teknetik/ros2_ws/install/rf2o_laser_odometry:/home/teknetik/ros2_ws/install/my_box_bot_gazebo /usr/bin/cmake --install /home/ubuntu/scootbot/build/scootbot_sim
