[3.007s] Invoking command in '/home/ubuntu/scootbot/1.0.0/src/ros2_differential_drive': PYTHONPATH=/home/ubuntu/scootbot/build/differential_drive/prefix_override:/home/ubuntu/scootbot/install/differential_drive/lib/python3.10/site-packages:${PYTHONPATH} /usr/bin/python3 setup.py egg_info --egg-base ../../../build/differential_drive build --build-base /home/ubuntu/scootbot/build/differential_drive/build install --record /home/ubuntu/scootbot/build/differential_drive/install.log --install-scripts $base/lib/differential_drive --single-version-externally-managed
[3.913s] /usr/lib/python3/dist-packages/setuptools/dist.py:723: UserWarning: Usage of dash-separated 'script-dir' will not be supported in future versions. Please use the underscore name 'script_dir' instead
[3.913s]   warnings.warn(
[3.949s] running egg_info
[3.952s] writing ../../../build/differential_drive/differential_drive.egg-info/PKG-INFO
[3.953s] writing dependency_links to ../../../build/differential_drive/differential_drive.egg-info/dependency_links.txt
[3.953s] writing entry points to ../../../build/differential_drive/differential_drive.egg-info/entry_points.txt
[3.954s] writing requirements to ../../../build/differential_drive/differential_drive.egg-info/requires.txt
[3.954s] writing top-level names to ../../../build/differential_drive/differential_drive.egg-info/top_level.txt
[3.961s] reading manifest file '../../../build/differential_drive/differential_drive.egg-info/SOURCES.txt'
[3.962s] adding license file 'LICENSE'
[3.965s] writing manifest file '../../../build/differential_drive/differential_drive.egg-info/SOURCES.txt'
[3.965s] running build
[3.966s] running build_py
[3.969s] running install
[3.969s] /usr/lib/python3/dist-packages/setuptools/command/install.py:34: SetuptoolsDeprecationWarning: setup.py install is deprecated. Use build and pip and other standards-based tools.
[3.970s]   warnings.warn(
[3.971s] running install_lib
[3.976s] running install_data
[3.978s] running install_egg_info
[3.985s] removing '/home/ubuntu/scootbot/install/differential_drive/lib/python3.10/site-packages/differential_drive-0.1.0-py3.10.egg-info' (and everything under it)
[3.986s] Copying ../../../build/differential_drive/differential_drive.egg-info to /home/ubuntu/scootbot/install/differential_drive/lib/python3.10/site-packages/differential_drive-0.1.0-py3.10.egg-info
[3.989s] running install_scripts
[4.073s] Installing diff_tf script to /home/ubuntu/scootbot/install/differential_drive/lib/differential_drive
[4.074s] Installing phidgets_encoder script to /home/ubuntu/scootbot/install/differential_drive/lib/differential_drive
[4.074s] Installing pid script to /home/ubuntu/scootbot/install/differential_drive/lib/differential_drive
[4.075s] Installing pid_velocity script to /home/ubuntu/scootbot/install/differential_drive/lib/differential_drive
[4.075s] Installing twist_to_motors script to /home/ubuntu/scootbot/install/differential_drive/lib/differential_drive
[4.076s] Installing virtual_joystick script to /home/ubuntu/scootbot/install/differential_drive/lib/differential_drive
[4.076s] Installing wheel_loopback script to /home/ubuntu/scootbot/install/differential_drive/lib/differential_drive
[4.076s] Installing wheel_scaler script to /home/ubuntu/scootbot/install/differential_drive/lib/differential_drive
[4.079s] writing list of installed files to '/home/ubuntu/scootbot/build/differential_drive/install.log'
[4.164s] Invoked command in '/home/ubuntu/scootbot/1.0.0/src/ros2_differential_drive' returned '0': PYTHONPATH=/home/ubuntu/scootbot/build/differential_drive/prefix_override:/home/ubuntu/scootbot/install/differential_drive/lib/python3.10/site-packages:${PYTHONPATH} /usr/bin/python3 setup.py egg_info --egg-base ../../../build/differential_drive build --build-base /home/ubuntu/scootbot/build/differential_drive/build install --record /home/ubuntu/scootbot/build/differential_drive/install.log --install-scripts $base/lib/differential_drive --single-version-externally-managed
