[1.923s] DEBUG:colcon:Command line arguments: ['/home/ubuntu/.local/bin/colcon', 'build', '--packages-select', 'scootbot_sim']
[1.923s] DEBUG:colcon:Parsed command line arguments: Namespace(allow_overriding=[], ament_cmake_args=None, base_paths=['.'], build_base='build', catkin_cmake_args=None, catkin_skip_building_tests=False, cmake_args=None, cmake_clean_cache=False, cmake_clean_first=False, cmake_force_configure=False, cmake_target=None, cmake_target_skip_unavailable=False, continue_on_error=False, event_handlers=None, executor='parallel', ignore_user_meta=False, install_base='install', log_base=None, log_level=None, main=<bound method BuildVerb.main of <colcon_core.verb.build.BuildVerb object at 0xffff987fda30>>, merge_install=False, metas=['./colcon.meta'], packages_above=None, packages_above_and_dependencies=None, packages_above_depth=None, packages_end=None, packages_ignore=None, packages_ignore_regex=None, packages_select=['scootbot_sim'], packages_select_build_failed=False, packages_select_by_dep=None, packages_select_regex=None, packages_select_test_failures=False, packages_skip=None, packages_skip_build_finished=False, packages_skip_by_dep=None, packages_skip_regex=None, packages_skip_test_passed=False, packages_skip_up_to=None, packages_start=None, packages_up_to=None, packages_up_to_regex=None, parallel_workers=4, paths=None, symlink_install=False, test_result_base=None, verb_extension=<colcon_core.verb.build.BuildVerb object at 0xffff987fda30>, verb_name='build', verb_parser=<colcon_defaults.argument_parser.defaults.DefaultArgumentsDecorator object at 0xffff987fdfa0>)
[1.981s] Level 1:colcon.colcon_core.package_discovery:discover_packages(colcon_meta) check parameters
[1.982s] Level 1:colcon.colcon_core.package_discovery:discover_packages(recursive) check parameters
[1.982s] Level 1:colcon.colcon_core.package_discovery:discover_packages(ignore) check parameters
[1.982s] Level 1:colcon.colcon_core.package_discovery:discover_packages(path) check parameters
[1.982s] Level 1:colcon.colcon_core.package_discovery:discover_packages(colcon_meta) discover
[1.982s] Level 1:colcon.colcon_core.package_discovery:discover_packages(recursive) discover
[1.983s] INFO:colcon.colcon_core.package_discovery:Crawling recursively for packages in '/home/ubuntu/scootbot/src'
[1.983s] Level 1:colcon.colcon_core.package_identification:_identify(.) by extensions ['ignore', 'ignore_ament_install']
[1.983s] Level 1:colcon.colcon_core.package_identification:_identify(.) by extension 'ignore'
[1.984s] Level 1:colcon.colcon_core.package_identification:_identify(.) by extension 'ignore_ament_install'
[1.984s] Level 1:colcon.colcon_core.package_identification:_identify(.) by extensions ['colcon_pkg']
[1.984s] Level 1:colcon.colcon_core.package_identification:_identify(.) by extension 'colcon_pkg'
[1.984s] Level 1:colcon.colcon_core.package_identification:_identify(.) by extensions ['colcon_meta']
[1.984s] Level 1:colcon.colcon_core.package_identification:_identify(.) by extension 'colcon_meta'
[1.984s] Level 1:colcon.colcon_core.package_identification:_identify(.) by extensions ['ros']
[1.985s] Level 1:colcon.colcon_core.package_identification:_identify(.) by extension 'ros'
[2.029s] Level 1:colcon.colcon_core.package_identification:_identify(.) by extensions ['cmake', 'python']
[2.029s] Level 1:colcon.colcon_core.package_identification:_identify(.) by extension 'cmake'
[2.029s] Level 1:colcon.colcon_core.package_identification:_identify(.) by extension 'python'
[2.029s] Level 1:colcon.colcon_core.package_identification:_identify(.) by extensions ['python_setup_py']
[2.029s] Level 1:colcon.colcon_core.package_identification:_identify(.) by extension 'python_setup_py'
[2.030s] Level 1:colcon.colcon_core.package_identification:_identify(build) by extensions ['ignore', 'ignore_ament_install']
[2.030s] Level 1:colcon.colcon_core.package_identification:_identify(build) by extension 'ignore'
[2.030s] Level 1:colcon.colcon_core.package_identification:_identify(build) ignored
[2.031s] Level 1:colcon.colcon_core.package_identification:_identify(install) by extensions ['ignore', 'ignore_ament_install']
[2.031s] Level 1:colcon.colcon_core.package_identification:_identify(install) by extension 'ignore'
[2.031s] Level 1:colcon.colcon_core.package_identification:_identify(install) ignored
[2.032s] Level 1:colcon.colcon_core.package_identification:_identify(log) by extensions ['ignore', 'ignore_ament_install']
[2.032s] Level 1:colcon.colcon_core.package_identification:_identify(log) by extension 'ignore'
[2.032s] Level 1:colcon.colcon_core.package_identification:_identify(log) ignored
[2.033s] Level 1:colcon.colcon_core.package_identification:_identify(ros2_differential_drive) by extensions ['ignore', 'ignore_ament_install']
[2.033s] Level 1:colcon.colcon_core.package_identification:_identify(ros2_differential_drive) by extension 'ignore'
[2.033s] Level 1:colcon.colcon_core.package_identification:_identify(ros2_differential_drive) by extension 'ignore_ament_install'
[2.033s] Level 1:colcon.colcon_core.package_identification:_identify(ros2_differential_drive) by extensions ['colcon_pkg']
[2.033s] Level 1:colcon.colcon_core.package_identification:_identify(ros2_differential_drive) by extension 'colcon_pkg'
[2.034s] Level 1:colcon.colcon_core.package_identification:_identify(ros2_differential_drive) by extensions ['colcon_meta']
[2.034s] Level 1:colcon.colcon_core.package_identification:_identify(ros2_differential_drive) by extension 'colcon_meta'
[2.034s] Level 1:colcon.colcon_core.package_identification:_identify(ros2_differential_drive) by extensions ['ros']
[2.034s] Level 1:colcon.colcon_core.package_identification:_identify(ros2_differential_drive) by extension 'ros'
[2.042s] DEBUG:colcon.colcon_core.package_identification:Package 'ros2_differential_drive' with type 'ros.ament_python' and name 'differential_drive'
[2.043s] Level 1:colcon.colcon_core.package_identification:_identify(sabertooth) by extensions ['ignore', 'ignore_ament_install']
[2.043s] Level 1:colcon.colcon_core.package_identification:_identify(sabertooth) by extension 'ignore'
[2.043s] Level 1:colcon.colcon_core.package_identification:_identify(sabertooth) by extension 'ignore_ament_install'
[2.044s] Level 1:colcon.colcon_core.package_identification:_identify(sabertooth) by extensions ['colcon_pkg']
[2.044s] Level 1:colcon.colcon_core.package_identification:_identify(sabertooth) by extension 'colcon_pkg'
[2.044s] Level 1:colcon.colcon_core.package_identification:_identify(sabertooth) by extensions ['colcon_meta']
[2.044s] Level 1:colcon.colcon_core.package_identification:_identify(sabertooth) by extension 'colcon_meta'
[2.044s] Level 1:colcon.colcon_core.package_identification:_identify(sabertooth) by extensions ['ros']
[2.044s] Level 1:colcon.colcon_core.package_identification:_identify(sabertooth) by extension 'ros'
[2.048s] DEBUG:colcon.colcon_core.package_identification:Package 'sabertooth' with type 'ros.ament_python' and name 'sabertooth'
[2.049s] Level 1:colcon.colcon_core.package_identification:_identify(scootbot_description) by extensions ['ignore', 'ignore_ament_install']
[2.049s] Level 1:colcon.colcon_core.package_identification:_identify(scootbot_description) by extension 'ignore'
[2.049s] Level 1:colcon.colcon_core.package_identification:_identify(scootbot_description) by extension 'ignore_ament_install'
[2.049s] Level 1:colcon.colcon_core.package_identification:_identify(scootbot_description) by extensions ['colcon_pkg']
[2.049s] Level 1:colcon.colcon_core.package_identification:_identify(scootbot_description) by extension 'colcon_pkg'
[2.050s] Level 1:colcon.colcon_core.package_identification:_identify(scootbot_description) by extensions ['colcon_meta']
[2.050s] Level 1:colcon.colcon_core.package_identification:_identify(scootbot_description) by extension 'colcon_meta'
[2.050s] Level 1:colcon.colcon_core.package_identification:_identify(scootbot_description) by extensions ['ros']
[2.050s] Level 1:colcon.colcon_core.package_identification:_identify(scootbot_description) by extension 'ros'
[2.052s] DEBUG:colcon.colcon_core.package_identification:Package 'scootbot_description' with type 'ros.ament_cmake' and name 'scootbot_description'
[2.053s] Level 1:colcon.colcon_core.package_identification:_identify(scootbot_sim) by extensions ['ignore', 'ignore_ament_install']
[2.053s] Level 1:colcon.colcon_core.package_identification:_identify(scootbot_sim) by extension 'ignore'
[2.053s] Level 1:colcon.colcon_core.package_identification:_identify(scootbot_sim) by extension 'ignore_ament_install'
[2.053s] Level 1:colcon.colcon_core.package_identification:_identify(scootbot_sim) by extensions ['colcon_pkg']
[2.053s] Level 1:colcon.colcon_core.package_identification:_identify(scootbot_sim) by extension 'colcon_pkg'
[2.054s] Level 1:colcon.colcon_core.package_identification:_identify(scootbot_sim) by extensions ['colcon_meta']
[2.054s] Level 1:colcon.colcon_core.package_identification:_identify(scootbot_sim) by extension 'colcon_meta'
[2.054s] Level 1:colcon.colcon_core.package_identification:_identify(scootbot_sim) by extensions ['ros']
[2.054s] Level 1:colcon.colcon_core.package_identification:_identify(scootbot_sim) by extension 'ros'
[2.056s] DEBUG:colcon.colcon_core.package_identification:Package 'scootbot_sim' with type 'ros.ament_python' and name 'scootbot_sim'
[2.057s] Level 1:colcon.colcon_core.package_identification:_identify(sllidar_ros2) by extensions ['ignore', 'ignore_ament_install']
[2.057s] Level 1:colcon.colcon_core.package_identification:_identify(sllidar_ros2) by extension 'ignore'
[2.057s] Level 1:colcon.colcon_core.package_identification:_identify(sllidar_ros2) by extension 'ignore_ament_install'
[2.058s] Level 1:colcon.colcon_core.package_identification:_identify(sllidar_ros2) by extensions ['colcon_pkg']
[2.058s] Level 1:colcon.colcon_core.package_identification:_identify(sllidar_ros2) by extension 'colcon_pkg'
[2.058s] Level 1:colcon.colcon_core.package_identification:_identify(sllidar_ros2) by extensions ['colcon_meta']
[2.058s] Level 1:colcon.colcon_core.package_identification:_identify(sllidar_ros2) by extension 'colcon_meta'
[2.058s] Level 1:colcon.colcon_core.package_identification:_identify(sllidar_ros2) by extensions ['ros']
[2.058s] Level 1:colcon.colcon_core.package_identification:_identify(sllidar_ros2) by extension 'ros'
[2.061s] DEBUG:colcon.colcon_core.package_identification:Package 'sllidar_ros2' with type 'ros.ament_cmake' and name 'sllidar_ros2'
[2.061s] Level 1:colcon.colcon_core.package_discovery:discover_packages(recursive) using defaults
[2.061s] Level 1:colcon.colcon_core.package_discovery:discover_packages(ignore) discover
[2.061s] Level 1:colcon.colcon_core.package_discovery:discover_packages(ignore) using defaults
[2.061s] Level 1:colcon.colcon_core.package_discovery:discover_packages(path) discover
[2.061s] Level 1:colcon.colcon_core.package_discovery:discover_packages(path) using defaults
[2.182s] Level 1:colcon.colcon_core.package_discovery:discover_packages(prefix_path) check parameters
[2.182s] Level 1:colcon.colcon_core.package_discovery:discover_packages(prefix_path) discover
[2.217s] DEBUG:colcon.colcon_installed_package_information.package_discovery:Found 5 installed packages in /home/ubuntu/scootbot/install
[2.236s] DEBUG:colcon.colcon_installed_package_information.package_discovery:Found 258 installed packages in /opt/ros/foxy
[2.243s] Level 1:colcon.colcon_core.package_discovery:discover_packages(prefix_path) using defaults
[2.698s] INFO:colcon.colcon_core.package_selection:Skipping not selected package 'differential_drive' in 'ros2_differential_drive'
[2.698s] INFO:colcon.colcon_core.package_selection:Skipping not selected package 'sabertooth' in 'sabertooth'
[2.698s] INFO:colcon.colcon_core.package_selection:Skipping not selected package 'scootbot_description' in 'scootbot_description'
[2.698s] INFO:colcon.colcon_core.package_selection:Skipping not selected package 'sllidar_ros2' in 'sllidar_ros2'
[2.728s] Level 5:colcon.colcon_core.verb:set package 'scootbot_sim' build argument 'cmake_args' from command line to 'None'
[2.728s] Level 5:colcon.colcon_core.verb:set package 'scootbot_sim' build argument 'cmake_target' from command line to 'None'
[2.728s] Level 5:colcon.colcon_core.verb:set package 'scootbot_sim' build argument 'cmake_target_skip_unavailable' from command line to 'False'
[2.728s] Level 5:colcon.colcon_core.verb:set package 'scootbot_sim' build argument 'cmake_clean_cache' from command line to 'False'
[2.729s] Level 5:colcon.colcon_core.verb:set package 'scootbot_sim' build argument 'cmake_clean_first' from command line to 'False'
[2.729s] Level 5:colcon.colcon_core.verb:set package 'scootbot_sim' build argument 'cmake_force_configure' from command line to 'False'
[2.729s] Level 5:colcon.colcon_core.verb:set package 'scootbot_sim' build argument 'ament_cmake_args' from command line to 'None'
[2.729s] Level 5:colcon.colcon_core.verb:set package 'scootbot_sim' build argument 'catkin_cmake_args' from command line to 'None'
[2.729s] Level 5:colcon.colcon_core.verb:set package 'scootbot_sim' build argument 'catkin_skip_building_tests' from command line to 'False'
[2.729s] DEBUG:colcon.colcon_core.verb:Building package 'scootbot_sim' with the following arguments: {'ament_cmake_args': None, 'build_base': '/home/ubuntu/scootbot/src/build/scootbot_sim', 'catkin_cmake_args': None, 'catkin_skip_building_tests': False, 'cmake_args': None, 'cmake_clean_cache': False, 'cmake_clean_first': False, 'cmake_force_configure': False, 'cmake_target': None, 'cmake_target_skip_unavailable': False, 'install_base': '/home/ubuntu/scootbot/src/install/scootbot_sim', 'merge_install': False, 'path': '/home/ubuntu/scootbot/src/scootbot_sim', 'symlink_install': False, 'test_result_base': None}
[2.784s] INFO:colcon.colcon_core.executor:Executing jobs using 'parallel' executor
[2.830s] DEBUG:colcon.colcon_parallel_executor.executor.parallel:run_until_complete
[2.831s] INFO:colcon.colcon_ros.task.ament_python.build:Building ROS package in '/home/ubuntu/scootbot/src/scootbot_sim' with build type 'ament_python'
[2.832s] Level 1:colcon.colcon_core.shell:create_environment_hook('scootbot_sim', 'ament_prefix_path')
[2.865s] INFO:colcon.colcon_core.plugin_system:Skipping extension 'colcon_core.shell.bat': Not used on non-Windows systems
[2.866s] INFO:colcon.colcon_core.shell:Creating environment hook '/home/ubuntu/scootbot/src/install/scootbot_sim/share/scootbot_sim/hook/ament_prefix_path.ps1'
[2.868s] INFO:colcon.colcon_core.shell:Creating environment descriptor '/home/ubuntu/scootbot/src/install/scootbot_sim/share/scootbot_sim/hook/ament_prefix_path.dsv'
[2.870s] INFO:colcon.colcon_core.shell:Creating environment hook '/home/ubuntu/scootbot/src/install/scootbot_sim/share/scootbot_sim/hook/ament_prefix_path.sh'
[2.891s] INFO:colcon.colcon_core.shell:Skip shell extension 'powershell' for command environment: Not usable outside of PowerShell
[2.891s] DEBUG:colcon.colcon_core.shell:Skip shell extension 'dsv' for command environment
[3.786s] INFO:colcon.colcon_core.task.python.build:Building Python package in '/home/ubuntu/scootbot/src/scootbot_sim'
[3.807s] INFO:colcon.colcon_core.shell:Skip shell extension 'powershell' for command environment: Not usable outside of PowerShell
[3.807s] DEBUG:colcon.colcon_core.shell:Skip shell extension 'dsv' for command environment
[5.177s] DEBUG:colcon.colcon_core.event_handler.log_command:Invoking command in '/home/ubuntu/scootbot/src/scootbot_sim': PYTHONPATH=/home/ubuntu/scootbot/src/install/scootbot_sim/lib/python3.8/site-packages:${PYTHONPATH} /usr/bin/python3 setup.py egg_info --egg-base ../build/scootbot_sim build --build-base /home/ubuntu/scootbot/src/build/scootbot_sim/build install --prefix /home/ubuntu/scootbot/src/install/scootbot_sim --record /home/ubuntu/scootbot/src/build/scootbot_sim/install.log --single-version-externally-managed
[6.298s] DEBUG:colcon.colcon_core.event_handler.log_command:Invoked command in '/home/ubuntu/scootbot/src/scootbot_sim' returned '0': PYTHONPATH=/home/ubuntu/scootbot/src/install/scootbot_sim/lib/python3.8/site-packages:${PYTHONPATH} /usr/bin/python3 setup.py egg_info --egg-base ../build/scootbot_sim build --build-base /home/ubuntu/scootbot/src/build/scootbot_sim/build install --prefix /home/ubuntu/scootbot/src/install/scootbot_sim --record /home/ubuntu/scootbot/src/build/scootbot_sim/install.log --single-version-externally-managed
[6.330s] Level 1:colcon.colcon_core.environment:checking '/home/ubuntu/scootbot/src/install/scootbot_sim' for CMake module files
[6.331s] Level 1:colcon.colcon_core.environment:checking '/home/ubuntu/scootbot/src/install/scootbot_sim' for CMake config files
[6.334s] Level 1:colcon.colcon_core.environment:checking '/home/ubuntu/scootbot/src/install/scootbot_sim/lib'
[6.335s] Level 1:colcon.colcon_core.environment:checking '/home/ubuntu/scootbot/src/install/scootbot_sim/bin'
[6.335s] Level 1:colcon.colcon_core.environment:checking '/home/ubuntu/scootbot/src/install/scootbot_sim/lib/pkgconfig/scootbot_sim.pc'
[6.336s] Level 1:colcon.colcon_core.environment:checking '/home/ubuntu/scootbot/src/install/scootbot_sim/lib/python3.8/site-packages'
[6.336s] Level 1:colcon.colcon_core.shell:create_environment_hook('scootbot_sim', 'pythonpath')
[6.355s] INFO:colcon.colcon_core.shell:Creating environment hook '/home/ubuntu/scootbot/src/install/scootbot_sim/share/scootbot_sim/hook/pythonpath.ps1'
[6.357s] INFO:colcon.colcon_core.shell:Creating environment descriptor '/home/ubuntu/scootbot/src/install/scootbot_sim/share/scootbot_sim/hook/pythonpath.dsv'
[6.358s] INFO:colcon.colcon_core.shell:Creating environment hook '/home/ubuntu/scootbot/src/install/scootbot_sim/share/scootbot_sim/hook/pythonpath.sh'
[6.359s] Level 1:colcon.colcon_core.environment:create_environment_scripts_only(scootbot_sim)
[6.380s] INFO:colcon.colcon_core.shell:Creating package script '/home/ubuntu/scootbot/src/install/scootbot_sim/share/scootbot_sim/package.ps1'
[6.384s] INFO:colcon.colcon_core.shell:Creating package descriptor '/home/ubuntu/scootbot/src/install/scootbot_sim/share/scootbot_sim/package.dsv'
[6.386s] INFO:colcon.colcon_core.shell:Creating package script '/home/ubuntu/scootbot/src/install/scootbot_sim/share/scootbot_sim/package.sh'
[6.388s] INFO:colcon.colcon_core.shell:Creating package script '/home/ubuntu/scootbot/src/install/scootbot_sim/share/scootbot_sim/package.bash'
[6.391s] INFO:colcon.colcon_core.shell:Creating package script '/home/ubuntu/scootbot/src/install/scootbot_sim/share/scootbot_sim/package.zsh'
[6.394s] Level 1:colcon.colcon_core.environment:create_file_with_runtime_dependencies(/home/ubuntu/scootbot/src/install/scootbot_sim/share/colcon-core/packages/scootbot_sim)
[6.395s] DEBUG:colcon.colcon_parallel_executor.executor.parallel:closing loop
[6.396s] DEBUG:colcon.colcon_parallel_executor.executor.parallel:loop closed
[6.396s] DEBUG:colcon.colcon_parallel_executor.executor.parallel:run_until_complete finished with '0'
[6.397s] DEBUG:colcon.colcon_core.event_reactor:joining thread
[6.433s] INFO:colcon.colcon_core.plugin_system:Skipping extension 'colcon_notification.desktop_notification.notify_send': Could not find 'notify-send'
[6.433s] INFO:colcon.colcon_core.plugin_system:Skipping extension 'colcon_notification.desktop_notification.terminal_notifier': Not used on non-Darwin systems
[6.434s] INFO:colcon.colcon_core.plugin_system:Skipping extension 'colcon_notification.desktop_notification.win32': Not used on non-Windows systems
[6.434s] INFO:colcon.colcon_notification.desktop_notification:Sending desktop notification using 'notify2'
[6.436s] DEBUG:colcon.colcon_notification.desktop_notification.notify2:Failed to initialize notify2: org.freedesktop.DBus.Error.ServiceUnknown: The name org.freedesktop.Notifications was not provided by any .service files
[6.437s] DEBUG:colcon.colcon_core.event_reactor:joined thread
[6.457s] INFO:colcon.colcon_core.shell:Creating prefix script '/home/ubuntu/scootbot/src/install/local_setup.ps1'
[6.461s] INFO:colcon.colcon_core.shell:Creating prefix util module '/home/ubuntu/scootbot/src/install/_local_setup_util_ps1.py'
[6.465s] INFO:colcon.colcon_core.shell:Creating prefix chain script '/home/ubuntu/scootbot/src/install/setup.ps1'
[6.485s] INFO:colcon.colcon_core.shell:Creating prefix script '/home/ubuntu/scootbot/src/install/local_setup.sh'
[6.487s] INFO:colcon.colcon_core.shell:Creating prefix util module '/home/ubuntu/scootbot/src/install/_local_setup_util_sh.py'
[6.489s] INFO:colcon.colcon_core.shell:Creating prefix chain script '/home/ubuntu/scootbot/src/install/setup.sh'
[6.507s] INFO:colcon.colcon_core.shell:Creating prefix script '/home/ubuntu/scootbot/src/install/local_setup.bash'
[6.509s] INFO:colcon.colcon_core.shell:Creating prefix chain script '/home/ubuntu/scootbot/src/install/setup.bash'
[6.528s] INFO:colcon.colcon_core.shell:Creating prefix script '/home/ubuntu/scootbot/src/install/local_setup.zsh'
[6.530s] INFO:colcon.colcon_core.shell:Creating prefix chain script '/home/ubuntu/scootbot/src/install/setup.zsh'
