[0.033s] Invoking command in '/home/ubuntu/scootbot/build/scootbot_sim': CMAKE_PREFIX_PATH=/home/ubuntu/scootbot/3.0.0/install/twist_mux:/home/ubuntu/scootbot/3.0.0/install/diffdrive_arduino:/opt/ros/humble:/home/ubuntu/scootbot/3.0.0/install/serial:/home/ubuntu/scootbot/3.0.0/install/scootbot:/home/ubuntu/scootbot/3.0.0/install/rplidar_ros /usr/bin/cmake --build /home/ubuntu/scootbot/build/scootbot_sim -- -j4 -l4
[0.203s] Invoked command in '/home/ubuntu/scootbot/build/scootbot_sim' returned '0': CMAKE_PREFIX_PATH=/home/ubuntu/scootbot/3.0.0/install/twist_mux:/home/ubuntu/scootbot/3.0.0/install/diffdrive_arduino:/opt/ros/humble:/home/ubuntu/scootbot/3.0.0/install/serial:/home/ubuntu/scootbot/3.0.0/install/scootbot:/home/ubuntu/scootbot/3.0.0/install/rplidar_ros /usr/bin/cmake --build /home/ubuntu/scootbot/build/scootbot_sim -- -j4 -l4
[0.361s] Invoking command in '/home/ubuntu/scootbot/build/scootbot_sim': CMAKE_PREFIX_PATH=/home/ubuntu/scootbot/3.0.0/install/twist_mux:/home/ubuntu/scootbot/3.0.0/install/diffdrive_arduino:/opt/ros/humble:/home/ubuntu/scootbot/3.0.0/install/serial:/home/ubuntu/scootbot/3.0.0/install/scootbot:/home/ubuntu/scootbot/3.0.0/install/rplidar_ros /usr/bin/cmake --install /home/ubuntu/scootbot/build/scootbot_sim
[0.381s] -- Install configuration: ""
[0.382s] -- Up-to-date: /home/ubuntu/scootbot/install/scootbot_sim/share/scootbot_sim/launch
[0.382s] -- Up-to-date: /home/ubuntu/scootbot/install/scootbot_sim/share/scootbot_sim/launch/scootbot_sim.launch.py
[0.382s] -- Up-to-date: /home/ubuntu/scootbot/install/scootbot_sim/share/ament_index/resource_index/package_run_dependencies/scootbot_sim
[0.382s] -- Up-to-date: /home/ubuntu/scootbot/install/scootbot_sim/share/ament_index/resource_index/parent_prefix_path/scootbot_sim
[0.383s] -- Up-to-date: /home/ubuntu/scootbot/install/scootbot_sim/share/scootbot_sim/environment/ament_prefix_path.sh
[0.383s] -- Up-to-date: /home/ubuntu/scootbot/install/scootbot_sim/share/scootbot_sim/environment/ament_prefix_path.dsv
[0.383s] -- Up-to-date: /home/ubuntu/scootbot/install/scootbot_sim/share/scootbot_sim/environment/path.sh
[0.384s] -- Up-to-date: /home/ubuntu/scootbot/install/scootbot_sim/share/scootbot_sim/environment/path.dsv
[0.384s] -- Up-to-date: /home/ubuntu/scootbot/install/scootbot_sim/share/scootbot_sim/local_setup.bash
[0.384s] -- Up-to-date: /home/ubuntu/scootbot/install/scootbot_sim/share/scootbot_sim/local_setup.sh
[0.385s] -- Up-to-date: /home/ubuntu/scootbot/install/scootbot_sim/share/scootbot_sim/local_setup.zsh
[0.385s] -- Up-to-date: /home/ubuntu/scootbot/install/scootbot_sim/share/scootbot_sim/local_setup.dsv
[0.385s] -- Up-to-date: /home/ubuntu/scootbot/install/scootbot_sim/share/scootbot_sim/package.dsv
[0.385s] -- Up-to-date: /home/ubuntu/scootbot/install/scootbot_sim/share/ament_index/resource_index/packages/scootbot_sim
[0.386s] -- Up-to-date: /home/ubuntu/scootbot/install/scootbot_sim/share/scootbot_sim/cmake/scootbot_simConfig.cmake
[0.386s] -- Up-to-date: /home/ubuntu/scootbot/install/scootbot_sim/share/scootbot_sim/cmake/scootbot_simConfig-version.cmake
[0.386s] -- Up-to-date: /home/ubuntu/scootbot/install/scootbot_sim/share/scootbot_sim/package.xml
[0.459s] Invoked command in '/home/ubuntu/scootbot/build/scootbot_sim' returned '0': CMAKE_PREFIX_PATH=/home/ubuntu/scootbot/3.0.0/install/twist_mux:/home/ubuntu/scootbot/3.0.0/install/diffdrive_arduino:/opt/ros/humble:/home/ubuntu/scootbot/3.0.0/install/serial:/home/ubuntu/scootbot/3.0.0/install/scootbot:/home/ubuntu/scootbot/3.0.0/install/rplidar_ros /usr/bin/cmake --install /home/ubuntu/scootbot/build/scootbot_sim
