In file included from [01m[K/home/ubuntu/scootbot/3.0.0/src/diffdrive_arduino/src/fake_robot.cpp:1[m[K:
[01m[K/home/ubuntu/scootbot/3.0.0/src/diffdrive_arduino/include/diffdrive_arduino/fake_robot.h:25:15:[m[K [01;31m[Kerror: [m[K‘[01m[Khardware_interface::return_type FakeRobot::configure(const hardware_interface::HardwareInfo&)[m[K’ marked ‘[01m[Koverride[m[K’, but does not override
   25 |   return_type [01;31m[Kconfigure[m[K(const hardware_interface::HardwareInfo & info) override;
      |               [01;31m[K^~~~~~~~~[m[K
[01m[K/home/ubuntu/scootbot/3.0.0/src/diffdrive_arduino/include/diffdrive_arduino/fake_robot.h:31:15:[m[K [01;31m[Kerror: [m[K‘[01m[Khardware_interface::return_type FakeRobot::start()[m[K’ marked ‘[01m[Koverride[m[K’, but does not override
   31 |   return_type [01;31m[Kstart[m[K() override;
      |               [01;31m[K^~~~~[m[K
[01m[K/home/ubuntu/scootbot/3.0.0/src/diffdrive_arduino/include/diffdrive_arduino/fake_robot.h:33:15:[m[K [01;31m[Kerror: [m[K‘[01m[Khardware_interface::return_type FakeRobot::stop()[m[K’ marked ‘[01m[Koverride[m[K’, but does not override
   33 |   return_type [01;31m[Kstop[m[K() override;
      |               [01;31m[K^~~~[m[K
[01m[K/home/ubuntu/scootbot/3.0.0/src/diffdrive_arduino/include/diffdrive_arduino/fake_robot.h:35:15:[m[K [01;31m[Kerror: [m[K‘[01m[Khardware_interface::return_type FakeRobot::read()[m[K’ marked ‘[01m[Koverride[m[K’, but does not override
   35 |   return_type [01;31m[Kread[m[K() override;
      |               [01;31m[K^~~~[m[K
[01m[K/home/ubuntu/scootbot/3.0.0/src/diffdrive_arduino/include/diffdrive_arduino/fake_robot.h:37:15:[m[K [01;31m[Kerror: [m[K‘[01m[Khardware_interface::return_type FakeRobot::write()[m[K’ marked ‘[01m[Koverride[m[K’, but does not override
   37 |   return_type [01;31m[Kwrite[m[K() override;
      |               [01;31m[K^~~~~[m[K
[01m[K/home/ubuntu/scootbot/3.0.0/src/diffdrive_arduino/src/fake_robot.cpp:[m[K In member function ‘[01m[Khardware_interface::return_type FakeRobot::configure(const hardware_interface::HardwareInfo&)[m[K’:
[01m[K/home/ubuntu/scootbot/3.0.0/src/diffdrive_arduino/src/fake_robot.cpp:15:7:[m[K [01;31m[Kerror: [m[K‘[01m[Kconfigure_default[m[K’ was not declared in this scope
   15 |   if ([01;31m[Kconfigure_default[m[K(info) != return_type::OK) {
      |       [01;31m[K^~~~~~~~~~~~~~~~~[m[K
[01m[K/home/ubuntu/scootbot/3.0.0/src/diffdrive_arduino/src/fake_robot.cpp:36:3:[m[K [01;31m[Kerror: [m[K‘[01m[Kstatus_[m[K’ was not declared in this scope
   36 |   [01;31m[Kstatus_[m[K = hardware_interface::status::CONFIGURED;
      |   [01;31m[K^~~~~~~[m[K
[01m[K/home/ubuntu/scootbot/3.0.0/src/diffdrive_arduino/src/fake_robot.cpp:36:33:[m[K [01;31m[Kerror: [m[K‘[01m[Khardware_interface::status[m[K’ has not been declared
   36 |   status_ = hardware_interface::[01;31m[Kstatus[m[K::CONFIGURED;
      |                                 [01;31m[K^~~~~~[m[K
[01m[K/home/ubuntu/scootbot/3.0.0/src/diffdrive_arduino/src/fake_robot.cpp:[m[K In member function ‘[01m[Khardware_interface::return_type FakeRobot::start()[m[K’:
[01m[K/home/ubuntu/scootbot/3.0.0/src/diffdrive_arduino/src/fake_robot.cpp:70:3:[m[K [01;31m[Kerror: [m[K‘[01m[Kstatus_[m[K’ was not declared in this scope
   70 |   [01;31m[Kstatus_[m[K = hardware_interface::status::STARTED;
      |   [01;31m[K^~~~~~~[m[K
[01m[K/home/ubuntu/scootbot/3.0.0/src/diffdrive_arduino/src/fake_robot.cpp:70:33:[m[K [01;31m[Kerror: [m[K‘[01m[Khardware_interface::status[m[K’ has not been declared
   70 |   status_ = hardware_interface::[01;31m[Kstatus[m[K::STARTED;
      |                                 [01;31m[K^~~~~~[m[K
[01m[K/home/ubuntu/scootbot/3.0.0/src/diffdrive_arduino/src/fake_robot.cpp:[m[K In member function ‘[01m[Khardware_interface::return_type FakeRobot::stop()[m[K’:
[01m[K/home/ubuntu/scootbot/3.0.0/src/diffdrive_arduino/src/fake_robot.cpp:78:3:[m[K [01;31m[Kerror: [m[K‘[01m[Kstatus_[m[K’ was not declared in this scope
   78 |   [01;31m[Kstatus_[m[K = hardware_interface::status::STOPPED;
      |   [01;31m[K^~~~~~~[m[K
[01m[K/home/ubuntu/scootbot/3.0.0/src/diffdrive_arduino/src/fake_robot.cpp:78:33:[m[K [01;31m[Kerror: [m[K‘[01m[Khardware_interface::status[m[K’ has not been declared
   78 |   status_ = hardware_interface::[01;31m[Kstatus[m[K::STOPPED;
      |                                 [01;31m[K^~~~~~[m[K
In file included from [01m[K/opt/ros/humble/include/class_loader/class_loader/class_loader_core.hpp:57[m[K,
                 from [01m[K/opt/ros/humble/include/class_loader/class_loader/class_loader.hpp:55[m[K,
                 from [01m[K/opt/ros/humble/include/pluginlib/pluginlib/class_list_macros.hpp:40[m[K,
                 from [01m[K/home/ubuntu/scootbot/3.0.0/src/diffdrive_arduino/src/fake_robot.cpp:118[m[K:
/opt/ros/humble/include/class_loader/class_loader/meta_object.hpp: In instantiation of ‘[01m[KB* class_loader::impl::MetaObject<C, B>::create() const [with C = FakeRobot; B = hardware_interface::SystemInterface][m[K’:
[01m[K/opt/ros/humble/include/class_loader/class_loader/meta_object.hpp:216:7:[m[K   required from here
[01m[K/opt/ros/humble/include/class_loader/class_loader/meta_object.hpp:218:12:[m[K [01;31m[Kerror: [m[Kinvalid new-expression of abstract class type ‘[01m[KFakeRobot[m[K’
  218 |     return [01;31m[Knew C[m[K;
      |            [01;31m[K^~~~~[m[K
In file included from [01m[K/home/ubuntu/scootbot/3.0.0/src/diffdrive_arduino/src/fake_robot.cpp:1[m[K:
[01m[K/home/ubuntu/scootbot/3.0.0/src/diffdrive_arduino/include/diffdrive_arduino/fake_robot.h:18:7:[m[K [01;36m[Knote: [m[K  because the following virtual functions are pure within ‘[01m[KFakeRobot[m[K’:
   18 | class [01;36m[KFakeRobot[m[K : public hardware_interface::SystemInterface
      |       [01;36m[K^~~~~~~~~[m[K
In file included from [01m[K/home/ubuntu/scootbot/3.0.0/src/diffdrive_arduino/include/diffdrive_arduino/fake_robot.h:9[m[K,
                 from [01m[K/home/ubuntu/scootbot/3.0.0/src/diffdrive_arduino/src/fake_robot.cpp:1[m[K:
[01m[K/opt/ros/humble/include/hardware_interface/system_interface.hpp:173:23:[m[K [01;36m[Knote: [m[K    ‘[01m[Kvirtual hardware_interface::return_type hardware_interface::SystemInterface::read(const rclcpp::Time&, const rclcpp::Duration&)[m[K’
  173 |   virtual return_type [01;36m[Kread[m[K(const rclcpp::Time & time, const rclcpp::Duration & period) = 0;
      |                       [01;36m[K^~~~[m[K
[01m[K/opt/ros/humble/include/hardware_interface/system_interface.hpp:184:23:[m[K [01;36m[Knote: [m[K    ‘[01m[Kvirtual hardware_interface::return_type hardware_interface::SystemInterface::write(const rclcpp::Time&, const rclcpp::Duration&)[m[K’
  184 |   virtual return_type [01;36m[Kwrite[m[K(const rclcpp::Time & time, const rclcpp::Duration & period) = 0;
      |                       [01;36m[K^~~~~[m[K
gmake[2]: *** [CMakeFiles/fake_robot.dir/build.make:76: CMakeFiles/fake_robot.dir/src/fake_robot.cpp.o] Error 1
gmake[1]: *** [CMakeFiles/Makefile2:165: CMakeFiles/fake_robot.dir/all] Error 2
gmake[1]: *** Waiting for unfinished jobs....
In file included from [01m[K/home/ubuntu/scootbot/3.0.0/src/diffdrive_arduino/src/diffdrive_arduino.cpp:1[m[K:
[01m[K/home/ubuntu/scootbot/3.0.0/src/diffdrive_arduino/include/diffdrive_arduino/diffdrive_arduino.h:28:15:[m[K [01;31m[Kerror: [m[K‘[01m[Khardware_interface::return_type DiffDriveArduino::configure(const hardware_interface::HardwareInfo&)[m[K’ marked ‘[01m[Koverride[m[K’, but does not override
   28 |   return_type [01;31m[Kconfigure[m[K(const hardware_interface::HardwareInfo & info) override;
      |               [01;31m[K^~~~~~~~~[m[K
[01m[K/home/ubuntu/scootbot/3.0.0/src/diffdrive_arduino/include/diffdrive_arduino/diffdrive_arduino.h:34:15:[m[K [01;31m[Kerror: [m[K‘[01m[Khardware_interface::return_type DiffDriveArduino::start()[m[K’ marked ‘[01m[Koverride[m[K’, but does not override
   34 |   return_type [01;31m[Kstart[m[K() override;
      |               [01;31m[K^~~~~[m[K
[01m[K/home/ubuntu/scootbot/3.0.0/src/diffdrive_arduino/include/diffdrive_arduino/diffdrive_arduino.h:36:15:[m[K [01;31m[Kerror: [m[K‘[01m[Khardware_interface::return_type DiffDriveArduino::stop()[m[K’ marked ‘[01m[Koverride[m[K’, but does not override
   36 |   return_type [01;31m[Kstop[m[K() override;
      |               [01;31m[K^~~~[m[K
[01m[K/home/ubuntu/scootbot/3.0.0/src/diffdrive_arduino/include/diffdrive_arduino/diffdrive_arduino.h:38:15:[m[K [01;31m[Kerror: [m[K‘[01m[Khardware_interface::return_type DiffDriveArduino::read()[m[K’ marked ‘[01m[Koverride[m[K’, but does not override
   38 |   return_type [01;31m[Kread[m[K() override;
      |               [01;31m[K^~~~[m[K
[01m[K/home/ubuntu/scootbot/3.0.0/src/diffdrive_arduino/include/diffdrive_arduino/diffdrive_arduino.h:40:15:[m[K [01;31m[Kerror: [m[K‘[01m[Khardware_interface::return_type DiffDriveArduino::write()[m[K’ marked ‘[01m[Koverride[m[K’, but does not override
   40 |   return_type [01;31m[Kwrite[m[K() override;
      |               [01;31m[K^~~~~[m[K
[01m[K/home/ubuntu/scootbot/3.0.0/src/diffdrive_arduino/src/diffdrive_arduino.cpp:[m[K In member function ‘[01m[Khardware_interface::return_type DiffDriveArduino::configure(const hardware_interface::HardwareInfo&)[m[K’:
[01m[K/home/ubuntu/scootbot/3.0.0/src/diffdrive_arduino/src/diffdrive_arduino.cpp:21:7:[m[K [01;31m[Kerror: [m[K‘[01m[Kconfigure_default[m[K’ was not declared in this scope
   21 |   if ([01;31m[Kconfigure_default[m[K(info) != return_type::OK) {
      |       [01;31m[K^~~~~~~~~~~~~~~~~[m[K
[01m[K/home/ubuntu/scootbot/3.0.0/src/diffdrive_arduino/src/diffdrive_arduino.cpp:46:3:[m[K [01;31m[Kerror: [m[K‘[01m[Kstatus_[m[K’ was not declared in this scope
   46 |   [01;31m[Kstatus_[m[K = hardware_interface::status::CONFIGURED;
      |   [01;31m[K^~~~~~~[m[K
[01m[K/home/ubuntu/scootbot/3.0.0/src/diffdrive_arduino/src/diffdrive_arduino.cpp:46:33:[m[K [01;31m[Kerror: [m[K‘[01m[Khardware_interface::status[m[K’ has not been declared
   46 |   status_ = hardware_interface::[01;31m[Kstatus[m[K::CONFIGURED;
      |                                 [01;31m[K^~~~~~[m[K
[01m[K/home/ubuntu/scootbot/3.0.0/src/diffdrive_arduino/src/diffdrive_arduino.cpp:[m[K In member function ‘[01m[Khardware_interface::return_type DiffDriveArduino::start()[m[K’:
[01m[K/home/ubuntu/scootbot/3.0.0/src/diffdrive_arduino/src/diffdrive_arduino.cpp:85:3:[m[K [01;31m[Kerror: [m[K‘[01m[Kstatus_[m[K’ was not declared in this scope
   85 |   [01;31m[Kstatus_[m[K = hardware_interface::status::STARTED;
      |   [01;31m[K^~~~~~~[m[K
[01m[K/home/ubuntu/scootbot/3.0.0/src/diffdrive_arduino/src/diffdrive_arduino.cpp:85:33:[m[K [01;31m[Kerror: [m[K‘[01m[Khardware_interface::status[m[K’ has not been declared
   85 |   status_ = hardware_interface::[01;31m[Kstatus[m[K::STARTED;
      |                                 [01;31m[K^~~~~~[m[K
[01m[K/home/ubuntu/scootbot/3.0.0/src/diffdrive_arduino/src/diffdrive_arduino.cpp:[m[K In member function ‘[01m[Khardware_interface::return_type DiffDriveArduino::stop()[m[K’:
[01m[K/home/ubuntu/scootbot/3.0.0/src/diffdrive_arduino/src/diffdrive_arduino.cpp:93:3:[m[K [01;31m[Kerror: [m[K‘[01m[Kstatus_[m[K’ was not declared in this scope
   93 |   [01;31m[Kstatus_[m[K = hardware_interface::status::STOPPED;
      |   [01;31m[K^~~~~~~[m[K
[01m[K/home/ubuntu/scootbot/3.0.0/src/diffdrive_arduino/src/diffdrive_arduino.cpp:93:33:[m[K [01;31m[Kerror: [m[K‘[01m[Khardware_interface::status[m[K’ has not been declared
   93 |   status_ = hardware_interface::[01;31m[Kstatus[m[K::STOPPED;
      |                                 [01;31m[K^~~~~~[m[K
In file included from [01m[K/opt/ros/humble/include/class_loader/class_loader/class_loader_core.hpp:57[m[K,
                 from [01m[K/opt/ros/humble/include/class_loader/class_loader/class_loader.hpp:55[m[K,
                 from [01m[K/opt/ros/humble/include/pluginlib/pluginlib/class_list_macros.hpp:40[m[K,
                 from [01m[K/home/ubuntu/scootbot/3.0.0/src/diffdrive_arduino/src/diffdrive_arduino.cpp:153[m[K:
/opt/ros/humble/include/class_loader/class_loader/meta_object.hpp: In instantiation of ‘[01m[KB* class_loader::impl::MetaObject<C, B>::create() const [with C = DiffDriveArduino; B = hardware_interface::SystemInterface][m[K’:
[01m[K/opt/ros/humble/include/class_loader/class_loader/meta_object.hpp:216:7:[m[K   required from here
[01m[K/opt/ros/humble/include/class_loader/class_loader/meta_object.hpp:218:12:[m[K [01;31m[Kerror: [m[Kinvalid new-expression of abstract class type ‘[01m[KDiffDriveArduino[m[K’
  218 |     return [01;31m[Knew C[m[K;
      |            [01;31m[K^~~~~[m[K
In file included from [01m[K/home/ubuntu/scootbot/3.0.0/src/diffdrive_arduino/src/diffdrive_arduino.cpp:1[m[K:
[01m[K/home/ubuntu/scootbot/3.0.0/src/diffdrive_arduino/include/diffdrive_arduino/diffdrive_arduino.h:21:7:[m[K [01;36m[Knote: [m[K  because the following virtual functions are pure within ‘[01m[KDiffDriveArduino[m[K’:
   21 | class [01;36m[KDiffDriveArduino[m[K : public hardware_interface::SystemInterface
      |       [01;36m[K^~~~~~~~~~~~~~~~[m[K
In file included from [01m[K/home/ubuntu/scootbot/3.0.0/src/diffdrive_arduino/include/diffdrive_arduino/diffdrive_arduino.h:9[m[K,
                 from [01m[K/home/ubuntu/scootbot/3.0.0/src/diffdrive_arduino/src/diffdrive_arduino.cpp:1[m[K:
[01m[K/opt/ros/humble/include/hardware_interface/system_interface.hpp:173:23:[m[K [01;36m[Knote: [m[K    ‘[01m[Kvirtual hardware_interface::return_type hardware_interface::SystemInterface::read(const rclcpp::Time&, const rclcpp::Duration&)[m[K’
  173 |   virtual return_type [01;36m[Kread[m[K(const rclcpp::Time & time, const rclcpp::Duration & period) = 0;
      |                       [01;36m[K^~~~[m[K
[01m[K/opt/ros/humble/include/hardware_interface/system_interface.hpp:184:23:[m[K [01;36m[Knote: [m[K    ‘[01m[Kvirtual hardware_interface::return_type hardware_interface::SystemInterface::write(const rclcpp::Time&, const rclcpp::Duration&)[m[K’
  184 |   virtual return_type [01;36m[Kwrite[m[K(const rclcpp::Time & time, const rclcpp::Duration & period) = 0;
      |                       [01;36m[K^~~~~[m[K
gmake[2]: *** [CMakeFiles/diffdrive_arduino.dir/build.make:76: CMakeFiles/diffdrive_arduino.dir/src/diffdrive_arduino.cpp.o] Error 1
gmake[1]: *** [CMakeFiles/Makefile2:139: CMakeFiles/diffdrive_arduino.dir/all] Error 2
gmake: *** [Makefile:146: all] Error 2
