[0.069s] Invoking command in '/home/ubuntu/scootbot/3.0.0/build/diffdrive_arduino': CMAKE_PREFIX_PATH=/opt/ros/humble:/home/ubuntu/scootbot/3.0.0/install/serial:/home/ubuntu/scootbot/3.0.0/install/twist_mux:/home/ubuntu/scootbot/3.0.0/install/diffdrive_arduino:/home/ubuntu/scootbot/3.0.0/install/scootbot:/home/ubuntu/scootbot/3.0.0/install/rplidar_ros /usr/bin/cmake --build /home/ubuntu/scootbot/3.0.0/build/diffdrive_arduino -- -j4 -l4
[0.166s] [35m[1mConsolidate compiler generated dependencies of target fake_robot[0m
[0.170s] [35m[1mConsolidate compiler generated dependencies of target diffdrive_arduino[0m
[0.220s] [ 14%] [32mBuilding CXX object CMakeFiles/fake_robot.dir/src/fake_robot.cpp.o[0m
[0.227s] [ 28%] [32mBuilding CXX object CMakeFiles/diffdrive_arduino.dir/src/diffdrive_arduino.cpp.o[0m
[6.909s] In file included from [01m[K/home/ubuntu/scootbot/3.0.0/src/diffdrive_arduino/src/fake_robot.cpp:1[m[K:
[6.909s] [01m[K/home/ubuntu/scootbot/3.0.0/src/diffdrive_arduino/include/diffdrive_arduino/fake_robot.h:25:15:[m[K [01;31m[Kerror: [m[K‘[01m[Khardware_interface::return_type FakeRobot::configure(const hardware_interface::HardwareInfo&)[m[K’ marked ‘[01m[Koverride[m[K’, but does not override
[6.910s]    25 |   return_type [01;31m[Kconfigure[m[K(const hardware_interface::HardwareInfo & info) override;
[6.910s]       |               [01;31m[K^~~~~~~~~[m[K
[6.910s] [01m[K/home/ubuntu/scootbot/3.0.0/src/diffdrive_arduino/include/diffdrive_arduino/fake_robot.h:31:15:[m[K [01;31m[Kerror: [m[K‘[01m[Khardware_interface::return_type FakeRobot::start()[m[K’ marked ‘[01m[Koverride[m[K’, but does not override
[6.911s]    31 |   return_type [01;31m[Kstart[m[K() override;
[6.911s]       |               [01;31m[K^~~~~[m[K
[6.911s] [01m[K/home/ubuntu/scootbot/3.0.0/src/diffdrive_arduino/include/diffdrive_arduino/fake_robot.h:33:15:[m[K [01;31m[Kerror: [m[K‘[01m[Khardware_interface::return_type FakeRobot::stop()[m[K’ marked ‘[01m[Koverride[m[K’, but does not override
[6.912s]    33 |   return_type [01;31m[Kstop[m[K() override;
[6.912s]       |               [01;31m[K^~~~[m[K
[6.912s] [01m[K/home/ubuntu/scootbot/3.0.0/src/diffdrive_arduino/include/diffdrive_arduino/fake_robot.h:35:15:[m[K [01;31m[Kerror: [m[K‘[01m[Khardware_interface::return_type FakeRobot::read()[m[K’ marked ‘[01m[Koverride[m[K’, but does not override
[6.913s]    35 |   return_type [01;31m[Kread[m[K() override;
[6.913s]       |               [01;31m[K^~~~[m[K
[6.913s] [01m[K/home/ubuntu/scootbot/3.0.0/src/diffdrive_arduino/include/diffdrive_arduino/fake_robot.h:37:15:[m[K [01;31m[Kerror: [m[K‘[01m[Khardware_interface::return_type FakeRobot::write()[m[K’ marked ‘[01m[Koverride[m[K’, but does not override
[6.914s]    37 |   return_type [01;31m[Kwrite[m[K() override;
[6.914s]       |               [01;31m[K^~~~~[m[K
[6.937s] [01m[K/home/ubuntu/scootbot/3.0.0/src/diffdrive_arduino/src/fake_robot.cpp:[m[K In member function ‘[01m[Khardware_interface::return_type FakeRobot::configure(const hardware_interface::HardwareInfo&)[m[K’:
[6.937s] [01m[K/home/ubuntu/scootbot/3.0.0/src/diffdrive_arduino/src/fake_robot.cpp:15:7:[m[K [01;31m[Kerror: [m[K‘[01m[Kconfigure_default[m[K’ was not declared in this scope
[6.939s]    15 |   if ([01;31m[Kconfigure_default[m[K(info) != return_type::OK) {
[6.939s]       |       [01;31m[K^~~~~~~~~~~~~~~~~[m[K
[6.953s] [01m[K/home/ubuntu/scootbot/3.0.0/src/diffdrive_arduino/src/fake_robot.cpp:36:3:[m[K [01;31m[Kerror: [m[K‘[01m[Kstatus_[m[K’ was not declared in this scope
[6.953s]    36 |   [01;31m[Kstatus_[m[K = hardware_interface::status::CONFIGURED;
[6.954s]       |   [01;31m[K^~~~~~~[m[K
[6.954s] [01m[K/home/ubuntu/scootbot/3.0.0/src/diffdrive_arduino/src/fake_robot.cpp:36:33:[m[K [01;31m[Kerror: [m[K‘[01m[Khardware_interface::status[m[K’ has not been declared
[6.954s]    36 |   status_ = hardware_interface::[01;31m[Kstatus[m[K::CONFIGURED;
[6.955s]       |                                 [01;31m[K^~~~~~[m[K
[6.985s] [01m[K/home/ubuntu/scootbot/3.0.0/src/diffdrive_arduino/src/fake_robot.cpp:[m[K In member function ‘[01m[Khardware_interface::return_type FakeRobot::start()[m[K’:
[6.987s] [01m[K/home/ubuntu/scootbot/3.0.0/src/diffdrive_arduino/src/fake_robot.cpp:70:3:[m[K [01;31m[Kerror: [m[K‘[01m[Kstatus_[m[K’ was not declared in this scope
[6.987s]    70 |   [01;31m[Kstatus_[m[K = hardware_interface::status::STARTED;
[6.988s]       |   [01;31m[K^~~~~~~[m[K
[6.988s] [01m[K/home/ubuntu/scootbot/3.0.0/src/diffdrive_arduino/src/fake_robot.cpp:70:33:[m[K [01;31m[Kerror: [m[K‘[01m[Khardware_interface::status[m[K’ has not been declared
[6.988s]    70 |   status_ = hardware_interface::[01;31m[Kstatus[m[K::STARTED;
[6.989s]       |                                 [01;31m[K^~~~~~[m[K
[7.003s] [01m[K/home/ubuntu/scootbot/3.0.0/src/diffdrive_arduino/src/fake_robot.cpp:[m[K In member function ‘[01m[Khardware_interface::return_type FakeRobot::stop()[m[K’:
[7.003s] [01m[K/home/ubuntu/scootbot/3.0.0/src/diffdrive_arduino/src/fake_robot.cpp:78:3:[m[K [01;31m[Kerror: [m[K‘[01m[Kstatus_[m[K’ was not declared in this scope
[7.003s]    78 |   [01;31m[Kstatus_[m[K = hardware_interface::status::STOPPED;
[7.006s]       |   [01;31m[K^~~~~~~[m[K
[7.007s] [01m[K/home/ubuntu/scootbot/3.0.0/src/diffdrive_arduino/src/fake_robot.cpp:78:33:[m[K [01;31m[Kerror: [m[K‘[01m[Khardware_interface::status[m[K’ has not been declared
[7.007s]    78 |   status_ = hardware_interface::[01;31m[Kstatus[m[K::STOPPED;
[7.007s]       |                                 [01;31m[K^~~~~~[m[K
[8.483s] In file included from [01m[K/opt/ros/humble/include/class_loader/class_loader/class_loader_core.hpp:57[m[K,
[8.483s]                  from [01m[K/opt/ros/humble/include/class_loader/class_loader/class_loader.hpp:55[m[K,
[8.483s]                  from [01m[K/opt/ros/humble/include/pluginlib/pluginlib/class_list_macros.hpp:40[m[K,
[8.484s]                  from [01m[K/home/ubuntu/scootbot/3.0.0/src/diffdrive_arduino/src/fake_robot.cpp:118[m[K:
[8.484s] /opt/ros/humble/include/class_loader/class_loader/meta_object.hpp: In instantiation of ‘[01m[KB* class_loader::impl::MetaObject<C, B>::create() const [with C = FakeRobot; B = hardware_interface::SystemInterface][m[K’:
[8.484s] [01m[K/opt/ros/humble/include/class_loader/class_loader/meta_object.hpp:216:7:[m[K   required from here
[8.485s] [01m[K/opt/ros/humble/include/class_loader/class_loader/meta_object.hpp:218:12:[m[K [01;31m[Kerror: [m[Kinvalid new-expression of abstract class type ‘[01m[KFakeRobot[m[K’
[8.485s]   218 |     return [01;31m[Knew C[m[K;
[8.485s]       |            [01;31m[K^~~~~[m[K
[8.487s] In file included from [01m[K/home/ubuntu/scootbot/3.0.0/src/diffdrive_arduino/src/fake_robot.cpp:1[m[K:
[8.487s] [01m[K/home/ubuntu/scootbot/3.0.0/src/diffdrive_arduino/include/diffdrive_arduino/fake_robot.h:18:7:[m[K [01;36m[Knote: [m[K  because the following virtual functions are pure within ‘[01m[KFakeRobot[m[K’:
[8.488s]    18 | class [01;36m[KFakeRobot[m[K : public hardware_interface::SystemInterface
[8.488s]       |       [01;36m[K^~~~~~~~~[m[K
[8.488s] In file included from [01m[K/home/ubuntu/scootbot/3.0.0/src/diffdrive_arduino/include/diffdrive_arduino/fake_robot.h:9[m[K,
[8.489s]                  from [01m[K/home/ubuntu/scootbot/3.0.0/src/diffdrive_arduino/src/fake_robot.cpp:1[m[K:
[8.489s] [01m[K/opt/ros/humble/include/hardware_interface/system_interface.hpp:173:23:[m[K [01;36m[Knote: [m[K    ‘[01m[Kvirtual hardware_interface::return_type hardware_interface::SystemInterface::read(const rclcpp::Time&, const rclcpp::Duration&)[m[K’
[8.490s]   173 |   virtual return_type [01;36m[Kread[m[K(const rclcpp::Time & time, const rclcpp::Duration & period) = 0;
[8.490s]       |                       [01;36m[K^~~~[m[K
[8.490s] [01m[K/opt/ros/humble/include/hardware_interface/system_interface.hpp:184:23:[m[K [01;36m[Knote: [m[K    ‘[01m[Kvirtual hardware_interface::return_type hardware_interface::SystemInterface::write(const rclcpp::Time&, const rclcpp::Duration&)[m[K’
[8.491s]   184 |   virtual return_type [01;36m[Kwrite[m[K(const rclcpp::Time & time, const rclcpp::Duration & period) = 0;
[8.491s]       |                       [01;36m[K^~~~~[m[K
[8.691s] gmake[2]: *** [CMakeFiles/fake_robot.dir/build.make:76: CMakeFiles/fake_robot.dir/src/fake_robot.cpp.o] Error 1
[8.691s] gmake[1]: *** [CMakeFiles/Makefile2:165: CMakeFiles/fake_robot.dir/all] Error 2
[8.692s] gmake[1]: *** Waiting for unfinished jobs....
[9.397s] In file included from [01m[K/home/ubuntu/scootbot/3.0.0/src/diffdrive_arduino/src/diffdrive_arduino.cpp:1[m[K:
[9.397s] [01m[K/home/ubuntu/scootbot/3.0.0/src/diffdrive_arduino/include/diffdrive_arduino/diffdrive_arduino.h:28:15:[m[K [01;31m[Kerror: [m[K‘[01m[Khardware_interface::return_type DiffDriveArduino::configure(const hardware_interface::HardwareInfo&)[m[K’ marked ‘[01m[Koverride[m[K’, but does not override
[9.397s]    28 |   return_type [01;31m[Kconfigure[m[K(const hardware_interface::HardwareInfo & info) override;
[9.398s]       |               [01;31m[K^~~~~~~~~[m[K
[9.398s] [01m[K/home/ubuntu/scootbot/3.0.0/src/diffdrive_arduino/include/diffdrive_arduino/diffdrive_arduino.h:34:15:[m[K [01;31m[Kerror: [m[K‘[01m[Khardware_interface::return_type DiffDriveArduino::start()[m[K’ marked ‘[01m[Koverride[m[K’, but does not override
[9.398s]    34 |   return_type [01;31m[Kstart[m[K() override;
[9.399s]       |               [01;31m[K^~~~~[m[K
[9.399s] [01m[K/home/ubuntu/scootbot/3.0.0/src/diffdrive_arduino/include/diffdrive_arduino/diffdrive_arduino.h:36:15:[m[K [01;31m[Kerror: [m[K‘[01m[Khardware_interface::return_type DiffDriveArduino::stop()[m[K’ marked ‘[01m[Koverride[m[K’, but does not override
[9.399s]    36 |   return_type [01;31m[Kstop[m[K() override;
[9.399s]       |               [01;31m[K^~~~[m[K
[9.400s] [01m[K/home/ubuntu/scootbot/3.0.0/src/diffdrive_arduino/include/diffdrive_arduino/diffdrive_arduino.h:38:15:[m[K [01;31m[Kerror: [m[K‘[01m[Khardware_interface::return_type DiffDriveArduino::read()[m[K’ marked ‘[01m[Koverride[m[K’, but does not override
[9.400s]    38 |   return_type [01;31m[Kread[m[K() override;
[9.400s]       |               [01;31m[K^~~~[m[K
[9.401s] [01m[K/home/ubuntu/scootbot/3.0.0/src/diffdrive_arduino/include/diffdrive_arduino/diffdrive_arduino.h:40:15:[m[K [01;31m[Kerror: [m[K‘[01m[Khardware_interface::return_type DiffDriveArduino::write()[m[K’ marked ‘[01m[Koverride[m[K’, but does not override
[9.401s]    40 |   return_type [01;31m[Kwrite[m[K() override;
[9.401s]       |               [01;31m[K^~~~~[m[K
[9.422s] [01m[K/home/ubuntu/scootbot/3.0.0/src/diffdrive_arduino/src/diffdrive_arduino.cpp:[m[K In member function ‘[01m[Khardware_interface::return_type DiffDriveArduino::configure(const hardware_interface::HardwareInfo&)[m[K’:
[9.423s] [01m[K/home/ubuntu/scootbot/3.0.0/src/diffdrive_arduino/src/diffdrive_arduino.cpp:21:7:[m[K [01;31m[Kerror: [m[K‘[01m[Kconfigure_default[m[K’ was not declared in this scope
[9.423s]    21 |   if ([01;31m[Kconfigure_default[m[K(info) != return_type::OK) {
[9.423s]       |       [01;31m[K^~~~~~~~~~~~~~~~~[m[K
[9.438s] [01m[K/home/ubuntu/scootbot/3.0.0/src/diffdrive_arduino/src/diffdrive_arduino.cpp:46:3:[m[K [01;31m[Kerror: [m[K‘[01m[Kstatus_[m[K’ was not declared in this scope
[9.439s]    46 |   [01;31m[Kstatus_[m[K = hardware_interface::status::CONFIGURED;
[9.439s]       |   [01;31m[K^~~~~~~[m[K
[9.439s] [01m[K/home/ubuntu/scootbot/3.0.0/src/diffdrive_arduino/src/diffdrive_arduino.cpp:46:33:[m[K [01;31m[Kerror: [m[K‘[01m[Khardware_interface::status[m[K’ has not been declared
[9.440s]    46 |   status_ = hardware_interface::[01;31m[Kstatus[m[K::CONFIGURED;
[9.440s]       |                                 [01;31m[K^~~~~~[m[K
[9.466s] [01m[K/home/ubuntu/scootbot/3.0.0/src/diffdrive_arduino/src/diffdrive_arduino.cpp:[m[K In member function ‘[01m[Khardware_interface::return_type DiffDriveArduino::start()[m[K’:
[9.467s] [01m[K/home/ubuntu/scootbot/3.0.0/src/diffdrive_arduino/src/diffdrive_arduino.cpp:85:3:[m[K [01;31m[Kerror: [m[K‘[01m[Kstatus_[m[K’ was not declared in this scope
[9.467s]    85 |   [01;31m[Kstatus_[m[K = hardware_interface::status::STARTED;
[9.467s]       |   [01;31m[K^~~~~~~[m[K
[9.468s] [01m[K/home/ubuntu/scootbot/3.0.0/src/diffdrive_arduino/src/diffdrive_arduino.cpp:85:33:[m[K [01;31m[Kerror: [m[K‘[01m[Khardware_interface::status[m[K’ has not been declared
[9.468s]    85 |   status_ = hardware_interface::[01;31m[Kstatus[m[K::STARTED;
[9.469s]       |                                 [01;31m[K^~~~~~[m[K
[9.479s] [01m[K/home/ubuntu/scootbot/3.0.0/src/diffdrive_arduino/src/diffdrive_arduino.cpp:[m[K In member function ‘[01m[Khardware_interface::return_type DiffDriveArduino::stop()[m[K’:
[9.479s] [01m[K/home/ubuntu/scootbot/3.0.0/src/diffdrive_arduino/src/diffdrive_arduino.cpp:93:3:[m[K [01;31m[Kerror: [m[K‘[01m[Kstatus_[m[K’ was not declared in this scope
[9.480s]    93 |   [01;31m[Kstatus_[m[K = hardware_interface::status::STOPPED;
[9.480s]       |   [01;31m[K^~~~~~~[m[K
[9.480s] [01m[K/home/ubuntu/scootbot/3.0.0/src/diffdrive_arduino/src/diffdrive_arduino.cpp:93:33:[m[K [01;31m[Kerror: [m[K‘[01m[Khardware_interface::status[m[K’ has not been declared
[9.481s]    93 |   status_ = hardware_interface::[01;31m[Kstatus[m[K::STOPPED;
[9.481s]       |                                 [01;31m[K^~~~~~[m[K
[10.784s] In file included from [01m[K/opt/ros/humble/include/class_loader/class_loader/class_loader_core.hpp:57[m[K,
[10.785s]                  from [01m[K/opt/ros/humble/include/class_loader/class_loader/class_loader.hpp:55[m[K,
[10.785s]                  from [01m[K/opt/ros/humble/include/pluginlib/pluginlib/class_list_macros.hpp:40[m[K,
[10.785s]                  from [01m[K/home/ubuntu/scootbot/3.0.0/src/diffdrive_arduino/src/diffdrive_arduino.cpp:153[m[K:
[10.786s] /opt/ros/humble/include/class_loader/class_loader/meta_object.hpp: In instantiation of ‘[01m[KB* class_loader::impl::MetaObject<C, B>::create() const [with C = DiffDriveArduino; B = hardware_interface::SystemInterface][m[K’:
[10.786s] [01m[K/opt/ros/humble/include/class_loader/class_loader/meta_object.hpp:216:7:[m[K   required from here
[10.786s] [01m[K/opt/ros/humble/include/class_loader/class_loader/meta_object.hpp:218:12:[m[K [01;31m[Kerror: [m[Kinvalid new-expression of abstract class type ‘[01m[KDiffDriveArduino[m[K’
[10.787s]   218 |     return [01;31m[Knew C[m[K;
[10.787s]       |            [01;31m[K^~~~~[m[K
[10.787s] In file included from [01m[K/home/ubuntu/scootbot/3.0.0/src/diffdrive_arduino/src/diffdrive_arduino.cpp:1[m[K:
[10.788s] [01m[K/home/ubuntu/scootbot/3.0.0/src/diffdrive_arduino/include/diffdrive_arduino/diffdrive_arduino.h:21:7:[m[K [01;36m[Knote: [m[K  because the following virtual functions are pure within ‘[01m[KDiffDriveArduino[m[K’:
[10.788s]    21 | class [01;36m[KDiffDriveArduino[m[K : public hardware_interface::SystemInterface
[10.788s]       |       [01;36m[K^~~~~~~~~~~~~~~~[m[K
[10.789s] In file included from [01m[K/home/ubuntu/scootbot/3.0.0/src/diffdrive_arduino/include/diffdrive_arduino/diffdrive_arduino.h:9[m[K,
[10.789s]                  from [01m[K/home/ubuntu/scootbot/3.0.0/src/diffdrive_arduino/src/diffdrive_arduino.cpp:1[m[K:
[10.790s] [01m[K/opt/ros/humble/include/hardware_interface/system_interface.hpp:173:23:[m[K [01;36m[Knote: [m[K    ‘[01m[Kvirtual hardware_interface::return_type hardware_interface::SystemInterface::read(const rclcpp::Time&, const rclcpp::Duration&)[m[K’
[10.790s]   173 |   virtual return_type [01;36m[Kread[m[K(const rclcpp::Time & time, const rclcpp::Duration & period) = 0;
[10.790s]       |                       [01;36m[K^~~~[m[K
[10.791s] [01m[K/opt/ros/humble/include/hardware_interface/system_interface.hpp:184:23:[m[K [01;36m[Knote: [m[K    ‘[01m[Kvirtual hardware_interface::return_type hardware_interface::SystemInterface::write(const rclcpp::Time&, const rclcpp::Duration&)[m[K’
[10.791s]   184 |   virtual return_type [01;36m[Kwrite[m[K(const rclcpp::Time & time, const rclcpp::Duration & period) = 0;
[10.791s]       |                       [01;36m[K^~~~~[m[K
[10.969s] gmake[2]: *** [CMakeFiles/diffdrive_arduino.dir/build.make:76: CMakeFiles/diffdrive_arduino.dir/src/diffdrive_arduino.cpp.o] Error 1
[10.973s] gmake[1]: *** [CMakeFiles/Makefile2:139: CMakeFiles/diffdrive_arduino.dir/all] Error 2
[10.973s] gmake: *** [Makefile:146: all] Error 2
[10.975s] Invoked command in '/home/ubuntu/scootbot/3.0.0/build/diffdrive_arduino' returned '2': CMAKE_PREFIX_PATH=/opt/ros/humble:/home/ubuntu/scootbot/3.0.0/install/serial:/home/ubuntu/scootbot/3.0.0/install/twist_mux:/home/ubuntu/scootbot/3.0.0/install/diffdrive_arduino:/home/ubuntu/scootbot/3.0.0/install/scootbot:/home/ubuntu/scootbot/3.0.0/install/rplidar_ros /usr/bin/cmake --build /home/ubuntu/scootbot/3.0.0/build/diffdrive_arduino -- -j4 -l4
