[0.021s] Invoking command in '/home/ubuntu/scootbot/3.0.0/build/diffdrive_arduino': AMENT_PREFIX_PATH=/home/ubuntu/scootbot/3.0.0/install/serial:${AMENT_PREFIX_PATH} CMAKE_PREFIX_PATH=/home/ubuntu/scootbot/3.0.0/install/serial:/opt/ros/humble LD_LIBRARY_PATH=/home/ubuntu/scootbot/3.0.0/install/serial/lib:${LD_LIBRARY_PATH} /usr/bin/cmake --build /home/ubuntu/scootbot/3.0.0/build/diffdrive_arduino -- -j4 -l4
[0.099s] [35m[1mConsolidate compiler generated dependencies of target diffdrive_arduino[0m
[0.136s] [ 42%] Built target fake_robot
[0.158s] [ 57%] [32mBuilding CXX object CMakeFiles/diffdrive_arduino.dir/src/arduino_comms.cpp.o[0m
[7.200s] [ 71%] [32m[1mLinking CXX shared library libdiffdrive_arduino.so[0m
[7.598s] [100%] Built target diffdrive_arduino
[7.617s] Invoked command in '/home/ubuntu/scootbot/3.0.0/build/diffdrive_arduino' returned '0': AMENT_PREFIX_PATH=/home/ubuntu/scootbot/3.0.0/install/serial:${AMENT_PREFIX_PATH} CMAKE_PREFIX_PATH=/home/ubuntu/scootbot/3.0.0/install/serial:/opt/ros/humble LD_LIBRARY_PATH=/home/ubuntu/scootbot/3.0.0/install/serial/lib:${LD_LIBRARY_PATH} /usr/bin/cmake --build /home/ubuntu/scootbot/3.0.0/build/diffdrive_arduino -- -j4 -l4
[7.669s] Invoking command in '/home/ubuntu/scootbot/3.0.0/build/diffdrive_arduino': AMENT_PREFIX_PATH=/home/ubuntu/scootbot/3.0.0/install/serial:${AMENT_PREFIX_PATH} CMAKE_PREFIX_PATH=/home/ubuntu/scootbot/3.0.0/install/serial:/opt/ros/humble LD_LIBRARY_PATH=/home/ubuntu/scootbot/3.0.0/install/serial/lib:${LD_LIBRARY_PATH} /usr/bin/cmake --install /home/ubuntu/scootbot/3.0.0/build/diffdrive_arduino
[7.682s] -- Install configuration: ""
[7.683s] -- Execute custom install script
[7.683s] -- Up-to-date symlink: /home/ubuntu/scootbot/3.0.0/install/diffdrive_arduino/share/diffdrive_arduino//robot_hardware.xml
[7.684s] -- Up-to-date symlink: /home/ubuntu/scootbot/3.0.0/install/diffdrive_arduino/share/diffdrive_arduino//fake_robot_hardware.xml
[7.685s] -- Up-to-date symlink: /home/ubuntu/scootbot/3.0.0/install/diffdrive_arduino/lib/libdiffdrive_arduino.so
[7.685s] -- Up-to-date symlink: /home/ubuntu/scootbot/3.0.0/install/diffdrive_arduino/lib/libfake_robot.so
[7.687s] -- Up-to-date symlink: /home/ubuntu/scootbot/3.0.0/install/diffdrive_arduino/share/diffdrive_arduino/controllers/fake_robot_controller.yaml
[7.687s] -- Up-to-date symlink: /home/ubuntu/scootbot/3.0.0/install/diffdrive_arduino/share/diffdrive_arduino/controllers/robot_controller.yaml
[7.687s] -- Up-to-date symlink: /home/ubuntu/scootbot/3.0.0/install/diffdrive_arduino/share/diffdrive_arduino/controllers/robot_controller_example copy.yaml
[7.688s] -- Up-to-date symlink: /home/ubuntu/scootbot/3.0.0/install/diffdrive_arduino/share/diffdrive_arduino/__pycache__/test_robot.launch.cpython-310.pyc
[7.689s] -- Up-to-date symlink: /home/ubuntu/scootbot/3.0.0/install/diffdrive_arduino/share/diffdrive_arduino/fake_robot.launch.py
[7.689s] -- Up-to-date symlink: /home/ubuntu/scootbot/3.0.0/install/diffdrive_arduino/share/diffdrive_arduino/test_robot.launch.py
[7.690s] -- Up-to-date symlink: /home/ubuntu/scootbot/3.0.0/install/diffdrive_arduino/share/diffdrive_arduino/environment/library_path.sh
[7.690s] -- Up-to-date symlink: /home/ubuntu/scootbot/3.0.0/install/diffdrive_arduino/share/diffdrive_arduino/environment/library_path.dsv
[7.691s] -- Up-to-date symlink: /home/ubuntu/scootbot/3.0.0/install/diffdrive_arduino/share/ament_index/resource_index/package_run_dependencies/diffdrive_arduino
[7.691s] -- Up-to-date symlink: /home/ubuntu/scootbot/3.0.0/install/diffdrive_arduino/share/ament_index/resource_index/parent_prefix_path/diffdrive_arduino
[7.693s] -- Up-to-date symlink: /home/ubuntu/scootbot/3.0.0/install/diffdrive_arduino/share/diffdrive_arduino/environment/ament_prefix_path.sh
[7.694s] -- Up-to-date symlink: /home/ubuntu/scootbot/3.0.0/install/diffdrive_arduino/share/diffdrive_arduino/environment/ament_prefix_path.dsv
[7.695s] -- Up-to-date symlink: /home/ubuntu/scootbot/3.0.0/install/diffdrive_arduino/share/diffdrive_arduino/environment/path.sh
[7.695s] -- Up-to-date symlink: /home/ubuntu/scootbot/3.0.0/install/diffdrive_arduino/share/diffdrive_arduino/environment/path.dsv
[7.695s] -- Up-to-date symlink: /home/ubuntu/scootbot/3.0.0/install/diffdrive_arduino/share/diffdrive_arduino/local_setup.bash
[7.696s] -- Up-to-date symlink: /home/ubuntu/scootbot/3.0.0/install/diffdrive_arduino/share/diffdrive_arduino/local_setup.sh
[7.696s] -- Up-to-date symlink: /home/ubuntu/scootbot/3.0.0/install/diffdrive_arduino/share/diffdrive_arduino/local_setup.zsh
[7.697s] -- Up-to-date symlink: /home/ubuntu/scootbot/3.0.0/install/diffdrive_arduino/share/diffdrive_arduino/local_setup.dsv
[7.697s] -- Symlinking: /home/ubuntu/scootbot/3.0.0/install/diffdrive_arduino/share/diffdrive_arduino/package.dsv
[7.717s] -- Up-to-date symlink: /home/ubuntu/scootbot/3.0.0/install/diffdrive_arduino/share/ament_index/resource_index/packages/diffdrive_arduino
[7.717s] -- Up-to-date symlink: /home/ubuntu/scootbot/3.0.0/install/diffdrive_arduino/share/ament_index/resource_index/hardware_interface__pluginlib__plugin/diffdrive_arduino
[7.718s] -- Up-to-date symlink: /home/ubuntu/scootbot/3.0.0/install/diffdrive_arduino/share/diffdrive_arduino/cmake/ament_cmake_export_libraries-extras.cmake
[7.718s] -- Up-to-date symlink: /home/ubuntu/scootbot/3.0.0/install/diffdrive_arduino/share/diffdrive_arduino/cmake/ament_cmake_export_dependencies-extras.cmake
[7.719s] -- Up-to-date symlink: /home/ubuntu/scootbot/3.0.0/install/diffdrive_arduino/share/diffdrive_arduino/cmake/diffdrive_arduinoConfig.cmake
[7.720s] -- Up-to-date symlink: /home/ubuntu/scootbot/3.0.0/install/diffdrive_arduino/share/diffdrive_arduino/cmake/diffdrive_arduinoConfig-version.cmake
[7.720s] -- Up-to-date symlink: /home/ubuntu/scootbot/3.0.0/install/diffdrive_arduino/share/diffdrive_arduino/package.xml
[7.728s] Invoked command in '/home/ubuntu/scootbot/3.0.0/build/diffdrive_arduino' returned '0': AMENT_PREFIX_PATH=/home/ubuntu/scootbot/3.0.0/install/serial:${AMENT_PREFIX_PATH} CMAKE_PREFIX_PATH=/home/ubuntu/scootbot/3.0.0/install/serial:/opt/ros/humble LD_LIBRARY_PATH=/home/ubuntu/scootbot/3.0.0/install/serial/lib:${LD_LIBRARY_PATH} /usr/bin/cmake --install /home/ubuntu/scootbot/3.0.0/build/diffdrive_arduino
