[0.702s] DEBUG:colcon:Command line arguments: ['/usr/bin/colcon', 'build']
[0.702s] DEBUG:colcon:Parsed command line arguments: Namespace(log_base=None, log_level=None, verb_name='build', build_base='build', install_base='install', merge_install=False, symlink_install=False, test_result_base=None, continue_on_error=False, executor='parallel', parallel_workers=4, event_handlers=None, ignore_user_meta=False, metas=['./colcon.meta'], base_paths=['.'], packages_ignore=None, packages_ignore_regex=None, paths=None, packages_up_to=None, packages_up_to_regex=None, packages_above=None, packages_above_and_dependencies=None, packages_above_depth=None, packages_select_by_dep=None, packages_skip_by_dep=None, packages_skip_up_to=None, packages_select_build_failed=False, packages_skip_build_finished=False, packages_select_test_failures=False, packages_skip_test_passed=False, packages_select=None, packages_skip=None, packages_select_regex=None, packages_skip_regex=None, packages_start=None, packages_end=None, allow_overriding=[], cmake_args=None, cmake_target=None, cmake_target_skip_unavailable=False, cmake_clean_cache=False, cmake_clean_first=False, cmake_force_configure=False, ament_cmake_args=None, catkin_cmake_args=None, catkin_skip_building_tests=False, verb_parser=<colcon_defaults.argument_parser.defaults.DefaultArgumentsDecorator object at 0x7f83a9692b00>, verb_extension=<colcon_core.verb.build.BuildVerb object at 0x7f83a9e9a050>, main=<bound method BuildVerb.main of <colcon_core.verb.build.BuildVerb object at 0x7f83a9e9a050>>)
[0.771s] Level 1:colcon.colcon_core.package_discovery:discover_packages(colcon_meta) check parameters
[0.772s] Level 1:colcon.colcon_core.package_discovery:discover_packages(recursive) check parameters
[0.772s] Level 1:colcon.colcon_core.package_discovery:discover_packages(ignore) check parameters
[0.772s] Level 1:colcon.colcon_core.package_discovery:discover_packages(path) check parameters
[0.772s] Level 1:colcon.colcon_core.package_discovery:discover_packages(colcon_meta) discover
[0.772s] Level 1:colcon.colcon_core.package_discovery:discover_packages(recursive) discover
[0.772s] INFO:colcon.colcon_core.package_discovery:Crawling recursively for packages in '/home/ubuntu/scootbot/3.0.0'
[0.772s] Level 1:colcon.colcon_core.package_identification:_identify(.) by extensions ['ignore', 'ignore_ament_install']
[0.773s] Level 1:colcon.colcon_core.package_identification:_identify(.) by extension 'ignore'
[0.773s] Level 1:colcon.colcon_core.package_identification:_identify(.) by extension 'ignore_ament_install'
[0.773s] Level 1:colcon.colcon_core.package_identification:_identify(.) by extensions ['colcon_pkg']
[0.773s] Level 1:colcon.colcon_core.package_identification:_identify(.) by extension 'colcon_pkg'
[0.773s] Level 1:colcon.colcon_core.package_identification:_identify(.) by extensions ['colcon_meta']
[0.773s] Level 1:colcon.colcon_core.package_identification:_identify(.) by extension 'colcon_meta'
[0.773s] Level 1:colcon.colcon_core.package_identification:_identify(.) by extensions ['ros']
[0.773s] Level 1:colcon.colcon_core.package_identification:_identify(.) by extension 'ros'
[0.800s] Level 1:colcon.colcon_core.package_identification:_identify(.) by extensions ['cmake', 'python']
[0.800s] Level 1:colcon.colcon_core.package_identification:_identify(.) by extension 'cmake'
[0.800s] Level 1:colcon.colcon_core.package_identification:_identify(.) by extension 'python'
[0.800s] Level 1:colcon.colcon_core.package_identification:_identify(.) by extensions ['python_setup_py']
[0.800s] Level 1:colcon.colcon_core.package_identification:_identify(.) by extension 'python_setup_py'
[0.800s] Level 1:colcon.colcon_core.package_identification:_identify(__pycache__) by extensions ['ignore', 'ignore_ament_install']
[0.801s] Level 1:colcon.colcon_core.package_identification:_identify(__pycache__) by extension 'ignore'
[0.801s] Level 1:colcon.colcon_core.package_identification:_identify(__pycache__) by extension 'ignore_ament_install'
[0.801s] Level 1:colcon.colcon_core.package_identification:_identify(__pycache__) by extensions ['colcon_pkg']
[0.801s] Level 1:colcon.colcon_core.package_identification:_identify(__pycache__) by extension 'colcon_pkg'
[0.801s] Level 1:colcon.colcon_core.package_identification:_identify(__pycache__) by extensions ['colcon_meta']
[0.801s] Level 1:colcon.colcon_core.package_identification:_identify(__pycache__) by extension 'colcon_meta'
[0.801s] Level 1:colcon.colcon_core.package_identification:_identify(__pycache__) by extensions ['ros']
[0.801s] Level 1:colcon.colcon_core.package_identification:_identify(__pycache__) by extension 'ros'
[0.802s] Level 1:colcon.colcon_core.package_identification:_identify(__pycache__) by extensions ['cmake', 'python']
[0.802s] Level 1:colcon.colcon_core.package_identification:_identify(__pycache__) by extension 'cmake'
[0.802s] Level 1:colcon.colcon_core.package_identification:_identify(__pycache__) by extension 'python'
[0.802s] Level 1:colcon.colcon_core.package_identification:_identify(__pycache__) by extensions ['python_setup_py']
[0.802s] Level 1:colcon.colcon_core.package_identification:_identify(__pycache__) by extension 'python_setup_py'
[0.802s] Level 1:colcon.colcon_core.package_identification:_identify(build) by extensions ['ignore', 'ignore_ament_install']
[0.802s] Level 1:colcon.colcon_core.package_identification:_identify(build) by extension 'ignore'
[0.803s] Level 1:colcon.colcon_core.package_identification:_identify(build) ignored
[0.803s] Level 1:colcon.colcon_core.package_identification:_identify(install) by extensions ['ignore', 'ignore_ament_install']
[0.803s] Level 1:colcon.colcon_core.package_identification:_identify(install) by extension 'ignore'
[0.803s] Level 1:colcon.colcon_core.package_identification:_identify(install) ignored
[0.803s] Level 1:colcon.colcon_core.package_identification:_identify(local_tests) by extensions ['ignore', 'ignore_ament_install']
[0.803s] Level 1:colcon.colcon_core.package_identification:_identify(local_tests) by extension 'ignore'
[0.804s] Level 1:colcon.colcon_core.package_identification:_identify(local_tests) by extension 'ignore_ament_install'
[0.804s] Level 1:colcon.colcon_core.package_identification:_identify(local_tests) by extensions ['colcon_pkg']
[0.804s] Level 1:colcon.colcon_core.package_identification:_identify(local_tests) by extension 'colcon_pkg'
[0.804s] Level 1:colcon.colcon_core.package_identification:_identify(local_tests) by extensions ['colcon_meta']
[0.804s] Level 1:colcon.colcon_core.package_identification:_identify(local_tests) by extension 'colcon_meta'
[0.804s] Level 1:colcon.colcon_core.package_identification:_identify(local_tests) by extensions ['ros']
[0.804s] Level 1:colcon.colcon_core.package_identification:_identify(local_tests) by extension 'ros'
[0.804s] Level 1:colcon.colcon_core.package_identification:_identify(local_tests) by extensions ['cmake', 'python']
[0.804s] Level 1:colcon.colcon_core.package_identification:_identify(local_tests) by extension 'cmake'
[0.805s] Level 1:colcon.colcon_core.package_identification:_identify(local_tests) by extension 'python'
[0.805s] Level 1:colcon.colcon_core.package_identification:_identify(local_tests) by extensions ['python_setup_py']
[0.805s] Level 1:colcon.colcon_core.package_identification:_identify(local_tests) by extension 'python_setup_py'
[0.805s] Level 1:colcon.colcon_core.package_identification:_identify(local_tests/__pycache__) by extensions ['ignore', 'ignore_ament_install']
[0.805s] Level 1:colcon.colcon_core.package_identification:_identify(local_tests/__pycache__) by extension 'ignore'
[0.805s] Level 1:colcon.colcon_core.package_identification:_identify(local_tests/__pycache__) by extension 'ignore_ament_install'
[0.805s] Level 1:colcon.colcon_core.package_identification:_identify(local_tests/__pycache__) by extensions ['colcon_pkg']
[0.806s] Level 1:colcon.colcon_core.package_identification:_identify(local_tests/__pycache__) by extension 'colcon_pkg'
[0.806s] Level 1:colcon.colcon_core.package_identification:_identify(local_tests/__pycache__) by extensions ['colcon_meta']
[0.806s] Level 1:colcon.colcon_core.package_identification:_identify(local_tests/__pycache__) by extension 'colcon_meta'
[0.806s] Level 1:colcon.colcon_core.package_identification:_identify(local_tests/__pycache__) by extensions ['ros']
[0.806s] Level 1:colcon.colcon_core.package_identification:_identify(local_tests/__pycache__) by extension 'ros'
[0.806s] Level 1:colcon.colcon_core.package_identification:_identify(local_tests/__pycache__) by extensions ['cmake', 'python']
[0.806s] Level 1:colcon.colcon_core.package_identification:_identify(local_tests/__pycache__) by extension 'cmake'
[0.806s] Level 1:colcon.colcon_core.package_identification:_identify(local_tests/__pycache__) by extension 'python'
[0.806s] Level 1:colcon.colcon_core.package_identification:_identify(local_tests/__pycache__) by extensions ['python_setup_py']
[0.807s] Level 1:colcon.colcon_core.package_identification:_identify(local_tests/__pycache__) by extension 'python_setup_py'
[0.807s] Level 1:colcon.colcon_core.package_identification:_identify(log) by extensions ['ignore', 'ignore_ament_install']
[0.807s] Level 1:colcon.colcon_core.package_identification:_identify(log) by extension 'ignore'
[0.807s] Level 1:colcon.colcon_core.package_identification:_identify(log) ignored
[0.807s] Level 1:colcon.colcon_core.package_identification:_identify(src) by extensions ['ignore', 'ignore_ament_install']
[0.808s] Level 1:colcon.colcon_core.package_identification:_identify(src) by extension 'ignore'
[0.808s] Level 1:colcon.colcon_core.package_identification:_identify(src) by extension 'ignore_ament_install'
[0.808s] Level 1:colcon.colcon_core.package_identification:_identify(src) by extensions ['colcon_pkg']
[0.808s] Level 1:colcon.colcon_core.package_identification:_identify(src) by extension 'colcon_pkg'
[0.808s] Level 1:colcon.colcon_core.package_identification:_identify(src) by extensions ['colcon_meta']
[0.808s] Level 1:colcon.colcon_core.package_identification:_identify(src) by extension 'colcon_meta'
[0.808s] Level 1:colcon.colcon_core.package_identification:_identify(src) by extensions ['ros']
[0.808s] Level 1:colcon.colcon_core.package_identification:_identify(src) by extension 'ros'
[0.809s] Level 1:colcon.colcon_core.package_identification:_identify(src) by extensions ['cmake', 'python']
[0.809s] Level 1:colcon.colcon_core.package_identification:_identify(src) by extension 'cmake'
[0.809s] Level 1:colcon.colcon_core.package_identification:_identify(src) by extension 'python'
[0.809s] Level 1:colcon.colcon_core.package_identification:_identify(src) by extensions ['python_setup_py']
[0.809s] Level 1:colcon.colcon_core.package_identification:_identify(src) by extension 'python_setup_py'
[0.809s] Level 1:colcon.colcon_core.package_identification:_identify(src/diffdrive_arduino) by extensions ['ignore', 'ignore_ament_install']
[0.809s] Level 1:colcon.colcon_core.package_identification:_identify(src/diffdrive_arduino) by extension 'ignore'
[0.809s] Level 1:colcon.colcon_core.package_identification:_identify(src/diffdrive_arduino) by extension 'ignore_ament_install'
[0.810s] Level 1:colcon.colcon_core.package_identification:_identify(src/diffdrive_arduino) by extensions ['colcon_pkg']
[0.810s] Level 1:colcon.colcon_core.package_identification:_identify(src/diffdrive_arduino) by extension 'colcon_pkg'
[0.810s] Level 1:colcon.colcon_core.package_identification:_identify(src/diffdrive_arduino) by extensions ['colcon_meta']
[0.810s] Level 1:colcon.colcon_core.package_identification:_identify(src/diffdrive_arduino) by extension 'colcon_meta'
[0.810s] Level 1:colcon.colcon_core.package_identification:_identify(src/diffdrive_arduino) by extensions ['ros']
[0.810s] Level 1:colcon.colcon_core.package_identification:_identify(src/diffdrive_arduino) by extension 'ros'
[0.817s] DEBUG:colcon.colcon_core.package_identification:Package 'src/diffdrive_arduino' with type 'ros.ament_cmake' and name 'diffdrive_arduino'
[0.817s] Level 1:colcon.colcon_core.package_identification:_identify(src/scootbot) by extensions ['ignore', 'ignore_ament_install']
[0.817s] Level 1:colcon.colcon_core.package_identification:_identify(src/scootbot) by extension 'ignore'
[0.817s] Level 1:colcon.colcon_core.package_identification:_identify(src/scootbot) by extension 'ignore_ament_install'
[0.817s] Level 1:colcon.colcon_core.package_identification:_identify(src/scootbot) by extensions ['colcon_pkg']
[0.818s] Level 1:colcon.colcon_core.package_identification:_identify(src/scootbot) by extension 'colcon_pkg'
[0.818s] Level 1:colcon.colcon_core.package_identification:_identify(src/scootbot) by extensions ['colcon_meta']
[0.818s] Level 1:colcon.colcon_core.package_identification:_identify(src/scootbot) by extension 'colcon_meta'
[0.818s] Level 1:colcon.colcon_core.package_identification:_identify(src/scootbot) by extensions ['ros']
[0.818s] Level 1:colcon.colcon_core.package_identification:_identify(src/scootbot) by extension 'ros'
[0.819s] DEBUG:colcon.colcon_core.package_identification:Package 'src/scootbot' with type 'ros.ament_cmake' and name 'scootbot'
[0.819s] Level 1:colcon.colcon_core.package_identification:_identify(src/serial) by extensions ['ignore', 'ignore_ament_install']
[0.819s] Level 1:colcon.colcon_core.package_identification:_identify(src/serial) by extension 'ignore'
[0.820s] Level 1:colcon.colcon_core.package_identification:_identify(src/serial) by extension 'ignore_ament_install'
[0.820s] Level 1:colcon.colcon_core.package_identification:_identify(src/serial) by extensions ['colcon_pkg']
[0.820s] Level 1:colcon.colcon_core.package_identification:_identify(src/serial) by extension 'colcon_pkg'
[0.820s] Level 1:colcon.colcon_core.package_identification:_identify(src/serial) by extensions ['colcon_meta']
[0.820s] Level 1:colcon.colcon_core.package_identification:_identify(src/serial) by extension 'colcon_meta'
[0.820s] Level 1:colcon.colcon_core.package_identification:_identify(src/serial) by extensions ['ros']
[0.820s] Level 1:colcon.colcon_core.package_identification:_identify(src/serial) by extension 'ros'
[0.823s] DEBUG:colcon.colcon_core.package_identification:Package 'src/serial' with type 'ros.ament_cmake' and name 'serial'
[0.823s] Level 1:colcon.colcon_core.package_identification:_identify(src/twist_mux) by extensions ['ignore', 'ignore_ament_install']
[0.824s] Level 1:colcon.colcon_core.package_identification:_identify(src/twist_mux) by extension 'ignore'
[0.824s] Level 1:colcon.colcon_core.package_identification:_identify(src/twist_mux) by extension 'ignore_ament_install'
[0.824s] Level 1:colcon.colcon_core.package_identification:_identify(src/twist_mux) by extensions ['colcon_pkg']
[0.824s] Level 1:colcon.colcon_core.package_identification:_identify(src/twist_mux) by extension 'colcon_pkg'
[0.824s] Level 1:colcon.colcon_core.package_identification:_identify(src/twist_mux) by extensions ['colcon_meta']
[0.824s] Level 1:colcon.colcon_core.package_identification:_identify(src/twist_mux) by extension 'colcon_meta'
[0.824s] Level 1:colcon.colcon_core.package_identification:_identify(src/twist_mux) by extensions ['ros']
[0.825s] Level 1:colcon.colcon_core.package_identification:_identify(src/twist_mux) by extension 'ros'
[0.827s] DEBUG:colcon.colcon_core.package_identification:Package 'src/twist_mux' with type 'ros.ament_cmake' and name 'twist_mux'
[0.827s] Level 1:colcon.colcon_core.package_discovery:discover_packages(recursive) using defaults
[0.827s] Level 1:colcon.colcon_core.package_discovery:discover_packages(ignore) discover
[0.827s] Level 1:colcon.colcon_core.package_discovery:discover_packages(ignore) using defaults
[0.827s] Level 1:colcon.colcon_core.package_discovery:discover_packages(path) discover
[0.827s] Level 1:colcon.colcon_core.package_discovery:discover_packages(path) using defaults
[0.878s] Level 1:colcon.colcon_core.package_discovery:discover_packages(prefix_path) check parameters
[0.878s] Level 1:colcon.colcon_core.package_discovery:discover_packages(prefix_path) discover
[0.884s] DEBUG:colcon.colcon_installed_package_information.package_discovery:Found 4 installed packages in /home/ubuntu/scootbot/3.0.0/install
[0.888s] DEBUG:colcon.colcon_installed_package_information.package_discovery:Found 281 installed packages in /opt/ros/humble
[0.893s] Level 1:colcon.colcon_core.package_discovery:discover_packages(prefix_path) using defaults
[1.021s] Level 5:colcon.colcon_core.verb:set package 'scootbot' build argument 'cmake_args' from command line to 'None'
[1.021s] Level 5:colcon.colcon_core.verb:set package 'scootbot' build argument 'cmake_target' from command line to 'None'
[1.021s] Level 5:colcon.colcon_core.verb:set package 'scootbot' build argument 'cmake_target_skip_unavailable' from command line to 'False'
[1.021s] Level 5:colcon.colcon_core.verb:set package 'scootbot' build argument 'cmake_clean_cache' from command line to 'False'
[1.021s] Level 5:colcon.colcon_core.verb:set package 'scootbot' build argument 'cmake_clean_first' from command line to 'False'
[1.021s] Level 5:colcon.colcon_core.verb:set package 'scootbot' build argument 'cmake_force_configure' from command line to 'False'
[1.021s] Level 5:colcon.colcon_core.verb:set package 'scootbot' build argument 'ament_cmake_args' from command line to 'None'
[1.022s] Level 5:colcon.colcon_core.verb:set package 'scootbot' build argument 'catkin_cmake_args' from command line to 'None'
[1.022s] Level 5:colcon.colcon_core.verb:set package 'scootbot' build argument 'catkin_skip_building_tests' from command line to 'False'
[1.022s] DEBUG:colcon.colcon_core.verb:Building package 'scootbot' with the following arguments: {'ament_cmake_args': None, 'build_base': '/home/ubuntu/scootbot/3.0.0/build/scootbot', 'catkin_cmake_args': None, 'catkin_skip_building_tests': False, 'cmake_args': None, 'cmake_clean_cache': False, 'cmake_clean_first': False, 'cmake_force_configure': False, 'cmake_target': None, 'cmake_target_skip_unavailable': False, 'install_base': '/home/ubuntu/scootbot/3.0.0/install/scootbot', 'merge_install': False, 'path': '/home/ubuntu/scootbot/3.0.0/src/scootbot', 'symlink_install': False, 'test_result_base': None}
[1.024s] Level 5:colcon.colcon_core.verb:set package 'serial' build argument 'cmake_args' from command line to 'None'
[1.024s] Level 5:colcon.colcon_core.verb:set package 'serial' build argument 'cmake_target' from command line to 'None'
[1.024s] Level 5:colcon.colcon_core.verb:set package 'serial' build argument 'cmake_target_skip_unavailable' from command line to 'False'
[1.024s] Level 5:colcon.colcon_core.verb:set package 'serial' build argument 'cmake_clean_cache' from command line to 'False'
[1.024s] Level 5:colcon.colcon_core.verb:set package 'serial' build argument 'cmake_clean_first' from command line to 'False'
[1.025s] Level 5:colcon.colcon_core.verb:set package 'serial' build argument 'cmake_force_configure' from command line to 'False'
[1.025s] Level 5:colcon.colcon_core.verb:set package 'serial' build argument 'ament_cmake_args' from command line to 'None'
[1.025s] Level 5:colcon.colcon_core.verb:set package 'serial' build argument 'catkin_cmake_args' from command line to 'None'
[1.025s] Level 5:colcon.colcon_core.verb:set package 'serial' build argument 'catkin_skip_building_tests' from command line to 'False'
[1.025s] DEBUG:colcon.colcon_core.verb:Building package 'serial' with the following arguments: {'ament_cmake_args': None, 'build_base': '/home/ubuntu/scootbot/3.0.0/build/serial', 'catkin_cmake_args': None, 'catkin_skip_building_tests': False, 'cmake_args': None, 'cmake_clean_cache': False, 'cmake_clean_first': False, 'cmake_force_configure': False, 'cmake_target': None, 'cmake_target_skip_unavailable': False, 'install_base': '/home/ubuntu/scootbot/3.0.0/install/serial', 'merge_install': False, 'path': '/home/ubuntu/scootbot/3.0.0/src/serial', 'symlink_install': False, 'test_result_base': None}
[1.027s] Level 5:colcon.colcon_core.verb:set package 'twist_mux' build argument 'cmake_args' from command line to 'None'
[1.027s] Level 5:colcon.colcon_core.verb:set package 'twist_mux' build argument 'cmake_target' from command line to 'None'
[1.027s] Level 5:colcon.colcon_core.verb:set package 'twist_mux' build argument 'cmake_target_skip_unavailable' from command line to 'False'
[1.027s] Level 5:colcon.colcon_core.verb:set package 'twist_mux' build argument 'cmake_clean_cache' from command line to 'False'
[1.028s] Level 5:colcon.colcon_core.verb:set package 'twist_mux' build argument 'cmake_clean_first' from command line to 'False'
[1.028s] Level 5:colcon.colcon_core.verb:set package 'twist_mux' build argument 'cmake_force_configure' from command line to 'False'
[1.028s] Level 5:colcon.colcon_core.verb:set package 'twist_mux' build argument 'ament_cmake_args' from command line to 'None'
[1.028s] Level 5:colcon.colcon_core.verb:set package 'twist_mux' build argument 'catkin_cmake_args' from command line to 'None'
[1.028s] Level 5:colcon.colcon_core.verb:set package 'twist_mux' build argument 'catkin_skip_building_tests' from command line to 'False'
[1.028s] DEBUG:colcon.colcon_core.verb:Building package 'twist_mux' with the following arguments: {'ament_cmake_args': None, 'build_base': '/home/ubuntu/scootbot/3.0.0/build/twist_mux', 'catkin_cmake_args': None, 'catkin_skip_building_tests': False, 'cmake_args': None, 'cmake_clean_cache': False, 'cmake_clean_first': False, 'cmake_force_configure': False, 'cmake_target': None, 'cmake_target_skip_unavailable': False, 'install_base': '/home/ubuntu/scootbot/3.0.0/install/twist_mux', 'merge_install': False, 'path': '/home/ubuntu/scootbot/3.0.0/src/twist_mux', 'symlink_install': False, 'test_result_base': None}
[1.030s] Level 5:colcon.colcon_core.verb:set package 'diffdrive_arduino' build argument 'cmake_args' from command line to 'None'
[1.030s] Level 5:colcon.colcon_core.verb:set package 'diffdrive_arduino' build argument 'cmake_target' from command line to 'None'
[1.030s] Level 5:colcon.colcon_core.verb:set package 'diffdrive_arduino' build argument 'cmake_target_skip_unavailable' from command line to 'False'
[1.031s] Level 5:colcon.colcon_core.verb:set package 'diffdrive_arduino' build argument 'cmake_clean_cache' from command line to 'False'
[1.031s] Level 5:colcon.colcon_core.verb:set package 'diffdrive_arduino' build argument 'cmake_clean_first' from command line to 'False'
[1.031s] Level 5:colcon.colcon_core.verb:set package 'diffdrive_arduino' build argument 'cmake_force_configure' from command line to 'False'
[1.031s] Level 5:colcon.colcon_core.verb:set package 'diffdrive_arduino' build argument 'ament_cmake_args' from command line to 'None'
[1.031s] Level 5:colcon.colcon_core.verb:set package 'diffdrive_arduino' build argument 'catkin_cmake_args' from command line to 'None'
[1.031s] Level 5:colcon.colcon_core.verb:set package 'diffdrive_arduino' build argument 'catkin_skip_building_tests' from command line to 'False'
[1.031s] DEBUG:colcon.colcon_core.verb:Building package 'diffdrive_arduino' with the following arguments: {'ament_cmake_args': None, 'build_base': '/home/ubuntu/scootbot/3.0.0/build/diffdrive_arduino', 'catkin_cmake_args': None, 'catkin_skip_building_tests': False, 'cmake_args': None, 'cmake_clean_cache': False, 'cmake_clean_first': False, 'cmake_force_configure': False, 'cmake_target': None, 'cmake_target_skip_unavailable': False, 'install_base': '/home/ubuntu/scootbot/3.0.0/install/diffdrive_arduino', 'merge_install': False, 'path': '/home/ubuntu/scootbot/3.0.0/src/diffdrive_arduino', 'symlink_install': False, 'test_result_base': None}
[1.032s] INFO:colcon.colcon_core.executor:Executing jobs using 'parallel' executor
[1.040s] DEBUG:colcon.colcon_parallel_executor.executor.parallel:run_until_complete
[1.041s] INFO:colcon.colcon_ros.task.ament_cmake.build:Building ROS package in '/home/ubuntu/scootbot/3.0.0/src/serial' with build type 'ament_cmake'
[1.041s] INFO:colcon.colcon_cmake.task.cmake.build:Building CMake package in '/home/ubuntu/scootbot/3.0.0/src/serial'
[1.050s] INFO:colcon.colcon_core.plugin_system:Skipping extension 'colcon_core.shell.bat': Not used on non-Windows systems
[1.051s] INFO:colcon.colcon_core.shell:Skip shell extension 'powershell' for command environment: Not usable outside of PowerShell
[1.051s] DEBUG:colcon.colcon_core.shell:Skip shell extension 'dsv' for command environment
[1.061s] INFO:colcon.colcon_ros.task.ament_cmake.build:Building ROS package in '/home/ubuntu/scootbot/3.0.0/src/scootbot' with build type 'ament_cmake'
[1.062s] INFO:colcon.colcon_cmake.task.cmake.build:Building CMake package in '/home/ubuntu/scootbot/3.0.0/src/scootbot'
[1.066s] INFO:colcon.colcon_core.shell:Skip shell extension 'powershell' for command environment: Not usable outside of PowerShell
[1.066s] DEBUG:colcon.colcon_core.shell:Skip shell extension 'dsv' for command environment
[1.075s] INFO:colcon.colcon_ros.task.ament_cmake.build:Building ROS package in '/home/ubuntu/scootbot/3.0.0/src/twist_mux' with build type 'ament_cmake'
[1.076s] INFO:colcon.colcon_cmake.task.cmake.build:Building CMake package in '/home/ubuntu/scootbot/3.0.0/src/twist_mux'
[1.079s] INFO:colcon.colcon_core.shell:Skip shell extension 'powershell' for command environment: Not usable outside of PowerShell
[1.080s] DEBUG:colcon.colcon_core.shell:Skip shell extension 'dsv' for command environment
[1.102s] DEBUG:colcon.colcon_core.event_handler.log_command:Invoking command in '/home/ubuntu/scootbot/3.0.0/build/serial': CMAKE_PREFIX_PATH=${CMAKE_PREFIX_PATH}:/opt/ros/humble /usr/bin/cmake --build /home/ubuntu/scootbot/3.0.0/build/serial -- -j4 -l4
[1.108s] DEBUG:colcon.colcon_core.event_handler.log_command:Invoking command in '/home/ubuntu/scootbot/3.0.0/build/scootbot': CMAKE_PREFIX_PATH=${CMAKE_PREFIX_PATH}:/opt/ros/humble /usr/bin/cmake --build /home/ubuntu/scootbot/3.0.0/build/scootbot -- -j4 -l4
[1.125s] DEBUG:colcon.colcon_core.event_handler.log_command:Invoking command in '/home/ubuntu/scootbot/3.0.0/build/twist_mux': CMAKE_PREFIX_PATH=${CMAKE_PREFIX_PATH}:/opt/ros/humble /usr/bin/cmake --build /home/ubuntu/scootbot/3.0.0/build/twist_mux -- -j4 -l4
[1.237s] DEBUG:colcon.colcon_core.event_handler.log_command:Invoked command in '/home/ubuntu/scootbot/3.0.0/build/scootbot' returned '0': CMAKE_PREFIX_PATH=${CMAKE_PREFIX_PATH}:/opt/ros/humble /usr/bin/cmake --build /home/ubuntu/scootbot/3.0.0/build/scootbot -- -j4 -l4
[1.373s] DEBUG:colcon.colcon_core.event_handler.log_command:Invoking command in '/home/ubuntu/scootbot/3.0.0/build/scootbot': CMAKE_PREFIX_PATH=${CMAKE_PREFIX_PATH}:/opt/ros/humble /usr/bin/cmake --install /home/ubuntu/scootbot/3.0.0/build/scootbot
[1.394s] DEBUG:colcon.colcon_core.event_handler.log_command:Invoked command in '/home/ubuntu/scootbot/3.0.0/build/twist_mux' returned '0': CMAKE_PREFIX_PATH=${CMAKE_PREFIX_PATH}:/opt/ros/humble /usr/bin/cmake --build /home/ubuntu/scootbot/3.0.0/build/twist_mux -- -j4 -l4
[1.476s] DEBUG:colcon.colcon_core.event_handler.log_command:Invoked command in '/home/ubuntu/scootbot/3.0.0/build/serial' returned '0': CMAKE_PREFIX_PATH=${CMAKE_PREFIX_PATH}:/opt/ros/humble /usr/bin/cmake --build /home/ubuntu/scootbot/3.0.0/build/serial -- -j4 -l4
[1.671s] Level 1:colcon.colcon_core.environment:create_environment_scripts_only(scootbot)
[1.694s] DEBUG:colcon.colcon_core.event_handler.log_command:Invoking command in '/home/ubuntu/scootbot/3.0.0/build/serial': CMAKE_PREFIX_PATH=${CMAKE_PREFIX_PATH}:/opt/ros/humble /usr/bin/cmake --install /home/ubuntu/scootbot/3.0.0/build/serial
[1.698s] Level 1:colcon.colcon_core.environment:checking '/home/ubuntu/scootbot/3.0.0/install/scootbot' for CMake module files
[1.703s] Level 1:colcon.colcon_core.environment:checking '/home/ubuntu/scootbot/3.0.0/install/scootbot' for CMake config files
[1.709s] Level 1:colcon.colcon_core.shell:create_environment_hook('scootbot', 'cmake_prefix_path')
[1.714s] INFO:colcon.colcon_core.shell:Creating environment hook '/home/ubuntu/scootbot/3.0.0/install/scootbot/share/scootbot/hook/cmake_prefix_path.ps1'
[1.717s] INFO:colcon.colcon_core.shell:Creating environment descriptor '/home/ubuntu/scootbot/3.0.0/install/scootbot/share/scootbot/hook/cmake_prefix_path.dsv'
[1.721s] INFO:colcon.colcon_core.shell:Creating environment hook '/home/ubuntu/scootbot/3.0.0/install/scootbot/share/scootbot/hook/cmake_prefix_path.sh'
[1.725s] Level 1:colcon.colcon_core.environment:checking '/home/ubuntu/scootbot/3.0.0/install/scootbot/bin'
[1.725s] Level 1:colcon.colcon_core.environment:checking '/home/ubuntu/scootbot/3.0.0/install/scootbot/lib/pkgconfig/scootbot.pc'
[1.726s] Level 1:colcon.colcon_core.environment:checking '/home/ubuntu/scootbot/3.0.0/install/scootbot/lib/python3.10/site-packages'
[1.727s] Level 1:colcon.colcon_core.environment:checking '/home/ubuntu/scootbot/3.0.0/install/scootbot/bin'
[1.733s] INFO:colcon.colcon_core.shell:Creating package script '/home/ubuntu/scootbot/3.0.0/install/scootbot/share/scootbot/package.ps1'
[1.737s] INFO:colcon.colcon_core.shell:Creating package descriptor '/home/ubuntu/scootbot/3.0.0/install/scootbot/share/scootbot/package.dsv'
[1.738s] DEBUG:colcon.colcon_core.event_handler.log_command:Invoking command in '/home/ubuntu/scootbot/3.0.0/build/twist_mux': CMAKE_PREFIX_PATH=${CMAKE_PREFIX_PATH}:/opt/ros/humble /usr/bin/cmake --install /home/ubuntu/scootbot/3.0.0/build/twist_mux
[1.740s] INFO:colcon.colcon_core.shell:Creating package script '/home/ubuntu/scootbot/3.0.0/install/scootbot/share/scootbot/package.sh'
[1.744s] INFO:colcon.colcon_core.shell:Creating package script '/home/ubuntu/scootbot/3.0.0/install/scootbot/share/scootbot/package.bash'
[1.747s] INFO:colcon.colcon_core.shell:Creating package script '/home/ubuntu/scootbot/3.0.0/install/scootbot/share/scootbot/package.zsh'
[1.751s] Level 1:colcon.colcon_core.environment:create_file_with_runtime_dependencies(/home/ubuntu/scootbot/3.0.0/install/scootbot/share/colcon-core/packages/scootbot)
[1.764s] Level 1:colcon.colcon_core.environment:create_environment_scripts_only(serial)
[1.772s] Level 1:colcon.colcon_core.environment:checking '/home/ubuntu/scootbot/3.0.0/install/serial' for CMake module files
[1.774s] Level 1:colcon.colcon_core.environment:checking '/home/ubuntu/scootbot/3.0.0/install/serial' for CMake config files
[1.775s] Level 1:colcon.colcon_core.shell:create_environment_hook('serial', 'cmake_prefix_path')
[1.781s] INFO:colcon.colcon_core.shell:Creating environment hook '/home/ubuntu/scootbot/3.0.0/install/serial/share/serial/hook/cmake_prefix_path.ps1'
[1.782s] INFO:colcon.colcon_core.shell:Creating environment descriptor '/home/ubuntu/scootbot/3.0.0/install/serial/share/serial/hook/cmake_prefix_path.dsv'
[1.783s] INFO:colcon.colcon_core.shell:Creating environment hook '/home/ubuntu/scootbot/3.0.0/install/serial/share/serial/hook/cmake_prefix_path.sh'
[1.800s] Level 1:colcon.colcon_core.environment:checking '/home/ubuntu/scootbot/3.0.0/install/serial/lib'
[1.801s] Level 1:colcon.colcon_core.environment:checking '/home/ubuntu/scootbot/3.0.0/install/serial/bin'
[1.802s] Level 1:colcon.colcon_core.environment:checking '/home/ubuntu/scootbot/3.0.0/install/serial/lib/pkgconfig/serial.pc'
[1.802s] Level 1:colcon.colcon_core.environment:checking '/home/ubuntu/scootbot/3.0.0/install/serial/lib/python3.10/site-packages'
[1.803s] Level 1:colcon.colcon_core.environment:checking '/home/ubuntu/scootbot/3.0.0/install/serial/bin'
[1.809s] INFO:colcon.colcon_core.shell:Creating package script '/home/ubuntu/scootbot/3.0.0/install/serial/share/serial/package.ps1'
[1.811s] INFO:colcon.colcon_core.shell:Creating package descriptor '/home/ubuntu/scootbot/3.0.0/install/serial/share/serial/package.dsv'
[1.813s] INFO:colcon.colcon_core.shell:Creating package script '/home/ubuntu/scootbot/3.0.0/install/serial/share/serial/package.sh'
[1.815s] INFO:colcon.colcon_core.shell:Creating package script '/home/ubuntu/scootbot/3.0.0/install/serial/share/serial/package.bash'
[1.818s] INFO:colcon.colcon_core.shell:Creating package script '/home/ubuntu/scootbot/3.0.0/install/serial/share/serial/package.zsh'
[1.820s] Level 1:colcon.colcon_core.environment:create_file_with_runtime_dependencies(/home/ubuntu/scootbot/3.0.0/install/serial/share/colcon-core/packages/serial)
[1.833s] Level 1:colcon.colcon_core.environment:create_environment_scripts_only(twist_mux)
[1.841s] Level 1:colcon.colcon_core.environment:checking '/home/ubuntu/scootbot/3.0.0/install/twist_mux' for CMake module files
[1.843s] Level 1:colcon.colcon_core.environment:checking '/home/ubuntu/scootbot/3.0.0/install/twist_mux' for CMake config files
[1.848s] DEBUG:colcon.colcon_core.event_handler.log_command:Invoked command in '/home/ubuntu/scootbot/3.0.0/build/scootbot' returned '0': CMAKE_PREFIX_PATH=${CMAKE_PREFIX_PATH}:/opt/ros/humble /usr/bin/cmake --install /home/ubuntu/scootbot/3.0.0/build/scootbot
[1.849s] DEBUG:colcon.colcon_core.event_handler.log_command:Invoked command in '/home/ubuntu/scootbot/3.0.0/build/serial' returned '0': CMAKE_PREFIX_PATH=${CMAKE_PREFIX_PATH}:/opt/ros/humble /usr/bin/cmake --install /home/ubuntu/scootbot/3.0.0/build/serial
[1.850s] DEBUG:colcon.colcon_core.event_handler.log_command:Invoked command in '/home/ubuntu/scootbot/3.0.0/build/twist_mux' returned '0': CMAKE_PREFIX_PATH=${CMAKE_PREFIX_PATH}:/opt/ros/humble /usr/bin/cmake --install /home/ubuntu/scootbot/3.0.0/build/twist_mux
[1.850s] Level 1:colcon.colcon_core.shell:create_environment_hook('twist_mux', 'cmake_prefix_path')
[1.855s] INFO:colcon.colcon_core.shell:Creating environment hook '/home/ubuntu/scootbot/3.0.0/install/twist_mux/share/twist_mux/hook/cmake_prefix_path.ps1'
[1.856s] INFO:colcon.colcon_core.shell:Creating environment descriptor '/home/ubuntu/scootbot/3.0.0/install/twist_mux/share/twist_mux/hook/cmake_prefix_path.dsv'
[1.857s] INFO:colcon.colcon_core.shell:Creating environment hook '/home/ubuntu/scootbot/3.0.0/install/twist_mux/share/twist_mux/hook/cmake_prefix_path.sh'
[1.859s] Level 1:colcon.colcon_core.environment:checking '/home/ubuntu/scootbot/3.0.0/install/twist_mux/lib'
[1.859s] Level 1:colcon.colcon_core.environment:checking '/home/ubuntu/scootbot/3.0.0/install/twist_mux/bin'
[1.859s] Level 1:colcon.colcon_core.environment:checking '/home/ubuntu/scootbot/3.0.0/install/twist_mux/lib/pkgconfig/twist_mux.pc'
[1.860s] Level 1:colcon.colcon_core.environment:checking '/home/ubuntu/scootbot/3.0.0/install/twist_mux/lib/python3.10/site-packages'
[1.861s] Level 1:colcon.colcon_core.environment:checking '/home/ubuntu/scootbot/3.0.0/install/twist_mux/bin'
[1.866s] INFO:colcon.colcon_core.shell:Creating package script '/home/ubuntu/scootbot/3.0.0/install/twist_mux/share/twist_mux/package.ps1'
[1.867s] INFO:colcon.colcon_core.shell:Creating package descriptor '/home/ubuntu/scootbot/3.0.0/install/twist_mux/share/twist_mux/package.dsv'
[1.869s] INFO:colcon.colcon_core.shell:Creating package script '/home/ubuntu/scootbot/3.0.0/install/twist_mux/share/twist_mux/package.sh'
[1.870s] INFO:colcon.colcon_core.shell:Creating package script '/home/ubuntu/scootbot/3.0.0/install/twist_mux/share/twist_mux/package.bash'
[1.871s] INFO:colcon.colcon_core.shell:Creating package script '/home/ubuntu/scootbot/3.0.0/install/twist_mux/share/twist_mux/package.zsh'
[1.872s] Level 1:colcon.colcon_core.environment:create_file_with_runtime_dependencies(/home/ubuntu/scootbot/3.0.0/install/twist_mux/share/colcon-core/packages/twist_mux)
[1.889s] Level 1:colcon.colcon_core.environment:create_environment_scripts_only(scootbot)
[1.899s] Level 1:colcon.colcon_core.environment:checking '/home/ubuntu/scootbot/3.0.0/install/scootbot' for CMake module files
[1.901s] Level 1:colcon.colcon_core.environment:checking '/home/ubuntu/scootbot/3.0.0/install/scootbot' for CMake config files
[1.904s] Level 1:colcon.colcon_core.shell:create_environment_hook('scootbot', 'cmake_prefix_path')
[1.910s] INFO:colcon.colcon_core.shell:Creating environment hook '/home/ubuntu/scootbot/3.0.0/install/scootbot/share/scootbot/hook/cmake_prefix_path.ps1'
[1.911s] INFO:colcon.colcon_core.shell:Creating environment descriptor '/home/ubuntu/scootbot/3.0.0/install/scootbot/share/scootbot/hook/cmake_prefix_path.dsv'
[1.914s] INFO:colcon.colcon_core.shell:Creating environment hook '/home/ubuntu/scootbot/3.0.0/install/scootbot/share/scootbot/hook/cmake_prefix_path.sh'
[1.916s] Level 1:colcon.colcon_core.environment:checking '/home/ubuntu/scootbot/3.0.0/install/scootbot/bin'
[1.916s] Level 1:colcon.colcon_core.environment:checking '/home/ubuntu/scootbot/3.0.0/install/scootbot/lib/pkgconfig/scootbot.pc'
[1.917s] Level 1:colcon.colcon_core.environment:checking '/home/ubuntu/scootbot/3.0.0/install/scootbot/lib/python3.10/site-packages'
[1.918s] Level 1:colcon.colcon_core.environment:checking '/home/ubuntu/scootbot/3.0.0/install/scootbot/bin'
[1.925s] INFO:colcon.colcon_core.shell:Creating package script '/home/ubuntu/scootbot/3.0.0/install/scootbot/share/scootbot/package.ps1'
[1.926s] INFO:colcon.colcon_core.shell:Creating package descriptor '/home/ubuntu/scootbot/3.0.0/install/scootbot/share/scootbot/package.dsv'
[1.929s] INFO:colcon.colcon_core.shell:Creating package script '/home/ubuntu/scootbot/3.0.0/install/scootbot/share/scootbot/package.sh'
[1.931s] INFO:colcon.colcon_core.shell:Creating package script '/home/ubuntu/scootbot/3.0.0/install/scootbot/share/scootbot/package.bash'
[1.933s] INFO:colcon.colcon_core.shell:Creating package script '/home/ubuntu/scootbot/3.0.0/install/scootbot/share/scootbot/package.zsh'
[1.935s] Level 1:colcon.colcon_core.environment:create_file_with_runtime_dependencies(/home/ubuntu/scootbot/3.0.0/install/scootbot/share/colcon-core/packages/scootbot)
[1.945s] Level 1:colcon.colcon_core.environment:create_environment_scripts_only(serial)
[1.951s] Level 1:colcon.colcon_core.environment:checking '/home/ubuntu/scootbot/3.0.0/install/serial' for CMake module files
[1.952s] Level 1:colcon.colcon_core.environment:checking '/home/ubuntu/scootbot/3.0.0/install/serial' for CMake config files
[1.953s] Level 1:colcon.colcon_core.shell:create_environment_hook('serial', 'cmake_prefix_path')
[1.956s] INFO:colcon.colcon_core.shell:Creating environment hook '/home/ubuntu/scootbot/3.0.0/install/serial/share/serial/hook/cmake_prefix_path.ps1'
[1.957s] INFO:colcon.colcon_core.shell:Creating environment descriptor '/home/ubuntu/scootbot/3.0.0/install/serial/share/serial/hook/cmake_prefix_path.dsv'
[1.958s] INFO:colcon.colcon_core.shell:Creating environment hook '/home/ubuntu/scootbot/3.0.0/install/serial/share/serial/hook/cmake_prefix_path.sh'
[1.959s] Level 1:colcon.colcon_core.environment:checking '/home/ubuntu/scootbot/3.0.0/install/serial/lib'
[1.960s] Level 1:colcon.colcon_core.environment:checking '/home/ubuntu/scootbot/3.0.0/install/serial/bin'
[1.960s] Level 1:colcon.colcon_core.environment:checking '/home/ubuntu/scootbot/3.0.0/install/serial/lib/pkgconfig/serial.pc'
[1.961s] Level 1:colcon.colcon_core.environment:checking '/home/ubuntu/scootbot/3.0.0/install/serial/lib/python3.10/site-packages'
[1.961s] Level 1:colcon.colcon_core.environment:checking '/home/ubuntu/scootbot/3.0.0/install/serial/bin'
[1.964s] INFO:colcon.colcon_core.shell:Creating package script '/home/ubuntu/scootbot/3.0.0/install/serial/share/serial/package.ps1'
[1.966s] INFO:colcon.colcon_core.shell:Creating package descriptor '/home/ubuntu/scootbot/3.0.0/install/serial/share/serial/package.dsv'
[1.967s] INFO:colcon.colcon_core.shell:Creating package script '/home/ubuntu/scootbot/3.0.0/install/serial/share/serial/package.sh'
[1.968s] INFO:colcon.colcon_core.shell:Creating package script '/home/ubuntu/scootbot/3.0.0/install/serial/share/serial/package.bash'
[1.969s] INFO:colcon.colcon_core.shell:Creating package script '/home/ubuntu/scootbot/3.0.0/install/serial/share/serial/package.zsh'
[1.970s] Level 1:colcon.colcon_core.environment:create_file_with_runtime_dependencies(/home/ubuntu/scootbot/3.0.0/install/serial/share/colcon-core/packages/serial)
[1.971s] INFO:colcon.colcon_ros.task.ament_cmake.build:Building ROS package in '/home/ubuntu/scootbot/3.0.0/src/diffdrive_arduino' with build type 'ament_cmake'
[1.972s] INFO:colcon.colcon_cmake.task.cmake.build:Building CMake package in '/home/ubuntu/scootbot/3.0.0/src/diffdrive_arduino'
[1.975s] INFO:colcon.colcon_core.shell:Skip shell extension 'powershell' for command environment: Not usable outside of PowerShell
[1.975s] DEBUG:colcon.colcon_core.shell:Skip shell extension 'dsv' for command environment
[1.992s] Level 1:colcon.colcon_core.environment:create_environment_scripts_only(twist_mux)
[2.000s] Level 1:colcon.colcon_core.environment:checking '/home/ubuntu/scootbot/3.0.0/install/twist_mux' for CMake module files
[2.003s] Level 1:colcon.colcon_core.environment:checking '/home/ubuntu/scootbot/3.0.0/install/twist_mux' for CMake config files
[2.004s] Level 1:colcon.colcon_core.shell:create_environment_hook('twist_mux', 'cmake_prefix_path')
[2.009s] INFO:colcon.colcon_core.shell:Creating environment hook '/home/ubuntu/scootbot/3.0.0/install/twist_mux/share/twist_mux/hook/cmake_prefix_path.ps1'
[2.011s] INFO:colcon.colcon_core.shell:Creating environment descriptor '/home/ubuntu/scootbot/3.0.0/install/twist_mux/share/twist_mux/hook/cmake_prefix_path.dsv'
[2.012s] INFO:colcon.colcon_core.shell:Creating environment hook '/home/ubuntu/scootbot/3.0.0/install/twist_mux/share/twist_mux/hook/cmake_prefix_path.sh'
[2.013s] Level 1:colcon.colcon_core.environment:checking '/home/ubuntu/scootbot/3.0.0/install/twist_mux/lib'
[2.013s] Level 1:colcon.colcon_core.environment:checking '/home/ubuntu/scootbot/3.0.0/install/twist_mux/bin'
[2.014s] Level 1:colcon.colcon_core.environment:checking '/home/ubuntu/scootbot/3.0.0/install/twist_mux/lib/pkgconfig/twist_mux.pc'
[2.014s] Level 1:colcon.colcon_core.environment:checking '/home/ubuntu/scootbot/3.0.0/install/twist_mux/lib/python3.10/site-packages'
[2.015s] Level 1:colcon.colcon_core.environment:checking '/home/ubuntu/scootbot/3.0.0/install/twist_mux/bin'
[2.021s] INFO:colcon.colcon_core.shell:Creating package script '/home/ubuntu/scootbot/3.0.0/install/twist_mux/share/twist_mux/package.ps1'
[2.022s] INFO:colcon.colcon_core.shell:Creating package descriptor '/home/ubuntu/scootbot/3.0.0/install/twist_mux/share/twist_mux/package.dsv'
[2.024s] INFO:colcon.colcon_core.shell:Creating package script '/home/ubuntu/scootbot/3.0.0/install/twist_mux/share/twist_mux/package.sh'
[2.025s] INFO:colcon.colcon_core.shell:Creating package script '/home/ubuntu/scootbot/3.0.0/install/twist_mux/share/twist_mux/package.bash'
[2.027s] INFO:colcon.colcon_core.shell:Creating package script '/home/ubuntu/scootbot/3.0.0/install/twist_mux/share/twist_mux/package.zsh'
[2.028s] Level 1:colcon.colcon_core.environment:create_file_with_runtime_dependencies(/home/ubuntu/scootbot/3.0.0/install/twist_mux/share/colcon-core/packages/twist_mux)
[2.039s] DEBUG:colcon.colcon_core.event_handler.log_command:Invoking command in '/home/ubuntu/scootbot/3.0.0/build/diffdrive_arduino': CMAKE_PREFIX_PATH=/home/ubuntu/scootbot/3.0.0/install/serial:/home/ubuntu/scootbot/3.0.0/install/twist_mux:/home/ubuntu/scootbot/3.0.0/install/diffdrive_arduino:/home/ubuntu/scootbot/3.0.0/install/scootbot:/opt/ros/humble /usr/bin/cmake --build /home/ubuntu/scootbot/3.0.0/build/diffdrive_arduino -- -j4 -l4
[10.586s] DEBUG:colcon.colcon_core.event_handler.log_command:Invoked command in '/home/ubuntu/scootbot/3.0.0/build/diffdrive_arduino' returned '0': CMAKE_PREFIX_PATH=/home/ubuntu/scootbot/3.0.0/install/serial:/home/ubuntu/scootbot/3.0.0/install/twist_mux:/home/ubuntu/scootbot/3.0.0/install/diffdrive_arduino:/home/ubuntu/scootbot/3.0.0/install/scootbot:/opt/ros/humble /usr/bin/cmake --build /home/ubuntu/scootbot/3.0.0/build/diffdrive_arduino -- -j4 -l4
[10.640s] DEBUG:colcon.colcon_core.event_handler.log_command:Invoking command in '/home/ubuntu/scootbot/3.0.0/build/diffdrive_arduino': CMAKE_PREFIX_PATH=/home/ubuntu/scootbot/3.0.0/install/serial:/home/ubuntu/scootbot/3.0.0/install/twist_mux:/home/ubuntu/scootbot/3.0.0/install/diffdrive_arduino:/home/ubuntu/scootbot/3.0.0/install/scootbot:/opt/ros/humble /usr/bin/cmake --install /home/ubuntu/scootbot/3.0.0/build/diffdrive_arduino
[10.694s] Level 1:colcon.colcon_core.environment:create_environment_scripts_only(diffdrive_arduino)
[10.702s] Level 1:colcon.colcon_core.environment:checking '/home/ubuntu/scootbot/3.0.0/install/diffdrive_arduino' for CMake module files
[10.704s] DEBUG:colcon.colcon_core.event_handler.log_command:Invoked command in '/home/ubuntu/scootbot/3.0.0/build/diffdrive_arduino' returned '0': CMAKE_PREFIX_PATH=/home/ubuntu/scootbot/3.0.0/install/serial:/home/ubuntu/scootbot/3.0.0/install/twist_mux:/home/ubuntu/scootbot/3.0.0/install/diffdrive_arduino:/home/ubuntu/scootbot/3.0.0/install/scootbot:/opt/ros/humble /usr/bin/cmake --install /home/ubuntu/scootbot/3.0.0/build/diffdrive_arduino
[10.705s] Level 1:colcon.colcon_core.environment:checking '/home/ubuntu/scootbot/3.0.0/install/diffdrive_arduino' for CMake config files
[10.707s] Level 1:colcon.colcon_core.shell:create_environment_hook('diffdrive_arduino', 'cmake_prefix_path')
[10.712s] INFO:colcon.colcon_core.shell:Creating environment hook '/home/ubuntu/scootbot/3.0.0/install/diffdrive_arduino/share/diffdrive_arduino/hook/cmake_prefix_path.ps1'
[10.713s] INFO:colcon.colcon_core.shell:Creating environment descriptor '/home/ubuntu/scootbot/3.0.0/install/diffdrive_arduino/share/diffdrive_arduino/hook/cmake_prefix_path.dsv'
[10.714s] INFO:colcon.colcon_core.shell:Creating environment hook '/home/ubuntu/scootbot/3.0.0/install/diffdrive_arduino/share/diffdrive_arduino/hook/cmake_prefix_path.sh'
[10.716s] Level 1:colcon.colcon_core.environment:checking '/home/ubuntu/scootbot/3.0.0/install/diffdrive_arduino/lib'
[10.716s] Level 1:colcon.colcon_core.shell:create_environment_hook('diffdrive_arduino', 'ld_library_path_lib')
[10.721s] INFO:colcon.colcon_core.shell:Creating environment hook '/home/ubuntu/scootbot/3.0.0/install/diffdrive_arduino/share/diffdrive_arduino/hook/ld_library_path_lib.ps1'
[10.722s] INFO:colcon.colcon_core.shell:Creating environment descriptor '/home/ubuntu/scootbot/3.0.0/install/diffdrive_arduino/share/diffdrive_arduino/hook/ld_library_path_lib.dsv'
[10.723s] INFO:colcon.colcon_core.shell:Creating environment hook '/home/ubuntu/scootbot/3.0.0/install/diffdrive_arduino/share/diffdrive_arduino/hook/ld_library_path_lib.sh'
[10.724s] Level 1:colcon.colcon_core.environment:checking '/home/ubuntu/scootbot/3.0.0/install/diffdrive_arduino/bin'
[10.725s] Level 1:colcon.colcon_core.environment:checking '/home/ubuntu/scootbot/3.0.0/install/diffdrive_arduino/lib/pkgconfig/diffdrive_arduino.pc'
[10.726s] Level 1:colcon.colcon_core.environment:checking '/home/ubuntu/scootbot/3.0.0/install/diffdrive_arduino/lib/python3.10/site-packages'
[10.726s] Level 1:colcon.colcon_core.environment:checking '/home/ubuntu/scootbot/3.0.0/install/diffdrive_arduino/bin'
[10.732s] INFO:colcon.colcon_core.shell:Creating package script '/home/ubuntu/scootbot/3.0.0/install/diffdrive_arduino/share/diffdrive_arduino/package.ps1'
[10.734s] INFO:colcon.colcon_core.shell:Creating package descriptor '/home/ubuntu/scootbot/3.0.0/install/diffdrive_arduino/share/diffdrive_arduino/package.dsv'
[10.735s] INFO:colcon.colcon_core.shell:Creating package script '/home/ubuntu/scootbot/3.0.0/install/diffdrive_arduino/share/diffdrive_arduino/package.sh'
[10.736s] INFO:colcon.colcon_core.shell:Creating package script '/home/ubuntu/scootbot/3.0.0/install/diffdrive_arduino/share/diffdrive_arduino/package.bash'
[10.737s] INFO:colcon.colcon_core.shell:Creating package script '/home/ubuntu/scootbot/3.0.0/install/diffdrive_arduino/share/diffdrive_arduino/package.zsh'
[10.738s] Level 1:colcon.colcon_core.environment:create_file_with_runtime_dependencies(/home/ubuntu/scootbot/3.0.0/install/diffdrive_arduino/share/colcon-core/packages/diffdrive_arduino)
[10.792s] Level 1:colcon.colcon_core.environment:create_environment_scripts_only(diffdrive_arduino)
[10.797s] Level 1:colcon.colcon_core.environment:checking '/home/ubuntu/scootbot/3.0.0/install/diffdrive_arduino' for CMake module files
[10.798s] Level 1:colcon.colcon_core.environment:checking '/home/ubuntu/scootbot/3.0.0/install/diffdrive_arduino' for CMake config files
[10.799s] Level 1:colcon.colcon_core.shell:create_environment_hook('diffdrive_arduino', 'cmake_prefix_path')
[10.802s] INFO:colcon.colcon_core.shell:Creating environment hook '/home/ubuntu/scootbot/3.0.0/install/diffdrive_arduino/share/diffdrive_arduino/hook/cmake_prefix_path.ps1'
[10.803s] INFO:colcon.colcon_core.shell:Creating environment descriptor '/home/ubuntu/scootbot/3.0.0/install/diffdrive_arduino/share/diffdrive_arduino/hook/cmake_prefix_path.dsv'
[10.804s] INFO:colcon.colcon_core.shell:Creating environment hook '/home/ubuntu/scootbot/3.0.0/install/diffdrive_arduino/share/diffdrive_arduino/hook/cmake_prefix_path.sh'
[10.806s] Level 1:colcon.colcon_core.environment:checking '/home/ubuntu/scootbot/3.0.0/install/diffdrive_arduino/lib'
[10.806s] Level 1:colcon.colcon_core.shell:create_environment_hook('diffdrive_arduino', 'ld_library_path_lib')
[10.809s] INFO:colcon.colcon_core.shell:Creating environment hook '/home/ubuntu/scootbot/3.0.0/install/diffdrive_arduino/share/diffdrive_arduino/hook/ld_library_path_lib.ps1'
[10.810s] INFO:colcon.colcon_core.shell:Creating environment descriptor '/home/ubuntu/scootbot/3.0.0/install/diffdrive_arduino/share/diffdrive_arduino/hook/ld_library_path_lib.dsv'
[10.811s] INFO:colcon.colcon_core.shell:Creating environment hook '/home/ubuntu/scootbot/3.0.0/install/diffdrive_arduino/share/diffdrive_arduino/hook/ld_library_path_lib.sh'
[10.812s] Level 1:colcon.colcon_core.environment:checking '/home/ubuntu/scootbot/3.0.0/install/diffdrive_arduino/bin'
[10.812s] Level 1:colcon.colcon_core.environment:checking '/home/ubuntu/scootbot/3.0.0/install/diffdrive_arduino/lib/pkgconfig/diffdrive_arduino.pc'
[10.813s] Level 1:colcon.colcon_core.environment:checking '/home/ubuntu/scootbot/3.0.0/install/diffdrive_arduino/lib/python3.10/site-packages'
[10.814s] Level 1:colcon.colcon_core.environment:checking '/home/ubuntu/scootbot/3.0.0/install/diffdrive_arduino/bin'
[10.817s] INFO:colcon.colcon_core.shell:Creating package script '/home/ubuntu/scootbot/3.0.0/install/diffdrive_arduino/share/diffdrive_arduino/package.ps1'
[10.818s] INFO:colcon.colcon_core.shell:Creating package descriptor '/home/ubuntu/scootbot/3.0.0/install/diffdrive_arduino/share/diffdrive_arduino/package.dsv'
[10.820s] INFO:colcon.colcon_core.shell:Creating package script '/home/ubuntu/scootbot/3.0.0/install/diffdrive_arduino/share/diffdrive_arduino/package.sh'
[10.821s] INFO:colcon.colcon_core.shell:Creating package script '/home/ubuntu/scootbot/3.0.0/install/diffdrive_arduino/share/diffdrive_arduino/package.bash'
[10.822s] INFO:colcon.colcon_core.shell:Creating package script '/home/ubuntu/scootbot/3.0.0/install/diffdrive_arduino/share/diffdrive_arduino/package.zsh'
[10.823s] Level 1:colcon.colcon_core.environment:create_file_with_runtime_dependencies(/home/ubuntu/scootbot/3.0.0/install/diffdrive_arduino/share/colcon-core/packages/diffdrive_arduino)
[10.824s] DEBUG:colcon.colcon_parallel_executor.executor.parallel:closing loop
[10.824s] DEBUG:colcon.colcon_parallel_executor.executor.parallel:loop closed
[10.825s] DEBUG:colcon.colcon_parallel_executor.executor.parallel:run_until_complete finished with '0'
[10.825s] DEBUG:colcon.colcon_core.event_reactor:joining thread
[10.840s] INFO:colcon.colcon_core.plugin_system:Skipping extension 'colcon_notification.desktop_notification.notify_send': Could not find 'notify-send'
[10.841s] INFO:colcon.colcon_core.plugin_system:Skipping extension 'colcon_notification.desktop_notification.terminal_notifier': Not used on non-Darwin systems
[10.841s] INFO:colcon.colcon_core.plugin_system:Skipping extension 'colcon_notification.desktop_notification.win32': Not used on non-Windows systems
[10.841s] INFO:colcon.colcon_notification.desktop_notification:Sending desktop notification using 'notify2'
[10.843s] DEBUG:colcon.colcon_notification.desktop_notification.notify2:Failed to initialize notify2: org.freedesktop.DBus.Error.ServiceUnknown: The name org.freedesktop.Notifications was not provided by any .service files
[10.843s] DEBUG:colcon.colcon_core.event_reactor:joined thread
[10.846s] INFO:colcon.colcon_core.shell:Creating prefix script '/home/ubuntu/scootbot/3.0.0/install/local_setup.ps1'
[10.848s] INFO:colcon.colcon_core.shell:Creating prefix util module '/home/ubuntu/scootbot/3.0.0/install/_local_setup_util_ps1.py'
[10.851s] INFO:colcon.colcon_core.shell:Creating prefix chain script '/home/ubuntu/scootbot/3.0.0/install/setup.ps1'
[10.855s] INFO:colcon.colcon_core.shell:Creating prefix script '/home/ubuntu/scootbot/3.0.0/install/local_setup.sh'
[10.856s] INFO:colcon.colcon_core.shell:Creating prefix util module '/home/ubuntu/scootbot/3.0.0/install/_local_setup_util_sh.py'
[10.857s] INFO:colcon.colcon_core.shell:Creating prefix chain script '/home/ubuntu/scootbot/3.0.0/install/setup.sh'
[10.860s] INFO:colcon.colcon_core.shell:Creating prefix script '/home/ubuntu/scootbot/3.0.0/install/local_setup.bash'
[10.861s] INFO:colcon.colcon_core.shell:Creating prefix chain script '/home/ubuntu/scootbot/3.0.0/install/setup.bash'
[10.865s] INFO:colcon.colcon_core.shell:Creating prefix script '/home/ubuntu/scootbot/3.0.0/install/local_setup.zsh'
[10.866s] INFO:colcon.colcon_core.shell:Creating prefix chain script '/home/ubuntu/scootbot/3.0.0/install/setup.zsh'
