[1.226s] DEBUG:colcon:Command line arguments: ['/usr/bin/colcon', 'build', '--symlink-install']
[1.227s] DEBUG:colcon:Parsed command line arguments: Namespace(allow_overriding=[], ament_cmake_args=None, base_paths=['.'], build_base='build', catkin_cmake_args=None, catkin_skip_building_tests=False, cmake_args=None, cmake_clean_cache=False, cmake_clean_first=False, cmake_force_configure=False, cmake_target=None, cmake_target_skip_unavailable=False, continue_on_error=False, event_handlers=None, executor='parallel', ignore_user_meta=False, install_base='install', log_base=None, log_level=None, main=<bound method BuildVerb.main of <colcon_core.verb.build.BuildVerb object at 0xffffb24f3160>>, merge_install=False, metas=['./colcon.meta'], packages_above=None, packages_above_and_dependencies=None, packages_above_depth=None, packages_end=None, packages_ignore=None, packages_ignore_regex=None, packages_select=None, packages_select_build_failed=False, packages_select_by_dep=None, packages_select_regex=None, packages_select_test_failures=False, packages_skip=None, packages_skip_build_finished=False, packages_skip_by_dep=None, packages_skip_regex=None, packages_skip_test_passed=False, packages_skip_up_to=None, packages_start=None, packages_up_to=None, packages_up_to_regex=None, parallel_workers=4, paths=None, symlink_install=True, test_result_base=None, verb_extension=<colcon_core.verb.build.BuildVerb object at 0xffffb24f3160>, verb_name='build', verb_parser=<colcon_defaults.argument_parser.defaults.DefaultArgumentsDecorator object at 0xffffb24f36a0>)
[1.438s] Level 1:colcon.colcon_core.package_discovery:discover_packages(colcon_meta) check parameters
[1.439s] Level 1:colcon.colcon_core.package_discovery:discover_packages(recursive) check parameters
[1.439s] Level 1:colcon.colcon_core.package_discovery:discover_packages(ignore) check parameters
[1.439s] Level 1:colcon.colcon_core.package_discovery:discover_packages(path) check parameters
[1.440s] Level 1:colcon.colcon_core.package_discovery:discover_packages(colcon_meta) discover
[1.440s] Level 1:colcon.colcon_core.package_discovery:discover_packages(recursive) discover
[1.441s] INFO:colcon.colcon_core.package_discovery:Crawling recursively for packages in '/home/ubuntu/scootbot'
[1.442s] Level 1:colcon.colcon_core.package_identification:_identify(.) by extensions ['ignore', 'ignore_ament_install']
[1.443s] Level 1:colcon.colcon_core.package_identification:_identify(.) by extension 'ignore'
[1.444s] Level 1:colcon.colcon_core.package_identification:_identify(.) by extension 'ignore_ament_install'
[1.444s] Level 1:colcon.colcon_core.package_identification:_identify(.) by extensions ['colcon_pkg']
[1.445s] Level 1:colcon.colcon_core.package_identification:_identify(.) by extension 'colcon_pkg'
[1.445s] Level 1:colcon.colcon_core.package_identification:_identify(.) by extensions ['colcon_meta']
[1.446s] Level 1:colcon.colcon_core.package_identification:_identify(.) by extension 'colcon_meta'
[1.446s] Level 1:colcon.colcon_core.package_identification:_identify(.) by extensions ['ros']
[1.446s] Level 1:colcon.colcon_core.package_identification:_identify(.) by extension 'ros'
[1.543s] Level 1:colcon.colcon_core.package_identification:_identify(.) by extensions ['cmake', 'python']
[1.544s] Level 1:colcon.colcon_core.package_identification:_identify(.) by extension 'cmake'
[1.544s] Level 1:colcon.colcon_core.package_identification:_identify(.) by extension 'python'
[1.545s] Level 1:colcon.colcon_core.package_identification:_identify(.) by extensions ['python_setup_py']
[1.546s] Level 1:colcon.colcon_core.package_identification:_identify(.) by extension 'python_setup_py'
[1.547s] Level 1:colcon.colcon_core.package_identification:_identify(api) by extensions ['ignore', 'ignore_ament_install']
[1.548s] Level 1:colcon.colcon_core.package_identification:_identify(api) by extension 'ignore'
[1.548s] Level 1:colcon.colcon_core.package_identification:_identify(api) by extension 'ignore_ament_install'
[1.549s] Level 1:colcon.colcon_core.package_identification:_identify(api) by extensions ['colcon_pkg']
[1.550s] Level 1:colcon.colcon_core.package_identification:_identify(api) by extension 'colcon_pkg'
[1.550s] Level 1:colcon.colcon_core.package_identification:_identify(api) by extensions ['colcon_meta']
[1.551s] Level 1:colcon.colcon_core.package_identification:_identify(api) by extension 'colcon_meta'
[1.551s] Level 1:colcon.colcon_core.package_identification:_identify(api) by extensions ['ros']
[1.551s] Level 1:colcon.colcon_core.package_identification:_identify(api) by extension 'ros'
[1.552s] Level 1:colcon.colcon_core.package_identification:_identify(api) by extensions ['cmake', 'python']
[1.553s] Level 1:colcon.colcon_core.package_identification:_identify(api) by extension 'cmake'
[1.553s] Level 1:colcon.colcon_core.package_identification:_identify(api) by extension 'python'
[1.554s] Level 1:colcon.colcon_core.package_identification:_identify(api) by extensions ['python_setup_py']
[1.554s] Level 1:colcon.colcon_core.package_identification:_identify(api) by extension 'python_setup_py'
[1.555s] Level 1:colcon.colcon_core.package_identification:_identify(api/__pycache__) by extensions ['ignore', 'ignore_ament_install']
[1.556s] Level 1:colcon.colcon_core.package_identification:_identify(api/__pycache__) by extension 'ignore'
[1.557s] Level 1:colcon.colcon_core.package_identification:_identify(api/__pycache__) by extension 'ignore_ament_install'
[1.557s] Level 1:colcon.colcon_core.package_identification:_identify(api/__pycache__) by extensions ['colcon_pkg']
[1.558s] Level 1:colcon.colcon_core.package_identification:_identify(api/__pycache__) by extension 'colcon_pkg'
[1.558s] Level 1:colcon.colcon_core.package_identification:_identify(api/__pycache__) by extensions ['colcon_meta']
[1.559s] Level 1:colcon.colcon_core.package_identification:_identify(api/__pycache__) by extension 'colcon_meta'
[1.560s] Level 1:colcon.colcon_core.package_identification:_identify(api/__pycache__) by extensions ['ros']
[1.560s] Level 1:colcon.colcon_core.package_identification:_identify(api/__pycache__) by extension 'ros'
[1.561s] Level 1:colcon.colcon_core.package_identification:_identify(api/__pycache__) by extensions ['cmake', 'python']
[1.562s] Level 1:colcon.colcon_core.package_identification:_identify(api/__pycache__) by extension 'cmake'
[1.562s] Level 1:colcon.colcon_core.package_identification:_identify(api/__pycache__) by extension 'python'
[1.563s] Level 1:colcon.colcon_core.package_identification:_identify(api/__pycache__) by extensions ['python_setup_py']
[1.563s] Level 1:colcon.colcon_core.package_identification:_identify(api/__pycache__) by extension 'python_setup_py'
[1.564s] Level 1:colcon.colcon_core.package_identification:_identify(build) by extensions ['ignore', 'ignore_ament_install']
[1.566s] Level 1:colcon.colcon_core.package_identification:_identify(build) by extension 'ignore'
[1.566s] Level 1:colcon.colcon_core.package_identification:_identify(build) ignored
[1.567s] Level 1:colcon.colcon_core.package_identification:_identify(config) by extensions ['ignore', 'ignore_ament_install']
[1.568s] Level 1:colcon.colcon_core.package_identification:_identify(config) by extension 'ignore'
[1.569s] Level 1:colcon.colcon_core.package_identification:_identify(config) by extension 'ignore_ament_install'
[1.570s] Level 1:colcon.colcon_core.package_identification:_identify(config) by extensions ['colcon_pkg']
[1.570s] Level 1:colcon.colcon_core.package_identification:_identify(config) by extension 'colcon_pkg'
[1.571s] Level 1:colcon.colcon_core.package_identification:_identify(config) by extensions ['colcon_meta']
[1.571s] Level 1:colcon.colcon_core.package_identification:_identify(config) by extension 'colcon_meta'
[1.572s] Level 1:colcon.colcon_core.package_identification:_identify(config) by extensions ['ros']
[1.572s] Level 1:colcon.colcon_core.package_identification:_identify(config) by extension 'ros'
[1.573s] Level 1:colcon.colcon_core.package_identification:_identify(config) by extensions ['cmake', 'python']
[1.573s] Level 1:colcon.colcon_core.package_identification:_identify(config) by extension 'cmake'
[1.574s] Level 1:colcon.colcon_core.package_identification:_identify(config) by extension 'python'
[1.575s] Level 1:colcon.colcon_core.package_identification:_identify(config) by extensions ['python_setup_py']
[1.575s] Level 1:colcon.colcon_core.package_identification:_identify(config) by extension 'python_setup_py'
[1.576s] Level 1:colcon.colcon_core.package_identification:_identify(install) by extensions ['ignore', 'ignore_ament_install']
[1.577s] Level 1:colcon.colcon_core.package_identification:_identify(install) by extension 'ignore'
[1.578s] Level 1:colcon.colcon_core.package_identification:_identify(install) ignored
[1.579s] Level 1:colcon.colcon_core.package_identification:_identify(log) by extensions ['ignore', 'ignore_ament_install']
[1.580s] Level 1:colcon.colcon_core.package_identification:_identify(log) by extension 'ignore'
[1.581s] Level 1:colcon.colcon_core.package_identification:_identify(log) ignored
[1.582s] Level 1:colcon.colcon_core.package_identification:_identify(scripts) by extensions ['ignore', 'ignore_ament_install']
[1.582s] Level 1:colcon.colcon_core.package_identification:_identify(scripts) by extension 'ignore'
[1.583s] Level 1:colcon.colcon_core.package_identification:_identify(scripts) by extension 'ignore_ament_install'
[1.584s] Level 1:colcon.colcon_core.package_identification:_identify(scripts) by extensions ['colcon_pkg']
[1.584s] Level 1:colcon.colcon_core.package_identification:_identify(scripts) by extension 'colcon_pkg'
[1.585s] Level 1:colcon.colcon_core.package_identification:_identify(scripts) by extensions ['colcon_meta']
[1.585s] Level 1:colcon.colcon_core.package_identification:_identify(scripts) by extension 'colcon_meta'
[1.586s] Level 1:colcon.colcon_core.package_identification:_identify(scripts) by extensions ['ros']
[1.586s] Level 1:colcon.colcon_core.package_identification:_identify(scripts) by extension 'ros'
[1.587s] Level 1:colcon.colcon_core.package_identification:_identify(scripts) by extensions ['cmake', 'python']
[1.587s] Level 1:colcon.colcon_core.package_identification:_identify(scripts) by extension 'cmake'
[1.588s] Level 1:colcon.colcon_core.package_identification:_identify(scripts) by extension 'python'
[1.588s] Level 1:colcon.colcon_core.package_identification:_identify(scripts) by extensions ['python_setup_py']
[1.589s] Level 1:colcon.colcon_core.package_identification:_identify(scripts) by extension 'python_setup_py'
[1.590s] Level 1:colcon.colcon_core.package_identification:_identify(scripts/ai) by extensions ['ignore', 'ignore_ament_install']
[1.591s] Level 1:colcon.colcon_core.package_identification:_identify(scripts/ai) by extension 'ignore'
[1.591s] Level 1:colcon.colcon_core.package_identification:_identify(scripts/ai) by extension 'ignore_ament_install'
[1.592s] Level 1:colcon.colcon_core.package_identification:_identify(scripts/ai) by extensions ['colcon_pkg']
[1.592s] Level 1:colcon.colcon_core.package_identification:_identify(scripts/ai) by extension 'colcon_pkg'
[1.593s] Level 1:colcon.colcon_core.package_identification:_identify(scripts/ai) by extensions ['colcon_meta']
[1.594s] Level 1:colcon.colcon_core.package_identification:_identify(scripts/ai) by extension 'colcon_meta'
[1.594s] Level 1:colcon.colcon_core.package_identification:_identify(scripts/ai) by extensions ['ros']
[1.594s] Level 1:colcon.colcon_core.package_identification:_identify(scripts/ai) by extension 'ros'
[1.595s] Level 1:colcon.colcon_core.package_identification:_identify(scripts/ai) by extensions ['cmake', 'python']
[1.596s] Level 1:colcon.colcon_core.package_identification:_identify(scripts/ai) by extension 'cmake'
[1.596s] Level 1:colcon.colcon_core.package_identification:_identify(scripts/ai) by extension 'python'
[1.597s] Level 1:colcon.colcon_core.package_identification:_identify(scripts/ai) by extensions ['python_setup_py']
[1.597s] Level 1:colcon.colcon_core.package_identification:_identify(scripts/ai) by extension 'python_setup_py'
[1.598s] Level 1:colcon.colcon_core.package_identification:_identify(scripts/motor) by extensions ['ignore', 'ignore_ament_install']
[1.599s] Level 1:colcon.colcon_core.package_identification:_identify(scripts/motor) by extension 'ignore'
[1.600s] Level 1:colcon.colcon_core.package_identification:_identify(scripts/motor) by extension 'ignore_ament_install'
[1.601s] Level 1:colcon.colcon_core.package_identification:_identify(scripts/motor) by extensions ['colcon_pkg']
[1.601s] Level 1:colcon.colcon_core.package_identification:_identify(scripts/motor) by extension 'colcon_pkg'
[1.602s] Level 1:colcon.colcon_core.package_identification:_identify(scripts/motor) by extensions ['colcon_meta']
[1.602s] Level 1:colcon.colcon_core.package_identification:_identify(scripts/motor) by extension 'colcon_meta'
[1.603s] Level 1:colcon.colcon_core.package_identification:_identify(scripts/motor) by extensions ['ros']
[1.603s] Level 1:colcon.colcon_core.package_identification:_identify(scripts/motor) by extension 'ros'
[1.604s] Level 1:colcon.colcon_core.package_identification:_identify(scripts/motor) by extensions ['cmake', 'python']
[1.605s] Level 1:colcon.colcon_core.package_identification:_identify(scripts/motor) by extension 'cmake'
[1.605s] Level 1:colcon.colcon_core.package_identification:_identify(scripts/motor) by extension 'python'
[1.606s] Level 1:colcon.colcon_core.package_identification:_identify(scripts/motor) by extensions ['python_setup_py']
[1.606s] Level 1:colcon.colcon_core.package_identification:_identify(scripts/motor) by extension 'python_setup_py'
[1.607s] Level 1:colcon.colcon_core.package_identification:_identify(scripts/ws) by extensions ['ignore', 'ignore_ament_install']
[1.608s] Level 1:colcon.colcon_core.package_identification:_identify(scripts/ws) by extension 'ignore'
[1.609s] Level 1:colcon.colcon_core.package_identification:_identify(scripts/ws) by extension 'ignore_ament_install'
[1.609s] Level 1:colcon.colcon_core.package_identification:_identify(scripts/ws) by extensions ['colcon_pkg']
[1.610s] Level 1:colcon.colcon_core.package_identification:_identify(scripts/ws) by extension 'colcon_pkg'
[1.611s] Level 1:colcon.colcon_core.package_identification:_identify(scripts/ws) by extensions ['colcon_meta']
[1.611s] Level 1:colcon.colcon_core.package_identification:_identify(scripts/ws) by extension 'colcon_meta'
[1.612s] Level 1:colcon.colcon_core.package_identification:_identify(scripts/ws) by extensions ['ros']
[1.612s] Level 1:colcon.colcon_core.package_identification:_identify(scripts/ws) by extension 'ros'
[1.613s] Level 1:colcon.colcon_core.package_identification:_identify(scripts/ws) by extensions ['cmake', 'python']
[1.614s] Level 1:colcon.colcon_core.package_identification:_identify(scripts/ws) by extension 'cmake'
[1.614s] Level 1:colcon.colcon_core.package_identification:_identify(scripts/ws) by extension 'python'
[1.615s] Level 1:colcon.colcon_core.package_identification:_identify(scripts/ws) by extensions ['python_setup_py']
[1.615s] Level 1:colcon.colcon_core.package_identification:_identify(scripts/ws) by extension 'python_setup_py'
[1.616s] Level 1:colcon.colcon_core.package_identification:_identify(src) by extensions ['ignore', 'ignore_ament_install']
[1.617s] Level 1:colcon.colcon_core.package_identification:_identify(src) by extension 'ignore'
[1.618s] Level 1:colcon.colcon_core.package_identification:_identify(src) by extension 'ignore_ament_install'
[1.619s] Level 1:colcon.colcon_core.package_identification:_identify(src) by extensions ['colcon_pkg']
[1.619s] Level 1:colcon.colcon_core.package_identification:_identify(src) by extension 'colcon_pkg'
[1.619s] Level 1:colcon.colcon_core.package_identification:_identify(src) by extensions ['colcon_meta']
[1.620s] Level 1:colcon.colcon_core.package_identification:_identify(src) by extension 'colcon_meta'
[1.620s] Level 1:colcon.colcon_core.package_identification:_identify(src) by extensions ['ros']
[1.621s] Level 1:colcon.colcon_core.package_identification:_identify(src) by extension 'ros'
[1.622s] Level 1:colcon.colcon_core.package_identification:_identify(src) by extensions ['cmake', 'python']
[1.622s] Level 1:colcon.colcon_core.package_identification:_identify(src) by extension 'cmake'
[1.623s] Level 1:colcon.colcon_core.package_identification:_identify(src) by extension 'python'
[1.623s] Level 1:colcon.colcon_core.package_identification:_identify(src) by extensions ['python_setup_py']
[1.624s] Level 1:colcon.colcon_core.package_identification:_identify(src) by extension 'python_setup_py'
[1.625s] Level 1:colcon.colcon_core.package_identification:_identify(src/sabertooth) by extensions ['ignore', 'ignore_ament_install']
[1.626s] Level 1:colcon.colcon_core.package_identification:_identify(src/sabertooth) by extension 'ignore'
[1.626s] Level 1:colcon.colcon_core.package_identification:_identify(src/sabertooth) by extension 'ignore_ament_install'
[1.627s] Level 1:colcon.colcon_core.package_identification:_identify(src/sabertooth) by extensions ['colcon_pkg']
[1.627s] Level 1:colcon.colcon_core.package_identification:_identify(src/sabertooth) by extension 'colcon_pkg'
[1.628s] Level 1:colcon.colcon_core.package_identification:_identify(src/sabertooth) by extensions ['colcon_meta']
[1.628s] Level 1:colcon.colcon_core.package_identification:_identify(src/sabertooth) by extension 'colcon_meta'
[1.629s] Level 1:colcon.colcon_core.package_identification:_identify(src/sabertooth) by extensions ['ros']
[1.629s] Level 1:colcon.colcon_core.package_identification:_identify(src/sabertooth) by extension 'ros'
[1.660s] DEBUG:colcon.colcon_core.package_identification:Package 'src/sabertooth' with type 'ros.ament_python' and name 'sabertooth'
[1.661s] Level 1:colcon.colcon_core.package_identification:_identify(webui) by extensions ['ignore', 'ignore_ament_install']
[1.662s] Level 1:colcon.colcon_core.package_identification:_identify(webui) by extension 'ignore'
[1.663s] Level 1:colcon.colcon_core.package_identification:_identify(webui) by extension 'ignore_ament_install'
[1.664s] Level 1:colcon.colcon_core.package_identification:_identify(webui) by extensions ['colcon_pkg']
[1.664s] Level 1:colcon.colcon_core.package_identification:_identify(webui) by extension 'colcon_pkg'
[1.664s] Level 1:colcon.colcon_core.package_identification:_identify(webui) by extensions ['colcon_meta']
[1.665s] Level 1:colcon.colcon_core.package_identification:_identify(webui) by extension 'colcon_meta'
[1.665s] Level 1:colcon.colcon_core.package_identification:_identify(webui) by extensions ['ros']
[1.666s] Level 1:colcon.colcon_core.package_identification:_identify(webui) by extension 'ros'
[1.667s] Level 1:colcon.colcon_core.package_identification:_identify(webui) by extensions ['cmake', 'python']
[1.667s] Level 1:colcon.colcon_core.package_identification:_identify(webui) by extension 'cmake'
[1.668s] Level 1:colcon.colcon_core.package_identification:_identify(webui) by extension 'python'
[1.668s] Level 1:colcon.colcon_core.package_identification:_identify(webui) by extensions ['python_setup_py']
[1.669s] Level 1:colcon.colcon_core.package_identification:_identify(webui) by extension 'python_setup_py'
[1.670s] Level 1:colcon.colcon_core.package_identification:_identify(webui/__pycache__) by extensions ['ignore', 'ignore_ament_install']
[1.671s] Level 1:colcon.colcon_core.package_identification:_identify(webui/__pycache__) by extension 'ignore'
[1.672s] Level 1:colcon.colcon_core.package_identification:_identify(webui/__pycache__) by extension 'ignore_ament_install'
[1.673s] Level 1:colcon.colcon_core.package_identification:_identify(webui/__pycache__) by extensions ['colcon_pkg']
[1.673s] Level 1:colcon.colcon_core.package_identification:_identify(webui/__pycache__) by extension 'colcon_pkg'
[1.674s] Level 1:colcon.colcon_core.package_identification:_identify(webui/__pycache__) by extensions ['colcon_meta']
[1.674s] Level 1:colcon.colcon_core.package_identification:_identify(webui/__pycache__) by extension 'colcon_meta'
[1.675s] Level 1:colcon.colcon_core.package_identification:_identify(webui/__pycache__) by extensions ['ros']
[1.675s] Level 1:colcon.colcon_core.package_identification:_identify(webui/__pycache__) by extension 'ros'
[1.676s] Level 1:colcon.colcon_core.package_identification:_identify(webui/__pycache__) by extensions ['cmake', 'python']
[1.677s] Level 1:colcon.colcon_core.package_identification:_identify(webui/__pycache__) by extension 'cmake'
[1.677s] Level 1:colcon.colcon_core.package_identification:_identify(webui/__pycache__) by extension 'python'
[1.678s] Level 1:colcon.colcon_core.package_identification:_identify(webui/__pycache__) by extensions ['python_setup_py']
[1.678s] Level 1:colcon.colcon_core.package_identification:_identify(webui/__pycache__) by extension 'python_setup_py'
[1.679s] Level 1:colcon.colcon_core.package_identification:_identify(webui/static) by extensions ['ignore', 'ignore_ament_install']
[1.680s] Level 1:colcon.colcon_core.package_identification:_identify(webui/static) by extension 'ignore'
[1.681s] Level 1:colcon.colcon_core.package_identification:_identify(webui/static) by extension 'ignore_ament_install'
[1.682s] Level 1:colcon.colcon_core.package_identification:_identify(webui/static) by extensions ['colcon_pkg']
[1.682s] Level 1:colcon.colcon_core.package_identification:_identify(webui/static) by extension 'colcon_pkg'
[1.683s] Level 1:colcon.colcon_core.package_identification:_identify(webui/static) by extensions ['colcon_meta']
[1.683s] Level 1:colcon.colcon_core.package_identification:_identify(webui/static) by extension 'colcon_meta'
[1.683s] Level 1:colcon.colcon_core.package_identification:_identify(webui/static) by extensions ['ros']
[1.684s] Level 1:colcon.colcon_core.package_identification:_identify(webui/static) by extension 'ros'
[1.685s] Level 1:colcon.colcon_core.package_identification:_identify(webui/static) by extensions ['cmake', 'python']
[1.685s] Level 1:colcon.colcon_core.package_identification:_identify(webui/static) by extension 'cmake'
[1.686s] Level 1:colcon.colcon_core.package_identification:_identify(webui/static) by extension 'python'
[1.686s] Level 1:colcon.colcon_core.package_identification:_identify(webui/static) by extensions ['python_setup_py']
[1.687s] Level 1:colcon.colcon_core.package_identification:_identify(webui/static) by extension 'python_setup_py'
[1.688s] Level 1:colcon.colcon_core.package_identification:_identify(webui/static/css) by extensions ['ignore', 'ignore_ament_install']
[1.689s] Level 1:colcon.colcon_core.package_identification:_identify(webui/static/css) by extension 'ignore'
[1.689s] Level 1:colcon.colcon_core.package_identification:_identify(webui/static/css) by extension 'ignore_ament_install'
[1.690s] Level 1:colcon.colcon_core.package_identification:_identify(webui/static/css) by extensions ['colcon_pkg']
[1.690s] Level 1:colcon.colcon_core.package_identification:_identify(webui/static/css) by extension 'colcon_pkg'
[1.691s] Level 1:colcon.colcon_core.package_identification:_identify(webui/static/css) by extensions ['colcon_meta']
[1.691s] Level 1:colcon.colcon_core.package_identification:_identify(webui/static/css) by extension 'colcon_meta'
[1.692s] Level 1:colcon.colcon_core.package_identification:_identify(webui/static/css) by extensions ['ros']
[1.692s] Level 1:colcon.colcon_core.package_identification:_identify(webui/static/css) by extension 'ros'
[1.693s] Level 1:colcon.colcon_core.package_identification:_identify(webui/static/css) by extensions ['cmake', 'python']
[1.694s] Level 1:colcon.colcon_core.package_identification:_identify(webui/static/css) by extension 'cmake'
[1.694s] Level 1:colcon.colcon_core.package_identification:_identify(webui/static/css) by extension 'python'
[1.695s] Level 1:colcon.colcon_core.package_identification:_identify(webui/static/css) by extensions ['python_setup_py']
[1.695s] Level 1:colcon.colcon_core.package_identification:_identify(webui/static/css) by extension 'python_setup_py'
[1.696s] Level 1:colcon.colcon_core.package_identification:_identify(webui/static/ico) by extensions ['ignore', 'ignore_ament_install']
[1.697s] Level 1:colcon.colcon_core.package_identification:_identify(webui/static/ico) by extension 'ignore'
[1.698s] Level 1:colcon.colcon_core.package_identification:_identify(webui/static/ico) by extension 'ignore_ament_install'
[1.699s] Level 1:colcon.colcon_core.package_identification:_identify(webui/static/ico) by extensions ['colcon_pkg']
[1.699s] Level 1:colcon.colcon_core.package_identification:_identify(webui/static/ico) by extension 'colcon_pkg'
[1.699s] Level 1:colcon.colcon_core.package_identification:_identify(webui/static/ico) by extensions ['colcon_meta']
[1.700s] Level 1:colcon.colcon_core.package_identification:_identify(webui/static/ico) by extension 'colcon_meta'
[1.701s] Level 1:colcon.colcon_core.package_identification:_identify(webui/static/ico) by extensions ['ros']
[1.701s] Level 1:colcon.colcon_core.package_identification:_identify(webui/static/ico) by extension 'ros'
[1.702s] Level 1:colcon.colcon_core.package_identification:_identify(webui/static/ico) by extensions ['cmake', 'python']
[1.702s] Level 1:colcon.colcon_core.package_identification:_identify(webui/static/ico) by extension 'cmake'
[1.703s] Level 1:colcon.colcon_core.package_identification:_identify(webui/static/ico) by extension 'python'
[1.703s] Level 1:colcon.colcon_core.package_identification:_identify(webui/static/ico) by extensions ['python_setup_py']
[1.704s] Level 1:colcon.colcon_core.package_identification:_identify(webui/static/ico) by extension 'python_setup_py'
[1.705s] Level 1:colcon.colcon_core.package_identification:_identify(webui/static/img) by extensions ['ignore', 'ignore_ament_install']
[1.706s] Level 1:colcon.colcon_core.package_identification:_identify(webui/static/img) by extension 'ignore'
[1.706s] Level 1:colcon.colcon_core.package_identification:_identify(webui/static/img) by extension 'ignore_ament_install'
[1.707s] Level 1:colcon.colcon_core.package_identification:_identify(webui/static/img) by extensions ['colcon_pkg']
[1.707s] Level 1:colcon.colcon_core.package_identification:_identify(webui/static/img) by extension 'colcon_pkg'
[1.708s] Level 1:colcon.colcon_core.package_identification:_identify(webui/static/img) by extensions ['colcon_meta']
[1.708s] Level 1:colcon.colcon_core.package_identification:_identify(webui/static/img) by extension 'colcon_meta'
[1.709s] Level 1:colcon.colcon_core.package_identification:_identify(webui/static/img) by extensions ['ros']
[1.709s] Level 1:colcon.colcon_core.package_identification:_identify(webui/static/img) by extension 'ros'
[1.710s] Level 1:colcon.colcon_core.package_identification:_identify(webui/static/img) by extensions ['cmake', 'python']
[1.711s] Level 1:colcon.colcon_core.package_identification:_identify(webui/static/img) by extension 'cmake'
[1.711s] Level 1:colcon.colcon_core.package_identification:_identify(webui/static/img) by extension 'python'
[1.712s] Level 1:colcon.colcon_core.package_identification:_identify(webui/static/img) by extensions ['python_setup_py']
[1.712s] Level 1:colcon.colcon_core.package_identification:_identify(webui/static/img) by extension 'python_setup_py'
[1.713s] Level 1:colcon.colcon_core.package_identification:_identify(webui/static/js) by extensions ['ignore', 'ignore_ament_install']
[1.714s] Level 1:colcon.colcon_core.package_identification:_identify(webui/static/js) by extension 'ignore'
[1.715s] Level 1:colcon.colcon_core.package_identification:_identify(webui/static/js) by extension 'ignore_ament_install'
[1.716s] Level 1:colcon.colcon_core.package_identification:_identify(webui/static/js) by extensions ['colcon_pkg']
[1.716s] Level 1:colcon.colcon_core.package_identification:_identify(webui/static/js) by extension 'colcon_pkg'
[1.717s] Level 1:colcon.colcon_core.package_identification:_identify(webui/static/js) by extensions ['colcon_meta']
[1.717s] Level 1:colcon.colcon_core.package_identification:_identify(webui/static/js) by extension 'colcon_meta'
[1.717s] Level 1:colcon.colcon_core.package_identification:_identify(webui/static/js) by extensions ['ros']
[1.718s] Level 1:colcon.colcon_core.package_identification:_identify(webui/static/js) by extension 'ros'
[1.719s] Level 1:colcon.colcon_core.package_identification:_identify(webui/static/js) by extensions ['cmake', 'python']
[1.719s] Level 1:colcon.colcon_core.package_identification:_identify(webui/static/js) by extension 'cmake'
[1.720s] Level 1:colcon.colcon_core.package_identification:_identify(webui/static/js) by extension 'python'
[1.720s] Level 1:colcon.colcon_core.package_identification:_identify(webui/static/js) by extensions ['python_setup_py']
[1.721s] Level 1:colcon.colcon_core.package_identification:_identify(webui/static/js) by extension 'python_setup_py'
[1.722s] Level 1:colcon.colcon_core.package_identification:_identify(webui/templates) by extensions ['ignore', 'ignore_ament_install']
[1.723s] Level 1:colcon.colcon_core.package_identification:_identify(webui/templates) by extension 'ignore'
[1.724s] Level 1:colcon.colcon_core.package_identification:_identify(webui/templates) by extension 'ignore_ament_install'
[1.724s] Level 1:colcon.colcon_core.package_identification:_identify(webui/templates) by extensions ['colcon_pkg']
[1.725s] Level 1:colcon.colcon_core.package_identification:_identify(webui/templates) by extension 'colcon_pkg'
[1.726s] Level 1:colcon.colcon_core.package_identification:_identify(webui/templates) by extensions ['colcon_meta']
[1.726s] Level 1:colcon.colcon_core.package_identification:_identify(webui/templates) by extension 'colcon_meta'
[1.727s] Level 1:colcon.colcon_core.package_identification:_identify(webui/templates) by extensions ['ros']
[1.727s] Level 1:colcon.colcon_core.package_identification:_identify(webui/templates) by extension 'ros'
[1.728s] Level 1:colcon.colcon_core.package_identification:_identify(webui/templates) by extensions ['cmake', 'python']
[1.728s] Level 1:colcon.colcon_core.package_identification:_identify(webui/templates) by extension 'cmake'
[1.729s] Level 1:colcon.colcon_core.package_identification:_identify(webui/templates) by extension 'python'
[1.729s] Level 1:colcon.colcon_core.package_identification:_identify(webui/templates) by extensions ['python_setup_py']
[1.730s] Level 1:colcon.colcon_core.package_identification:_identify(webui/templates) by extension 'python_setup_py'
[1.731s] Level 1:colcon.colcon_core.package_identification:_identify(webui/templates/admin) by extensions ['ignore', 'ignore_ament_install']
[1.732s] Level 1:colcon.colcon_core.package_identification:_identify(webui/templates/admin) by extension 'ignore'
[1.733s] Level 1:colcon.colcon_core.package_identification:_identify(webui/templates/admin) by extension 'ignore_ament_install'
[1.733s] Level 1:colcon.colcon_core.package_identification:_identify(webui/templates/admin) by extensions ['colcon_pkg']
[1.734s] Level 1:colcon.colcon_core.package_identification:_identify(webui/templates/admin) by extension 'colcon_pkg'
[1.734s] Level 1:colcon.colcon_core.package_identification:_identify(webui/templates/admin) by extensions ['colcon_meta']
[1.735s] Level 1:colcon.colcon_core.package_identification:_identify(webui/templates/admin) by extension 'colcon_meta'
[1.735s] Level 1:colcon.colcon_core.package_identification:_identify(webui/templates/admin) by extensions ['ros']
[1.736s] Level 1:colcon.colcon_core.package_identification:_identify(webui/templates/admin) by extension 'ros'
[1.737s] Level 1:colcon.colcon_core.package_identification:_identify(webui/templates/admin) by extensions ['cmake', 'python']
[1.737s] Level 1:colcon.colcon_core.package_identification:_identify(webui/templates/admin) by extension 'cmake'
[1.738s] Level 1:colcon.colcon_core.package_identification:_identify(webui/templates/admin) by extension 'python'
[1.739s] Level 1:colcon.colcon_core.package_identification:_identify(webui/templates/admin) by extensions ['python_setup_py']
[1.740s] Level 1:colcon.colcon_core.package_identification:_identify(webui/templates/admin) by extension 'python_setup_py'
[1.741s] Level 1:colcon.colcon_core.package_identification:_identify(webui/templates/errors) by extensions ['ignore', 'ignore_ament_install']
[1.742s] Level 1:colcon.colcon_core.package_identification:_identify(webui/templates/errors) by extension 'ignore'
[1.743s] Level 1:colcon.colcon_core.package_identification:_identify(webui/templates/errors) by extension 'ignore_ament_install'
[1.743s] Level 1:colcon.colcon_core.package_identification:_identify(webui/templates/errors) by extensions ['colcon_pkg']
[1.744s] Level 1:colcon.colcon_core.package_identification:_identify(webui/templates/errors) by extension 'colcon_pkg'
[1.745s] Level 1:colcon.colcon_core.package_identification:_identify(webui/templates/errors) by extensions ['colcon_meta']
[1.745s] Level 1:colcon.colcon_core.package_identification:_identify(webui/templates/errors) by extension 'colcon_meta'
[1.746s] Level 1:colcon.colcon_core.package_identification:_identify(webui/templates/errors) by extensions ['ros']
[1.746s] Level 1:colcon.colcon_core.package_identification:_identify(webui/templates/errors) by extension 'ros'
[1.747s] Level 1:colcon.colcon_core.package_identification:_identify(webui/templates/errors) by extensions ['cmake', 'python']
[1.748s] Level 1:colcon.colcon_core.package_identification:_identify(webui/templates/errors) by extension 'cmake'
[1.748s] Level 1:colcon.colcon_core.package_identification:_identify(webui/templates/errors) by extension 'python'
[1.749s] Level 1:colcon.colcon_core.package_identification:_identify(webui/templates/errors) by extensions ['python_setup_py']
[1.749s] Level 1:colcon.colcon_core.package_identification:_identify(webui/templates/errors) by extension 'python_setup_py'
[1.750s] Level 1:colcon.colcon_core.package_identification:_identify(webui/templates/forms) by extensions ['ignore', 'ignore_ament_install']
[1.752s] Level 1:colcon.colcon_core.package_identification:_identify(webui/templates/forms) by extension 'ignore'
[1.752s] Level 1:colcon.colcon_core.package_identification:_identify(webui/templates/forms) by extension 'ignore_ament_install'
[1.753s] Level 1:colcon.colcon_core.package_identification:_identify(webui/templates/forms) by extensions ['colcon_pkg']
[1.753s] Level 1:colcon.colcon_core.package_identification:_identify(webui/templates/forms) by extension 'colcon_pkg'
[1.754s] Level 1:colcon.colcon_core.package_identification:_identify(webui/templates/forms) by extensions ['colcon_meta']
[1.754s] Level 1:colcon.colcon_core.package_identification:_identify(webui/templates/forms) by extension 'colcon_meta'
[1.755s] Level 1:colcon.colcon_core.package_identification:_identify(webui/templates/forms) by extensions ['ros']
[1.755s] Level 1:colcon.colcon_core.package_identification:_identify(webui/templates/forms) by extension 'ros'
[1.756s] Level 1:colcon.colcon_core.package_identification:_identify(webui/templates/forms) by extensions ['cmake', 'python']
[1.757s] Level 1:colcon.colcon_core.package_identification:_identify(webui/templates/forms) by extension 'cmake'
[1.758s] Level 1:colcon.colcon_core.package_identification:_identify(webui/templates/forms) by extension 'python'
[1.758s] Level 1:colcon.colcon_core.package_identification:_identify(webui/templates/forms) by extensions ['python_setup_py']
[1.758s] Level 1:colcon.colcon_core.package_identification:_identify(webui/templates/forms) by extension 'python_setup_py'
[1.760s] Level 1:colcon.colcon_core.package_identification:_identify(webui/templates/layouts) by extensions ['ignore', 'ignore_ament_install']
[1.761s] Level 1:colcon.colcon_core.package_identification:_identify(webui/templates/layouts) by extension 'ignore'
[1.761s] Level 1:colcon.colcon_core.package_identification:_identify(webui/templates/layouts) by extension 'ignore_ament_install'
[1.762s] Level 1:colcon.colcon_core.package_identification:_identify(webui/templates/layouts) by extensions ['colcon_pkg']
[1.762s] Level 1:colcon.colcon_core.package_identification:_identify(webui/templates/layouts) by extension 'colcon_pkg'
[1.763s] Level 1:colcon.colcon_core.package_identification:_identify(webui/templates/layouts) by extensions ['colcon_meta']
[1.763s] Level 1:colcon.colcon_core.package_identification:_identify(webui/templates/layouts) by extension 'colcon_meta'
[1.764s] Level 1:colcon.colcon_core.package_identification:_identify(webui/templates/layouts) by extensions ['ros']
[1.764s] Level 1:colcon.colcon_core.package_identification:_identify(webui/templates/layouts) by extension 'ros'
[1.765s] Level 1:colcon.colcon_core.package_identification:_identify(webui/templates/layouts) by extensions ['cmake', 'python']
[1.766s] Level 1:colcon.colcon_core.package_identification:_identify(webui/templates/layouts) by extension 'cmake'
[1.767s] Level 1:colcon.colcon_core.package_identification:_identify(webui/templates/layouts) by extension 'python'
[1.768s] Level 1:colcon.colcon_core.package_identification:_identify(webui/templates/layouts) by extensions ['python_setup_py']
[1.768s] Level 1:colcon.colcon_core.package_identification:_identify(webui/templates/layouts) by extension 'python_setup_py'
[1.770s] Level 1:colcon.colcon_core.package_identification:_identify(webui/templates/pages) by extensions ['ignore', 'ignore_ament_install']
[1.771s] Level 1:colcon.colcon_core.package_identification:_identify(webui/templates/pages) by extension 'ignore'
[1.773s] Level 1:colcon.colcon_core.package_identification:_identify(webui/templates/pages) by extension 'ignore_ament_install'
[1.774s] Level 1:colcon.colcon_core.package_identification:_identify(webui/templates/pages) by extensions ['colcon_pkg']
[1.775s] Level 1:colcon.colcon_core.package_identification:_identify(webui/templates/pages) by extension 'colcon_pkg'
[1.775s] Level 1:colcon.colcon_core.package_identification:_identify(webui/templates/pages) by extensions ['colcon_meta']
[1.776s] Level 1:colcon.colcon_core.package_identification:_identify(webui/templates/pages) by extension 'colcon_meta'
[1.777s] Level 1:colcon.colcon_core.package_identification:_identify(webui/templates/pages) by extensions ['ros']
[1.777s] Level 1:colcon.colcon_core.package_identification:_identify(webui/templates/pages) by extension 'ros'
[1.778s] Level 1:colcon.colcon_core.package_identification:_identify(webui/templates/pages) by extensions ['cmake', 'python']
[1.779s] Level 1:colcon.colcon_core.package_identification:_identify(webui/templates/pages) by extension 'cmake'
[1.779s] Level 1:colcon.colcon_core.package_identification:_identify(webui/templates/pages) by extension 'python'
[1.780s] Level 1:colcon.colcon_core.package_identification:_identify(webui/templates/pages) by extensions ['python_setup_py']
[1.780s] Level 1:colcon.colcon_core.package_identification:_identify(webui/templates/pages) by extension 'python_setup_py'
[1.781s] Level 1:colcon.colcon_core.package_discovery:discover_packages(recursive) using defaults
[1.782s] Level 1:colcon.colcon_core.package_discovery:discover_packages(ignore) discover
[1.782s] Level 1:colcon.colcon_core.package_discovery:discover_packages(ignore) using defaults
[1.782s] Level 1:colcon.colcon_core.package_discovery:discover_packages(path) discover
[1.782s] Level 1:colcon.colcon_core.package_discovery:discover_packages(path) using defaults
[1.942s] Level 1:colcon.colcon_core.package_discovery:discover_packages(prefix_path) check parameters
[1.943s] Level 1:colcon.colcon_core.package_discovery:discover_packages(prefix_path) discover
[1.961s] DEBUG:colcon.colcon_installed_package_information.package_discovery:Found 1 installed packages in /home/ubuntu/scootbot/install
[1.974s] DEBUG:colcon.colcon_installed_package_information.package_discovery:Found 182 installed packages in /opt/ros/foxy
[1.986s] Level 1:colcon.colcon_core.package_discovery:discover_packages(prefix_path) using defaults
[2.528s] Level 5:colcon.colcon_core.verb:set package 'sabertooth' build argument 'cmake_args' from command line to 'None'
[2.528s] Level 5:colcon.colcon_core.verb:set package 'sabertooth' build argument 'cmake_target' from command line to 'None'
[2.529s] Level 5:colcon.colcon_core.verb:set package 'sabertooth' build argument 'cmake_target_skip_unavailable' from command line to 'False'
[2.529s] Level 5:colcon.colcon_core.verb:set package 'sabertooth' build argument 'cmake_clean_cache' from command line to 'False'
[2.529s] Level 5:colcon.colcon_core.verb:set package 'sabertooth' build argument 'cmake_clean_first' from command line to 'False'
[2.530s] Level 5:colcon.colcon_core.verb:set package 'sabertooth' build argument 'cmake_force_configure' from command line to 'False'
[2.530s] Level 5:colcon.colcon_core.verb:set package 'sabertooth' build argument 'ament_cmake_args' from command line to 'None'
[2.530s] Level 5:colcon.colcon_core.verb:set package 'sabertooth' build argument 'catkin_cmake_args' from command line to 'None'
[2.531s] Level 5:colcon.colcon_core.verb:set package 'sabertooth' build argument 'catkin_skip_building_tests' from command line to 'False'
[2.531s] DEBUG:colcon.colcon_core.verb:Building package 'sabertooth' with the following arguments: {'ament_cmake_args': None, 'build_base': '/home/ubuntu/scootbot/build/sabertooth', 'catkin_cmake_args': None, 'catkin_skip_building_tests': False, 'cmake_args': None, 'cmake_clean_cache': False, 'cmake_clean_first': False, 'cmake_force_configure': False, 'cmake_target': None, 'cmake_target_skip_unavailable': False, 'install_base': '/home/ubuntu/scootbot/install/sabertooth', 'merge_install': False, 'path': '/home/ubuntu/scootbot/src/sabertooth', 'symlink_install': True, 'test_result_base': None}
[2.534s] INFO:colcon.colcon_core.executor:Executing jobs using 'parallel' executor
[2.550s] DEBUG:colcon.colcon_parallel_executor.executor.parallel:run_until_complete
[2.553s] INFO:colcon.colcon_ros.task.ament_python.build:Building ROS package in '/home/ubuntu/scootbot/src/sabertooth' with build type 'ament_python'
[2.555s] Level 1:colcon.colcon_core.shell:create_environment_hook('sabertooth', 'ament_prefix_path')
[2.590s] INFO:colcon.colcon_core.plugin_system:Skipping extension 'colcon_core.shell.bat': Not used on non-Windows systems
[2.592s] INFO:colcon.colcon_core.shell:Creating environment hook '/home/ubuntu/scootbot/install/sabertooth/share/sabertooth/hook/ament_prefix_path.ps1'
[2.598s] INFO:colcon.colcon_core.shell:Creating environment descriptor '/home/ubuntu/scootbot/install/sabertooth/share/sabertooth/hook/ament_prefix_path.dsv'
[2.602s] INFO:colcon.colcon_core.shell:Creating environment hook '/home/ubuntu/scootbot/install/sabertooth/share/sabertooth/hook/ament_prefix_path.sh'
[2.611s] INFO:colcon.colcon_core.shell:Skip shell extension 'powershell' for command environment: Not usable outside of PowerShell
[2.611s] DEBUG:colcon.colcon_core.shell:Skip shell extension 'dsv' for command environment
[4.719s] INFO:colcon.colcon_core.task.python.build:Building Python package in '/home/ubuntu/scootbot/src/sabertooth'
[4.723s] INFO:colcon.colcon_core.shell:Skip shell extension 'powershell' for command environment: Not usable outside of PowerShell
[4.724s] DEBUG:colcon.colcon_core.shell:Skip shell extension 'dsv' for command environment
[7.934s] DEBUG:colcon.colcon_core.event_handler.log_command:Invoking command in '/home/ubuntu/scootbot/build/sabertooth': PYTHONPATH=/home/ubuntu/scootbot/install/sabertooth/lib/python3.8/site-packages:${PYTHONPATH} /usr/bin/python3 setup.py develop --prefix /home/ubuntu/scootbot/install/sabertooth --editable --build-directory /home/ubuntu/scootbot/build/sabertooth/build --no-deps install_data --install-dir /home/ubuntu/scootbot/install/sabertooth
[11.876s] Level 1:colcon.colcon_core.shell:create_environment_hook('sabertooth', 'pythonpath_develop')
[11.881s] INFO:colcon.colcon_core.shell:Creating environment hook '/home/ubuntu/scootbot/build/sabertooth/share/sabertooth/hook/pythonpath_develop.ps1'
[11.884s] DEBUG:colcon.colcon_core.event_handler.log_command:Invoked command in '/home/ubuntu/scootbot/build/sabertooth' returned '0': PYTHONPATH=/home/ubuntu/scootbot/install/sabertooth/lib/python3.8/site-packages:${PYTHONPATH} /usr/bin/python3 setup.py develop --prefix /home/ubuntu/scootbot/install/sabertooth --editable --build-directory /home/ubuntu/scootbot/build/sabertooth/build --no-deps install_data --install-dir /home/ubuntu/scootbot/install/sabertooth
[11.888s] INFO:colcon.colcon_core.shell:Creating environment descriptor '/home/ubuntu/scootbot/build/sabertooth/share/sabertooth/hook/pythonpath_develop.dsv'
[11.891s] INFO:colcon.colcon_core.shell:Creating environment hook '/home/ubuntu/scootbot/build/sabertooth/share/sabertooth/hook/pythonpath_develop.sh'
[11.928s] Level 1:colcon.colcon_core.environment:checking '/home/ubuntu/scootbot/install/sabertooth' for CMake module files
[11.933s] Level 1:colcon.colcon_core.environment:checking '/home/ubuntu/scootbot/install/sabertooth' for CMake config files
[11.939s] Level 1:colcon.colcon_core.environment:checking '/home/ubuntu/scootbot/install/sabertooth/lib'
[11.941s] Level 1:colcon.colcon_core.environment:checking '/home/ubuntu/scootbot/install/sabertooth/bin'
[11.942s] Level 1:colcon.colcon_core.environment:checking '/home/ubuntu/scootbot/install/sabertooth/lib/pkgconfig/sabertooth.pc'
[11.944s] Level 1:colcon.colcon_core.environment:checking '/home/ubuntu/scootbot/install/sabertooth/lib/python3.8/site-packages'
[11.944s] Level 1:colcon.colcon_core.shell:create_environment_hook('sabertooth', 'pythonpath')
[11.948s] INFO:colcon.colcon_core.shell:Creating environment hook '/home/ubuntu/scootbot/install/sabertooth/share/sabertooth/hook/pythonpath.ps1'
[11.952s] INFO:colcon.colcon_core.shell:Creating environment descriptor '/home/ubuntu/scootbot/install/sabertooth/share/sabertooth/hook/pythonpath.dsv'
[11.955s] INFO:colcon.colcon_core.shell:Creating environment hook '/home/ubuntu/scootbot/install/sabertooth/share/sabertooth/hook/pythonpath.sh'
[11.960s] Level 1:colcon.colcon_core.environment:checking '/home/ubuntu/scootbot/install/sabertooth/bin'
[11.961s] Level 1:colcon.colcon_core.environment:create_environment_scripts_only(sabertooth)
[11.966s] INFO:colcon.colcon_core.shell:Creating package script '/home/ubuntu/scootbot/install/sabertooth/share/sabertooth/package.ps1'
[11.976s] INFO:colcon.colcon_core.shell:Creating package descriptor '/home/ubuntu/scootbot/install/sabertooth/share/sabertooth/package.dsv'
[11.982s] INFO:colcon.colcon_core.shell:Creating package script '/home/ubuntu/scootbot/install/sabertooth/share/sabertooth/package.sh'
[11.990s] INFO:colcon.colcon_core.shell:Creating package script '/home/ubuntu/scootbot/install/sabertooth/share/sabertooth/package.bash'
[11.997s] INFO:colcon.colcon_core.shell:Creating package script '/home/ubuntu/scootbot/install/sabertooth/share/sabertooth/package.zsh'
[12.003s] Level 1:colcon.colcon_core.environment:create_file_with_runtime_dependencies(/home/ubuntu/scootbot/install/sabertooth/share/colcon-core/packages/sabertooth)
[12.006s] DEBUG:colcon.colcon_parallel_executor.executor.parallel:closing loop
[12.009s] DEBUG:colcon.colcon_parallel_executor.executor.parallel:loop closed
[12.010s] DEBUG:colcon.colcon_parallel_executor.executor.parallel:run_until_complete finished with '0'
[12.011s] DEBUG:colcon.colcon_core.event_reactor:joining thread
[12.061s] INFO:colcon.colcon_core.plugin_system:Skipping extension 'colcon_notification.desktop_notification.notify_send': Could not find 'notify-send'
[12.062s] INFO:colcon.colcon_core.plugin_system:Skipping extension 'colcon_notification.desktop_notification.terminal_notifier': Not used on non-Darwin systems
[12.063s] INFO:colcon.colcon_core.plugin_system:Skipping extension 'colcon_notification.desktop_notification.win32': Not used on non-Windows systems
[12.064s] INFO:colcon.colcon_notification.desktop_notification:Sending desktop notification using 'notify2'
[12.068s] DEBUG:colcon.colcon_notification.desktop_notification.notify2:Failed to initialize notify2: org.freedesktop.DBus.Error.ServiceUnknown: The name org.freedesktop.Notifications was not provided by any .service files
[12.069s] DEBUG:colcon.colcon_core.event_reactor:joined thread
[12.073s] INFO:colcon.colcon_core.shell:Creating prefix script '/home/ubuntu/scootbot/install/local_setup.ps1'
[12.082s] INFO:colcon.colcon_core.shell:Creating prefix util module '/home/ubuntu/scootbot/install/_local_setup_util_ps1.py'
[12.095s] INFO:colcon.colcon_core.shell:Creating prefix chain script '/home/ubuntu/scootbot/install/setup.ps1'
[12.105s] INFO:colcon.colcon_core.shell:Creating prefix script '/home/ubuntu/scootbot/install/local_setup.sh'
[12.110s] INFO:colcon.colcon_core.shell:Creating prefix util module '/home/ubuntu/scootbot/install/_local_setup_util_sh.py'
[12.114s] INFO:colcon.colcon_core.shell:Creating prefix chain script '/home/ubuntu/scootbot/install/setup.sh'
[12.124s] INFO:colcon.colcon_core.shell:Creating prefix script '/home/ubuntu/scootbot/install/local_setup.bash'
[12.129s] INFO:colcon.colcon_core.shell:Creating prefix chain script '/home/ubuntu/scootbot/install/setup.bash'
[12.138s] INFO:colcon.colcon_core.shell:Creating prefix script '/home/ubuntu/scootbot/install/local_setup.zsh'
[12.143s] INFO:colcon.colcon_core.shell:Creating prefix chain script '/home/ubuntu/scootbot/install/setup.zsh'
