[1.980s] DEBUG:colcon:Command line arguments: ['/home/ubuntu/.local/bin/colcon', 'build']
[1.980s] DEBUG:colcon:Parsed command line arguments: Namespace(allow_overriding=[], ament_cmake_args=None, base_paths=['.'], build_base='build', catkin_cmake_args=None, catkin_skip_building_tests=False, cmake_args=None, cmake_clean_cache=False, cmake_clean_first=False, cmake_force_configure=False, cmake_target=None, cmake_target_skip_unavailable=False, continue_on_error=False, event_handlers=None, executor='parallel', ignore_user_meta=False, install_base='install', log_base=None, log_level=None, main=<bound method BuildVerb.main of <colcon_core.verb.build.BuildVerb object at 0xffff9220bbe0>>, merge_install=False, metas=['./colcon.meta'], packages_above=None, packages_above_and_dependencies=None, packages_above_depth=None, packages_end=None, packages_ignore=None, packages_ignore_regex=None, packages_select=None, packages_select_build_failed=False, packages_select_by_dep=None, packages_select_regex=None, packages_select_test_failures=False, packages_skip=None, packages_skip_build_finished=False, packages_skip_by_dep=None, packages_skip_regex=None, packages_skip_test_passed=False, packages_skip_up_to=None, packages_start=None, packages_up_to=None, packages_up_to_regex=None, parallel_workers=4, paths=None, symlink_install=False, test_result_base=None, verb_extension=<colcon_core.verb.build.BuildVerb object at 0xffff9220bbe0>, verb_name='build', verb_parser=<colcon_defaults.argument_parser.defaults.DefaultArgumentsDecorator object at 0xffff92218190>)
[2.039s] Level 1:colcon.colcon_core.package_discovery:discover_packages(colcon_meta) check parameters
[2.039s] Level 1:colcon.colcon_core.package_discovery:discover_packages(recursive) check parameters
[2.039s] Level 1:colcon.colcon_core.package_discovery:discover_packages(ignore) check parameters
[2.039s] Level 1:colcon.colcon_core.package_discovery:discover_packages(path) check parameters
[2.039s] Level 1:colcon.colcon_core.package_discovery:discover_packages(colcon_meta) discover
[2.040s] Level 1:colcon.colcon_core.package_discovery:discover_packages(recursive) discover
[2.040s] INFO:colcon.colcon_core.package_discovery:Crawling recursively for packages in '/home/ubuntu/scootbot'
[2.040s] Level 1:colcon.colcon_core.package_identification:_identify(.) by extensions ['ignore', 'ignore_ament_install']
[2.041s] Level 1:colcon.colcon_core.package_identification:_identify(.) by extension 'ignore'
[2.041s] Level 1:colcon.colcon_core.package_identification:_identify(.) by extension 'ignore_ament_install'
[2.041s] Level 1:colcon.colcon_core.package_identification:_identify(.) by extensions ['colcon_pkg']
[2.041s] Level 1:colcon.colcon_core.package_identification:_identify(.) by extension 'colcon_pkg'
[2.042s] Level 1:colcon.colcon_core.package_identification:_identify(.) by extensions ['colcon_meta']
[2.042s] Level 1:colcon.colcon_core.package_identification:_identify(.) by extension 'colcon_meta'
[2.042s] Level 1:colcon.colcon_core.package_identification:_identify(.) by extensions ['ros']
[2.042s] Level 1:colcon.colcon_core.package_identification:_identify(.) by extension 'ros'
[2.086s] Level 1:colcon.colcon_core.package_identification:_identify(.) by extensions ['cmake', 'python']
[2.086s] Level 1:colcon.colcon_core.package_identification:_identify(.) by extension 'cmake'
[2.087s] Level 1:colcon.colcon_core.package_identification:_identify(.) by extension 'python'
[2.087s] Level 1:colcon.colcon_core.package_identification:_identify(.) by extensions ['python_setup_py']
[2.087s] Level 1:colcon.colcon_core.package_identification:_identify(.) by extension 'python_setup_py'
[2.087s] Level 1:colcon.colcon_core.package_identification:_identify(api) by extensions ['ignore', 'ignore_ament_install']
[2.088s] Level 1:colcon.colcon_core.package_identification:_identify(api) by extension 'ignore'
[2.088s] Level 1:colcon.colcon_core.package_identification:_identify(api) by extension 'ignore_ament_install'
[2.088s] Level 1:colcon.colcon_core.package_identification:_identify(api) by extensions ['colcon_pkg']
[2.088s] Level 1:colcon.colcon_core.package_identification:_identify(api) by extension 'colcon_pkg'
[2.089s] Level 1:colcon.colcon_core.package_identification:_identify(api) by extensions ['colcon_meta']
[2.089s] Level 1:colcon.colcon_core.package_identification:_identify(api) by extension 'colcon_meta'
[2.089s] Level 1:colcon.colcon_core.package_identification:_identify(api) by extensions ['ros']
[2.089s] Level 1:colcon.colcon_core.package_identification:_identify(api) by extension 'ros'
[2.090s] Level 1:colcon.colcon_core.package_identification:_identify(api) by extensions ['cmake', 'python']
[2.090s] Level 1:colcon.colcon_core.package_identification:_identify(api) by extension 'cmake'
[2.090s] Level 1:colcon.colcon_core.package_identification:_identify(api) by extension 'python'
[2.090s] Level 1:colcon.colcon_core.package_identification:_identify(api) by extensions ['python_setup_py']
[2.090s] Level 1:colcon.colcon_core.package_identification:_identify(api) by extension 'python_setup_py'
[2.091s] Level 1:colcon.colcon_core.package_identification:_identify(api/__pycache__) by extensions ['ignore', 'ignore_ament_install']
[2.091s] Level 1:colcon.colcon_core.package_identification:_identify(api/__pycache__) by extension 'ignore'
[2.091s] Level 1:colcon.colcon_core.package_identification:_identify(api/__pycache__) by extension 'ignore_ament_install'
[2.091s] Level 1:colcon.colcon_core.package_identification:_identify(api/__pycache__) by extensions ['colcon_pkg']
[2.091s] Level 1:colcon.colcon_core.package_identification:_identify(api/__pycache__) by extension 'colcon_pkg'
[2.092s] Level 1:colcon.colcon_core.package_identification:_identify(api/__pycache__) by extensions ['colcon_meta']
[2.092s] Level 1:colcon.colcon_core.package_identification:_identify(api/__pycache__) by extension 'colcon_meta'
[2.092s] Level 1:colcon.colcon_core.package_identification:_identify(api/__pycache__) by extensions ['ros']
[2.092s] Level 1:colcon.colcon_core.package_identification:_identify(api/__pycache__) by extension 'ros'
[2.092s] Level 1:colcon.colcon_core.package_identification:_identify(api/__pycache__) by extensions ['cmake', 'python']
[2.092s] Level 1:colcon.colcon_core.package_identification:_identify(api/__pycache__) by extension 'cmake'
[2.093s] Level 1:colcon.colcon_core.package_identification:_identify(api/__pycache__) by extension 'python'
[2.093s] Level 1:colcon.colcon_core.package_identification:_identify(api/__pycache__) by extensions ['python_setup_py']
[2.093s] Level 1:colcon.colcon_core.package_identification:_identify(api/__pycache__) by extension 'python_setup_py'
[2.093s] Level 1:colcon.colcon_core.package_identification:_identify(build) by extensions ['ignore', 'ignore_ament_install']
[2.094s] Level 1:colcon.colcon_core.package_identification:_identify(build) by extension 'ignore'
[2.094s] Level 1:colcon.colcon_core.package_identification:_identify(build) ignored
[2.094s] Level 1:colcon.colcon_core.package_identification:_identify(config) by extensions ['ignore', 'ignore_ament_install']
[2.095s] Level 1:colcon.colcon_core.package_identification:_identify(config) by extension 'ignore'
[2.095s] Level 1:colcon.colcon_core.package_identification:_identify(config) by extension 'ignore_ament_install'
[2.095s] Level 1:colcon.colcon_core.package_identification:_identify(config) by extensions ['colcon_pkg']
[2.095s] Level 1:colcon.colcon_core.package_identification:_identify(config) by extension 'colcon_pkg'
[2.095s] Level 1:colcon.colcon_core.package_identification:_identify(config) by extensions ['colcon_meta']
[2.095s] Level 1:colcon.colcon_core.package_identification:_identify(config) by extension 'colcon_meta'
[2.096s] Level 1:colcon.colcon_core.package_identification:_identify(config) by extensions ['ros']
[2.096s] Level 1:colcon.colcon_core.package_identification:_identify(config) by extension 'ros'
[2.096s] Level 1:colcon.colcon_core.package_identification:_identify(config) by extensions ['cmake', 'python']
[2.096s] Level 1:colcon.colcon_core.package_identification:_identify(config) by extension 'cmake'
[2.096s] Level 1:colcon.colcon_core.package_identification:_identify(config) by extension 'python'
[2.097s] Level 1:colcon.colcon_core.package_identification:_identify(config) by extensions ['python_setup_py']
[2.097s] Level 1:colcon.colcon_core.package_identification:_identify(config) by extension 'python_setup_py'
[2.097s] Level 1:colcon.colcon_core.package_identification:_identify(install) by extensions ['ignore', 'ignore_ament_install']
[2.098s] Level 1:colcon.colcon_core.package_identification:_identify(install) by extension 'ignore'
[2.098s] Level 1:colcon.colcon_core.package_identification:_identify(install) ignored
[2.098s] Level 1:colcon.colcon_core.package_identification:_identify(launch) by extensions ['ignore', 'ignore_ament_install']
[2.099s] Level 1:colcon.colcon_core.package_identification:_identify(launch) by extension 'ignore'
[2.099s] Level 1:colcon.colcon_core.package_identification:_identify(launch) by extension 'ignore_ament_install'
[2.099s] Level 1:colcon.colcon_core.package_identification:_identify(launch) by extensions ['colcon_pkg']
[2.099s] Level 1:colcon.colcon_core.package_identification:_identify(launch) by extension 'colcon_pkg'
[2.099s] Level 1:colcon.colcon_core.package_identification:_identify(launch) by extensions ['colcon_meta']
[2.099s] Level 1:colcon.colcon_core.package_identification:_identify(launch) by extension 'colcon_meta'
[2.099s] Level 1:colcon.colcon_core.package_identification:_identify(launch) by extensions ['ros']
[2.099s] Level 1:colcon.colcon_core.package_identification:_identify(launch) by extension 'ros'
[2.100s] Level 1:colcon.colcon_core.package_identification:_identify(launch) by extensions ['cmake', 'python']
[2.100s] Level 1:colcon.colcon_core.package_identification:_identify(launch) by extension 'cmake'
[2.100s] Level 1:colcon.colcon_core.package_identification:_identify(launch) by extension 'python'
[2.100s] Level 1:colcon.colcon_core.package_identification:_identify(launch) by extensions ['python_setup_py']
[2.100s] Level 1:colcon.colcon_core.package_identification:_identify(launch) by extension 'python_setup_py'
[2.101s] Level 1:colcon.colcon_core.package_identification:_identify(log) by extensions ['ignore', 'ignore_ament_install']
[2.101s] Level 1:colcon.colcon_core.package_identification:_identify(log) by extension 'ignore'
[2.101s] Level 1:colcon.colcon_core.package_identification:_identify(log) ignored
[2.102s] Level 1:colcon.colcon_core.package_identification:_identify(scripts) by extensions ['ignore', 'ignore_ament_install']
[2.102s] Level 1:colcon.colcon_core.package_identification:_identify(scripts) by extension 'ignore'
[2.102s] Level 1:colcon.colcon_core.package_identification:_identify(scripts) by extension 'ignore_ament_install'
[2.102s] Level 1:colcon.colcon_core.package_identification:_identify(scripts) by extensions ['colcon_pkg']
[2.102s] Level 1:colcon.colcon_core.package_identification:_identify(scripts) by extension 'colcon_pkg'
[2.103s] Level 1:colcon.colcon_core.package_identification:_identify(scripts) by extensions ['colcon_meta']
[2.103s] Level 1:colcon.colcon_core.package_identification:_identify(scripts) by extension 'colcon_meta'
[2.103s] Level 1:colcon.colcon_core.package_identification:_identify(scripts) by extensions ['ros']
[2.103s] Level 1:colcon.colcon_core.package_identification:_identify(scripts) by extension 'ros'
[2.103s] Level 1:colcon.colcon_core.package_identification:_identify(scripts) by extensions ['cmake', 'python']
[2.103s] Level 1:colcon.colcon_core.package_identification:_identify(scripts) by extension 'cmake'
[2.104s] Level 1:colcon.colcon_core.package_identification:_identify(scripts) by extension 'python'
[2.104s] Level 1:colcon.colcon_core.package_identification:_identify(scripts) by extensions ['python_setup_py']
[2.104s] Level 1:colcon.colcon_core.package_identification:_identify(scripts) by extension 'python_setup_py'
[2.104s] Level 1:colcon.colcon_core.package_identification:_identify(scripts/ai) by extensions ['ignore', 'ignore_ament_install']
[2.105s] Level 1:colcon.colcon_core.package_identification:_identify(scripts/ai) by extension 'ignore'
[2.105s] Level 1:colcon.colcon_core.package_identification:_identify(scripts/ai) by extension 'ignore_ament_install'
[2.105s] Level 1:colcon.colcon_core.package_identification:_identify(scripts/ai) by extensions ['colcon_pkg']
[2.105s] Level 1:colcon.colcon_core.package_identification:_identify(scripts/ai) by extension 'colcon_pkg'
[2.106s] Level 1:colcon.colcon_core.package_identification:_identify(scripts/ai) by extensions ['colcon_meta']
[2.106s] Level 1:colcon.colcon_core.package_identification:_identify(scripts/ai) by extension 'colcon_meta'
[2.106s] Level 1:colcon.colcon_core.package_identification:_identify(scripts/ai) by extensions ['ros']
[2.106s] Level 1:colcon.colcon_core.package_identification:_identify(scripts/ai) by extension 'ros'
[2.106s] Level 1:colcon.colcon_core.package_identification:_identify(scripts/ai) by extensions ['cmake', 'python']
[2.106s] Level 1:colcon.colcon_core.package_identification:_identify(scripts/ai) by extension 'cmake'
[2.107s] Level 1:colcon.colcon_core.package_identification:_identify(scripts/ai) by extension 'python'
[2.107s] Level 1:colcon.colcon_core.package_identification:_identify(scripts/ai) by extensions ['python_setup_py']
[2.107s] Level 1:colcon.colcon_core.package_identification:_identify(scripts/ai) by extension 'python_setup_py'
[2.107s] Level 1:colcon.colcon_core.package_identification:_identify(scripts/motor) by extensions ['ignore', 'ignore_ament_install']
[2.108s] Level 1:colcon.colcon_core.package_identification:_identify(scripts/motor) by extension 'ignore'
[2.108s] Level 1:colcon.colcon_core.package_identification:_identify(scripts/motor) by extension 'ignore_ament_install'
[2.108s] Level 1:colcon.colcon_core.package_identification:_identify(scripts/motor) by extensions ['colcon_pkg']
[2.109s] Level 1:colcon.colcon_core.package_identification:_identify(scripts/motor) by extension 'colcon_pkg'
[2.109s] Level 1:colcon.colcon_core.package_identification:_identify(scripts/motor) by extensions ['colcon_meta']
[2.109s] Level 1:colcon.colcon_core.package_identification:_identify(scripts/motor) by extension 'colcon_meta'
[2.109s] Level 1:colcon.colcon_core.package_identification:_identify(scripts/motor) by extensions ['ros']
[2.109s] Level 1:colcon.colcon_core.package_identification:_identify(scripts/motor) by extension 'ros'
[2.110s] Level 1:colcon.colcon_core.package_identification:_identify(scripts/motor) by extensions ['cmake', 'python']
[2.110s] Level 1:colcon.colcon_core.package_identification:_identify(scripts/motor) by extension 'cmake'
[2.110s] Level 1:colcon.colcon_core.package_identification:_identify(scripts/motor) by extension 'python'
[2.110s] Level 1:colcon.colcon_core.package_identification:_identify(scripts/motor) by extensions ['python_setup_py']
[2.110s] Level 1:colcon.colcon_core.package_identification:_identify(scripts/motor) by extension 'python_setup_py'
[2.111s] Level 1:colcon.colcon_core.package_identification:_identify(scripts/ws) by extensions ['ignore', 'ignore_ament_install']
[2.111s] Level 1:colcon.colcon_core.package_identification:_identify(scripts/ws) by extension 'ignore'
[2.111s] Level 1:colcon.colcon_core.package_identification:_identify(scripts/ws) by extension 'ignore_ament_install'
[2.112s] Level 1:colcon.colcon_core.package_identification:_identify(scripts/ws) by extensions ['colcon_pkg']
[2.112s] Level 1:colcon.colcon_core.package_identification:_identify(scripts/ws) by extension 'colcon_pkg'
[2.112s] Level 1:colcon.colcon_core.package_identification:_identify(scripts/ws) by extensions ['colcon_meta']
[2.112s] Level 1:colcon.colcon_core.package_identification:_identify(scripts/ws) by extension 'colcon_meta'
[2.112s] Level 1:colcon.colcon_core.package_identification:_identify(scripts/ws) by extensions ['ros']
[2.112s] Level 1:colcon.colcon_core.package_identification:_identify(scripts/ws) by extension 'ros'
[2.113s] Level 1:colcon.colcon_core.package_identification:_identify(scripts/ws) by extensions ['cmake', 'python']
[2.113s] Level 1:colcon.colcon_core.package_identification:_identify(scripts/ws) by extension 'cmake'
[2.113s] Level 1:colcon.colcon_core.package_identification:_identify(scripts/ws) by extension 'python'
[2.113s] Level 1:colcon.colcon_core.package_identification:_identify(scripts/ws) by extensions ['python_setup_py']
[2.114s] Level 1:colcon.colcon_core.package_identification:_identify(scripts/ws) by extension 'python_setup_py'
[2.114s] Level 1:colcon.colcon_core.package_identification:_identify(src) by extensions ['ignore', 'ignore_ament_install']
[2.114s] Level 1:colcon.colcon_core.package_identification:_identify(src) by extension 'ignore'
[2.115s] Level 1:colcon.colcon_core.package_identification:_identify(src) by extension 'ignore_ament_install'
[2.115s] Level 1:colcon.colcon_core.package_identification:_identify(src) by extensions ['colcon_pkg']
[2.115s] Level 1:colcon.colcon_core.package_identification:_identify(src) by extension 'colcon_pkg'
[2.115s] Level 1:colcon.colcon_core.package_identification:_identify(src) by extensions ['colcon_meta']
[2.115s] Level 1:colcon.colcon_core.package_identification:_identify(src) by extension 'colcon_meta'
[2.115s] Level 1:colcon.colcon_core.package_identification:_identify(src) by extensions ['ros']
[2.115s] Level 1:colcon.colcon_core.package_identification:_identify(src) by extension 'ros'
[2.116s] Level 1:colcon.colcon_core.package_identification:_identify(src) by extensions ['cmake', 'python']
[2.116s] Level 1:colcon.colcon_core.package_identification:_identify(src) by extension 'cmake'
[2.116s] Level 1:colcon.colcon_core.package_identification:_identify(src) by extension 'python'
[2.116s] Level 1:colcon.colcon_core.package_identification:_identify(src) by extensions ['python_setup_py']
[2.116s] Level 1:colcon.colcon_core.package_identification:_identify(src) by extension 'python_setup_py'
[2.117s] Level 1:colcon.colcon_core.package_identification:_identify(src/examples) by extensions ['ignore', 'ignore_ament_install']
[2.117s] Level 1:colcon.colcon_core.package_identification:_identify(src/examples) by extension 'ignore'
[2.117s] Level 1:colcon.colcon_core.package_identification:_identify(src/examples) by extension 'ignore_ament_install'
[2.117s] Level 1:colcon.colcon_core.package_identification:_identify(src/examples) by extensions ['colcon_pkg']
[2.117s] Level 1:colcon.colcon_core.package_identification:_identify(src/examples) by extension 'colcon_pkg'
[2.118s] Level 1:colcon.colcon_core.package_identification:_identify(src/examples) by extensions ['colcon_meta']
[2.118s] Level 1:colcon.colcon_core.package_identification:_identify(src/examples) by extension 'colcon_meta'
[2.118s] Level 1:colcon.colcon_core.package_identification:_identify(src/examples) by extensions ['ros']
[2.118s] Level 1:colcon.colcon_core.package_identification:_identify(src/examples) by extension 'ros'
[2.118s] Level 1:colcon.colcon_core.package_identification:_identify(src/examples) by extensions ['cmake', 'python']
[2.119s] Level 1:colcon.colcon_core.package_identification:_identify(src/examples) by extension 'cmake'
[2.119s] Level 1:colcon.colcon_core.package_identification:_identify(src/examples) by extension 'python'
[2.119s] Level 1:colcon.colcon_core.package_identification:_identify(src/examples) by extensions ['python_setup_py']
[2.119s] Level 1:colcon.colcon_core.package_identification:_identify(src/examples) by extension 'python_setup_py'
[2.119s] Level 1:colcon.colcon_core.package_identification:_identify(src/joy_cmd) by extensions ['ignore', 'ignore_ament_install']
[2.120s] Level 1:colcon.colcon_core.package_identification:_identify(src/joy_cmd) by extension 'ignore'
[2.120s] Level 1:colcon.colcon_core.package_identification:_identify(src/joy_cmd) by extension 'ignore_ament_install'
[2.120s] Level 1:colcon.colcon_core.package_identification:_identify(src/joy_cmd) by extensions ['colcon_pkg']
[2.120s] Level 1:colcon.colcon_core.package_identification:_identify(src/joy_cmd) by extension 'colcon_pkg'
[2.120s] Level 1:colcon.colcon_core.package_identification:_identify(src/joy_cmd) by extensions ['colcon_meta']
[2.120s] Level 1:colcon.colcon_core.package_identification:_identify(src/joy_cmd) by extension 'colcon_meta'
[2.121s] Level 1:colcon.colcon_core.package_identification:_identify(src/joy_cmd) by extensions ['ros']
[2.121s] Level 1:colcon.colcon_core.package_identification:_identify(src/joy_cmd) by extension 'ros'
[2.129s] DEBUG:colcon.colcon_core.package_identification:Package 'src/joy_cmd' with type 'ros.ament_python' and name 'joy_cmd'
[2.129s] Level 1:colcon.colcon_core.package_identification:_identify(src/rf2o_laser_odometry) by extensions ['ignore', 'ignore_ament_install']
[2.130s] Level 1:colcon.colcon_core.package_identification:_identify(src/rf2o_laser_odometry) by extension 'ignore'
[2.130s] Level 1:colcon.colcon_core.package_identification:_identify(src/rf2o_laser_odometry) by extension 'ignore_ament_install'
[2.130s] Level 1:colcon.colcon_core.package_identification:_identify(src/rf2o_laser_odometry) by extensions ['colcon_pkg']
[2.130s] Level 1:colcon.colcon_core.package_identification:_identify(src/rf2o_laser_odometry) by extension 'colcon_pkg'
[2.130s] Level 1:colcon.colcon_core.package_identification:_identify(src/rf2o_laser_odometry) by extensions ['colcon_meta']
[2.130s] Level 1:colcon.colcon_core.package_identification:_identify(src/rf2o_laser_odometry) by extension 'colcon_meta'
[2.131s] Level 1:colcon.colcon_core.package_identification:_identify(src/rf2o_laser_odometry) by extensions ['ros']
[2.131s] Level 1:colcon.colcon_core.package_identification:_identify(src/rf2o_laser_odometry) by extension 'ros'
[2.131s] Level 1:colcon.colcon_core.package_identification:_identify(src/rf2o_laser_odometry) by extensions ['cmake', 'python']
[2.131s] Level 1:colcon.colcon_core.package_identification:_identify(src/rf2o_laser_odometry) by extension 'cmake'
[2.131s] Level 1:colcon.colcon_core.package_identification:_identify(src/rf2o_laser_odometry) by extension 'python'
[2.131s] Level 1:colcon.colcon_core.package_identification:_identify(src/rf2o_laser_odometry) by extensions ['python_setup_py']
[2.132s] Level 1:colcon.colcon_core.package_identification:_identify(src/rf2o_laser_odometry) by extension 'python_setup_py'
[2.132s] Level 1:colcon.colcon_core.package_identification:_identify(src/ros2_differential_drive) by extensions ['ignore', 'ignore_ament_install']
[2.132s] Level 1:colcon.colcon_core.package_identification:_identify(src/ros2_differential_drive) by extension 'ignore'
[2.133s] Level 1:colcon.colcon_core.package_identification:_identify(src/ros2_differential_drive) by extension 'ignore_ament_install'
[2.133s] Level 1:colcon.colcon_core.package_identification:_identify(src/ros2_differential_drive) by extensions ['colcon_pkg']
[2.133s] Level 1:colcon.colcon_core.package_identification:_identify(src/ros2_differential_drive) by extension 'colcon_pkg'
[2.133s] Level 1:colcon.colcon_core.package_identification:_identify(src/ros2_differential_drive) by extensions ['colcon_meta']
[2.133s] Level 1:colcon.colcon_core.package_identification:_identify(src/ros2_differential_drive) by extension 'colcon_meta'
[2.133s] Level 1:colcon.colcon_core.package_identification:_identify(src/ros2_differential_drive) by extensions ['ros']
[2.134s] Level 1:colcon.colcon_core.package_identification:_identify(src/ros2_differential_drive) by extension 'ros'
[2.137s] DEBUG:colcon.colcon_core.package_identification:Package 'src/ros2_differential_drive' with type 'ros.ament_python' and name 'differential_drive'
[2.138s] Level 1:colcon.colcon_core.package_identification:_identify(src/ros2_pi_gpio) by extensions ['ignore', 'ignore_ament_install']
[2.138s] Level 1:colcon.colcon_core.package_identification:_identify(src/ros2_pi_gpio) by extension 'ignore'
[2.138s] Level 1:colcon.colcon_core.package_identification:_identify(src/ros2_pi_gpio) by extension 'ignore_ament_install'
[2.138s] Level 1:colcon.colcon_core.package_identification:_identify(src/ros2_pi_gpio) by extensions ['colcon_pkg']
[2.139s] Level 1:colcon.colcon_core.package_identification:_identify(src/ros2_pi_gpio) by extension 'colcon_pkg'
[2.139s] Level 1:colcon.colcon_core.package_identification:_identify(src/ros2_pi_gpio) by extensions ['colcon_meta']
[2.139s] Level 1:colcon.colcon_core.package_identification:_identify(src/ros2_pi_gpio) by extension 'colcon_meta'
[2.139s] Level 1:colcon.colcon_core.package_identification:_identify(src/ros2_pi_gpio) by extensions ['ros']
[2.139s] Level 1:colcon.colcon_core.package_identification:_identify(src/ros2_pi_gpio) by extension 'ros'
[2.139s] Level 1:colcon.colcon_core.package_identification:_identify(src/ros2_pi_gpio) by extensions ['cmake', 'python']
[2.140s] Level 1:colcon.colcon_core.package_identification:_identify(src/ros2_pi_gpio) by extension 'cmake'
[2.140s] Level 1:colcon.colcon_core.package_identification:_identify(src/ros2_pi_gpio) by extension 'python'
[2.140s] Level 1:colcon.colcon_core.package_identification:_identify(src/ros2_pi_gpio) by extensions ['python_setup_py']
[2.140s] Level 1:colcon.colcon_core.package_identification:_identify(src/ros2_pi_gpio) by extension 'python_setup_py'
[2.141s] Level 1:colcon.colcon_core.package_identification:_identify(src/sabertooth) by extensions ['ignore', 'ignore_ament_install']
[2.141s] Level 1:colcon.colcon_core.package_identification:_identify(src/sabertooth) by extension 'ignore'
[2.141s] Level 1:colcon.colcon_core.package_identification:_identify(src/sabertooth) by extension 'ignore_ament_install'
[2.141s] Level 1:colcon.colcon_core.package_identification:_identify(src/sabertooth) by extensions ['colcon_pkg']
[2.141s] Level 1:colcon.colcon_core.package_identification:_identify(src/sabertooth) by extension 'colcon_pkg'
[2.142s] Level 1:colcon.colcon_core.package_identification:_identify(src/sabertooth) by extensions ['colcon_meta']
[2.142s] Level 1:colcon.colcon_core.package_identification:_identify(src/sabertooth) by extension 'colcon_meta'
[2.142s] Level 1:colcon.colcon_core.package_identification:_identify(src/sabertooth) by extensions ['ros']
[2.142s] Level 1:colcon.colcon_core.package_identification:_identify(src/sabertooth) by extension 'ros'
[2.145s] DEBUG:colcon.colcon_core.package_identification:Package 'src/sabertooth' with type 'ros.ament_python' and name 'sabertooth'
[2.146s] Level 1:colcon.colcon_core.package_identification:_identify(src/scootbot_description) by extensions ['ignore', 'ignore_ament_install']
[2.146s] Level 1:colcon.colcon_core.package_identification:_identify(src/scootbot_description) by extension 'ignore'
[2.147s] Level 1:colcon.colcon_core.package_identification:_identify(src/scootbot_description) by extension 'ignore_ament_install'
[2.147s] Level 1:colcon.colcon_core.package_identification:_identify(src/scootbot_description) by extensions ['colcon_pkg']
[2.147s] Level 1:colcon.colcon_core.package_identification:_identify(src/scootbot_description) by extension 'colcon_pkg'
[2.147s] Level 1:colcon.colcon_core.package_identification:_identify(src/scootbot_description) by extensions ['colcon_meta']
[2.147s] Level 1:colcon.colcon_core.package_identification:_identify(src/scootbot_description) by extension 'colcon_meta'
[2.147s] Level 1:colcon.colcon_core.package_identification:_identify(src/scootbot_description) by extensions ['ros']
[2.147s] Level 1:colcon.colcon_core.package_identification:_identify(src/scootbot_description) by extension 'ros'
[2.149s] DEBUG:colcon.colcon_core.package_identification:Package 'src/scootbot_description' with type 'ros.ament_cmake' and name 'scootbot_description'
[2.150s] Level 1:colcon.colcon_core.package_identification:_identify(src/sllidar_ros2) by extensions ['ignore', 'ignore_ament_install']
[2.150s] Level 1:colcon.colcon_core.package_identification:_identify(src/sllidar_ros2) by extension 'ignore'
[2.151s] Level 1:colcon.colcon_core.package_identification:_identify(src/sllidar_ros2) by extension 'ignore_ament_install'
[2.151s] Level 1:colcon.colcon_core.package_identification:_identify(src/sllidar_ros2) by extensions ['colcon_pkg']
[2.151s] Level 1:colcon.colcon_core.package_identification:_identify(src/sllidar_ros2) by extension 'colcon_pkg'
[2.151s] Level 1:colcon.colcon_core.package_identification:_identify(src/sllidar_ros2) by extensions ['colcon_meta']
[2.151s] Level 1:colcon.colcon_core.package_identification:_identify(src/sllidar_ros2) by extension 'colcon_meta'
[2.151s] Level 1:colcon.colcon_core.package_identification:_identify(src/sllidar_ros2) by extensions ['ros']
[2.152s] Level 1:colcon.colcon_core.package_identification:_identify(src/sllidar_ros2) by extension 'ros'
[2.154s] DEBUG:colcon.colcon_core.package_identification:Package 'src/sllidar_ros2' with type 'ros.ament_cmake' and name 'sllidar_ros2'
[2.155s] Level 1:colcon.colcon_core.package_identification:_identify(webui) by extensions ['ignore', 'ignore_ament_install']
[2.155s] Level 1:colcon.colcon_core.package_identification:_identify(webui) by extension 'ignore'
[2.155s] Level 1:colcon.colcon_core.package_identification:_identify(webui) by extension 'ignore_ament_install'
[2.155s] Level 1:colcon.colcon_core.package_identification:_identify(webui) by extensions ['colcon_pkg']
[2.156s] Level 1:colcon.colcon_core.package_identification:_identify(webui) by extension 'colcon_pkg'
[2.156s] Level 1:colcon.colcon_core.package_identification:_identify(webui) by extensions ['colcon_meta']
[2.156s] Level 1:colcon.colcon_core.package_identification:_identify(webui) by extension 'colcon_meta'
[2.156s] Level 1:colcon.colcon_core.package_identification:_identify(webui) by extensions ['ros']
[2.156s] Level 1:colcon.colcon_core.package_identification:_identify(webui) by extension 'ros'
[2.156s] Level 1:colcon.colcon_core.package_identification:_identify(webui) by extensions ['cmake', 'python']
[2.157s] Level 1:colcon.colcon_core.package_identification:_identify(webui) by extension 'cmake'
[2.157s] Level 1:colcon.colcon_core.package_identification:_identify(webui) by extension 'python'
[2.157s] Level 1:colcon.colcon_core.package_identification:_identify(webui) by extensions ['python_setup_py']
[2.157s] Level 1:colcon.colcon_core.package_identification:_identify(webui) by extension 'python_setup_py'
[2.157s] Level 1:colcon.colcon_core.package_identification:_identify(webui/__pycache__) by extensions ['ignore', 'ignore_ament_install']
[2.158s] Level 1:colcon.colcon_core.package_identification:_identify(webui/__pycache__) by extension 'ignore'
[2.158s] Level 1:colcon.colcon_core.package_identification:_identify(webui/__pycache__) by extension 'ignore_ament_install'
[2.158s] Level 1:colcon.colcon_core.package_identification:_identify(webui/__pycache__) by extensions ['colcon_pkg']
[2.158s] Level 1:colcon.colcon_core.package_identification:_identify(webui/__pycache__) by extension 'colcon_pkg'
[2.158s] Level 1:colcon.colcon_core.package_identification:_identify(webui/__pycache__) by extensions ['colcon_meta']
[2.159s] Level 1:colcon.colcon_core.package_identification:_identify(webui/__pycache__) by extension 'colcon_meta'
[2.159s] Level 1:colcon.colcon_core.package_identification:_identify(webui/__pycache__) by extensions ['ros']
[2.159s] Level 1:colcon.colcon_core.package_identification:_identify(webui/__pycache__) by extension 'ros'
[2.159s] Level 1:colcon.colcon_core.package_identification:_identify(webui/__pycache__) by extensions ['cmake', 'python']
[2.159s] Level 1:colcon.colcon_core.package_identification:_identify(webui/__pycache__) by extension 'cmake'
[2.159s] Level 1:colcon.colcon_core.package_identification:_identify(webui/__pycache__) by extension 'python'
[2.160s] Level 1:colcon.colcon_core.package_identification:_identify(webui/__pycache__) by extensions ['python_setup_py']
[2.160s] Level 1:colcon.colcon_core.package_identification:_identify(webui/__pycache__) by extension 'python_setup_py'
[2.160s] Level 1:colcon.colcon_core.package_identification:_identify(webui/static) by extensions ['ignore', 'ignore_ament_install']
[2.161s] Level 1:colcon.colcon_core.package_identification:_identify(webui/static) by extension 'ignore'
[2.161s] Level 1:colcon.colcon_core.package_identification:_identify(webui/static) by extension 'ignore_ament_install'
[2.161s] Level 1:colcon.colcon_core.package_identification:_identify(webui/static) by extensions ['colcon_pkg']
[2.161s] Level 1:colcon.colcon_core.package_identification:_identify(webui/static) by extension 'colcon_pkg'
[2.162s] Level 1:colcon.colcon_core.package_identification:_identify(webui/static) by extensions ['colcon_meta']
[2.162s] Level 1:colcon.colcon_core.package_identification:_identify(webui/static) by extension 'colcon_meta'
[2.162s] Level 1:colcon.colcon_core.package_identification:_identify(webui/static) by extensions ['ros']
[2.162s] Level 1:colcon.colcon_core.package_identification:_identify(webui/static) by extension 'ros'
[2.162s] Level 1:colcon.colcon_core.package_identification:_identify(webui/static) by extensions ['cmake', 'python']
[2.162s] Level 1:colcon.colcon_core.package_identification:_identify(webui/static) by extension 'cmake'
[2.163s] Level 1:colcon.colcon_core.package_identification:_identify(webui/static) by extension 'python'
[2.163s] Level 1:colcon.colcon_core.package_identification:_identify(webui/static) by extensions ['python_setup_py']
[2.163s] Level 1:colcon.colcon_core.package_identification:_identify(webui/static) by extension 'python_setup_py'
[2.163s] Level 1:colcon.colcon_core.package_identification:_identify(webui/static/css) by extensions ['ignore', 'ignore_ament_install']
[2.164s] Level 1:colcon.colcon_core.package_identification:_identify(webui/static/css) by extension 'ignore'
[2.164s] Level 1:colcon.colcon_core.package_identification:_identify(webui/static/css) by extension 'ignore_ament_install'
[2.164s] Level 1:colcon.colcon_core.package_identification:_identify(webui/static/css) by extensions ['colcon_pkg']
[2.164s] Level 1:colcon.colcon_core.package_identification:_identify(webui/static/css) by extension 'colcon_pkg'
[2.164s] Level 1:colcon.colcon_core.package_identification:_identify(webui/static/css) by extensions ['colcon_meta']
[2.164s] Level 1:colcon.colcon_core.package_identification:_identify(webui/static/css) by extension 'colcon_meta'
[2.165s] Level 1:colcon.colcon_core.package_identification:_identify(webui/static/css) by extensions ['ros']
[2.165s] Level 1:colcon.colcon_core.package_identification:_identify(webui/static/css) by extension 'ros'
[2.165s] Level 1:colcon.colcon_core.package_identification:_identify(webui/static/css) by extensions ['cmake', 'python']
[2.165s] Level 1:colcon.colcon_core.package_identification:_identify(webui/static/css) by extension 'cmake'
[2.165s] Level 1:colcon.colcon_core.package_identification:_identify(webui/static/css) by extension 'python'
[2.165s] Level 1:colcon.colcon_core.package_identification:_identify(webui/static/css) by extensions ['python_setup_py']
[2.165s] Level 1:colcon.colcon_core.package_identification:_identify(webui/static/css) by extension 'python_setup_py'
[2.166s] Level 1:colcon.colcon_core.package_identification:_identify(webui/static/ico) by extensions ['ignore', 'ignore_ament_install']
[2.166s] Level 1:colcon.colcon_core.package_identification:_identify(webui/static/ico) by extension 'ignore'
[2.167s] Level 1:colcon.colcon_core.package_identification:_identify(webui/static/ico) by extension 'ignore_ament_install'
[2.167s] Level 1:colcon.colcon_core.package_identification:_identify(webui/static/ico) by extensions ['colcon_pkg']
[2.167s] Level 1:colcon.colcon_core.package_identification:_identify(webui/static/ico) by extension 'colcon_pkg'
[2.167s] Level 1:colcon.colcon_core.package_identification:_identify(webui/static/ico) by extensions ['colcon_meta']
[2.167s] Level 1:colcon.colcon_core.package_identification:_identify(webui/static/ico) by extension 'colcon_meta'
[2.167s] Level 1:colcon.colcon_core.package_identification:_identify(webui/static/ico) by extensions ['ros']
[2.167s] Level 1:colcon.colcon_core.package_identification:_identify(webui/static/ico) by extension 'ros'
[2.168s] Level 1:colcon.colcon_core.package_identification:_identify(webui/static/ico) by extensions ['cmake', 'python']
[2.168s] Level 1:colcon.colcon_core.package_identification:_identify(webui/static/ico) by extension 'cmake'
[2.168s] Level 1:colcon.colcon_core.package_identification:_identify(webui/static/ico) by extension 'python'
[2.168s] Level 1:colcon.colcon_core.package_identification:_identify(webui/static/ico) by extensions ['python_setup_py']
[2.168s] Level 1:colcon.colcon_core.package_identification:_identify(webui/static/ico) by extension 'python_setup_py'
[2.169s] Level 1:colcon.colcon_core.package_identification:_identify(webui/static/img) by extensions ['ignore', 'ignore_ament_install']
[2.169s] Level 1:colcon.colcon_core.package_identification:_identify(webui/static/img) by extension 'ignore'
[2.170s] Level 1:colcon.colcon_core.package_identification:_identify(webui/static/img) by extension 'ignore_ament_install'
[2.170s] Level 1:colcon.colcon_core.package_identification:_identify(webui/static/img) by extensions ['colcon_pkg']
[2.170s] Level 1:colcon.colcon_core.package_identification:_identify(webui/static/img) by extension 'colcon_pkg'
[2.170s] Level 1:colcon.colcon_core.package_identification:_identify(webui/static/img) by extensions ['colcon_meta']
[2.170s] Level 1:colcon.colcon_core.package_identification:_identify(webui/static/img) by extension 'colcon_meta'
[2.170s] Level 1:colcon.colcon_core.package_identification:_identify(webui/static/img) by extensions ['ros']
[2.171s] Level 1:colcon.colcon_core.package_identification:_identify(webui/static/img) by extension 'ros'
[2.171s] Level 1:colcon.colcon_core.package_identification:_identify(webui/static/img) by extensions ['cmake', 'python']
[2.171s] Level 1:colcon.colcon_core.package_identification:_identify(webui/static/img) by extension 'cmake'
[2.171s] Level 1:colcon.colcon_core.package_identification:_identify(webui/static/img) by extension 'python'
[2.171s] Level 1:colcon.colcon_core.package_identification:_identify(webui/static/img) by extensions ['python_setup_py']
[2.171s] Level 1:colcon.colcon_core.package_identification:_identify(webui/static/img) by extension 'python_setup_py'
[2.172s] Level 1:colcon.colcon_core.package_identification:_identify(webui/static/js) by extensions ['ignore', 'ignore_ament_install']
[2.172s] Level 1:colcon.colcon_core.package_identification:_identify(webui/static/js) by extension 'ignore'
[2.172s] Level 1:colcon.colcon_core.package_identification:_identify(webui/static/js) by extension 'ignore_ament_install'
[2.173s] Level 1:colcon.colcon_core.package_identification:_identify(webui/static/js) by extensions ['colcon_pkg']
[2.173s] Level 1:colcon.colcon_core.package_identification:_identify(webui/static/js) by extension 'colcon_pkg'
[2.173s] Level 1:colcon.colcon_core.package_identification:_identify(webui/static/js) by extensions ['colcon_meta']
[2.173s] Level 1:colcon.colcon_core.package_identification:_identify(webui/static/js) by extension 'colcon_meta'
[2.173s] Level 1:colcon.colcon_core.package_identification:_identify(webui/static/js) by extensions ['ros']
[2.173s] Level 1:colcon.colcon_core.package_identification:_identify(webui/static/js) by extension 'ros'
[2.173s] Level 1:colcon.colcon_core.package_identification:_identify(webui/static/js) by extensions ['cmake', 'python']
[2.174s] Level 1:colcon.colcon_core.package_identification:_identify(webui/static/js) by extension 'cmake'
[2.174s] Level 1:colcon.colcon_core.package_identification:_identify(webui/static/js) by extension 'python'
[2.174s] Level 1:colcon.colcon_core.package_identification:_identify(webui/static/js) by extensions ['python_setup_py']
[2.174s] Level 1:colcon.colcon_core.package_identification:_identify(webui/static/js) by extension 'python_setup_py'
[2.175s] Level 1:colcon.colcon_core.package_identification:_identify(webui/templates) by extensions ['ignore', 'ignore_ament_install']
[2.175s] Level 1:colcon.colcon_core.package_identification:_identify(webui/templates) by extension 'ignore'
[2.175s] Level 1:colcon.colcon_core.package_identification:_identify(webui/templates) by extension 'ignore_ament_install'
[2.175s] Level 1:colcon.colcon_core.package_identification:_identify(webui/templates) by extensions ['colcon_pkg']
[2.175s] Level 1:colcon.colcon_core.package_identification:_identify(webui/templates) by extension 'colcon_pkg'
[2.175s] Level 1:colcon.colcon_core.package_identification:_identify(webui/templates) by extensions ['colcon_meta']
[2.176s] Level 1:colcon.colcon_core.package_identification:_identify(webui/templates) by extension 'colcon_meta'
[2.176s] Level 1:colcon.colcon_core.package_identification:_identify(webui/templates) by extensions ['ros']
[2.176s] Level 1:colcon.colcon_core.package_identification:_identify(webui/templates) by extension 'ros'
[2.176s] Level 1:colcon.colcon_core.package_identification:_identify(webui/templates) by extensions ['cmake', 'python']
[2.176s] Level 1:colcon.colcon_core.package_identification:_identify(webui/templates) by extension 'cmake'
[2.177s] Level 1:colcon.colcon_core.package_identification:_identify(webui/templates) by extension 'python'
[2.177s] Level 1:colcon.colcon_core.package_identification:_identify(webui/templates) by extensions ['python_setup_py']
[2.177s] Level 1:colcon.colcon_core.package_identification:_identify(webui/templates) by extension 'python_setup_py'
[2.178s] Level 1:colcon.colcon_core.package_identification:_identify(webui/templates/admin) by extensions ['ignore', 'ignore_ament_install']
[2.178s] Level 1:colcon.colcon_core.package_identification:_identify(webui/templates/admin) by extension 'ignore'
[2.178s] Level 1:colcon.colcon_core.package_identification:_identify(webui/templates/admin) by extension 'ignore_ament_install'
[2.178s] Level 1:colcon.colcon_core.package_identification:_identify(webui/templates/admin) by extensions ['colcon_pkg']
[2.178s] Level 1:colcon.colcon_core.package_identification:_identify(webui/templates/admin) by extension 'colcon_pkg'
[2.179s] Level 1:colcon.colcon_core.package_identification:_identify(webui/templates/admin) by extensions ['colcon_meta']
[2.179s] Level 1:colcon.colcon_core.package_identification:_identify(webui/templates/admin) by extension 'colcon_meta'
[2.179s] Level 1:colcon.colcon_core.package_identification:_identify(webui/templates/admin) by extensions ['ros']
[2.179s] Level 1:colcon.colcon_core.package_identification:_identify(webui/templates/admin) by extension 'ros'
[2.179s] Level 1:colcon.colcon_core.package_identification:_identify(webui/templates/admin) by extensions ['cmake', 'python']
[2.179s] Level 1:colcon.colcon_core.package_identification:_identify(webui/templates/admin) by extension 'cmake'
[2.179s] Level 1:colcon.colcon_core.package_identification:_identify(webui/templates/admin) by extension 'python'
[2.180s] Level 1:colcon.colcon_core.package_identification:_identify(webui/templates/admin) by extensions ['python_setup_py']
[2.180s] Level 1:colcon.colcon_core.package_identification:_identify(webui/templates/admin) by extension 'python_setup_py'
[2.180s] Level 1:colcon.colcon_core.package_identification:_identify(webui/templates/errors) by extensions ['ignore', 'ignore_ament_install']
[2.181s] Level 1:colcon.colcon_core.package_identification:_identify(webui/templates/errors) by extension 'ignore'
[2.181s] Level 1:colcon.colcon_core.package_identification:_identify(webui/templates/errors) by extension 'ignore_ament_install'
[2.181s] Level 1:colcon.colcon_core.package_identification:_identify(webui/templates/errors) by extensions ['colcon_pkg']
[2.181s] Level 1:colcon.colcon_core.package_identification:_identify(webui/templates/errors) by extension 'colcon_pkg'
[2.181s] Level 1:colcon.colcon_core.package_identification:_identify(webui/templates/errors) by extensions ['colcon_meta']
[2.181s] Level 1:colcon.colcon_core.package_identification:_identify(webui/templates/errors) by extension 'colcon_meta'
[2.182s] Level 1:colcon.colcon_core.package_identification:_identify(webui/templates/errors) by extensions ['ros']
[2.182s] Level 1:colcon.colcon_core.package_identification:_identify(webui/templates/errors) by extension 'ros'
[2.182s] Level 1:colcon.colcon_core.package_identification:_identify(webui/templates/errors) by extensions ['cmake', 'python']
[2.182s] Level 1:colcon.colcon_core.package_identification:_identify(webui/templates/errors) by extension 'cmake'
[2.182s] Level 1:colcon.colcon_core.package_identification:_identify(webui/templates/errors) by extension 'python'
[2.182s] Level 1:colcon.colcon_core.package_identification:_identify(webui/templates/errors) by extensions ['python_setup_py']
[2.183s] Level 1:colcon.colcon_core.package_identification:_identify(webui/templates/errors) by extension 'python_setup_py'
[2.183s] Level 1:colcon.colcon_core.package_identification:_identify(webui/templates/forms) by extensions ['ignore', 'ignore_ament_install']
[2.183s] Level 1:colcon.colcon_core.package_identification:_identify(webui/templates/forms) by extension 'ignore'
[2.184s] Level 1:colcon.colcon_core.package_identification:_identify(webui/templates/forms) by extension 'ignore_ament_install'
[2.184s] Level 1:colcon.colcon_core.package_identification:_identify(webui/templates/forms) by extensions ['colcon_pkg']
[2.184s] Level 1:colcon.colcon_core.package_identification:_identify(webui/templates/forms) by extension 'colcon_pkg'
[2.184s] Level 1:colcon.colcon_core.package_identification:_identify(webui/templates/forms) by extensions ['colcon_meta']
[2.184s] Level 1:colcon.colcon_core.package_identification:_identify(webui/templates/forms) by extension 'colcon_meta'
[2.184s] Level 1:colcon.colcon_core.package_identification:_identify(webui/templates/forms) by extensions ['ros']
[2.184s] Level 1:colcon.colcon_core.package_identification:_identify(webui/templates/forms) by extension 'ros'
[2.185s] Level 1:colcon.colcon_core.package_identification:_identify(webui/templates/forms) by extensions ['cmake', 'python']
[2.185s] Level 1:colcon.colcon_core.package_identification:_identify(webui/templates/forms) by extension 'cmake'
[2.185s] Level 1:colcon.colcon_core.package_identification:_identify(webui/templates/forms) by extension 'python'
[2.186s] Level 1:colcon.colcon_core.package_identification:_identify(webui/templates/forms) by extensions ['python_setup_py']
[2.186s] Level 1:colcon.colcon_core.package_identification:_identify(webui/templates/forms) by extension 'python_setup_py'
[2.186s] Level 1:colcon.colcon_core.package_identification:_identify(webui/templates/layouts) by extensions ['ignore', 'ignore_ament_install']
[2.186s] Level 1:colcon.colcon_core.package_identification:_identify(webui/templates/layouts) by extension 'ignore'
[2.187s] Level 1:colcon.colcon_core.package_identification:_identify(webui/templates/layouts) by extension 'ignore_ament_install'
[2.187s] Level 1:colcon.colcon_core.package_identification:_identify(webui/templates/layouts) by extensions ['colcon_pkg']
[2.187s] Level 1:colcon.colcon_core.package_identification:_identify(webui/templates/layouts) by extension 'colcon_pkg'
[2.187s] Level 1:colcon.colcon_core.package_identification:_identify(webui/templates/layouts) by extensions ['colcon_meta']
[2.187s] Level 1:colcon.colcon_core.package_identification:_identify(webui/templates/layouts) by extension 'colcon_meta'
[2.187s] Level 1:colcon.colcon_core.package_identification:_identify(webui/templates/layouts) by extensions ['ros']
[2.187s] Level 1:colcon.colcon_core.package_identification:_identify(webui/templates/layouts) by extension 'ros'
[2.188s] Level 1:colcon.colcon_core.package_identification:_identify(webui/templates/layouts) by extensions ['cmake', 'python']
[2.188s] Level 1:colcon.colcon_core.package_identification:_identify(webui/templates/layouts) by extension 'cmake'
[2.188s] Level 1:colcon.colcon_core.package_identification:_identify(webui/templates/layouts) by extension 'python'
[2.188s] Level 1:colcon.colcon_core.package_identification:_identify(webui/templates/layouts) by extensions ['python_setup_py']
[2.188s] Level 1:colcon.colcon_core.package_identification:_identify(webui/templates/layouts) by extension 'python_setup_py'
[2.189s] Level 1:colcon.colcon_core.package_identification:_identify(webui/templates/pages) by extensions ['ignore', 'ignore_ament_install']
[2.189s] Level 1:colcon.colcon_core.package_identification:_identify(webui/templates/pages) by extension 'ignore'
[2.189s] Level 1:colcon.colcon_core.package_identification:_identify(webui/templates/pages) by extension 'ignore_ament_install'
[2.189s] Level 1:colcon.colcon_core.package_identification:_identify(webui/templates/pages) by extensions ['colcon_pkg']
[2.190s] Level 1:colcon.colcon_core.package_identification:_identify(webui/templates/pages) by extension 'colcon_pkg'
[2.190s] Level 1:colcon.colcon_core.package_identification:_identify(webui/templates/pages) by extensions ['colcon_meta']
[2.190s] Level 1:colcon.colcon_core.package_identification:_identify(webui/templates/pages) by extension 'colcon_meta'
[2.190s] Level 1:colcon.colcon_core.package_identification:_identify(webui/templates/pages) by extensions ['ros']
[2.190s] Level 1:colcon.colcon_core.package_identification:_identify(webui/templates/pages) by extension 'ros'
[2.191s] Level 1:colcon.colcon_core.package_identification:_identify(webui/templates/pages) by extensions ['cmake', 'python']
[2.191s] Level 1:colcon.colcon_core.package_identification:_identify(webui/templates/pages) by extension 'cmake'
[2.191s] Level 1:colcon.colcon_core.package_identification:_identify(webui/templates/pages) by extension 'python'
[2.191s] Level 1:colcon.colcon_core.package_identification:_identify(webui/templates/pages) by extensions ['python_setup_py']
[2.191s] Level 1:colcon.colcon_core.package_identification:_identify(webui/templates/pages) by extension 'python_setup_py'
[2.191s] Level 1:colcon.colcon_core.package_discovery:discover_packages(recursive) using defaults
[2.191s] Level 1:colcon.colcon_core.package_discovery:discover_packages(ignore) discover
[2.192s] Level 1:colcon.colcon_core.package_discovery:discover_packages(ignore) using defaults
[2.192s] Level 1:colcon.colcon_core.package_discovery:discover_packages(path) discover
[2.192s] Level 1:colcon.colcon_core.package_discovery:discover_packages(path) using defaults
[2.312s] Level 1:colcon.colcon_core.package_discovery:discover_packages(prefix_path) check parameters
[2.313s] Level 1:colcon.colcon_core.package_discovery:discover_packages(prefix_path) discover
[2.353s] DEBUG:colcon.colcon_installed_package_information.package_discovery:Found 255 installed packages in /opt/ros/foxy
[2.359s] Level 1:colcon.colcon_core.package_discovery:discover_packages(prefix_path) using defaults
[2.880s] Level 5:colcon.colcon_core.verb:set package 'differential_drive' build argument 'cmake_args' from command line to 'None'
[2.880s] Level 5:colcon.colcon_core.verb:set package 'differential_drive' build argument 'cmake_target' from command line to 'None'
[2.880s] Level 5:colcon.colcon_core.verb:set package 'differential_drive' build argument 'cmake_target_skip_unavailable' from command line to 'False'
[2.880s] Level 5:colcon.colcon_core.verb:set package 'differential_drive' build argument 'cmake_clean_cache' from command line to 'False'
[2.880s] Level 5:colcon.colcon_core.verb:set package 'differential_drive' build argument 'cmake_clean_first' from command line to 'False'
[2.880s] Level 5:colcon.colcon_core.verb:set package 'differential_drive' build argument 'cmake_force_configure' from command line to 'False'
[2.881s] Level 5:colcon.colcon_core.verb:set package 'differential_drive' build argument 'ament_cmake_args' from command line to 'None'
[2.881s] Level 5:colcon.colcon_core.verb:set package 'differential_drive' build argument 'catkin_cmake_args' from command line to 'None'
[2.881s] Level 5:colcon.colcon_core.verb:set package 'differential_drive' build argument 'catkin_skip_building_tests' from command line to 'False'
[2.881s] DEBUG:colcon.colcon_core.verb:Building package 'differential_drive' with the following arguments: {'ament_cmake_args': None, 'build_base': '/home/ubuntu/scootbot/build/differential_drive', 'catkin_cmake_args': None, 'catkin_skip_building_tests': False, 'cmake_args': None, 'cmake_clean_cache': False, 'cmake_clean_first': False, 'cmake_force_configure': False, 'cmake_target': None, 'cmake_target_skip_unavailable': False, 'install_base': '/home/ubuntu/scootbot/install/differential_drive', 'merge_install': False, 'path': '/home/ubuntu/scootbot/src/ros2_differential_drive', 'symlink_install': False, 'test_result_base': None}
[2.910s] Level 5:colcon.colcon_core.verb:set package 'joy_cmd' build argument 'cmake_args' from command line to 'None'
[2.910s] Level 5:colcon.colcon_core.verb:set package 'joy_cmd' build argument 'cmake_target' from command line to 'None'
[2.910s] Level 5:colcon.colcon_core.verb:set package 'joy_cmd' build argument 'cmake_target_skip_unavailable' from command line to 'False'
[2.910s] Level 5:colcon.colcon_core.verb:set package 'joy_cmd' build argument 'cmake_clean_cache' from command line to 'False'
[2.911s] Level 5:colcon.colcon_core.verb:set package 'joy_cmd' build argument 'cmake_clean_first' from command line to 'False'
[2.911s] Level 5:colcon.colcon_core.verb:set package 'joy_cmd' build argument 'cmake_force_configure' from command line to 'False'
[2.911s] Level 5:colcon.colcon_core.verb:set package 'joy_cmd' build argument 'ament_cmake_args' from command line to 'None'
[2.911s] Level 5:colcon.colcon_core.verb:set package 'joy_cmd' build argument 'catkin_cmake_args' from command line to 'None'
[2.911s] Level 5:colcon.colcon_core.verb:set package 'joy_cmd' build argument 'catkin_skip_building_tests' from command line to 'False'
[2.911s] DEBUG:colcon.colcon_core.verb:Building package 'joy_cmd' with the following arguments: {'ament_cmake_args': None, 'build_base': '/home/ubuntu/scootbot/build/joy_cmd', 'catkin_cmake_args': None, 'catkin_skip_building_tests': False, 'cmake_args': None, 'cmake_clean_cache': False, 'cmake_clean_first': False, 'cmake_force_configure': False, 'cmake_target': None, 'cmake_target_skip_unavailable': False, 'install_base': '/home/ubuntu/scootbot/install/joy_cmd', 'merge_install': False, 'path': '/home/ubuntu/scootbot/src/joy_cmd', 'symlink_install': False, 'test_result_base': None}
[2.941s] Level 5:colcon.colcon_core.verb:set package 'sabertooth' build argument 'cmake_args' from command line to 'None'
[2.941s] Level 5:colcon.colcon_core.verb:set package 'sabertooth' build argument 'cmake_target' from command line to 'None'
[2.941s] Level 5:colcon.colcon_core.verb:set package 'sabertooth' build argument 'cmake_target_skip_unavailable' from command line to 'False'
[2.941s] Level 5:colcon.colcon_core.verb:set package 'sabertooth' build argument 'cmake_clean_cache' from command line to 'False'
[2.941s] Level 5:colcon.colcon_core.verb:set package 'sabertooth' build argument 'cmake_clean_first' from command line to 'False'
[2.942s] Level 5:colcon.colcon_core.verb:set package 'sabertooth' build argument 'cmake_force_configure' from command line to 'False'
[2.942s] Level 5:colcon.colcon_core.verb:set package 'sabertooth' build argument 'ament_cmake_args' from command line to 'None'
[2.942s] Level 5:colcon.colcon_core.verb:set package 'sabertooth' build argument 'catkin_cmake_args' from command line to 'None'
[2.942s] Level 5:colcon.colcon_core.verb:set package 'sabertooth' build argument 'catkin_skip_building_tests' from command line to 'False'
[2.942s] DEBUG:colcon.colcon_core.verb:Building package 'sabertooth' with the following arguments: {'ament_cmake_args': None, 'build_base': '/home/ubuntu/scootbot/build/sabertooth', 'catkin_cmake_args': None, 'catkin_skip_building_tests': False, 'cmake_args': None, 'cmake_clean_cache': False, 'cmake_clean_first': False, 'cmake_force_configure': False, 'cmake_target': None, 'cmake_target_skip_unavailable': False, 'install_base': '/home/ubuntu/scootbot/install/sabertooth', 'merge_install': False, 'path': '/home/ubuntu/scootbot/src/sabertooth', 'symlink_install': False, 'test_result_base': None}
[2.971s] Level 5:colcon.colcon_core.verb:set package 'scootbot_description' build argument 'cmake_args' from command line to 'None'
[2.971s] Level 5:colcon.colcon_core.verb:set package 'scootbot_description' build argument 'cmake_target' from command line to 'None'
[2.972s] Level 5:colcon.colcon_core.verb:set package 'scootbot_description' build argument 'cmake_target_skip_unavailable' from command line to 'False'
[2.972s] Level 5:colcon.colcon_core.verb:set package 'scootbot_description' build argument 'cmake_clean_cache' from command line to 'False'
[2.972s] Level 5:colcon.colcon_core.verb:set package 'scootbot_description' build argument 'cmake_clean_first' from command line to 'False'
[2.972s] Level 5:colcon.colcon_core.verb:set package 'scootbot_description' build argument 'cmake_force_configure' from command line to 'False'
[2.972s] Level 5:colcon.colcon_core.verb:set package 'scootbot_description' build argument 'ament_cmake_args' from command line to 'None'
[2.972s] Level 5:colcon.colcon_core.verb:set package 'scootbot_description' build argument 'catkin_cmake_args' from command line to 'None'
[2.972s] Level 5:colcon.colcon_core.verb:set package 'scootbot_description' build argument 'catkin_skip_building_tests' from command line to 'False'
[2.972s] DEBUG:colcon.colcon_core.verb:Building package 'scootbot_description' with the following arguments: {'ament_cmake_args': None, 'build_base': '/home/ubuntu/scootbot/build/scootbot_description', 'catkin_cmake_args': None, 'catkin_skip_building_tests': False, 'cmake_args': None, 'cmake_clean_cache': False, 'cmake_clean_first': False, 'cmake_force_configure': False, 'cmake_target': None, 'cmake_target_skip_unavailable': False, 'install_base': '/home/ubuntu/scootbot/install/scootbot_description', 'merge_install': False, 'path': '/home/ubuntu/scootbot/src/scootbot_description', 'symlink_install': False, 'test_result_base': None}
[3.002s] Level 5:colcon.colcon_core.verb:set package 'sllidar_ros2' build argument 'cmake_args' from command line to 'None'
[3.002s] Level 5:colcon.colcon_core.verb:set package 'sllidar_ros2' build argument 'cmake_target' from command line to 'None'
[3.002s] Level 5:colcon.colcon_core.verb:set package 'sllidar_ros2' build argument 'cmake_target_skip_unavailable' from command line to 'False'
[3.002s] Level 5:colcon.colcon_core.verb:set package 'sllidar_ros2' build argument 'cmake_clean_cache' from command line to 'False'
[3.003s] Level 5:colcon.colcon_core.verb:set package 'sllidar_ros2' build argument 'cmake_clean_first' from command line to 'False'
[3.003s] Level 5:colcon.colcon_core.verb:set package 'sllidar_ros2' build argument 'cmake_force_configure' from command line to 'False'
[3.003s] Level 5:colcon.colcon_core.verb:set package 'sllidar_ros2' build argument 'ament_cmake_args' from command line to 'None'
[3.003s] Level 5:colcon.colcon_core.verb:set package 'sllidar_ros2' build argument 'catkin_cmake_args' from command line to 'None'
[3.003s] Level 5:colcon.colcon_core.verb:set package 'sllidar_ros2' build argument 'catkin_skip_building_tests' from command line to 'False'
[3.003s] DEBUG:colcon.colcon_core.verb:Building package 'sllidar_ros2' with the following arguments: {'ament_cmake_args': None, 'build_base': '/home/ubuntu/scootbot/build/sllidar_ros2', 'catkin_cmake_args': None, 'catkin_skip_building_tests': False, 'cmake_args': None, 'cmake_clean_cache': False, 'cmake_clean_first': False, 'cmake_force_configure': False, 'cmake_target': None, 'cmake_target_skip_unavailable': False, 'install_base': '/home/ubuntu/scootbot/install/sllidar_ros2', 'merge_install': False, 'path': '/home/ubuntu/scootbot/src/sllidar_ros2', 'symlink_install': False, 'test_result_base': None}
[3.044s] INFO:colcon.colcon_core.executor:Executing jobs using 'parallel' executor
[3.091s] DEBUG:colcon.colcon_parallel_executor.executor.parallel:run_until_complete
[3.092s] INFO:colcon.colcon_ros.task.ament_python.build:Building ROS package in '/home/ubuntu/scootbot/src/ros2_differential_drive' with build type 'ament_python'
[3.092s] Level 1:colcon.colcon_core.shell:create_environment_hook('differential_drive', 'ament_prefix_path')
[3.126s] INFO:colcon.colcon_core.plugin_system:Skipping extension 'colcon_core.shell.bat': Not used on non-Windows systems
[3.127s] INFO:colcon.colcon_core.shell:Creating environment hook '/home/ubuntu/scootbot/install/differential_drive/share/differential_drive/hook/ament_prefix_path.ps1'
[3.130s] INFO:colcon.colcon_core.shell:Creating environment descriptor '/home/ubuntu/scootbot/install/differential_drive/share/differential_drive/hook/ament_prefix_path.dsv'
[3.131s] INFO:colcon.colcon_core.shell:Creating environment hook '/home/ubuntu/scootbot/install/differential_drive/share/differential_drive/hook/ament_prefix_path.sh'
[3.153s] INFO:colcon.colcon_core.shell:Skip shell extension 'powershell' for command environment: Not usable outside of PowerShell
[3.153s] DEBUG:colcon.colcon_core.shell:Skip shell extension 'dsv' for command environment
[3.198s] INFO:colcon.colcon_ros.task.ament_python.build:Building ROS package in '/home/ubuntu/scootbot/src/joy_cmd' with build type 'ament_python'
[3.199s] Level 1:colcon.colcon_core.shell:create_environment_hook('joy_cmd', 'ament_prefix_path')
[3.226s] INFO:colcon.colcon_core.shell:Creating environment hook '/home/ubuntu/scootbot/install/joy_cmd/share/joy_cmd/hook/ament_prefix_path.ps1'
[3.229s] INFO:colcon.colcon_core.shell:Creating environment descriptor '/home/ubuntu/scootbot/install/joy_cmd/share/joy_cmd/hook/ament_prefix_path.dsv'
[3.230s] INFO:colcon.colcon_core.shell:Creating environment hook '/home/ubuntu/scootbot/install/joy_cmd/share/joy_cmd/hook/ament_prefix_path.sh'
[3.253s] INFO:colcon.colcon_core.shell:Skip shell extension 'powershell' for command environment: Not usable outside of PowerShell
[3.253s] DEBUG:colcon.colcon_core.shell:Skip shell extension 'dsv' for command environment
[3.298s] INFO:colcon.colcon_ros.task.ament_python.build:Building ROS package in '/home/ubuntu/scootbot/src/sabertooth' with build type 'ament_python'
[3.299s] Level 1:colcon.colcon_core.shell:create_environment_hook('sabertooth', 'ament_prefix_path')
[3.323s] INFO:colcon.colcon_core.shell:Creating environment hook '/home/ubuntu/scootbot/install/sabertooth/share/sabertooth/hook/ament_prefix_path.ps1'
[3.325s] INFO:colcon.colcon_core.shell:Creating environment descriptor '/home/ubuntu/scootbot/install/sabertooth/share/sabertooth/hook/ament_prefix_path.dsv'
[3.326s] INFO:colcon.colcon_core.shell:Creating environment hook '/home/ubuntu/scootbot/install/sabertooth/share/sabertooth/hook/ament_prefix_path.sh'
[3.347s] INFO:colcon.colcon_core.shell:Skip shell extension 'powershell' for command environment: Not usable outside of PowerShell
[3.347s] DEBUG:colcon.colcon_core.shell:Skip shell extension 'dsv' for command environment
[3.390s] INFO:colcon.colcon_ros.task.ament_cmake.build:Building ROS package in '/home/ubuntu/scootbot/src/scootbot_description' with build type 'ament_cmake'
[3.391s] INFO:colcon.colcon_cmake.task.cmake.build:Building CMake package in '/home/ubuntu/scootbot/src/scootbot_description'
[3.417s] INFO:colcon.colcon_core.shell:Skip shell extension 'powershell' for command environment: Not usable outside of PowerShell
[3.417s] DEBUG:colcon.colcon_core.shell:Skip shell extension 'dsv' for command environment
[4.297s] WARNING:colcon.colcon_ros.task.ament_python.build:Package 'differential_drive' doesn't explicitly install a marker in the package index (colcon-ros currently does it implicitly but that fallback will be removed in the future)
[4.298s] WARNING:colcon.colcon_ros.task.ament_python.build:Package 'differential_drive' doesn't explicitly install the 'package.xml' file (colcon-ros currently does it implicitly but that fallback will be removed in the future)
[4.299s] INFO:colcon.colcon_core.task.python.build:Building Python package in '/home/ubuntu/scootbot/src/ros2_differential_drive'
[4.322s] INFO:colcon.colcon_core.shell:Skip shell extension 'powershell' for command environment: Not usable outside of PowerShell
[4.323s] DEBUG:colcon.colcon_core.shell:Skip shell extension 'dsv' for command environment
[5.580s] INFO:colcon.colcon_core.task.python.build:Building Python package in '/home/ubuntu/scootbot/src/joy_cmd'
[5.604s] INFO:colcon.colcon_core.shell:Skip shell extension 'powershell' for command environment: Not usable outside of PowerShell
[5.604s] DEBUG:colcon.colcon_core.shell:Skip shell extension 'dsv' for command environment
[6.476s] INFO:colcon.colcon_core.task.python.build:Building Python package in '/home/ubuntu/scootbot/src/sabertooth'
[6.498s] INFO:colcon.colcon_core.shell:Skip shell extension 'powershell' for command environment: Not usable outside of PowerShell
[6.499s] DEBUG:colcon.colcon_core.shell:Skip shell extension 'dsv' for command environment
[10.009s] DEBUG:colcon.colcon_core.event_handler.log_command:Invoking command in '/home/ubuntu/scootbot/build/scootbot_description': CMAKE_PREFIX_PATH=/opt/ros/foxy /usr/bin/cmake /home/ubuntu/scootbot/src/scootbot_description -DCMAKE_INSTALL_PREFIX=/home/ubuntu/scootbot/install/scootbot_description
[15.730s] DEBUG:colcon.colcon_core.event_handler.log_command:Invoking command in '/home/ubuntu/scootbot/src/ros2_differential_drive': PYTHONPATH=/home/ubuntu/scootbot/install/differential_drive/lib/python3.8/site-packages:${PYTHONPATH} /usr/bin/python3 setup.py egg_info --egg-base ../../build/differential_drive build --build-base /home/ubuntu/scootbot/build/differential_drive/build install --prefix /home/ubuntu/scootbot/install/differential_drive --record /home/ubuntu/scootbot/build/differential_drive/install.log --single-version-externally-managed
[15.849s] DEBUG:colcon.colcon_core.event_handler.log_command:Invoking command in '/home/ubuntu/scootbot/src/joy_cmd': PYTHONPATH=/home/ubuntu/scootbot/install/joy_cmd/lib/python3.8/site-packages:${PYTHONPATH} /usr/bin/python3 setup.py egg_info --egg-base ../../build/joy_cmd build --build-base /home/ubuntu/scootbot/build/joy_cmd/build install --prefix /home/ubuntu/scootbot/install/joy_cmd --record /home/ubuntu/scootbot/build/joy_cmd/install.log --single-version-externally-managed
[16.205s] DEBUG:colcon.colcon_core.event_handler.log_command:Invoking command in '/home/ubuntu/scootbot/src/sabertooth': PYTHONPATH=/home/ubuntu/scootbot/install/sabertooth/lib/python3.8/site-packages:${PYTHONPATH} /usr/bin/python3 setup.py egg_info --egg-base ../../build/sabertooth build --build-base /home/ubuntu/scootbot/build/sabertooth/build install --prefix /home/ubuntu/scootbot/install/sabertooth --record /home/ubuntu/scootbot/build/sabertooth/install.log --single-version-externally-managed
[19.392s] DEBUG:colcon.colcon_core.event_handler.log_command:Invoked command in '/home/ubuntu/scootbot/src/joy_cmd' returned '0': PYTHONPATH=/home/ubuntu/scootbot/install/joy_cmd/lib/python3.8/site-packages:${PYTHONPATH} /usr/bin/python3 setup.py egg_info --egg-base ../../build/joy_cmd build --build-base /home/ubuntu/scootbot/build/joy_cmd/build install --prefix /home/ubuntu/scootbot/install/joy_cmd --record /home/ubuntu/scootbot/build/joy_cmd/install.log --single-version-externally-managed
[19.515s] Level 1:colcon.colcon_core.environment:checking '/home/ubuntu/scootbot/install/joy_cmd' for CMake module files
[19.523s] Level 1:colcon.colcon_core.environment:checking '/home/ubuntu/scootbot/install/joy_cmd' for CMake config files
[19.533s] Level 1:colcon.colcon_core.environment:checking '/home/ubuntu/scootbot/install/joy_cmd/lib'
[19.536s] Level 1:colcon.colcon_core.environment:checking '/home/ubuntu/scootbot/install/joy_cmd/bin'
[19.537s] Level 1:colcon.colcon_core.environment:checking '/home/ubuntu/scootbot/install/joy_cmd/lib/pkgconfig/joy_cmd.pc'
[19.539s] Level 1:colcon.colcon_core.environment:checking '/home/ubuntu/scootbot/install/joy_cmd/lib/python3.8/site-packages'
[19.540s] Level 1:colcon.colcon_core.shell:create_environment_hook('joy_cmd', 'pythonpath')
[19.637s] INFO:colcon.colcon_core.shell:Creating environment hook '/home/ubuntu/scootbot/install/joy_cmd/share/joy_cmd/hook/pythonpath.ps1'
[19.643s] INFO:colcon.colcon_core.shell:Creating environment descriptor '/home/ubuntu/scootbot/install/joy_cmd/share/joy_cmd/hook/pythonpath.dsv'
[19.646s] INFO:colcon.colcon_core.shell:Creating environment hook '/home/ubuntu/scootbot/install/joy_cmd/share/joy_cmd/hook/pythonpath.sh'
[19.652s] Level 1:colcon.colcon_core.environment:create_environment_scripts_only(joy_cmd)
[19.686s] INFO:colcon.colcon_core.shell:Creating package script '/home/ubuntu/scootbot/install/joy_cmd/share/joy_cmd/package.ps1'
[19.691s] INFO:colcon.colcon_core.shell:Creating package descriptor '/home/ubuntu/scootbot/install/joy_cmd/share/joy_cmd/package.dsv'
[19.694s] INFO:colcon.colcon_core.shell:Creating package script '/home/ubuntu/scootbot/install/joy_cmd/share/joy_cmd/package.sh'
[19.701s] INFO:colcon.colcon_core.shell:Creating package script '/home/ubuntu/scootbot/install/joy_cmd/share/joy_cmd/package.bash'
[19.704s] INFO:colcon.colcon_core.shell:Creating package script '/home/ubuntu/scootbot/install/joy_cmd/share/joy_cmd/package.zsh'
[19.708s] Level 1:colcon.colcon_core.environment:create_file_with_runtime_dependencies(/home/ubuntu/scootbot/install/joy_cmd/share/colcon-core/packages/joy_cmd)
[19.723s] INFO:colcon.colcon_ros.task.ament_cmake.build:Building ROS package in '/home/ubuntu/scootbot/src/sllidar_ros2' with build type 'ament_cmake'
[19.724s] INFO:colcon.colcon_cmake.task.cmake.build:Building CMake package in '/home/ubuntu/scootbot/src/sllidar_ros2'
[19.774s] INFO:colcon.colcon_core.shell:Skip shell extension 'powershell' for command environment: Not usable outside of PowerShell
[19.775s] DEBUG:colcon.colcon_core.shell:Skip shell extension 'dsv' for command environment
[19.915s] DEBUG:colcon.colcon_core.event_handler.log_command:Invoked command in '/home/ubuntu/scootbot/src/ros2_differential_drive' returned '0': PYTHONPATH=/home/ubuntu/scootbot/install/differential_drive/lib/python3.8/site-packages:${PYTHONPATH} /usr/bin/python3 setup.py egg_info --egg-base ../../build/differential_drive build --build-base /home/ubuntu/scootbot/build/differential_drive/build install --prefix /home/ubuntu/scootbot/install/differential_drive --record /home/ubuntu/scootbot/build/differential_drive/install.log --single-version-externally-managed
[19.979s] Level 1:colcon.colcon_core.environment:checking '/home/ubuntu/scootbot/install/differential_drive' for CMake module files
[19.984s] Level 1:colcon.colcon_core.environment:checking '/home/ubuntu/scootbot/install/differential_drive' for CMake config files
[19.991s] Level 1:colcon.colcon_core.environment:checking '/home/ubuntu/scootbot/install/differential_drive/lib'
[19.992s] Level 1:colcon.colcon_core.environment:checking '/home/ubuntu/scootbot/install/differential_drive/bin'
[19.994s] Level 1:colcon.colcon_core.environment:checking '/home/ubuntu/scootbot/install/differential_drive/lib/pkgconfig/differential_drive.pc'
[19.995s] Level 1:colcon.colcon_core.environment:checking '/home/ubuntu/scootbot/install/differential_drive/lib/python3.8/site-packages'
[19.995s] Level 1:colcon.colcon_core.shell:create_environment_hook('differential_drive', 'pythonpath')
[20.031s] INFO:colcon.colcon_core.shell:Creating environment hook '/home/ubuntu/scootbot/install/differential_drive/share/differential_drive/hook/pythonpath.ps1'
[20.034s] INFO:colcon.colcon_core.shell:Creating environment descriptor '/home/ubuntu/scootbot/install/differential_drive/share/differential_drive/hook/pythonpath.dsv'
[20.035s] INFO:colcon.colcon_core.shell:Creating environment hook '/home/ubuntu/scootbot/install/differential_drive/share/differential_drive/hook/pythonpath.sh'
[20.037s] Level 1:colcon.colcon_core.environment:create_environment_scripts_only(differential_drive)
[20.059s] INFO:colcon.colcon_core.shell:Creating package script '/home/ubuntu/scootbot/install/differential_drive/share/differential_drive/package.ps1'
[20.061s] INFO:colcon.colcon_core.shell:Creating package descriptor '/home/ubuntu/scootbot/install/differential_drive/share/differential_drive/package.dsv'
[20.063s] INFO:colcon.colcon_core.shell:Creating package script '/home/ubuntu/scootbot/install/differential_drive/share/differential_drive/package.sh'
[20.064s] INFO:colcon.colcon_core.shell:Creating package script '/home/ubuntu/scootbot/install/differential_drive/share/differential_drive/package.bash'
[20.066s] INFO:colcon.colcon_core.shell:Creating package script '/home/ubuntu/scootbot/install/differential_drive/share/differential_drive/package.zsh'
[20.068s] Level 1:colcon.colcon_core.environment:create_file_with_runtime_dependencies(/home/ubuntu/scootbot/install/differential_drive/share/colcon-core/packages/differential_drive)
[20.087s] DEBUG:colcon.colcon_core.event_handler.log_command:Invoking command in '/home/ubuntu/scootbot/build/sllidar_ros2': CMAKE_PREFIX_PATH=/opt/ros/foxy /usr/bin/cmake /home/ubuntu/scootbot/src/sllidar_ros2 -DCMAKE_INSTALL_PREFIX=/home/ubuntu/scootbot/install/sllidar_ros2
[20.124s] Level 1:colcon.colcon_core.environment:checking '/home/ubuntu/scootbot/install/sabertooth' for CMake module files
[20.126s] DEBUG:colcon.colcon_core.event_handler.log_command:Invoked command in '/home/ubuntu/scootbot/src/sabertooth' returned '0': PYTHONPATH=/home/ubuntu/scootbot/install/sabertooth/lib/python3.8/site-packages:${PYTHONPATH} /usr/bin/python3 setup.py egg_info --egg-base ../../build/sabertooth build --build-base /home/ubuntu/scootbot/build/sabertooth/build install --prefix /home/ubuntu/scootbot/install/sabertooth --record /home/ubuntu/scootbot/build/sabertooth/install.log --single-version-externally-managed
[20.128s] Level 1:colcon.colcon_core.environment:checking '/home/ubuntu/scootbot/install/sabertooth' for CMake config files
[20.131s] Level 1:colcon.colcon_core.environment:checking '/home/ubuntu/scootbot/install/sabertooth/lib'
[20.132s] Level 1:colcon.colcon_core.environment:checking '/home/ubuntu/scootbot/install/sabertooth/bin'
[20.132s] Level 1:colcon.colcon_core.environment:checking '/home/ubuntu/scootbot/install/sabertooth/lib/pkgconfig/sabertooth.pc'
[20.133s] Level 1:colcon.colcon_core.environment:checking '/home/ubuntu/scootbot/install/sabertooth/lib/python3.8/site-packages'
[20.133s] Level 1:colcon.colcon_core.shell:create_environment_hook('sabertooth', 'pythonpath')
[20.160s] INFO:colcon.colcon_core.shell:Creating environment hook '/home/ubuntu/scootbot/install/sabertooth/share/sabertooth/hook/pythonpath.ps1'
[20.162s] INFO:colcon.colcon_core.shell:Creating environment descriptor '/home/ubuntu/scootbot/install/sabertooth/share/sabertooth/hook/pythonpath.dsv'
[20.164s] INFO:colcon.colcon_core.shell:Creating environment hook '/home/ubuntu/scootbot/install/sabertooth/share/sabertooth/hook/pythonpath.sh'
[20.166s] Level 1:colcon.colcon_core.environment:create_environment_scripts_only(sabertooth)
[20.195s] INFO:colcon.colcon_core.shell:Creating package script '/home/ubuntu/scootbot/install/sabertooth/share/sabertooth/package.ps1'
[20.197s] INFO:colcon.colcon_core.shell:Creating package descriptor '/home/ubuntu/scootbot/install/sabertooth/share/sabertooth/package.dsv'
[20.200s] INFO:colcon.colcon_core.shell:Creating package script '/home/ubuntu/scootbot/install/sabertooth/share/sabertooth/package.sh'
[20.203s] INFO:colcon.colcon_core.shell:Creating package script '/home/ubuntu/scootbot/install/sabertooth/share/sabertooth/package.bash'
[20.205s] INFO:colcon.colcon_core.shell:Creating package script '/home/ubuntu/scootbot/install/sabertooth/share/sabertooth/package.zsh'
[20.207s] Level 1:colcon.colcon_core.environment:create_file_with_runtime_dependencies(/home/ubuntu/scootbot/install/sabertooth/share/colcon-core/packages/sabertooth)
[21.055s] DEBUG:colcon.colcon_core.event_handler.log_command:Invoked command in '/home/ubuntu/scootbot/build/scootbot_description' returned '0': CMAKE_PREFIX_PATH=/opt/ros/foxy /usr/bin/cmake /home/ubuntu/scootbot/src/scootbot_description -DCMAKE_INSTALL_PREFIX=/home/ubuntu/scootbot/install/scootbot_description
[21.067s] DEBUG:colcon.colcon_core.event_handler.log_command:Invoking command in '/home/ubuntu/scootbot/build/scootbot_description': CMAKE_PREFIX_PATH=/opt/ros/foxy /usr/bin/cmake --build /home/ubuntu/scootbot/build/scootbot_description -- -j4 -l4
[21.225s] DEBUG:colcon.colcon_core.event_handler.log_command:Invoked command in '/home/ubuntu/scootbot/build/scootbot_description' returned '0': CMAKE_PREFIX_PATH=/opt/ros/foxy /usr/bin/cmake --build /home/ubuntu/scootbot/build/scootbot_description -- -j4 -l4
[21.368s] DEBUG:colcon.colcon_core.event_handler.log_command:Invoking command in '/home/ubuntu/scootbot/build/scootbot_description': CMAKE_PREFIX_PATH=/opt/ros/foxy /usr/bin/cmake --install /home/ubuntu/scootbot/build/scootbot_description
[21.439s] Level 1:colcon.colcon_core.environment:create_environment_scripts_only(scootbot_description)
[21.456s] DEBUG:colcon.colcon_core.event_handler.log_command:Invoked command in '/home/ubuntu/scootbot/build/scootbot_description' returned '0': CMAKE_PREFIX_PATH=/opt/ros/foxy /usr/bin/cmake --install /home/ubuntu/scootbot/build/scootbot_description
[21.471s] Level 1:colcon.colcon_core.environment:checking '/home/ubuntu/scootbot/install/scootbot_description' for CMake module files
[21.475s] Level 1:colcon.colcon_core.environment:checking '/home/ubuntu/scootbot/install/scootbot_description' for CMake config files
[21.477s] Level 1:colcon.colcon_core.shell:create_environment_hook('scootbot_description', 'cmake_prefix_path')
[21.505s] INFO:colcon.colcon_core.shell:Creating environment hook '/home/ubuntu/scootbot/install/scootbot_description/share/scootbot_description/hook/cmake_prefix_path.ps1'
[21.509s] INFO:colcon.colcon_core.shell:Creating environment descriptor '/home/ubuntu/scootbot/install/scootbot_description/share/scootbot_description/hook/cmake_prefix_path.dsv'
[21.511s] INFO:colcon.colcon_core.shell:Creating environment hook '/home/ubuntu/scootbot/install/scootbot_description/share/scootbot_description/hook/cmake_prefix_path.sh'
[21.514s] Level 1:colcon.colcon_core.environment:checking '/home/ubuntu/scootbot/install/scootbot_description/bin'
[21.514s] Level 1:colcon.colcon_core.environment:checking '/home/ubuntu/scootbot/install/scootbot_description/lib/pkgconfig/scootbot_description.pc'
[21.515s] Level 1:colcon.colcon_core.environment:checking '/home/ubuntu/scootbot/install/scootbot_description/lib/python3.8/site-packages'
[21.537s] INFO:colcon.colcon_core.shell:Creating package script '/home/ubuntu/scootbot/install/scootbot_description/share/scootbot_description/package.ps1'
[21.539s] INFO:colcon.colcon_core.shell:Creating package descriptor '/home/ubuntu/scootbot/install/scootbot_description/share/scootbot_description/package.dsv'
[21.541s] INFO:colcon.colcon_core.shell:Creating package script '/home/ubuntu/scootbot/install/scootbot_description/share/scootbot_description/package.sh'
[21.543s] INFO:colcon.colcon_core.shell:Creating package script '/home/ubuntu/scootbot/install/scootbot_description/share/scootbot_description/package.bash'
[21.545s] INFO:colcon.colcon_core.shell:Creating package script '/home/ubuntu/scootbot/install/scootbot_description/share/scootbot_description/package.zsh'
[21.546s] Level 1:colcon.colcon_core.environment:create_file_with_runtime_dependencies(/home/ubuntu/scootbot/install/scootbot_description/share/colcon-core/packages/scootbot_description)
[21.663s] Level 1:colcon.colcon_core.environment:create_environment_scripts_only(scootbot_description)
[21.687s] Level 1:colcon.colcon_core.environment:checking '/home/ubuntu/scootbot/install/scootbot_description' for CMake module files
[21.690s] Level 1:colcon.colcon_core.environment:checking '/home/ubuntu/scootbot/install/scootbot_description' for CMake config files
[21.692s] Level 1:colcon.colcon_core.shell:create_environment_hook('scootbot_description', 'cmake_prefix_path')
[21.717s] INFO:colcon.colcon_core.shell:Creating environment hook '/home/ubuntu/scootbot/install/scootbot_description/share/scootbot_description/hook/cmake_prefix_path.ps1'
[21.719s] INFO:colcon.colcon_core.shell:Creating environment descriptor '/home/ubuntu/scootbot/install/scootbot_description/share/scootbot_description/hook/cmake_prefix_path.dsv'
[21.722s] INFO:colcon.colcon_core.shell:Creating environment hook '/home/ubuntu/scootbot/install/scootbot_description/share/scootbot_description/hook/cmake_prefix_path.sh'
[21.725s] Level 1:colcon.colcon_core.environment:checking '/home/ubuntu/scootbot/install/scootbot_description/bin'
[21.725s] Level 1:colcon.colcon_core.environment:checking '/home/ubuntu/scootbot/install/scootbot_description/lib/pkgconfig/scootbot_description.pc'
[21.725s] Level 1:colcon.colcon_core.environment:checking '/home/ubuntu/scootbot/install/scootbot_description/lib/python3.8/site-packages'
[21.749s] INFO:colcon.colcon_core.shell:Creating package script '/home/ubuntu/scootbot/install/scootbot_description/share/scootbot_description/package.ps1'
[21.752s] INFO:colcon.colcon_core.shell:Creating package descriptor '/home/ubuntu/scootbot/install/scootbot_description/share/scootbot_description/package.dsv'
[21.755s] INFO:colcon.colcon_core.shell:Creating package script '/home/ubuntu/scootbot/install/scootbot_description/share/scootbot_description/package.sh'
[21.759s] INFO:colcon.colcon_core.shell:Creating package script '/home/ubuntu/scootbot/install/scootbot_description/share/scootbot_description/package.bash'
[21.762s] INFO:colcon.colcon_core.shell:Creating package script '/home/ubuntu/scootbot/install/scootbot_description/share/scootbot_description/package.zsh'
[21.765s] Level 1:colcon.colcon_core.environment:create_file_with_runtime_dependencies(/home/ubuntu/scootbot/install/scootbot_description/share/colcon-core/packages/scootbot_description)
[27.197s] DEBUG:colcon.colcon_core.event_handler.log_command:Invoked command in '/home/ubuntu/scootbot/build/sllidar_ros2' returned '0': CMAKE_PREFIX_PATH=/opt/ros/foxy /usr/bin/cmake /home/ubuntu/scootbot/src/sllidar_ros2 -DCMAKE_INSTALL_PREFIX=/home/ubuntu/scootbot/install/sllidar_ros2
[27.207s] DEBUG:colcon.colcon_core.event_handler.log_command:Invoking command in '/home/ubuntu/scootbot/build/sllidar_ros2': CMAKE_PREFIX_PATH=/opt/ros/foxy /usr/bin/cmake --build /home/ubuntu/scootbot/build/sllidar_ros2 -- -j4 -l4
[57.773s] DEBUG:colcon.colcon_core.event_handler.log_command:Invoked command in '/home/ubuntu/scootbot/build/sllidar_ros2' returned '0': CMAKE_PREFIX_PATH=/opt/ros/foxy /usr/bin/cmake --build /home/ubuntu/scootbot/build/sllidar_ros2 -- -j4 -l4
[58.022s] DEBUG:colcon.colcon_core.event_handler.log_command:Invoking command in '/home/ubuntu/scootbot/build/sllidar_ros2': CMAKE_PREFIX_PATH=/opt/ros/foxy /usr/bin/cmake --install /home/ubuntu/scootbot/build/sllidar_ros2
[58.108s] Level 1:colcon.colcon_core.environment:create_environment_scripts_only(sllidar_ros2)
[58.124s] DEBUG:colcon.colcon_core.event_handler.log_command:Invoked command in '/home/ubuntu/scootbot/build/sllidar_ros2' returned '0': CMAKE_PREFIX_PATH=/opt/ros/foxy /usr/bin/cmake --install /home/ubuntu/scootbot/build/sllidar_ros2
[58.132s] Level 1:colcon.colcon_core.environment:checking '/home/ubuntu/scootbot/install/sllidar_ros2' for CMake module files
[58.135s] Level 1:colcon.colcon_core.environment:checking '/home/ubuntu/scootbot/install/sllidar_ros2' for CMake config files
[58.136s] Level 1:colcon.colcon_core.shell:create_environment_hook('sllidar_ros2', 'cmake_prefix_path')
[58.156s] INFO:colcon.colcon_core.shell:Creating environment hook '/home/ubuntu/scootbot/install/sllidar_ros2/share/sllidar_ros2/hook/cmake_prefix_path.ps1'
[58.158s] INFO:colcon.colcon_core.shell:Creating environment descriptor '/home/ubuntu/scootbot/install/sllidar_ros2/share/sllidar_ros2/hook/cmake_prefix_path.dsv'
[58.159s] INFO:colcon.colcon_core.shell:Creating environment hook '/home/ubuntu/scootbot/install/sllidar_ros2/share/sllidar_ros2/hook/cmake_prefix_path.sh'
[58.162s] Level 1:colcon.colcon_core.environment:checking '/home/ubuntu/scootbot/install/sllidar_ros2/lib'
[58.162s] Level 1:colcon.colcon_core.environment:checking '/home/ubuntu/scootbot/install/sllidar_ros2/bin'
[58.163s] Level 1:colcon.colcon_core.environment:checking '/home/ubuntu/scootbot/install/sllidar_ros2/lib/pkgconfig/sllidar_ros2.pc'
[58.163s] Level 1:colcon.colcon_core.environment:checking '/home/ubuntu/scootbot/install/sllidar_ros2/lib/python3.8/site-packages'
[58.183s] INFO:colcon.colcon_core.shell:Creating package script '/home/ubuntu/scootbot/install/sllidar_ros2/share/sllidar_ros2/package.ps1'
[58.185s] INFO:colcon.colcon_core.shell:Creating package descriptor '/home/ubuntu/scootbot/install/sllidar_ros2/share/sllidar_ros2/package.dsv'
[58.187s] INFO:colcon.colcon_core.shell:Creating package script '/home/ubuntu/scootbot/install/sllidar_ros2/share/sllidar_ros2/package.sh'
[58.189s] INFO:colcon.colcon_core.shell:Creating package script '/home/ubuntu/scootbot/install/sllidar_ros2/share/sllidar_ros2/package.bash'
[58.190s] INFO:colcon.colcon_core.shell:Creating package script '/home/ubuntu/scootbot/install/sllidar_ros2/share/sllidar_ros2/package.zsh'
[58.192s] Level 1:colcon.colcon_core.environment:create_file_with_runtime_dependencies(/home/ubuntu/scootbot/install/sllidar_ros2/share/colcon-core/packages/sllidar_ros2)
[58.442s] Level 1:colcon.colcon_core.environment:create_environment_scripts_only(sllidar_ros2)
[58.463s] Level 1:colcon.colcon_core.environment:checking '/home/ubuntu/scootbot/install/sllidar_ros2' for CMake module files
[58.466s] Level 1:colcon.colcon_core.environment:checking '/home/ubuntu/scootbot/install/sllidar_ros2' for CMake config files
[58.468s] Level 1:colcon.colcon_core.shell:create_environment_hook('sllidar_ros2', 'cmake_prefix_path')
[58.487s] INFO:colcon.colcon_core.shell:Creating environment hook '/home/ubuntu/scootbot/install/sllidar_ros2/share/sllidar_ros2/hook/cmake_prefix_path.ps1'
[58.490s] INFO:colcon.colcon_core.shell:Creating environment descriptor '/home/ubuntu/scootbot/install/sllidar_ros2/share/sllidar_ros2/hook/cmake_prefix_path.dsv'
[58.492s] INFO:colcon.colcon_core.shell:Creating environment hook '/home/ubuntu/scootbot/install/sllidar_ros2/share/sllidar_ros2/hook/cmake_prefix_path.sh'
[58.494s] Level 1:colcon.colcon_core.environment:checking '/home/ubuntu/scootbot/install/sllidar_ros2/lib'
[58.494s] Level 1:colcon.colcon_core.environment:checking '/home/ubuntu/scootbot/install/sllidar_ros2/bin'
[58.495s] Level 1:colcon.colcon_core.environment:checking '/home/ubuntu/scootbot/install/sllidar_ros2/lib/pkgconfig/sllidar_ros2.pc'
[58.495s] Level 1:colcon.colcon_core.environment:checking '/home/ubuntu/scootbot/install/sllidar_ros2/lib/python3.8/site-packages'
[58.515s] INFO:colcon.colcon_core.shell:Creating package script '/home/ubuntu/scootbot/install/sllidar_ros2/share/sllidar_ros2/package.ps1'
[58.517s] INFO:colcon.colcon_core.shell:Creating package descriptor '/home/ubuntu/scootbot/install/sllidar_ros2/share/sllidar_ros2/package.dsv'
[58.519s] INFO:colcon.colcon_core.shell:Creating package script '/home/ubuntu/scootbot/install/sllidar_ros2/share/sllidar_ros2/package.sh'
[58.521s] INFO:colcon.colcon_core.shell:Creating package script '/home/ubuntu/scootbot/install/sllidar_ros2/share/sllidar_ros2/package.bash'
[58.523s] INFO:colcon.colcon_core.shell:Creating package script '/home/ubuntu/scootbot/install/sllidar_ros2/share/sllidar_ros2/package.zsh'
[58.525s] Level 1:colcon.colcon_core.environment:create_file_with_runtime_dependencies(/home/ubuntu/scootbot/install/sllidar_ros2/share/colcon-core/packages/sllidar_ros2)
[58.526s] DEBUG:colcon.colcon_parallel_executor.executor.parallel:closing loop
[58.527s] DEBUG:colcon.colcon_parallel_executor.executor.parallel:loop closed
[58.528s] DEBUG:colcon.colcon_parallel_executor.executor.parallel:run_until_complete finished with '0'
[58.529s] DEBUG:colcon.colcon_core.event_reactor:joining thread
[58.627s] INFO:colcon.colcon_core.plugin_system:Skipping extension 'colcon_notification.desktop_notification.notify_send': Could not find 'notify-send'
[58.628s] INFO:colcon.colcon_core.plugin_system:Skipping extension 'colcon_notification.desktop_notification.terminal_notifier': Not used on non-Darwin systems
[58.628s] INFO:colcon.colcon_core.plugin_system:Skipping extension 'colcon_notification.desktop_notification.win32': Not used on non-Windows systems
[58.629s] INFO:colcon.colcon_notification.desktop_notification:Sending desktop notification using 'notify2'
[58.635s] DEBUG:colcon.colcon_notification.desktop_notification.notify2:Failed to initialize notify2: org.freedesktop.DBus.Error.ServiceUnknown: The name org.freedesktop.Notifications was not provided by any .service files
[58.636s] DEBUG:colcon.colcon_core.event_reactor:joined thread
[58.701s] INFO:colcon.colcon_core.shell:Creating prefix script '/home/ubuntu/scootbot/install/local_setup.ps1'
[58.710s] INFO:colcon.colcon_core.shell:Creating prefix util module '/home/ubuntu/scootbot/install/_local_setup_util_ps1.py'
[58.724s] INFO:colcon.colcon_core.shell:Creating prefix chain script '/home/ubuntu/scootbot/install/setup.ps1'
[58.780s] INFO:colcon.colcon_core.shell:Creating prefix script '/home/ubuntu/scootbot/install/local_setup.sh'
[58.785s] INFO:colcon.colcon_core.shell:Creating prefix util module '/home/ubuntu/scootbot/install/_local_setup_util_sh.py'
[58.790s] INFO:colcon.colcon_core.shell:Creating prefix chain script '/home/ubuntu/scootbot/install/setup.sh'
[58.844s] INFO:colcon.colcon_core.shell:Creating prefix script '/home/ubuntu/scootbot/install/local_setup.bash'
[58.849s] INFO:colcon.colcon_core.shell:Creating prefix chain script '/home/ubuntu/scootbot/install/setup.bash'
[58.903s] INFO:colcon.colcon_core.shell:Creating prefix script '/home/ubuntu/scootbot/install/local_setup.zsh'
[58.908s] INFO:colcon.colcon_core.shell:Creating prefix chain script '/home/ubuntu/scootbot/install/setup.zsh'
