[0.000000] (-) TimerEvent: {}
[0.007652] (differential_drive) JobQueued: {'identifier': 'differential_drive', 'dependencies': OrderedDict()}
[0.008396] (sabertooth) JobQueued: {'identifier': 'sabertooth', 'dependencies': OrderedDict()}
[0.011220] (differential_drive) JobStarted: {'identifier': 'differential_drive'}
[0.050074] (-) TimerEvent: {}
[0.151612] (-) TimerEvent: {}
[0.253688] (-) TimerEvent: {}
[0.412043] (-) TimerEvent: {}
[0.633490] (-) TimerEvent: {}
[0.855517] (-) TimerEvent: {}
[1.166642] (-) TimerEvent: {}
[1.268492] (-) TimerEvent: {}
[1.386725] (-) TimerEvent: {}
[1.492270] (-) TimerEvent: {}
[1.593901] (-) TimerEvent: {}
[1.695950] (-) TimerEvent: {}
[1.798914] (-) TimerEvent: {}
[1.921715] (-) TimerEvent: {}
[2.079741] (-) TimerEvent: {}
[2.181470] (-) TimerEvent: {}
[2.725389] (-) TimerEvent: {}
[5.292185] (-) TimerEvent: {}
[5.396281] (-) TimerEvent: {}
[5.504373] (-) TimerEvent: {}
[5.606185] (-) TimerEvent: {}
[5.708030] (-) TimerEvent: {}
[5.809585] (-) TimerEvent: {}
[5.911612] (-) TimerEvent: {}
[6.019017] (-) TimerEvent: {}
[6.059157] (sabertooth) JobStarted: {'identifier': 'sabertooth'}
[6.119373] (-) TimerEvent: {}
[6.221804] (-) TimerEvent: {}
[6.333635] (-) TimerEvent: {}
[6.505733] (-) TimerEvent: {}
[6.611796] (-) TimerEvent: {}
[6.715264] (-) TimerEvent: {}
[6.817125] (-) TimerEvent: {}
[6.919396] (-) TimerEvent: {}
[7.021211] (-) TimerEvent: {}
[7.123481] (-) TimerEvent: {}
[7.225516] (-) TimerEvent: {}
[7.327829] (-) TimerEvent: {}
[7.430515] (-) TimerEvent: {}
[7.532818] (-) TimerEvent: {}
[7.635001] (-) TimerEvent: {}
[7.736694] (-) TimerEvent: {}
[7.838544] (-) TimerEvent: {}
[7.940850] (-) TimerEvent: {}
[8.042824] (-) TimerEvent: {}
[8.145129] (-) TimerEvent: {}
[8.247681] (-) TimerEvent: {}
[8.350230] (-) TimerEvent: {}
[8.452366] (-) TimerEvent: {}
[8.554035] (-) TimerEvent: {}
[8.656086] (-) TimerEvent: {}
[8.757936] (-) TimerEvent: {}
[8.860319] (-) TimerEvent: {}
[8.961963] (-) TimerEvent: {}
[9.063819] (-) TimerEvent: {}
[9.165584] (-) TimerEvent: {}
[9.267531] (-) TimerEvent: {}
[9.369047] (-) TimerEvent: {}
[9.470703] (-) TimerEvent: {}
[9.572181] (-) TimerEvent: {}
[9.673839] (-) TimerEvent: {}
[9.775596] (-) TimerEvent: {}
[9.877429] (-) TimerEvent: {}
[9.980288] (-) TimerEvent: {}
[10.082855] (-) TimerEvent: {}
[10.185564] (-) TimerEvent: {}
[10.287257] (-) TimerEvent: {}
[10.389136] (-) TimerEvent: {}
[10.491872] (-) TimerEvent: {}
[10.595256] (-) TimerEvent: {}
[10.697388] (-) TimerEvent: {}
[10.799238] (-) TimerEvent: {}
[10.901253] (-) TimerEvent: {}
[11.003678] (-) TimerEvent: {}
[11.105563] (-) TimerEvent: {}
[11.207820] (-) TimerEvent: {}
[11.309528] (-) TimerEvent: {}
[11.413073] (-) TimerEvent: {}
[11.515902] (-) TimerEvent: {}
[11.618571] (-) TimerEvent: {}
[11.720735] (-) TimerEvent: {}
[11.822548] (-) TimerEvent: {}
[11.924463] (-) TimerEvent: {}
[12.026081] (-) TimerEvent: {}
[12.127840] (-) TimerEvent: {}
[12.229489] (-) TimerEvent: {}
[12.331054] (-) TimerEvent: {}
[12.432686] (-) TimerEvent: {}
[12.534849] (-) TimerEvent: {}
[12.636444] (-) TimerEvent: {}
[12.738053] (-) TimerEvent: {}
[12.839579] (-) TimerEvent: {}
[12.942445] (-) TimerEvent: {}
[13.044214] (-) TimerEvent: {}
[13.145969] (-) TimerEvent: {}
[13.247745] (-) TimerEvent: {}
[13.349925] (-) TimerEvent: {}
[13.451993] (-) TimerEvent: {}
[13.553725] (-) TimerEvent: {}
[13.655153] (-) TimerEvent: {}
[13.756743] (-) TimerEvent: {}
[13.858322] (-) TimerEvent: {}
[13.959906] (-) TimerEvent: {}
[14.061773] (-) TimerEvent: {}
[14.164479] (-) TimerEvent: {}
[14.266552] (-) TimerEvent: {}
[14.368730] (-) TimerEvent: {}
[14.470387] (-) TimerEvent: {}
[14.572229] (-) TimerEvent: {}
[14.674555] (-) TimerEvent: {}
[14.776669] (-) TimerEvent: {}
[14.879179] (-) TimerEvent: {}
[14.981948] (-) TimerEvent: {}
[15.200873] (-) TimerEvent: {}
[15.303348] (-) TimerEvent: {}
[15.404973] (-) TimerEvent: {}
[15.507295] (-) TimerEvent: {}
[15.609671] (-) TimerEvent: {}
[15.712279] (-) TimerEvent: {}
[15.814705] (-) TimerEvent: {}
[15.916489] (-) TimerEvent: {}
[16.018443] (-) TimerEvent: {}
[16.120089] (-) TimerEvent: {}
[16.221522] (-) TimerEvent: {}
[16.323250] (-) TimerEvent: {}
[16.424966] (-) TimerEvent: {}
[16.552306] (-) TimerEvent: {}
[16.653815] (-) TimerEvent: {}
[16.755594] (-) TimerEvent: {}
[16.857151] (-) TimerEvent: {}
[16.959048] (-) TimerEvent: {}
[17.061266] (-) TimerEvent: {}
[17.163949] (-) TimerEvent: {}
[17.265848] (-) TimerEvent: {}
[17.367845] (-) TimerEvent: {}
[17.469854] (-) TimerEvent: {}
[17.572010] (-) TimerEvent: {}
[17.674476] (-) TimerEvent: {}
[17.776687] (-) TimerEvent: {}
[17.935472] (-) TimerEvent: {}
[18.038089] (-) TimerEvent: {}
[18.140223] (-) TimerEvent: {}
[18.241775] (-) TimerEvent: {}
[18.343527] (-) TimerEvent: {}
[18.445189] (-) TimerEvent: {}
[18.547093] (-) TimerEvent: {}
[18.648833] (-) TimerEvent: {}
[18.750672] (-) TimerEvent: {}
[18.852171] (-) TimerEvent: {}
[18.953736] (-) TimerEvent: {}
[19.055311] (-) TimerEvent: {}
[19.156845] (-) TimerEvent: {}
[19.258583] (-) TimerEvent: {}
[19.360404] (-) TimerEvent: {}
[19.461891] (-) TimerEvent: {}
[19.563840] (-) TimerEvent: {}
[19.665420] (-) TimerEvent: {}
[19.774555] (-) TimerEvent: {}
[19.914062] (-) TimerEvent: {}
[20.015822] (-) TimerEvent: {}
[20.117430] (-) TimerEvent: {}
[20.219902] (-) TimerEvent: {}
[20.327766] (-) TimerEvent: {}
[20.429091] (-) TimerEvent: {}
[20.530756] (-) TimerEvent: {}
[20.635047] (-) TimerEvent: {}
[20.737329] (-) TimerEvent: {}
[20.839076] (-) TimerEvent: {}
[20.940589] (-) TimerEvent: {}
[21.042677] (-) TimerEvent: {}
[21.145559] (-) TimerEvent: {}
[21.247804] (-) TimerEvent: {}
[21.349693] (-) TimerEvent: {}
[21.451175] (-) TimerEvent: {}
[21.552979] (-) TimerEvent: {}
[21.655073] (-) TimerEvent: {}
[21.756853] (-) TimerEvent: {}
[21.858961] (-) TimerEvent: {}
[21.960514] (-) TimerEvent: {}
[22.062473] (-) TimerEvent: {}
[22.164467] (-) TimerEvent: {}
[22.266742] (-) TimerEvent: {}
[22.369084] (-) TimerEvent: {}
[22.471532] (-) TimerEvent: {}
[22.573847] (-) TimerEvent: {}
[22.675599] (-) TimerEvent: {}
[22.777238] (-) TimerEvent: {}
[22.879081] (-) TimerEvent: {}
[22.980598] (-) TimerEvent: {}
[23.082422] (-) TimerEvent: {}
[23.184037] (-) TimerEvent: {}
[23.285648] (-) TimerEvent: {}
[23.393034] (-) TimerEvent: {}
[23.495327] (-) TimerEvent: {}
[23.597360] (-) TimerEvent: {}
[23.699179] (-) TimerEvent: {}
[23.800799] (-) TimerEvent: {}
[23.902424] (-) TimerEvent: {}
[24.021309] (-) TimerEvent: {}
[24.281961] (-) TimerEvent: {}
[24.383822] (-) TimerEvent: {}
[24.485425] (-) TimerEvent: {}
[24.587529] (-) TimerEvent: {}
[24.690512] (-) TimerEvent: {}
[24.851568] (-) TimerEvent: {}
[24.954618] (-) TimerEvent: {}
[25.056939] (-) TimerEvent: {}
[25.159461] (-) TimerEvent: {}
[25.261857] (-) TimerEvent: {}
[25.363614] (-) TimerEvent: {}
[25.465674] (-) TimerEvent: {}
[25.567517] (-) TimerEvent: {}
[25.669327] (-) TimerEvent: {}
[25.771258] (-) TimerEvent: {}
[25.873660] (-) TimerEvent: {}
[25.976300] (-) TimerEvent: {}
[26.078745] (-) TimerEvent: {}
[26.180760] (-) TimerEvent: {}
[26.283041] (-) TimerEvent: {}
[26.385018] (-) TimerEvent: {}
[26.487581] (-) TimerEvent: {}
[26.589779] (-) TimerEvent: {}
[26.733992] (-) TimerEvent: {}
[26.836460] (-) TimerEvent: {}
[26.938853] (-) TimerEvent: {}
[27.040949] (-) TimerEvent: {}
[27.143731] (-) TimerEvent: {}
[27.246428] (-) TimerEvent: {}
[27.348778] (-) TimerEvent: {}
[27.451053] (-) TimerEvent: {}
[27.552667] (-) TimerEvent: {}
[27.655184] (-) TimerEvent: {}
[27.757524] (-) TimerEvent: {}
[27.859705] (-) TimerEvent: {}
[27.962446] (-) TimerEvent: {}
[28.064476] (-) TimerEvent: {}
[28.166068] (-) TimerEvent: {}
[28.268529] (-) TimerEvent: {}
[28.371590] (-) TimerEvent: {}
[28.473921] (-) TimerEvent: {}
[28.576534] (-) TimerEvent: {}
[28.678900] (-) TimerEvent: {}
[28.781413] (-) TimerEvent: {}
[28.884108] (-) TimerEvent: {}
[28.986930] (-) TimerEvent: {}
[29.088552] (-) TimerEvent: {}
[29.190188] (-) TimerEvent: {}
[29.291788] (-) TimerEvent: {}
[29.393586] (-) TimerEvent: {}
[29.495382] (-) TimerEvent: {}
[29.597080] (-) TimerEvent: {}
[29.699525] (-) TimerEvent: {}
[29.801134] (-) TimerEvent: {}
[29.903295] (-) TimerEvent: {}
[30.004989] (-) TimerEvent: {}
[30.106791] (-) TimerEvent: {}
[30.209253] (-) TimerEvent: {}
[30.311570] (-) TimerEvent: {}
[30.414300] (-) TimerEvent: {}
[30.515889] (-) TimerEvent: {}
[30.617806] (-) TimerEvent: {}
[30.719829] (-) TimerEvent: {}
[30.821392] (-) TimerEvent: {}
[30.922953] (-) TimerEvent: {}
[31.024537] (-) TimerEvent: {}
[31.127227] (-) TimerEvent: {}
[31.229141] (-) TimerEvent: {}
[31.331306] (-) TimerEvent: {}
[31.433041] (-) TimerEvent: {}
[31.535047] (-) TimerEvent: {}
[31.637304] (-) TimerEvent: {}
[31.739724] (-) TimerEvent: {}
[31.842049] (-) TimerEvent: {}
[31.943790] (-) TimerEvent: {}
[32.045428] (-) TimerEvent: {}
[32.146927] (-) TimerEvent: {}
[32.248529] (-) TimerEvent: {}
[32.350315] (-) TimerEvent: {}
[32.452031] (-) TimerEvent: {}
[32.553761] (-) TimerEvent: {}
[32.655461] (-) TimerEvent: {}
[32.757165] (-) TimerEvent: {}
[32.858912] (-) TimerEvent: {}
[32.960479] (-) TimerEvent: {}
[33.062051] (-) TimerEvent: {}
[33.163622] (-) TimerEvent: {}
[33.282091] (-) TimerEvent: {}
[33.383659] (-) TimerEvent: {}
[33.485649] (-) TimerEvent: {}
[33.587599] (-) TimerEvent: {}
[33.689734] (-) TimerEvent: {}
[33.791970] (-) TimerEvent: {}
[33.894177] (-) TimerEvent: {}
[33.996345] (-) TimerEvent: {}
[34.097975] (-) TimerEvent: {}
[34.199850] (-) TimerEvent: {}
[34.301613] (-) TimerEvent: {}
[34.403261] (-) TimerEvent: {}
[34.651059] (-) TimerEvent: {}
[35.027542] (-) TimerEvent: {}
[35.130227] (-) TimerEvent: {}
[35.232902] (-) TimerEvent: {}
[35.335174] (-) TimerEvent: {}
[35.437374] (-) TimerEvent: {}
[35.539211] (-) TimerEvent: {}
[35.640959] (-) TimerEvent: {}
[35.743142] (-) TimerEvent: {}
[35.845748] (-) TimerEvent: {}
[35.948537] (-) TimerEvent: {}
[36.050799] (-) TimerEvent: {}
[36.152939] (-) TimerEvent: {}
[36.254770] (-) TimerEvent: {}
[36.356987] (-) TimerEvent: {}
[36.459711] (-) TimerEvent: {}
[36.562679] (-) TimerEvent: {}
[36.665369] (-) TimerEvent: {}
[36.768029] (-) TimerEvent: {}
[36.870268] (-) TimerEvent: {}
[36.988562] (-) TimerEvent: {}
[37.090542] (-) TimerEvent: {}
[37.192325] (-) TimerEvent: {}
[37.294442] (-) TimerEvent: {}
[37.396688] (-) TimerEvent: {}
[37.499300] (-) TimerEvent: {}
[40.640453] (-) TimerEvent: {}
[49.885097] (-) TimerEvent: {}
[50.026921] (-) TimerEvent: {}
[50.128724] (-) TimerEvent: {}
[50.230554] (-) TimerEvent: {}
[50.332846] (-) TimerEvent: {}
[50.434657] (-) TimerEvent: {}
[50.536481] (-) TimerEvent: {}
[50.637860] (-) TimerEvent: {}
[50.739357] (-) TimerEvent: {}
[50.841914] (-) TimerEvent: {}
[50.945970] (-) TimerEvent: {}
[51.048405] (-) TimerEvent: {}
[51.149905] (-) TimerEvent: {}
[51.251669] (-) TimerEvent: {}
[51.353594] (-) TimerEvent: {}
[51.455278] (-) TimerEvent: {}
[51.556959] (-) TimerEvent: {}
[51.658404] (-) TimerEvent: {}
[51.759919] (-) TimerEvent: {}
[51.861616] (-) TimerEvent: {}
[51.963493] (-) TimerEvent: {}
[52.064924] (-) TimerEvent: {}
[52.167311] (-) TimerEvent: {}
[52.269286] (-) TimerEvent: {}
[52.371898] (-) TimerEvent: {}
[52.473731] (-) TimerEvent: {}
[52.575420] (-) TimerEvent: {}
[52.677220] (-) TimerEvent: {}
[52.778639] (-) TimerEvent: {}
[52.880418] (-) TimerEvent: {}
[52.982381] (-) TimerEvent: {}
[53.083622] (-) TimerEvent: {}
[53.304507] (-) TimerEvent: {}
[53.871761] (-) TimerEvent: {}
[53.973471] (-) TimerEvent: {}
[54.075123] (-) TimerEvent: {}
[54.177110] (-) TimerEvent: {}
[54.278784] (-) TimerEvent: {}
[54.382567] (-) TimerEvent: {}
[54.483912] (-) TimerEvent: {}
[54.585786] (-) TimerEvent: {}
[54.687970] (-) TimerEvent: {}
[54.790739] (-) TimerEvent: {}
[54.897346] (-) TimerEvent: {}
[54.999778] (-) TimerEvent: {}
[55.101521] (-) TimerEvent: {}
[55.203241] (-) TimerEvent: {}
[55.305150] (-) TimerEvent: {}
[55.407289] (-) TimerEvent: {}
[55.509445] (-) TimerEvent: {}
[55.611664] (-) TimerEvent: {}
[55.713407] (-) TimerEvent: {}
[55.815468] (-) TimerEvent: {}
[55.917708] (-) TimerEvent: {}
[56.020169] (-) TimerEvent: {}
[56.122613] (-) TimerEvent: {}
[56.225122] (-) TimerEvent: {}
[56.336970] (-) TimerEvent: {}
[56.438753] (-) TimerEvent: {}
[56.540874] (-) TimerEvent: {}
[56.643444] (-) TimerEvent: {}
[56.745771] (-) TimerEvent: {}
[56.848330] (-) TimerEvent: {}
[56.950931] (-) TimerEvent: {}
[57.053750] (-) TimerEvent: {}
[57.155419] (-) TimerEvent: {}
[57.257740] (-) TimerEvent: {}
[57.360904] (-) TimerEvent: {}
[57.464176] (-) TimerEvent: {}
[57.566766] (-) TimerEvent: {}
[57.669075] (-) TimerEvent: {}
[57.771424] (-) TimerEvent: {}
[57.873464] (-) TimerEvent: {}
[57.975604] (-) TimerEvent: {}
[58.077126] (-) TimerEvent: {}
[58.178813] (-) TimerEvent: {}
[58.280162] (-) TimerEvent: {}
[58.382109] (-) TimerEvent: {}
[58.483711] (-) TimerEvent: {}
[58.585347] (-) TimerEvent: {}
[58.687642] (-) TimerEvent: {}
[58.789369] (-) TimerEvent: {}
[58.892543] (-) TimerEvent: {}
[58.994787] (-) TimerEvent: {}
[59.096460] (-) TimerEvent: {}
[59.198407] (-) TimerEvent: {}
[59.300013] (-) TimerEvent: {}
[59.525479] (-) TimerEvent: {}
[59.900717] (-) TimerEvent: {}
[60.002538] (-) TimerEvent: {}
[60.104090] (-) TimerEvent: {}
[60.205652] (-) TimerEvent: {}
[60.347125] (-) TimerEvent: {}
[60.454438] (-) TimerEvent: {}
[60.556577] (-) TimerEvent: {}
[60.658383] (-) TimerEvent: {}
[60.759981] (-) TimerEvent: {}
[60.862333] (-) TimerEvent: {}
[60.964917] (-) TimerEvent: {}
[61.067436] (-) TimerEvent: {}
[61.169980] (-) TimerEvent: {}
[61.272050] (-) TimerEvent: {}
[61.374428] (-) TimerEvent: {}
[61.476218] (-) TimerEvent: {}
[61.577964] (-) TimerEvent: {}
[61.680329] (-) TimerEvent: {}
[61.782484] (-) TimerEvent: {}
[61.884398] (-) TimerEvent: {}
[61.987055] (-) TimerEvent: {}
[62.089499] (-) TimerEvent: {}
[62.192660] (-) TimerEvent: {}
[62.294656] (-) TimerEvent: {}
[62.397699] (-) TimerEvent: {}
[62.500037] (-) TimerEvent: {}
[62.602262] (-) TimerEvent: {}
[62.704882] (-) TimerEvent: {}
[62.807446] (-) TimerEvent: {}
[62.909904] (-) TimerEvent: {}
[63.011593] (-) TimerEvent: {}
[63.113547] (-) TimerEvent: {}
[63.216017] (-) TimerEvent: {}
[65.297447] (-) TimerEvent: {}
[100.210401] (-) TimerEvent: {}
[100.421162] (-) TimerEvent: {}
[100.522871] (-) TimerEvent: {}
[100.624445] (-) TimerEvent: {}
[100.726386] (-) TimerEvent: {}
[100.828430] (-) TimerEvent: {}
[100.929726] (-) TimerEvent: {}
[101.031372] (-) TimerEvent: {}
[101.133014] (-) TimerEvent: {}
[101.235261] (-) TimerEvent: {}
[101.337381] (-) TimerEvent: {}
[101.439048] (-) TimerEvent: {}
[101.540792] (-) TimerEvent: {}
[101.642508] (-) TimerEvent: {}
[101.744201] (-) TimerEvent: {}
[101.846247] (-) TimerEvent: {}
[101.948093] (-) TimerEvent: {}
[102.049796] (-) TimerEvent: {}
[102.151623] (-) TimerEvent: {}
[102.253170] (-) TimerEvent: {}
[102.354665] (-) TimerEvent: {}
[102.501620] (-) TimerEvent: {}
[102.603449] (-) TimerEvent: {}
[102.705141] (-) TimerEvent: {}
[102.807107] (-) TimerEvent: {}
[102.908851] (-) TimerEvent: {}
[103.010582] (-) TimerEvent: {}
[103.112095] (-) TimerEvent: {}
[103.214318] (-) TimerEvent: {}
[103.316482] (-) TimerEvent: {}
[103.418381] (-) TimerEvent: {}
[103.531963] (-) TimerEvent: {}
[103.633351] (-) TimerEvent: {}
[103.735181] (-) TimerEvent: {}
[103.837778] (-) TimerEvent: {}
[103.939930] (-) TimerEvent: {}
[104.041315] (-) TimerEvent: {}
[104.143170] (-) TimerEvent: {}
[104.245524] (-) TimerEvent: {}
[104.347164] (-) TimerEvent: {}
[104.448759] (-) TimerEvent: {}
[104.550387] (-) TimerEvent: {}
[104.652025] (-) TimerEvent: {}
[104.753700] (-) TimerEvent: {}
[104.855682] (-) TimerEvent: {}
[104.957300] (-) TimerEvent: {}
[105.059338] (-) TimerEvent: {}
[105.161209] (-) TimerEvent: {}
[105.262689] (-) TimerEvent: {}
[105.364314] (-) TimerEvent: {}
[105.465894] (-) TimerEvent: {}
[105.567336] (-) TimerEvent: {}
[105.668855] (-) TimerEvent: {}
[105.980047] (-) TimerEvent: {}
[106.239614] (-) TimerEvent: {}
[106.341000] (-) TimerEvent: {}
[106.442942] (-) TimerEvent: {}
[106.544224] (-) TimerEvent: {}
[106.645855] (-) TimerEvent: {}
[106.747436] (-) TimerEvent: {}
[106.848936] (-) TimerEvent: {}
[106.950304] (-) TimerEvent: {}
[107.051752] (-) TimerEvent: {}
[107.165039] (-) TimerEvent: {}
[107.266832] (-) TimerEvent: {}
[107.368431] (-) TimerEvent: {}
[107.470198] (-) TimerEvent: {}
[107.573426] (-) TimerEvent: {}
[107.675535] (-) TimerEvent: {}
[107.778889] (-) TimerEvent: {}
[107.880473] (-) TimerEvent: {}
[107.982530] (-) TimerEvent: {}
[108.084515] (-) TimerEvent: {}
[108.186405] (-) TimerEvent: {}
[108.288410] (-) TimerEvent: {}
[108.390820] (-) TimerEvent: {}
[108.492656] (-) TimerEvent: {}
[108.594699] (-) TimerEvent: {}
[108.696920] (-) TimerEvent: {}
[108.798711] (-) TimerEvent: {}
[108.900438] (-) TimerEvent: {}
[109.002051] (-) TimerEvent: {}
[109.103580] (-) TimerEvent: {}
[109.205316] (-) TimerEvent: {}
[109.307145] (-) TimerEvent: {}
[109.409019] (-) TimerEvent: {}
[109.511229] (-) TimerEvent: {}
[109.613012] (-) TimerEvent: {}
[109.715210] (-) TimerEvent: {}
[109.817567] (-) TimerEvent: {}
[109.920657] (-) TimerEvent: {}
[110.022382] (-) TimerEvent: {}
[110.124066] (-) TimerEvent: {}
[110.225997] (-) TimerEvent: {}
[110.328083] (-) TimerEvent: {}
[110.430060] (-) TimerEvent: {}
[110.531858] (-) TimerEvent: {}
[110.633512] (-) TimerEvent: {}
[110.735645] (-) TimerEvent: {}
[110.837235] (-) TimerEvent: {}
[111.156012] (-) TimerEvent: {}
[111.585033] (-) TimerEvent: {}
[111.687028] (-) TimerEvent: {}
[111.788546] (-) TimerEvent: {}
[111.890080] (-) TimerEvent: {}
[111.992180] (-) TimerEvent: {}
[112.094068] (-) TimerEvent: {}
[112.195736] (-) TimerEvent: {}
[112.297389] (-) TimerEvent: {}
[112.399272] (-) TimerEvent: {}
[112.546984] (-) TimerEvent: {}
[112.648657] (-) TimerEvent: {}
[112.750496] (-) TimerEvent: {}
[112.852221] (-) TimerEvent: {}
[112.954325] (-) TimerEvent: {}
[113.056160] (-) TimerEvent: {}
[113.157940] (-) TimerEvent: {}
[113.259758] (-) TimerEvent: {}
[113.361803] (-) TimerEvent: {}
[113.464092] (-) TimerEvent: {}
[113.566080] (-) TimerEvent: {}
[113.668368] (-) TimerEvent: {}
[113.770311] (-) TimerEvent: {}
[113.871990] (-) TimerEvent: {}
[113.973565] (-) TimerEvent: {}
[114.075258] (-) TimerEvent: {}
[114.176939] (-) TimerEvent: {}
[114.337961] (-) TimerEvent: {}
[114.439665] (-) TimerEvent: {}
[114.541447] (-) TimerEvent: {}
[114.642871] (-) TimerEvent: {}
[114.744451] (-) TimerEvent: {}
[114.845960] (-) TimerEvent: {}
[114.947239] (-) TimerEvent: {}
[115.048707] (-) TimerEvent: {}
[115.150377] (-) TimerEvent: {}
[115.252083] (-) TimerEvent: {}
[115.354225] (-) TimerEvent: {}
[115.456782] (-) TimerEvent: {}
[115.558491] (-) TimerEvent: {}
[115.661966] (-) TimerEvent: {}
[115.857130] (-) TimerEvent: {}
[116.417313] (-) TimerEvent: {}
[116.519510] (-) TimerEvent: {}
[116.621311] (-) TimerEvent: {}
[116.722889] (-) TimerEvent: {}
[116.824576] (-) TimerEvent: {}
[116.926526] (-) TimerEvent: {}
[117.028136] (-) TimerEvent: {}
[117.129940] (-) TimerEvent: {}
[117.232456] (-) TimerEvent: {}
[117.334556] (-) TimerEvent: {}
[117.436218] (-) TimerEvent: {}
[117.564479] (-) TimerEvent: {}
[117.666825] (-) TimerEvent: {}
[117.768552] (-) TimerEvent: {}
[117.870914] (-) TimerEvent: {}
[117.972451] (-) TimerEvent: {}
[118.075142] (-) TimerEvent: {}
[118.193603] (-) TimerEvent: {}
[118.295320] (-) TimerEvent: {}
[118.396928] (-) TimerEvent: {}
[118.498627] (-) TimerEvent: {}
[118.600114] (-) TimerEvent: {}
[118.701822] (-) TimerEvent: {}
[118.803760] (-) TimerEvent: {}
[118.905975] (-) TimerEvent: {}
[119.007963] (-) TimerEvent: {}
[119.109467] (-) TimerEvent: {}
[119.211677] (-) TimerEvent: {}
[119.313925] (-) TimerEvent: {}
[119.416111] (-) TimerEvent: {}
[119.517929] (-) TimerEvent: {}
[119.619611] (-) TimerEvent: {}
[119.721381] (-) TimerEvent: {}
[119.823388] (-) TimerEvent: {}
[119.925266] (-) TimerEvent: {}
[120.027297] (-) TimerEvent: {}
[120.129459] (-) TimerEvent: {}
[120.231392] (-) TimerEvent: {}
[120.333274] (-) TimerEvent: {}
[120.435177] (-) TimerEvent: {}
[120.536861] (-) TimerEvent: {}
[120.638409] (-) TimerEvent: {}
[120.740057] (-) TimerEvent: {}
[120.841729] (-) TimerEvent: {}
[120.944528] (-) TimerEvent: {}
[121.046942] (-) TimerEvent: {}
[121.148577] (-) TimerEvent: {}
[121.250628] (-) TimerEvent: {}
[121.353121] (-) TimerEvent: {}
[121.491897] (-) TimerEvent: {}
[121.593529] (-) TimerEvent: {}
[121.696314] (-) TimerEvent: {}
[121.799171] (-) TimerEvent: {}
[121.900721] (-) TimerEvent: {}
[122.002413] (-) TimerEvent: {}
[122.104141] (-) TimerEvent: {}
[122.206034] (-) TimerEvent: {}
[122.307765] (-) TimerEvent: {}
[122.409276] (-) TimerEvent: {}
[122.511028] (-) TimerEvent: {}
[122.613137] (-) TimerEvent: {}
[122.715787] (-) TimerEvent: {}
[122.817512] (-) TimerEvent: {}
[122.919084] (-) TimerEvent: {}
[123.020582] (-) TimerEvent: {}
[123.123648] (-) TimerEvent: {}
[123.225728] (-) TimerEvent: {}
[123.327856] (-) TimerEvent: {}
[123.430154] (-) TimerEvent: {}
[123.531720] (-) TimerEvent: {}
[123.633547] (-) TimerEvent: {}
[123.735680] (-) TimerEvent: {}
[123.837637] (-) TimerEvent: {}
[123.940027] (-) TimerEvent: {}
[124.041963] (-) TimerEvent: {}
[124.144294] (-) TimerEvent: {}
[124.246792] (-) TimerEvent: {}
[124.348509] (-) TimerEvent: {}
[124.450919] (-) TimerEvent: {}
[124.552726] (-) TimerEvent: {}
[124.654648] (-) TimerEvent: {}
[124.757009] (-) TimerEvent: {}
[124.858742] (-) TimerEvent: {}
[124.960475] (-) TimerEvent: {}
[125.062300] (-) TimerEvent: {}
[125.164064] (-) TimerEvent: {}
[125.265879] (-) TimerEvent: {}
[125.368113] (-) TimerEvent: {}
[125.470298] (-) TimerEvent: {}
[125.571859] (-) TimerEvent: {}
[125.673347] (-) TimerEvent: {}
[125.774962] (-) TimerEvent: {}
[125.876881] (-) TimerEvent: {}
[125.989238] (-) TimerEvent: {}
[126.117694] (-) TimerEvent: {}
[126.219988] (-) TimerEvent: {}
[126.321641] (-) TimerEvent: {}
[126.423356] (-) TimerEvent: {}
[126.524918] (-) TimerEvent: {}
[126.626842] (-) TimerEvent: {}
[126.729288] (-) TimerEvent: {}
[126.831313] (-) TimerEvent: {}
[126.933646] (-) TimerEvent: {}
[127.036606] (-) TimerEvent: {}
[127.138792] (-) TimerEvent: {}
[127.240639] (-) TimerEvent: {}
[127.342389] (-) TimerEvent: {}
[127.444369] (-) TimerEvent: {}
[127.546235] (-) TimerEvent: {}
[127.648119] (-) TimerEvent: {}
[127.749752] (-) TimerEvent: {}
[127.851383] (-) TimerEvent: {}
[127.953187] (-) TimerEvent: {}
[128.054905] (-) TimerEvent: {}
[128.156669] (-) TimerEvent: {}
[128.258433] (-) TimerEvent: {}
[128.360375] (-) TimerEvent: {}
[128.462446] (-) TimerEvent: {}
[128.564103] (-) TimerEvent: {}
[128.665770] (-) TimerEvent: {}
[128.767593] (-) TimerEvent: {}
[128.869314] (-) TimerEvent: {}
[128.971108] (-) TimerEvent: {}
[129.072572] (-) TimerEvent: {}
[129.174206] (-) TimerEvent: {}
[129.276021] (-) TimerEvent: {}
[129.378074] (-) TimerEvent: {}
[129.480516] (-) TimerEvent: {}
[129.582663] (-) TimerEvent: {}
[129.684423] (-) TimerEvent: {}
[129.786551] (-) TimerEvent: {}
[129.888920] (-) TimerEvent: {}
[129.991198] (-) TimerEvent: {}
[130.093452] (-) TimerEvent: {}
[130.195183] (-) TimerEvent: {}
[130.296957] (-) TimerEvent: {}
[130.398635] (-) TimerEvent: {}
[130.500363] (-) TimerEvent: {}
[130.602000] (-) TimerEvent: {}
[130.703956] (-) TimerEvent: {}
[130.805545] (-) TimerEvent: {}
[130.907357] (-) TimerEvent: {}
[131.008989] (-) TimerEvent: {}
[131.110660] (-) TimerEvent: {}
[131.212381] (-) TimerEvent: {}
[131.314309] (-) TimerEvent: {}
[131.415953] (-) TimerEvent: {}
[131.517725] (-) TimerEvent: {}
[131.629105] (-) TimerEvent: {}
[131.731321] (-) TimerEvent: {}
[131.833157] (-) TimerEvent: {}
[131.935336] (-) TimerEvent: {}
[132.037023] (-) TimerEvent: {}
[132.139178] (-) TimerEvent: {}
[132.241376] (-) TimerEvent: {}
[132.343967] (-) TimerEvent: {}
[132.445627] (-) TimerEvent: {}
[132.547254] (-) TimerEvent: {}
[132.649386] (-) TimerEvent: {}
[132.751750] (-) TimerEvent: {}
[132.854110] (-) TimerEvent: {}
[132.955997] (-) TimerEvent: {}
[133.058310] (-) TimerEvent: {}
[133.160314] (-) TimerEvent: {}
[133.262436] (-) TimerEvent: {}
[133.364622] (-) TimerEvent: {}
[133.466356] (-) TimerEvent: {}
[133.567872] (-) TimerEvent: {}
[133.669954] (-) TimerEvent: {}
[133.772180] (-) TimerEvent: {}
[133.874736] (-) TimerEvent: {}
[133.977243] (-) TimerEvent: {}
[134.084247] (-) TimerEvent: {}
[134.186496] (-) TimerEvent: {}
[134.288439] (-) TimerEvent: {}
[134.390775] (-) TimerEvent: {}
[134.492673] (-) TimerEvent: {}
[134.620044] (-) TimerEvent: {}
[134.721787] (-) TimerEvent: {}
[134.823524] (-) TimerEvent: {}
[134.925100] (-) TimerEvent: {}
[135.026809] (-) TimerEvent: {}
[135.128320] (-) TimerEvent: {}
[135.229736] (-) TimerEvent: {}
[135.331079] (-) TimerEvent: {}
[135.432683] (-) TimerEvent: {}
[135.534033] (-) TimerEvent: {}
[135.636340] (-) TimerEvent: {}
[135.778097] (-) TimerEvent: {}
[135.940725] (-) TimerEvent: {}
[136.042404] (-) TimerEvent: {}
[136.144089] (-) TimerEvent: {}
[136.245746] (-) TimerEvent: {}
[136.347417] (-) TimerEvent: {}
[136.449460] (-) TimerEvent: {}
[136.551196] (-) TimerEvent: {}
[136.653065] (-) TimerEvent: {}
[138.333165] (-) TimerEvent: {}
[146.889463] (differential_drive) JobEnded: {'identifier': 'differential_drive', 'rc': 0}
[147.263724] (-) TimerEvent: {}
[147.366059] (-) TimerEvent: {}
[147.470283] (-) TimerEvent: {}
[147.572136] (-) TimerEvent: {}
[147.673966] (-) TimerEvent: {}
[147.775686] (-) TimerEvent: {}
[147.877555] (-) TimerEvent: {}
[147.979516] (-) TimerEvent: {}
[148.081394] (-) TimerEvent: {}
[148.183621] (-) TimerEvent: {}
[148.285780] (-) TimerEvent: {}
[148.387991] (-) TimerEvent: {}
[148.490895] (-) TimerEvent: {}
[148.593219] (-) TimerEvent: {}
[148.695649] (-) TimerEvent: {}
[148.797591] (-) TimerEvent: {}
[148.899245] (-) TimerEvent: {}
[149.001173] (-) TimerEvent: {}
[149.103325] (-) TimerEvent: {}
[149.205527] (-) TimerEvent: {}
[149.355714] (-) TimerEvent: {}
[149.457766] (-) TimerEvent: {}
[150.646459] (-) TimerEvent: {}
[154.229939] (-) TimerEvent: {}
[154.331846] (-) TimerEvent: {}
[154.433543] (-) TimerEvent: {}
[154.535154] (-) TimerEvent: {}
[154.636974] (-) TimerEvent: {}
[154.738710] (-) TimerEvent: {}
[154.840423] (-) TimerEvent: {}
[154.942424] (-) TimerEvent: {}
[155.044275] (-) TimerEvent: {}
[155.145611] (-) TimerEvent: {}
[155.247648] (-) TimerEvent: {}
[155.349186] (-) TimerEvent: {}
[155.451490] (-) TimerEvent: {}
[155.613199] (-) TimerEvent: {}
[155.714926] (-) TimerEvent: {}
[155.816519] (-) TimerEvent: {}
[155.918356] (-) TimerEvent: {}
[156.019977] (-) TimerEvent: {}
[156.121438] (-) TimerEvent: {}
[156.223097] (-) TimerEvent: {}
[156.324653] (-) TimerEvent: {}
[156.426664] (-) TimerEvent: {}
[156.528809] (-) TimerEvent: {}
[156.631158] (-) TimerEvent: {}
[156.733135] (-) TimerEvent: {}
[156.835106] (-) TimerEvent: {}
[156.936991] (-) TimerEvent: {}
[157.038475] (-) TimerEvent: {}
[157.140057] (-) TimerEvent: {}
[157.241846] (-) TimerEvent: {}
[157.343259] (-) TimerEvent: {}
[157.444854] (-) TimerEvent: {}
[157.546552] (-) TimerEvent: {}
[157.648083] (-) TimerEvent: {}
[157.749460] (-) TimerEvent: {}
[157.850956] (-) TimerEvent: {}
[157.952419] (-) TimerEvent: {}
[158.054072] (-) TimerEvent: {}
[158.155648] (-) TimerEvent: {}
[158.257227] (-) TimerEvent: {}
[158.359050] (-) TimerEvent: {}
[158.461038] (-) TimerEvent: {}
[158.563248] (-) TimerEvent: {}
[158.665370] (-) TimerEvent: {}
[158.767136] (-) TimerEvent: {}
[158.868990] (-) TimerEvent: {}
[158.970405] (-) TimerEvent: {}
[159.071897] (-) TimerEvent: {}
[159.173475] (-) TimerEvent: {}
[159.275595] (-) TimerEvent: {}
[159.377324] (-) TimerEvent: {}
[159.479059] (-) TimerEvent: {}
[159.580610] (-) TimerEvent: {}
[159.682178] (-) TimerEvent: {}
[159.783795] (-) TimerEvent: {}
[159.885484] (-) TimerEvent: {}
[159.987326] (-) TimerEvent: {}
[160.090364] (-) TimerEvent: {}
[160.192659] (-) TimerEvent: {}
[160.294601] (-) TimerEvent: {}
[160.396629] (-) TimerEvent: {}
[160.498511] (-) TimerEvent: {}
[160.600450] (-) TimerEvent: {}
[160.703204] (-) TimerEvent: {}
[160.805535] (-) TimerEvent: {}
[160.907637] (-) TimerEvent: {}
[161.010656] (-) TimerEvent: {}
[161.112514] (-) TimerEvent: {}
[161.215115] (-) TimerEvent: {}
[161.317496] (-) TimerEvent: {}
[161.419516] (-) TimerEvent: {}
[161.521011] (-) TimerEvent: {}
[161.622615] (-) TimerEvent: {}
[161.724237] (-) TimerEvent: {}
[161.826632] (-) TimerEvent: {}
[161.928365] (-) TimerEvent: {}
[162.030641] (-) TimerEvent: {}
[162.132593] (-) TimerEvent: {}
[162.233992] (-) TimerEvent: {}
[162.335556] (-) TimerEvent: {}
[162.436868] (-) TimerEvent: {}
[162.538530] (-) TimerEvent: {}
[162.640751] (-) TimerEvent: {}
[162.742816] (-) TimerEvent: {}
[162.844703] (-) TimerEvent: {}
[162.946393] (-) TimerEvent: {}
[163.048025] (-) TimerEvent: {}
[163.150037] (-) TimerEvent: {}
[163.251753] (-) TimerEvent: {}
[163.353433] (-) TimerEvent: {}
[163.455863] (-) TimerEvent: {}
[163.558451] (-) TimerEvent: {}
[163.671621] (-) TimerEvent: {}
[163.773144] (-) TimerEvent: {}
[163.874742] (-) TimerEvent: {}
[163.976205] (-) TimerEvent: {}
[164.077718] (-) TimerEvent: {}
[164.179344] (-) TimerEvent: {}
[164.281741] (-) TimerEvent: {}
[164.384340] (-) TimerEvent: {}
[164.486633] (-) TimerEvent: {}
[164.588517] (-) TimerEvent: {}
[164.691253] (-) TimerEvent: {}
[164.792921] (-) TimerEvent: {}
[164.894280] (-) TimerEvent: {}
[164.995756] (-) TimerEvent: {}
[165.098563] (-) TimerEvent: {}
[165.227693] (-) TimerEvent: {}
[165.329526] (-) TimerEvent: {}
[165.431246] (-) TimerEvent: {}
[165.533100] (-) TimerEvent: {}
[165.635264] (-) TimerEvent: {}
[165.737760] (-) TimerEvent: {}
[165.839675] (-) TimerEvent: {}
[165.941306] (-) TimerEvent: {}
[166.043418] (-) TimerEvent: {}
[166.148628] (-) TimerEvent: {}
[166.250733] (-) TimerEvent: {}
[166.353196] (-) TimerEvent: {}
[166.455424] (-) TimerEvent: {}
[166.557404] (-) TimerEvent: {}
[166.659501] (-) TimerEvent: {}
[166.761093] (-) TimerEvent: {}
[166.862991] (-) TimerEvent: {}
[166.965590] (-) TimerEvent: {}
[167.068170] (-) TimerEvent: {}
[167.170192] (-) TimerEvent: {}
[167.272316] (-) TimerEvent: {}
[167.375245] (-) TimerEvent: {}
[167.476978] (-) TimerEvent: {}
[167.578764] (-) TimerEvent: {}
[167.681167] (-) TimerEvent: {}
[167.784430] (-) TimerEvent: {}
[167.887036] (-) TimerEvent: {}
[167.989161] (-) TimerEvent: {}
[168.090761] (-) TimerEvent: {}
[168.192797] (-) TimerEvent: {}
[168.294335] (-) TimerEvent: {}
[168.396265] (-) TimerEvent: {}
[168.497709] (-) TimerEvent: {}
[168.599054] (-) TimerEvent: {}
[168.700723] (-) TimerEvent: {}
[168.802828] (-) TimerEvent: {}
[168.905264] (-) TimerEvent: {}
[169.006888] (-) TimerEvent: {}
[169.108674] (-) TimerEvent: {}
