[0.064s] Invoking command in '/home/ubuntu/scootbot/3.0.0/build/diffdrive_arduino': CMAKE_PREFIX_PATH=/home/ubuntu/scootbot/3.0.0/install/serial:/home/ubuntu/scootbot/3.0.0/install/twist_mux:/home/ubuntu/scootbot/3.0.0/install/diffdrive_arduino:/home/ubuntu/scootbot/3.0.0/install/scootbot:/home/ubuntu/scootbot/3.0.0/install/rplidar_ros:/opt/ros/humble /usr/bin/cmake --build /home/ubuntu/scootbot/3.0.0/build/diffdrive_arduino -- -j4 -l4
[0.324s] [35m[1mConsolidate compiler generated dependencies of target diffdrive_arduino[0m
[0.500s] [ 57%] Built target diffdrive_arduino
[0.597s] [100%] Built target fake_robot
[0.633s] Invoked command in '/home/ubuntu/scootbot/3.0.0/build/diffdrive_arduino' returned '0': CMAKE_PREFIX_PATH=/home/ubuntu/scootbot/3.0.0/install/serial:/home/ubuntu/scootbot/3.0.0/install/twist_mux:/home/ubuntu/scootbot/3.0.0/install/diffdrive_arduino:/home/ubuntu/scootbot/3.0.0/install/scootbot:/home/ubuntu/scootbot/3.0.0/install/rplidar_ros:/opt/ros/humble /usr/bin/cmake --build /home/ubuntu/scootbot/3.0.0/build/diffdrive_arduino -- -j4 -l4
[0.779s] Invoking command in '/home/ubuntu/scootbot/3.0.0/build/diffdrive_arduino': CMAKE_PREFIX_PATH=/home/ubuntu/scootbot/3.0.0/install/serial:/home/ubuntu/scootbot/3.0.0/install/twist_mux:/home/ubuntu/scootbot/3.0.0/install/diffdrive_arduino:/home/ubuntu/scootbot/3.0.0/install/scootbot:/home/ubuntu/scootbot/3.0.0/install/rplidar_ros:/opt/ros/humble /usr/bin/cmake --install /home/ubuntu/scootbot/3.0.0/build/diffdrive_arduino
[0.807s] -- Install configuration: ""
[0.814s] -- Execute custom install script
[0.817s] -- Up-to-date symlink: /home/ubuntu/scootbot/3.0.0/install/diffdrive_arduino/share/diffdrive_arduino//robot_hardware.xml
[0.819s] -- Up-to-date symlink: /home/ubuntu/scootbot/3.0.0/install/diffdrive_arduino/share/diffdrive_arduino//fake_robot_hardware.xml
[0.822s] -- Up-to-date symlink: /home/ubuntu/scootbot/3.0.0/install/diffdrive_arduino/lib/libdiffdrive_arduino.so
[0.825s] -- Up-to-date symlink: /home/ubuntu/scootbot/3.0.0/install/diffdrive_arduino/lib/libfake_robot.so
[0.828s] -- Up-to-date symlink: /home/ubuntu/scootbot/3.0.0/install/diffdrive_arduino/share/diffdrive_arduino/controllers/fake_robot_controller.yaml
[0.830s] -- Up-to-date symlink: /home/ubuntu/scootbot/3.0.0/install/diffdrive_arduino/share/diffdrive_arduino/controllers/robot_controller.yaml
[0.833s] -- Up-to-date symlink: /home/ubuntu/scootbot/3.0.0/install/diffdrive_arduino/share/diffdrive_arduino/controllers/robot_controller_example copy.yaml
[0.836s] -- Up-to-date symlink: /home/ubuntu/scootbot/3.0.0/install/diffdrive_arduino/share/diffdrive_arduino/__pycache__/test_robot.launch.cpython-310.pyc
[0.838s] -- Up-to-date symlink: /home/ubuntu/scootbot/3.0.0/install/diffdrive_arduino/share/diffdrive_arduino/fake_robot.launch.py
[0.840s] -- Up-to-date symlink: /home/ubuntu/scootbot/3.0.0/install/diffdrive_arduino/share/diffdrive_arduino/test_robot.launch.py
[0.843s] -- Up-to-date symlink: /home/ubuntu/scootbot/3.0.0/install/diffdrive_arduino/share/diffdrive_arduino/environment/library_path.sh
[0.846s] -- Up-to-date symlink: /home/ubuntu/scootbot/3.0.0/install/diffdrive_arduino/share/diffdrive_arduino/environment/library_path.dsv
[0.848s] -- Up-to-date symlink: /home/ubuntu/scootbot/3.0.0/install/diffdrive_arduino/share/ament_index/resource_index/package_run_dependencies/diffdrive_arduino
[0.851s] -- Up-to-date symlink: /home/ubuntu/scootbot/3.0.0/install/diffdrive_arduino/share/ament_index/resource_index/parent_prefix_path/diffdrive_arduino
[0.854s] -- Up-to-date symlink: /home/ubuntu/scootbot/3.0.0/install/diffdrive_arduino/share/diffdrive_arduino/environment/ament_prefix_path.sh
[0.857s] -- Up-to-date symlink: /home/ubuntu/scootbot/3.0.0/install/diffdrive_arduino/share/diffdrive_arduino/environment/ament_prefix_path.dsv
[0.859s] -- Up-to-date symlink: /home/ubuntu/scootbot/3.0.0/install/diffdrive_arduino/share/diffdrive_arduino/environment/path.sh
[0.862s] -- Up-to-date symlink: /home/ubuntu/scootbot/3.0.0/install/diffdrive_arduino/share/diffdrive_arduino/environment/path.dsv
[0.865s] -- Up-to-date symlink: /home/ubuntu/scootbot/3.0.0/install/diffdrive_arduino/share/diffdrive_arduino/local_setup.bash
[0.868s] -- Up-to-date symlink: /home/ubuntu/scootbot/3.0.0/install/diffdrive_arduino/share/diffdrive_arduino/local_setup.sh
[0.870s] -- Up-to-date symlink: /home/ubuntu/scootbot/3.0.0/install/diffdrive_arduino/share/diffdrive_arduino/local_setup.zsh
[0.873s] -- Up-to-date symlink: /home/ubuntu/scootbot/3.0.0/install/diffdrive_arduino/share/diffdrive_arduino/local_setup.dsv
[0.876s] -- Symlinking: /home/ubuntu/scootbot/3.0.0/install/diffdrive_arduino/share/diffdrive_arduino/package.dsv
[0.912s] -- Up-to-date symlink: /home/ubuntu/scootbot/3.0.0/install/diffdrive_arduino/share/ament_index/resource_index/packages/diffdrive_arduino
[0.915s] -- Up-to-date symlink: /home/ubuntu/scootbot/3.0.0/install/diffdrive_arduino/share/ament_index/resource_index/hardware_interface__pluginlib__plugin/diffdrive_arduino
[0.917s] -- Up-to-date symlink: /home/ubuntu/scootbot/3.0.0/install/diffdrive_arduino/share/diffdrive_arduino/cmake/ament_cmake_export_libraries-extras.cmake
[0.920s] -- Up-to-date symlink: /home/ubuntu/scootbot/3.0.0/install/diffdrive_arduino/share/diffdrive_arduino/cmake/ament_cmake_export_dependencies-extras.cmake
[0.921s] -- Up-to-date symlink: /home/ubuntu/scootbot/3.0.0/install/diffdrive_arduino/share/diffdrive_arduino/cmake/diffdrive_arduinoConfig.cmake
[0.923s] -- Up-to-date symlink: /home/ubuntu/scootbot/3.0.0/install/diffdrive_arduino/share/diffdrive_arduino/cmake/diffdrive_arduinoConfig-version.cmake
[0.925s] -- Up-to-date symlink: /home/ubuntu/scootbot/3.0.0/install/diffdrive_arduino/share/diffdrive_arduino/package.xml
[0.936s] Invoked command in '/home/ubuntu/scootbot/3.0.0/build/diffdrive_arduino' returned '0': CMAKE_PREFIX_PATH=/home/ubuntu/scootbot/3.0.0/install/serial:/home/ubuntu/scootbot/3.0.0/install/twist_mux:/home/ubuntu/scootbot/3.0.0/install/diffdrive_arduino:/home/ubuntu/scootbot/3.0.0/install/scootbot:/home/ubuntu/scootbot/3.0.0/install/rplidar_ros:/opt/ros/humble /usr/bin/cmake --install /home/ubuntu/scootbot/3.0.0/build/diffdrive_arduino
