[0.620s] Invoking command in '/home/ubuntu/scootbot/src/sabertooth': PYTHONPATH=/home/ubuntu/scootbot/install/sabertooth/lib/python3.10/site-packages:${PYTHONPATH} /usr/bin/python3 setup.py egg_info --egg-base ../../build/sabertooth build --build-base /home/ubuntu/scootbot/build/sabertooth/build install --prefix /home/ubuntu/scootbot/install/sabertooth --record /home/ubuntu/scootbot/build/sabertooth/install.log --single-version-externally-managed
[0.790s] /usr/lib/python3/dist-packages/setuptools/dist.py:723: UserWarning: Usage of dash-separated 'script-dir' will not be supported in future versions. Please use the underscore name 'script_dir' instead
[0.790s]   warnings.warn(
[0.790s] /usr/lib/python3/dist-packages/setuptools/dist.py:723: UserWarning: Usage of dash-separated 'install-scripts' will not be supported in future versions. Please use the underscore name 'install_scripts' instead
[0.790s]   warnings.warn(
[0.795s] running egg_info
[0.796s] writing ../../build/sabertooth/sabertooth.egg-info/PKG-INFO
[0.796s] writing dependency_links to ../../build/sabertooth/sabertooth.egg-info/dependency_links.txt
[0.796s] writing entry points to ../../build/sabertooth/sabertooth.egg-info/entry_points.txt
[0.796s] writing requirements to ../../build/sabertooth/sabertooth.egg-info/requires.txt
[0.796s] writing top-level names to ../../build/sabertooth/sabertooth.egg-info/top_level.txt
[0.797s] reading manifest file '../../build/sabertooth/sabertooth.egg-info/SOURCES.txt'
[0.798s] writing manifest file '../../build/sabertooth/sabertooth.egg-info/SOURCES.txt'
[0.798s] running build
[0.798s] running build_py
[0.798s] running install
[0.798s] /usr/lib/python3/dist-packages/setuptools/command/install.py:34: SetuptoolsDeprecationWarning: setup.py install is deprecated. Use build and pip and other standards-based tools.
[0.798s]   warnings.warn(
[0.798s] running install_lib
[0.799s] running install_data
[0.799s] running install_egg_info
[0.800s] removing '/home/ubuntu/scootbot/install/sabertooth/lib/python3.10/site-packages/sabertooth-0.0.0-py3.10.egg-info' (and everything under it)
[0.800s] Copying ../../build/sabertooth/sabertooth.egg-info to /home/ubuntu/scootbot/install/sabertooth/lib/python3.10/site-packages/sabertooth-0.0.0-py3.10.egg-info
[0.801s] running install_scripts
[0.815s] Installing drive script to /home/ubuntu/scootbot/install/sabertooth/lib/sabertooth
[0.815s] writing list of installed files to '/home/ubuntu/scootbot/build/sabertooth/install.log'
[0.832s] Invoked command in '/home/ubuntu/scootbot/src/sabertooth' returned '0': PYTHONPATH=/home/ubuntu/scootbot/install/sabertooth/lib/python3.10/site-packages:${PYTHONPATH} /usr/bin/python3 setup.py egg_info --egg-base ../../build/sabertooth build --build-base /home/ubuntu/scootbot/build/sabertooth/build install --prefix /home/ubuntu/scootbot/install/sabertooth --record /home/ubuntu/scootbot/build/sabertooth/install.log --single-version-externally-managed
