[0.054s] Invoking command in '/home/ubuntu/scootbot/3.0.0/build/serial': CMAKE_PREFIX_PATH=/home/ubuntu/scootbot/3.0.0/install/twist_mux:/home/ubuntu/scootbot/3.0.0/install/diffdrive_arduino:/opt/ros/humble:/home/ubuntu/scootbot/3.0.0/install/serial:/home/ubuntu/scootbot/3.0.0/install/scootbot:/home/ubuntu/scootbot/3.0.0/install/rplidar_ros /usr/bin/cmake /home/ubuntu/scootbot/3.0.0/src/serial -DAMENT_CMAKE_SYMLINK_INSTALL=1 -DCMAKE_INSTALL_PREFIX=/home/ubuntu/scootbot/3.0.0/install/serial
[0.087s] -- Found ament_cmake: 1.3.3 (/opt/ros/humble/share/ament_cmake/cmake)
[0.454s] -- Override CMake install command with custom implementation using symlinks instead of copying resources
[0.479s] -- Found ament_cmake_gtest: 1.3.3 (/opt/ros/humble/share/ament_cmake_gtest/cmake)
[0.492s] -- Found gtest sources under '/opt/ros/humble/src/gtest_vendor': C++ tests using 'Google Test' will be built
[0.685s] -- Configuring done
[0.726s] -- Generating done
[0.732s] -- Build files have been written to: /home/ubuntu/scootbot/3.0.0/build/serial
[0.743s] Invoked command in '/home/ubuntu/scootbot/3.0.0/build/serial' returned '0': CMAKE_PREFIX_PATH=/home/ubuntu/scootbot/3.0.0/install/twist_mux:/home/ubuntu/scootbot/3.0.0/install/diffdrive_arduino:/opt/ros/humble:/home/ubuntu/scootbot/3.0.0/install/serial:/home/ubuntu/scootbot/3.0.0/install/scootbot:/home/ubuntu/scootbot/3.0.0/install/rplidar_ros /usr/bin/cmake /home/ubuntu/scootbot/3.0.0/src/serial -DAMENT_CMAKE_SYMLINK_INSTALL=1 -DCMAKE_INSTALL_PREFIX=/home/ubuntu/scootbot/3.0.0/install/serial
[0.744s] Invoking command in '/home/ubuntu/scootbot/3.0.0/build/serial': CMAKE_PREFIX_PATH=/home/ubuntu/scootbot/3.0.0/install/twist_mux:/home/ubuntu/scootbot/3.0.0/install/diffdrive_arduino:/opt/ros/humble:/home/ubuntu/scootbot/3.0.0/install/serial:/home/ubuntu/scootbot/3.0.0/install/scootbot:/home/ubuntu/scootbot/3.0.0/install/rplidar_ros /usr/bin/cmake --build /home/ubuntu/scootbot/3.0.0/build/serial -- -j4 -l4
[0.853s] [35m[1mConsolidate compiler generated dependencies of target gtest_main[0m
[0.868s] [35m[1mConsolidate compiler generated dependencies of target gtest[0m
[0.869s] [35m[1mConsolidate compiler generated dependencies of target serial[0m
[0.912s] [ 14%] Built target gtest_main
[0.942s] [ 42%] Built target serial
[0.966s] [ 57%] Built target gtest
[1.001s] [35m[1mConsolidate compiler generated dependencies of target serial-test-timer[0m
[1.021s] [35m[1mConsolidate compiler generated dependencies of target serial_example[0m
[1.022s] [35m[1mConsolidate compiler generated dependencies of target serial-test[0m
[1.080s] [ 71%] Built target serial-test
[1.088s] [ 85%] Built target serial-test-timer
[1.095s] [100%] Built target serial_example
[1.140s] Invoked command in '/home/ubuntu/scootbot/3.0.0/build/serial' returned '0': CMAKE_PREFIX_PATH=/home/ubuntu/scootbot/3.0.0/install/twist_mux:/home/ubuntu/scootbot/3.0.0/install/diffdrive_arduino:/opt/ros/humble:/home/ubuntu/scootbot/3.0.0/install/serial:/home/ubuntu/scootbot/3.0.0/install/scootbot:/home/ubuntu/scootbot/3.0.0/install/rplidar_ros /usr/bin/cmake --build /home/ubuntu/scootbot/3.0.0/build/serial -- -j4 -l4
[1.262s] Invoking command in '/home/ubuntu/scootbot/3.0.0/build/serial': CMAKE_PREFIX_PATH=/home/ubuntu/scootbot/3.0.0/install/twist_mux:/home/ubuntu/scootbot/3.0.0/install/diffdrive_arduino:/opt/ros/humble:/home/ubuntu/scootbot/3.0.0/install/serial:/home/ubuntu/scootbot/3.0.0/install/scootbot:/home/ubuntu/scootbot/3.0.0/install/rplidar_ros /usr/bin/cmake --install /home/ubuntu/scootbot/3.0.0/build/serial
[1.283s] -- Install configuration: ""
[1.285s] -- Execute custom install script
[1.286s] -- Up-to-date symlink: /home/ubuntu/scootbot/3.0.0/install/serial/lib/libserial.a
[1.288s] -- Up-to-date symlink: /home/ubuntu/scootbot/3.0.0/install/serial/include/serial/serial.h
[1.289s] -- Up-to-date symlink: /home/ubuntu/scootbot/3.0.0/install/serial/include/serial/v8stdint.h
[1.290s] -- Up-to-date symlink: /home/ubuntu/scootbot/3.0.0/install/serial/share/serial/environment/library_path.sh
[1.292s] -- Up-to-date symlink: /home/ubuntu/scootbot/3.0.0/install/serial/share/serial/environment/library_path.dsv
[1.293s] -- Up-to-date symlink: /home/ubuntu/scootbot/3.0.0/install/serial/share/ament_index/resource_index/package_run_dependencies/serial
[1.294s] -- Up-to-date symlink: /home/ubuntu/scootbot/3.0.0/install/serial/share/ament_index/resource_index/parent_prefix_path/serial
[1.296s] -- Up-to-date symlink: /home/ubuntu/scootbot/3.0.0/install/serial/share/serial/environment/ament_prefix_path.sh
[1.297s] -- Up-to-date symlink: /home/ubuntu/scootbot/3.0.0/install/serial/share/serial/environment/ament_prefix_path.dsv
[1.298s] -- Up-to-date symlink: /home/ubuntu/scootbot/3.0.0/install/serial/share/serial/environment/path.sh
[1.300s] -- Up-to-date symlink: /home/ubuntu/scootbot/3.0.0/install/serial/share/serial/environment/path.dsv
[1.301s] -- Up-to-date symlink: /home/ubuntu/scootbot/3.0.0/install/serial/share/serial/local_setup.bash
[1.302s] -- Up-to-date symlink: /home/ubuntu/scootbot/3.0.0/install/serial/share/serial/local_setup.sh
[1.304s] -- Up-to-date symlink: /home/ubuntu/scootbot/3.0.0/install/serial/share/serial/local_setup.zsh
[1.305s] -- Up-to-date symlink: /home/ubuntu/scootbot/3.0.0/install/serial/share/serial/local_setup.dsv
[1.306s] -- Symlinking: /home/ubuntu/scootbot/3.0.0/install/serial/share/serial/package.dsv
[1.329s] -- Up-to-date symlink: /home/ubuntu/scootbot/3.0.0/install/serial/share/ament_index/resource_index/packages/serial
[1.331s] -- Up-to-date symlink: /home/ubuntu/scootbot/3.0.0/install/serial/share/serial/cmake/ament_cmake_export_include_directories-extras.cmake
[1.332s] -- Up-to-date symlink: /home/ubuntu/scootbot/3.0.0/install/serial/share/serial/cmake/ament_cmake_export_libraries-extras.cmake
[1.333s] -- Up-to-date symlink: /home/ubuntu/scootbot/3.0.0/install/serial/share/serial/cmake/serialConfig.cmake
[1.334s] -- Up-to-date symlink: /home/ubuntu/scootbot/3.0.0/install/serial/share/serial/cmake/serialConfig-version.cmake
[1.335s] -- Up-to-date symlink: /home/ubuntu/scootbot/3.0.0/install/serial/share/serial/package.xml
[1.349s] Invoked command in '/home/ubuntu/scootbot/3.0.0/build/serial' returned '0': CMAKE_PREFIX_PATH=/home/ubuntu/scootbot/3.0.0/install/twist_mux:/home/ubuntu/scootbot/3.0.0/install/diffdrive_arduino:/opt/ros/humble:/home/ubuntu/scootbot/3.0.0/install/serial:/home/ubuntu/scootbot/3.0.0/install/scootbot:/home/ubuntu/scootbot/3.0.0/install/rplidar_ros /usr/bin/cmake --install /home/ubuntu/scootbot/3.0.0/build/serial
