[0.615s] Invoking command in '/home/teknetik/scootbot/src/sabertooth': PYTHONPATH=/home/teknetik/scootbot/install/sabertooth/lib/python3.8/site-packages:${PYTHONPATH} /usr/bin/python3 setup.py egg_info --egg-base ../../build/sabertooth build --build-base /home/teknetik/scootbot/build/sabertooth/build install --prefix /home/teknetik/scootbot/install/sabertooth --record /home/teknetik/scootbot/build/sabertooth/install.log --single-version-externally-managed
[0.765s] running egg_info
[0.766s] writing ../../build/sabertooth/sabertooth.egg-info/PKG-INFO
[0.766s] writing dependency_links to ../../build/sabertooth/sabertooth.egg-info/dependency_links.txt
[0.766s] writing entry points to ../../build/sabertooth/sabertooth.egg-info/entry_points.txt
[0.766s] writing requirements to ../../build/sabertooth/sabertooth.egg-info/requires.txt
[0.766s] writing top-level names to ../../build/sabertooth/sabertooth.egg-info/top_level.txt
[0.789s] reading manifest file '../../build/sabertooth/sabertooth.egg-info/SOURCES.txt'
[0.790s] writing manifest file '../../build/sabertooth/sabertooth.egg-info/SOURCES.txt'
[0.790s] running build
[0.790s] running build_py
[0.790s] running install
[0.790s] running install_lib
[0.791s] running install_data
[0.792s] running install_egg_info
[0.792s] removing '/home/teknetik/scootbot/install/sabertooth/lib/python3.8/site-packages/sabertooth-0.0.0-py3.8.egg-info' (and everything under it)
[0.793s] Copying ../../build/sabertooth/sabertooth.egg-info to /home/teknetik/scootbot/install/sabertooth/lib/python3.8/site-packages/sabertooth-0.0.0-py3.8.egg-info
[0.793s] running install_scripts
[0.805s] Installing drive script to /home/teknetik/scootbot/install/sabertooth/lib/sabertooth
[0.805s] writing list of installed files to '/home/teknetik/scootbot/build/sabertooth/install.log'
[0.819s] Invoked command in '/home/teknetik/scootbot/src/sabertooth' returned '0': PYTHONPATH=/home/teknetik/scootbot/install/sabertooth/lib/python3.8/site-packages:${PYTHONPATH} /usr/bin/python3 setup.py egg_info --egg-base ../../build/sabertooth build --build-base /home/teknetik/scootbot/build/sabertooth/build install --prefix /home/teknetik/scootbot/install/sabertooth --record /home/teknetik/scootbot/build/sabertooth/install.log --single-version-externally-managed
