[1.485s] DEBUG:colcon:Command line arguments: ['/usr/bin/colcon', 'build']
[1.485s] DEBUG:colcon:Parsed command line arguments: Namespace(log_base=None, log_level=None, verb_name='build', build_base='build', install_base='install', merge_install=False, symlink_install=False, test_result_base=None, continue_on_error=False, executor='parallel', parallel_workers=4, event_handlers=None, ignore_user_meta=False, metas=['./colcon.meta'], base_paths=['.'], packages_ignore=None, packages_ignore_regex=None, paths=None, packages_up_to=None, packages_up_to_regex=None, packages_above=None, packages_above_and_dependencies=None, packages_above_depth=None, packages_select_by_dep=None, packages_skip_by_dep=None, packages_skip_up_to=None, packages_select_build_failed=False, packages_skip_build_finished=False, packages_select_test_failures=False, packages_skip_test_passed=False, packages_select=None, packages_skip=None, packages_select_regex=None, packages_skip_regex=None, packages_start=None, packages_end=None, allow_overriding=[], cmake_args=None, cmake_target=None, cmake_target_skip_unavailable=False, cmake_clean_cache=False, cmake_clean_first=False, cmake_force_configure=False, ament_cmake_args=None, catkin_cmake_args=None, catkin_skip_building_tests=False, verb_parser=<colcon_defaults.argument_parser.defaults.DefaultArgumentsDecorator object at 0x7f4cb2eeec80>, verb_extension=<colcon_core.verb.build.BuildVerb object at 0x7f4cb36f7fa0>, main=<bound method BuildVerb.main of <colcon_core.verb.build.BuildVerb object at 0x7f4cb36f7fa0>>)
[1.592s] Level 1:colcon.colcon_core.package_discovery:discover_packages(colcon_meta) check parameters
[1.592s] Level 1:colcon.colcon_core.package_discovery:discover_packages(recursive) check parameters
[1.592s] Level 1:colcon.colcon_core.package_discovery:discover_packages(ignore) check parameters
[1.592s] Level 1:colcon.colcon_core.package_discovery:discover_packages(path) check parameters
[1.592s] Level 1:colcon.colcon_core.package_discovery:discover_packages(colcon_meta) discover
[1.593s] Level 1:colcon.colcon_core.package_discovery:discover_packages(recursive) discover
[1.593s] INFO:colcon.colcon_core.package_discovery:Crawling recursively for packages in '/home/ubuntu/scootbot/3.0.0'
[1.593s] Level 1:colcon.colcon_core.package_identification:_identify(.) by extensions ['ignore', 'ignore_ament_install']
[1.594s] Level 1:colcon.colcon_core.package_identification:_identify(.) by extension 'ignore'
[1.594s] Level 1:colcon.colcon_core.package_identification:_identify(.) by extension 'ignore_ament_install'
[1.594s] Level 1:colcon.colcon_core.package_identification:_identify(.) by extensions ['colcon_pkg']
[1.594s] Level 1:colcon.colcon_core.package_identification:_identify(.) by extension 'colcon_pkg'
[1.594s] Level 1:colcon.colcon_core.package_identification:_identify(.) by extensions ['colcon_meta']
[1.594s] Level 1:colcon.colcon_core.package_identification:_identify(.) by extension 'colcon_meta'
[1.595s] Level 1:colcon.colcon_core.package_identification:_identify(.) by extensions ['ros']
[1.595s] Level 1:colcon.colcon_core.package_identification:_identify(.) by extension 'ros'
[1.635s] Level 1:colcon.colcon_core.package_identification:_identify(.) by extensions ['cmake', 'python']
[1.635s] Level 1:colcon.colcon_core.package_identification:_identify(.) by extension 'cmake'
[1.635s] Level 1:colcon.colcon_core.package_identification:_identify(.) by extension 'python'
[1.635s] Level 1:colcon.colcon_core.package_identification:_identify(.) by extensions ['python_setup_py']
[1.635s] Level 1:colcon.colcon_core.package_identification:_identify(.) by extension 'python_setup_py'
[1.636s] Level 1:colcon.colcon_core.package_identification:_identify(__pycache__) by extensions ['ignore', 'ignore_ament_install']
[1.636s] Level 1:colcon.colcon_core.package_identification:_identify(__pycache__) by extension 'ignore'
[1.636s] Level 1:colcon.colcon_core.package_identification:_identify(__pycache__) by extension 'ignore_ament_install'
[1.637s] Level 1:colcon.colcon_core.package_identification:_identify(__pycache__) by extensions ['colcon_pkg']
[1.637s] Level 1:colcon.colcon_core.package_identification:_identify(__pycache__) by extension 'colcon_pkg'
[1.637s] Level 1:colcon.colcon_core.package_identification:_identify(__pycache__) by extensions ['colcon_meta']
[1.637s] Level 1:colcon.colcon_core.package_identification:_identify(__pycache__) by extension 'colcon_meta'
[1.637s] Level 1:colcon.colcon_core.package_identification:_identify(__pycache__) by extensions ['ros']
[1.637s] Level 1:colcon.colcon_core.package_identification:_identify(__pycache__) by extension 'ros'
[1.638s] Level 1:colcon.colcon_core.package_identification:_identify(__pycache__) by extensions ['cmake', 'python']
[1.638s] Level 1:colcon.colcon_core.package_identification:_identify(__pycache__) by extension 'cmake'
[1.638s] Level 1:colcon.colcon_core.package_identification:_identify(__pycache__) by extension 'python'
[1.638s] Level 1:colcon.colcon_core.package_identification:_identify(__pycache__) by extensions ['python_setup_py']
[1.638s] Level 1:colcon.colcon_core.package_identification:_identify(__pycache__) by extension 'python_setup_py'
[1.639s] Level 1:colcon.colcon_core.package_identification:_identify(build) by extensions ['ignore', 'ignore_ament_install']
[1.639s] Level 1:colcon.colcon_core.package_identification:_identify(build) by extension 'ignore'
[1.639s] Level 1:colcon.colcon_core.package_identification:_identify(build) ignored
[1.640s] Level 1:colcon.colcon_core.package_identification:_identify(install) by extensions ['ignore', 'ignore_ament_install']
[1.640s] Level 1:colcon.colcon_core.package_identification:_identify(install) by extension 'ignore'
[1.640s] Level 1:colcon.colcon_core.package_identification:_identify(install) ignored
[1.640s] Level 1:colcon.colcon_core.package_identification:_identify(local_tests) by extensions ['ignore', 'ignore_ament_install']
[1.641s] Level 1:colcon.colcon_core.package_identification:_identify(local_tests) by extension 'ignore'
[1.641s] Level 1:colcon.colcon_core.package_identification:_identify(local_tests) by extension 'ignore_ament_install'
[1.641s] Level 1:colcon.colcon_core.package_identification:_identify(local_tests) by extensions ['colcon_pkg']
[1.641s] Level 1:colcon.colcon_core.package_identification:_identify(local_tests) by extension 'colcon_pkg'
[1.641s] Level 1:colcon.colcon_core.package_identification:_identify(local_tests) by extensions ['colcon_meta']
[1.641s] Level 1:colcon.colcon_core.package_identification:_identify(local_tests) by extension 'colcon_meta'
[1.642s] Level 1:colcon.colcon_core.package_identification:_identify(local_tests) by extensions ['ros']
[1.642s] Level 1:colcon.colcon_core.package_identification:_identify(local_tests) by extension 'ros'
[1.642s] Level 1:colcon.colcon_core.package_identification:_identify(local_tests) by extensions ['cmake', 'python']
[1.642s] Level 1:colcon.colcon_core.package_identification:_identify(local_tests) by extension 'cmake'
[1.642s] Level 1:colcon.colcon_core.package_identification:_identify(local_tests) by extension 'python'
[1.643s] Level 1:colcon.colcon_core.package_identification:_identify(local_tests) by extensions ['python_setup_py']
[1.643s] Level 1:colcon.colcon_core.package_identification:_identify(local_tests) by extension 'python_setup_py'
[1.643s] Level 1:colcon.colcon_core.package_identification:_identify(local_tests/__pycache__) by extensions ['ignore', 'ignore_ament_install']
[1.643s] Level 1:colcon.colcon_core.package_identification:_identify(local_tests/__pycache__) by extension 'ignore'
[1.644s] Level 1:colcon.colcon_core.package_identification:_identify(local_tests/__pycache__) by extension 'ignore_ament_install'
[1.644s] Level 1:colcon.colcon_core.package_identification:_identify(local_tests/__pycache__) by extensions ['colcon_pkg']
[1.644s] Level 1:colcon.colcon_core.package_identification:_identify(local_tests/__pycache__) by extension 'colcon_pkg'
[1.644s] Level 1:colcon.colcon_core.package_identification:_identify(local_tests/__pycache__) by extensions ['colcon_meta']
[1.644s] Level 1:colcon.colcon_core.package_identification:_identify(local_tests/__pycache__) by extension 'colcon_meta'
[1.644s] Level 1:colcon.colcon_core.package_identification:_identify(local_tests/__pycache__) by extensions ['ros']
[1.645s] Level 1:colcon.colcon_core.package_identification:_identify(local_tests/__pycache__) by extension 'ros'
[1.645s] Level 1:colcon.colcon_core.package_identification:_identify(local_tests/__pycache__) by extensions ['cmake', 'python']
[1.645s] Level 1:colcon.colcon_core.package_identification:_identify(local_tests/__pycache__) by extension 'cmake'
[1.645s] Level 1:colcon.colcon_core.package_identification:_identify(local_tests/__pycache__) by extension 'python'
[1.645s] Level 1:colcon.colcon_core.package_identification:_identify(local_tests/__pycache__) by extensions ['python_setup_py']
[1.645s] Level 1:colcon.colcon_core.package_identification:_identify(local_tests/__pycache__) by extension 'python_setup_py'
[1.646s] Level 1:colcon.colcon_core.package_identification:_identify(log) by extensions ['ignore', 'ignore_ament_install']
[1.646s] Level 1:colcon.colcon_core.package_identification:_identify(log) by extension 'ignore'
[1.647s] Level 1:colcon.colcon_core.package_identification:_identify(log) ignored
[1.647s] Level 1:colcon.colcon_core.package_identification:_identify(src) by extensions ['ignore', 'ignore_ament_install']
[1.647s] Level 1:colcon.colcon_core.package_identification:_identify(src) by extension 'ignore'
[1.647s] Level 1:colcon.colcon_core.package_identification:_identify(src) by extension 'ignore_ament_install'
[1.648s] Level 1:colcon.colcon_core.package_identification:_identify(src) by extensions ['colcon_pkg']
[1.648s] Level 1:colcon.colcon_core.package_identification:_identify(src) by extension 'colcon_pkg'
[1.648s] Level 1:colcon.colcon_core.package_identification:_identify(src) by extensions ['colcon_meta']
[1.648s] Level 1:colcon.colcon_core.package_identification:_identify(src) by extension 'colcon_meta'
[1.648s] Level 1:colcon.colcon_core.package_identification:_identify(src) by extensions ['ros']
[1.648s] Level 1:colcon.colcon_core.package_identification:_identify(src) by extension 'ros'
[1.649s] Level 1:colcon.colcon_core.package_identification:_identify(src) by extensions ['cmake', 'python']
[1.649s] Level 1:colcon.colcon_core.package_identification:_identify(src) by extension 'cmake'
[1.649s] Level 1:colcon.colcon_core.package_identification:_identify(src) by extension 'python'
[1.649s] Level 1:colcon.colcon_core.package_identification:_identify(src) by extensions ['python_setup_py']
[1.649s] Level 1:colcon.colcon_core.package_identification:_identify(src) by extension 'python_setup_py'
[1.650s] Level 1:colcon.colcon_core.package_identification:_identify(src/diffdrive_arduino) by extensions ['ignore', 'ignore_ament_install']
[1.650s] Level 1:colcon.colcon_core.package_identification:_identify(src/diffdrive_arduino) by extension 'ignore'
[1.650s] Level 1:colcon.colcon_core.package_identification:_identify(src/diffdrive_arduino) by extension 'ignore_ament_install'
[1.650s] Level 1:colcon.colcon_core.package_identification:_identify(src/diffdrive_arduino) by extensions ['colcon_pkg']
[1.650s] Level 1:colcon.colcon_core.package_identification:_identify(src/diffdrive_arduino) by extension 'colcon_pkg'
[1.651s] Level 1:colcon.colcon_core.package_identification:_identify(src/diffdrive_arduino) by extensions ['colcon_meta']
[1.651s] Level 1:colcon.colcon_core.package_identification:_identify(src/diffdrive_arduino) by extension 'colcon_meta'
[1.651s] Level 1:colcon.colcon_core.package_identification:_identify(src/diffdrive_arduino) by extensions ['ros']
[1.651s] Level 1:colcon.colcon_core.package_identification:_identify(src/diffdrive_arduino) by extension 'ros'
[1.661s] DEBUG:colcon.colcon_core.package_identification:Package 'src/diffdrive_arduino' with type 'ros.ament_cmake' and name 'diffdrive_arduino'
[1.662s] Level 1:colcon.colcon_core.package_identification:_identify(src/scootbot) by extensions ['ignore', 'ignore_ament_install']
[1.662s] Level 1:colcon.colcon_core.package_identification:_identify(src/scootbot) by extension 'ignore'
[1.662s] Level 1:colcon.colcon_core.package_identification:_identify(src/scootbot) by extension 'ignore_ament_install'
[1.663s] Level 1:colcon.colcon_core.package_identification:_identify(src/scootbot) by extensions ['colcon_pkg']
[1.663s] Level 1:colcon.colcon_core.package_identification:_identify(src/scootbot) by extension 'colcon_pkg'
[1.663s] Level 1:colcon.colcon_core.package_identification:_identify(src/scootbot) by extensions ['colcon_meta']
[1.663s] Level 1:colcon.colcon_core.package_identification:_identify(src/scootbot) by extension 'colcon_meta'
[1.663s] Level 1:colcon.colcon_core.package_identification:_identify(src/scootbot) by extensions ['ros']
[1.663s] Level 1:colcon.colcon_core.package_identification:_identify(src/scootbot) by extension 'ros'
[1.665s] DEBUG:colcon.colcon_core.package_identification:Package 'src/scootbot' with type 'ros.ament_cmake' and name 'scootbot'
[1.666s] Level 1:colcon.colcon_core.package_identification:_identify(src/serial) by extensions ['ignore', 'ignore_ament_install']
[1.666s] Level 1:colcon.colcon_core.package_identification:_identify(src/serial) by extension 'ignore'
[1.666s] Level 1:colcon.colcon_core.package_identification:_identify(src/serial) by extension 'ignore_ament_install'
[1.666s] Level 1:colcon.colcon_core.package_identification:_identify(src/serial) by extensions ['colcon_pkg']
[1.666s] Level 1:colcon.colcon_core.package_identification:_identify(src/serial) by extension 'colcon_pkg'
[1.667s] Level 1:colcon.colcon_core.package_identification:_identify(src/serial) by extensions ['colcon_meta']
[1.667s] Level 1:colcon.colcon_core.package_identification:_identify(src/serial) by extension 'colcon_meta'
[1.667s] Level 1:colcon.colcon_core.package_identification:_identify(src/serial) by extensions ['ros']
[1.667s] Level 1:colcon.colcon_core.package_identification:_identify(src/serial) by extension 'ros'
[1.671s] DEBUG:colcon.colcon_core.package_identification:Package 'src/serial' with type 'ros.ament_cmake' and name 'serial'
[1.672s] Level 1:colcon.colcon_core.package_identification:_identify(src/twist_mux) by extensions ['ignore', 'ignore_ament_install']
[1.672s] Level 1:colcon.colcon_core.package_identification:_identify(src/twist_mux) by extension 'ignore'
[1.672s] Level 1:colcon.colcon_core.package_identification:_identify(src/twist_mux) by extension 'ignore_ament_install'
[1.673s] Level 1:colcon.colcon_core.package_identification:_identify(src/twist_mux) by extensions ['colcon_pkg']
[1.673s] Level 1:colcon.colcon_core.package_identification:_identify(src/twist_mux) by extension 'colcon_pkg'
[1.673s] Level 1:colcon.colcon_core.package_identification:_identify(src/twist_mux) by extensions ['colcon_meta']
[1.673s] Level 1:colcon.colcon_core.package_identification:_identify(src/twist_mux) by extension 'colcon_meta'
[1.673s] Level 1:colcon.colcon_core.package_identification:_identify(src/twist_mux) by extensions ['ros']
[1.673s] Level 1:colcon.colcon_core.package_identification:_identify(src/twist_mux) by extension 'ros'
[1.677s] DEBUG:colcon.colcon_core.package_identification:Package 'src/twist_mux' with type 'ros.ament_cmake' and name 'twist_mux'
[1.678s] Level 1:colcon.colcon_core.package_discovery:discover_packages(recursive) using defaults
[1.678s] Level 1:colcon.colcon_core.package_discovery:discover_packages(ignore) discover
[1.678s] Level 1:colcon.colcon_core.package_discovery:discover_packages(ignore) using defaults
[1.678s] Level 1:colcon.colcon_core.package_discovery:discover_packages(path) discover
[1.678s] Level 1:colcon.colcon_core.package_discovery:discover_packages(path) using defaults
[1.761s] Level 1:colcon.colcon_core.package_discovery:discover_packages(prefix_path) check parameters
[1.761s] Level 1:colcon.colcon_core.package_discovery:discover_packages(prefix_path) discover
[1.771s] DEBUG:colcon.colcon_installed_package_information.package_discovery:Found 4 installed packages in /home/ubuntu/scootbot/3.0.0/install
[1.778s] DEBUG:colcon.colcon_installed_package_information.package_discovery:Found 281 installed packages in /opt/ros/humble
[1.786s] Level 1:colcon.colcon_core.package_discovery:discover_packages(prefix_path) using defaults
[2.000s] Level 5:colcon.colcon_core.verb:set package 'scootbot' build argument 'cmake_args' from command line to 'None'
[2.001s] Level 5:colcon.colcon_core.verb:set package 'scootbot' build argument 'cmake_target' from command line to 'None'
[2.001s] Level 5:colcon.colcon_core.verb:set package 'scootbot' build argument 'cmake_target_skip_unavailable' from command line to 'False'
[2.001s] Level 5:colcon.colcon_core.verb:set package 'scootbot' build argument 'cmake_clean_cache' from command line to 'False'
[2.001s] Level 5:colcon.colcon_core.verb:set package 'scootbot' build argument 'cmake_clean_first' from command line to 'False'
[2.001s] Level 5:colcon.colcon_core.verb:set package 'scootbot' build argument 'cmake_force_configure' from command line to 'False'
[2.001s] Level 5:colcon.colcon_core.verb:set package 'scootbot' build argument 'ament_cmake_args' from command line to 'None'
[2.001s] Level 5:colcon.colcon_core.verb:set package 'scootbot' build argument 'catkin_cmake_args' from command line to 'None'
[2.001s] Level 5:colcon.colcon_core.verb:set package 'scootbot' build argument 'catkin_skip_building_tests' from command line to 'False'
[2.002s] DEBUG:colcon.colcon_core.verb:Building package 'scootbot' with the following arguments: {'ament_cmake_args': None, 'build_base': '/home/ubuntu/scootbot/3.0.0/build/scootbot', 'catkin_cmake_args': None, 'catkin_skip_building_tests': False, 'cmake_args': None, 'cmake_clean_cache': False, 'cmake_clean_first': False, 'cmake_force_configure': False, 'cmake_target': None, 'cmake_target_skip_unavailable': False, 'install_base': '/home/ubuntu/scootbot/3.0.0/install/scootbot', 'merge_install': False, 'path': '/home/ubuntu/scootbot/3.0.0/src/scootbot', 'symlink_install': False, 'test_result_base': None}
[2.006s] Level 5:colcon.colcon_core.verb:set package 'serial' build argument 'cmake_args' from command line to 'None'
[2.006s] Level 5:colcon.colcon_core.verb:set package 'serial' build argument 'cmake_target' from command line to 'None'
[2.006s] Level 5:colcon.colcon_core.verb:set package 'serial' build argument 'cmake_target_skip_unavailable' from command line to 'False'
[2.006s] Level 5:colcon.colcon_core.verb:set package 'serial' build argument 'cmake_clean_cache' from command line to 'False'
[2.006s] Level 5:colcon.colcon_core.verb:set package 'serial' build argument 'cmake_clean_first' from command line to 'False'
[2.006s] Level 5:colcon.colcon_core.verb:set package 'serial' build argument 'cmake_force_configure' from command line to 'False'
[2.006s] Level 5:colcon.colcon_core.verb:set package 'serial' build argument 'ament_cmake_args' from command line to 'None'
[2.007s] Level 5:colcon.colcon_core.verb:set package 'serial' build argument 'catkin_cmake_args' from command line to 'None'
[2.007s] Level 5:colcon.colcon_core.verb:set package 'serial' build argument 'catkin_skip_building_tests' from command line to 'False'
[2.007s] DEBUG:colcon.colcon_core.verb:Building package 'serial' with the following arguments: {'ament_cmake_args': None, 'build_base': '/home/ubuntu/scootbot/3.0.0/build/serial', 'catkin_cmake_args': None, 'catkin_skip_building_tests': False, 'cmake_args': None, 'cmake_clean_cache': False, 'cmake_clean_first': False, 'cmake_force_configure': False, 'cmake_target': None, 'cmake_target_skip_unavailable': False, 'install_base': '/home/ubuntu/scootbot/3.0.0/install/serial', 'merge_install': False, 'path': '/home/ubuntu/scootbot/3.0.0/src/serial', 'symlink_install': False, 'test_result_base': None}
[2.011s] Level 5:colcon.colcon_core.verb:set package 'twist_mux' build argument 'cmake_args' from command line to 'None'
[2.011s] Level 5:colcon.colcon_core.verb:set package 'twist_mux' build argument 'cmake_target' from command line to 'None'
[2.011s] Level 5:colcon.colcon_core.verb:set package 'twist_mux' build argument 'cmake_target_skip_unavailable' from command line to 'False'
[2.011s] Level 5:colcon.colcon_core.verb:set package 'twist_mux' build argument 'cmake_clean_cache' from command line to 'False'
[2.011s] Level 5:colcon.colcon_core.verb:set package 'twist_mux' build argument 'cmake_clean_first' from command line to 'False'
[2.012s] Level 5:colcon.colcon_core.verb:set package 'twist_mux' build argument 'cmake_force_configure' from command line to 'False'
[2.012s] Level 5:colcon.colcon_core.verb:set package 'twist_mux' build argument 'ament_cmake_args' from command line to 'None'
[2.012s] Level 5:colcon.colcon_core.verb:set package 'twist_mux' build argument 'catkin_cmake_args' from command line to 'None'
[2.012s] Level 5:colcon.colcon_core.verb:set package 'twist_mux' build argument 'catkin_skip_building_tests' from command line to 'False'
[2.012s] DEBUG:colcon.colcon_core.verb:Building package 'twist_mux' with the following arguments: {'ament_cmake_args': None, 'build_base': '/home/ubuntu/scootbot/3.0.0/build/twist_mux', 'catkin_cmake_args': None, 'catkin_skip_building_tests': False, 'cmake_args': None, 'cmake_clean_cache': False, 'cmake_clean_first': False, 'cmake_force_configure': False, 'cmake_target': None, 'cmake_target_skip_unavailable': False, 'install_base': '/home/ubuntu/scootbot/3.0.0/install/twist_mux', 'merge_install': False, 'path': '/home/ubuntu/scootbot/3.0.0/src/twist_mux', 'symlink_install': False, 'test_result_base': None}
[2.016s] Level 5:colcon.colcon_core.verb:set package 'diffdrive_arduino' build argument 'cmake_args' from command line to 'None'
[2.016s] Level 5:colcon.colcon_core.verb:set package 'diffdrive_arduino' build argument 'cmake_target' from command line to 'None'
[2.016s] Level 5:colcon.colcon_core.verb:set package 'diffdrive_arduino' build argument 'cmake_target_skip_unavailable' from command line to 'False'
[2.017s] Level 5:colcon.colcon_core.verb:set package 'diffdrive_arduino' build argument 'cmake_clean_cache' from command line to 'False'
[2.017s] Level 5:colcon.colcon_core.verb:set package 'diffdrive_arduino' build argument 'cmake_clean_first' from command line to 'False'
[2.017s] Level 5:colcon.colcon_core.verb:set package 'diffdrive_arduino' build argument 'cmake_force_configure' from command line to 'False'
[2.017s] Level 5:colcon.colcon_core.verb:set package 'diffdrive_arduino' build argument 'ament_cmake_args' from command line to 'None'
[2.017s] Level 5:colcon.colcon_core.verb:set package 'diffdrive_arduino' build argument 'catkin_cmake_args' from command line to 'None'
[2.017s] Level 5:colcon.colcon_core.verb:set package 'diffdrive_arduino' build argument 'catkin_skip_building_tests' from command line to 'False'
[2.017s] DEBUG:colcon.colcon_core.verb:Building package 'diffdrive_arduino' with the following arguments: {'ament_cmake_args': None, 'build_base': '/home/ubuntu/scootbot/3.0.0/build/diffdrive_arduino', 'catkin_cmake_args': None, 'catkin_skip_building_tests': False, 'cmake_args': None, 'cmake_clean_cache': False, 'cmake_clean_first': False, 'cmake_force_configure': False, 'cmake_target': None, 'cmake_target_skip_unavailable': False, 'install_base': '/home/ubuntu/scootbot/3.0.0/install/diffdrive_arduino', 'merge_install': False, 'path': '/home/ubuntu/scootbot/3.0.0/src/diffdrive_arduino', 'symlink_install': False, 'test_result_base': None}
[2.020s] INFO:colcon.colcon_core.executor:Executing jobs using 'parallel' executor
[2.033s] DEBUG:colcon.colcon_parallel_executor.executor.parallel:run_until_complete
[2.034s] INFO:colcon.colcon_ros.task.ament_cmake.build:Building ROS package in '/home/ubuntu/scootbot/3.0.0/src/serial' with build type 'ament_cmake'
[2.034s] INFO:colcon.colcon_cmake.task.cmake.build:Building CMake package in '/home/ubuntu/scootbot/3.0.0/src/serial'
[2.049s] INFO:colcon.colcon_core.plugin_system:Skipping extension 'colcon_core.shell.bat': Not used on non-Windows systems
[2.050s] INFO:colcon.colcon_core.shell:Skip shell extension 'powershell' for command environment: Not usable outside of PowerShell
[2.050s] DEBUG:colcon.colcon_core.shell:Skip shell extension 'dsv' for command environment
[2.068s] INFO:colcon.colcon_ros.task.ament_cmake.build:Building ROS package in '/home/ubuntu/scootbot/3.0.0/src/scootbot' with build type 'ament_cmake'
[2.069s] INFO:colcon.colcon_cmake.task.cmake.build:Building CMake package in '/home/ubuntu/scootbot/3.0.0/src/scootbot'
[2.072s] INFO:colcon.colcon_core.shell:Skip shell extension 'powershell' for command environment: Not usable outside of PowerShell
[2.073s] DEBUG:colcon.colcon_core.shell:Skip shell extension 'dsv' for command environment
[2.084s] INFO:colcon.colcon_ros.task.ament_cmake.build:Building ROS package in '/home/ubuntu/scootbot/3.0.0/src/twist_mux' with build type 'ament_cmake'
[2.084s] INFO:colcon.colcon_cmake.task.cmake.build:Building CMake package in '/home/ubuntu/scootbot/3.0.0/src/twist_mux'
[2.089s] INFO:colcon.colcon_core.shell:Skip shell extension 'powershell' for command environment: Not usable outside of PowerShell
[2.090s] DEBUG:colcon.colcon_core.shell:Skip shell extension 'dsv' for command environment
[2.123s] DEBUG:colcon.colcon_core.event_handler.log_command:Invoking command in '/home/ubuntu/scootbot/3.0.0/build/serial': CMAKE_PREFIX_PATH=${CMAKE_PREFIX_PATH}:/opt/ros/humble /usr/bin/cmake --build /home/ubuntu/scootbot/3.0.0/build/serial -- -j4 -l4
[2.135s] DEBUG:colcon.colcon_core.event_handler.log_command:Invoking command in '/home/ubuntu/scootbot/3.0.0/build/scootbot': CMAKE_PREFIX_PATH=${CMAKE_PREFIX_PATH}:/opt/ros/humble /usr/bin/cmake --build /home/ubuntu/scootbot/3.0.0/build/scootbot -- -j4 -l4
[2.149s] DEBUG:colcon.colcon_core.event_handler.log_command:Invoking command in '/home/ubuntu/scootbot/3.0.0/build/twist_mux': CMAKE_PREFIX_PATH=${CMAKE_PREFIX_PATH}:/opt/ros/humble /usr/bin/cmake --build /home/ubuntu/scootbot/3.0.0/build/twist_mux -- -j4 -l4
[2.231s] DEBUG:colcon.colcon_core.event_handler.log_command:Invoked command in '/home/ubuntu/scootbot/3.0.0/build/scootbot' returned '0': CMAKE_PREFIX_PATH=${CMAKE_PREFIX_PATH}:/opt/ros/humble /usr/bin/cmake --build /home/ubuntu/scootbot/3.0.0/build/scootbot -- -j4 -l4
[2.309s] DEBUG:colcon.colcon_core.event_handler.log_command:Invoking command in '/home/ubuntu/scootbot/3.0.0/build/scootbot': CMAKE_PREFIX_PATH=${CMAKE_PREFIX_PATH}:/opt/ros/humble /usr/bin/cmake --install /home/ubuntu/scootbot/3.0.0/build/scootbot
[2.478s] DEBUG:colcon.colcon_core.event_handler.log_command:Invoked command in '/home/ubuntu/scootbot/3.0.0/build/twist_mux' returned '0': CMAKE_PREFIX_PATH=${CMAKE_PREFIX_PATH}:/opt/ros/humble /usr/bin/cmake --build /home/ubuntu/scootbot/3.0.0/build/twist_mux -- -j4 -l4
[2.617s] DEBUG:colcon.colcon_core.event_handler.log_command:Invoking command in '/home/ubuntu/scootbot/3.0.0/build/twist_mux': CMAKE_PREFIX_PATH=${CMAKE_PREFIX_PATH}:/opt/ros/humble /usr/bin/cmake --install /home/ubuntu/scootbot/3.0.0/build/twist_mux
[2.634s] Level 1:colcon.colcon_core.environment:create_environment_scripts_only(scootbot)
[2.651s] Level 1:colcon.colcon_core.environment:checking '/home/ubuntu/scootbot/3.0.0/install/scootbot' for CMake module files
[2.656s] DEBUG:colcon.colcon_core.event_handler.log_command:Invoked command in '/home/ubuntu/scootbot/3.0.0/build/scootbot' returned '0': CMAKE_PREFIX_PATH=${CMAKE_PREFIX_PATH}:/opt/ros/humble /usr/bin/cmake --install /home/ubuntu/scootbot/3.0.0/build/scootbot
[2.660s] Level 1:colcon.colcon_core.environment:checking '/home/ubuntu/scootbot/3.0.0/install/scootbot' for CMake config files
[2.663s] Level 1:colcon.colcon_core.shell:create_environment_hook('scootbot', 'cmake_prefix_path')
[2.668s] INFO:colcon.colcon_core.shell:Creating environment hook '/home/ubuntu/scootbot/3.0.0/install/scootbot/share/scootbot/hook/cmake_prefix_path.ps1'
[2.670s] INFO:colcon.colcon_core.shell:Creating environment descriptor '/home/ubuntu/scootbot/3.0.0/install/scootbot/share/scootbot/hook/cmake_prefix_path.dsv'
[2.671s] INFO:colcon.colcon_core.shell:Creating environment hook '/home/ubuntu/scootbot/3.0.0/install/scootbot/share/scootbot/hook/cmake_prefix_path.sh'
[2.675s] Level 1:colcon.colcon_core.environment:checking '/home/ubuntu/scootbot/3.0.0/install/scootbot/bin'
[2.676s] Level 1:colcon.colcon_core.environment:checking '/home/ubuntu/scootbot/3.0.0/install/scootbot/lib/pkgconfig/scootbot.pc'
[2.677s] Level 1:colcon.colcon_core.environment:checking '/home/ubuntu/scootbot/3.0.0/install/scootbot/lib/python3.10/site-packages'
[2.678s] Level 1:colcon.colcon_core.environment:checking '/home/ubuntu/scootbot/3.0.0/install/scootbot/bin'
[2.684s] INFO:colcon.colcon_core.shell:Creating package script '/home/ubuntu/scootbot/3.0.0/install/scootbot/share/scootbot/package.ps1'
[2.687s] INFO:colcon.colcon_core.shell:Creating package descriptor '/home/ubuntu/scootbot/3.0.0/install/scootbot/share/scootbot/package.dsv'
[2.688s] INFO:colcon.colcon_core.shell:Creating package script '/home/ubuntu/scootbot/3.0.0/install/scootbot/share/scootbot/package.sh'
[2.691s] INFO:colcon.colcon_core.shell:Creating package script '/home/ubuntu/scootbot/3.0.0/install/scootbot/share/scootbot/package.bash'
[2.694s] INFO:colcon.colcon_core.shell:Creating package script '/home/ubuntu/scootbot/3.0.0/install/scootbot/share/scootbot/package.zsh'
[2.696s] Level 1:colcon.colcon_core.environment:create_file_with_runtime_dependencies(/home/ubuntu/scootbot/3.0.0/install/scootbot/share/colcon-core/packages/scootbot)
[2.711s] Level 1:colcon.colcon_core.environment:create_environment_scripts_only(twist_mux)
[2.719s] Level 1:colcon.colcon_core.environment:checking '/home/ubuntu/scootbot/3.0.0/install/twist_mux' for CMake module files
[2.729s] DEBUG:colcon.colcon_core.event_handler.log_command:Invoked command in '/home/ubuntu/scootbot/3.0.0/build/twist_mux' returned '0': CMAKE_PREFIX_PATH=${CMAKE_PREFIX_PATH}:/opt/ros/humble /usr/bin/cmake --install /home/ubuntu/scootbot/3.0.0/build/twist_mux
[2.732s] Level 1:colcon.colcon_core.environment:checking '/home/ubuntu/scootbot/3.0.0/install/twist_mux' for CMake config files
[2.733s] Level 1:colcon.colcon_core.shell:create_environment_hook('twist_mux', 'cmake_prefix_path')
[2.739s] INFO:colcon.colcon_core.shell:Creating environment hook '/home/ubuntu/scootbot/3.0.0/install/twist_mux/share/twist_mux/hook/cmake_prefix_path.ps1'
[2.740s] INFO:colcon.colcon_core.shell:Creating environment descriptor '/home/ubuntu/scootbot/3.0.0/install/twist_mux/share/twist_mux/hook/cmake_prefix_path.dsv'
[2.741s] INFO:colcon.colcon_core.shell:Creating environment hook '/home/ubuntu/scootbot/3.0.0/install/twist_mux/share/twist_mux/hook/cmake_prefix_path.sh'
[2.743s] Level 1:colcon.colcon_core.environment:checking '/home/ubuntu/scootbot/3.0.0/install/twist_mux/lib'
[2.744s] Level 1:colcon.colcon_core.environment:checking '/home/ubuntu/scootbot/3.0.0/install/twist_mux/bin'
[2.744s] Level 1:colcon.colcon_core.environment:checking '/home/ubuntu/scootbot/3.0.0/install/twist_mux/lib/pkgconfig/twist_mux.pc'
[2.745s] Level 1:colcon.colcon_core.environment:checking '/home/ubuntu/scootbot/3.0.0/install/twist_mux/lib/python3.10/site-packages'
[2.746s] Level 1:colcon.colcon_core.environment:checking '/home/ubuntu/scootbot/3.0.0/install/twist_mux/bin'
[2.751s] INFO:colcon.colcon_core.shell:Creating package script '/home/ubuntu/scootbot/3.0.0/install/twist_mux/share/twist_mux/package.ps1'
[2.753s] INFO:colcon.colcon_core.shell:Creating package descriptor '/home/ubuntu/scootbot/3.0.0/install/twist_mux/share/twist_mux/package.dsv'
[2.755s] INFO:colcon.colcon_core.shell:Creating package script '/home/ubuntu/scootbot/3.0.0/install/twist_mux/share/twist_mux/package.sh'
[2.756s] INFO:colcon.colcon_core.shell:Creating package script '/home/ubuntu/scootbot/3.0.0/install/twist_mux/share/twist_mux/package.bash'
[2.757s] INFO:colcon.colcon_core.shell:Creating package script '/home/ubuntu/scootbot/3.0.0/install/twist_mux/share/twist_mux/package.zsh'
[2.759s] Level 1:colcon.colcon_core.environment:create_file_with_runtime_dependencies(/home/ubuntu/scootbot/3.0.0/install/twist_mux/share/colcon-core/packages/twist_mux)
[2.765s] DEBUG:colcon.colcon_core.event_handler.log_command:Invoked command in '/home/ubuntu/scootbot/3.0.0/build/serial' returned '0': CMAKE_PREFIX_PATH=${CMAKE_PREFIX_PATH}:/opt/ros/humble /usr/bin/cmake --build /home/ubuntu/scootbot/3.0.0/build/serial -- -j4 -l4
[2.817s] Level 1:colcon.colcon_core.environment:create_environment_scripts_only(scootbot)
[2.825s] Level 1:colcon.colcon_core.environment:checking '/home/ubuntu/scootbot/3.0.0/install/scootbot' for CMake module files
[2.827s] Level 1:colcon.colcon_core.environment:checking '/home/ubuntu/scootbot/3.0.0/install/scootbot' for CMake config files
[2.829s] Level 1:colcon.colcon_core.shell:create_environment_hook('scootbot', 'cmake_prefix_path')
[2.834s] INFO:colcon.colcon_core.shell:Creating environment hook '/home/ubuntu/scootbot/3.0.0/install/scootbot/share/scootbot/hook/cmake_prefix_path.ps1'
[2.836s] INFO:colcon.colcon_core.shell:Creating environment descriptor '/home/ubuntu/scootbot/3.0.0/install/scootbot/share/scootbot/hook/cmake_prefix_path.dsv'
[2.838s] INFO:colcon.colcon_core.shell:Creating environment hook '/home/ubuntu/scootbot/3.0.0/install/scootbot/share/scootbot/hook/cmake_prefix_path.sh'
[2.840s] Level 1:colcon.colcon_core.environment:checking '/home/ubuntu/scootbot/3.0.0/install/scootbot/bin'
[2.840s] Level 1:colcon.colcon_core.environment:checking '/home/ubuntu/scootbot/3.0.0/install/scootbot/lib/pkgconfig/scootbot.pc'
[2.841s] Level 1:colcon.colcon_core.environment:checking '/home/ubuntu/scootbot/3.0.0/install/scootbot/lib/python3.10/site-packages'
[2.842s] Level 1:colcon.colcon_core.environment:checking '/home/ubuntu/scootbot/3.0.0/install/scootbot/bin'
[2.847s] INFO:colcon.colcon_core.shell:Creating package script '/home/ubuntu/scootbot/3.0.0/install/scootbot/share/scootbot/package.ps1'
[2.850s] INFO:colcon.colcon_core.shell:Creating package descriptor '/home/ubuntu/scootbot/3.0.0/install/scootbot/share/scootbot/package.dsv'
[2.852s] INFO:colcon.colcon_core.shell:Creating package script '/home/ubuntu/scootbot/3.0.0/install/scootbot/share/scootbot/package.sh'
[2.853s] INFO:colcon.colcon_core.shell:Creating package script '/home/ubuntu/scootbot/3.0.0/install/scootbot/share/scootbot/package.bash'
[2.855s] INFO:colcon.colcon_core.shell:Creating package script '/home/ubuntu/scootbot/3.0.0/install/scootbot/share/scootbot/package.zsh'
[2.856s] Level 1:colcon.colcon_core.environment:create_file_with_runtime_dependencies(/home/ubuntu/scootbot/3.0.0/install/scootbot/share/colcon-core/packages/scootbot)
[2.876s] DEBUG:colcon.colcon_core.event_handler.log_command:Invoking command in '/home/ubuntu/scootbot/3.0.0/build/serial': CMAKE_PREFIX_PATH=${CMAKE_PREFIX_PATH}:/opt/ros/humble /usr/bin/cmake --install /home/ubuntu/scootbot/3.0.0/build/serial
[2.882s] Level 1:colcon.colcon_core.environment:create_environment_scripts_only(twist_mux)
[2.891s] Level 1:colcon.colcon_core.environment:checking '/home/ubuntu/scootbot/3.0.0/install/twist_mux' for CMake module files
[2.893s] Level 1:colcon.colcon_core.environment:checking '/home/ubuntu/scootbot/3.0.0/install/twist_mux' for CMake config files
[2.895s] Level 1:colcon.colcon_core.shell:create_environment_hook('twist_mux', 'cmake_prefix_path')
[2.900s] INFO:colcon.colcon_core.shell:Creating environment hook '/home/ubuntu/scootbot/3.0.0/install/twist_mux/share/twist_mux/hook/cmake_prefix_path.ps1'
[2.901s] INFO:colcon.colcon_core.shell:Creating environment descriptor '/home/ubuntu/scootbot/3.0.0/install/twist_mux/share/twist_mux/hook/cmake_prefix_path.dsv'
[2.902s] INFO:colcon.colcon_core.shell:Creating environment hook '/home/ubuntu/scootbot/3.0.0/install/twist_mux/share/twist_mux/hook/cmake_prefix_path.sh'
[2.904s] Level 1:colcon.colcon_core.environment:checking '/home/ubuntu/scootbot/3.0.0/install/twist_mux/lib'
[2.904s] Level 1:colcon.colcon_core.environment:checking '/home/ubuntu/scootbot/3.0.0/install/twist_mux/bin'
[2.905s] Level 1:colcon.colcon_core.environment:checking '/home/ubuntu/scootbot/3.0.0/install/twist_mux/lib/pkgconfig/twist_mux.pc'
[2.906s] Level 1:colcon.colcon_core.environment:checking '/home/ubuntu/scootbot/3.0.0/install/twist_mux/lib/python3.10/site-packages'
[2.906s] Level 1:colcon.colcon_core.environment:checking '/home/ubuntu/scootbot/3.0.0/install/twist_mux/bin'
[2.912s] INFO:colcon.colcon_core.shell:Creating package script '/home/ubuntu/scootbot/3.0.0/install/twist_mux/share/twist_mux/package.ps1'
[2.914s] INFO:colcon.colcon_core.shell:Creating package descriptor '/home/ubuntu/scootbot/3.0.0/install/twist_mux/share/twist_mux/package.dsv'
[2.916s] INFO:colcon.colcon_core.shell:Creating package script '/home/ubuntu/scootbot/3.0.0/install/twist_mux/share/twist_mux/package.sh'
[2.917s] INFO:colcon.colcon_core.shell:Creating package script '/home/ubuntu/scootbot/3.0.0/install/twist_mux/share/twist_mux/package.bash'
[2.919s] INFO:colcon.colcon_core.shell:Creating package script '/home/ubuntu/scootbot/3.0.0/install/twist_mux/share/twist_mux/package.zsh'
[2.920s] Level 1:colcon.colcon_core.environment:create_file_with_runtime_dependencies(/home/ubuntu/scootbot/3.0.0/install/twist_mux/share/colcon-core/packages/twist_mux)
[2.930s] Level 1:colcon.colcon_core.environment:create_environment_scripts_only(serial)
[2.939s] Level 1:colcon.colcon_core.environment:checking '/home/ubuntu/scootbot/3.0.0/install/serial' for CMake module files
[2.941s] DEBUG:colcon.colcon_core.event_handler.log_command:Invoked command in '/home/ubuntu/scootbot/3.0.0/build/serial' returned '0': CMAKE_PREFIX_PATH=${CMAKE_PREFIX_PATH}:/opt/ros/humble /usr/bin/cmake --install /home/ubuntu/scootbot/3.0.0/build/serial
[2.942s] Level 1:colcon.colcon_core.environment:checking '/home/ubuntu/scootbot/3.0.0/install/serial' for CMake config files
[2.943s] Level 1:colcon.colcon_core.shell:create_environment_hook('serial', 'cmake_prefix_path')
[2.948s] INFO:colcon.colcon_core.shell:Creating environment hook '/home/ubuntu/scootbot/3.0.0/install/serial/share/serial/hook/cmake_prefix_path.ps1'
[2.950s] INFO:colcon.colcon_core.shell:Creating environment descriptor '/home/ubuntu/scootbot/3.0.0/install/serial/share/serial/hook/cmake_prefix_path.dsv'
[2.951s] INFO:colcon.colcon_core.shell:Creating environment hook '/home/ubuntu/scootbot/3.0.0/install/serial/share/serial/hook/cmake_prefix_path.sh'
[2.953s] Level 1:colcon.colcon_core.environment:checking '/home/ubuntu/scootbot/3.0.0/install/serial/lib'
[2.953s] Level 1:colcon.colcon_core.environment:checking '/home/ubuntu/scootbot/3.0.0/install/serial/bin'
[2.953s] Level 1:colcon.colcon_core.environment:checking '/home/ubuntu/scootbot/3.0.0/install/serial/lib/pkgconfig/serial.pc'
[2.954s] Level 1:colcon.colcon_core.environment:checking '/home/ubuntu/scootbot/3.0.0/install/serial/lib/python3.10/site-packages'
[2.955s] Level 1:colcon.colcon_core.environment:checking '/home/ubuntu/scootbot/3.0.0/install/serial/bin'
[2.961s] INFO:colcon.colcon_core.shell:Creating package script '/home/ubuntu/scootbot/3.0.0/install/serial/share/serial/package.ps1'
[2.962s] INFO:colcon.colcon_core.shell:Creating package descriptor '/home/ubuntu/scootbot/3.0.0/install/serial/share/serial/package.dsv'
[2.964s] INFO:colcon.colcon_core.shell:Creating package script '/home/ubuntu/scootbot/3.0.0/install/serial/share/serial/package.sh'
[2.965s] INFO:colcon.colcon_core.shell:Creating package script '/home/ubuntu/scootbot/3.0.0/install/serial/share/serial/package.bash'
[2.966s] INFO:colcon.colcon_core.shell:Creating package script '/home/ubuntu/scootbot/3.0.0/install/serial/share/serial/package.zsh'
[2.967s] Level 1:colcon.colcon_core.environment:create_file_with_runtime_dependencies(/home/ubuntu/scootbot/3.0.0/install/serial/share/colcon-core/packages/serial)
[3.027s] Level 1:colcon.colcon_core.environment:create_environment_scripts_only(serial)
[3.032s] Level 1:colcon.colcon_core.environment:checking '/home/ubuntu/scootbot/3.0.0/install/serial' for CMake module files
[3.034s] Level 1:colcon.colcon_core.environment:checking '/home/ubuntu/scootbot/3.0.0/install/serial' for CMake config files
[3.034s] Level 1:colcon.colcon_core.shell:create_environment_hook('serial', 'cmake_prefix_path')
[3.038s] INFO:colcon.colcon_core.shell:Creating environment hook '/home/ubuntu/scootbot/3.0.0/install/serial/share/serial/hook/cmake_prefix_path.ps1'
[3.039s] INFO:colcon.colcon_core.shell:Creating environment descriptor '/home/ubuntu/scootbot/3.0.0/install/serial/share/serial/hook/cmake_prefix_path.dsv'
[3.039s] INFO:colcon.colcon_core.shell:Creating environment hook '/home/ubuntu/scootbot/3.0.0/install/serial/share/serial/hook/cmake_prefix_path.sh'
[3.041s] Level 1:colcon.colcon_core.environment:checking '/home/ubuntu/scootbot/3.0.0/install/serial/lib'
[3.041s] Level 1:colcon.colcon_core.environment:checking '/home/ubuntu/scootbot/3.0.0/install/serial/bin'
[3.041s] Level 1:colcon.colcon_core.environment:checking '/home/ubuntu/scootbot/3.0.0/install/serial/lib/pkgconfig/serial.pc'
[3.042s] Level 1:colcon.colcon_core.environment:checking '/home/ubuntu/scootbot/3.0.0/install/serial/lib/python3.10/site-packages'
[3.042s] Level 1:colcon.colcon_core.environment:checking '/home/ubuntu/scootbot/3.0.0/install/serial/bin'
[3.046s] INFO:colcon.colcon_core.shell:Creating package script '/home/ubuntu/scootbot/3.0.0/install/serial/share/serial/package.ps1'
[3.047s] INFO:colcon.colcon_core.shell:Creating package descriptor '/home/ubuntu/scootbot/3.0.0/install/serial/share/serial/package.dsv'
[3.048s] INFO:colcon.colcon_core.shell:Creating package script '/home/ubuntu/scootbot/3.0.0/install/serial/share/serial/package.sh'
[3.049s] INFO:colcon.colcon_core.shell:Creating package script '/home/ubuntu/scootbot/3.0.0/install/serial/share/serial/package.bash'
[3.050s] INFO:colcon.colcon_core.shell:Creating package script '/home/ubuntu/scootbot/3.0.0/install/serial/share/serial/package.zsh'
[3.051s] Level 1:colcon.colcon_core.environment:create_file_with_runtime_dependencies(/home/ubuntu/scootbot/3.0.0/install/serial/share/colcon-core/packages/serial)
[3.052s] INFO:colcon.colcon_ros.task.ament_cmake.build:Building ROS package in '/home/ubuntu/scootbot/3.0.0/src/diffdrive_arduino' with build type 'ament_cmake'
[3.052s] INFO:colcon.colcon_cmake.task.cmake.build:Building CMake package in '/home/ubuntu/scootbot/3.0.0/src/diffdrive_arduino'
[3.056s] INFO:colcon.colcon_core.shell:Skip shell extension 'powershell' for command environment: Not usable outside of PowerShell
[3.056s] DEBUG:colcon.colcon_core.shell:Skip shell extension 'dsv' for command environment
[3.079s] DEBUG:colcon.colcon_core.event_handler.log_command:Invoking command in '/home/ubuntu/scootbot/3.0.0/build/diffdrive_arduino': CMAKE_PREFIX_PATH=/home/ubuntu/scootbot/3.0.0/install/serial:/home/ubuntu/scootbot/3.0.0/install/twist_mux:/home/ubuntu/scootbot/3.0.0/install/diffdrive_arduino:/home/ubuntu/scootbot/3.0.0/install/scootbot:/opt/ros/humble /usr/bin/cmake --build /home/ubuntu/scootbot/3.0.0/build/diffdrive_arduino -- -j4 -l4
[9.686s] DEBUG:colcon.colcon_core.event_handler.log_command:Invoked command in '/home/ubuntu/scootbot/3.0.0/build/diffdrive_arduino' returned '2': CMAKE_PREFIX_PATH=/home/ubuntu/scootbot/3.0.0/install/serial:/home/ubuntu/scootbot/3.0.0/install/twist_mux:/home/ubuntu/scootbot/3.0.0/install/diffdrive_arduino:/home/ubuntu/scootbot/3.0.0/install/scootbot:/opt/ros/humble /usr/bin/cmake --build /home/ubuntu/scootbot/3.0.0/build/diffdrive_arduino -- -j4 -l4
[9.741s] Level 1:colcon.colcon_core.environment:create_environment_scripts_only(diffdrive_arduino)
[9.746s] Level 1:colcon.colcon_core.environment:checking '/home/ubuntu/scootbot/3.0.0/install/diffdrive_arduino' for CMake module files
[9.747s] Level 1:colcon.colcon_core.environment:checking '/home/ubuntu/scootbot/3.0.0/install/diffdrive_arduino' for CMake config files
[9.748s] Level 1:colcon.colcon_core.shell:create_environment_hook('diffdrive_arduino', 'cmake_prefix_path')
[9.751s] INFO:colcon.colcon_core.shell:Creating environment hook '/home/ubuntu/scootbot/3.0.0/install/diffdrive_arduino/share/diffdrive_arduino/hook/cmake_prefix_path.ps1'
[9.751s] INFO:colcon.colcon_core.shell:Creating environment descriptor '/home/ubuntu/scootbot/3.0.0/install/diffdrive_arduino/share/diffdrive_arduino/hook/cmake_prefix_path.dsv'
[9.752s] INFO:colcon.colcon_core.shell:Creating environment hook '/home/ubuntu/scootbot/3.0.0/install/diffdrive_arduino/share/diffdrive_arduino/hook/cmake_prefix_path.sh'
[9.753s] Level 1:colcon.colcon_core.environment:checking '/home/ubuntu/scootbot/3.0.0/install/diffdrive_arduino/lib'
[9.754s] Level 1:colcon.colcon_core.shell:create_environment_hook('diffdrive_arduino', 'ld_library_path_lib')
[9.757s] INFO:colcon.colcon_core.shell:Creating environment hook '/home/ubuntu/scootbot/3.0.0/install/diffdrive_arduino/share/diffdrive_arduino/hook/ld_library_path_lib.ps1'
[9.757s] INFO:colcon.colcon_core.shell:Creating environment descriptor '/home/ubuntu/scootbot/3.0.0/install/diffdrive_arduino/share/diffdrive_arduino/hook/ld_library_path_lib.dsv'
[9.758s] INFO:colcon.colcon_core.shell:Creating environment hook '/home/ubuntu/scootbot/3.0.0/install/diffdrive_arduino/share/diffdrive_arduino/hook/ld_library_path_lib.sh'
[9.759s] Level 1:colcon.colcon_core.environment:checking '/home/ubuntu/scootbot/3.0.0/install/diffdrive_arduino/bin'
[9.759s] Level 1:colcon.colcon_core.environment:checking '/home/ubuntu/scootbot/3.0.0/install/diffdrive_arduino/lib/pkgconfig/diffdrive_arduino.pc'
[9.760s] Level 1:colcon.colcon_core.environment:checking '/home/ubuntu/scootbot/3.0.0/install/diffdrive_arduino/lib/python3.10/site-packages'
[9.760s] Level 1:colcon.colcon_core.environment:checking '/home/ubuntu/scootbot/3.0.0/install/diffdrive_arduino/bin'
[9.763s] INFO:colcon.colcon_core.shell:Creating package script '/home/ubuntu/scootbot/3.0.0/install/diffdrive_arduino/share/diffdrive_arduino/package.ps1'
[9.765s] INFO:colcon.colcon_core.shell:Creating package descriptor '/home/ubuntu/scootbot/3.0.0/install/diffdrive_arduino/share/diffdrive_arduino/package.dsv'
[9.766s] INFO:colcon.colcon_core.shell:Creating package script '/home/ubuntu/scootbot/3.0.0/install/diffdrive_arduino/share/diffdrive_arduino/package.sh'
[9.767s] INFO:colcon.colcon_core.shell:Creating package script '/home/ubuntu/scootbot/3.0.0/install/diffdrive_arduino/share/diffdrive_arduino/package.bash'
[9.768s] INFO:colcon.colcon_core.shell:Creating package script '/home/ubuntu/scootbot/3.0.0/install/diffdrive_arduino/share/diffdrive_arduino/package.zsh'
[9.769s] Level 1:colcon.colcon_core.environment:create_file_with_runtime_dependencies(/home/ubuntu/scootbot/3.0.0/install/diffdrive_arduino/share/colcon-core/packages/diffdrive_arduino)
[9.780s] DEBUG:colcon.colcon_parallel_executor.executor.parallel:closing loop
[9.780s] DEBUG:colcon.colcon_parallel_executor.executor.parallel:loop closed
[9.780s] DEBUG:colcon.colcon_parallel_executor.executor.parallel:run_until_complete finished with '2'
[9.780s] DEBUG:colcon.colcon_core.event_reactor:joining thread
[9.791s] INFO:colcon.colcon_core.plugin_system:Skipping extension 'colcon_notification.desktop_notification.notify_send': Could not find 'notify-send'
[9.791s] INFO:colcon.colcon_core.plugin_system:Skipping extension 'colcon_notification.desktop_notification.terminal_notifier': Not used on non-Darwin systems
[9.791s] INFO:colcon.colcon_core.plugin_system:Skipping extension 'colcon_notification.desktop_notification.win32': Not used on non-Windows systems
[9.791s] INFO:colcon.colcon_notification.desktop_notification:Sending desktop notification using 'notify2'
[9.793s] DEBUG:colcon.colcon_notification.desktop_notification.notify2:Failed to initialize notify2: org.freedesktop.DBus.Error.ServiceUnknown: The name org.freedesktop.Notifications was not provided by any .service files
[9.793s] DEBUG:colcon.colcon_core.event_reactor:joined thread
[9.796s] INFO:colcon.colcon_core.shell:Creating prefix script '/home/ubuntu/scootbot/3.0.0/install/local_setup.ps1'
[9.798s] INFO:colcon.colcon_core.shell:Creating prefix util module '/home/ubuntu/scootbot/3.0.0/install/_local_setup_util_ps1.py'
[9.801s] INFO:colcon.colcon_core.shell:Creating prefix chain script '/home/ubuntu/scootbot/3.0.0/install/setup.ps1'
[9.804s] INFO:colcon.colcon_core.shell:Creating prefix script '/home/ubuntu/scootbot/3.0.0/install/local_setup.sh'
[9.805s] INFO:colcon.colcon_core.shell:Creating prefix util module '/home/ubuntu/scootbot/3.0.0/install/_local_setup_util_sh.py'
[9.806s] INFO:colcon.colcon_core.shell:Creating prefix chain script '/home/ubuntu/scootbot/3.0.0/install/setup.sh'
[9.809s] INFO:colcon.colcon_core.shell:Creating prefix script '/home/ubuntu/scootbot/3.0.0/install/local_setup.bash'
[9.810s] INFO:colcon.colcon_core.shell:Creating prefix chain script '/home/ubuntu/scootbot/3.0.0/install/setup.bash'
[9.813s] INFO:colcon.colcon_core.shell:Creating prefix script '/home/ubuntu/scootbot/3.0.0/install/local_setup.zsh'
[9.814s] INFO:colcon.colcon_core.shell:Creating prefix chain script '/home/ubuntu/scootbot/3.0.0/install/setup.zsh'
