[2.535s] Invoking command in '/home/ubuntu/scootbot/src/sabertooth': PYTHONPATH=/home/ubuntu/scootbot/install/sabertooth/lib/python3.8/site-packages:${PYTHONPATH} /usr/bin/python3 setup.py egg_info --egg-base ../../build/sabertooth build --build-base /home/ubuntu/scootbot/build/sabertooth/build install --prefix /home/ubuntu/scootbot/install/sabertooth --record /home/ubuntu/scootbot/build/sabertooth/install.log --single-version-externally-managed
[3.285s] running egg_info
[3.287s] writing ../../build/sabertooth/sabertooth.egg-info/PKG-INFO
[3.291s] writing dependency_links to ../../build/sabertooth/sabertooth.egg-info/dependency_links.txt
[3.292s] writing entry points to ../../build/sabertooth/sabertooth.egg-info/entry_points.txt
[3.293s] writing requirements to ../../build/sabertooth/sabertooth.egg-info/requires.txt
[3.294s] writing top-level names to ../../build/sabertooth/sabertooth.egg-info/top_level.txt
[3.432s] reading manifest file '../../build/sabertooth/sabertooth.egg-info/SOURCES.txt'
[3.436s] writing manifest file '../../build/sabertooth/sabertooth.egg-info/SOURCES.txt'
[3.437s] running build
[3.437s] running build_py
[3.441s] running install
[3.444s] running install_lib
[3.453s] running install_data
[3.457s] running install_egg_info
[3.463s] removing '/home/ubuntu/scootbot/install/sabertooth/lib/python3.8/site-packages/sabertooth-0.0.0-py3.8.egg-info' (and everything under it)
[3.465s] Copying ../../build/sabertooth/sabertooth.egg-info to /home/ubuntu/scootbot/install/sabertooth/lib/python3.8/site-packages/sabertooth-0.0.0-py3.8.egg-info
[3.473s] running install_scripts
[3.533s] Installing drive script to /home/ubuntu/scootbot/install/sabertooth/lib/sabertooth
[3.537s] writing list of installed files to '/home/ubuntu/scootbot/build/sabertooth/install.log'
[3.632s] Invoked command in '/home/ubuntu/scootbot/src/sabertooth' returned '0': PYTHONPATH=/home/ubuntu/scootbot/install/sabertooth/lib/python3.8/site-packages:${PYTHONPATH} /usr/bin/python3 setup.py egg_info --egg-base ../../build/sabertooth build --build-base /home/ubuntu/scootbot/build/sabertooth/build install --prefix /home/ubuntu/scootbot/install/sabertooth --record /home/ubuntu/scootbot/build/sabertooth/install.log --single-version-externally-managed
