[0.031s] Invoking command in '/home/ubuntu/scootbot/3.0.0/build/diffdrive_arduino': CMAKE_PREFIX_PATH=/opt/ros/humble:/home/ubuntu/scootbot/3.0.0/install/serial:/home/ubuntu/scootbot/3.0.0/install/twist_mux:/home/ubuntu/scootbot/3.0.0/install/diffdrive_arduino:/home/ubuntu/scootbot/3.0.0/install/scootbot:/home/ubuntu/scootbot/3.0.0/install/rplidar_ros /usr/bin/cmake --build /home/ubuntu/scootbot/3.0.0/build/diffdrive_arduino -- -j4 -l4
[0.110s] [35m[1mConsolidate compiler generated dependencies of target diffdrive_arduino[0m
[0.132s] [ 42%] Built target fake_robot
[0.162s] [ 57%] [32mBuilding CXX object CMakeFiles/diffdrive_arduino.dir/src/arduino_comms.cpp.o[0m
[6.727s] [ 71%] [32m[1mLinking CXX shared library libdiffdrive_arduino.so[0m
[7.119s] [100%] Built target diffdrive_arduino
[7.139s] Invoked command in '/home/ubuntu/scootbot/3.0.0/build/diffdrive_arduino' returned '0': CMAKE_PREFIX_PATH=/opt/ros/humble:/home/ubuntu/scootbot/3.0.0/install/serial:/home/ubuntu/scootbot/3.0.0/install/twist_mux:/home/ubuntu/scootbot/3.0.0/install/diffdrive_arduino:/home/ubuntu/scootbot/3.0.0/install/scootbot:/home/ubuntu/scootbot/3.0.0/install/rplidar_ros /usr/bin/cmake --build /home/ubuntu/scootbot/3.0.0/build/diffdrive_arduino -- -j4 -l4
[7.208s] Invoking command in '/home/ubuntu/scootbot/3.0.0/build/diffdrive_arduino': CMAKE_PREFIX_PATH=/opt/ros/humble:/home/ubuntu/scootbot/3.0.0/install/serial:/home/ubuntu/scootbot/3.0.0/install/twist_mux:/home/ubuntu/scootbot/3.0.0/install/diffdrive_arduino:/home/ubuntu/scootbot/3.0.0/install/scootbot:/home/ubuntu/scootbot/3.0.0/install/rplidar_ros /usr/bin/cmake --install /home/ubuntu/scootbot/3.0.0/build/diffdrive_arduino
[7.221s] -- Install configuration: ""
[7.222s] -- Execute custom install script
[7.222s] -- Up-to-date symlink: /home/ubuntu/scootbot/3.0.0/install/diffdrive_arduino/share/diffdrive_arduino//robot_hardware.xml
[7.223s] -- Up-to-date symlink: /home/ubuntu/scootbot/3.0.0/install/diffdrive_arduino/share/diffdrive_arduino//fake_robot_hardware.xml
[7.224s] -- Up-to-date symlink: /home/ubuntu/scootbot/3.0.0/install/diffdrive_arduino/lib/libdiffdrive_arduino.so
[7.224s] -- Up-to-date symlink: /home/ubuntu/scootbot/3.0.0/install/diffdrive_arduino/lib/libfake_robot.so
[7.225s] -- Up-to-date symlink: /home/ubuntu/scootbot/3.0.0/install/diffdrive_arduino/share/diffdrive_arduino/controllers/robot_controller_example.yaml
[7.226s] -- Up-to-date symlink: /home/ubuntu/scootbot/3.0.0/install/diffdrive_arduino/share/diffdrive_arduino/__pycache__/test_robot.launch.cpython-310.pyc
[7.226s] -- Up-to-date symlink: /home/ubuntu/scootbot/3.0.0/install/diffdrive_arduino/share/diffdrive_arduino/fake_robot.launch.py
[7.227s] -- Up-to-date symlink: /home/ubuntu/scootbot/3.0.0/install/diffdrive_arduino/share/diffdrive_arduino/test_robot.launch.py
[7.227s] -- Up-to-date symlink: /home/ubuntu/scootbot/3.0.0/install/diffdrive_arduino/share/diffdrive_arduino/environment/library_path.sh
[7.228s] -- Up-to-date symlink: /home/ubuntu/scootbot/3.0.0/install/diffdrive_arduino/share/diffdrive_arduino/environment/library_path.dsv
[7.228s] -- Up-to-date symlink: /home/ubuntu/scootbot/3.0.0/install/diffdrive_arduino/share/ament_index/resource_index/package_run_dependencies/diffdrive_arduino
[7.229s] -- Up-to-date symlink: /home/ubuntu/scootbot/3.0.0/install/diffdrive_arduino/share/ament_index/resource_index/parent_prefix_path/diffdrive_arduino
[7.230s] -- Up-to-date symlink: /home/ubuntu/scootbot/3.0.0/install/diffdrive_arduino/share/diffdrive_arduino/environment/ament_prefix_path.sh
[7.230s] -- Up-to-date symlink: /home/ubuntu/scootbot/3.0.0/install/diffdrive_arduino/share/diffdrive_arduino/environment/ament_prefix_path.dsv
[7.231s] -- Up-to-date symlink: /home/ubuntu/scootbot/3.0.0/install/diffdrive_arduino/share/diffdrive_arduino/environment/path.sh
[7.231s] -- Up-to-date symlink: /home/ubuntu/scootbot/3.0.0/install/diffdrive_arduino/share/diffdrive_arduino/environment/path.dsv
[7.232s] -- Up-to-date symlink: /home/ubuntu/scootbot/3.0.0/install/diffdrive_arduino/share/diffdrive_arduino/local_setup.bash
[7.233s] -- Up-to-date symlink: /home/ubuntu/scootbot/3.0.0/install/diffdrive_arduino/share/diffdrive_arduino/local_setup.sh
[7.233s] -- Up-to-date symlink: /home/ubuntu/scootbot/3.0.0/install/diffdrive_arduino/share/diffdrive_arduino/local_setup.zsh
[7.234s] -- Up-to-date symlink: /home/ubuntu/scootbot/3.0.0/install/diffdrive_arduino/share/diffdrive_arduino/local_setup.dsv
[7.234s] -- Symlinking: /home/ubuntu/scootbot/3.0.0/install/diffdrive_arduino/share/diffdrive_arduino/package.dsv
[7.249s] -- Up-to-date symlink: /home/ubuntu/scootbot/3.0.0/install/diffdrive_arduino/share/ament_index/resource_index/packages/diffdrive_arduino
[7.249s] -- Up-to-date symlink: /home/ubuntu/scootbot/3.0.0/install/diffdrive_arduino/share/ament_index/resource_index/hardware_interface__pluginlib__plugin/diffdrive_arduino
[7.250s] -- Up-to-date symlink: /home/ubuntu/scootbot/3.0.0/install/diffdrive_arduino/share/diffdrive_arduino/cmake/ament_cmake_export_libraries-extras.cmake
[7.250s] -- Up-to-date symlink: /home/ubuntu/scootbot/3.0.0/install/diffdrive_arduino/share/diffdrive_arduino/cmake/ament_cmake_export_dependencies-extras.cmake
[7.250s] -- Up-to-date symlink: /home/ubuntu/scootbot/3.0.0/install/diffdrive_arduino/share/diffdrive_arduino/cmake/diffdrive_arduinoConfig.cmake
[7.251s] -- Up-to-date symlink: /home/ubuntu/scootbot/3.0.0/install/diffdrive_arduino/share/diffdrive_arduino/cmake/diffdrive_arduinoConfig-version.cmake
[7.251s] -- Up-to-date symlink: /home/ubuntu/scootbot/3.0.0/install/diffdrive_arduino/share/diffdrive_arduino/package.xml
[7.256s] Invoked command in '/home/ubuntu/scootbot/3.0.0/build/diffdrive_arduino' returned '0': CMAKE_PREFIX_PATH=/opt/ros/humble:/home/ubuntu/scootbot/3.0.0/install/serial:/home/ubuntu/scootbot/3.0.0/install/twist_mux:/home/ubuntu/scootbot/3.0.0/install/diffdrive_arduino:/home/ubuntu/scootbot/3.0.0/install/scootbot:/home/ubuntu/scootbot/3.0.0/install/rplidar_ros /usr/bin/cmake --install /home/ubuntu/scootbot/3.0.0/build/diffdrive_arduino
