[0.069s] Invoking command in '/home/ubuntu/scootbot/3.0.0/build/serial': CMAKE_PREFIX_PATH=${CMAKE_PREFIX_PATH}:/opt/ros/humble /usr/bin/cmake /home/ubuntu/scootbot/3.0.0/src/serial -DAMENT_CMAKE_SYMLINK_INSTALL=1 -DCMAKE_INSTALL_PREFIX=/home/ubuntu/scootbot/3.0.0/install/serial
[0.104s] -- Found ament_cmake: 1.3.3 (/opt/ros/humble/share/ament_cmake/cmake)
[0.610s] -- Override CMake install command with custom implementation using symlinks instead of copying resources
[0.666s] -- Found ament_cmake_gtest: 1.3.3 (/opt/ros/humble/share/ament_cmake_gtest/cmake)
[0.684s] -- Found gtest sources under '/opt/ros/humble/src/gtest_vendor': C++ tests using 'Google Test' will be built
[0.977s] -- Configuring done
[1.068s] -- Generating done
[1.090s] -- Build files have been written to: /home/ubuntu/scootbot/3.0.0/build/serial
[1.098s] Invoked command in '/home/ubuntu/scootbot/3.0.0/build/serial' returned '0': CMAKE_PREFIX_PATH=${CMAKE_PREFIX_PATH}:/opt/ros/humble /usr/bin/cmake /home/ubuntu/scootbot/3.0.0/src/serial -DAMENT_CMAKE_SYMLINK_INSTALL=1 -DCMAKE_INSTALL_PREFIX=/home/ubuntu/scootbot/3.0.0/install/serial
[1.108s] Invoking command in '/home/ubuntu/scootbot/3.0.0/build/serial': CMAKE_PREFIX_PATH=${CMAKE_PREFIX_PATH}:/opt/ros/humble /usr/bin/cmake --build /home/ubuntu/scootbot/3.0.0/build/serial -- -j4 -l4
[1.214s] [35m[1mConsolidate compiler generated dependencies of target serial[0m
[1.267s] [35m[1mConsolidate compiler generated dependencies of target gtest_main[0m
[1.269s] [35m[1mConsolidate compiler generated dependencies of target gtest[0m
[1.307s] [ 28%] Built target serial
[1.332s] [ 42%] Built target gtest_main
[1.350s] [ 57%] Built target gtest
[1.380s] [35m[1mConsolidate compiler generated dependencies of target serial_example[0m
[1.386s] [35m[1mConsolidate compiler generated dependencies of target serial-test[0m
[1.449s] [35m[1mConsolidate compiler generated dependencies of target serial-test-timer[0m
[1.482s] [ 71%] Built target serial_example
[1.485s] [ 85%] Built target serial-test
[1.515s] [100%] Built target serial-test-timer
[1.550s] Invoked command in '/home/ubuntu/scootbot/3.0.0/build/serial' returned '0': CMAKE_PREFIX_PATH=${CMAKE_PREFIX_PATH}:/opt/ros/humble /usr/bin/cmake --build /home/ubuntu/scootbot/3.0.0/build/serial -- -j4 -l4
[1.666s] Invoking command in '/home/ubuntu/scootbot/3.0.0/build/serial': CMAKE_PREFIX_PATH=${CMAKE_PREFIX_PATH}:/opt/ros/humble /usr/bin/cmake --install /home/ubuntu/scootbot/3.0.0/build/serial
[1.686s] -- Install configuration: ""
[1.688s] -- Execute custom install script
[1.689s] -- Symlinking: /home/ubuntu/scootbot/3.0.0/install/serial/lib/libserial.a
[1.729s] -- Symlinking: /home/ubuntu/scootbot/3.0.0/install/serial/include/serial/serial.h
[1.758s] -- Symlinking: /home/ubuntu/scootbot/3.0.0/install/serial/include/serial/v8stdint.h
[1.779s] -- Symlinking: /home/ubuntu/scootbot/3.0.0/install/serial/share/serial/environment/library_path.sh
[1.801s] -- Symlinking: /home/ubuntu/scootbot/3.0.0/install/serial/share/serial/environment/library_path.dsv
[1.823s] -- Symlinking: /home/ubuntu/scootbot/3.0.0/install/serial/share/ament_index/resource_index/package_run_dependencies/serial
[1.846s] -- Symlinking: /home/ubuntu/scootbot/3.0.0/install/serial/share/ament_index/resource_index/parent_prefix_path/serial
[1.869s] -- Symlinking: /home/ubuntu/scootbot/3.0.0/install/serial/share/serial/environment/ament_prefix_path.sh
[1.892s] -- Symlinking: /home/ubuntu/scootbot/3.0.0/install/serial/share/serial/environment/ament_prefix_path.dsv
[1.933s] -- Symlinking: /home/ubuntu/scootbot/3.0.0/install/serial/share/serial/environment/path.sh
[1.968s] -- Symlinking: /home/ubuntu/scootbot/3.0.0/install/serial/share/serial/environment/path.dsv
[1.992s] -- Symlinking: /home/ubuntu/scootbot/3.0.0/install/serial/share/serial/local_setup.bash
[2.018s] -- Symlinking: /home/ubuntu/scootbot/3.0.0/install/serial/share/serial/local_setup.sh
[2.039s] -- Symlinking: /home/ubuntu/scootbot/3.0.0/install/serial/share/serial/local_setup.zsh
[2.064s] -- Symlinking: /home/ubuntu/scootbot/3.0.0/install/serial/share/serial/local_setup.dsv
[2.088s] -- Symlinking: /home/ubuntu/scootbot/3.0.0/install/serial/share/serial/package.dsv
[2.114s] -- Symlinking: /home/ubuntu/scootbot/3.0.0/install/serial/share/ament_index/resource_index/packages/serial
[2.139s] -- Symlinking: /home/ubuntu/scootbot/3.0.0/install/serial/share/serial/cmake/ament_cmake_export_include_directories-extras.cmake
[2.164s] -- Symlinking: /home/ubuntu/scootbot/3.0.0/install/serial/share/serial/cmake/ament_cmake_export_libraries-extras.cmake
[2.188s] -- Symlinking: /home/ubuntu/scootbot/3.0.0/install/serial/share/serial/cmake/serialConfig.cmake
[2.212s] -- Symlinking: /home/ubuntu/scootbot/3.0.0/install/serial/share/serial/cmake/serialConfig-version.cmake
[2.237s] -- Symlinking: /home/ubuntu/scootbot/3.0.0/install/serial/share/serial/package.xml
[2.272s] Invoked command in '/home/ubuntu/scootbot/3.0.0/build/serial' returned '0': CMAKE_PREFIX_PATH=${CMAKE_PREFIX_PATH}:/opt/ros/humble /usr/bin/cmake --install /home/ubuntu/scootbot/3.0.0/build/serial
