[0.109s] Invoking command in '/home/ubuntu/scootbot/build/scootbot_sim': CMAKE_PREFIX_PATH=${CMAKE_PREFIX_PATH}:/home/ubuntu/scootbot/install/sabertooth:/home/ubuntu/scootbot/install/joy_cmd:/home/ubuntu/scootbot/install/differential_drive:/opt/ros/foxy /usr/bin/cmake --build /home/ubuntu/scootbot/build/scootbot_sim -- -j4 -l4
[0.275s] Invoked command in '/home/ubuntu/scootbot/build/scootbot_sim' returned '0': CMAKE_PREFIX_PATH=${CMAKE_PREFIX_PATH}:/home/ubuntu/scootbot/install/sabertooth:/home/ubuntu/scootbot/install/joy_cmd:/home/ubuntu/scootbot/install/differential_drive:/opt/ros/foxy /usr/bin/cmake --build /home/ubuntu/scootbot/build/scootbot_sim -- -j4 -l4
[0.425s] Invoking command in '/home/ubuntu/scootbot/build/scootbot_sim': CMAKE_PREFIX_PATH=${CMAKE_PREFIX_PATH}:/home/ubuntu/scootbot/install/sabertooth:/home/ubuntu/scootbot/install/joy_cmd:/home/ubuntu/scootbot/install/differential_drive:/opt/ros/foxy /usr/bin/cmake --install /home/ubuntu/scootbot/build/scootbot_sim
[0.458s] -- Install configuration: ""
[0.458s] -- Up-to-date: /home/ubuntu/scootbot/install/scootbot_sim/share/scootbot_sim/launch
[0.459s] -- Installing: /home/ubuntu/scootbot/install/scootbot_sim/share/scootbot_sim/launch/scootbot_sim.launch.py
[0.460s] -- Up-to-date: /home/ubuntu/scootbot/install/scootbot_sim/share/ament_index/resource_index/package_run_dependencies/scootbot_sim
[0.460s] -- Up-to-date: /home/ubuntu/scootbot/install/scootbot_sim/share/ament_index/resource_index/parent_prefix_path/scootbot_sim
[0.460s] -- Up-to-date: /home/ubuntu/scootbot/install/scootbot_sim/share/scootbot_sim/environment/ament_prefix_path.sh
[0.461s] -- Up-to-date: /home/ubuntu/scootbot/install/scootbot_sim/share/scootbot_sim/environment/ament_prefix_path.dsv
[0.461s] -- Up-to-date: /home/ubuntu/scootbot/install/scootbot_sim/share/scootbot_sim/environment/path.sh
[0.462s] -- Up-to-date: /home/ubuntu/scootbot/install/scootbot_sim/share/scootbot_sim/environment/path.dsv
[0.462s] -- Up-to-date: /home/ubuntu/scootbot/install/scootbot_sim/share/scootbot_sim/local_setup.bash
[0.462s] -- Up-to-date: /home/ubuntu/scootbot/install/scootbot_sim/share/scootbot_sim/local_setup.sh
[0.463s] -- Up-to-date: /home/ubuntu/scootbot/install/scootbot_sim/share/scootbot_sim/local_setup.zsh
[0.463s] -- Up-to-date: /home/ubuntu/scootbot/install/scootbot_sim/share/scootbot_sim/local_setup.dsv
[0.463s] -- Up-to-date: /home/ubuntu/scootbot/install/scootbot_sim/share/scootbot_sim/package.dsv
[0.464s] -- Up-to-date: /home/ubuntu/scootbot/install/scootbot_sim/share/ament_index/resource_index/packages/scootbot_sim
[0.464s] -- Up-to-date: /home/ubuntu/scootbot/install/scootbot_sim/share/scootbot_sim/cmake/scootbot_simConfig.cmake
[0.464s] -- Up-to-date: /home/ubuntu/scootbot/install/scootbot_sim/share/scootbot_sim/cmake/scootbot_simConfig-version.cmake
[0.465s] -- Up-to-date: /home/ubuntu/scootbot/install/scootbot_sim/share/scootbot_sim/package.xml
[0.474s] Invoked command in '/home/ubuntu/scootbot/build/scootbot_sim' returned '0': CMAKE_PREFIX_PATH=${CMAKE_PREFIX_PATH}:/home/ubuntu/scootbot/install/sabertooth:/home/ubuntu/scootbot/install/joy_cmd:/home/ubuntu/scootbot/install/differential_drive:/opt/ros/foxy /usr/bin/cmake --install /home/ubuntu/scootbot/build/scootbot_sim
