[1.832s] Invoking command in '/home/ubuntu/scootbot/build/scootbot_description': CMAKE_PREFIX_PATH=/opt/ros/foxy /usr/bin/cmake /home/ubuntu/scootbot/src/scootbot_description -DAMENT_CMAKE_SYMLINK_INSTALL=1 -DCMAKE_INSTALL_PREFIX=/home/ubuntu/scootbot/install/scootbot_description
[2.298s] -- Found ament_cmake: 0.9.9 (/opt/ros/foxy/share/ament_cmake/cmake)
[2.456s] -- Using PYTHON_EXECUTABLE: /usr/bin/python3
[3.492s] -- Override CMake install command with custom implementation using symlinks instead of copying resources
[3.639s] -- Found ament_lint_auto: 0.9.6 (/opt/ros/foxy/share/ament_lint_auto/cmake)
[4.152s] -- Added test 'copyright' to check source files copyright and LICENSE
[4.201s] -- Added test 'flake8' to check Python code syntax and style conventions
[4.208s] -- Added test 'lint_cmake' to check CMake code style
[4.216s] -- Added test 'pep257' to check Python code against some of the style conventions in PEP 257
[4.243s] -- Added test 'xmllint' to check XML markup files
[4.258s] -- Configuring done
[4.289s] -- Generating done
[4.297s] -- Build files have been written to: /home/ubuntu/scootbot/build/scootbot_description
[4.347s] Invoked command in '/home/ubuntu/scootbot/build/scootbot_description' returned '0': CMAKE_PREFIX_PATH=/opt/ros/foxy /usr/bin/cmake /home/ubuntu/scootbot/src/scootbot_description -DAMENT_CMAKE_SYMLINK_INSTALL=1 -DCMAKE_INSTALL_PREFIX=/home/ubuntu/scootbot/install/scootbot_description
[4.349s] Invoking command in '/home/ubuntu/scootbot/build/scootbot_description': CMAKE_PREFIX_PATH=/opt/ros/foxy /usr/bin/cmake --build /home/ubuntu/scootbot/build/scootbot_description -- -j4 -l4
[4.567s] Invoked command in '/home/ubuntu/scootbot/build/scootbot_description' returned '0': CMAKE_PREFIX_PATH=/opt/ros/foxy /usr/bin/cmake --build /home/ubuntu/scootbot/build/scootbot_description -- -j4 -l4
[4.727s] Invoking command in '/home/ubuntu/scootbot/build/scootbot_description': CMAKE_PREFIX_PATH=/opt/ros/foxy /usr/bin/cmake --install /home/ubuntu/scootbot/build/scootbot_description
[4.775s] -- Install configuration: ""
[4.777s] -- Execute custom install script
[4.780s] -- Symlinking: /home/ubuntu/scootbot/install/scootbot_description/share/scootbot_description/src/description/frame.obj
[4.824s] -- Symlinking: /home/ubuntu/scootbot/install/scootbot_description/share/scootbot_description/src/description/scootbot_description.urdf
[4.866s] -- Symlinking: /home/ubuntu/scootbot/install/scootbot_description/share/scootbot_description/launch/display.launch.py
[4.908s] -- Symlinking: /home/ubuntu/scootbot/install/scootbot_description/share/scootbot_description/rviz/urdf_config.rviz
[4.951s] -- Symlinking: /home/ubuntu/scootbot/install/scootbot_description/share/scootbot_description/config/ekf.yaml
[4.993s] -- Symlinking: /home/ubuntu/scootbot/install/scootbot_description/share/ament_index/resource_index/package_run_dependencies/scootbot_description
[5.036s] -- Symlinking: /home/ubuntu/scootbot/install/scootbot_description/share/ament_index/resource_index/parent_prefix_path/scootbot_description
[5.080s] -- Symlinking: /home/ubuntu/scootbot/install/scootbot_description/share/scootbot_description/environment/ament_prefix_path.sh
[5.124s] -- Symlinking: /home/ubuntu/scootbot/install/scootbot_description/share/scootbot_description/environment/ament_prefix_path.dsv
[5.168s] -- Symlinking: /home/ubuntu/scootbot/install/scootbot_description/share/scootbot_description/environment/path.sh
[5.212s] -- Symlinking: /home/ubuntu/scootbot/install/scootbot_description/share/scootbot_description/environment/path.dsv
[5.258s] -- Symlinking: /home/ubuntu/scootbot/install/scootbot_description/share/scootbot_description/local_setup.bash
[5.303s] -- Symlinking: /home/ubuntu/scootbot/install/scootbot_description/share/scootbot_description/local_setup.sh
[5.348s] -- Symlinking: /home/ubuntu/scootbot/install/scootbot_description/share/scootbot_description/local_setup.zsh
[5.394s] -- Symlinking: /home/ubuntu/scootbot/install/scootbot_description/share/scootbot_description/local_setup.dsv
[5.440s] -- Symlinking: /home/ubuntu/scootbot/install/scootbot_description/share/scootbot_description/package.dsv
[5.484s] -- Symlinking: /home/ubuntu/scootbot/install/scootbot_description/share/ament_index/resource_index/packages/scootbot_description
[5.526s] -- Symlinking: /home/ubuntu/scootbot/install/scootbot_description/share/scootbot_description/cmake/scootbot_descriptionConfig.cmake
[5.571s] -- Symlinking: /home/ubuntu/scootbot/install/scootbot_description/share/scootbot_description/cmake/scootbot_descriptionConfig-version.cmake
[5.614s] -- Symlinking: /home/ubuntu/scootbot/install/scootbot_description/share/scootbot_description/package.xml
[5.668s] Invoked command in '/home/ubuntu/scootbot/build/scootbot_description' returned '0': CMAKE_PREFIX_PATH=/opt/ros/foxy /usr/bin/cmake --install /home/ubuntu/scootbot/build/scootbot_description
