[2.186s] Invoking command in '/home/ubuntu/scootbot/src/sabertooth': PYTHONPATH=/home/ubuntu/scootbot/install/sabertooth/lib/python3.8/site-packages:${PYTHONPATH} /usr/bin/python3 setup.py egg_info --egg-base ../../build/sabertooth build --build-base /home/ubuntu/scootbot/build/sabertooth/build install --prefix /home/ubuntu/scootbot/install/sabertooth --record /home/ubuntu/scootbot/build/sabertooth/install.log --single-version-externally-managed
[2.928s] running egg_info
[2.929s] writing ../../build/sabertooth/sabertooth.egg-info/PKG-INFO
[2.930s] writing dependency_links to ../../build/sabertooth/sabertooth.egg-info/dependency_links.txt
[2.931s] writing entry points to ../../build/sabertooth/sabertooth.egg-info/entry_points.txt
[2.932s] writing requirements to ../../build/sabertooth/sabertooth.egg-info/requires.txt
[2.932s] writing top-level names to ../../build/sabertooth/sabertooth.egg-info/top_level.txt
[3.056s] reading manifest file '../../build/sabertooth/sabertooth.egg-info/SOURCES.txt'
[3.059s] writing manifest file '../../build/sabertooth/sabertooth.egg-info/SOURCES.txt'
[3.059s] running build
[3.060s] running build_py
[3.061s] running install
[3.063s] running install_lib
[3.069s] running install_data
[3.070s] running install_egg_info
[3.076s] removing '/home/ubuntu/scootbot/install/sabertooth/lib/python3.8/site-packages/sabertooth-0.0.0-py3.8.egg-info' (and everything under it)
[3.078s] Copying ../../build/sabertooth/sabertooth.egg-info to /home/ubuntu/scootbot/install/sabertooth/lib/python3.8/site-packages/sabertooth-0.0.0-py3.8.egg-info
[3.082s] running install_scripts
[3.141s] Installing drive script to /home/ubuntu/scootbot/install/sabertooth/lib/sabertooth
[3.142s] writing list of installed files to '/home/ubuntu/scootbot/build/sabertooth/install.log'
[3.236s] Invoked command in '/home/ubuntu/scootbot/src/sabertooth' returned '0': PYTHONPATH=/home/ubuntu/scootbot/install/sabertooth/lib/python3.8/site-packages:${PYTHONPATH} /usr/bin/python3 setup.py egg_info --egg-base ../../build/sabertooth build --build-base /home/ubuntu/scootbot/build/sabertooth/build install --prefix /home/ubuntu/scootbot/install/sabertooth --record /home/ubuntu/scootbot/build/sabertooth/install.log --single-version-externally-managed
