[0.051s] Invoking command in '/home/ubuntu/scootbot/3.0.0/build/twist_mux': CMAKE_PREFIX_PATH=/opt/ros/humble /usr/bin/cmake --build /home/ubuntu/scootbot/3.0.0/build/twist_mux -- -j4 -l4
[0.233s] [ 33%] Built target twist_marker
[0.242s] [100%] Built target twist_mux
[0.294s] Invoked command in '/home/ubuntu/scootbot/3.0.0/build/twist_mux' returned '0': CMAKE_PREFIX_PATH=/opt/ros/humble /usr/bin/cmake --build /home/ubuntu/scootbot/3.0.0/build/twist_mux -- -j4 -l4
[0.470s] Invoking command in '/home/ubuntu/scootbot/3.0.0/build/twist_mux': CMAKE_PREFIX_PATH=/opt/ros/humble /usr/bin/cmake --install /home/ubuntu/scootbot/3.0.0/build/twist_mux
[0.550s] -- Install configuration: ""
[0.551s] -- Execute custom install script
[0.584s] -- Up-to-date symlink: /home/ubuntu/scootbot/3.0.0/install/twist_mux/lib/twist_mux/twist_mux
[0.585s] -- Up-to-date symlink: /home/ubuntu/scootbot/3.0.0/install/twist_mux/lib/twist_mux/twist_marker
[0.585s] -- Up-to-date symlink: /home/ubuntu/scootbot/3.0.0/install/twist_mux/share/twist_mux/launch/twist_mux.launch
[0.587s] -- Up-to-date symlink: /home/ubuntu/scootbot/3.0.0/install/twist_mux/share/twist_mux/launch/twist_mux_launch.py
[0.592s] -- Up-to-date symlink: /home/ubuntu/scootbot/3.0.0/install/twist_mux/share/twist_mux/config/joystick.yaml
[0.592s] -- Up-to-date symlink: /home/ubuntu/scootbot/3.0.0/install/twist_mux/share/twist_mux/config/twist_mux_locks.yaml
[0.592s] -- Up-to-date symlink: /home/ubuntu/scootbot/3.0.0/install/twist_mux/share/twist_mux/config/twist_mux_topics.yaml
[0.595s] -- Up-to-date symlink: /home/ubuntu/scootbot/3.0.0/install/twist_mux/include/twist_mux/params_helpers.hpp
[0.595s] -- Up-to-date symlink: /home/ubuntu/scootbot/3.0.0/install/twist_mux/include/twist_mux/topic_handle.hpp
[0.596s] -- Up-to-date symlink: /home/ubuntu/scootbot/3.0.0/install/twist_mux/include/twist_mux/twist_mux.hpp
[0.597s] -- Up-to-date symlink: /home/ubuntu/scootbot/3.0.0/install/twist_mux/include/twist_mux/twist_mux_diagnostics.hpp
[0.601s] -- Up-to-date symlink: /home/ubuntu/scootbot/3.0.0/install/twist_mux/include/twist_mux/twist_mux_diagnostics_status.hpp
[0.612s] -- Up-to-date symlink: /home/ubuntu/scootbot/3.0.0/install/twist_mux/include/twist_mux/utils.hpp
[0.613s] -- Up-to-date symlink: /home/ubuntu/scootbot/3.0.0/install/twist_mux/share/ament_index/resource_index/package_run_dependencies/twist_mux
[0.614s] -- Up-to-date symlink: /home/ubuntu/scootbot/3.0.0/install/twist_mux/share/ament_index/resource_index/parent_prefix_path/twist_mux
[0.615s] -- Up-to-date symlink: /home/ubuntu/scootbot/3.0.0/install/twist_mux/share/twist_mux/environment/ament_prefix_path.sh
[0.616s] -- Up-to-date symlink: /home/ubuntu/scootbot/3.0.0/install/twist_mux/share/twist_mux/environment/ament_prefix_path.dsv
[0.617s] -- Up-to-date symlink: /home/ubuntu/scootbot/3.0.0/install/twist_mux/share/twist_mux/environment/path.sh
[0.617s] -- Up-to-date symlink: /home/ubuntu/scootbot/3.0.0/install/twist_mux/share/twist_mux/environment/path.dsv
[0.619s] -- Up-to-date symlink: /home/ubuntu/scootbot/3.0.0/install/twist_mux/share/twist_mux/local_setup.bash
[0.619s] -- Up-to-date symlink: /home/ubuntu/scootbot/3.0.0/install/twist_mux/share/twist_mux/local_setup.sh
[0.620s] -- Up-to-date symlink: /home/ubuntu/scootbot/3.0.0/install/twist_mux/share/twist_mux/local_setup.zsh
[0.621s] -- Up-to-date symlink: /home/ubuntu/scootbot/3.0.0/install/twist_mux/share/twist_mux/local_setup.dsv
[0.621s] -- Symlinking: /home/ubuntu/scootbot/3.0.0/install/twist_mux/share/twist_mux/package.dsv
[0.652s] -- Up-to-date symlink: /home/ubuntu/scootbot/3.0.0/install/twist_mux/share/ament_index/resource_index/packages/twist_mux
[0.655s] -- Up-to-date symlink: /home/ubuntu/scootbot/3.0.0/install/twist_mux/share/twist_mux/cmake/ament_cmake_export_include_directories-extras.cmake
[0.657s] -- Up-to-date symlink: /home/ubuntu/scootbot/3.0.0/install/twist_mux/share/twist_mux/cmake/ament_cmake_export_dependencies-extras.cmake
[0.658s] -- Up-to-date symlink: /home/ubuntu/scootbot/3.0.0/install/twist_mux/share/twist_mux/cmake/twist_muxConfig.cmake
[0.658s] -- Up-to-date symlink: /home/ubuntu/scootbot/3.0.0/install/twist_mux/share/twist_mux/cmake/twist_muxConfig-version.cmake
[0.660s] -- Up-to-date symlink: /home/ubuntu/scootbot/3.0.0/install/twist_mux/share/twist_mux/package.xml
[0.713s] Invoked command in '/home/ubuntu/scootbot/3.0.0/build/twist_mux' returned '0': CMAKE_PREFIX_PATH=/opt/ros/humble /usr/bin/cmake --install /home/ubuntu/scootbot/3.0.0/build/twist_mux
