[0.108s] Invoking command in '/home/ubuntu/scootbot/build/serial': CMAKE_PREFIX_PATH=/home/ubuntu/scootbot/3.0.0/install/twist_mux:/home/ubuntu/scootbot/3.0.0/install/diffdrive_arduino:/opt/ros/humble:/home/ubuntu/scootbot/3.0.0/install/serial:/home/ubuntu/scootbot/3.0.0/install/scootbot:/home/ubuntu/scootbot/3.0.0/install/rplidar_ros /usr/bin/cmake --build /home/ubuntu/scootbot/build/serial -- -j4 -l4
[1.542s] [35m[1mConsolidate compiler generated dependencies of target gtest[0m
[1.542s] [35m[1mConsolidate compiler generated dependencies of target serial[0m
[1.543s] [35m[1mConsolidate compiler generated dependencies of target gtest_main[0m
[1.543s] [ 14%] Built target gtest
[1.543s] [ 42%] Built target serial
[1.543s] [ 57%] Built target gtest_main
[1.544s] [35m[1mConsolidate compiler generated dependencies of target serial_example[0m
[1.544s] [35m[1mConsolidate compiler generated dependencies of target serial-test[0m
[1.544s] [35m[1mConsolidate compiler generated dependencies of target serial-test-timer[0m
[1.545s] [ 71%] Built target serial_example
[1.545s] [ 85%] Built target serial-test
[1.545s] [100%] Built target serial-test-timer
[1.550s] Invoked command in '/home/ubuntu/scootbot/build/serial' returned '0': CMAKE_PREFIX_PATH=/home/ubuntu/scootbot/3.0.0/install/twist_mux:/home/ubuntu/scootbot/3.0.0/install/diffdrive_arduino:/opt/ros/humble:/home/ubuntu/scootbot/3.0.0/install/serial:/home/ubuntu/scootbot/3.0.0/install/scootbot:/home/ubuntu/scootbot/3.0.0/install/rplidar_ros /usr/bin/cmake --build /home/ubuntu/scootbot/build/serial -- -j4 -l4
[1.774s] Invoking command in '/home/ubuntu/scootbot/build/serial': CMAKE_PREFIX_PATH=/home/ubuntu/scootbot/3.0.0/install/twist_mux:/home/ubuntu/scootbot/3.0.0/install/diffdrive_arduino:/opt/ros/humble:/home/ubuntu/scootbot/3.0.0/install/serial:/home/ubuntu/scootbot/3.0.0/install/scootbot:/home/ubuntu/scootbot/3.0.0/install/rplidar_ros /usr/bin/cmake --install /home/ubuntu/scootbot/build/serial
[1.797s] -- Install configuration: ""
[1.797s] -- Up-to-date: /home/ubuntu/scootbot/install/serial/lib/libserial.a
[1.798s] -- Up-to-date: /home/ubuntu/scootbot/install/serial/include/serial/serial.h
[1.799s] -- Up-to-date: /home/ubuntu/scootbot/install/serial/include/serial/v8stdint.h
[1.799s] -- Up-to-date: /home/ubuntu/scootbot/install/serial/share/serial/environment/library_path.sh
[1.800s] -- Up-to-date: /home/ubuntu/scootbot/install/serial/share/serial/environment/library_path.dsv
[1.800s] -- Up-to-date: /home/ubuntu/scootbot/install/serial/share/ament_index/resource_index/package_run_dependencies/serial
[1.800s] -- Up-to-date: /home/ubuntu/scootbot/install/serial/share/ament_index/resource_index/parent_prefix_path/serial
[1.801s] -- Up-to-date: /home/ubuntu/scootbot/install/serial/share/serial/environment/ament_prefix_path.sh
[1.802s] -- Up-to-date: /home/ubuntu/scootbot/install/serial/share/serial/environment/ament_prefix_path.dsv
[1.802s] -- Up-to-date: /home/ubuntu/scootbot/install/serial/share/serial/environment/path.sh
[1.802s] -- Up-to-date: /home/ubuntu/scootbot/install/serial/share/serial/environment/path.dsv
[1.803s] -- Up-to-date: /home/ubuntu/scootbot/install/serial/share/serial/local_setup.bash
[1.803s] -- Up-to-date: /home/ubuntu/scootbot/install/serial/share/serial/local_setup.sh
[1.804s] -- Up-to-date: /home/ubuntu/scootbot/install/serial/share/serial/local_setup.zsh
[1.805s] -- Up-to-date: /home/ubuntu/scootbot/install/serial/share/serial/local_setup.dsv
[1.814s] -- Installing: /home/ubuntu/scootbot/install/serial/share/serial/package.dsv
[1.814s] -- Up-to-date: /home/ubuntu/scootbot/install/serial/share/ament_index/resource_index/packages/serial
[1.814s] -- Up-to-date: /home/ubuntu/scootbot/install/serial/share/serial/cmake/ament_cmake_export_include_directories-extras.cmake
[1.815s] -- Up-to-date: /home/ubuntu/scootbot/install/serial/share/serial/cmake/ament_cmake_export_libraries-extras.cmake
[1.815s] -- Up-to-date: /home/ubuntu/scootbot/install/serial/share/serial/cmake/serialConfig.cmake
[1.816s] -- Up-to-date: /home/ubuntu/scootbot/install/serial/share/serial/cmake/serialConfig-version.cmake
[1.816s] -- Up-to-date: /home/ubuntu/scootbot/install/serial/share/serial/package.xml
[1.817s] Invoked command in '/home/ubuntu/scootbot/build/serial' returned '0': CMAKE_PREFIX_PATH=/home/ubuntu/scootbot/3.0.0/install/twist_mux:/home/ubuntu/scootbot/3.0.0/install/diffdrive_arduino:/opt/ros/humble:/home/ubuntu/scootbot/3.0.0/install/serial:/home/ubuntu/scootbot/3.0.0/install/scootbot:/home/ubuntu/scootbot/3.0.0/install/rplidar_ros /usr/bin/cmake --install /home/ubuntu/scootbot/build/serial
