[6.617s] Invoking command in '/home/ubuntu/scootbot/build/scootbot_description': CMAKE_PREFIX_PATH=/opt/ros/foxy /usr/bin/cmake /home/ubuntu/scootbot/src/scootbot_description -DCMAKE_INSTALL_PREFIX=/home/ubuntu/scootbot/install/scootbot_description
[8.657s] -- The C compiler identification is GNU 9.4.0
[9.422s] -- The CXX compiler identification is GNU 9.4.0
[9.476s] -- Check for working C compiler: /usr/bin/cc
[10.872s] -- Check for working C compiler: /usr/bin/cc -- works
[10.894s] -- Detecting C compiler ABI info
[12.357s] -- Detecting C compiler ABI info - done
[12.462s] -- Detecting C compile features
[12.464s] -- Detecting C compile features - done
[12.484s] -- Check for working CXX compiler: /usr/bin/c++
[13.419s] -- Check for working CXX compiler: /usr/bin/c++ -- works
[13.435s] -- Detecting CXX compiler ABI info
[14.713s] -- Detecting CXX compiler ABI info - done
[14.851s] -- Detecting CXX compile features
[14.859s] -- Detecting CXX compile features - done
[14.933s] -- Found ament_cmake: 0.9.9 (/opt/ros/foxy/share/ament_cmake/cmake)
[15.306s] -- Found PythonInterp: /usr/bin/python3 (found suitable version "3.8.10", minimum required is "3") 
[15.310s] -- Using PYTHON_EXECUTABLE: /usr/bin/python3
[17.143s] -- Found ament_lint_auto: 0.9.6 (/opt/ros/foxy/share/ament_lint_auto/cmake)
[17.593s] -- Added test 'copyright' to check source files copyright and LICENSE
[17.608s] -- Added test 'flake8' to check Python code syntax and style conventions
[17.611s] -- Added test 'lint_cmake' to check CMake code style
[17.614s] -- Added test 'pep257' to check Python code against some of the style conventions in PEP 257
[17.622s] -- Added test 'xmllint' to check XML markup files
[17.635s] -- Configuring done
[17.645s] -- Generating done
[17.651s] -- Build files have been written to: /home/ubuntu/scootbot/build/scootbot_description
[17.663s] Invoked command in '/home/ubuntu/scootbot/build/scootbot_description' returned '0': CMAKE_PREFIX_PATH=/opt/ros/foxy /usr/bin/cmake /home/ubuntu/scootbot/src/scootbot_description -DCMAKE_INSTALL_PREFIX=/home/ubuntu/scootbot/install/scootbot_description
[17.674s] Invoking command in '/home/ubuntu/scootbot/build/scootbot_description': CMAKE_PREFIX_PATH=/opt/ros/foxy /usr/bin/cmake --build /home/ubuntu/scootbot/build/scootbot_description -- -j4 -l4
[17.834s] Invoked command in '/home/ubuntu/scootbot/build/scootbot_description' returned '0': CMAKE_PREFIX_PATH=/opt/ros/foxy /usr/bin/cmake --build /home/ubuntu/scootbot/build/scootbot_description -- -j4 -l4
[17.976s] Invoking command in '/home/ubuntu/scootbot/build/scootbot_description': CMAKE_PREFIX_PATH=/opt/ros/foxy /usr/bin/cmake --install /home/ubuntu/scootbot/build/scootbot_description
[18.007s] -- Install configuration: ""
[18.008s] -- Installing: /home/ubuntu/scootbot/install/scootbot_description/share/scootbot_description/src
[18.009s] -- Installing: /home/ubuntu/scootbot/install/scootbot_description/share/scootbot_description/src/description
[18.010s] -- Installing: /home/ubuntu/scootbot/install/scootbot_description/share/scootbot_description/src/description/frame.obj
[18.018s] -- Installing: /home/ubuntu/scootbot/install/scootbot_description/share/scootbot_description/src/description/scootbot_description.urdf
[18.020s] -- Installing: /home/ubuntu/scootbot/install/scootbot_description/share/scootbot_description/launch
[18.020s] -- Installing: /home/ubuntu/scootbot/install/scootbot_description/share/scootbot_description/launch/display.launch.py
[18.021s] -- Installing: /home/ubuntu/scootbot/install/scootbot_description/share/scootbot_description/rviz
[18.021s] -- Installing: /home/ubuntu/scootbot/install/scootbot_description/share/scootbot_description/rviz/urdf_config.rviz
[18.023s] -- Installing: /home/ubuntu/scootbot/install/scootbot_description/share/ament_index/resource_index/package_run_dependencies/scootbot_description
[18.024s] -- Installing: /home/ubuntu/scootbot/install/scootbot_description/share/ament_index/resource_index/parent_prefix_path/scootbot_description
[18.027s] -- Installing: /home/ubuntu/scootbot/install/scootbot_description/share/scootbot_description/environment/ament_prefix_path.sh
[18.027s] -- Installing: /home/ubuntu/scootbot/install/scootbot_description/share/scootbot_description/environment/ament_prefix_path.dsv
[18.029s] -- Installing: /home/ubuntu/scootbot/install/scootbot_description/share/scootbot_description/environment/path.sh
[18.030s] -- Installing: /home/ubuntu/scootbot/install/scootbot_description/share/scootbot_description/environment/path.dsv
[18.031s] -- Installing: /home/ubuntu/scootbot/install/scootbot_description/share/scootbot_description/local_setup.bash
[18.032s] -- Installing: /home/ubuntu/scootbot/install/scootbot_description/share/scootbot_description/local_setup.sh
[18.035s] -- Installing: /home/ubuntu/scootbot/install/scootbot_description/share/scootbot_description/local_setup.zsh
[18.035s] -- Installing: /home/ubuntu/scootbot/install/scootbot_description/share/scootbot_description/local_setup.dsv
[18.036s] -- Installing: /home/ubuntu/scootbot/install/scootbot_description/share/scootbot_description/package.dsv
[18.038s] -- Installing: /home/ubuntu/scootbot/install/scootbot_description/share/ament_index/resource_index/packages/scootbot_description
[18.039s] -- Installing: /home/ubuntu/scootbot/install/scootbot_description/share/scootbot_description/cmake/scootbot_descriptionConfig.cmake
[18.040s] -- Installing: /home/ubuntu/scootbot/install/scootbot_description/share/scootbot_description/cmake/scootbot_descriptionConfig-version.cmake
[18.043s] -- Installing: /home/ubuntu/scootbot/install/scootbot_description/share/scootbot_description/package.xml
[18.059s] Invoked command in '/home/ubuntu/scootbot/build/scootbot_description' returned '0': CMAKE_PREFIX_PATH=/opt/ros/foxy /usr/bin/cmake --install /home/ubuntu/scootbot/build/scootbot_description
