[0.668s] Invoking command in '/home/ubuntu/scootbot/src/sabertooth': PYTHONPATH=/home/ubuntu/scootbot/install/sabertooth/lib/python3.10/site-packages:${PYTHONPATH} /usr/bin/python3 setup.py egg_info --egg-base ../../build/sabertooth build --build-base /home/ubuntu/scootbot/build/sabertooth/build install --prefix /home/ubuntu/scootbot/install/sabertooth --record /home/ubuntu/scootbot/build/sabertooth/install.log --single-version-externally-managed
[0.849s] /usr/lib/python3/dist-packages/setuptools/dist.py:723: UserWarning: Usage of dash-separated 'script-dir' will not be supported in future versions. Please use the underscore name 'script_dir' instead
[0.849s]   warnings.warn(
[0.849s] /usr/lib/python3/dist-packages/setuptools/dist.py:723: UserWarning: Usage of dash-separated 'install-scripts' will not be supported in future versions. Please use the underscore name 'install_scripts' instead
[0.849s]   warnings.warn(
[0.858s] running egg_info
[0.859s] writing ../../build/sabertooth/sabertooth.egg-info/PKG-INFO
[0.859s] writing dependency_links to ../../build/sabertooth/sabertooth.egg-info/dependency_links.txt
[0.859s] writing entry points to ../../build/sabertooth/sabertooth.egg-info/entry_points.txt
[0.859s] writing requirements to ../../build/sabertooth/sabertooth.egg-info/requires.txt
[0.859s] writing top-level names to ../../build/sabertooth/sabertooth.egg-info/top_level.txt
[0.862s] reading manifest file '../../build/sabertooth/sabertooth.egg-info/SOURCES.txt'
[0.862s] writing manifest file '../../build/sabertooth/sabertooth.egg-info/SOURCES.txt'
[0.863s] running build
[0.863s] running build_py
[0.863s] running install
[0.863s] /usr/lib/python3/dist-packages/setuptools/command/install.py:34: SetuptoolsDeprecationWarning: setup.py install is deprecated. Use build and pip and other standards-based tools.
[0.863s]   warnings.warn(
[0.864s] running install_lib
[0.864s] creating /home/ubuntu/scootbot/install/sabertooth/lib/python3.10/site-packages/sabertooth
[0.864s] copying /home/ubuntu/scootbot/build/sabertooth/build/lib/sabertooth/__init__.py -> /home/ubuntu/scootbot/install/sabertooth/lib/python3.10/site-packages/sabertooth
[0.864s] copying /home/ubuntu/scootbot/build/sabertooth/build/lib/sabertooth/drive.py -> /home/ubuntu/scootbot/install/sabertooth/lib/python3.10/site-packages/sabertooth
[0.865s] byte-compiling /home/ubuntu/scootbot/install/sabertooth/lib/python3.10/site-packages/sabertooth/__init__.py to __init__.cpython-310.pyc
[0.865s] byte-compiling /home/ubuntu/scootbot/install/sabertooth/lib/python3.10/site-packages/sabertooth/drive.py to drive.cpython-310.pyc
[0.866s] running install_data
[0.866s] running install_egg_info
[0.868s] Copying ../../build/sabertooth/sabertooth.egg-info to /home/ubuntu/scootbot/install/sabertooth/lib/python3.10/site-packages/sabertooth-0.0.0-py3.10.egg-info
[0.869s] running install_scripts
[0.885s] Installing drive script to /home/ubuntu/scootbot/install/sabertooth/lib/sabertooth
[0.885s] writing list of installed files to '/home/ubuntu/scootbot/build/sabertooth/install.log'
[0.903s] Invoked command in '/home/ubuntu/scootbot/src/sabertooth' returned '0': PYTHONPATH=/home/ubuntu/scootbot/install/sabertooth/lib/python3.10/site-packages:${PYTHONPATH} /usr/bin/python3 setup.py egg_info --egg-base ../../build/sabertooth build --build-base /home/ubuntu/scootbot/build/sabertooth/build install --prefix /home/ubuntu/scootbot/install/sabertooth --record /home/ubuntu/scootbot/build/sabertooth/install.log --single-version-externally-managed
