[0.008s] Invoking command in '/home/ubuntu/scootbot/2.0.0/build/twist_mux': CMAKE_PREFIX_PATH=${CMAKE_PREFIX_PATH}:/home/ubuntu/scootbot/1.0.0/install/sabertooth:/home/ubuntu/scootbot/1.0.0/install/joy_cmd:/home/ubuntu/scootbot/1.0.0/install/differential_drive:/opt/ros/humble /usr/bin/cmake /home/ubuntu/scootbot/2.0.0/src/twist_mux -DAMENT_CMAKE_SYMLINK_INSTALL=1 -DCMAKE_INSTALL_PREFIX=/home/ubuntu/scootbot/2.0.0/install/twist_mux
[0.037s] -- The C compiler identification is GNU 11.3.0
[0.069s] -- The CXX compiler identification is GNU 11.3.0
[0.075s] -- Detecting C compiler ABI info
[0.110s] -- Detecting C compiler ABI info - done
[0.115s] -- Check for working C compiler: /usr/bin/cc - skipped
[0.115s] -- Detecting C compile features
[0.116s] -- Detecting C compile features - done
[0.118s] -- Detecting CXX compiler ABI info
[0.161s] -- Detecting CXX compiler ABI info - done
[0.167s] -- Check for working CXX compiler: /usr/bin/c++ - skipped
[0.167s] -- Detecting CXX compile features
[0.167s] -- Detecting CXX compile features - done
[0.169s] -- Found ament_cmake: 1.3.3 (/opt/ros/humble/share/ament_cmake/cmake)
[0.699s] -- Found Python3: /usr/bin/python3.10 (found version "3.10.6") found components: Interpreter 
[0.742s] -- Override CMake install command with custom implementation using symlinks instead of copying resources
[0.759s] -- Found rclcpp: 16.0.2 (/opt/ros/humble/share/rclcpp/cmake)
[0.802s] -- Found rosidl_generator_c: 3.1.4 (/opt/ros/humble/share/rosidl_generator_c/cmake)
[0.806s] -- Found rosidl_adapter: 3.1.4 (/opt/ros/humble/share/rosidl_adapter/cmake)
[0.813s] -- Found rosidl_generator_cpp: 3.1.4 (/opt/ros/humble/share/rosidl_generator_cpp/cmake)
[0.825s] -- Using all available rosidl_typesupport_c: rosidl_typesupport_fastrtps_c;rosidl_typesupport_introspection_c
[0.842s] -- Using all available rosidl_typesupport_cpp: rosidl_typesupport_fastrtps_cpp;rosidl_typesupport_introspection_cpp
[0.896s] -- Found rmw_implementation_cmake: 6.1.1 (/opt/ros/humble/share/rmw_implementation_cmake/cmake)
[0.899s] -- Found rmw_fastrtps_cpp: 6.2.2 (/opt/ros/humble/share/rmw_fastrtps_cpp/cmake)
[0.961s] -- Found OpenSSL: /usr/lib/x86_64-linux-gnu/libcrypto.so (found version "3.0.2")  
[0.978s] -- Found FastRTPS: /opt/ros/humble/include  
[1.006s] -- Using RMW implementation 'rmw_fastrtps_cpp' as default
[1.015s] -- Looking for pthread.h
[1.058s] -- Looking for pthread.h - found
[1.059s] -- Performing Test CMAKE_HAVE_LIBC_PTHREAD
[1.099s] -- Performing Test CMAKE_HAVE_LIBC_PTHREAD - Success
[1.099s] -- Found Threads: TRUE  
[1.229s] -- Found geometry_msgs: 4.2.2 (/opt/ros/humble/share/geometry_msgs/cmake)
[1.264s] -- Found visualization_msgs: 4.2.2 (/opt/ros/humble/share/visualization_msgs/cmake)
[1.451s] [31mCMake Error at CMakeLists.txt:18 (find_package):
[1.451s]   By not providing "Finddiagnostic_updater.cmake" in CMAKE_MODULE_PATH this
[1.451s]   project has asked CMake to find a package configuration file provided by
[1.451s]   "diagnostic_updater", but CMake did not find one.
[1.451s] 
[1.451s]   Could not find a package configuration file provided by
[1.451s]   "diagnostic_updater" with any of the following names:
[1.451s] 
[1.451s]     diagnostic_updaterConfig.cmake
[1.451s]     diagnostic_updater-config.cmake
[1.451s] 
[1.451s]   Add the installation prefix of "diagnostic_updater" to CMAKE_PREFIX_PATH or
[1.451s]   set "diagnostic_updater_DIR" to a directory containing one of the above
[1.451s]   files.  If "diagnostic_updater" provides a separate development package or
[1.451s]   SDK, be sure it has been installed.
[1.451s] 
[1.451s] [0m
[1.451s] -- Configuring incomplete, errors occurred!
[1.451s] See also "/home/ubuntu/scootbot/2.0.0/build/twist_mux/CMakeFiles/CMakeOutput.log".
[1.457s] Invoked command in '/home/ubuntu/scootbot/2.0.0/build/twist_mux' returned '1': CMAKE_PREFIX_PATH=${CMAKE_PREFIX_PATH}:/home/ubuntu/scootbot/1.0.0/install/sabertooth:/home/ubuntu/scootbot/1.0.0/install/joy_cmd:/home/ubuntu/scootbot/1.0.0/install/differential_drive:/opt/ros/humble /usr/bin/cmake /home/ubuntu/scootbot/2.0.0/src/twist_mux -DAMENT_CMAKE_SYMLINK_INSTALL=1 -DCMAKE_INSTALL_PREFIX=/home/ubuntu/scootbot/2.0.0/install/twist_mux
