[1.903s] DEBUG:colcon:Command line arguments: ['/home/ubuntu/.local/bin/colcon', 'build', '--packages-select', 'scootbot_sim']
[1.903s] DEBUG:colcon:Parsed command line arguments: Namespace(allow_overriding=[], ament_cmake_args=None, base_paths=['.'], build_base='build', catkin_cmake_args=None, catkin_skip_building_tests=False, cmake_args=None, cmake_clean_cache=False, cmake_clean_first=False, cmake_force_configure=False, cmake_target=None, cmake_target_skip_unavailable=False, continue_on_error=False, event_handlers=None, executor='parallel', ignore_user_meta=False, install_base='install', log_base=None, log_level=None, main=<bound method BuildVerb.main of <colcon_core.verb.build.BuildVerb object at 0xffff822bfb20>>, merge_install=False, metas=['./colcon.meta'], packages_above=None, packages_above_and_dependencies=None, packages_above_depth=None, packages_end=None, packages_ignore=None, packages_ignore_regex=None, packages_select=['scootbot_sim'], packages_select_build_failed=False, packages_select_by_dep=None, packages_select_regex=None, packages_select_test_failures=False, packages_skip=None, packages_skip_build_finished=False, packages_skip_by_dep=None, packages_skip_regex=None, packages_skip_test_passed=False, packages_skip_up_to=None, packages_start=None, packages_up_to=None, packages_up_to_regex=None, parallel_workers=4, paths=None, symlink_install=False, test_result_base=None, verb_extension=<colcon_core.verb.build.BuildVerb object at 0xffff822bfb20>, verb_name='build', verb_parser=<colcon_defaults.argument_parser.defaults.DefaultArgumentsDecorator object at 0xffff822cd0d0>)
[1.960s] Level 1:colcon.colcon_core.package_discovery:discover_packages(colcon_meta) check parameters
[1.961s] Level 1:colcon.colcon_core.package_discovery:discover_packages(recursive) check parameters
[1.961s] Level 1:colcon.colcon_core.package_discovery:discover_packages(ignore) check parameters
[1.961s] Level 1:colcon.colcon_core.package_discovery:discover_packages(path) check parameters
[1.961s] Level 1:colcon.colcon_core.package_discovery:discover_packages(colcon_meta) discover
[1.962s] Level 1:colcon.colcon_core.package_discovery:discover_packages(recursive) discover
[1.962s] INFO:colcon.colcon_core.package_discovery:Crawling recursively for packages in '/home/ubuntu/scootbot'
[1.962s] Level 1:colcon.colcon_core.package_identification:_identify(.) by extensions ['ignore', 'ignore_ament_install']
[1.963s] Level 1:colcon.colcon_core.package_identification:_identify(.) by extension 'ignore'
[1.963s] Level 1:colcon.colcon_core.package_identification:_identify(.) by extension 'ignore_ament_install'
[1.963s] Level 1:colcon.colcon_core.package_identification:_identify(.) by extensions ['colcon_pkg']
[1.963s] Level 1:colcon.colcon_core.package_identification:_identify(.) by extension 'colcon_pkg'
[1.964s] Level 1:colcon.colcon_core.package_identification:_identify(.) by extensions ['colcon_meta']
[1.964s] Level 1:colcon.colcon_core.package_identification:_identify(.) by extension 'colcon_meta'
[1.964s] Level 1:colcon.colcon_core.package_identification:_identify(.) by extensions ['ros']
[1.964s] Level 1:colcon.colcon_core.package_identification:_identify(.) by extension 'ros'
[2.008s] Level 1:colcon.colcon_core.package_identification:_identify(.) by extensions ['cmake', 'python']
[2.008s] Level 1:colcon.colcon_core.package_identification:_identify(.) by extension 'cmake'
[2.009s] Level 1:colcon.colcon_core.package_identification:_identify(.) by extension 'python'
[2.009s] Level 1:colcon.colcon_core.package_identification:_identify(.) by extensions ['python_setup_py']
[2.009s] Level 1:colcon.colcon_core.package_identification:_identify(.) by extension 'python_setup_py'
[2.010s] Level 1:colcon.colcon_core.package_identification:_identify(api) by extensions ['ignore', 'ignore_ament_install']
[2.010s] Level 1:colcon.colcon_core.package_identification:_identify(api) by extension 'ignore'
[2.010s] Level 1:colcon.colcon_core.package_identification:_identify(api) by extension 'ignore_ament_install'
[2.010s] Level 1:colcon.colcon_core.package_identification:_identify(api) by extensions ['colcon_pkg']
[2.011s] Level 1:colcon.colcon_core.package_identification:_identify(api) by extension 'colcon_pkg'
[2.011s] Level 1:colcon.colcon_core.package_identification:_identify(api) by extensions ['colcon_meta']
[2.011s] Level 1:colcon.colcon_core.package_identification:_identify(api) by extension 'colcon_meta'
[2.011s] Level 1:colcon.colcon_core.package_identification:_identify(api) by extensions ['ros']
[2.011s] Level 1:colcon.colcon_core.package_identification:_identify(api) by extension 'ros'
[2.011s] Level 1:colcon.colcon_core.package_identification:_identify(api) by extensions ['cmake', 'python']
[2.012s] Level 1:colcon.colcon_core.package_identification:_identify(api) by extension 'cmake'
[2.012s] Level 1:colcon.colcon_core.package_identification:_identify(api) by extension 'python'
[2.012s] Level 1:colcon.colcon_core.package_identification:_identify(api) by extensions ['python_setup_py']
[2.012s] Level 1:colcon.colcon_core.package_identification:_identify(api) by extension 'python_setup_py'
[2.012s] Level 1:colcon.colcon_core.package_identification:_identify(api/__pycache__) by extensions ['ignore', 'ignore_ament_install']
[2.013s] Level 1:colcon.colcon_core.package_identification:_identify(api/__pycache__) by extension 'ignore'
[2.013s] Level 1:colcon.colcon_core.package_identification:_identify(api/__pycache__) by extension 'ignore_ament_install'
[2.013s] Level 1:colcon.colcon_core.package_identification:_identify(api/__pycache__) by extensions ['colcon_pkg']
[2.013s] Level 1:colcon.colcon_core.package_identification:_identify(api/__pycache__) by extension 'colcon_pkg'
[2.014s] Level 1:colcon.colcon_core.package_identification:_identify(api/__pycache__) by extensions ['colcon_meta']
[2.014s] Level 1:colcon.colcon_core.package_identification:_identify(api/__pycache__) by extension 'colcon_meta'
[2.014s] Level 1:colcon.colcon_core.package_identification:_identify(api/__pycache__) by extensions ['ros']
[2.014s] Level 1:colcon.colcon_core.package_identification:_identify(api/__pycache__) by extension 'ros'
[2.014s] Level 1:colcon.colcon_core.package_identification:_identify(api/__pycache__) by extensions ['cmake', 'python']
[2.014s] Level 1:colcon.colcon_core.package_identification:_identify(api/__pycache__) by extension 'cmake'
[2.015s] Level 1:colcon.colcon_core.package_identification:_identify(api/__pycache__) by extension 'python'
[2.015s] Level 1:colcon.colcon_core.package_identification:_identify(api/__pycache__) by extensions ['python_setup_py']
[2.015s] Level 1:colcon.colcon_core.package_identification:_identify(api/__pycache__) by extension 'python_setup_py'
[2.015s] Level 1:colcon.colcon_core.package_identification:_identify(build) by extensions ['ignore', 'ignore_ament_install']
[2.015s] Level 1:colcon.colcon_core.package_identification:_identify(build) by extension 'ignore'
[2.016s] Level 1:colcon.colcon_core.package_identification:_identify(build) ignored
[2.016s] Level 1:colcon.colcon_core.package_identification:_identify(config) by extensions ['ignore', 'ignore_ament_install']
[2.016s] Level 1:colcon.colcon_core.package_identification:_identify(config) by extension 'ignore'
[2.017s] Level 1:colcon.colcon_core.package_identification:_identify(config) by extension 'ignore_ament_install'
[2.017s] Level 1:colcon.colcon_core.package_identification:_identify(config) by extensions ['colcon_pkg']
[2.017s] Level 1:colcon.colcon_core.package_identification:_identify(config) by extension 'colcon_pkg'
[2.017s] Level 1:colcon.colcon_core.package_identification:_identify(config) by extensions ['colcon_meta']
[2.017s] Level 1:colcon.colcon_core.package_identification:_identify(config) by extension 'colcon_meta'
[2.017s] Level 1:colcon.colcon_core.package_identification:_identify(config) by extensions ['ros']
[2.018s] Level 1:colcon.colcon_core.package_identification:_identify(config) by extension 'ros'
[2.018s] Level 1:colcon.colcon_core.package_identification:_identify(config) by extensions ['cmake', 'python']
[2.018s] Level 1:colcon.colcon_core.package_identification:_identify(config) by extension 'cmake'
[2.018s] Level 1:colcon.colcon_core.package_identification:_identify(config) by extension 'python'
[2.018s] Level 1:colcon.colcon_core.package_identification:_identify(config) by extensions ['python_setup_py']
[2.018s] Level 1:colcon.colcon_core.package_identification:_identify(config) by extension 'python_setup_py'
[2.019s] Level 1:colcon.colcon_core.package_identification:_identify(install) by extensions ['ignore', 'ignore_ament_install']
[2.019s] Level 1:colcon.colcon_core.package_identification:_identify(install) by extension 'ignore'
[2.019s] Level 1:colcon.colcon_core.package_identification:_identify(install) ignored
[2.020s] Level 1:colcon.colcon_core.package_identification:_identify(launch) by extensions ['ignore', 'ignore_ament_install']
[2.020s] Level 1:colcon.colcon_core.package_identification:_identify(launch) by extension 'ignore'
[2.020s] Level 1:colcon.colcon_core.package_identification:_identify(launch) by extension 'ignore_ament_install'
[2.020s] Level 1:colcon.colcon_core.package_identification:_identify(launch) by extensions ['colcon_pkg']
[2.020s] Level 1:colcon.colcon_core.package_identification:_identify(launch) by extension 'colcon_pkg'
[2.021s] Level 1:colcon.colcon_core.package_identification:_identify(launch) by extensions ['colcon_meta']
[2.021s] Level 1:colcon.colcon_core.package_identification:_identify(launch) by extension 'colcon_meta'
[2.021s] Level 1:colcon.colcon_core.package_identification:_identify(launch) by extensions ['ros']
[2.021s] Level 1:colcon.colcon_core.package_identification:_identify(launch) by extension 'ros'
[2.021s] Level 1:colcon.colcon_core.package_identification:_identify(launch) by extensions ['cmake', 'python']
[2.022s] Level 1:colcon.colcon_core.package_identification:_identify(launch) by extension 'cmake'
[2.022s] Level 1:colcon.colcon_core.package_identification:_identify(launch) by extension 'python'
[2.022s] Level 1:colcon.colcon_core.package_identification:_identify(launch) by extensions ['python_setup_py']
[2.022s] Level 1:colcon.colcon_core.package_identification:_identify(launch) by extension 'python_setup_py'
[2.023s] Level 1:colcon.colcon_core.package_identification:_identify(log) by extensions ['ignore', 'ignore_ament_install']
[2.023s] Level 1:colcon.colcon_core.package_identification:_identify(log) by extension 'ignore'
[2.023s] Level 1:colcon.colcon_core.package_identification:_identify(log) ignored
[2.024s] Level 1:colcon.colcon_core.package_identification:_identify(scripts) by extensions ['ignore', 'ignore_ament_install']
[2.024s] Level 1:colcon.colcon_core.package_identification:_identify(scripts) by extension 'ignore'
[2.024s] Level 1:colcon.colcon_core.package_identification:_identify(scripts) by extension 'ignore_ament_install'
[2.024s] Level 1:colcon.colcon_core.package_identification:_identify(scripts) by extensions ['colcon_pkg']
[2.025s] Level 1:colcon.colcon_core.package_identification:_identify(scripts) by extension 'colcon_pkg'
[2.025s] Level 1:colcon.colcon_core.package_identification:_identify(scripts) by extensions ['colcon_meta']
[2.025s] Level 1:colcon.colcon_core.package_identification:_identify(scripts) by extension 'colcon_meta'
[2.025s] Level 1:colcon.colcon_core.package_identification:_identify(scripts) by extensions ['ros']
[2.025s] Level 1:colcon.colcon_core.package_identification:_identify(scripts) by extension 'ros'
[2.025s] Level 1:colcon.colcon_core.package_identification:_identify(scripts) by extensions ['cmake', 'python']
[2.026s] Level 1:colcon.colcon_core.package_identification:_identify(scripts) by extension 'cmake'
[2.026s] Level 1:colcon.colcon_core.package_identification:_identify(scripts) by extension 'python'
[2.026s] Level 1:colcon.colcon_core.package_identification:_identify(scripts) by extensions ['python_setup_py']
[2.026s] Level 1:colcon.colcon_core.package_identification:_identify(scripts) by extension 'python_setup_py'
[2.026s] Level 1:colcon.colcon_core.package_identification:_identify(scripts/ai) by extensions ['ignore', 'ignore_ament_install']
[2.027s] Level 1:colcon.colcon_core.package_identification:_identify(scripts/ai) by extension 'ignore'
[2.027s] Level 1:colcon.colcon_core.package_identification:_identify(scripts/ai) by extension 'ignore_ament_install'
[2.027s] Level 1:colcon.colcon_core.package_identification:_identify(scripts/ai) by extensions ['colcon_pkg']
[2.027s] Level 1:colcon.colcon_core.package_identification:_identify(scripts/ai) by extension 'colcon_pkg'
[2.027s] Level 1:colcon.colcon_core.package_identification:_identify(scripts/ai) by extensions ['colcon_meta']
[2.027s] Level 1:colcon.colcon_core.package_identification:_identify(scripts/ai) by extension 'colcon_meta'
[2.028s] Level 1:colcon.colcon_core.package_identification:_identify(scripts/ai) by extensions ['ros']
[2.028s] Level 1:colcon.colcon_core.package_identification:_identify(scripts/ai) by extension 'ros'
[2.028s] Level 1:colcon.colcon_core.package_identification:_identify(scripts/ai) by extensions ['cmake', 'python']
[2.028s] Level 1:colcon.colcon_core.package_identification:_identify(scripts/ai) by extension 'cmake'
[2.028s] Level 1:colcon.colcon_core.package_identification:_identify(scripts/ai) by extension 'python'
[2.028s] Level 1:colcon.colcon_core.package_identification:_identify(scripts/ai) by extensions ['python_setup_py']
[2.028s] Level 1:colcon.colcon_core.package_identification:_identify(scripts/ai) by extension 'python_setup_py'
[2.029s] Level 1:colcon.colcon_core.package_identification:_identify(scripts/motor) by extensions ['ignore', 'ignore_ament_install']
[2.029s] Level 1:colcon.colcon_core.package_identification:_identify(scripts/motor) by extension 'ignore'
[2.029s] Level 1:colcon.colcon_core.package_identification:_identify(scripts/motor) by extension 'ignore_ament_install'
[2.030s] Level 1:colcon.colcon_core.package_identification:_identify(scripts/motor) by extensions ['colcon_pkg']
[2.030s] Level 1:colcon.colcon_core.package_identification:_identify(scripts/motor) by extension 'colcon_pkg'
[2.030s] Level 1:colcon.colcon_core.package_identification:_identify(scripts/motor) by extensions ['colcon_meta']
[2.030s] Level 1:colcon.colcon_core.package_identification:_identify(scripts/motor) by extension 'colcon_meta'
[2.030s] Level 1:colcon.colcon_core.package_identification:_identify(scripts/motor) by extensions ['ros']
[2.030s] Level 1:colcon.colcon_core.package_identification:_identify(scripts/motor) by extension 'ros'
[2.031s] Level 1:colcon.colcon_core.package_identification:_identify(scripts/motor) by extensions ['cmake', 'python']
[2.031s] Level 1:colcon.colcon_core.package_identification:_identify(scripts/motor) by extension 'cmake'
[2.031s] Level 1:colcon.colcon_core.package_identification:_identify(scripts/motor) by extension 'python'
[2.031s] Level 1:colcon.colcon_core.package_identification:_identify(scripts/motor) by extensions ['python_setup_py']
[2.031s] Level 1:colcon.colcon_core.package_identification:_identify(scripts/motor) by extension 'python_setup_py'
[2.032s] Level 1:colcon.colcon_core.package_identification:_identify(scripts/sim) by extensions ['ignore', 'ignore_ament_install']
[2.032s] Level 1:colcon.colcon_core.package_identification:_identify(scripts/sim) by extension 'ignore'
[2.032s] Level 1:colcon.colcon_core.package_identification:_identify(scripts/sim) by extension 'ignore_ament_install'
[2.032s] Level 1:colcon.colcon_core.package_identification:_identify(scripts/sim) by extensions ['colcon_pkg']
[2.032s] Level 1:colcon.colcon_core.package_identification:_identify(scripts/sim) by extension 'colcon_pkg'
[2.033s] Level 1:colcon.colcon_core.package_identification:_identify(scripts/sim) by extensions ['colcon_meta']
[2.033s] Level 1:colcon.colcon_core.package_identification:_identify(scripts/sim) by extension 'colcon_meta'
[2.033s] Level 1:colcon.colcon_core.package_identification:_identify(scripts/sim) by extensions ['ros']
[2.033s] Level 1:colcon.colcon_core.package_identification:_identify(scripts/sim) by extension 'ros'
[2.033s] Level 1:colcon.colcon_core.package_identification:_identify(scripts/sim) by extensions ['cmake', 'python']
[2.034s] Level 1:colcon.colcon_core.package_identification:_identify(scripts/sim) by extension 'cmake'
[2.034s] Level 1:colcon.colcon_core.package_identification:_identify(scripts/sim) by extension 'python'
[2.034s] Level 1:colcon.colcon_core.package_identification:_identify(scripts/sim) by extensions ['python_setup_py']
[2.034s] Level 1:colcon.colcon_core.package_identification:_identify(scripts/sim) by extension 'python_setup_py'
[2.035s] Level 1:colcon.colcon_core.package_identification:_identify(scripts/ws) by extensions ['ignore', 'ignore_ament_install']
[2.035s] Level 1:colcon.colcon_core.package_identification:_identify(scripts/ws) by extension 'ignore'
[2.035s] Level 1:colcon.colcon_core.package_identification:_identify(scripts/ws) by extension 'ignore_ament_install'
[2.035s] Level 1:colcon.colcon_core.package_identification:_identify(scripts/ws) by extensions ['colcon_pkg']
[2.035s] Level 1:colcon.colcon_core.package_identification:_identify(scripts/ws) by extension 'colcon_pkg'
[2.036s] Level 1:colcon.colcon_core.package_identification:_identify(scripts/ws) by extensions ['colcon_meta']
[2.036s] Level 1:colcon.colcon_core.package_identification:_identify(scripts/ws) by extension 'colcon_meta'
[2.036s] Level 1:colcon.colcon_core.package_identification:_identify(scripts/ws) by extensions ['ros']
[2.036s] Level 1:colcon.colcon_core.package_identification:_identify(scripts/ws) by extension 'ros'
[2.036s] Level 1:colcon.colcon_core.package_identification:_identify(scripts/ws) by extensions ['cmake', 'python']
[2.036s] Level 1:colcon.colcon_core.package_identification:_identify(scripts/ws) by extension 'cmake'
[2.037s] Level 1:colcon.colcon_core.package_identification:_identify(scripts/ws) by extension 'python'
[2.037s] Level 1:colcon.colcon_core.package_identification:_identify(scripts/ws) by extensions ['python_setup_py']
[2.037s] Level 1:colcon.colcon_core.package_identification:_identify(scripts/ws) by extension 'python_setup_py'
[2.037s] Level 1:colcon.colcon_core.package_identification:_identify(src) by extensions ['ignore', 'ignore_ament_install']
[2.037s] Level 1:colcon.colcon_core.package_identification:_identify(src) by extension 'ignore'
[2.038s] Level 1:colcon.colcon_core.package_identification:_identify(src) by extension 'ignore_ament_install'
[2.038s] Level 1:colcon.colcon_core.package_identification:_identify(src) by extensions ['colcon_pkg']
[2.038s] Level 1:colcon.colcon_core.package_identification:_identify(src) by extension 'colcon_pkg'
[2.038s] Level 1:colcon.colcon_core.package_identification:_identify(src) by extensions ['colcon_meta']
[2.038s] Level 1:colcon.colcon_core.package_identification:_identify(src) by extension 'colcon_meta'
[2.038s] Level 1:colcon.colcon_core.package_identification:_identify(src) by extensions ['ros']
[2.039s] Level 1:colcon.colcon_core.package_identification:_identify(src) by extension 'ros'
[2.039s] Level 1:colcon.colcon_core.package_identification:_identify(src) by extensions ['cmake', 'python']
[2.039s] Level 1:colcon.colcon_core.package_identification:_identify(src) by extension 'cmake'
[2.039s] Level 1:colcon.colcon_core.package_identification:_identify(src) by extension 'python'
[2.039s] Level 1:colcon.colcon_core.package_identification:_identify(src) by extensions ['python_setup_py']
[2.039s] Level 1:colcon.colcon_core.package_identification:_identify(src) by extension 'python_setup_py'
[2.040s] Level 1:colcon.colcon_core.package_identification:_identify(src/build) by extensions ['ignore', 'ignore_ament_install']
[2.040s] Level 1:colcon.colcon_core.package_identification:_identify(src/build) by extension 'ignore'
[2.040s] Level 1:colcon.colcon_core.package_identification:_identify(src/build) ignored
[2.041s] Level 1:colcon.colcon_core.package_identification:_identify(src/install) by extensions ['ignore', 'ignore_ament_install']
[2.041s] Level 1:colcon.colcon_core.package_identification:_identify(src/install) by extension 'ignore'
[2.041s] Level 1:colcon.colcon_core.package_identification:_identify(src/install) ignored
[2.042s] Level 1:colcon.colcon_core.package_identification:_identify(src/log) by extensions ['ignore', 'ignore_ament_install']
[2.042s] Level 1:colcon.colcon_core.package_identification:_identify(src/log) by extension 'ignore'
[2.042s] Level 1:colcon.colcon_core.package_identification:_identify(src/log) ignored
[2.043s] Level 1:colcon.colcon_core.package_identification:_identify(src/ros2_differential_drive) by extensions ['ignore', 'ignore_ament_install']
[2.043s] Level 1:colcon.colcon_core.package_identification:_identify(src/ros2_differential_drive) by extension 'ignore'
[2.043s] Level 1:colcon.colcon_core.package_identification:_identify(src/ros2_differential_drive) by extension 'ignore_ament_install'
[2.043s] Level 1:colcon.colcon_core.package_identification:_identify(src/ros2_differential_drive) by extensions ['colcon_pkg']
[2.043s] Level 1:colcon.colcon_core.package_identification:_identify(src/ros2_differential_drive) by extension 'colcon_pkg'
[2.043s] Level 1:colcon.colcon_core.package_identification:_identify(src/ros2_differential_drive) by extensions ['colcon_meta']
[2.044s] Level 1:colcon.colcon_core.package_identification:_identify(src/ros2_differential_drive) by extension 'colcon_meta'
[2.044s] Level 1:colcon.colcon_core.package_identification:_identify(src/ros2_differential_drive) by extensions ['ros']
[2.044s] Level 1:colcon.colcon_core.package_identification:_identify(src/ros2_differential_drive) by extension 'ros'
[2.053s] DEBUG:colcon.colcon_core.package_identification:Package 'src/ros2_differential_drive' with type 'ros.ament_python' and name 'differential_drive'
[2.053s] Level 1:colcon.colcon_core.package_identification:_identify(src/sabertooth) by extensions ['ignore', 'ignore_ament_install']
[2.054s] Level 1:colcon.colcon_core.package_identification:_identify(src/sabertooth) by extension 'ignore'
[2.054s] Level 1:colcon.colcon_core.package_identification:_identify(src/sabertooth) by extension 'ignore_ament_install'
[2.054s] Level 1:colcon.colcon_core.package_identification:_identify(src/sabertooth) by extensions ['colcon_pkg']
[2.054s] Level 1:colcon.colcon_core.package_identification:_identify(src/sabertooth) by extension 'colcon_pkg'
[2.054s] Level 1:colcon.colcon_core.package_identification:_identify(src/sabertooth) by extensions ['colcon_meta']
[2.055s] Level 1:colcon.colcon_core.package_identification:_identify(src/sabertooth) by extension 'colcon_meta'
[2.055s] Level 1:colcon.colcon_core.package_identification:_identify(src/sabertooth) by extensions ['ros']
[2.055s] Level 1:colcon.colcon_core.package_identification:_identify(src/sabertooth) by extension 'ros'
[2.058s] DEBUG:colcon.colcon_core.package_identification:Package 'src/sabertooth' with type 'ros.ament_python' and name 'sabertooth'
[2.059s] Level 1:colcon.colcon_core.package_identification:_identify(src/scootbot_description) by extensions ['ignore', 'ignore_ament_install']
[2.059s] Level 1:colcon.colcon_core.package_identification:_identify(src/scootbot_description) by extension 'ignore'
[2.059s] Level 1:colcon.colcon_core.package_identification:_identify(src/scootbot_description) by extension 'ignore_ament_install'
[2.059s] Level 1:colcon.colcon_core.package_identification:_identify(src/scootbot_description) by extensions ['colcon_pkg']
[2.060s] Level 1:colcon.colcon_core.package_identification:_identify(src/scootbot_description) by extension 'colcon_pkg'
[2.060s] Level 1:colcon.colcon_core.package_identification:_identify(src/scootbot_description) by extensions ['colcon_meta']
[2.060s] Level 1:colcon.colcon_core.package_identification:_identify(src/scootbot_description) by extension 'colcon_meta'
[2.060s] Level 1:colcon.colcon_core.package_identification:_identify(src/scootbot_description) by extensions ['ros']
[2.060s] Level 1:colcon.colcon_core.package_identification:_identify(src/scootbot_description) by extension 'ros'
[2.062s] DEBUG:colcon.colcon_core.package_identification:Package 'src/scootbot_description' with type 'ros.ament_cmake' and name 'scootbot_description'
[2.063s] Level 1:colcon.colcon_core.package_identification:_identify(src/scootbot_sim) by extensions ['ignore', 'ignore_ament_install']
[2.063s] Level 1:colcon.colcon_core.package_identification:_identify(src/scootbot_sim) by extension 'ignore'
[2.063s] Level 1:colcon.colcon_core.package_identification:_identify(src/scootbot_sim) by extension 'ignore_ament_install'
[2.064s] Level 1:colcon.colcon_core.package_identification:_identify(src/scootbot_sim) by extensions ['colcon_pkg']
[2.064s] Level 1:colcon.colcon_core.package_identification:_identify(src/scootbot_sim) by extension 'colcon_pkg'
[2.064s] Level 1:colcon.colcon_core.package_identification:_identify(src/scootbot_sim) by extensions ['colcon_meta']
[2.064s] Level 1:colcon.colcon_core.package_identification:_identify(src/scootbot_sim) by extension 'colcon_meta'
[2.064s] Level 1:colcon.colcon_core.package_identification:_identify(src/scootbot_sim) by extensions ['ros']
[2.064s] Level 1:colcon.colcon_core.package_identification:_identify(src/scootbot_sim) by extension 'ros'
[2.067s] DEBUG:colcon.colcon_core.package_identification:Package 'src/scootbot_sim' with type 'ros.ament_cmake' and name 'scootbot_sim'
[2.068s] Level 1:colcon.colcon_core.package_identification:_identify(src/sllidar_ros2) by extensions ['ignore', 'ignore_ament_install']
[2.068s] Level 1:colcon.colcon_core.package_identification:_identify(src/sllidar_ros2) by extension 'ignore'
[2.068s] Level 1:colcon.colcon_core.package_identification:_identify(src/sllidar_ros2) by extension 'ignore_ament_install'
[2.068s] Level 1:colcon.colcon_core.package_identification:_identify(src/sllidar_ros2) by extensions ['colcon_pkg']
[2.068s] Level 1:colcon.colcon_core.package_identification:_identify(src/sllidar_ros2) by extension 'colcon_pkg'
[2.069s] Level 1:colcon.colcon_core.package_identification:_identify(src/sllidar_ros2) by extensions ['colcon_meta']
[2.069s] Level 1:colcon.colcon_core.package_identification:_identify(src/sllidar_ros2) by extension 'colcon_meta'
[2.069s] Level 1:colcon.colcon_core.package_identification:_identify(src/sllidar_ros2) by extensions ['ros']
[2.069s] Level 1:colcon.colcon_core.package_identification:_identify(src/sllidar_ros2) by extension 'ros'
[2.071s] DEBUG:colcon.colcon_core.package_identification:Package 'src/sllidar_ros2' with type 'ros.ament_cmake' and name 'sllidar_ros2'
[2.072s] Level 1:colcon.colcon_core.package_identification:_identify(webui) by extensions ['ignore', 'ignore_ament_install']
[2.072s] Level 1:colcon.colcon_core.package_identification:_identify(webui) by extension 'ignore'
[2.072s] Level 1:colcon.colcon_core.package_identification:_identify(webui) by extension 'ignore_ament_install'
[2.073s] Level 1:colcon.colcon_core.package_identification:_identify(webui) by extensions ['colcon_pkg']
[2.073s] Level 1:colcon.colcon_core.package_identification:_identify(webui) by extension 'colcon_pkg'
[2.073s] Level 1:colcon.colcon_core.package_identification:_identify(webui) by extensions ['colcon_meta']
[2.073s] Level 1:colcon.colcon_core.package_identification:_identify(webui) by extension 'colcon_meta'
[2.073s] Level 1:colcon.colcon_core.package_identification:_identify(webui) by extensions ['ros']
[2.073s] Level 1:colcon.colcon_core.package_identification:_identify(webui) by extension 'ros'
[2.074s] Level 1:colcon.colcon_core.package_identification:_identify(webui) by extensions ['cmake', 'python']
[2.074s] Level 1:colcon.colcon_core.package_identification:_identify(webui) by extension 'cmake'
[2.074s] Level 1:colcon.colcon_core.package_identification:_identify(webui) by extension 'python'
[2.074s] Level 1:colcon.colcon_core.package_identification:_identify(webui) by extensions ['python_setup_py']
[2.074s] Level 1:colcon.colcon_core.package_identification:_identify(webui) by extension 'python_setup_py'
[2.075s] Level 1:colcon.colcon_core.package_identification:_identify(webui/__pycache__) by extensions ['ignore', 'ignore_ament_install']
[2.075s] Level 1:colcon.colcon_core.package_identification:_identify(webui/__pycache__) by extension 'ignore'
[2.075s] Level 1:colcon.colcon_core.package_identification:_identify(webui/__pycache__) by extension 'ignore_ament_install'
[2.075s] Level 1:colcon.colcon_core.package_identification:_identify(webui/__pycache__) by extensions ['colcon_pkg']
[2.075s] Level 1:colcon.colcon_core.package_identification:_identify(webui/__pycache__) by extension 'colcon_pkg'
[2.076s] Level 1:colcon.colcon_core.package_identification:_identify(webui/__pycache__) by extensions ['colcon_meta']
[2.076s] Level 1:colcon.colcon_core.package_identification:_identify(webui/__pycache__) by extension 'colcon_meta'
[2.076s] Level 1:colcon.colcon_core.package_identification:_identify(webui/__pycache__) by extensions ['ros']
[2.076s] Level 1:colcon.colcon_core.package_identification:_identify(webui/__pycache__) by extension 'ros'
[2.076s] Level 1:colcon.colcon_core.package_identification:_identify(webui/__pycache__) by extensions ['cmake', 'python']
[2.076s] Level 1:colcon.colcon_core.package_identification:_identify(webui/__pycache__) by extension 'cmake'
[2.077s] Level 1:colcon.colcon_core.package_identification:_identify(webui/__pycache__) by extension 'python'
[2.077s] Level 1:colcon.colcon_core.package_identification:_identify(webui/__pycache__) by extensions ['python_setup_py']
[2.077s] Level 1:colcon.colcon_core.package_identification:_identify(webui/__pycache__) by extension 'python_setup_py'
[2.077s] Level 1:colcon.colcon_core.package_identification:_identify(webui/static) by extensions ['ignore', 'ignore_ament_install']
[2.078s] Level 1:colcon.colcon_core.package_identification:_identify(webui/static) by extension 'ignore'
[2.078s] Level 1:colcon.colcon_core.package_identification:_identify(webui/static) by extension 'ignore_ament_install'
[2.078s] Level 1:colcon.colcon_core.package_identification:_identify(webui/static) by extensions ['colcon_pkg']
[2.078s] Level 1:colcon.colcon_core.package_identification:_identify(webui/static) by extension 'colcon_pkg'
[2.078s] Level 1:colcon.colcon_core.package_identification:_identify(webui/static) by extensions ['colcon_meta']
[2.078s] Level 1:colcon.colcon_core.package_identification:_identify(webui/static) by extension 'colcon_meta'
[2.079s] Level 1:colcon.colcon_core.package_identification:_identify(webui/static) by extensions ['ros']
[2.079s] Level 1:colcon.colcon_core.package_identification:_identify(webui/static) by extension 'ros'
[2.079s] Level 1:colcon.colcon_core.package_identification:_identify(webui/static) by extensions ['cmake', 'python']
[2.079s] Level 1:colcon.colcon_core.package_identification:_identify(webui/static) by extension 'cmake'
[2.079s] Level 1:colcon.colcon_core.package_identification:_identify(webui/static) by extension 'python'
[2.079s] Level 1:colcon.colcon_core.package_identification:_identify(webui/static) by extensions ['python_setup_py']
[2.079s] Level 1:colcon.colcon_core.package_identification:_identify(webui/static) by extension 'python_setup_py'
[2.080s] Level 1:colcon.colcon_core.package_identification:_identify(webui/static/css) by extensions ['ignore', 'ignore_ament_install']
[2.080s] Level 1:colcon.colcon_core.package_identification:_identify(webui/static/css) by extension 'ignore'
[2.080s] Level 1:colcon.colcon_core.package_identification:_identify(webui/static/css) by extension 'ignore_ament_install'
[2.081s] Level 1:colcon.colcon_core.package_identification:_identify(webui/static/css) by extensions ['colcon_pkg']
[2.081s] Level 1:colcon.colcon_core.package_identification:_identify(webui/static/css) by extension 'colcon_pkg'
[2.081s] Level 1:colcon.colcon_core.package_identification:_identify(webui/static/css) by extensions ['colcon_meta']
[2.081s] Level 1:colcon.colcon_core.package_identification:_identify(webui/static/css) by extension 'colcon_meta'
[2.081s] Level 1:colcon.colcon_core.package_identification:_identify(webui/static/css) by extensions ['ros']
[2.081s] Level 1:colcon.colcon_core.package_identification:_identify(webui/static/css) by extension 'ros'
[2.082s] Level 1:colcon.colcon_core.package_identification:_identify(webui/static/css) by extensions ['cmake', 'python']
[2.082s] Level 1:colcon.colcon_core.package_identification:_identify(webui/static/css) by extension 'cmake'
[2.082s] Level 1:colcon.colcon_core.package_identification:_identify(webui/static/css) by extension 'python'
[2.082s] Level 1:colcon.colcon_core.package_identification:_identify(webui/static/css) by extensions ['python_setup_py']
[2.082s] Level 1:colcon.colcon_core.package_identification:_identify(webui/static/css) by extension 'python_setup_py'
[2.083s] Level 1:colcon.colcon_core.package_identification:_identify(webui/static/ico) by extensions ['ignore', 'ignore_ament_install']
[2.083s] Level 1:colcon.colcon_core.package_identification:_identify(webui/static/ico) by extension 'ignore'
[2.083s] Level 1:colcon.colcon_core.package_identification:_identify(webui/static/ico) by extension 'ignore_ament_install'
[2.083s] Level 1:colcon.colcon_core.package_identification:_identify(webui/static/ico) by extensions ['colcon_pkg']
[2.083s] Level 1:colcon.colcon_core.package_identification:_identify(webui/static/ico) by extension 'colcon_pkg'
[2.083s] Level 1:colcon.colcon_core.package_identification:_identify(webui/static/ico) by extensions ['colcon_meta']
[2.084s] Level 1:colcon.colcon_core.package_identification:_identify(webui/static/ico) by extension 'colcon_meta'
[2.084s] Level 1:colcon.colcon_core.package_identification:_identify(webui/static/ico) by extensions ['ros']
[2.084s] Level 1:colcon.colcon_core.package_identification:_identify(webui/static/ico) by extension 'ros'
[2.084s] Level 1:colcon.colcon_core.package_identification:_identify(webui/static/ico) by extensions ['cmake', 'python']
[2.084s] Level 1:colcon.colcon_core.package_identification:_identify(webui/static/ico) by extension 'cmake'
[2.084s] Level 1:colcon.colcon_core.package_identification:_identify(webui/static/ico) by extension 'python'
[2.085s] Level 1:colcon.colcon_core.package_identification:_identify(webui/static/ico) by extensions ['python_setup_py']
[2.085s] Level 1:colcon.colcon_core.package_identification:_identify(webui/static/ico) by extension 'python_setup_py'
[2.085s] Level 1:colcon.colcon_core.package_identification:_identify(webui/static/img) by extensions ['ignore', 'ignore_ament_install']
[2.085s] Level 1:colcon.colcon_core.package_identification:_identify(webui/static/img) by extension 'ignore'
[2.086s] Level 1:colcon.colcon_core.package_identification:_identify(webui/static/img) by extension 'ignore_ament_install'
[2.086s] Level 1:colcon.colcon_core.package_identification:_identify(webui/static/img) by extensions ['colcon_pkg']
[2.086s] Level 1:colcon.colcon_core.package_identification:_identify(webui/static/img) by extension 'colcon_pkg'
[2.086s] Level 1:colcon.colcon_core.package_identification:_identify(webui/static/img) by extensions ['colcon_meta']
[2.086s] Level 1:colcon.colcon_core.package_identification:_identify(webui/static/img) by extension 'colcon_meta'
[2.086s] Level 1:colcon.colcon_core.package_identification:_identify(webui/static/img) by extensions ['ros']
[2.087s] Level 1:colcon.colcon_core.package_identification:_identify(webui/static/img) by extension 'ros'
[2.087s] Level 1:colcon.colcon_core.package_identification:_identify(webui/static/img) by extensions ['cmake', 'python']
[2.087s] Level 1:colcon.colcon_core.package_identification:_identify(webui/static/img) by extension 'cmake'
[2.087s] Level 1:colcon.colcon_core.package_identification:_identify(webui/static/img) by extension 'python'
[2.087s] Level 1:colcon.colcon_core.package_identification:_identify(webui/static/img) by extensions ['python_setup_py']
[2.087s] Level 1:colcon.colcon_core.package_identification:_identify(webui/static/img) by extension 'python_setup_py'
[2.088s] Level 1:colcon.colcon_core.package_identification:_identify(webui/static/js) by extensions ['ignore', 'ignore_ament_install']
[2.088s] Level 1:colcon.colcon_core.package_identification:_identify(webui/static/js) by extension 'ignore'
[2.088s] Level 1:colcon.colcon_core.package_identification:_identify(webui/static/js) by extension 'ignore_ament_install'
[2.089s] Level 1:colcon.colcon_core.package_identification:_identify(webui/static/js) by extensions ['colcon_pkg']
[2.089s] Level 1:colcon.colcon_core.package_identification:_identify(webui/static/js) by extension 'colcon_pkg'
[2.089s] Level 1:colcon.colcon_core.package_identification:_identify(webui/static/js) by extensions ['colcon_meta']
[2.089s] Level 1:colcon.colcon_core.package_identification:_identify(webui/static/js) by extension 'colcon_meta'
[2.089s] Level 1:colcon.colcon_core.package_identification:_identify(webui/static/js) by extensions ['ros']
[2.089s] Level 1:colcon.colcon_core.package_identification:_identify(webui/static/js) by extension 'ros'
[2.090s] Level 1:colcon.colcon_core.package_identification:_identify(webui/static/js) by extensions ['cmake', 'python']
[2.090s] Level 1:colcon.colcon_core.package_identification:_identify(webui/static/js) by extension 'cmake'
[2.090s] Level 1:colcon.colcon_core.package_identification:_identify(webui/static/js) by extension 'python'
[2.090s] Level 1:colcon.colcon_core.package_identification:_identify(webui/static/js) by extensions ['python_setup_py']
[2.090s] Level 1:colcon.colcon_core.package_identification:_identify(webui/static/js) by extension 'python_setup_py'
[2.091s] Level 1:colcon.colcon_core.package_identification:_identify(webui/templates) by extensions ['ignore', 'ignore_ament_install']
[2.091s] Level 1:colcon.colcon_core.package_identification:_identify(webui/templates) by extension 'ignore'
[2.091s] Level 1:colcon.colcon_core.package_identification:_identify(webui/templates) by extension 'ignore_ament_install'
[2.091s] Level 1:colcon.colcon_core.package_identification:_identify(webui/templates) by extensions ['colcon_pkg']
[2.091s] Level 1:colcon.colcon_core.package_identification:_identify(webui/templates) by extension 'colcon_pkg'
[2.092s] Level 1:colcon.colcon_core.package_identification:_identify(webui/templates) by extensions ['colcon_meta']
[2.092s] Level 1:colcon.colcon_core.package_identification:_identify(webui/templates) by extension 'colcon_meta'
[2.092s] Level 1:colcon.colcon_core.package_identification:_identify(webui/templates) by extensions ['ros']
[2.092s] Level 1:colcon.colcon_core.package_identification:_identify(webui/templates) by extension 'ros'
[2.092s] Level 1:colcon.colcon_core.package_identification:_identify(webui/templates) by extensions ['cmake', 'python']
[2.092s] Level 1:colcon.colcon_core.package_identification:_identify(webui/templates) by extension 'cmake'
[2.092s] Level 1:colcon.colcon_core.package_identification:_identify(webui/templates) by extension 'python'
[2.093s] Level 1:colcon.colcon_core.package_identification:_identify(webui/templates) by extensions ['python_setup_py']
[2.093s] Level 1:colcon.colcon_core.package_identification:_identify(webui/templates) by extension 'python_setup_py'
[2.093s] Level 1:colcon.colcon_core.package_identification:_identify(webui/templates/admin) by extensions ['ignore', 'ignore_ament_install']
[2.093s] Level 1:colcon.colcon_core.package_identification:_identify(webui/templates/admin) by extension 'ignore'
[2.094s] Level 1:colcon.colcon_core.package_identification:_identify(webui/templates/admin) by extension 'ignore_ament_install'
[2.094s] Level 1:colcon.colcon_core.package_identification:_identify(webui/templates/admin) by extensions ['colcon_pkg']
[2.094s] Level 1:colcon.colcon_core.package_identification:_identify(webui/templates/admin) by extension 'colcon_pkg'
[2.094s] Level 1:colcon.colcon_core.package_identification:_identify(webui/templates/admin) by extensions ['colcon_meta']
[2.094s] Level 1:colcon.colcon_core.package_identification:_identify(webui/templates/admin) by extension 'colcon_meta'
[2.095s] Level 1:colcon.colcon_core.package_identification:_identify(webui/templates/admin) by extensions ['ros']
[2.095s] Level 1:colcon.colcon_core.package_identification:_identify(webui/templates/admin) by extension 'ros'
[2.095s] Level 1:colcon.colcon_core.package_identification:_identify(webui/templates/admin) by extensions ['cmake', 'python']
[2.095s] Level 1:colcon.colcon_core.package_identification:_identify(webui/templates/admin) by extension 'cmake'
[2.095s] Level 1:colcon.colcon_core.package_identification:_identify(webui/templates/admin) by extension 'python'
[2.095s] Level 1:colcon.colcon_core.package_identification:_identify(webui/templates/admin) by extensions ['python_setup_py']
[2.096s] Level 1:colcon.colcon_core.package_identification:_identify(webui/templates/admin) by extension 'python_setup_py'
[2.096s] Level 1:colcon.colcon_core.package_identification:_identify(webui/templates/errors) by extensions ['ignore', 'ignore_ament_install']
[2.096s] Level 1:colcon.colcon_core.package_identification:_identify(webui/templates/errors) by extension 'ignore'
[2.096s] Level 1:colcon.colcon_core.package_identification:_identify(webui/templates/errors) by extension 'ignore_ament_install'
[2.097s] Level 1:colcon.colcon_core.package_identification:_identify(webui/templates/errors) by extensions ['colcon_pkg']
[2.097s] Level 1:colcon.colcon_core.package_identification:_identify(webui/templates/errors) by extension 'colcon_pkg'
[2.097s] Level 1:colcon.colcon_core.package_identification:_identify(webui/templates/errors) by extensions ['colcon_meta']
[2.097s] Level 1:colcon.colcon_core.package_identification:_identify(webui/templates/errors) by extension 'colcon_meta'
[2.097s] Level 1:colcon.colcon_core.package_identification:_identify(webui/templates/errors) by extensions ['ros']
[2.097s] Level 1:colcon.colcon_core.package_identification:_identify(webui/templates/errors) by extension 'ros'
[2.098s] Level 1:colcon.colcon_core.package_identification:_identify(webui/templates/errors) by extensions ['cmake', 'python']
[2.098s] Level 1:colcon.colcon_core.package_identification:_identify(webui/templates/errors) by extension 'cmake'
[2.098s] Level 1:colcon.colcon_core.package_identification:_identify(webui/templates/errors) by extension 'python'
[2.098s] Level 1:colcon.colcon_core.package_identification:_identify(webui/templates/errors) by extensions ['python_setup_py']
[2.098s] Level 1:colcon.colcon_core.package_identification:_identify(webui/templates/errors) by extension 'python_setup_py'
[2.099s] Level 1:colcon.colcon_core.package_identification:_identify(webui/templates/forms) by extensions ['ignore', 'ignore_ament_install']
[2.099s] Level 1:colcon.colcon_core.package_identification:_identify(webui/templates/forms) by extension 'ignore'
[2.099s] Level 1:colcon.colcon_core.package_identification:_identify(webui/templates/forms) by extension 'ignore_ament_install'
[2.099s] Level 1:colcon.colcon_core.package_identification:_identify(webui/templates/forms) by extensions ['colcon_pkg']
[2.100s] Level 1:colcon.colcon_core.package_identification:_identify(webui/templates/forms) by extension 'colcon_pkg'
[2.100s] Level 1:colcon.colcon_core.package_identification:_identify(webui/templates/forms) by extensions ['colcon_meta']
[2.100s] Level 1:colcon.colcon_core.package_identification:_identify(webui/templates/forms) by extension 'colcon_meta'
[2.100s] Level 1:colcon.colcon_core.package_identification:_identify(webui/templates/forms) by extensions ['ros']
[2.100s] Level 1:colcon.colcon_core.package_identification:_identify(webui/templates/forms) by extension 'ros'
[2.100s] Level 1:colcon.colcon_core.package_identification:_identify(webui/templates/forms) by extensions ['cmake', 'python']
[2.101s] Level 1:colcon.colcon_core.package_identification:_identify(webui/templates/forms) by extension 'cmake'
[2.101s] Level 1:colcon.colcon_core.package_identification:_identify(webui/templates/forms) by extension 'python'
[2.101s] Level 1:colcon.colcon_core.package_identification:_identify(webui/templates/forms) by extensions ['python_setup_py']
[2.101s] Level 1:colcon.colcon_core.package_identification:_identify(webui/templates/forms) by extension 'python_setup_py'
[2.101s] Level 1:colcon.colcon_core.package_identification:_identify(webui/templates/layouts) by extensions ['ignore', 'ignore_ament_install']
[2.102s] Level 1:colcon.colcon_core.package_identification:_identify(webui/templates/layouts) by extension 'ignore'
[2.102s] Level 1:colcon.colcon_core.package_identification:_identify(webui/templates/layouts) by extension 'ignore_ament_install'
[2.102s] Level 1:colcon.colcon_core.package_identification:_identify(webui/templates/layouts) by extensions ['colcon_pkg']
[2.102s] Level 1:colcon.colcon_core.package_identification:_identify(webui/templates/layouts) by extension 'colcon_pkg'
[2.102s] Level 1:colcon.colcon_core.package_identification:_identify(webui/templates/layouts) by extensions ['colcon_meta']
[2.103s] Level 1:colcon.colcon_core.package_identification:_identify(webui/templates/layouts) by extension 'colcon_meta'
[2.103s] Level 1:colcon.colcon_core.package_identification:_identify(webui/templates/layouts) by extensions ['ros']
[2.103s] Level 1:colcon.colcon_core.package_identification:_identify(webui/templates/layouts) by extension 'ros'
[2.103s] Level 1:colcon.colcon_core.package_identification:_identify(webui/templates/layouts) by extensions ['cmake', 'python']
[2.103s] Level 1:colcon.colcon_core.package_identification:_identify(webui/templates/layouts) by extension 'cmake'
[2.103s] Level 1:colcon.colcon_core.package_identification:_identify(webui/templates/layouts) by extension 'python'
[2.104s] Level 1:colcon.colcon_core.package_identification:_identify(webui/templates/layouts) by extensions ['python_setup_py']
[2.104s] Level 1:colcon.colcon_core.package_identification:_identify(webui/templates/layouts) by extension 'python_setup_py'
[2.104s] Level 1:colcon.colcon_core.package_identification:_identify(webui/templates/pages) by extensions ['ignore', 'ignore_ament_install']
[2.104s] Level 1:colcon.colcon_core.package_identification:_identify(webui/templates/pages) by extension 'ignore'
[2.104s] Level 1:colcon.colcon_core.package_identification:_identify(webui/templates/pages) by extension 'ignore_ament_install'
[2.105s] Level 1:colcon.colcon_core.package_identification:_identify(webui/templates/pages) by extensions ['colcon_pkg']
[2.105s] Level 1:colcon.colcon_core.package_identification:_identify(webui/templates/pages) by extension 'colcon_pkg'
[2.105s] Level 1:colcon.colcon_core.package_identification:_identify(webui/templates/pages) by extensions ['colcon_meta']
[2.105s] Level 1:colcon.colcon_core.package_identification:_identify(webui/templates/pages) by extension 'colcon_meta'
[2.105s] Level 1:colcon.colcon_core.package_identification:_identify(webui/templates/pages) by extensions ['ros']
[2.105s] Level 1:colcon.colcon_core.package_identification:_identify(webui/templates/pages) by extension 'ros'
[2.106s] Level 1:colcon.colcon_core.package_identification:_identify(webui/templates/pages) by extensions ['cmake', 'python']
[2.106s] Level 1:colcon.colcon_core.package_identification:_identify(webui/templates/pages) by extension 'cmake'
[2.106s] Level 1:colcon.colcon_core.package_identification:_identify(webui/templates/pages) by extension 'python'
[2.106s] Level 1:colcon.colcon_core.package_identification:_identify(webui/templates/pages) by extensions ['python_setup_py']
[2.106s] Level 1:colcon.colcon_core.package_identification:_identify(webui/templates/pages) by extension 'python_setup_py'
[2.106s] Level 1:colcon.colcon_core.package_discovery:discover_packages(recursive) using defaults
[2.107s] Level 1:colcon.colcon_core.package_discovery:discover_packages(ignore) discover
[2.107s] Level 1:colcon.colcon_core.package_discovery:discover_packages(ignore) using defaults
[2.107s] Level 1:colcon.colcon_core.package_discovery:discover_packages(path) discover
[2.107s] Level 1:colcon.colcon_core.package_discovery:discover_packages(path) using defaults
[2.228s] Level 1:colcon.colcon_core.package_discovery:discover_packages(prefix_path) check parameters
[2.229s] Level 1:colcon.colcon_core.package_discovery:discover_packages(prefix_path) discover
[2.264s] DEBUG:colcon.colcon_installed_package_information.package_discovery:Found 6 installed packages in /home/ubuntu/scootbot/install
[2.283s] DEBUG:colcon.colcon_installed_package_information.package_discovery:Found 258 installed packages in /opt/ros/foxy
[2.289s] Level 1:colcon.colcon_core.package_discovery:discover_packages(prefix_path) using defaults
[2.743s] INFO:colcon.colcon_core.package_selection:Skipping not selected package 'differential_drive' in 'src/ros2_differential_drive'
[2.743s] INFO:colcon.colcon_core.package_selection:Skipping not selected package 'sabertooth' in 'src/sabertooth'
[2.743s] INFO:colcon.colcon_core.package_selection:Skipping not selected package 'scootbot_description' in 'src/scootbot_description'
[2.744s] INFO:colcon.colcon_core.package_selection:Skipping not selected package 'sllidar_ros2' in 'src/sllidar_ros2'
[2.772s] Level 5:colcon.colcon_core.verb:set package 'scootbot_sim' build argument 'cmake_args' from command line to 'None'
[2.772s] Level 5:colcon.colcon_core.verb:set package 'scootbot_sim' build argument 'cmake_target' from command line to 'None'
[2.772s] Level 5:colcon.colcon_core.verb:set package 'scootbot_sim' build argument 'cmake_target_skip_unavailable' from command line to 'False'
[2.773s] Level 5:colcon.colcon_core.verb:set package 'scootbot_sim' build argument 'cmake_clean_cache' from command line to 'False'
[2.773s] Level 5:colcon.colcon_core.verb:set package 'scootbot_sim' build argument 'cmake_clean_first' from command line to 'False'
[2.773s] Level 5:colcon.colcon_core.verb:set package 'scootbot_sim' build argument 'cmake_force_configure' from command line to 'False'
[2.773s] Level 5:colcon.colcon_core.verb:set package 'scootbot_sim' build argument 'ament_cmake_args' from command line to 'None'
[2.773s] Level 5:colcon.colcon_core.verb:set package 'scootbot_sim' build argument 'catkin_cmake_args' from command line to 'None'
[2.773s] Level 5:colcon.colcon_core.verb:set package 'scootbot_sim' build argument 'catkin_skip_building_tests' from command line to 'False'
[2.773s] DEBUG:colcon.colcon_core.verb:Building package 'scootbot_sim' with the following arguments: {'ament_cmake_args': None, 'build_base': '/home/ubuntu/scootbot/build/scootbot_sim', 'catkin_cmake_args': None, 'catkin_skip_building_tests': False, 'cmake_args': None, 'cmake_clean_cache': False, 'cmake_clean_first': False, 'cmake_force_configure': False, 'cmake_target': None, 'cmake_target_skip_unavailable': False, 'install_base': '/home/ubuntu/scootbot/install/scootbot_sim', 'merge_install': False, 'path': '/home/ubuntu/scootbot/src/scootbot_sim', 'symlink_install': False, 'test_result_base': None}
[2.821s] WARNING:colcon.colcon_core.verb:Some selected packages are already built in one or more underlay workspaces:
	'scootbot_sim' is in: /home/ubuntu/scootbot/install/scootbot_sim
If a package in a merged underlay workspace is overridden and it installs headers, then all packages in the overlay must sort their include directories by workspace order. Failure to do so may result in build failures or undefined behavior at run time.
If the overridden package is used by another package in any underlay, then the overriding package in the overlay must be API and ABI compatible or undefined behavior at run time may occur.

If you understand the risks and want to override a package anyways, add the following to the command line:
	--allow-overriding scootbot_sim

This may be promoted to an error in a future release of colcon-core.
[2.829s] INFO:colcon.colcon_core.executor:Executing jobs using 'parallel' executor
[2.875s] DEBUG:colcon.colcon_parallel_executor.executor.parallel:run_until_complete
[2.876s] INFO:colcon.colcon_ros.task.ament_cmake.build:Building ROS package in '/home/ubuntu/scootbot/src/scootbot_sim' with build type 'ament_cmake'
[2.877s] INFO:colcon.colcon_cmake.task.cmake.build:Building CMake package in '/home/ubuntu/scootbot/src/scootbot_sim'
[2.909s] INFO:colcon.colcon_core.plugin_system:Skipping extension 'colcon_core.shell.bat': Not used on non-Windows systems
[2.910s] INFO:colcon.colcon_core.shell:Skip shell extension 'powershell' for command environment: Not usable outside of PowerShell
[2.910s] DEBUG:colcon.colcon_core.shell:Skip shell extension 'dsv' for command environment
[2.988s] DEBUG:colcon.colcon_core.event_handler.log_command:Invoking command in '/home/ubuntu/scootbot/build/scootbot_sim': CMAKE_PREFIX_PATH=${CMAKE_PREFIX_PATH}:/home/ubuntu/scootbot/install/sabertooth:/home/ubuntu/scootbot/install/joy_cmd:/home/ubuntu/scootbot/install/differential_drive:/opt/ros/foxy /usr/bin/cmake --build /home/ubuntu/scootbot/build/scootbot_sim -- -j4 -l4
[3.151s] DEBUG:colcon.colcon_core.event_handler.log_command:Invoked command in '/home/ubuntu/scootbot/build/scootbot_sim' returned '0': CMAKE_PREFIX_PATH=${CMAKE_PREFIX_PATH}:/home/ubuntu/scootbot/install/sabertooth:/home/ubuntu/scootbot/install/joy_cmd:/home/ubuntu/scootbot/install/differential_drive:/opt/ros/foxy /usr/bin/cmake --build /home/ubuntu/scootbot/build/scootbot_sim -- -j4 -l4
[3.299s] DEBUG:colcon.colcon_core.event_handler.log_command:Invoking command in '/home/ubuntu/scootbot/build/scootbot_sim': CMAKE_PREFIX_PATH=${CMAKE_PREFIX_PATH}:/home/ubuntu/scootbot/install/sabertooth:/home/ubuntu/scootbot/install/joy_cmd:/home/ubuntu/scootbot/install/differential_drive:/opt/ros/foxy /usr/bin/cmake --install /home/ubuntu/scootbot/build/scootbot_sim
[3.340s] Level 1:colcon.colcon_core.environment:create_environment_scripts_only(scootbot_sim)
[3.346s] DEBUG:colcon.colcon_core.event_handler.log_command:Invoked command in '/home/ubuntu/scootbot/build/scootbot_sim' returned '0': CMAKE_PREFIX_PATH=${CMAKE_PREFIX_PATH}:/home/ubuntu/scootbot/install/sabertooth:/home/ubuntu/scootbot/install/joy_cmd:/home/ubuntu/scootbot/install/differential_drive:/opt/ros/foxy /usr/bin/cmake --install /home/ubuntu/scootbot/build/scootbot_sim
[3.375s] Level 1:colcon.colcon_core.environment:checking '/home/ubuntu/scootbot/install/scootbot_sim' for CMake module files
[3.378s] Level 1:colcon.colcon_core.environment:checking '/home/ubuntu/scootbot/install/scootbot_sim' for CMake config files
[3.380s] Level 1:colcon.colcon_core.shell:create_environment_hook('scootbot_sim', 'cmake_prefix_path')
[3.398s] INFO:colcon.colcon_core.shell:Creating environment hook '/home/ubuntu/scootbot/install/scootbot_sim/share/scootbot_sim/hook/cmake_prefix_path.ps1'
[3.401s] INFO:colcon.colcon_core.shell:Creating environment descriptor '/home/ubuntu/scootbot/install/scootbot_sim/share/scootbot_sim/hook/cmake_prefix_path.dsv'
[3.403s] INFO:colcon.colcon_core.shell:Creating environment hook '/home/ubuntu/scootbot/install/scootbot_sim/share/scootbot_sim/hook/cmake_prefix_path.sh'
[3.406s] Level 1:colcon.colcon_core.environment:checking '/home/ubuntu/scootbot/install/scootbot_sim/lib'
[3.407s] Level 1:colcon.colcon_core.environment:checking '/home/ubuntu/scootbot/install/scootbot_sim/bin'
[3.407s] Level 1:colcon.colcon_core.environment:checking '/home/ubuntu/scootbot/install/scootbot_sim/lib/pkgconfig/scootbot_sim.pc'
[3.407s] Level 1:colcon.colcon_core.environment:checking '/home/ubuntu/scootbot/install/scootbot_sim/lib/python3.8/site-packages'
[3.408s] Level 1:colcon.colcon_core.shell:create_environment_hook('scootbot_sim', 'pythonpath')
[3.426s] INFO:colcon.colcon_core.shell:Creating environment hook '/home/ubuntu/scootbot/install/scootbot_sim/share/scootbot_sim/hook/pythonpath.ps1'
[3.428s] INFO:colcon.colcon_core.shell:Creating environment descriptor '/home/ubuntu/scootbot/install/scootbot_sim/share/scootbot_sim/hook/pythonpath.dsv'
[3.429s] INFO:colcon.colcon_core.shell:Creating environment hook '/home/ubuntu/scootbot/install/scootbot_sim/share/scootbot_sim/hook/pythonpath.sh'
[3.450s] INFO:colcon.colcon_core.shell:Creating package script '/home/ubuntu/scootbot/install/scootbot_sim/share/scootbot_sim/package.ps1'
[3.453s] INFO:colcon.colcon_core.shell:Creating package descriptor '/home/ubuntu/scootbot/install/scootbot_sim/share/scootbot_sim/package.dsv'
[3.456s] INFO:colcon.colcon_core.shell:Creating package script '/home/ubuntu/scootbot/install/scootbot_sim/share/scootbot_sim/package.sh'
[3.459s] INFO:colcon.colcon_core.shell:Creating package script '/home/ubuntu/scootbot/install/scootbot_sim/share/scootbot_sim/package.bash'
[3.461s] INFO:colcon.colcon_core.shell:Creating package script '/home/ubuntu/scootbot/install/scootbot_sim/share/scootbot_sim/package.zsh'
[3.464s] Level 1:colcon.colcon_core.environment:create_file_with_runtime_dependencies(/home/ubuntu/scootbot/install/scootbot_sim/share/colcon-core/packages/scootbot_sim)
[3.586s] Level 1:colcon.colcon_core.environment:create_environment_scripts_only(scootbot_sim)
[3.606s] Level 1:colcon.colcon_core.environment:checking '/home/ubuntu/scootbot/install/scootbot_sim' for CMake module files
[3.609s] Level 1:colcon.colcon_core.environment:checking '/home/ubuntu/scootbot/install/scootbot_sim' for CMake config files
[3.611s] Level 1:colcon.colcon_core.shell:create_environment_hook('scootbot_sim', 'cmake_prefix_path')
[3.630s] INFO:colcon.colcon_core.shell:Creating environment hook '/home/ubuntu/scootbot/install/scootbot_sim/share/scootbot_sim/hook/cmake_prefix_path.ps1'
[3.632s] INFO:colcon.colcon_core.shell:Creating environment descriptor '/home/ubuntu/scootbot/install/scootbot_sim/share/scootbot_sim/hook/cmake_prefix_path.dsv'
[3.634s] INFO:colcon.colcon_core.shell:Creating environment hook '/home/ubuntu/scootbot/install/scootbot_sim/share/scootbot_sim/hook/cmake_prefix_path.sh'
[3.636s] Level 1:colcon.colcon_core.environment:checking '/home/ubuntu/scootbot/install/scootbot_sim/lib'
[3.636s] Level 1:colcon.colcon_core.environment:checking '/home/ubuntu/scootbot/install/scootbot_sim/bin'
[3.637s] Level 1:colcon.colcon_core.environment:checking '/home/ubuntu/scootbot/install/scootbot_sim/lib/pkgconfig/scootbot_sim.pc'
[3.637s] Level 1:colcon.colcon_core.environment:checking '/home/ubuntu/scootbot/install/scootbot_sim/lib/python3.8/site-packages'
[3.637s] Level 1:colcon.colcon_core.shell:create_environment_hook('scootbot_sim', 'pythonpath')
[3.656s] INFO:colcon.colcon_core.shell:Creating environment hook '/home/ubuntu/scootbot/install/scootbot_sim/share/scootbot_sim/hook/pythonpath.ps1'
[3.658s] INFO:colcon.colcon_core.shell:Creating environment descriptor '/home/ubuntu/scootbot/install/scootbot_sim/share/scootbot_sim/hook/pythonpath.dsv'
[3.659s] INFO:colcon.colcon_core.shell:Creating environment hook '/home/ubuntu/scootbot/install/scootbot_sim/share/scootbot_sim/hook/pythonpath.sh'
[3.680s] INFO:colcon.colcon_core.shell:Creating package script '/home/ubuntu/scootbot/install/scootbot_sim/share/scootbot_sim/package.ps1'
[3.682s] INFO:colcon.colcon_core.shell:Creating package descriptor '/home/ubuntu/scootbot/install/scootbot_sim/share/scootbot_sim/package.dsv'
[3.684s] INFO:colcon.colcon_core.shell:Creating package script '/home/ubuntu/scootbot/install/scootbot_sim/share/scootbot_sim/package.sh'
[3.686s] INFO:colcon.colcon_core.shell:Creating package script '/home/ubuntu/scootbot/install/scootbot_sim/share/scootbot_sim/package.bash'
[3.688s] INFO:colcon.colcon_core.shell:Creating package script '/home/ubuntu/scootbot/install/scootbot_sim/share/scootbot_sim/package.zsh'
[3.689s] Level 1:colcon.colcon_core.environment:create_file_with_runtime_dependencies(/home/ubuntu/scootbot/install/scootbot_sim/share/colcon-core/packages/scootbot_sim)
[3.691s] DEBUG:colcon.colcon_parallel_executor.executor.parallel:closing loop
[3.692s] DEBUG:colcon.colcon_parallel_executor.executor.parallel:loop closed
[3.692s] DEBUG:colcon.colcon_parallel_executor.executor.parallel:run_until_complete finished with '0'
[3.692s] DEBUG:colcon.colcon_core.event_reactor:joining thread
[3.727s] INFO:colcon.colcon_core.plugin_system:Skipping extension 'colcon_notification.desktop_notification.notify_send': Could not find 'notify-send'
[3.728s] INFO:colcon.colcon_core.plugin_system:Skipping extension 'colcon_notification.desktop_notification.terminal_notifier': Not used on non-Darwin systems
[3.728s] INFO:colcon.colcon_core.plugin_system:Skipping extension 'colcon_notification.desktop_notification.win32': Not used on non-Windows systems
[3.728s] INFO:colcon.colcon_notification.desktop_notification:Sending desktop notification using 'notify2'
[3.731s] DEBUG:colcon.colcon_notification.desktop_notification.notify2:Failed to initialize notify2: org.freedesktop.DBus.Error.ServiceUnknown: The name org.freedesktop.Notifications was not provided by any .service files
[3.731s] DEBUG:colcon.colcon_core.event_reactor:joined thread
[3.752s] INFO:colcon.colcon_core.shell:Creating prefix script '/home/ubuntu/scootbot/install/local_setup.ps1'
[3.755s] INFO:colcon.colcon_core.shell:Creating prefix util module '/home/ubuntu/scootbot/install/_local_setup_util_ps1.py'
[3.760s] INFO:colcon.colcon_core.shell:Creating prefix chain script '/home/ubuntu/scootbot/install/setup.ps1'
[3.779s] INFO:colcon.colcon_core.shell:Creating prefix script '/home/ubuntu/scootbot/install/local_setup.sh'
[3.781s] INFO:colcon.colcon_core.shell:Creating prefix util module '/home/ubuntu/scootbot/install/_local_setup_util_sh.py'
[3.783s] INFO:colcon.colcon_core.shell:Creating prefix chain script '/home/ubuntu/scootbot/install/setup.sh'
[3.802s] INFO:colcon.colcon_core.shell:Creating prefix script '/home/ubuntu/scootbot/install/local_setup.bash'
[3.803s] INFO:colcon.colcon_core.shell:Creating prefix chain script '/home/ubuntu/scootbot/install/setup.bash'
[3.822s] INFO:colcon.colcon_core.shell:Creating prefix script '/home/ubuntu/scootbot/install/local_setup.zsh'
[3.824s] INFO:colcon.colcon_core.shell:Creating prefix chain script '/home/ubuntu/scootbot/install/setup.zsh'
