[0.011s] Invoking command in '/home/ubuntu/scootbot/2.0.0/build/twist_mux': CMAKE_PREFIX_PATH=${CMAKE_PREFIX_PATH}:/home/ubuntu/scootbot/1.0.0/install/sabertooth:/home/ubuntu/scootbot/1.0.0/install/joy_cmd:/home/ubuntu/scootbot/1.0.0/install/differential_drive:/opt/ros/humble /usr/bin/cmake --build /home/ubuntu/scootbot/2.0.0/build/twist_mux -- -j20 -l20
[0.041s] [ 33%] Built target twist_marker
[0.041s] [100%] Built target twist_mux
[0.047s] Invoked command in '/home/ubuntu/scootbot/2.0.0/build/twist_mux' returned '0': CMAKE_PREFIX_PATH=${CMAKE_PREFIX_PATH}:/home/ubuntu/scootbot/1.0.0/install/sabertooth:/home/ubuntu/scootbot/1.0.0/install/joy_cmd:/home/ubuntu/scootbot/1.0.0/install/differential_drive:/opt/ros/humble /usr/bin/cmake --build /home/ubuntu/scootbot/2.0.0/build/twist_mux -- -j20 -l20
[0.069s] Invoking command in '/home/ubuntu/scootbot/2.0.0/build/twist_mux': CMAKE_PREFIX_PATH=${CMAKE_PREFIX_PATH}:/home/ubuntu/scootbot/1.0.0/install/sabertooth:/home/ubuntu/scootbot/1.0.0/install/joy_cmd:/home/ubuntu/scootbot/1.0.0/install/differential_drive:/opt/ros/humble /usr/bin/cmake --install /home/ubuntu/scootbot/2.0.0/build/twist_mux
[0.073s] -- Install configuration: ""
[0.074s] -- Execute custom install script
[0.074s] -- Up-to-date symlink: /home/ubuntu/scootbot/2.0.0/install/twist_mux/lib/twist_mux/twist_mux
[0.074s] -- Up-to-date symlink: /home/ubuntu/scootbot/2.0.0/install/twist_mux/lib/twist_mux/twist_marker
[0.074s] -- Up-to-date symlink: /home/ubuntu/scootbot/2.0.0/install/twist_mux/share/twist_mux/launch/twist_mux.launch
[0.074s] -- Up-to-date symlink: /home/ubuntu/scootbot/2.0.0/install/twist_mux/share/twist_mux/launch/twist_mux_launch.py
[0.074s] -- Up-to-date symlink: /home/ubuntu/scootbot/2.0.0/install/twist_mux/share/twist_mux/config/joystick.yaml
[0.074s] -- Up-to-date symlink: /home/ubuntu/scootbot/2.0.0/install/twist_mux/share/twist_mux/config/twist_mux_locks.yaml
[0.074s] -- Up-to-date symlink: /home/ubuntu/scootbot/2.0.0/install/twist_mux/share/twist_mux/config/twist_mux_topics.yaml
[0.075s] -- Up-to-date symlink: /home/ubuntu/scootbot/2.0.0/install/twist_mux/include/twist_mux/params_helpers.hpp
[0.075s] -- Up-to-date symlink: /home/ubuntu/scootbot/2.0.0/install/twist_mux/include/twist_mux/topic_handle.hpp
[0.075s] -- Up-to-date symlink: /home/ubuntu/scootbot/2.0.0/install/twist_mux/include/twist_mux/twist_mux.hpp
[0.075s] -- Up-to-date symlink: /home/ubuntu/scootbot/2.0.0/install/twist_mux/include/twist_mux/twist_mux_diagnostics.hpp
[0.075s] -- Up-to-date symlink: /home/ubuntu/scootbot/2.0.0/install/twist_mux/include/twist_mux/twist_mux_diagnostics_status.hpp
[0.075s] -- Up-to-date symlink: /home/ubuntu/scootbot/2.0.0/install/twist_mux/include/twist_mux/utils.hpp
[0.075s] -- Up-to-date symlink: /home/ubuntu/scootbot/2.0.0/install/twist_mux/share/ament_index/resource_index/package_run_dependencies/twist_mux
[0.075s] -- Up-to-date symlink: /home/ubuntu/scootbot/2.0.0/install/twist_mux/share/ament_index/resource_index/parent_prefix_path/twist_mux
[0.075s] -- Up-to-date symlink: /home/ubuntu/scootbot/2.0.0/install/twist_mux/share/twist_mux/environment/ament_prefix_path.sh
[0.076s] -- Up-to-date symlink: /home/ubuntu/scootbot/2.0.0/install/twist_mux/share/twist_mux/environment/ament_prefix_path.dsv
[0.076s] -- Up-to-date symlink: /home/ubuntu/scootbot/2.0.0/install/twist_mux/share/twist_mux/environment/path.sh
[0.076s] -- Up-to-date symlink: /home/ubuntu/scootbot/2.0.0/install/twist_mux/share/twist_mux/environment/path.dsv
[0.076s] -- Up-to-date symlink: /home/ubuntu/scootbot/2.0.0/install/twist_mux/share/twist_mux/local_setup.bash
[0.076s] -- Up-to-date symlink: /home/ubuntu/scootbot/2.0.0/install/twist_mux/share/twist_mux/local_setup.sh
[0.076s] -- Up-to-date symlink: /home/ubuntu/scootbot/2.0.0/install/twist_mux/share/twist_mux/local_setup.zsh
[0.076s] -- Up-to-date symlink: /home/ubuntu/scootbot/2.0.0/install/twist_mux/share/twist_mux/local_setup.dsv
[0.076s] -- Symlinking: /home/ubuntu/scootbot/2.0.0/install/twist_mux/share/twist_mux/package.dsv
[0.081s] -- Up-to-date symlink: /home/ubuntu/scootbot/2.0.0/install/twist_mux/share/ament_index/resource_index/packages/twist_mux
[0.081s] -- Up-to-date symlink: /home/ubuntu/scootbot/2.0.0/install/twist_mux/share/twist_mux/cmake/ament_cmake_export_include_directories-extras.cmake
[0.081s] -- Up-to-date symlink: /home/ubuntu/scootbot/2.0.0/install/twist_mux/share/twist_mux/cmake/ament_cmake_export_dependencies-extras.cmake
[0.082s] -- Up-to-date symlink: /home/ubuntu/scootbot/2.0.0/install/twist_mux/share/twist_mux/cmake/twist_muxConfig.cmake
[0.082s] -- Up-to-date symlink: /home/ubuntu/scootbot/2.0.0/install/twist_mux/share/twist_mux/cmake/twist_muxConfig-version.cmake
[0.082s] -- Up-to-date symlink: /home/ubuntu/scootbot/2.0.0/install/twist_mux/share/twist_mux/package.xml
[0.083s] Invoked command in '/home/ubuntu/scootbot/2.0.0/build/twist_mux' returned '0': CMAKE_PREFIX_PATH=${CMAKE_PREFIX_PATH}:/home/ubuntu/scootbot/1.0.0/install/sabertooth:/home/ubuntu/scootbot/1.0.0/install/joy_cmd:/home/ubuntu/scootbot/1.0.0/install/differential_drive:/opt/ros/humble /usr/bin/cmake --install /home/ubuntu/scootbot/2.0.0/build/twist_mux
