[0.008s] Invoking command in '/home/ubuntu/scootbot/2.0.0/build/scootbot': CMAKE_PREFIX_PATH=${CMAKE_PREFIX_PATH}:/home/ubuntu/scootbot/1.0.0/install/sabertooth:/home/ubuntu/scootbot/1.0.0/install/joy_cmd:/home/ubuntu/scootbot/1.0.0/install/differential_drive:/opt/ros/humble DEBUGINFOD_URLS=https://debuginfod.ubuntu.com /usr/bin/cmake --build /home/ubuntu/scootbot/2.0.0/build/scootbot -- -j20 -l20
[0.040s] -- Found ament_cmake: 1.3.3 (/opt/ros/humble/share/ament_cmake/cmake)
[0.146s] -- Override CMake install command with custom implementation using symlinks instead of copying resources
[0.167s] [31mCMake Error at CMakeLists.txt:25 (find_package):
[0.167s]   By not providing "Findament_lint_auto.cmake" in CMAKE_MODULE_PATH this
[0.167s]   project has asked CMake to find a package configuration file provided by
[0.167s]   "ament_lint_auto", but CMake did not find one.
[0.167s] 
[0.167s]   Could not find a package configuration file provided by "ament_lint_auto"
[0.167s]   with any of the following names:
[0.167s] 
[0.167s]     ament_lint_autoConfig.cmake
[0.167s]     ament_lint_auto-config.cmake
[0.167s] 
[0.167s]   Add the installation prefix of "ament_lint_auto" to CMAKE_PREFIX_PATH or
[0.167s]   set "ament_lint_auto_DIR" to a directory containing one of the above files.
[0.167s]   If "ament_lint_auto" provides a separate development package or SDK, be
[0.167s]   sure it has been installed.
[0.167s] 
[0.167s] [0m
[0.167s] -- Configuring incomplete, errors occurred!
[0.167s] See also "/home/ubuntu/scootbot/2.0.0/build/scootbot/CMakeFiles/CMakeOutput.log".
[0.169s] gmake: *** [Makefile:226: cmake_check_build_system] Error 1
[0.170s] Invoked command in '/home/ubuntu/scootbot/2.0.0/build/scootbot' returned '2': CMAKE_PREFIX_PATH=${CMAKE_PREFIX_PATH}:/home/ubuntu/scootbot/1.0.0/install/sabertooth:/home/ubuntu/scootbot/1.0.0/install/joy_cmd:/home/ubuntu/scootbot/1.0.0/install/differential_drive:/opt/ros/humble DEBUGINFOD_URLS=https://debuginfod.ubuntu.com /usr/bin/cmake --build /home/ubuntu/scootbot/2.0.0/build/scootbot -- -j20 -l20
