[0.104s] Invoking command in '/home/ubuntu/scootbot/build/scootbot_sim': CMAKE_PREFIX_PATH=${CMAKE_PREFIX_PATH}:/home/ubuntu/scootbot/install/scootbot_sim:/home/ubuntu/scootbot/install/sabertooth:/home/ubuntu/scootbot/install/joy_cmd:/home/ubuntu/scootbot/install/differential_drive:/opt/ros/foxy /usr/bin/cmake /home/ubuntu/scootbot/src/scootbot_sim -DCMAKE_INSTALL_PREFIX=/home/ubuntu/scootbot/install/scootbot_sim
[1.080s] -- The C compiler identification is GNU 9.4.0
[1.886s] -- The CXX compiler identification is GNU 9.4.0
[1.910s] -- Check for working C compiler: /usr/bin/cc
[2.201s] -- Check for working C compiler: /usr/bin/cc -- works
[2.209s] -- Detecting C compiler ABI info
[2.509s] -- Detecting C compiler ABI info - done
[2.548s] -- Detecting C compile features
[2.550s] -- Detecting C compile features - done
[2.563s] -- Check for working CXX compiler: /usr/bin/c++
[2.879s] -- Check for working CXX compiler: /usr/bin/c++ -- works
[2.883s] -- Detecting CXX compiler ABI info
[3.205s] -- Detecting CXX compiler ABI info - done
[3.242s] -- Detecting CXX compile features
[3.244s] -- Detecting CXX compile features - done
[3.274s] -- Found ament_cmake: 0.9.9 (/opt/ros/foxy/share/ament_cmake/cmake)
[3.429s] -- Found PythonInterp: /usr/bin/python3 (found suitable version "3.8.10", minimum required is "3") 
[3.430s] -- Using PYTHON_EXECUTABLE: /usr/bin/python3
[4.387s] -- Found ament_lint_auto: 0.9.6 (/opt/ros/foxy/share/ament_lint_auto/cmake)
[4.816s] -- Added test 'copyright' to check source files copyright and LICENSE
[4.831s] -- Added test 'flake8' to check Python code syntax and style conventions
[4.834s] -- Added test 'lint_cmake' to check CMake code style
[4.837s] -- Added test 'pep257' to check Python code against some of the style conventions in PEP 257
[4.845s] -- Added test 'xmllint' to check XML markup files
[4.857s] -- Configuring done
[4.866s] -- Generating done
[4.869s] -- Build files have been written to: /home/ubuntu/scootbot/build/scootbot_sim
[4.881s] Invoked command in '/home/ubuntu/scootbot/build/scootbot_sim' returned '0': CMAKE_PREFIX_PATH=${CMAKE_PREFIX_PATH}:/home/ubuntu/scootbot/install/scootbot_sim:/home/ubuntu/scootbot/install/sabertooth:/home/ubuntu/scootbot/install/joy_cmd:/home/ubuntu/scootbot/install/differential_drive:/opt/ros/foxy /usr/bin/cmake /home/ubuntu/scootbot/src/scootbot_sim -DCMAKE_INSTALL_PREFIX=/home/ubuntu/scootbot/install/scootbot_sim
[4.890s] Invoking command in '/home/ubuntu/scootbot/build/scootbot_sim': CMAKE_PREFIX_PATH=${CMAKE_PREFIX_PATH}:/home/ubuntu/scootbot/install/scootbot_sim:/home/ubuntu/scootbot/install/sabertooth:/home/ubuntu/scootbot/install/joy_cmd:/home/ubuntu/scootbot/install/differential_drive:/opt/ros/foxy /usr/bin/cmake --build /home/ubuntu/scootbot/build/scootbot_sim -- -j4 -l4
[5.043s] Invoked command in '/home/ubuntu/scootbot/build/scootbot_sim' returned '0': CMAKE_PREFIX_PATH=${CMAKE_PREFIX_PATH}:/home/ubuntu/scootbot/install/scootbot_sim:/home/ubuntu/scootbot/install/sabertooth:/home/ubuntu/scootbot/install/joy_cmd:/home/ubuntu/scootbot/install/differential_drive:/opt/ros/foxy /usr/bin/cmake --build /home/ubuntu/scootbot/build/scootbot_sim -- -j4 -l4
[5.192s] Invoking command in '/home/ubuntu/scootbot/build/scootbot_sim': CMAKE_PREFIX_PATH=${CMAKE_PREFIX_PATH}:/home/ubuntu/scootbot/install/scootbot_sim:/home/ubuntu/scootbot/install/sabertooth:/home/ubuntu/scootbot/install/joy_cmd:/home/ubuntu/scootbot/install/differential_drive:/opt/ros/foxy /usr/bin/cmake --install /home/ubuntu/scootbot/build/scootbot_sim
[5.227s] -- Install configuration: ""
[5.227s] CMake Error at cmake_install.cmake:41 (file):
[5.228s]   file INSTALL cannot find "/home/ubuntu/scootbot/src/scootbot_sim/src": No
[5.229s]   such file or directory.
[5.229s] 
[5.230s] 
[5.232s] Invoked command in '/home/ubuntu/scootbot/build/scootbot_sim' returned '1': CMAKE_PREFIX_PATH=${CMAKE_PREFIX_PATH}:/home/ubuntu/scootbot/install/scootbot_sim:/home/ubuntu/scootbot/install/sabertooth:/home/ubuntu/scootbot/install/joy_cmd:/home/ubuntu/scootbot/install/differential_drive:/opt/ros/foxy /usr/bin/cmake --install /home/ubuntu/scootbot/build/scootbot_sim
