[3.263s] Invoking command in '/home/ubuntu/scootbot/1.0.0/src/ros2_differential_drive': PYTHONPATH=/home/ubuntu/scootbot/build/differential_drive/prefix_override:/home/ubuntu/scootbot/install/differential_drive/lib/python3.10/site-packages:${PYTHONPATH} /usr/bin/python3 setup.py egg_info --egg-base ../../../build/differential_drive build --build-base /home/ubuntu/scootbot/build/differential_drive/build install --record /home/ubuntu/scootbot/build/differential_drive/install.log --install-scripts $base/lib/differential_drive --single-version-externally-managed
[4.212s] /usr/lib/python3/dist-packages/setuptools/dist.py:723: UserWarning: Usage of dash-separated 'script-dir' will not be supported in future versions. Please use the underscore name 'script_dir' instead
[4.213s]   warnings.warn(
[4.257s] running egg_info
[4.261s] writing ../../../build/differential_drive/differential_drive.egg-info/PKG-INFO
[4.262s] writing dependency_links to ../../../build/differential_drive/differential_drive.egg-info/dependency_links.txt
[4.263s] writing entry points to ../../../build/differential_drive/differential_drive.egg-info/entry_points.txt
[4.264s] writing requirements to ../../../build/differential_drive/differential_drive.egg-info/requires.txt
[4.265s] writing top-level names to ../../../build/differential_drive/differential_drive.egg-info/top_level.txt
[4.272s] reading manifest file '../../../build/differential_drive/differential_drive.egg-info/SOURCES.txt'
[4.273s] adding license file 'LICENSE'
[4.277s] writing manifest file '../../../build/differential_drive/differential_drive.egg-info/SOURCES.txt'
[4.278s] running build
[4.278s] running build_py
[4.282s] running install
[4.283s] /usr/lib/python3/dist-packages/setuptools/command/install.py:34: SetuptoolsDeprecationWarning: setup.py install is deprecated. Use build and pip and other standards-based tools.
[4.284s]   warnings.warn(
[4.285s] running install_lib
[4.291s] running install_data
[4.295s] running install_egg_info
[4.302s] removing '/home/ubuntu/scootbot/install/differential_drive/lib/python3.10/site-packages/differential_drive-0.1.0-py3.10.egg-info' (and everything under it)
[4.303s] Copying ../../../build/differential_drive/differential_drive.egg-info to /home/ubuntu/scootbot/install/differential_drive/lib/python3.10/site-packages/differential_drive-0.1.0-py3.10.egg-info
[4.307s] running install_scripts
[4.392s] Installing diff_tf script to /home/ubuntu/scootbot/install/differential_drive/lib/differential_drive
[4.393s] Installing phidgets_encoder script to /home/ubuntu/scootbot/install/differential_drive/lib/differential_drive
[4.394s] Installing pid script to /home/ubuntu/scootbot/install/differential_drive/lib/differential_drive
[4.394s] Installing pid_velocity script to /home/ubuntu/scootbot/install/differential_drive/lib/differential_drive
[4.395s] Installing twist_to_motors script to /home/ubuntu/scootbot/install/differential_drive/lib/differential_drive
[4.395s] Installing virtual_joystick script to /home/ubuntu/scootbot/install/differential_drive/lib/differential_drive
[4.396s] Installing wheel_loopback script to /home/ubuntu/scootbot/install/differential_drive/lib/differential_drive
[4.396s] Installing wheel_scaler script to /home/ubuntu/scootbot/install/differential_drive/lib/differential_drive
[4.398s] writing list of installed files to '/home/ubuntu/scootbot/build/differential_drive/install.log'
[4.473s] Invoked command in '/home/ubuntu/scootbot/1.0.0/src/ros2_differential_drive' returned '0': PYTHONPATH=/home/ubuntu/scootbot/build/differential_drive/prefix_override:/home/ubuntu/scootbot/install/differential_drive/lib/python3.10/site-packages:${PYTHONPATH} /usr/bin/python3 setup.py egg_info --egg-base ../../../build/differential_drive build --build-base /home/ubuntu/scootbot/build/differential_drive/build install --record /home/ubuntu/scootbot/build/differential_drive/install.log --install-scripts $base/lib/differential_drive --single-version-externally-managed
