[0.092s] DEBUG:colcon:Command line arguments: ['/usr/bin/colcon', 'build']
[0.092s] DEBUG:colcon:Parsed command line arguments: Namespace(allow_overriding=[], ament_cmake_args=None, base_paths=['.'], build_base='build', catkin_cmake_args=None, catkin_skip_building_tests=False, cmake_args=None, cmake_clean_cache=False, cmake_clean_first=False, cmake_force_configure=False, cmake_target=None, cmake_target_skip_unavailable=False, continue_on_error=False, event_handlers=None, executor='parallel', ignore_user_meta=False, install_base='install', log_base=None, log_level=None, main=<bound method BuildVerb.main of <colcon_core.verb.build.BuildVerb object at 0x7f3d1dc19ca0>>, merge_install=False, metas=['./colcon.meta'], packages_above=None, packages_above_and_dependencies=None, packages_above_depth=None, packages_end=None, packages_ignore=None, packages_ignore_regex=None, packages_select=None, packages_select_build_failed=False, packages_select_by_dep=None, packages_select_regex=None, packages_select_test_failures=False, packages_skip=None, packages_skip_build_finished=False, packages_skip_by_dep=None, packages_skip_regex=None, packages_skip_test_passed=False, packages_skip_up_to=None, packages_start=None, packages_up_to=None, packages_up_to_regex=None, parallel_workers=20, paths=None, symlink_install=False, test_result_base=None, verb_extension=<colcon_core.verb.build.BuildVerb object at 0x7f3d1dc19ca0>, verb_name='build', verb_parser=<colcon_defaults.argument_parser.defaults.DefaultArgumentsDecorator object at 0x7f3d1dc25250>)
[0.108s] Level 1:colcon.colcon_core.package_discovery:discover_packages(colcon_meta) check parameters
[0.108s] Level 1:colcon.colcon_core.package_discovery:discover_packages(recursive) check parameters
[0.108s] Level 1:colcon.colcon_core.package_discovery:discover_packages(ignore) check parameters
[0.108s] Level 1:colcon.colcon_core.package_discovery:discover_packages(path) check parameters
[0.108s] Level 1:colcon.colcon_core.package_discovery:discover_packages(colcon_meta) discover
[0.108s] Level 1:colcon.colcon_core.package_discovery:discover_packages(recursive) discover
[0.108s] INFO:colcon.colcon_core.package_discovery:Crawling recursively for packages in '/home/teknetik/scootbot'
[0.108s] Level 1:colcon.colcon_core.package_identification:_identify(.) by extensions ['ignore', 'ignore_ament_install']
[0.108s] Level 1:colcon.colcon_core.package_identification:_identify(.) by extension 'ignore'
[0.108s] Level 1:colcon.colcon_core.package_identification:_identify(.) by extension 'ignore_ament_install'
[0.108s] Level 1:colcon.colcon_core.package_identification:_identify(.) by extensions ['colcon_pkg']
[0.108s] Level 1:colcon.colcon_core.package_identification:_identify(.) by extension 'colcon_pkg'
[0.108s] Level 1:colcon.colcon_core.package_identification:_identify(.) by extensions ['colcon_meta']
[0.109s] Level 1:colcon.colcon_core.package_identification:_identify(.) by extension 'colcon_meta'
[0.109s] Level 1:colcon.colcon_core.package_identification:_identify(.) by extensions ['ros']
[0.109s] Level 1:colcon.colcon_core.package_identification:_identify(.) by extension 'ros'
[0.117s] Level 1:colcon.colcon_core.package_identification:_identify(.) by extensions ['cmake', 'python']
[0.117s] Level 1:colcon.colcon_core.package_identification:_identify(.) by extension 'cmake'
[0.117s] Level 1:colcon.colcon_core.package_identification:_identify(.) by extension 'python'
[0.117s] Level 1:colcon.colcon_core.package_identification:_identify(.) by extensions ['python_setup_py']
[0.117s] Level 1:colcon.colcon_core.package_identification:_identify(.) by extension 'python_setup_py'
[0.117s] Level 1:colcon.colcon_core.package_identification:_identify(api) by extensions ['ignore', 'ignore_ament_install']
[0.117s] Level 1:colcon.colcon_core.package_identification:_identify(api) by extension 'ignore'
[0.117s] Level 1:colcon.colcon_core.package_identification:_identify(api) by extension 'ignore_ament_install'
[0.117s] Level 1:colcon.colcon_core.package_identification:_identify(api) by extensions ['colcon_pkg']
[0.117s] Level 1:colcon.colcon_core.package_identification:_identify(api) by extension 'colcon_pkg'
[0.117s] Level 1:colcon.colcon_core.package_identification:_identify(api) by extensions ['colcon_meta']
[0.117s] Level 1:colcon.colcon_core.package_identification:_identify(api) by extension 'colcon_meta'
[0.117s] Level 1:colcon.colcon_core.package_identification:_identify(api) by extensions ['ros']
[0.117s] Level 1:colcon.colcon_core.package_identification:_identify(api) by extension 'ros'
[0.117s] Level 1:colcon.colcon_core.package_identification:_identify(api) by extensions ['cmake', 'python']
[0.117s] Level 1:colcon.colcon_core.package_identification:_identify(api) by extension 'cmake'
[0.117s] Level 1:colcon.colcon_core.package_identification:_identify(api) by extension 'python'
[0.117s] Level 1:colcon.colcon_core.package_identification:_identify(api) by extensions ['python_setup_py']
[0.117s] Level 1:colcon.colcon_core.package_identification:_identify(api) by extension 'python_setup_py'
[0.117s] Level 1:colcon.colcon_core.package_identification:_identify(api/__pycache__) by extensions ['ignore', 'ignore_ament_install']
[0.117s] Level 1:colcon.colcon_core.package_identification:_identify(api/__pycache__) by extension 'ignore'
[0.118s] Level 1:colcon.colcon_core.package_identification:_identify(api/__pycache__) by extension 'ignore_ament_install'
[0.118s] Level 1:colcon.colcon_core.package_identification:_identify(api/__pycache__) by extensions ['colcon_pkg']
[0.118s] Level 1:colcon.colcon_core.package_identification:_identify(api/__pycache__) by extension 'colcon_pkg'
[0.118s] Level 1:colcon.colcon_core.package_identification:_identify(api/__pycache__) by extensions ['colcon_meta']
[0.118s] Level 1:colcon.colcon_core.package_identification:_identify(api/__pycache__) by extension 'colcon_meta'
[0.118s] Level 1:colcon.colcon_core.package_identification:_identify(api/__pycache__) by extensions ['ros']
[0.118s] Level 1:colcon.colcon_core.package_identification:_identify(api/__pycache__) by extension 'ros'
[0.118s] Level 1:colcon.colcon_core.package_identification:_identify(api/__pycache__) by extensions ['cmake', 'python']
[0.118s] Level 1:colcon.colcon_core.package_identification:_identify(api/__pycache__) by extension 'cmake'
[0.118s] Level 1:colcon.colcon_core.package_identification:_identify(api/__pycache__) by extension 'python'
[0.118s] Level 1:colcon.colcon_core.package_identification:_identify(api/__pycache__) by extensions ['python_setup_py']
[0.118s] Level 1:colcon.colcon_core.package_identification:_identify(api/__pycache__) by extension 'python_setup_py'
[0.118s] Level 1:colcon.colcon_core.package_identification:_identify(build) by extensions ['ignore', 'ignore_ament_install']
[0.118s] Level 1:colcon.colcon_core.package_identification:_identify(build) by extension 'ignore'
[0.118s] Level 1:colcon.colcon_core.package_identification:_identify(build) ignored
[0.118s] Level 1:colcon.colcon_core.package_identification:_identify(config) by extensions ['ignore', 'ignore_ament_install']
[0.118s] Level 1:colcon.colcon_core.package_identification:_identify(config) by extension 'ignore'
[0.118s] Level 1:colcon.colcon_core.package_identification:_identify(config) by extension 'ignore_ament_install'
[0.118s] Level 1:colcon.colcon_core.package_identification:_identify(config) by extensions ['colcon_pkg']
[0.118s] Level 1:colcon.colcon_core.package_identification:_identify(config) by extension 'colcon_pkg'
[0.118s] Level 1:colcon.colcon_core.package_identification:_identify(config) by extensions ['colcon_meta']
[0.118s] Level 1:colcon.colcon_core.package_identification:_identify(config) by extension 'colcon_meta'
[0.118s] Level 1:colcon.colcon_core.package_identification:_identify(config) by extensions ['ros']
[0.118s] Level 1:colcon.colcon_core.package_identification:_identify(config) by extension 'ros'
[0.119s] Level 1:colcon.colcon_core.package_identification:_identify(config) by extensions ['cmake', 'python']
[0.119s] Level 1:colcon.colcon_core.package_identification:_identify(config) by extension 'cmake'
[0.119s] Level 1:colcon.colcon_core.package_identification:_identify(config) by extension 'python'
[0.119s] Level 1:colcon.colcon_core.package_identification:_identify(config) by extensions ['python_setup_py']
[0.119s] Level 1:colcon.colcon_core.package_identification:_identify(config) by extension 'python_setup_py'
[0.119s] Level 1:colcon.colcon_core.package_identification:_identify(install) by extensions ['ignore', 'ignore_ament_install']
[0.119s] Level 1:colcon.colcon_core.package_identification:_identify(install) by extension 'ignore'
[0.119s] Level 1:colcon.colcon_core.package_identification:_identify(install) ignored
[0.119s] Level 1:colcon.colcon_core.package_identification:_identify(launch) by extensions ['ignore', 'ignore_ament_install']
[0.119s] Level 1:colcon.colcon_core.package_identification:_identify(launch) by extension 'ignore'
[0.119s] Level 1:colcon.colcon_core.package_identification:_identify(launch) by extension 'ignore_ament_install'
[0.119s] Level 1:colcon.colcon_core.package_identification:_identify(launch) by extensions ['colcon_pkg']
[0.119s] Level 1:colcon.colcon_core.package_identification:_identify(launch) by extension 'colcon_pkg'
[0.119s] Level 1:colcon.colcon_core.package_identification:_identify(launch) by extensions ['colcon_meta']
[0.119s] Level 1:colcon.colcon_core.package_identification:_identify(launch) by extension 'colcon_meta'
[0.119s] Level 1:colcon.colcon_core.package_identification:_identify(launch) by extensions ['ros']
[0.119s] Level 1:colcon.colcon_core.package_identification:_identify(launch) by extension 'ros'
[0.119s] Level 1:colcon.colcon_core.package_identification:_identify(launch) by extensions ['cmake', 'python']
[0.119s] Level 1:colcon.colcon_core.package_identification:_identify(launch) by extension 'cmake'
[0.119s] Level 1:colcon.colcon_core.package_identification:_identify(launch) by extension 'python'
[0.119s] Level 1:colcon.colcon_core.package_identification:_identify(launch) by extensions ['python_setup_py']
[0.119s] Level 1:colcon.colcon_core.package_identification:_identify(launch) by extension 'python_setup_py'
[0.120s] Level 1:colcon.colcon_core.package_identification:_identify(log) by extensions ['ignore', 'ignore_ament_install']
[0.120s] Level 1:colcon.colcon_core.package_identification:_identify(log) by extension 'ignore'
[0.120s] Level 1:colcon.colcon_core.package_identification:_identify(log) ignored
[0.120s] Level 1:colcon.colcon_core.package_identification:_identify(scripts) by extensions ['ignore', 'ignore_ament_install']
[0.120s] Level 1:colcon.colcon_core.package_identification:_identify(scripts) by extension 'ignore'
[0.120s] Level 1:colcon.colcon_core.package_identification:_identify(scripts) by extension 'ignore_ament_install'
[0.120s] Level 1:colcon.colcon_core.package_identification:_identify(scripts) by extensions ['colcon_pkg']
[0.120s] Level 1:colcon.colcon_core.package_identification:_identify(scripts) by extension 'colcon_pkg'
[0.120s] Level 1:colcon.colcon_core.package_identification:_identify(scripts) by extensions ['colcon_meta']
[0.120s] Level 1:colcon.colcon_core.package_identification:_identify(scripts) by extension 'colcon_meta'
[0.120s] Level 1:colcon.colcon_core.package_identification:_identify(scripts) by extensions ['ros']
[0.120s] Level 1:colcon.colcon_core.package_identification:_identify(scripts) by extension 'ros'
[0.120s] Level 1:colcon.colcon_core.package_identification:_identify(scripts) by extensions ['cmake', 'python']
[0.120s] Level 1:colcon.colcon_core.package_identification:_identify(scripts) by extension 'cmake'
[0.120s] Level 1:colcon.colcon_core.package_identification:_identify(scripts) by extension 'python'
[0.120s] Level 1:colcon.colcon_core.package_identification:_identify(scripts) by extensions ['python_setup_py']
[0.120s] Level 1:colcon.colcon_core.package_identification:_identify(scripts) by extension 'python_setup_py'
[0.120s] Level 1:colcon.colcon_core.package_identification:_identify(scripts/motor) by extensions ['ignore', 'ignore_ament_install']
[0.120s] Level 1:colcon.colcon_core.package_identification:_identify(scripts/motor) by extension 'ignore'
[0.120s] Level 1:colcon.colcon_core.package_identification:_identify(scripts/motor) by extension 'ignore_ament_install'
[0.120s] Level 1:colcon.colcon_core.package_identification:_identify(scripts/motor) by extensions ['colcon_pkg']
[0.120s] Level 1:colcon.colcon_core.package_identification:_identify(scripts/motor) by extension 'colcon_pkg'
[0.120s] Level 1:colcon.colcon_core.package_identification:_identify(scripts/motor) by extensions ['colcon_meta']
[0.121s] Level 1:colcon.colcon_core.package_identification:_identify(scripts/motor) by extension 'colcon_meta'
[0.121s] Level 1:colcon.colcon_core.package_identification:_identify(scripts/motor) by extensions ['ros']
[0.121s] Level 1:colcon.colcon_core.package_identification:_identify(scripts/motor) by extension 'ros'
[0.121s] Level 1:colcon.colcon_core.package_identification:_identify(scripts/motor) by extensions ['cmake', 'python']
[0.121s] Level 1:colcon.colcon_core.package_identification:_identify(scripts/motor) by extension 'cmake'
[0.121s] Level 1:colcon.colcon_core.package_identification:_identify(scripts/motor) by extension 'python'
[0.121s] Level 1:colcon.colcon_core.package_identification:_identify(scripts/motor) by extensions ['python_setup_py']
[0.121s] Level 1:colcon.colcon_core.package_identification:_identify(scripts/motor) by extension 'python_setup_py'
[0.121s] Level 1:colcon.colcon_core.package_identification:_identify(scripts/ws) by extensions ['ignore', 'ignore_ament_install']
[0.121s] Level 1:colcon.colcon_core.package_identification:_identify(scripts/ws) by extension 'ignore'
[0.121s] Level 1:colcon.colcon_core.package_identification:_identify(scripts/ws) by extension 'ignore_ament_install'
[0.121s] Level 1:colcon.colcon_core.package_identification:_identify(scripts/ws) by extensions ['colcon_pkg']
[0.121s] Level 1:colcon.colcon_core.package_identification:_identify(scripts/ws) by extension 'colcon_pkg'
[0.121s] Level 1:colcon.colcon_core.package_identification:_identify(scripts/ws) by extensions ['colcon_meta']
[0.121s] Level 1:colcon.colcon_core.package_identification:_identify(scripts/ws) by extension 'colcon_meta'
[0.121s] Level 1:colcon.colcon_core.package_identification:_identify(scripts/ws) by extensions ['ros']
[0.121s] Level 1:colcon.colcon_core.package_identification:_identify(scripts/ws) by extension 'ros'
[0.121s] Level 1:colcon.colcon_core.package_identification:_identify(scripts/ws) by extensions ['cmake', 'python']
[0.121s] Level 1:colcon.colcon_core.package_identification:_identify(scripts/ws) by extension 'cmake'
[0.121s] Level 1:colcon.colcon_core.package_identification:_identify(scripts/ws) by extension 'python'
[0.121s] Level 1:colcon.colcon_core.package_identification:_identify(scripts/ws) by extensions ['python_setup_py']
[0.121s] Level 1:colcon.colcon_core.package_identification:_identify(scripts/ws) by extension 'python_setup_py'
[0.122s] Level 1:colcon.colcon_core.package_identification:_identify(src) by extensions ['ignore', 'ignore_ament_install']
[0.122s] Level 1:colcon.colcon_core.package_identification:_identify(src) by extension 'ignore'
[0.122s] Level 1:colcon.colcon_core.package_identification:_identify(src) by extension 'ignore_ament_install'
[0.122s] Level 1:colcon.colcon_core.package_identification:_identify(src) by extensions ['colcon_pkg']
[0.122s] Level 1:colcon.colcon_core.package_identification:_identify(src) by extension 'colcon_pkg'
[0.122s] Level 1:colcon.colcon_core.package_identification:_identify(src) by extensions ['colcon_meta']
[0.122s] Level 1:colcon.colcon_core.package_identification:_identify(src) by extension 'colcon_meta'
[0.122s] Level 1:colcon.colcon_core.package_identification:_identify(src) by extensions ['ros']
[0.122s] Level 1:colcon.colcon_core.package_identification:_identify(src) by extension 'ros'
[0.122s] Level 1:colcon.colcon_core.package_identification:_identify(src) by extensions ['cmake', 'python']
[0.122s] Level 1:colcon.colcon_core.package_identification:_identify(src) by extension 'cmake'
[0.122s] Level 1:colcon.colcon_core.package_identification:_identify(src) by extension 'python'
[0.122s] Level 1:colcon.colcon_core.package_identification:_identify(src) by extensions ['python_setup_py']
[0.122s] Level 1:colcon.colcon_core.package_identification:_identify(src) by extension 'python_setup_py'
[0.122s] Level 1:colcon.colcon_core.package_identification:_identify(src/rf2o_laser_odometry) by extensions ['ignore', 'ignore_ament_install']
[0.122s] Level 1:colcon.colcon_core.package_identification:_identify(src/rf2o_laser_odometry) by extension 'ignore'
[0.122s] Level 1:colcon.colcon_core.package_identification:_identify(src/rf2o_laser_odometry) by extension 'ignore_ament_install'
[0.122s] Level 1:colcon.colcon_core.package_identification:_identify(src/rf2o_laser_odometry) by extensions ['colcon_pkg']
[0.122s] Level 1:colcon.colcon_core.package_identification:_identify(src/rf2o_laser_odometry) by extension 'colcon_pkg'
[0.122s] Level 1:colcon.colcon_core.package_identification:_identify(src/rf2o_laser_odometry) by extensions ['colcon_meta']
[0.122s] Level 1:colcon.colcon_core.package_identification:_identify(src/rf2o_laser_odometry) by extension 'colcon_meta'
[0.122s] Level 1:colcon.colcon_core.package_identification:_identify(src/rf2o_laser_odometry) by extensions ['ros']
[0.122s] Level 1:colcon.colcon_core.package_identification:_identify(src/rf2o_laser_odometry) by extension 'ros'
[0.124s] DEBUG:colcon.colcon_core.package_identification:Package 'src/rf2o_laser_odometry' with type 'ros.ament_cmake' and name 'rf2o_laser_odometry'
[0.125s] Level 1:colcon.colcon_core.package_identification:_identify(src/ros2_differential_drive) by extensions ['ignore', 'ignore_ament_install']
[0.125s] Level 1:colcon.colcon_core.package_identification:_identify(src/ros2_differential_drive) by extension 'ignore'
[0.125s] Level 1:colcon.colcon_core.package_identification:_identify(src/ros2_differential_drive) by extension 'ignore_ament_install'
[0.125s] Level 1:colcon.colcon_core.package_identification:_identify(src/ros2_differential_drive) by extensions ['colcon_pkg']
[0.125s] Level 1:colcon.colcon_core.package_identification:_identify(src/ros2_differential_drive) by extension 'colcon_pkg'
[0.125s] Level 1:colcon.colcon_core.package_identification:_identify(src/ros2_differential_drive) by extensions ['colcon_meta']
[0.125s] Level 1:colcon.colcon_core.package_identification:_identify(src/ros2_differential_drive) by extension 'colcon_meta'
[0.125s] Level 1:colcon.colcon_core.package_identification:_identify(src/ros2_differential_drive) by extensions ['ros']
[0.125s] Level 1:colcon.colcon_core.package_identification:_identify(src/ros2_differential_drive) by extension 'ros'
[0.126s] DEBUG:colcon.colcon_core.package_identification:Package 'src/ros2_differential_drive' with type 'ros.ament_python' and name 'differential_drive'
[0.126s] Level 1:colcon.colcon_core.package_identification:_identify(src/sabertooth) by extensions ['ignore', 'ignore_ament_install']
[0.126s] Level 1:colcon.colcon_core.package_identification:_identify(src/sabertooth) by extension 'ignore'
[0.126s] Level 1:colcon.colcon_core.package_identification:_identify(src/sabertooth) by extension 'ignore_ament_install'
[0.126s] Level 1:colcon.colcon_core.package_identification:_identify(src/sabertooth) by extensions ['colcon_pkg']
[0.126s] Level 1:colcon.colcon_core.package_identification:_identify(src/sabertooth) by extension 'colcon_pkg'
[0.126s] Level 1:colcon.colcon_core.package_identification:_identify(src/sabertooth) by extensions ['colcon_meta']
[0.126s] Level 1:colcon.colcon_core.package_identification:_identify(src/sabertooth) by extension 'colcon_meta'
[0.126s] Level 1:colcon.colcon_core.package_identification:_identify(src/sabertooth) by extensions ['ros']
[0.126s] Level 1:colcon.colcon_core.package_identification:_identify(src/sabertooth) by extension 'ros'
[0.127s] DEBUG:colcon.colcon_core.package_identification:Package 'src/sabertooth' with type 'ros.ament_python' and name 'sabertooth'
[0.127s] Level 1:colcon.colcon_core.package_identification:_identify(src/scootbot_description) by extensions ['ignore', 'ignore_ament_install']
[0.127s] Level 1:colcon.colcon_core.package_identification:_identify(src/scootbot_description) by extension 'ignore'
[0.127s] Level 1:colcon.colcon_core.package_identification:_identify(src/scootbot_description) by extension 'ignore_ament_install'
[0.127s] Level 1:colcon.colcon_core.package_identification:_identify(src/scootbot_description) by extensions ['colcon_pkg']
[0.127s] Level 1:colcon.colcon_core.package_identification:_identify(src/scootbot_description) by extension 'colcon_pkg'
[0.127s] Level 1:colcon.colcon_core.package_identification:_identify(src/scootbot_description) by extensions ['colcon_meta']
[0.127s] Level 1:colcon.colcon_core.package_identification:_identify(src/scootbot_description) by extension 'colcon_meta'
[0.127s] Level 1:colcon.colcon_core.package_identification:_identify(src/scootbot_description) by extensions ['ros']
[0.127s] Level 1:colcon.colcon_core.package_identification:_identify(src/scootbot_description) by extension 'ros'
[0.127s] DEBUG:colcon.colcon_core.package_identification:Package 'src/scootbot_description' with type 'ros.ament_cmake' and name 'scootbot_description'
[0.128s] Level 1:colcon.colcon_core.package_identification:_identify(webui) by extensions ['ignore', 'ignore_ament_install']
[0.128s] Level 1:colcon.colcon_core.package_identification:_identify(webui) by extension 'ignore'
[0.128s] Level 1:colcon.colcon_core.package_identification:_identify(webui) by extension 'ignore_ament_install'
[0.128s] Level 1:colcon.colcon_core.package_identification:_identify(webui) by extensions ['colcon_pkg']
[0.128s] Level 1:colcon.colcon_core.package_identification:_identify(webui) by extension 'colcon_pkg'
[0.128s] Level 1:colcon.colcon_core.package_identification:_identify(webui) by extensions ['colcon_meta']
[0.128s] Level 1:colcon.colcon_core.package_identification:_identify(webui) by extension 'colcon_meta'
[0.128s] Level 1:colcon.colcon_core.package_identification:_identify(webui) by extensions ['ros']
[0.128s] Level 1:colcon.colcon_core.package_identification:_identify(webui) by extension 'ros'
[0.128s] Level 1:colcon.colcon_core.package_identification:_identify(webui) by extensions ['cmake', 'python']
[0.128s] Level 1:colcon.colcon_core.package_identification:_identify(webui) by extension 'cmake'
[0.128s] Level 1:colcon.colcon_core.package_identification:_identify(webui) by extension 'python'
[0.128s] Level 1:colcon.colcon_core.package_identification:_identify(webui) by extensions ['python_setup_py']
[0.128s] Level 1:colcon.colcon_core.package_identification:_identify(webui) by extension 'python_setup_py'
[0.128s] Level 1:colcon.colcon_core.package_discovery:discover_packages(recursive) using defaults
[0.128s] Level 1:colcon.colcon_core.package_discovery:discover_packages(ignore) discover
[0.128s] Level 1:colcon.colcon_core.package_discovery:discover_packages(ignore) using defaults
[0.128s] Level 1:colcon.colcon_core.package_discovery:discover_packages(path) discover
[0.128s] Level 1:colcon.colcon_core.package_discovery:discover_packages(path) using defaults
[0.141s] Level 1:colcon.colcon_core.package_discovery:discover_packages(prefix_path) check parameters
[0.141s] Level 1:colcon.colcon_core.package_discovery:discover_packages(prefix_path) discover
[0.143s] DEBUG:colcon.colcon_installed_package_information.package_discovery:Found 4 installed packages in /home/teknetik/scootbot/install
[0.144s] DEBUG:colcon.colcon_installed_package_information.package_discovery:Found 319 installed packages in /opt/ros/foxy
[0.145s] Level 1:colcon.colcon_core.package_discovery:discover_packages(prefix_path) using defaults
[0.212s] Level 5:colcon.colcon_core.verb:set package 'differential_drive' build argument 'cmake_args' from command line to 'None'
[0.212s] Level 5:colcon.colcon_core.verb:set package 'differential_drive' build argument 'cmake_target' from command line to 'None'
[0.212s] Level 5:colcon.colcon_core.verb:set package 'differential_drive' build argument 'cmake_target_skip_unavailable' from command line to 'False'
[0.212s] Level 5:colcon.colcon_core.verb:set package 'differential_drive' build argument 'cmake_clean_cache' from command line to 'False'
[0.212s] Level 5:colcon.colcon_core.verb:set package 'differential_drive' build argument 'cmake_clean_first' from command line to 'False'
[0.212s] Level 5:colcon.colcon_core.verb:set package 'differential_drive' build argument 'cmake_force_configure' from command line to 'False'
[0.212s] Level 5:colcon.colcon_core.verb:set package 'differential_drive' build argument 'ament_cmake_args' from command line to 'None'
[0.212s] Level 5:colcon.colcon_core.verb:set package 'differential_drive' build argument 'catkin_cmake_args' from command line to 'None'
[0.212s] Level 5:colcon.colcon_core.verb:set package 'differential_drive' build argument 'catkin_skip_building_tests' from command line to 'False'
[0.212s] DEBUG:colcon.colcon_core.verb:Building package 'differential_drive' with the following arguments: {'ament_cmake_args': None, 'build_base': '/home/teknetik/scootbot/build/differential_drive', 'catkin_cmake_args': None, 'catkin_skip_building_tests': False, 'cmake_args': None, 'cmake_clean_cache': False, 'cmake_clean_first': False, 'cmake_force_configure': False, 'cmake_target': None, 'cmake_target_skip_unavailable': False, 'install_base': '/home/teknetik/scootbot/install/differential_drive', 'merge_install': False, 'path': '/home/teknetik/scootbot/src/ros2_differential_drive', 'symlink_install': False, 'test_result_base': None}
[0.213s] Level 5:colcon.colcon_core.verb:set package 'rf2o_laser_odometry' build argument 'cmake_args' from command line to 'None'
[0.213s] Level 5:colcon.colcon_core.verb:set package 'rf2o_laser_odometry' build argument 'cmake_target' from command line to 'None'
[0.213s] Level 5:colcon.colcon_core.verb:set package 'rf2o_laser_odometry' build argument 'cmake_target_skip_unavailable' from command line to 'False'
[0.213s] Level 5:colcon.colcon_core.verb:set package 'rf2o_laser_odometry' build argument 'cmake_clean_cache' from command line to 'False'
[0.213s] Level 5:colcon.colcon_core.verb:set package 'rf2o_laser_odometry' build argument 'cmake_clean_first' from command line to 'False'
[0.213s] Level 5:colcon.colcon_core.verb:set package 'rf2o_laser_odometry' build argument 'cmake_force_configure' from command line to 'False'
[0.213s] Level 5:colcon.colcon_core.verb:set package 'rf2o_laser_odometry' build argument 'ament_cmake_args' from command line to 'None'
[0.213s] Level 5:colcon.colcon_core.verb:set package 'rf2o_laser_odometry' build argument 'catkin_cmake_args' from command line to 'None'
[0.213s] Level 5:colcon.colcon_core.verb:set package 'rf2o_laser_odometry' build argument 'catkin_skip_building_tests' from command line to 'False'
[0.213s] DEBUG:colcon.colcon_core.verb:Building package 'rf2o_laser_odometry' with the following arguments: {'ament_cmake_args': None, 'build_base': '/home/teknetik/scootbot/build/rf2o_laser_odometry', 'catkin_cmake_args': None, 'catkin_skip_building_tests': False, 'cmake_args': None, 'cmake_clean_cache': False, 'cmake_clean_first': False, 'cmake_force_configure': False, 'cmake_target': None, 'cmake_target_skip_unavailable': False, 'install_base': '/home/teknetik/scootbot/install/rf2o_laser_odometry', 'merge_install': False, 'path': '/home/teknetik/scootbot/src/rf2o_laser_odometry', 'symlink_install': False, 'test_result_base': None}
[0.214s] Level 5:colcon.colcon_core.verb:set package 'sabertooth' build argument 'cmake_args' from command line to 'None'
[0.214s] Level 5:colcon.colcon_core.verb:set package 'sabertooth' build argument 'cmake_target' from command line to 'None'
[0.214s] Level 5:colcon.colcon_core.verb:set package 'sabertooth' build argument 'cmake_target_skip_unavailable' from command line to 'False'
[0.214s] Level 5:colcon.colcon_core.verb:set package 'sabertooth' build argument 'cmake_clean_cache' from command line to 'False'
[0.214s] Level 5:colcon.colcon_core.verb:set package 'sabertooth' build argument 'cmake_clean_first' from command line to 'False'
[0.214s] Level 5:colcon.colcon_core.verb:set package 'sabertooth' build argument 'cmake_force_configure' from command line to 'False'
[0.214s] Level 5:colcon.colcon_core.verb:set package 'sabertooth' build argument 'ament_cmake_args' from command line to 'None'
[0.214s] Level 5:colcon.colcon_core.verb:set package 'sabertooth' build argument 'catkin_cmake_args' from command line to 'None'
[0.214s] Level 5:colcon.colcon_core.verb:set package 'sabertooth' build argument 'catkin_skip_building_tests' from command line to 'False'
[0.214s] DEBUG:colcon.colcon_core.verb:Building package 'sabertooth' with the following arguments: {'ament_cmake_args': None, 'build_base': '/home/teknetik/scootbot/build/sabertooth', 'catkin_cmake_args': None, 'catkin_skip_building_tests': False, 'cmake_args': None, 'cmake_clean_cache': False, 'cmake_clean_first': False, 'cmake_force_configure': False, 'cmake_target': None, 'cmake_target_skip_unavailable': False, 'install_base': '/home/teknetik/scootbot/install/sabertooth', 'merge_install': False, 'path': '/home/teknetik/scootbot/src/sabertooth', 'symlink_install': False, 'test_result_base': None}
[0.214s] Level 5:colcon.colcon_core.verb:set package 'scootbot_description' build argument 'cmake_args' from command line to 'None'
[0.214s] Level 5:colcon.colcon_core.verb:set package 'scootbot_description' build argument 'cmake_target' from command line to 'None'
[0.214s] Level 5:colcon.colcon_core.verb:set package 'scootbot_description' build argument 'cmake_target_skip_unavailable' from command line to 'False'
[0.214s] Level 5:colcon.colcon_core.verb:set package 'scootbot_description' build argument 'cmake_clean_cache' from command line to 'False'
[0.214s] Level 5:colcon.colcon_core.verb:set package 'scootbot_description' build argument 'cmake_clean_first' from command line to 'False'
[0.214s] Level 5:colcon.colcon_core.verb:set package 'scootbot_description' build argument 'cmake_force_configure' from command line to 'False'
[0.214s] Level 5:colcon.colcon_core.verb:set package 'scootbot_description' build argument 'ament_cmake_args' from command line to 'None'
[0.214s] Level 5:colcon.colcon_core.verb:set package 'scootbot_description' build argument 'catkin_cmake_args' from command line to 'None'
[0.214s] Level 5:colcon.colcon_core.verb:set package 'scootbot_description' build argument 'catkin_skip_building_tests' from command line to 'False'
[0.214s] DEBUG:colcon.colcon_core.verb:Building package 'scootbot_description' with the following arguments: {'ament_cmake_args': None, 'build_base': '/home/teknetik/scootbot/build/scootbot_description', 'catkin_cmake_args': None, 'catkin_skip_building_tests': False, 'cmake_args': None, 'cmake_clean_cache': False, 'cmake_clean_first': False, 'cmake_force_configure': False, 'cmake_target': None, 'cmake_target_skip_unavailable': False, 'install_base': '/home/teknetik/scootbot/install/scootbot_description', 'merge_install': False, 'path': '/home/teknetik/scootbot/src/scootbot_description', 'symlink_install': False, 'test_result_base': None}
[0.215s] INFO:colcon.colcon_core.executor:Executing jobs using 'parallel' executor
[0.216s] DEBUG:colcon.colcon_parallel_executor.executor.parallel:run_until_complete
[0.216s] INFO:colcon.colcon_ros.task.ament_python.build:Building ROS package in '/home/teknetik/scootbot/src/ros2_differential_drive' with build type 'ament_python'
[0.216s] Level 1:colcon.colcon_core.shell:create_environment_hook('differential_drive', 'ament_prefix_path')
[0.219s] INFO:colcon.colcon_core.plugin_system:Skipping extension 'colcon_core.shell.bat': Not used on non-Windows systems
[0.219s] INFO:colcon.colcon_core.shell:Creating environment hook '/home/teknetik/scootbot/install/differential_drive/share/differential_drive/hook/ament_prefix_path.ps1'
[0.219s] INFO:colcon.colcon_core.shell:Creating environment descriptor '/home/teknetik/scootbot/install/differential_drive/share/differential_drive/hook/ament_prefix_path.dsv'
[0.219s] INFO:colcon.colcon_core.shell:Creating environment hook '/home/teknetik/scootbot/install/differential_drive/share/differential_drive/hook/ament_prefix_path.sh'
[0.220s] INFO:colcon.colcon_core.shell:Skip shell extension 'powershell' for command environment: Not usable outside of PowerShell
[0.220s] DEBUG:colcon.colcon_core.shell:Skip shell extension 'dsv' for command environment
[0.223s] INFO:colcon.colcon_ros.task.ament_cmake.build:Building ROS package in '/home/teknetik/scootbot/src/rf2o_laser_odometry' with build type 'ament_cmake'
[0.224s] INFO:colcon.colcon_cmake.task.cmake.build:Building CMake package in '/home/teknetik/scootbot/src/rf2o_laser_odometry'
[0.224s] INFO:colcon.colcon_core.shell:Skip shell extension 'powershell' for command environment: Not usable outside of PowerShell
[0.224s] DEBUG:colcon.colcon_core.shell:Skip shell extension 'dsv' for command environment
[0.227s] INFO:colcon.colcon_ros.task.ament_python.build:Building ROS package in '/home/teknetik/scootbot/src/sabertooth' with build type 'ament_python'
[0.227s] Level 1:colcon.colcon_core.shell:create_environment_hook('sabertooth', 'ament_prefix_path')
[0.228s] INFO:colcon.colcon_core.shell:Creating environment hook '/home/teknetik/scootbot/install/sabertooth/share/sabertooth/hook/ament_prefix_path.ps1'
[0.228s] INFO:colcon.colcon_core.shell:Creating environment descriptor '/home/teknetik/scootbot/install/sabertooth/share/sabertooth/hook/ament_prefix_path.dsv'
[0.228s] INFO:colcon.colcon_core.shell:Creating environment hook '/home/teknetik/scootbot/install/sabertooth/share/sabertooth/hook/ament_prefix_path.sh'
[0.229s] INFO:colcon.colcon_core.shell:Skip shell extension 'powershell' for command environment: Not usable outside of PowerShell
[0.229s] DEBUG:colcon.colcon_core.shell:Skip shell extension 'dsv' for command environment
[0.232s] INFO:colcon.colcon_ros.task.ament_cmake.build:Building ROS package in '/home/teknetik/scootbot/src/scootbot_description' with build type 'ament_cmake'
[0.232s] INFO:colcon.colcon_cmake.task.cmake.build:Building CMake package in '/home/teknetik/scootbot/src/scootbot_description'
[0.233s] INFO:colcon.colcon_core.shell:Skip shell extension 'powershell' for command environment: Not usable outside of PowerShell
[0.233s] DEBUG:colcon.colcon_core.shell:Skip shell extension 'dsv' for command environment
[0.393s] WARNING:colcon.colcon_ros.task.ament_python.build:Package 'differential_drive' doesn't explicitly install a marker in the package index (colcon-ros currently does it implicitly but that fallback will be removed in the future)
[0.393s] WARNING:colcon.colcon_ros.task.ament_python.build:Package 'differential_drive' doesn't explicitly install the 'package.xml' file (colcon-ros currently does it implicitly but that fallback will be removed in the future)
[0.394s] INFO:colcon.colcon_core.task.python.build:Building Python package in '/home/teknetik/scootbot/src/ros2_differential_drive'
[0.394s] INFO:colcon.colcon_core.shell:Skip shell extension 'powershell' for command environment: Not usable outside of PowerShell
[0.394s] DEBUG:colcon.colcon_core.shell:Skip shell extension 'dsv' for command environment
[0.401s] DEBUG:colcon.colcon_core.event_handler.log_command:Invoking command in '/home/teknetik/scootbot/build/rf2o_laser_odometry': CMAKE_PREFIX_PATH=${CMAKE_PREFIX_PATH}:/home/teknetik/scootbot/install/sabertooth:/home/teknetik/scootbot/install/differential_drive:/opt/ros/foxy /usr/bin/cmake --build /home/teknetik/scootbot/build/rf2o_laser_odometry -- -j20 -l20
[0.565s] INFO:colcon.colcon_core.task.python.build:Building Python package in '/home/teknetik/scootbot/src/sabertooth'
[0.566s] INFO:colcon.colcon_core.shell:Skip shell extension 'powershell' for command environment: Not usable outside of PowerShell
[0.566s] DEBUG:colcon.colcon_core.shell:Skip shell extension 'dsv' for command environment
[0.574s] DEBUG:colcon.colcon_core.event_handler.log_command:Invoking command in '/home/teknetik/scootbot/build/scootbot_description': CMAKE_PREFIX_PATH=${CMAKE_PREFIX_PATH}:/home/teknetik/scootbot/install/sabertooth:/home/teknetik/scootbot/install/differential_drive:/opt/ros/foxy /usr/bin/cmake --build /home/teknetik/scootbot/build/scootbot_description -- -j20 -l20
[0.575s] DEBUG:colcon.colcon_core.event_handler.log_command:Invoked command in '/home/teknetik/scootbot/build/rf2o_laser_odometry' returned '0': CMAKE_PREFIX_PATH=${CMAKE_PREFIX_PATH}:/home/teknetik/scootbot/install/sabertooth:/home/teknetik/scootbot/install/differential_drive:/opt/ros/foxy /usr/bin/cmake --build /home/teknetik/scootbot/build/rf2o_laser_odometry -- -j20 -l20
[0.598s] DEBUG:colcon.colcon_core.event_handler.log_command:Invoking command in '/home/teknetik/scootbot/build/rf2o_laser_odometry': CMAKE_PREFIX_PATH=${CMAKE_PREFIX_PATH}:/home/teknetik/scootbot/install/sabertooth:/home/teknetik/scootbot/install/differential_drive:/opt/ros/foxy /usr/bin/cmake --install /home/teknetik/scootbot/build/rf2o_laser_odometry
[0.599s] DEBUG:colcon.colcon_core.event_handler.log_command:Invoked command in '/home/teknetik/scootbot/build/scootbot_description' returned '0': CMAKE_PREFIX_PATH=${CMAKE_PREFIX_PATH}:/home/teknetik/scootbot/install/sabertooth:/home/teknetik/scootbot/install/differential_drive:/opt/ros/foxy /usr/bin/cmake --build /home/teknetik/scootbot/build/scootbot_description -- -j20 -l20
[0.605s] Level 1:colcon.colcon_core.environment:create_environment_scripts_only(rf2o_laser_odometry)
[0.606s] DEBUG:colcon.colcon_core.event_handler.log_command:Invoked command in '/home/teknetik/scootbot/build/rf2o_laser_odometry' returned '0': CMAKE_PREFIX_PATH=${CMAKE_PREFIX_PATH}:/home/teknetik/scootbot/install/sabertooth:/home/teknetik/scootbot/install/differential_drive:/opt/ros/foxy /usr/bin/cmake --install /home/teknetik/scootbot/build/rf2o_laser_odometry
[0.608s] Level 1:colcon.colcon_core.environment:checking '/home/teknetik/scootbot/install/rf2o_laser_odometry' for CMake module files
[0.609s] Level 1:colcon.colcon_core.environment:checking '/home/teknetik/scootbot/install/rf2o_laser_odometry' for CMake config files
[0.609s] Level 1:colcon.colcon_core.shell:create_environment_hook('rf2o_laser_odometry', 'cmake_prefix_path')
[0.609s] INFO:colcon.colcon_core.shell:Creating environment hook '/home/teknetik/scootbot/install/rf2o_laser_odometry/share/rf2o_laser_odometry/hook/cmake_prefix_path.ps1'
[0.610s] INFO:colcon.colcon_core.shell:Creating environment descriptor '/home/teknetik/scootbot/install/rf2o_laser_odometry/share/rf2o_laser_odometry/hook/cmake_prefix_path.dsv'
[0.610s] INFO:colcon.colcon_core.shell:Creating environment hook '/home/teknetik/scootbot/install/rf2o_laser_odometry/share/rf2o_laser_odometry/hook/cmake_prefix_path.sh'
[0.610s] Level 1:colcon.colcon_core.environment:checking '/home/teknetik/scootbot/install/rf2o_laser_odometry/lib'
[0.611s] Level 1:colcon.colcon_core.environment:checking '/home/teknetik/scootbot/install/rf2o_laser_odometry/bin'
[0.611s] Level 1:colcon.colcon_core.environment:checking '/home/teknetik/scootbot/install/rf2o_laser_odometry/lib/pkgconfig/rf2o_laser_odometry.pc'
[0.611s] Level 1:colcon.colcon_core.environment:checking '/home/teknetik/scootbot/install/rf2o_laser_odometry/lib/python3.8/site-packages'
[0.611s] Level 1:colcon.colcon_core.environment:checking '/home/teknetik/scootbot/install/rf2o_laser_odometry/bin'
[0.611s] INFO:colcon.colcon_core.shell:Creating package script '/home/teknetik/scootbot/install/rf2o_laser_odometry/share/rf2o_laser_odometry/package.ps1'
[0.612s] INFO:colcon.colcon_core.shell:Creating package descriptor '/home/teknetik/scootbot/install/rf2o_laser_odometry/share/rf2o_laser_odometry/package.dsv'
[0.612s] INFO:colcon.colcon_core.shell:Creating package script '/home/teknetik/scootbot/install/rf2o_laser_odometry/share/rf2o_laser_odometry/package.sh'
[0.613s] INFO:colcon.colcon_core.shell:Creating package script '/home/teknetik/scootbot/install/rf2o_laser_odometry/share/rf2o_laser_odometry/package.bash'
[0.613s] INFO:colcon.colcon_core.shell:Creating package script '/home/teknetik/scootbot/install/rf2o_laser_odometry/share/rf2o_laser_odometry/package.zsh'
[0.613s] Level 1:colcon.colcon_core.environment:create_file_with_runtime_dependencies(/home/teknetik/scootbot/install/rf2o_laser_odometry/share/colcon-core/packages/rf2o_laser_odometry)
[0.617s] DEBUG:colcon.colcon_core.event_handler.log_command:Invoking command in '/home/teknetik/scootbot/build/scootbot_description': CMAKE_PREFIX_PATH=${CMAKE_PREFIX_PATH}:/home/teknetik/scootbot/install/sabertooth:/home/teknetik/scootbot/install/differential_drive:/opt/ros/foxy /usr/bin/cmake --install /home/teknetik/scootbot/build/scootbot_description
[0.624s] Level 1:colcon.colcon_core.environment:create_environment_scripts_only(scootbot_description)
[0.625s] Level 1:colcon.colcon_core.environment:checking '/home/teknetik/scootbot/install/scootbot_description' for CMake module files
[0.626s] Level 1:colcon.colcon_core.environment:checking '/home/teknetik/scootbot/install/scootbot_description' for CMake config files
[0.626s] DEBUG:colcon.colcon_core.event_handler.log_command:Invoked command in '/home/teknetik/scootbot/build/scootbot_description' returned '0': CMAKE_PREFIX_PATH=${CMAKE_PREFIX_PATH}:/home/teknetik/scootbot/install/sabertooth:/home/teknetik/scootbot/install/differential_drive:/opt/ros/foxy /usr/bin/cmake --install /home/teknetik/scootbot/build/scootbot_description
[0.626s] Level 1:colcon.colcon_core.shell:create_environment_hook('scootbot_description', 'cmake_prefix_path')
[0.627s] INFO:colcon.colcon_core.shell:Creating environment hook '/home/teknetik/scootbot/install/scootbot_description/share/scootbot_description/hook/cmake_prefix_path.ps1'
[0.627s] INFO:colcon.colcon_core.shell:Creating environment descriptor '/home/teknetik/scootbot/install/scootbot_description/share/scootbot_description/hook/cmake_prefix_path.dsv'
[0.627s] INFO:colcon.colcon_core.shell:Creating environment hook '/home/teknetik/scootbot/install/scootbot_description/share/scootbot_description/hook/cmake_prefix_path.sh'
[0.628s] Level 1:colcon.colcon_core.environment:checking '/home/teknetik/scootbot/install/scootbot_description/bin'
[0.628s] Level 1:colcon.colcon_core.environment:checking '/home/teknetik/scootbot/install/scootbot_description/lib/pkgconfig/scootbot_description.pc'
[0.628s] Level 1:colcon.colcon_core.environment:checking '/home/teknetik/scootbot/install/scootbot_description/lib/python3.8/site-packages'
[0.628s] Level 1:colcon.colcon_core.environment:checking '/home/teknetik/scootbot/install/scootbot_description/bin'
[0.628s] INFO:colcon.colcon_core.shell:Creating package script '/home/teknetik/scootbot/install/scootbot_description/share/scootbot_description/package.ps1'
[0.629s] INFO:colcon.colcon_core.shell:Creating package descriptor '/home/teknetik/scootbot/install/scootbot_description/share/scootbot_description/package.dsv'
[0.629s] INFO:colcon.colcon_core.shell:Creating package script '/home/teknetik/scootbot/install/scootbot_description/share/scootbot_description/package.sh'
[0.629s] INFO:colcon.colcon_core.shell:Creating package script '/home/teknetik/scootbot/install/scootbot_description/share/scootbot_description/package.bash'
[0.629s] INFO:colcon.colcon_core.shell:Creating package script '/home/teknetik/scootbot/install/scootbot_description/share/scootbot_description/package.zsh'
[0.630s] Level 1:colcon.colcon_core.environment:create_file_with_runtime_dependencies(/home/teknetik/scootbot/install/scootbot_description/share/colcon-core/packages/scootbot_description)
[0.632s] Level 1:colcon.colcon_core.environment:create_environment_scripts_only(rf2o_laser_odometry)
[0.633s] Level 1:colcon.colcon_core.environment:checking '/home/teknetik/scootbot/install/rf2o_laser_odometry' for CMake module files
[0.633s] Level 1:colcon.colcon_core.environment:checking '/home/teknetik/scootbot/install/rf2o_laser_odometry' for CMake config files
[0.633s] Level 1:colcon.colcon_core.shell:create_environment_hook('rf2o_laser_odometry', 'cmake_prefix_path')
[0.634s] INFO:colcon.colcon_core.shell:Creating environment hook '/home/teknetik/scootbot/install/rf2o_laser_odometry/share/rf2o_laser_odometry/hook/cmake_prefix_path.ps1'
[0.634s] INFO:colcon.colcon_core.shell:Creating environment descriptor '/home/teknetik/scootbot/install/rf2o_laser_odometry/share/rf2o_laser_odometry/hook/cmake_prefix_path.dsv'
[0.634s] INFO:colcon.colcon_core.shell:Creating environment hook '/home/teknetik/scootbot/install/rf2o_laser_odometry/share/rf2o_laser_odometry/hook/cmake_prefix_path.sh'
[0.635s] Level 1:colcon.colcon_core.environment:checking '/home/teknetik/scootbot/install/rf2o_laser_odometry/lib'
[0.635s] Level 1:colcon.colcon_core.environment:checking '/home/teknetik/scootbot/install/rf2o_laser_odometry/bin'
[0.635s] Level 1:colcon.colcon_core.environment:checking '/home/teknetik/scootbot/install/rf2o_laser_odometry/lib/pkgconfig/rf2o_laser_odometry.pc'
[0.635s] Level 1:colcon.colcon_core.environment:checking '/home/teknetik/scootbot/install/rf2o_laser_odometry/lib/python3.8/site-packages'
[0.635s] Level 1:colcon.colcon_core.environment:checking '/home/teknetik/scootbot/install/rf2o_laser_odometry/bin'
[0.635s] INFO:colcon.colcon_core.shell:Creating package script '/home/teknetik/scootbot/install/rf2o_laser_odometry/share/rf2o_laser_odometry/package.ps1'
[0.636s] INFO:colcon.colcon_core.shell:Creating package descriptor '/home/teknetik/scootbot/install/rf2o_laser_odometry/share/rf2o_laser_odometry/package.dsv'
[0.636s] INFO:colcon.colcon_core.shell:Creating package script '/home/teknetik/scootbot/install/rf2o_laser_odometry/share/rf2o_laser_odometry/package.sh'
[0.636s] INFO:colcon.colcon_core.shell:Creating package script '/home/teknetik/scootbot/install/rf2o_laser_odometry/share/rf2o_laser_odometry/package.bash'
[0.637s] INFO:colcon.colcon_core.shell:Creating package script '/home/teknetik/scootbot/install/rf2o_laser_odometry/share/rf2o_laser_odometry/package.zsh'
[0.637s] Level 1:colcon.colcon_core.environment:create_file_with_runtime_dependencies(/home/teknetik/scootbot/install/rf2o_laser_odometry/share/colcon-core/packages/rf2o_laser_odometry)
[0.643s] Level 1:colcon.colcon_core.environment:create_environment_scripts_only(scootbot_description)
[0.643s] Level 1:colcon.colcon_core.environment:checking '/home/teknetik/scootbot/install/scootbot_description' for CMake module files
[0.643s] Level 1:colcon.colcon_core.environment:checking '/home/teknetik/scootbot/install/scootbot_description' for CMake config files
[0.644s] Level 1:colcon.colcon_core.shell:create_environment_hook('scootbot_description', 'cmake_prefix_path')
[0.644s] INFO:colcon.colcon_core.shell:Creating environment hook '/home/teknetik/scootbot/install/scootbot_description/share/scootbot_description/hook/cmake_prefix_path.ps1'
[0.644s] INFO:colcon.colcon_core.shell:Creating environment descriptor '/home/teknetik/scootbot/install/scootbot_description/share/scootbot_description/hook/cmake_prefix_path.dsv'
[0.644s] INFO:colcon.colcon_core.shell:Creating environment hook '/home/teknetik/scootbot/install/scootbot_description/share/scootbot_description/hook/cmake_prefix_path.sh'
[0.645s] Level 1:colcon.colcon_core.environment:checking '/home/teknetik/scootbot/install/scootbot_description/bin'
[0.645s] Level 1:colcon.colcon_core.environment:checking '/home/teknetik/scootbot/install/scootbot_description/lib/pkgconfig/scootbot_description.pc'
[0.645s] Level 1:colcon.colcon_core.environment:checking '/home/teknetik/scootbot/install/scootbot_description/lib/python3.8/site-packages'
[0.645s] Level 1:colcon.colcon_core.environment:checking '/home/teknetik/scootbot/install/scootbot_description/bin'
[0.645s] INFO:colcon.colcon_core.shell:Creating package script '/home/teknetik/scootbot/install/scootbot_description/share/scootbot_description/package.ps1'
[0.646s] INFO:colcon.colcon_core.shell:Creating package descriptor '/home/teknetik/scootbot/install/scootbot_description/share/scootbot_description/package.dsv'
[0.646s] INFO:colcon.colcon_core.shell:Creating package script '/home/teknetik/scootbot/install/scootbot_description/share/scootbot_description/package.sh'
[0.646s] INFO:colcon.colcon_core.shell:Creating package script '/home/teknetik/scootbot/install/scootbot_description/share/scootbot_description/package.bash'
[0.646s] INFO:colcon.colcon_core.shell:Creating package script '/home/teknetik/scootbot/install/scootbot_description/share/scootbot_description/package.zsh'
[0.647s] Level 1:colcon.colcon_core.environment:create_file_with_runtime_dependencies(/home/teknetik/scootbot/install/scootbot_description/share/colcon-core/packages/scootbot_description)
[0.851s] DEBUG:colcon.colcon_core.event_handler.log_command:Invoking command in '/home/teknetik/scootbot/src/ros2_differential_drive': PYTHONPATH=/home/teknetik/scootbot/install/differential_drive/lib/python3.8/site-packages:${PYTHONPATH} /usr/bin/python3 setup.py egg_info --egg-base ../../build/differential_drive build --build-base /home/teknetik/scootbot/build/differential_drive/build install --prefix /home/teknetik/scootbot/install/differential_drive --record /home/teknetik/scootbot/build/differential_drive/install.log --single-version-externally-managed
[0.853s] DEBUG:colcon.colcon_core.event_handler.log_command:Invoking command in '/home/teknetik/scootbot/src/sabertooth': PYTHONPATH=/home/teknetik/scootbot/install/sabertooth/lib/python3.8/site-packages:${PYTHONPATH} /usr/bin/python3 setup.py egg_info --egg-base ../../build/sabertooth build --build-base /home/teknetik/scootbot/build/sabertooth/build install --prefix /home/teknetik/scootbot/install/sabertooth --record /home/teknetik/scootbot/build/sabertooth/install.log --single-version-externally-managed
[1.063s] Level 1:colcon.colcon_core.environment:checking '/home/teknetik/scootbot/install/differential_drive' for CMake module files
[1.064s] DEBUG:colcon.colcon_core.event_handler.log_command:Invoked command in '/home/teknetik/scootbot/src/ros2_differential_drive' returned '0': PYTHONPATH=/home/teknetik/scootbot/install/differential_drive/lib/python3.8/site-packages:${PYTHONPATH} /usr/bin/python3 setup.py egg_info --egg-base ../../build/differential_drive build --build-base /home/teknetik/scootbot/build/differential_drive/build install --prefix /home/teknetik/scootbot/install/differential_drive --record /home/teknetik/scootbot/build/differential_drive/install.log --single-version-externally-managed
[1.064s] Level 1:colcon.colcon_core.environment:checking '/home/teknetik/scootbot/install/differential_drive' for CMake config files
[1.065s] Level 1:colcon.colcon_core.environment:checking '/home/teknetik/scootbot/install/differential_drive/lib'
[1.065s] Level 1:colcon.colcon_core.environment:checking '/home/teknetik/scootbot/install/differential_drive/bin'
[1.065s] Level 1:colcon.colcon_core.environment:checking '/home/teknetik/scootbot/install/differential_drive/lib/pkgconfig/differential_drive.pc'
[1.065s] Level 1:colcon.colcon_core.environment:checking '/home/teknetik/scootbot/install/differential_drive/lib/python3.8/site-packages'
[1.065s] Level 1:colcon.colcon_core.shell:create_environment_hook('differential_drive', 'pythonpath')
[1.065s] INFO:colcon.colcon_core.shell:Creating environment hook '/home/teknetik/scootbot/install/differential_drive/share/differential_drive/hook/pythonpath.ps1'
[1.066s] INFO:colcon.colcon_core.shell:Creating environment descriptor '/home/teknetik/scootbot/install/differential_drive/share/differential_drive/hook/pythonpath.dsv'
[1.066s] INFO:colcon.colcon_core.shell:Creating environment hook '/home/teknetik/scootbot/install/differential_drive/share/differential_drive/hook/pythonpath.sh'
[1.066s] Level 1:colcon.colcon_core.environment:checking '/home/teknetik/scootbot/install/differential_drive/bin'
[1.066s] Level 1:colcon.colcon_core.environment:create_environment_scripts_only(differential_drive)
[1.067s] INFO:colcon.colcon_core.shell:Creating package script '/home/teknetik/scootbot/install/differential_drive/share/differential_drive/package.ps1'
[1.067s] INFO:colcon.colcon_core.shell:Creating package descriptor '/home/teknetik/scootbot/install/differential_drive/share/differential_drive/package.dsv'
[1.067s] INFO:colcon.colcon_core.shell:Creating package script '/home/teknetik/scootbot/install/differential_drive/share/differential_drive/package.sh'
[1.067s] INFO:colcon.colcon_core.shell:Creating package script '/home/teknetik/scootbot/install/differential_drive/share/differential_drive/package.bash'
[1.068s] INFO:colcon.colcon_core.shell:Creating package script '/home/teknetik/scootbot/install/differential_drive/share/differential_drive/package.zsh'
[1.068s] Level 1:colcon.colcon_core.environment:create_file_with_runtime_dependencies(/home/teknetik/scootbot/install/differential_drive/share/colcon-core/packages/differential_drive)
[1.069s] Level 1:colcon.colcon_core.environment:checking '/home/teknetik/scootbot/install/sabertooth' for CMake module files
[1.070s] DEBUG:colcon.colcon_core.event_handler.log_command:Invoked command in '/home/teknetik/scootbot/src/sabertooth' returned '0': PYTHONPATH=/home/teknetik/scootbot/install/sabertooth/lib/python3.8/site-packages:${PYTHONPATH} /usr/bin/python3 setup.py egg_info --egg-base ../../build/sabertooth build --build-base /home/teknetik/scootbot/build/sabertooth/build install --prefix /home/teknetik/scootbot/install/sabertooth --record /home/teknetik/scootbot/build/sabertooth/install.log --single-version-externally-managed
[1.070s] Level 1:colcon.colcon_core.environment:checking '/home/teknetik/scootbot/install/sabertooth' for CMake config files
[1.070s] Level 1:colcon.colcon_core.environment:checking '/home/teknetik/scootbot/install/sabertooth/lib'
[1.070s] Level 1:colcon.colcon_core.environment:checking '/home/teknetik/scootbot/install/sabertooth/bin'
[1.070s] Level 1:colcon.colcon_core.environment:checking '/home/teknetik/scootbot/install/sabertooth/lib/pkgconfig/sabertooth.pc'
[1.070s] Level 1:colcon.colcon_core.environment:checking '/home/teknetik/scootbot/install/sabertooth/lib/python3.8/site-packages'
[1.070s] Level 1:colcon.colcon_core.shell:create_environment_hook('sabertooth', 'pythonpath')
[1.071s] INFO:colcon.colcon_core.shell:Creating environment hook '/home/teknetik/scootbot/install/sabertooth/share/sabertooth/hook/pythonpath.ps1'
[1.071s] INFO:colcon.colcon_core.shell:Creating environment descriptor '/home/teknetik/scootbot/install/sabertooth/share/sabertooth/hook/pythonpath.dsv'
[1.071s] INFO:colcon.colcon_core.shell:Creating environment hook '/home/teknetik/scootbot/install/sabertooth/share/sabertooth/hook/pythonpath.sh'
[1.071s] Level 1:colcon.colcon_core.environment:checking '/home/teknetik/scootbot/install/sabertooth/bin'
[1.071s] Level 1:colcon.colcon_core.environment:create_environment_scripts_only(sabertooth)
[1.072s] INFO:colcon.colcon_core.shell:Creating package script '/home/teknetik/scootbot/install/sabertooth/share/sabertooth/package.ps1'
[1.072s] INFO:colcon.colcon_core.shell:Creating package descriptor '/home/teknetik/scootbot/install/sabertooth/share/sabertooth/package.dsv'
[1.072s] INFO:colcon.colcon_core.shell:Creating package script '/home/teknetik/scootbot/install/sabertooth/share/sabertooth/package.sh'
[1.073s] INFO:colcon.colcon_core.shell:Creating package script '/home/teknetik/scootbot/install/sabertooth/share/sabertooth/package.bash'
[1.073s] INFO:colcon.colcon_core.shell:Creating package script '/home/teknetik/scootbot/install/sabertooth/share/sabertooth/package.zsh'
[1.073s] Level 1:colcon.colcon_core.environment:create_file_with_runtime_dependencies(/home/teknetik/scootbot/install/sabertooth/share/colcon-core/packages/sabertooth)
[1.073s] DEBUG:colcon.colcon_parallel_executor.executor.parallel:closing loop
[1.073s] DEBUG:colcon.colcon_parallel_executor.executor.parallel:loop closed
[1.074s] DEBUG:colcon.colcon_parallel_executor.executor.parallel:run_until_complete finished with '0'
[1.074s] DEBUG:colcon.colcon_core.event_reactor:joining thread
[1.078s] INFO:colcon.colcon_core.plugin_system:Skipping extension 'colcon_notification.desktop_notification.terminal_notifier': Not used on non-Darwin systems
[1.078s] INFO:colcon.colcon_core.plugin_system:Skipping extension 'colcon_notification.desktop_notification.win32': Not used on non-Windows systems
[1.078s] INFO:colcon.colcon_notification.desktop_notification:Sending desktop notification using 'notify2'
[1.279s] DEBUG:colcon.colcon_core.event_reactor:joined thread
[1.280s] INFO:colcon.colcon_core.shell:Creating prefix script '/home/teknetik/scootbot/install/local_setup.ps1'
[1.280s] INFO:colcon.colcon_core.shell:Creating prefix util module '/home/teknetik/scootbot/install/_local_setup_util_ps1.py'
[1.281s] INFO:colcon.colcon_core.shell:Creating prefix chain script '/home/teknetik/scootbot/install/setup.ps1'
[1.282s] INFO:colcon.colcon_core.shell:Creating prefix script '/home/teknetik/scootbot/install/local_setup.sh'
[1.283s] INFO:colcon.colcon_core.shell:Creating prefix util module '/home/teknetik/scootbot/install/_local_setup_util_sh.py'
[1.283s] INFO:colcon.colcon_core.shell:Creating prefix chain script '/home/teknetik/scootbot/install/setup.sh'
[1.284s] INFO:colcon.colcon_core.shell:Creating prefix script '/home/teknetik/scootbot/install/local_setup.bash'
[1.284s] INFO:colcon.colcon_core.shell:Creating prefix chain script '/home/teknetik/scootbot/install/setup.bash'
[1.285s] INFO:colcon.colcon_core.shell:Creating prefix script '/home/teknetik/scootbot/install/local_setup.zsh'
[1.286s] INFO:colcon.colcon_core.shell:Creating prefix chain script '/home/teknetik/scootbot/install/setup.zsh'
