[0.014s] Invoking command in '/home/ubuntu/scootbot/build/scootbot_sim': CMAKE_PREFIX_PATH=/home/ubuntu/scootbot/install/sllidar_ros2:/home/ubuntu/scootbot/install/scootbot_sim:/home/ubuntu/scootbot/install/scootbot_description:/home/teknetik/ros2_ws/install/scootbot_description:/home/teknetik/ros2_ws/install/ros2_imu_filter_madgwick:/home/ubuntu/scootbot/install/sabertooth:/home/ubuntu/scootbot/install/joy_cmd:/home/ubuntu/scootbot/install/differential_drive:/home/teknetik/ros2_ws/install/saber:/home/teknetik/ros2_ws/install/joystick_ros2:/home/teknetik/ros2_ws/install/differential_drive:/opt/ros/foxy:/home/teknetik/ros2_ws/install/rf2o_laser_odometry:/home/teknetik/ros2_ws/install/my_box_bot_gazebo /usr/bin/cmake --build /home/ubuntu/scootbot/build/scootbot_sim -- -j20 -l20
[0.041s] -- Found ament_cmake: 0.9.9 (/opt/ros/foxy/share/ament_cmake/cmake)
[0.064s] -- Using PYTHON_EXECUTABLE: /usr/bin/python3
[0.230s] -- Found ament_lint_auto: 0.9.6 (/opt/ros/foxy/share/ament_lint_auto/cmake)
[0.280s] -- Added test 'copyright' to check source files copyright and LICENSE
[0.282s] -- Added test 'flake8' to check Python code syntax and style conventions
[0.282s] -- Added test 'lint_cmake' to check CMake code style
[0.282s] -- Added test 'pep257' to check Python code against some of the style conventions in PEP 257
[0.283s] -- Added test 'xmllint' to check XML markup files
[0.284s] -- Configuring done
[0.286s] -- Generating done
[0.286s] -- Build files have been written to: /home/ubuntu/scootbot/build/scootbot_sim
[0.303s] Invoked command in '/home/ubuntu/scootbot/build/scootbot_sim' returned '0': CMAKE_PREFIX_PATH=/home/ubuntu/scootbot/install/sllidar_ros2:/home/ubuntu/scootbot/install/scootbot_sim:/home/ubuntu/scootbot/install/scootbot_description:/home/teknetik/ros2_ws/install/scootbot_description:/home/teknetik/ros2_ws/install/ros2_imu_filter_madgwick:/home/ubuntu/scootbot/install/sabertooth:/home/ubuntu/scootbot/install/joy_cmd:/home/ubuntu/scootbot/install/differential_drive:/home/teknetik/ros2_ws/install/saber:/home/teknetik/ros2_ws/install/joystick_ros2:/home/teknetik/ros2_ws/install/differential_drive:/opt/ros/foxy:/home/teknetik/ros2_ws/install/rf2o_laser_odometry:/home/teknetik/ros2_ws/install/my_box_bot_gazebo /usr/bin/cmake --build /home/ubuntu/scootbot/build/scootbot_sim -- -j20 -l20
[0.323s] Invoking command in '/home/ubuntu/scootbot/build/scootbot_sim': CMAKE_PREFIX_PATH=/home/ubuntu/scootbot/install/sllidar_ros2:/home/ubuntu/scootbot/install/scootbot_sim:/home/ubuntu/scootbot/install/scootbot_description:/home/teknetik/ros2_ws/install/scootbot_description:/home/teknetik/ros2_ws/install/ros2_imu_filter_madgwick:/home/ubuntu/scootbot/install/sabertooth:/home/ubuntu/scootbot/install/joy_cmd:/home/ubuntu/scootbot/install/differential_drive:/home/teknetik/ros2_ws/install/saber:/home/teknetik/ros2_ws/install/joystick_ros2:/home/teknetik/ros2_ws/install/differential_drive:/opt/ros/foxy:/home/teknetik/ros2_ws/install/rf2o_laser_odometry:/home/teknetik/ros2_ws/install/my_box_bot_gazebo /usr/bin/cmake --install /home/ubuntu/scootbot/build/scootbot_sim
[0.328s] -- Install configuration: ""
[0.328s] -- Up-to-date: /home/ubuntu/scootbot/install/scootbot_sim/share/scootbot_sim/launch
[0.328s] -- Installing: /home/ubuntu/scootbot/install/scootbot_sim/share/scootbot_sim/launch/scootbot_sim.launch.py
[0.328s] -- Installing: /home/ubuntu/scootbot/install/scootbot_sim/share/ament_index/resource_index/package_run_dependencies/scootbot_sim
[0.329s] -- Installing: /home/ubuntu/scootbot/install/scootbot_sim/share/ament_index/resource_index/parent_prefix_path/scootbot_sim
[0.329s] -- Installing: /home/ubuntu/scootbot/install/scootbot_sim/share/scootbot_sim/environment/ament_prefix_path.sh
[0.329s] -- Installing: /home/ubuntu/scootbot/install/scootbot_sim/share/scootbot_sim/environment/ament_prefix_path.dsv
[0.329s] -- Installing: /home/ubuntu/scootbot/install/scootbot_sim/share/scootbot_sim/environment/path.sh
[0.329s] -- Installing: /home/ubuntu/scootbot/install/scootbot_sim/share/scootbot_sim/environment/path.dsv
[0.329s] -- Installing: /home/ubuntu/scootbot/install/scootbot_sim/share/scootbot_sim/local_setup.bash
[0.329s] -- Installing: /home/ubuntu/scootbot/install/scootbot_sim/share/scootbot_sim/local_setup.sh
[0.329s] -- Installing: /home/ubuntu/scootbot/install/scootbot_sim/share/scootbot_sim/local_setup.zsh
[0.329s] -- Installing: /home/ubuntu/scootbot/install/scootbot_sim/share/scootbot_sim/local_setup.dsv
[0.329s] -- Installing: /home/ubuntu/scootbot/install/scootbot_sim/share/scootbot_sim/package.dsv
[0.329s] -- Installing: /home/ubuntu/scootbot/install/scootbot_sim/share/ament_index/resource_index/packages/scootbot_sim
[0.329s] -- Installing: /home/ubuntu/scootbot/install/scootbot_sim/share/scootbot_sim/cmake/scootbot_simConfig.cmake
[0.329s] -- Installing: /home/ubuntu/scootbot/install/scootbot_sim/share/scootbot_sim/cmake/scootbot_simConfig-version.cmake
[0.330s] -- Installing: /home/ubuntu/scootbot/install/scootbot_sim/share/scootbot_sim/package.xml
[0.331s] Invoked command in '/home/ubuntu/scootbot/build/scootbot_sim' returned '0': CMAKE_PREFIX_PATH=/home/ubuntu/scootbot/install/sllidar_ros2:/home/ubuntu/scootbot/install/scootbot_sim:/home/ubuntu/scootbot/install/scootbot_description:/home/teknetik/ros2_ws/install/scootbot_description:/home/teknetik/ros2_ws/install/ros2_imu_filter_madgwick:/home/ubuntu/scootbot/install/sabertooth:/home/ubuntu/scootbot/install/joy_cmd:/home/ubuntu/scootbot/install/differential_drive:/home/teknetik/ros2_ws/install/saber:/home/teknetik/ros2_ws/install/joystick_ros2:/home/teknetik/ros2_ws/install/differential_drive:/opt/ros/foxy:/home/teknetik/ros2_ws/install/rf2o_laser_odometry:/home/teknetik/ros2_ws/install/my_box_bot_gazebo /usr/bin/cmake --install /home/ubuntu/scootbot/build/scootbot_sim
