[0.285s] DEBUG:colcon:Command line arguments: ['/usr/bin/colcon', 'build', '--symlink-install']
[0.285s] DEBUG:colcon:Parsed command line arguments: Namespace(log_base=None, log_level=None, verb_name='build', build_base='build', install_base='install', merge_install=False, symlink_install=True, test_result_base=None, continue_on_error=False, executor='parallel', parallel_workers=20, event_handlers=None, ignore_user_meta=False, metas=['./colcon.meta'], base_paths=['.'], packages_ignore=None, packages_ignore_regex=None, paths=None, packages_up_to=None, packages_up_to_regex=None, packages_above=None, packages_above_and_dependencies=None, packages_above_depth=None, packages_select_by_dep=None, packages_skip_by_dep=None, packages_skip_up_to=None, packages_select_build_failed=False, packages_skip_build_finished=False, packages_select_test_failures=False, packages_skip_test_passed=False, packages_select=None, packages_skip=None, packages_select_regex=None, packages_skip_regex=None, packages_start=None, packages_end=None, allow_overriding=[], cmake_args=None, cmake_target=None, cmake_target_skip_unavailable=False, cmake_clean_cache=False, cmake_clean_first=False, cmake_force_configure=False, ament_cmake_args=None, catkin_cmake_args=None, catkin_skip_building_tests=False, verb_parser=<colcon_defaults.argument_parser.defaults.DefaultArgumentsDecorator object at 0x7fc3cec6da20>, verb_extension=<colcon_core.verb.build.BuildVerb object at 0x7fc3cf615ea0>, main=<bound method BuildVerb.main of <colcon_core.verb.build.BuildVerb object at 0x7fc3cf615ea0>>)
[0.318s] Level 1:colcon.colcon_core.package_discovery:discover_packages(colcon_meta) check parameters
[0.318s] Level 1:colcon.colcon_core.package_discovery:discover_packages(recursive) check parameters
[0.318s] Level 1:colcon.colcon_core.package_discovery:discover_packages(ignore) check parameters
[0.318s] Level 1:colcon.colcon_core.package_discovery:discover_packages(path) check parameters
[0.318s] Level 1:colcon.colcon_core.package_discovery:discover_packages(colcon_meta) discover
[0.319s] Level 1:colcon.colcon_core.package_discovery:discover_packages(recursive) discover
[0.319s] INFO:colcon.colcon_core.package_discovery:Crawling recursively for packages in '/home/ubuntu/scootbot/2.0.0'
[0.319s] Level 1:colcon.colcon_core.package_identification:_identify(.) by extensions ['ignore', 'ignore_ament_install']
[0.319s] Level 1:colcon.colcon_core.package_identification:_identify(.) by extension 'ignore'
[0.319s] Level 1:colcon.colcon_core.package_identification:_identify(.) by extension 'ignore_ament_install'
[0.319s] Level 1:colcon.colcon_core.package_identification:_identify(.) by extensions ['colcon_pkg']
[0.319s] Level 1:colcon.colcon_core.package_identification:_identify(.) by extension 'colcon_pkg'
[0.319s] Level 1:colcon.colcon_core.package_identification:_identify(.) by extensions ['colcon_meta']
[0.319s] Level 1:colcon.colcon_core.package_identification:_identify(.) by extension 'colcon_meta'
[0.319s] Level 1:colcon.colcon_core.package_identification:_identify(.) by extensions ['ros']
[0.319s] Level 1:colcon.colcon_core.package_identification:_identify(.) by extension 'ros'
[0.329s] Level 1:colcon.colcon_core.package_identification:_identify(.) by extensions ['cmake', 'python']
[0.329s] Level 1:colcon.colcon_core.package_identification:_identify(.) by extension 'cmake'
[0.329s] Level 1:colcon.colcon_core.package_identification:_identify(.) by extension 'python'
[0.330s] Level 1:colcon.colcon_core.package_identification:_identify(.) by extensions ['python_setup_py']
[0.330s] Level 1:colcon.colcon_core.package_identification:_identify(.) by extension 'python_setup_py'
[0.330s] Level 1:colcon.colcon_core.package_identification:_identify(build) by extensions ['ignore', 'ignore_ament_install']
[0.330s] Level 1:colcon.colcon_core.package_identification:_identify(build) by extension 'ignore'
[0.330s] Level 1:colcon.colcon_core.package_identification:_identify(build) ignored
[0.330s] Level 1:colcon.colcon_core.package_identification:_identify(install) by extensions ['ignore', 'ignore_ament_install']
[0.330s] Level 1:colcon.colcon_core.package_identification:_identify(install) by extension 'ignore'
[0.330s] Level 1:colcon.colcon_core.package_identification:_identify(install) ignored
[0.330s] Level 1:colcon.colcon_core.package_identification:_identify(log) by extensions ['ignore', 'ignore_ament_install']
[0.330s] Level 1:colcon.colcon_core.package_identification:_identify(log) by extension 'ignore'
[0.330s] Level 1:colcon.colcon_core.package_identification:_identify(log) ignored
[0.330s] Level 1:colcon.colcon_core.package_identification:_identify(src) by extensions ['ignore', 'ignore_ament_install']
[0.330s] Level 1:colcon.colcon_core.package_identification:_identify(src) by extension 'ignore'
[0.330s] Level 1:colcon.colcon_core.package_identification:_identify(src) by extension 'ignore_ament_install'
[0.330s] Level 1:colcon.colcon_core.package_identification:_identify(src) by extensions ['colcon_pkg']
[0.330s] Level 1:colcon.colcon_core.package_identification:_identify(src) by extension 'colcon_pkg'
[0.330s] Level 1:colcon.colcon_core.package_identification:_identify(src) by extensions ['colcon_meta']
[0.330s] Level 1:colcon.colcon_core.package_identification:_identify(src) by extension 'colcon_meta'
[0.331s] Level 1:colcon.colcon_core.package_identification:_identify(src) by extensions ['ros']
[0.331s] Level 1:colcon.colcon_core.package_identification:_identify(src) by extension 'ros'
[0.331s] Level 1:colcon.colcon_core.package_identification:_identify(src) by extensions ['cmake', 'python']
[0.331s] Level 1:colcon.colcon_core.package_identification:_identify(src) by extension 'cmake'
[0.331s] Level 1:colcon.colcon_core.package_identification:_identify(src) by extension 'python'
[0.331s] Level 1:colcon.colcon_core.package_identification:_identify(src) by extensions ['python_setup_py']
[0.331s] Level 1:colcon.colcon_core.package_identification:_identify(src) by extension 'python_setup_py'
[0.331s] Level 1:colcon.colcon_core.package_identification:_identify(src/scootbot) by extensions ['ignore', 'ignore_ament_install']
[0.331s] Level 1:colcon.colcon_core.package_identification:_identify(src/scootbot) by extension 'ignore'
[0.331s] Level 1:colcon.colcon_core.package_identification:_identify(src/scootbot) by extension 'ignore_ament_install'
[0.331s] Level 1:colcon.colcon_core.package_identification:_identify(src/scootbot) by extensions ['colcon_pkg']
[0.331s] Level 1:colcon.colcon_core.package_identification:_identify(src/scootbot) by extension 'colcon_pkg'
[0.331s] Level 1:colcon.colcon_core.package_identification:_identify(src/scootbot) by extensions ['colcon_meta']
[0.331s] Level 1:colcon.colcon_core.package_identification:_identify(src/scootbot) by extension 'colcon_meta'
[0.331s] Level 1:colcon.colcon_core.package_identification:_identify(src/scootbot) by extensions ['ros']
[0.331s] Level 1:colcon.colcon_core.package_identification:_identify(src/scootbot) by extension 'ros'
[0.333s] DEBUG:colcon.colcon_core.package_identification:Package 'src/scootbot' with type 'ros.ament_cmake' and name 'scootbot'
[0.333s] Level 1:colcon.colcon_core.package_identification:_identify(src/twist_mux) by extensions ['ignore', 'ignore_ament_install']
[0.333s] Level 1:colcon.colcon_core.package_identification:_identify(src/twist_mux) by extension 'ignore'
[0.333s] Level 1:colcon.colcon_core.package_identification:_identify(src/twist_mux) by extension 'ignore_ament_install'
[0.333s] Level 1:colcon.colcon_core.package_identification:_identify(src/twist_mux) by extensions ['colcon_pkg']
[0.333s] Level 1:colcon.colcon_core.package_identification:_identify(src/twist_mux) by extension 'colcon_pkg'
[0.333s] Level 1:colcon.colcon_core.package_identification:_identify(src/twist_mux) by extensions ['colcon_meta']
[0.333s] Level 1:colcon.colcon_core.package_identification:_identify(src/twist_mux) by extension 'colcon_meta'
[0.333s] Level 1:colcon.colcon_core.package_identification:_identify(src/twist_mux) by extensions ['ros']
[0.333s] Level 1:colcon.colcon_core.package_identification:_identify(src/twist_mux) by extension 'ros'
[0.334s] DEBUG:colcon.colcon_core.package_identification:Package 'src/twist_mux' with type 'ros.ament_cmake' and name 'twist_mux'
[0.334s] Level 1:colcon.colcon_core.package_discovery:discover_packages(recursive) using defaults
[0.334s] Level 1:colcon.colcon_core.package_discovery:discover_packages(ignore) discover
[0.334s] Level 1:colcon.colcon_core.package_discovery:discover_packages(ignore) using defaults
[0.334s] Level 1:colcon.colcon_core.package_discovery:discover_packages(path) discover
[0.334s] Level 1:colcon.colcon_core.package_discovery:discover_packages(path) using defaults
[0.349s] Level 1:colcon.colcon_core.package_discovery:discover_packages(prefix_path) check parameters
[0.349s] Level 1:colcon.colcon_core.package_discovery:discover_packages(prefix_path) discover
[0.351s] DEBUG:colcon.colcon_installed_package_information.package_discovery:Found 2 installed packages in /home/ubuntu/scootbot/2.0.0/install
[0.352s] DEBUG:colcon.colcon_installed_package_information.package_discovery:Found 6 installed packages in /home/ubuntu/scootbot/1.0.0/install
[0.353s] DEBUG:colcon.colcon_installed_package_information.package_discovery:Found 275 installed packages in /opt/ros/humble
[0.354s] Level 1:colcon.colcon_core.package_discovery:discover_packages(prefix_path) using defaults
[0.396s] Level 5:colcon.colcon_core.verb:set package 'scootbot' build argument 'cmake_args' from command line to 'None'
[0.396s] Level 5:colcon.colcon_core.verb:set package 'scootbot' build argument 'cmake_target' from command line to 'None'
[0.396s] Level 5:colcon.colcon_core.verb:set package 'scootbot' build argument 'cmake_target_skip_unavailable' from command line to 'False'
[0.396s] Level 5:colcon.colcon_core.verb:set package 'scootbot' build argument 'cmake_clean_cache' from command line to 'False'
[0.396s] Level 5:colcon.colcon_core.verb:set package 'scootbot' build argument 'cmake_clean_first' from command line to 'False'
[0.396s] Level 5:colcon.colcon_core.verb:set package 'scootbot' build argument 'cmake_force_configure' from command line to 'False'
[0.396s] Level 5:colcon.colcon_core.verb:set package 'scootbot' build argument 'ament_cmake_args' from command line to 'None'
[0.396s] Level 5:colcon.colcon_core.verb:set package 'scootbot' build argument 'catkin_cmake_args' from command line to 'None'
[0.396s] Level 5:colcon.colcon_core.verb:set package 'scootbot' build argument 'catkin_skip_building_tests' from command line to 'False'
[0.396s] DEBUG:colcon.colcon_core.verb:Building package 'scootbot' with the following arguments: {'ament_cmake_args': None, 'build_base': '/home/ubuntu/scootbot/2.0.0/build/scootbot', 'catkin_cmake_args': None, 'catkin_skip_building_tests': False, 'cmake_args': None, 'cmake_clean_cache': False, 'cmake_clean_first': False, 'cmake_force_configure': False, 'cmake_target': None, 'cmake_target_skip_unavailable': False, 'install_base': '/home/ubuntu/scootbot/2.0.0/install/scootbot', 'merge_install': False, 'path': '/home/ubuntu/scootbot/2.0.0/src/scootbot', 'symlink_install': True, 'test_result_base': None}
[0.397s] Level 5:colcon.colcon_core.verb:set package 'twist_mux' build argument 'cmake_args' from command line to 'None'
[0.397s] Level 5:colcon.colcon_core.verb:set package 'twist_mux' build argument 'cmake_target' from command line to 'None'
[0.397s] Level 5:colcon.colcon_core.verb:set package 'twist_mux' build argument 'cmake_target_skip_unavailable' from command line to 'False'
[0.397s] Level 5:colcon.colcon_core.verb:set package 'twist_mux' build argument 'cmake_clean_cache' from command line to 'False'
[0.397s] Level 5:colcon.colcon_core.verb:set package 'twist_mux' build argument 'cmake_clean_first' from command line to 'False'
[0.397s] Level 5:colcon.colcon_core.verb:set package 'twist_mux' build argument 'cmake_force_configure' from command line to 'False'
[0.397s] Level 5:colcon.colcon_core.verb:set package 'twist_mux' build argument 'ament_cmake_args' from command line to 'None'
[0.397s] Level 5:colcon.colcon_core.verb:set package 'twist_mux' build argument 'catkin_cmake_args' from command line to 'None'
[0.397s] Level 5:colcon.colcon_core.verb:set package 'twist_mux' build argument 'catkin_skip_building_tests' from command line to 'False'
[0.397s] DEBUG:colcon.colcon_core.verb:Building package 'twist_mux' with the following arguments: {'ament_cmake_args': None, 'build_base': '/home/ubuntu/scootbot/2.0.0/build/twist_mux', 'catkin_cmake_args': None, 'catkin_skip_building_tests': False, 'cmake_args': None, 'cmake_clean_cache': False, 'cmake_clean_first': False, 'cmake_force_configure': False, 'cmake_target': None, 'cmake_target_skip_unavailable': False, 'install_base': '/home/ubuntu/scootbot/2.0.0/install/twist_mux', 'merge_install': False, 'path': '/home/ubuntu/scootbot/2.0.0/src/twist_mux', 'symlink_install': True, 'test_result_base': None}
[0.398s] INFO:colcon.colcon_core.executor:Executing jobs using 'parallel' executor
[0.401s] DEBUG:colcon.colcon_parallel_executor.executor.parallel:run_until_complete
[0.401s] INFO:colcon.colcon_ros.task.ament_cmake.build:Building ROS package in '/home/ubuntu/scootbot/2.0.0/src/scootbot' with build type 'ament_cmake'
[0.401s] INFO:colcon.colcon_cmake.task.cmake.build:Building CMake package in '/home/ubuntu/scootbot/2.0.0/src/scootbot'
[0.404s] INFO:colcon.colcon_core.plugin_system:Skipping extension 'colcon_core.shell.bat': Not used on non-Windows systems
[0.404s] INFO:colcon.colcon_core.shell:Skip shell extension 'powershell' for command environment: Not usable outside of PowerShell
[0.404s] DEBUG:colcon.colcon_core.shell:Skip shell extension 'dsv' for command environment
[0.408s] INFO:colcon.colcon_ros.task.ament_cmake.build:Building ROS package in '/home/ubuntu/scootbot/2.0.0/src/twist_mux' with build type 'ament_cmake'
[0.408s] INFO:colcon.colcon_cmake.task.cmake.build:Building CMake package in '/home/ubuntu/scootbot/2.0.0/src/twist_mux'
[0.409s] INFO:colcon.colcon_core.shell:Skip shell extension 'powershell' for command environment: Not usable outside of PowerShell
[0.410s] DEBUG:colcon.colcon_core.shell:Skip shell extension 'dsv' for command environment
[0.417s] DEBUG:colcon.colcon_core.event_handler.log_command:Invoking command in '/home/ubuntu/scootbot/2.0.0/build/scootbot': CMAKE_PREFIX_PATH=${CMAKE_PREFIX_PATH}:/home/ubuntu/scootbot/1.0.0/install/sabertooth:/home/ubuntu/scootbot/1.0.0/install/joy_cmd:/home/ubuntu/scootbot/1.0.0/install/differential_drive:/opt/ros/humble /usr/bin/cmake --build /home/ubuntu/scootbot/2.0.0/build/scootbot -- -j20 -l20
[0.419s] DEBUG:colcon.colcon_core.event_handler.log_command:Invoking command in '/home/ubuntu/scootbot/2.0.0/build/twist_mux': CMAKE_PREFIX_PATH=${CMAKE_PREFIX_PATH}:/home/ubuntu/scootbot/1.0.0/install/sabertooth:/home/ubuntu/scootbot/1.0.0/install/joy_cmd:/home/ubuntu/scootbot/1.0.0/install/differential_drive:/opt/ros/humble /usr/bin/cmake /home/ubuntu/scootbot/2.0.0/src/twist_mux -DAMENT_CMAKE_SYMLINK_INSTALL=1 -DCMAKE_INSTALL_PREFIX=/home/ubuntu/scootbot/2.0.0/install/twist_mux
[0.435s] DEBUG:colcon.colcon_core.event_handler.log_command:Invoked command in '/home/ubuntu/scootbot/2.0.0/build/scootbot' returned '0': CMAKE_PREFIX_PATH=${CMAKE_PREFIX_PATH}:/home/ubuntu/scootbot/1.0.0/install/sabertooth:/home/ubuntu/scootbot/1.0.0/install/joy_cmd:/home/ubuntu/scootbot/1.0.0/install/differential_drive:/opt/ros/humble /usr/bin/cmake --build /home/ubuntu/scootbot/2.0.0/build/scootbot -- -j20 -l20
[0.449s] DEBUG:colcon.colcon_core.event_handler.log_command:Invoking command in '/home/ubuntu/scootbot/2.0.0/build/scootbot': CMAKE_PREFIX_PATH=${CMAKE_PREFIX_PATH}:/home/ubuntu/scootbot/1.0.0/install/sabertooth:/home/ubuntu/scootbot/1.0.0/install/joy_cmd:/home/ubuntu/scootbot/1.0.0/install/differential_drive:/opt/ros/humble /usr/bin/cmake --install /home/ubuntu/scootbot/2.0.0/build/scootbot
[0.461s] Level 1:colcon.colcon_core.environment:create_environment_scripts_only(scootbot)
[0.462s] DEBUG:colcon.colcon_core.event_handler.log_command:Invoked command in '/home/ubuntu/scootbot/2.0.0/build/scootbot' returned '0': CMAKE_PREFIX_PATH=${CMAKE_PREFIX_PATH}:/home/ubuntu/scootbot/1.0.0/install/sabertooth:/home/ubuntu/scootbot/1.0.0/install/joy_cmd:/home/ubuntu/scootbot/1.0.0/install/differential_drive:/opt/ros/humble /usr/bin/cmake --install /home/ubuntu/scootbot/2.0.0/build/scootbot
[0.464s] Level 1:colcon.colcon_core.environment:checking '/home/ubuntu/scootbot/2.0.0/install/scootbot' for CMake module files
[0.465s] Level 1:colcon.colcon_core.environment:checking '/home/ubuntu/scootbot/2.0.0/install/scootbot' for CMake config files
[0.465s] Level 1:colcon.colcon_core.shell:create_environment_hook('scootbot', 'cmake_prefix_path')
[0.467s] INFO:colcon.colcon_core.shell:Creating environment hook '/home/ubuntu/scootbot/2.0.0/install/scootbot/share/scootbot/hook/cmake_prefix_path.ps1'
[0.467s] INFO:colcon.colcon_core.shell:Creating environment descriptor '/home/ubuntu/scootbot/2.0.0/install/scootbot/share/scootbot/hook/cmake_prefix_path.dsv'
[0.467s] INFO:colcon.colcon_core.shell:Creating environment hook '/home/ubuntu/scootbot/2.0.0/install/scootbot/share/scootbot/hook/cmake_prefix_path.sh'
[0.468s] Level 1:colcon.colcon_core.environment:checking '/home/ubuntu/scootbot/2.0.0/install/scootbot/bin'
[0.468s] Level 1:colcon.colcon_core.environment:checking '/home/ubuntu/scootbot/2.0.0/install/scootbot/lib/pkgconfig/scootbot.pc'
[0.468s] Level 1:colcon.colcon_core.environment:checking '/home/ubuntu/scootbot/2.0.0/install/scootbot/lib/python3.10/site-packages'
[0.468s] Level 1:colcon.colcon_core.environment:checking '/home/ubuntu/scootbot/2.0.0/install/scootbot/bin'
[0.469s] INFO:colcon.colcon_core.shell:Creating package script '/home/ubuntu/scootbot/2.0.0/install/scootbot/share/scootbot/package.ps1'
[0.470s] INFO:colcon.colcon_core.shell:Creating package descriptor '/home/ubuntu/scootbot/2.0.0/install/scootbot/share/scootbot/package.dsv'
[0.470s] INFO:colcon.colcon_core.shell:Creating package script '/home/ubuntu/scootbot/2.0.0/install/scootbot/share/scootbot/package.sh'
[0.471s] INFO:colcon.colcon_core.shell:Creating package script '/home/ubuntu/scootbot/2.0.0/install/scootbot/share/scootbot/package.bash'
[0.471s] INFO:colcon.colcon_core.shell:Creating package script '/home/ubuntu/scootbot/2.0.0/install/scootbot/share/scootbot/package.zsh'
[0.472s] Level 1:colcon.colcon_core.environment:create_file_with_runtime_dependencies(/home/ubuntu/scootbot/2.0.0/install/scootbot/share/colcon-core/packages/scootbot)
[0.485s] Level 1:colcon.colcon_core.environment:create_environment_scripts_only(scootbot)
[0.487s] Level 1:colcon.colcon_core.environment:checking '/home/ubuntu/scootbot/2.0.0/install/scootbot' for CMake module files
[0.487s] Level 1:colcon.colcon_core.environment:checking '/home/ubuntu/scootbot/2.0.0/install/scootbot' for CMake config files
[0.487s] Level 1:colcon.colcon_core.shell:create_environment_hook('scootbot', 'cmake_prefix_path')
[0.489s] INFO:colcon.colcon_core.shell:Creating environment hook '/home/ubuntu/scootbot/2.0.0/install/scootbot/share/scootbot/hook/cmake_prefix_path.ps1'
[0.489s] INFO:colcon.colcon_core.shell:Creating environment descriptor '/home/ubuntu/scootbot/2.0.0/install/scootbot/share/scootbot/hook/cmake_prefix_path.dsv'
[0.490s] INFO:colcon.colcon_core.shell:Creating environment hook '/home/ubuntu/scootbot/2.0.0/install/scootbot/share/scootbot/hook/cmake_prefix_path.sh'
[0.490s] Level 1:colcon.colcon_core.environment:checking '/home/ubuntu/scootbot/2.0.0/install/scootbot/bin'
[0.490s] Level 1:colcon.colcon_core.environment:checking '/home/ubuntu/scootbot/2.0.0/install/scootbot/lib/pkgconfig/scootbot.pc'
[0.491s] Level 1:colcon.colcon_core.environment:checking '/home/ubuntu/scootbot/2.0.0/install/scootbot/lib/python3.10/site-packages'
[0.491s] Level 1:colcon.colcon_core.environment:checking '/home/ubuntu/scootbot/2.0.0/install/scootbot/bin'
[0.493s] INFO:colcon.colcon_core.shell:Creating package script '/home/ubuntu/scootbot/2.0.0/install/scootbot/share/scootbot/package.ps1'
[0.493s] INFO:colcon.colcon_core.shell:Creating package descriptor '/home/ubuntu/scootbot/2.0.0/install/scootbot/share/scootbot/package.dsv'
[0.494s] INFO:colcon.colcon_core.shell:Creating package script '/home/ubuntu/scootbot/2.0.0/install/scootbot/share/scootbot/package.sh'
[0.494s] INFO:colcon.colcon_core.shell:Creating package script '/home/ubuntu/scootbot/2.0.0/install/scootbot/share/scootbot/package.bash'
[0.494s] INFO:colcon.colcon_core.shell:Creating package script '/home/ubuntu/scootbot/2.0.0/install/scootbot/share/scootbot/package.zsh'
[0.495s] Level 1:colcon.colcon_core.environment:create_file_with_runtime_dependencies(/home/ubuntu/scootbot/2.0.0/install/scootbot/share/colcon-core/packages/scootbot)
[1.285s] DEBUG:colcon.colcon_core.event_handler.log_command:Invoked command in '/home/ubuntu/scootbot/2.0.0/build/twist_mux' returned '0': CMAKE_PREFIX_PATH=${CMAKE_PREFIX_PATH}:/home/ubuntu/scootbot/1.0.0/install/sabertooth:/home/ubuntu/scootbot/1.0.0/install/joy_cmd:/home/ubuntu/scootbot/1.0.0/install/differential_drive:/opt/ros/humble /usr/bin/cmake /home/ubuntu/scootbot/2.0.0/src/twist_mux -DAMENT_CMAKE_SYMLINK_INSTALL=1 -DCMAKE_INSTALL_PREFIX=/home/ubuntu/scootbot/2.0.0/install/twist_mux
[1.286s] DEBUG:colcon.colcon_core.event_handler.log_command:Invoking command in '/home/ubuntu/scootbot/2.0.0/build/twist_mux': CMAKE_PREFIX_PATH=${CMAKE_PREFIX_PATH}:/home/ubuntu/scootbot/1.0.0/install/sabertooth:/home/ubuntu/scootbot/1.0.0/install/joy_cmd:/home/ubuntu/scootbot/1.0.0/install/differential_drive:/opt/ros/humble /usr/bin/cmake --build /home/ubuntu/scootbot/2.0.0/build/twist_mux -- -j20 -l20
[10.284s] DEBUG:colcon.colcon_core.event_handler.log_command:Invoked command in '/home/ubuntu/scootbot/2.0.0/build/twist_mux' returned '0': CMAKE_PREFIX_PATH=${CMAKE_PREFIX_PATH}:/home/ubuntu/scootbot/1.0.0/install/sabertooth:/home/ubuntu/scootbot/1.0.0/install/joy_cmd:/home/ubuntu/scootbot/1.0.0/install/differential_drive:/opt/ros/humble /usr/bin/cmake --build /home/ubuntu/scootbot/2.0.0/build/twist_mux -- -j20 -l20
[10.298s] DEBUG:colcon.colcon_core.event_handler.log_command:Invoking command in '/home/ubuntu/scootbot/2.0.0/build/twist_mux': CMAKE_PREFIX_PATH=${CMAKE_PREFIX_PATH}:/home/ubuntu/scootbot/1.0.0/install/sabertooth:/home/ubuntu/scootbot/1.0.0/install/joy_cmd:/home/ubuntu/scootbot/1.0.0/install/differential_drive:/opt/ros/humble /usr/bin/cmake --install /home/ubuntu/scootbot/2.0.0/build/twist_mux
[10.419s] Level 1:colcon.colcon_core.environment:create_environment_scripts_only(twist_mux)
[10.420s] DEBUG:colcon.colcon_core.event_handler.log_command:Invoked command in '/home/ubuntu/scootbot/2.0.0/build/twist_mux' returned '0': CMAKE_PREFIX_PATH=${CMAKE_PREFIX_PATH}:/home/ubuntu/scootbot/1.0.0/install/sabertooth:/home/ubuntu/scootbot/1.0.0/install/joy_cmd:/home/ubuntu/scootbot/1.0.0/install/differential_drive:/opt/ros/humble /usr/bin/cmake --install /home/ubuntu/scootbot/2.0.0/build/twist_mux
[10.421s] Level 1:colcon.colcon_core.environment:checking '/home/ubuntu/scootbot/2.0.0/install/twist_mux' for CMake module files
[10.422s] Level 1:colcon.colcon_core.environment:checking '/home/ubuntu/scootbot/2.0.0/install/twist_mux' for CMake config files
[10.422s] Level 1:colcon.colcon_core.shell:create_environment_hook('twist_mux', 'cmake_prefix_path')
[10.423s] INFO:colcon.colcon_core.shell:Creating environment hook '/home/ubuntu/scootbot/2.0.0/install/twist_mux/share/twist_mux/hook/cmake_prefix_path.ps1'
[10.423s] INFO:colcon.colcon_core.shell:Creating environment descriptor '/home/ubuntu/scootbot/2.0.0/install/twist_mux/share/twist_mux/hook/cmake_prefix_path.dsv'
[10.423s] INFO:colcon.colcon_core.shell:Creating environment hook '/home/ubuntu/scootbot/2.0.0/install/twist_mux/share/twist_mux/hook/cmake_prefix_path.sh'
[10.424s] Level 1:colcon.colcon_core.environment:checking '/home/ubuntu/scootbot/2.0.0/install/twist_mux/lib'
[10.424s] Level 1:colcon.colcon_core.environment:checking '/home/ubuntu/scootbot/2.0.0/install/twist_mux/bin'
[10.424s] Level 1:colcon.colcon_core.environment:checking '/home/ubuntu/scootbot/2.0.0/install/twist_mux/lib/pkgconfig/twist_mux.pc'
[10.424s] Level 1:colcon.colcon_core.environment:checking '/home/ubuntu/scootbot/2.0.0/install/twist_mux/lib/python3.10/site-packages'
[10.424s] Level 1:colcon.colcon_core.environment:checking '/home/ubuntu/scootbot/2.0.0/install/twist_mux/bin'
[10.425s] INFO:colcon.colcon_core.shell:Creating package script '/home/ubuntu/scootbot/2.0.0/install/twist_mux/share/twist_mux/package.ps1'
[10.426s] INFO:colcon.colcon_core.shell:Creating package descriptor '/home/ubuntu/scootbot/2.0.0/install/twist_mux/share/twist_mux/package.dsv'
[10.426s] INFO:colcon.colcon_core.shell:Creating package script '/home/ubuntu/scootbot/2.0.0/install/twist_mux/share/twist_mux/package.sh'
[10.426s] INFO:colcon.colcon_core.shell:Creating package script '/home/ubuntu/scootbot/2.0.0/install/twist_mux/share/twist_mux/package.bash'
[10.427s] INFO:colcon.colcon_core.shell:Creating package script '/home/ubuntu/scootbot/2.0.0/install/twist_mux/share/twist_mux/package.zsh'
[10.427s] Level 1:colcon.colcon_core.environment:create_file_with_runtime_dependencies(/home/ubuntu/scootbot/2.0.0/install/twist_mux/share/colcon-core/packages/twist_mux)
[10.443s] Level 1:colcon.colcon_core.environment:create_environment_scripts_only(twist_mux)
[10.445s] Level 1:colcon.colcon_core.environment:checking '/home/ubuntu/scootbot/2.0.0/install/twist_mux' for CMake module files
[10.445s] Level 1:colcon.colcon_core.environment:checking '/home/ubuntu/scootbot/2.0.0/install/twist_mux' for CMake config files
[10.445s] Level 1:colcon.colcon_core.shell:create_environment_hook('twist_mux', 'cmake_prefix_path')
[10.446s] INFO:colcon.colcon_core.shell:Creating environment hook '/home/ubuntu/scootbot/2.0.0/install/twist_mux/share/twist_mux/hook/cmake_prefix_path.ps1'
[10.447s] INFO:colcon.colcon_core.shell:Creating environment descriptor '/home/ubuntu/scootbot/2.0.0/install/twist_mux/share/twist_mux/hook/cmake_prefix_path.dsv'
[10.447s] INFO:colcon.colcon_core.shell:Creating environment hook '/home/ubuntu/scootbot/2.0.0/install/twist_mux/share/twist_mux/hook/cmake_prefix_path.sh'
[10.447s] Level 1:colcon.colcon_core.environment:checking '/home/ubuntu/scootbot/2.0.0/install/twist_mux/lib'
[10.447s] Level 1:colcon.colcon_core.environment:checking '/home/ubuntu/scootbot/2.0.0/install/twist_mux/bin'
[10.447s] Level 1:colcon.colcon_core.environment:checking '/home/ubuntu/scootbot/2.0.0/install/twist_mux/lib/pkgconfig/twist_mux.pc'
[10.448s] Level 1:colcon.colcon_core.environment:checking '/home/ubuntu/scootbot/2.0.0/install/twist_mux/lib/python3.10/site-packages'
[10.448s] Level 1:colcon.colcon_core.environment:checking '/home/ubuntu/scootbot/2.0.0/install/twist_mux/bin'
[10.449s] INFO:colcon.colcon_core.shell:Creating package script '/home/ubuntu/scootbot/2.0.0/install/twist_mux/share/twist_mux/package.ps1'
[10.449s] INFO:colcon.colcon_core.shell:Creating package descriptor '/home/ubuntu/scootbot/2.0.0/install/twist_mux/share/twist_mux/package.dsv'
[10.449s] INFO:colcon.colcon_core.shell:Creating package script '/home/ubuntu/scootbot/2.0.0/install/twist_mux/share/twist_mux/package.sh'
[10.449s] INFO:colcon.colcon_core.shell:Creating package script '/home/ubuntu/scootbot/2.0.0/install/twist_mux/share/twist_mux/package.bash'
[10.450s] INFO:colcon.colcon_core.shell:Creating package script '/home/ubuntu/scootbot/2.0.0/install/twist_mux/share/twist_mux/package.zsh'
[10.450s] Level 1:colcon.colcon_core.environment:create_file_with_runtime_dependencies(/home/ubuntu/scootbot/2.0.0/install/twist_mux/share/colcon-core/packages/twist_mux)
[10.450s] DEBUG:colcon.colcon_parallel_executor.executor.parallel:closing loop
[10.450s] DEBUG:colcon.colcon_parallel_executor.executor.parallel:loop closed
[10.450s] DEBUG:colcon.colcon_parallel_executor.executor.parallel:run_until_complete finished with '0'
[10.450s] DEBUG:colcon.colcon_core.event_reactor:joining thread
[10.454s] INFO:colcon.colcon_core.plugin_system:Skipping extension 'colcon_notification.desktop_notification.terminal_notifier': Not used on non-Darwin systems
[10.455s] INFO:colcon.colcon_core.plugin_system:Skipping extension 'colcon_notification.desktop_notification.win32': Not used on non-Windows systems
[10.455s] INFO:colcon.colcon_notification.desktop_notification:Sending desktop notification using 'notify2'
[10.462s] DEBUG:colcon.colcon_core.event_reactor:joined thread
[10.463s] INFO:colcon.colcon_core.shell:Creating prefix script '/home/ubuntu/scootbot/2.0.0/install/local_setup.ps1'
[10.464s] INFO:colcon.colcon_core.shell:Creating prefix util module '/home/ubuntu/scootbot/2.0.0/install/_local_setup_util_ps1.py'
[10.465s] INFO:colcon.colcon_core.shell:Creating prefix chain script '/home/ubuntu/scootbot/2.0.0/install/setup.ps1'
[10.466s] INFO:colcon.colcon_core.shell:Creating prefix script '/home/ubuntu/scootbot/2.0.0/install/local_setup.sh'
[10.466s] INFO:colcon.colcon_core.shell:Creating prefix util module '/home/ubuntu/scootbot/2.0.0/install/_local_setup_util_sh.py'
[10.466s] INFO:colcon.colcon_core.shell:Creating prefix chain script '/home/ubuntu/scootbot/2.0.0/install/setup.sh'
[10.467s] INFO:colcon.colcon_core.shell:Creating prefix script '/home/ubuntu/scootbot/2.0.0/install/local_setup.bash'
[10.468s] INFO:colcon.colcon_core.shell:Creating prefix chain script '/home/ubuntu/scootbot/2.0.0/install/setup.bash'
[10.469s] INFO:colcon.colcon_core.shell:Creating prefix script '/home/ubuntu/scootbot/2.0.0/install/local_setup.zsh'
[10.469s] INFO:colcon.colcon_core.shell:Creating prefix chain script '/home/ubuntu/scootbot/2.0.0/install/setup.zsh'
