[7.671s] Invoking command in '/home/ubuntu/scootbot/src/sabertooth': PYTHONPATH=/home/ubuntu/scootbot/install/sabertooth/lib/python3.8/site-packages:${PYTHONPATH} /usr/bin/python3 setup.py egg_info --egg-base ../../build/sabertooth build --build-base /home/ubuntu/scootbot/build/sabertooth/build install --prefix /home/ubuntu/scootbot/install/sabertooth --record /home/ubuntu/scootbot/build/sabertooth/install.log --single-version-externally-managed
[9.595s] running egg_info
[9.600s] writing ../../build/sabertooth/sabertooth.egg-info/PKG-INFO
[9.603s] writing dependency_links to ../../build/sabertooth/sabertooth.egg-info/dependency_links.txt
[9.606s] writing entry points to ../../build/sabertooth/sabertooth.egg-info/entry_points.txt
[9.610s] writing requirements to ../../build/sabertooth/sabertooth.egg-info/requires.txt
[9.611s] writing top-level names to ../../build/sabertooth/sabertooth.egg-info/top_level.txt
[9.963s] reading manifest file '../../build/sabertooth/sabertooth.egg-info/SOURCES.txt'
[9.973s] writing manifest file '../../build/sabertooth/sabertooth.egg-info/SOURCES.txt'
[9.975s] running build
[9.976s] running build_py
[9.981s] copying sabertooth/drive.py -> /home/ubuntu/scootbot/build/sabertooth/build/lib/sabertooth
[9.984s] running install
[9.990s] running install_lib
[9.998s] copying /home/ubuntu/scootbot/build/sabertooth/build/lib/sabertooth/drive.py -> /home/ubuntu/scootbot/install/sabertooth/lib/python3.8/site-packages/sabertooth
[10.003s] byte-compiling /home/ubuntu/scootbot/install/sabertooth/lib/python3.8/site-packages/sabertooth/drive.py to drive.cpython-38.pyc
[10.018s] running install_data
[10.022s] running install_egg_info
[10.035s] removing '/home/ubuntu/scootbot/install/sabertooth/lib/python3.8/site-packages/sabertooth-0.0.0-py3.8.egg-info' (and everything under it)
[10.039s] Copying ../../build/sabertooth/sabertooth.egg-info to /home/ubuntu/scootbot/install/sabertooth/lib/python3.8/site-packages/sabertooth-0.0.0-py3.8.egg-info
[10.050s] running install_scripts
[10.194s] Installing drive script to /home/ubuntu/scootbot/install/sabertooth/lib/sabertooth
[10.197s] writing list of installed files to '/home/ubuntu/scootbot/build/sabertooth/install.log'
[10.403s] Invoked command in '/home/ubuntu/scootbot/src/sabertooth' returned '0': PYTHONPATH=/home/ubuntu/scootbot/install/sabertooth/lib/python3.8/site-packages:${PYTHONPATH} /usr/bin/python3 setup.py egg_info --egg-base ../../build/sabertooth build --build-base /home/ubuntu/scootbot/build/sabertooth/build install --prefix /home/ubuntu/scootbot/install/sabertooth --record /home/ubuntu/scootbot/build/sabertooth/install.log --single-version-externally-managed
