[2.039s] DEBUG:colcon:Command line arguments: ['/usr/bin/colcon', 'build']
[2.040s] DEBUG:colcon:Parsed command line arguments: Namespace(log_base=None, log_level=None, verb_name='build', build_base='build', install_base='install', merge_install=False, symlink_install=False, test_result_base=None, continue_on_error=False, executor='parallel', parallel_workers=4, event_handlers=None, ignore_user_meta=False, metas=['./colcon.meta'], base_paths=['.'], packages_ignore=None, packages_ignore_regex=None, paths=None, packages_up_to=None, packages_up_to_regex=None, packages_above=None, packages_above_and_dependencies=None, packages_above_depth=None, packages_select_by_dep=None, packages_skip_by_dep=None, packages_skip_up_to=None, packages_select_build_failed=False, packages_skip_build_finished=False, packages_select_test_failures=False, packages_skip_test_passed=False, packages_select=None, packages_skip=None, packages_select_regex=None, packages_skip_regex=None, packages_start=None, packages_end=None, allow_overriding=[], cmake_args=None, cmake_target=None, cmake_target_skip_unavailable=False, cmake_clean_cache=False, cmake_clean_first=False, cmake_force_configure=False, ament_cmake_args=None, catkin_cmake_args=None, catkin_skip_building_tests=False, verb_parser=<colcon_defaults.argument_parser.defaults.DefaultArgumentsDecorator object at 0x7f9bfcdbeaa0>, verb_extension=<colcon_core.verb.build.BuildVerb object at 0x7f9bfd5cbf10>, main=<bound method BuildVerb.main of <colcon_core.verb.build.BuildVerb object at 0x7f9bfd5cbf10>>)
[2.110s] Level 1:colcon.colcon_core.package_discovery:discover_packages(colcon_meta) check parameters
[2.111s] Level 1:colcon.colcon_core.package_discovery:discover_packages(recursive) check parameters
[2.111s] Level 1:colcon.colcon_core.package_discovery:discover_packages(ignore) check parameters
[2.111s] Level 1:colcon.colcon_core.package_discovery:discover_packages(path) check parameters
[2.111s] Level 1:colcon.colcon_core.package_discovery:discover_packages(colcon_meta) discover
[2.111s] Level 1:colcon.colcon_core.package_discovery:discover_packages(recursive) discover
[2.111s] INFO:colcon.colcon_core.package_discovery:Crawling recursively for packages in '/home/ubuntu/scootbot/3.0.0'
[2.111s] Level 1:colcon.colcon_core.package_identification:_identify(.) by extensions ['ignore', 'ignore_ament_install']
[2.112s] Level 1:colcon.colcon_core.package_identification:_identify(.) by extension 'ignore'
[2.112s] Level 1:colcon.colcon_core.package_identification:_identify(.) by extension 'ignore_ament_install'
[2.112s] Level 1:colcon.colcon_core.package_identification:_identify(.) by extensions ['colcon_pkg']
[2.112s] Level 1:colcon.colcon_core.package_identification:_identify(.) by extension 'colcon_pkg'
[2.112s] Level 1:colcon.colcon_core.package_identification:_identify(.) by extensions ['colcon_meta']
[2.112s] Level 1:colcon.colcon_core.package_identification:_identify(.) by extension 'colcon_meta'
[2.112s] Level 1:colcon.colcon_core.package_identification:_identify(.) by extensions ['ros']
[2.112s] Level 1:colcon.colcon_core.package_identification:_identify(.) by extension 'ros'
[2.139s] Level 1:colcon.colcon_core.package_identification:_identify(.) by extensions ['cmake', 'python']
[2.139s] Level 1:colcon.colcon_core.package_identification:_identify(.) by extension 'cmake'
[2.139s] Level 1:colcon.colcon_core.package_identification:_identify(.) by extension 'python'
[2.139s] Level 1:colcon.colcon_core.package_identification:_identify(.) by extensions ['python_setup_py']
[2.139s] Level 1:colcon.colcon_core.package_identification:_identify(.) by extension 'python_setup_py'
[2.140s] Level 1:colcon.colcon_core.package_identification:_identify(__pycache__) by extensions ['ignore', 'ignore_ament_install']
[2.140s] Level 1:colcon.colcon_core.package_identification:_identify(__pycache__) by extension 'ignore'
[2.140s] Level 1:colcon.colcon_core.package_identification:_identify(__pycache__) by extension 'ignore_ament_install'
[2.140s] Level 1:colcon.colcon_core.package_identification:_identify(__pycache__) by extensions ['colcon_pkg']
[2.140s] Level 1:colcon.colcon_core.package_identification:_identify(__pycache__) by extension 'colcon_pkg'
[2.140s] Level 1:colcon.colcon_core.package_identification:_identify(__pycache__) by extensions ['colcon_meta']
[2.140s] Level 1:colcon.colcon_core.package_identification:_identify(__pycache__) by extension 'colcon_meta'
[2.141s] Level 1:colcon.colcon_core.package_identification:_identify(__pycache__) by extensions ['ros']
[2.141s] Level 1:colcon.colcon_core.package_identification:_identify(__pycache__) by extension 'ros'
[2.141s] Level 1:colcon.colcon_core.package_identification:_identify(__pycache__) by extensions ['cmake', 'python']
[2.141s] Level 1:colcon.colcon_core.package_identification:_identify(__pycache__) by extension 'cmake'
[2.141s] Level 1:colcon.colcon_core.package_identification:_identify(__pycache__) by extension 'python'
[2.141s] Level 1:colcon.colcon_core.package_identification:_identify(__pycache__) by extensions ['python_setup_py']
[2.141s] Level 1:colcon.colcon_core.package_identification:_identify(__pycache__) by extension 'python_setup_py'
[2.141s] Level 1:colcon.colcon_core.package_identification:_identify(build) by extensions ['ignore', 'ignore_ament_install']
[2.142s] Level 1:colcon.colcon_core.package_identification:_identify(build) by extension 'ignore'
[2.142s] Level 1:colcon.colcon_core.package_identification:_identify(build) ignored
[2.142s] Level 1:colcon.colcon_core.package_identification:_identify(install) by extensions ['ignore', 'ignore_ament_install']
[2.142s] Level 1:colcon.colcon_core.package_identification:_identify(install) by extension 'ignore'
[2.142s] Level 1:colcon.colcon_core.package_identification:_identify(install) ignored
[2.143s] Level 1:colcon.colcon_core.package_identification:_identify(local_tests) by extensions ['ignore', 'ignore_ament_install']
[2.143s] Level 1:colcon.colcon_core.package_identification:_identify(local_tests) by extension 'ignore'
[2.143s] Level 1:colcon.colcon_core.package_identification:_identify(local_tests) by extension 'ignore_ament_install'
[2.143s] Level 1:colcon.colcon_core.package_identification:_identify(local_tests) by extensions ['colcon_pkg']
[2.143s] Level 1:colcon.colcon_core.package_identification:_identify(local_tests) by extension 'colcon_pkg'
[2.143s] Level 1:colcon.colcon_core.package_identification:_identify(local_tests) by extensions ['colcon_meta']
[2.143s] Level 1:colcon.colcon_core.package_identification:_identify(local_tests) by extension 'colcon_meta'
[2.143s] Level 1:colcon.colcon_core.package_identification:_identify(local_tests) by extensions ['ros']
[2.143s] Level 1:colcon.colcon_core.package_identification:_identify(local_tests) by extension 'ros'
[2.144s] Level 1:colcon.colcon_core.package_identification:_identify(local_tests) by extensions ['cmake', 'python']
[2.144s] Level 1:colcon.colcon_core.package_identification:_identify(local_tests) by extension 'cmake'
[2.144s] Level 1:colcon.colcon_core.package_identification:_identify(local_tests) by extension 'python'
[2.144s] Level 1:colcon.colcon_core.package_identification:_identify(local_tests) by extensions ['python_setup_py']
[2.144s] Level 1:colcon.colcon_core.package_identification:_identify(local_tests) by extension 'python_setup_py'
[2.144s] Level 1:colcon.colcon_core.package_identification:_identify(local_tests/__pycache__) by extensions ['ignore', 'ignore_ament_install']
[2.145s] Level 1:colcon.colcon_core.package_identification:_identify(local_tests/__pycache__) by extension 'ignore'
[2.145s] Level 1:colcon.colcon_core.package_identification:_identify(local_tests/__pycache__) by extension 'ignore_ament_install'
[2.145s] Level 1:colcon.colcon_core.package_identification:_identify(local_tests/__pycache__) by extensions ['colcon_pkg']
[2.145s] Level 1:colcon.colcon_core.package_identification:_identify(local_tests/__pycache__) by extension 'colcon_pkg'
[2.145s] Level 1:colcon.colcon_core.package_identification:_identify(local_tests/__pycache__) by extensions ['colcon_meta']
[2.145s] Level 1:colcon.colcon_core.package_identification:_identify(local_tests/__pycache__) by extension 'colcon_meta'
[2.145s] Level 1:colcon.colcon_core.package_identification:_identify(local_tests/__pycache__) by extensions ['ros']
[2.145s] Level 1:colcon.colcon_core.package_identification:_identify(local_tests/__pycache__) by extension 'ros'
[2.146s] Level 1:colcon.colcon_core.package_identification:_identify(local_tests/__pycache__) by extensions ['cmake', 'python']
[2.146s] Level 1:colcon.colcon_core.package_identification:_identify(local_tests/__pycache__) by extension 'cmake'
[2.146s] Level 1:colcon.colcon_core.package_identification:_identify(local_tests/__pycache__) by extension 'python'
[2.146s] Level 1:colcon.colcon_core.package_identification:_identify(local_tests/__pycache__) by extensions ['python_setup_py']
[2.146s] Level 1:colcon.colcon_core.package_identification:_identify(local_tests/__pycache__) by extension 'python_setup_py'
[2.146s] Level 1:colcon.colcon_core.package_identification:_identify(log) by extensions ['ignore', 'ignore_ament_install']
[2.146s] Level 1:colcon.colcon_core.package_identification:_identify(log) by extension 'ignore'
[2.147s] Level 1:colcon.colcon_core.package_identification:_identify(log) ignored
[2.147s] Level 1:colcon.colcon_core.package_identification:_identify(src) by extensions ['ignore', 'ignore_ament_install']
[2.147s] Level 1:colcon.colcon_core.package_identification:_identify(src) by extension 'ignore'
[2.147s] Level 1:colcon.colcon_core.package_identification:_identify(src) by extension 'ignore_ament_install'
[2.147s] Level 1:colcon.colcon_core.package_identification:_identify(src) by extensions ['colcon_pkg']
[2.147s] Level 1:colcon.colcon_core.package_identification:_identify(src) by extension 'colcon_pkg'
[2.147s] Level 1:colcon.colcon_core.package_identification:_identify(src) by extensions ['colcon_meta']
[2.148s] Level 1:colcon.colcon_core.package_identification:_identify(src) by extension 'colcon_meta'
[2.148s] Level 1:colcon.colcon_core.package_identification:_identify(src) by extensions ['ros']
[2.148s] Level 1:colcon.colcon_core.package_identification:_identify(src) by extension 'ros'
[2.148s] Level 1:colcon.colcon_core.package_identification:_identify(src) by extensions ['cmake', 'python']
[2.148s] Level 1:colcon.colcon_core.package_identification:_identify(src) by extension 'cmake'
[2.148s] Level 1:colcon.colcon_core.package_identification:_identify(src) by extension 'python'
[2.148s] Level 1:colcon.colcon_core.package_identification:_identify(src) by extensions ['python_setup_py']
[2.148s] Level 1:colcon.colcon_core.package_identification:_identify(src) by extension 'python_setup_py'
[2.149s] Level 1:colcon.colcon_core.package_identification:_identify(src/diffdrive_arduino) by extensions ['ignore', 'ignore_ament_install']
[2.149s] Level 1:colcon.colcon_core.package_identification:_identify(src/diffdrive_arduino) by extension 'ignore'
[2.149s] Level 1:colcon.colcon_core.package_identification:_identify(src/diffdrive_arduino) by extension 'ignore_ament_install'
[2.149s] Level 1:colcon.colcon_core.package_identification:_identify(src/diffdrive_arduino) by extensions ['colcon_pkg']
[2.149s] Level 1:colcon.colcon_core.package_identification:_identify(src/diffdrive_arduino) by extension 'colcon_pkg'
[2.149s] Level 1:colcon.colcon_core.package_identification:_identify(src/diffdrive_arduino) by extensions ['colcon_meta']
[2.149s] Level 1:colcon.colcon_core.package_identification:_identify(src/diffdrive_arduino) by extension 'colcon_meta'
[2.149s] Level 1:colcon.colcon_core.package_identification:_identify(src/diffdrive_arduino) by extensions ['ros']
[2.150s] Level 1:colcon.colcon_core.package_identification:_identify(src/diffdrive_arduino) by extension 'ros'
[2.156s] DEBUG:colcon.colcon_core.package_identification:Package 'src/diffdrive_arduino' with type 'ros.ament_cmake' and name 'diffdrive_arduino'
[2.156s] Level 1:colcon.colcon_core.package_identification:_identify(src/scootbot) by extensions ['ignore', 'ignore_ament_install']
[2.157s] Level 1:colcon.colcon_core.package_identification:_identify(src/scootbot) by extension 'ignore'
[2.157s] Level 1:colcon.colcon_core.package_identification:_identify(src/scootbot) by extension 'ignore_ament_install'
[2.157s] Level 1:colcon.colcon_core.package_identification:_identify(src/scootbot) by extensions ['colcon_pkg']
[2.157s] Level 1:colcon.colcon_core.package_identification:_identify(src/scootbot) by extension 'colcon_pkg'
[2.157s] Level 1:colcon.colcon_core.package_identification:_identify(src/scootbot) by extensions ['colcon_meta']
[2.157s] Level 1:colcon.colcon_core.package_identification:_identify(src/scootbot) by extension 'colcon_meta'
[2.157s] Level 1:colcon.colcon_core.package_identification:_identify(src/scootbot) by extensions ['ros']
[2.157s] Level 1:colcon.colcon_core.package_identification:_identify(src/scootbot) by extension 'ros'
[2.158s] DEBUG:colcon.colcon_core.package_identification:Package 'src/scootbot' with type 'ros.ament_cmake' and name 'scootbot'
[2.159s] Level 1:colcon.colcon_core.package_identification:_identify(src/serial) by extensions ['ignore', 'ignore_ament_install']
[2.159s] Level 1:colcon.colcon_core.package_identification:_identify(src/serial) by extension 'ignore'
[2.159s] Level 1:colcon.colcon_core.package_identification:_identify(src/serial) by extension 'ignore_ament_install'
[2.159s] Level 1:colcon.colcon_core.package_identification:_identify(src/serial) by extensions ['colcon_pkg']
[2.159s] Level 1:colcon.colcon_core.package_identification:_identify(src/serial) by extension 'colcon_pkg'
[2.159s] Level 1:colcon.colcon_core.package_identification:_identify(src/serial) by extensions ['colcon_meta']
[2.160s] Level 1:colcon.colcon_core.package_identification:_identify(src/serial) by extension 'colcon_meta'
[2.160s] Level 1:colcon.colcon_core.package_identification:_identify(src/serial) by extensions ['ros']
[2.160s] Level 1:colcon.colcon_core.package_identification:_identify(src/serial) by extension 'ros'
[2.163s] DEBUG:colcon.colcon_core.package_identification:Package 'src/serial' with type 'ros.ament_cmake' and name 'serial'
[2.163s] Level 1:colcon.colcon_core.package_identification:_identify(src/twist_mux) by extensions ['ignore', 'ignore_ament_install']
[2.163s] Level 1:colcon.colcon_core.package_identification:_identify(src/twist_mux) by extension 'ignore'
[2.163s] Level 1:colcon.colcon_core.package_identification:_identify(src/twist_mux) by extension 'ignore_ament_install'
[2.163s] Level 1:colcon.colcon_core.package_identification:_identify(src/twist_mux) by extensions ['colcon_pkg']
[2.164s] Level 1:colcon.colcon_core.package_identification:_identify(src/twist_mux) by extension 'colcon_pkg'
[2.164s] Level 1:colcon.colcon_core.package_identification:_identify(src/twist_mux) by extensions ['colcon_meta']
[2.164s] Level 1:colcon.colcon_core.package_identification:_identify(src/twist_mux) by extension 'colcon_meta'
[2.164s] Level 1:colcon.colcon_core.package_identification:_identify(src/twist_mux) by extensions ['ros']
[2.164s] Level 1:colcon.colcon_core.package_identification:_identify(src/twist_mux) by extension 'ros'
[2.166s] DEBUG:colcon.colcon_core.package_identification:Package 'src/twist_mux' with type 'ros.ament_cmake' and name 'twist_mux'
[2.167s] Level 1:colcon.colcon_core.package_discovery:discover_packages(recursive) using defaults
[2.167s] Level 1:colcon.colcon_core.package_discovery:discover_packages(ignore) discover
[2.167s] Level 1:colcon.colcon_core.package_discovery:discover_packages(ignore) using defaults
[2.167s] Level 1:colcon.colcon_core.package_discovery:discover_packages(path) discover
[2.167s] Level 1:colcon.colcon_core.package_discovery:discover_packages(path) using defaults
[2.219s] Level 1:colcon.colcon_core.package_discovery:discover_packages(prefix_path) check parameters
[2.219s] Level 1:colcon.colcon_core.package_discovery:discover_packages(prefix_path) discover
[2.225s] DEBUG:colcon.colcon_installed_package_information.package_discovery:Found 4 installed packages in /home/ubuntu/scootbot/3.0.0/install
[2.229s] DEBUG:colcon.colcon_installed_package_information.package_discovery:Found 281 installed packages in /opt/ros/humble
[2.233s] Level 1:colcon.colcon_core.package_discovery:discover_packages(prefix_path) using defaults
[2.364s] Level 5:colcon.colcon_core.verb:set package 'scootbot' build argument 'cmake_args' from command line to 'None'
[2.364s] Level 5:colcon.colcon_core.verb:set package 'scootbot' build argument 'cmake_target' from command line to 'None'
[2.364s] Level 5:colcon.colcon_core.verb:set package 'scootbot' build argument 'cmake_target_skip_unavailable' from command line to 'False'
[2.364s] Level 5:colcon.colcon_core.verb:set package 'scootbot' build argument 'cmake_clean_cache' from command line to 'False'
[2.365s] Level 5:colcon.colcon_core.verb:set package 'scootbot' build argument 'cmake_clean_first' from command line to 'False'
[2.365s] Level 5:colcon.colcon_core.verb:set package 'scootbot' build argument 'cmake_force_configure' from command line to 'False'
[2.365s] Level 5:colcon.colcon_core.verb:set package 'scootbot' build argument 'ament_cmake_args' from command line to 'None'
[2.365s] Level 5:colcon.colcon_core.verb:set package 'scootbot' build argument 'catkin_cmake_args' from command line to 'None'
[2.365s] Level 5:colcon.colcon_core.verb:set package 'scootbot' build argument 'catkin_skip_building_tests' from command line to 'False'
[2.365s] DEBUG:colcon.colcon_core.verb:Building package 'scootbot' with the following arguments: {'ament_cmake_args': None, 'build_base': '/home/ubuntu/scootbot/3.0.0/build/scootbot', 'catkin_cmake_args': None, 'catkin_skip_building_tests': False, 'cmake_args': None, 'cmake_clean_cache': False, 'cmake_clean_first': False, 'cmake_force_configure': False, 'cmake_target': None, 'cmake_target_skip_unavailable': False, 'install_base': '/home/ubuntu/scootbot/3.0.0/install/scootbot', 'merge_install': False, 'path': '/home/ubuntu/scootbot/3.0.0/src/scootbot', 'symlink_install': False, 'test_result_base': None}
[2.367s] Level 5:colcon.colcon_core.verb:set package 'serial' build argument 'cmake_args' from command line to 'None'
[2.367s] Level 5:colcon.colcon_core.verb:set package 'serial' build argument 'cmake_target' from command line to 'None'
[2.368s] Level 5:colcon.colcon_core.verb:set package 'serial' build argument 'cmake_target_skip_unavailable' from command line to 'False'
[2.368s] Level 5:colcon.colcon_core.verb:set package 'serial' build argument 'cmake_clean_cache' from command line to 'False'
[2.368s] Level 5:colcon.colcon_core.verb:set package 'serial' build argument 'cmake_clean_first' from command line to 'False'
[2.368s] Level 5:colcon.colcon_core.verb:set package 'serial' build argument 'cmake_force_configure' from command line to 'False'
[2.368s] Level 5:colcon.colcon_core.verb:set package 'serial' build argument 'ament_cmake_args' from command line to 'None'
[2.368s] Level 5:colcon.colcon_core.verb:set package 'serial' build argument 'catkin_cmake_args' from command line to 'None'
[2.368s] Level 5:colcon.colcon_core.verb:set package 'serial' build argument 'catkin_skip_building_tests' from command line to 'False'
[2.368s] DEBUG:colcon.colcon_core.verb:Building package 'serial' with the following arguments: {'ament_cmake_args': None, 'build_base': '/home/ubuntu/scootbot/3.0.0/build/serial', 'catkin_cmake_args': None, 'catkin_skip_building_tests': False, 'cmake_args': None, 'cmake_clean_cache': False, 'cmake_clean_first': False, 'cmake_force_configure': False, 'cmake_target': None, 'cmake_target_skip_unavailable': False, 'install_base': '/home/ubuntu/scootbot/3.0.0/install/serial', 'merge_install': False, 'path': '/home/ubuntu/scootbot/3.0.0/src/serial', 'symlink_install': False, 'test_result_base': None}
[2.371s] Level 5:colcon.colcon_core.verb:set package 'twist_mux' build argument 'cmake_args' from command line to 'None'
[2.371s] Level 5:colcon.colcon_core.verb:set package 'twist_mux' build argument 'cmake_target' from command line to 'None'
[2.371s] Level 5:colcon.colcon_core.verb:set package 'twist_mux' build argument 'cmake_target_skip_unavailable' from command line to 'False'
[2.371s] Level 5:colcon.colcon_core.verb:set package 'twist_mux' build argument 'cmake_clean_cache' from command line to 'False'
[2.371s] Level 5:colcon.colcon_core.verb:set package 'twist_mux' build argument 'cmake_clean_first' from command line to 'False'
[2.371s] Level 5:colcon.colcon_core.verb:set package 'twist_mux' build argument 'cmake_force_configure' from command line to 'False'
[2.371s] Level 5:colcon.colcon_core.verb:set package 'twist_mux' build argument 'ament_cmake_args' from command line to 'None'
[2.371s] Level 5:colcon.colcon_core.verb:set package 'twist_mux' build argument 'catkin_cmake_args' from command line to 'None'
[2.371s] Level 5:colcon.colcon_core.verb:set package 'twist_mux' build argument 'catkin_skip_building_tests' from command line to 'False'
[2.371s] DEBUG:colcon.colcon_core.verb:Building package 'twist_mux' with the following arguments: {'ament_cmake_args': None, 'build_base': '/home/ubuntu/scootbot/3.0.0/build/twist_mux', 'catkin_cmake_args': None, 'catkin_skip_building_tests': False, 'cmake_args': None, 'cmake_clean_cache': False, 'cmake_clean_first': False, 'cmake_force_configure': False, 'cmake_target': None, 'cmake_target_skip_unavailable': False, 'install_base': '/home/ubuntu/scootbot/3.0.0/install/twist_mux', 'merge_install': False, 'path': '/home/ubuntu/scootbot/3.0.0/src/twist_mux', 'symlink_install': False, 'test_result_base': None}
[2.374s] Level 5:colcon.colcon_core.verb:set package 'diffdrive_arduino' build argument 'cmake_args' from command line to 'None'
[2.374s] Level 5:colcon.colcon_core.verb:set package 'diffdrive_arduino' build argument 'cmake_target' from command line to 'None'
[2.374s] Level 5:colcon.colcon_core.verb:set package 'diffdrive_arduino' build argument 'cmake_target_skip_unavailable' from command line to 'False'
[2.374s] Level 5:colcon.colcon_core.verb:set package 'diffdrive_arduino' build argument 'cmake_clean_cache' from command line to 'False'
[2.374s] Level 5:colcon.colcon_core.verb:set package 'diffdrive_arduino' build argument 'cmake_clean_first' from command line to 'False'
[2.374s] Level 5:colcon.colcon_core.verb:set package 'diffdrive_arduino' build argument 'cmake_force_configure' from command line to 'False'
[2.374s] Level 5:colcon.colcon_core.verb:set package 'diffdrive_arduino' build argument 'ament_cmake_args' from command line to 'None'
[2.374s] Level 5:colcon.colcon_core.verb:set package 'diffdrive_arduino' build argument 'catkin_cmake_args' from command line to 'None'
[2.374s] Level 5:colcon.colcon_core.verb:set package 'diffdrive_arduino' build argument 'catkin_skip_building_tests' from command line to 'False'
[2.374s] DEBUG:colcon.colcon_core.verb:Building package 'diffdrive_arduino' with the following arguments: {'ament_cmake_args': None, 'build_base': '/home/ubuntu/scootbot/3.0.0/build/diffdrive_arduino', 'catkin_cmake_args': None, 'catkin_skip_building_tests': False, 'cmake_args': None, 'cmake_clean_cache': False, 'cmake_clean_first': False, 'cmake_force_configure': False, 'cmake_target': None, 'cmake_target_skip_unavailable': False, 'install_base': '/home/ubuntu/scootbot/3.0.0/install/diffdrive_arduino', 'merge_install': False, 'path': '/home/ubuntu/scootbot/3.0.0/src/diffdrive_arduino', 'symlink_install': False, 'test_result_base': None}
[2.376s] INFO:colcon.colcon_core.executor:Executing jobs using 'parallel' executor
[2.384s] DEBUG:colcon.colcon_parallel_executor.executor.parallel:run_until_complete
[2.384s] INFO:colcon.colcon_ros.task.ament_cmake.build:Building ROS package in '/home/ubuntu/scootbot/3.0.0/src/serial' with build type 'ament_cmake'
[2.384s] INFO:colcon.colcon_cmake.task.cmake.build:Building CMake package in '/home/ubuntu/scootbot/3.0.0/src/serial'
[2.394s] INFO:colcon.colcon_core.plugin_system:Skipping extension 'colcon_core.shell.bat': Not used on non-Windows systems
[2.395s] INFO:colcon.colcon_core.shell:Skip shell extension 'powershell' for command environment: Not usable outside of PowerShell
[2.395s] DEBUG:colcon.colcon_core.shell:Skip shell extension 'dsv' for command environment
[2.406s] INFO:colcon.colcon_ros.task.ament_cmake.build:Building ROS package in '/home/ubuntu/scootbot/3.0.0/src/scootbot' with build type 'ament_cmake'
[2.406s] INFO:colcon.colcon_cmake.task.cmake.build:Building CMake package in '/home/ubuntu/scootbot/3.0.0/src/scootbot'
[2.410s] INFO:colcon.colcon_core.shell:Skip shell extension 'powershell' for command environment: Not usable outside of PowerShell
[2.411s] DEBUG:colcon.colcon_core.shell:Skip shell extension 'dsv' for command environment
[2.420s] INFO:colcon.colcon_ros.task.ament_cmake.build:Building ROS package in '/home/ubuntu/scootbot/3.0.0/src/twist_mux' with build type 'ament_cmake'
[2.421s] INFO:colcon.colcon_cmake.task.cmake.build:Building CMake package in '/home/ubuntu/scootbot/3.0.0/src/twist_mux'
[2.424s] INFO:colcon.colcon_core.shell:Skip shell extension 'powershell' for command environment: Not usable outside of PowerShell
[2.425s] DEBUG:colcon.colcon_core.shell:Skip shell extension 'dsv' for command environment
[2.448s] DEBUG:colcon.colcon_core.event_handler.log_command:Invoking command in '/home/ubuntu/scootbot/3.0.0/build/serial': CMAKE_PREFIX_PATH=${CMAKE_PREFIX_PATH}:/opt/ros/humble /usr/bin/cmake --build /home/ubuntu/scootbot/3.0.0/build/serial -- -j4 -l4
[2.453s] DEBUG:colcon.colcon_core.event_handler.log_command:Invoking command in '/home/ubuntu/scootbot/3.0.0/build/scootbot': CMAKE_PREFIX_PATH=${CMAKE_PREFIX_PATH}:/opt/ros/humble /usr/bin/cmake --build /home/ubuntu/scootbot/3.0.0/build/scootbot -- -j4 -l4
[2.472s] DEBUG:colcon.colcon_core.event_handler.log_command:Invoking command in '/home/ubuntu/scootbot/3.0.0/build/twist_mux': CMAKE_PREFIX_PATH=${CMAKE_PREFIX_PATH}:/opt/ros/humble /usr/bin/cmake --build /home/ubuntu/scootbot/3.0.0/build/twist_mux -- -j4 -l4
[2.555s] DEBUG:colcon.colcon_core.event_handler.log_command:Invoked command in '/home/ubuntu/scootbot/3.0.0/build/scootbot' returned '0': CMAKE_PREFIX_PATH=${CMAKE_PREFIX_PATH}:/opt/ros/humble /usr/bin/cmake --build /home/ubuntu/scootbot/3.0.0/build/scootbot -- -j4 -l4
[2.631s] DEBUG:colcon.colcon_core.event_handler.log_command:Invoking command in '/home/ubuntu/scootbot/3.0.0/build/scootbot': CMAKE_PREFIX_PATH=${CMAKE_PREFIX_PATH}:/opt/ros/humble /usr/bin/cmake --install /home/ubuntu/scootbot/3.0.0/build/scootbot
[2.920s] DEBUG:colcon.colcon_core.event_handler.log_command:Invoked command in '/home/ubuntu/scootbot/3.0.0/build/twist_mux' returned '0': CMAKE_PREFIX_PATH=${CMAKE_PREFIX_PATH}:/opt/ros/humble /usr/bin/cmake --build /home/ubuntu/scootbot/3.0.0/build/twist_mux -- -j4 -l4
[2.980s] Level 1:colcon.colcon_core.environment:create_environment_scripts_only(scootbot)
[3.008s] Level 1:colcon.colcon_core.environment:checking '/home/ubuntu/scootbot/3.0.0/install/scootbot' for CMake module files
[3.010s] Level 1:colcon.colcon_core.environment:checking '/home/ubuntu/scootbot/3.0.0/install/scootbot' for CMake config files
[3.016s] Level 1:colcon.colcon_core.shell:create_environment_hook('scootbot', 'cmake_prefix_path')
[3.019s] INFO:colcon.colcon_core.shell:Creating environment hook '/home/ubuntu/scootbot/3.0.0/install/scootbot/share/scootbot/hook/cmake_prefix_path.ps1'
[3.022s] INFO:colcon.colcon_core.shell:Creating environment descriptor '/home/ubuntu/scootbot/3.0.0/install/scootbot/share/scootbot/hook/cmake_prefix_path.dsv'
[3.024s] INFO:colcon.colcon_core.shell:Creating environment hook '/home/ubuntu/scootbot/3.0.0/install/scootbot/share/scootbot/hook/cmake_prefix_path.sh'
[3.027s] Level 1:colcon.colcon_core.environment:checking '/home/ubuntu/scootbot/3.0.0/install/scootbot/bin'
[3.028s] Level 1:colcon.colcon_core.environment:checking '/home/ubuntu/scootbot/3.0.0/install/scootbot/lib/pkgconfig/scootbot.pc'
[3.028s] Level 1:colcon.colcon_core.environment:checking '/home/ubuntu/scootbot/3.0.0/install/scootbot/lib/python3.10/site-packages'
[3.029s] Level 1:colcon.colcon_core.environment:checking '/home/ubuntu/scootbot/3.0.0/install/scootbot/bin'
[3.033s] INFO:colcon.colcon_core.shell:Creating package script '/home/ubuntu/scootbot/3.0.0/install/scootbot/share/scootbot/package.ps1'
[3.036s] INFO:colcon.colcon_core.shell:Creating package descriptor '/home/ubuntu/scootbot/3.0.0/install/scootbot/share/scootbot/package.dsv'
[3.038s] INFO:colcon.colcon_core.shell:Creating package script '/home/ubuntu/scootbot/3.0.0/install/scootbot/share/scootbot/package.sh'
[3.041s] INFO:colcon.colcon_core.shell:Creating package script '/home/ubuntu/scootbot/3.0.0/install/scootbot/share/scootbot/package.bash'
[3.044s] INFO:colcon.colcon_core.shell:Creating package script '/home/ubuntu/scootbot/3.0.0/install/scootbot/share/scootbot/package.zsh'
[3.046s] Level 1:colcon.colcon_core.environment:create_file_with_runtime_dependencies(/home/ubuntu/scootbot/3.0.0/install/scootbot/share/colcon-core/packages/scootbot)
[3.047s] DEBUG:colcon.colcon_core.event_handler.log_command:Invoked command in '/home/ubuntu/scootbot/3.0.0/build/scootbot' returned '0': CMAKE_PREFIX_PATH=${CMAKE_PREFIX_PATH}:/opt/ros/humble /usr/bin/cmake --install /home/ubuntu/scootbot/3.0.0/build/scootbot
[3.053s] DEBUG:colcon.colcon_core.event_handler.log_command:Invoking command in '/home/ubuntu/scootbot/3.0.0/build/twist_mux': CMAKE_PREFIX_PATH=${CMAKE_PREFIX_PATH}:/opt/ros/humble /usr/bin/cmake --install /home/ubuntu/scootbot/3.0.0/build/twist_mux
[3.067s] DEBUG:colcon.colcon_core.event_handler.log_command:Invoked command in '/home/ubuntu/scootbot/3.0.0/build/serial' returned '0': CMAKE_PREFIX_PATH=${CMAKE_PREFIX_PATH}:/opt/ros/humble /usr/bin/cmake --build /home/ubuntu/scootbot/3.0.0/build/serial -- -j4 -l4
[3.123s] Level 1:colcon.colcon_core.environment:create_environment_scripts_only(twist_mux)
[3.133s] Level 1:colcon.colcon_core.environment:checking '/home/ubuntu/scootbot/3.0.0/install/twist_mux' for CMake module files
[3.134s] DEBUG:colcon.colcon_core.event_handler.log_command:Invoked command in '/home/ubuntu/scootbot/3.0.0/build/twist_mux' returned '0': CMAKE_PREFIX_PATH=${CMAKE_PREFIX_PATH}:/opt/ros/humble /usr/bin/cmake --install /home/ubuntu/scootbot/3.0.0/build/twist_mux
[3.136s] Level 1:colcon.colcon_core.environment:checking '/home/ubuntu/scootbot/3.0.0/install/twist_mux' for CMake config files
[3.138s] Level 1:colcon.colcon_core.shell:create_environment_hook('twist_mux', 'cmake_prefix_path')
[3.144s] INFO:colcon.colcon_core.shell:Creating environment hook '/home/ubuntu/scootbot/3.0.0/install/twist_mux/share/twist_mux/hook/cmake_prefix_path.ps1'
[3.145s] INFO:colcon.colcon_core.shell:Creating environment descriptor '/home/ubuntu/scootbot/3.0.0/install/twist_mux/share/twist_mux/hook/cmake_prefix_path.dsv'
[3.146s] INFO:colcon.colcon_core.shell:Creating environment hook '/home/ubuntu/scootbot/3.0.0/install/twist_mux/share/twist_mux/hook/cmake_prefix_path.sh'
[3.148s] Level 1:colcon.colcon_core.environment:checking '/home/ubuntu/scootbot/3.0.0/install/twist_mux/lib'
[3.149s] Level 1:colcon.colcon_core.environment:checking '/home/ubuntu/scootbot/3.0.0/install/twist_mux/bin'
[3.149s] Level 1:colcon.colcon_core.environment:checking '/home/ubuntu/scootbot/3.0.0/install/twist_mux/lib/pkgconfig/twist_mux.pc'
[3.150s] Level 1:colcon.colcon_core.environment:checking '/home/ubuntu/scootbot/3.0.0/install/twist_mux/lib/python3.10/site-packages'
[3.151s] Level 1:colcon.colcon_core.environment:checking '/home/ubuntu/scootbot/3.0.0/install/twist_mux/bin'
[3.157s] INFO:colcon.colcon_core.shell:Creating package script '/home/ubuntu/scootbot/3.0.0/install/twist_mux/share/twist_mux/package.ps1'
[3.159s] INFO:colcon.colcon_core.shell:Creating package descriptor '/home/ubuntu/scootbot/3.0.0/install/twist_mux/share/twist_mux/package.dsv'
[3.160s] INFO:colcon.colcon_core.shell:Creating package script '/home/ubuntu/scootbot/3.0.0/install/twist_mux/share/twist_mux/package.sh'
[3.162s] INFO:colcon.colcon_core.shell:Creating package script '/home/ubuntu/scootbot/3.0.0/install/twist_mux/share/twist_mux/package.bash'
[3.163s] INFO:colcon.colcon_core.shell:Creating package script '/home/ubuntu/scootbot/3.0.0/install/twist_mux/share/twist_mux/package.zsh'
[3.164s] Level 1:colcon.colcon_core.environment:create_file_with_runtime_dependencies(/home/ubuntu/scootbot/3.0.0/install/twist_mux/share/colcon-core/packages/twist_mux)
[3.184s] Level 1:colcon.colcon_core.environment:create_environment_scripts_only(scootbot)
[3.193s] Level 1:colcon.colcon_core.environment:checking '/home/ubuntu/scootbot/3.0.0/install/scootbot' for CMake module files
[3.195s] Level 1:colcon.colcon_core.environment:checking '/home/ubuntu/scootbot/3.0.0/install/scootbot' for CMake config files
[3.198s] Level 1:colcon.colcon_core.shell:create_environment_hook('scootbot', 'cmake_prefix_path')
[3.204s] INFO:colcon.colcon_core.shell:Creating environment hook '/home/ubuntu/scootbot/3.0.0/install/scootbot/share/scootbot/hook/cmake_prefix_path.ps1'
[3.206s] INFO:colcon.colcon_core.shell:Creating environment descriptor '/home/ubuntu/scootbot/3.0.0/install/scootbot/share/scootbot/hook/cmake_prefix_path.dsv'
[3.207s] INFO:colcon.colcon_core.shell:Creating environment hook '/home/ubuntu/scootbot/3.0.0/install/scootbot/share/scootbot/hook/cmake_prefix_path.sh'
[3.209s] Level 1:colcon.colcon_core.environment:checking '/home/ubuntu/scootbot/3.0.0/install/scootbot/bin'
[3.209s] Level 1:colcon.colcon_core.environment:checking '/home/ubuntu/scootbot/3.0.0/install/scootbot/lib/pkgconfig/scootbot.pc'
[3.210s] Level 1:colcon.colcon_core.environment:checking '/home/ubuntu/scootbot/3.0.0/install/scootbot/lib/python3.10/site-packages'
[3.211s] Level 1:colcon.colcon_core.environment:checking '/home/ubuntu/scootbot/3.0.0/install/scootbot/bin'
[3.217s] INFO:colcon.colcon_core.shell:Creating package script '/home/ubuntu/scootbot/3.0.0/install/scootbot/share/scootbot/package.ps1'
[3.219s] INFO:colcon.colcon_core.shell:Creating package descriptor '/home/ubuntu/scootbot/3.0.0/install/scootbot/share/scootbot/package.dsv'
[3.221s] INFO:colcon.colcon_core.shell:Creating package script '/home/ubuntu/scootbot/3.0.0/install/scootbot/share/scootbot/package.sh'
[3.223s] INFO:colcon.colcon_core.shell:Creating package script '/home/ubuntu/scootbot/3.0.0/install/scootbot/share/scootbot/package.bash'
[3.224s] INFO:colcon.colcon_core.shell:Creating package script '/home/ubuntu/scootbot/3.0.0/install/scootbot/share/scootbot/package.zsh'
[3.226s] Level 1:colcon.colcon_core.environment:create_file_with_runtime_dependencies(/home/ubuntu/scootbot/3.0.0/install/scootbot/share/colcon-core/packages/scootbot)
[3.232s] DEBUG:colcon.colcon_core.event_handler.log_command:Invoking command in '/home/ubuntu/scootbot/3.0.0/build/serial': CMAKE_PREFIX_PATH=${CMAKE_PREFIX_PATH}:/opt/ros/humble /usr/bin/cmake --install /home/ubuntu/scootbot/3.0.0/build/serial
[3.248s] Level 1:colcon.colcon_core.environment:create_environment_scripts_only(twist_mux)
[3.263s] Level 1:colcon.colcon_core.environment:checking '/home/ubuntu/scootbot/3.0.0/install/twist_mux' for CMake module files
[3.266s] Level 1:colcon.colcon_core.environment:checking '/home/ubuntu/scootbot/3.0.0/install/twist_mux' for CMake config files
[3.268s] Level 1:colcon.colcon_core.shell:create_environment_hook('twist_mux', 'cmake_prefix_path')
[3.274s] INFO:colcon.colcon_core.shell:Creating environment hook '/home/ubuntu/scootbot/3.0.0/install/twist_mux/share/twist_mux/hook/cmake_prefix_path.ps1'
[3.278s] INFO:colcon.colcon_core.shell:Creating environment descriptor '/home/ubuntu/scootbot/3.0.0/install/twist_mux/share/twist_mux/hook/cmake_prefix_path.dsv'
[3.279s] INFO:colcon.colcon_core.shell:Creating environment hook '/home/ubuntu/scootbot/3.0.0/install/twist_mux/share/twist_mux/hook/cmake_prefix_path.sh'
[3.281s] Level 1:colcon.colcon_core.environment:checking '/home/ubuntu/scootbot/3.0.0/install/twist_mux/lib'
[3.281s] Level 1:colcon.colcon_core.environment:checking '/home/ubuntu/scootbot/3.0.0/install/twist_mux/bin'
[3.281s] Level 1:colcon.colcon_core.environment:checking '/home/ubuntu/scootbot/3.0.0/install/twist_mux/lib/pkgconfig/twist_mux.pc'
[3.282s] Level 1:colcon.colcon_core.environment:checking '/home/ubuntu/scootbot/3.0.0/install/twist_mux/lib/python3.10/site-packages'
[3.283s] Level 1:colcon.colcon_core.environment:checking '/home/ubuntu/scootbot/3.0.0/install/twist_mux/bin'
[3.289s] INFO:colcon.colcon_core.shell:Creating package script '/home/ubuntu/scootbot/3.0.0/install/twist_mux/share/twist_mux/package.ps1'
[3.290s] INFO:colcon.colcon_core.shell:Creating package descriptor '/home/ubuntu/scootbot/3.0.0/install/twist_mux/share/twist_mux/package.dsv'
[3.292s] INFO:colcon.colcon_core.shell:Creating package script '/home/ubuntu/scootbot/3.0.0/install/twist_mux/share/twist_mux/package.sh'
[3.293s] INFO:colcon.colcon_core.shell:Creating package script '/home/ubuntu/scootbot/3.0.0/install/twist_mux/share/twist_mux/package.bash'
[3.294s] INFO:colcon.colcon_core.shell:Creating package script '/home/ubuntu/scootbot/3.0.0/install/twist_mux/share/twist_mux/package.zsh'
[3.296s] Level 1:colcon.colcon_core.environment:create_file_with_runtime_dependencies(/home/ubuntu/scootbot/3.0.0/install/twist_mux/share/colcon-core/packages/twist_mux)
[3.300s] Level 1:colcon.colcon_core.environment:create_environment_scripts_only(serial)
[3.309s] Level 1:colcon.colcon_core.environment:checking '/home/ubuntu/scootbot/3.0.0/install/serial' for CMake module files
[3.311s] DEBUG:colcon.colcon_core.event_handler.log_command:Invoked command in '/home/ubuntu/scootbot/3.0.0/build/serial' returned '0': CMAKE_PREFIX_PATH=${CMAKE_PREFIX_PATH}:/opt/ros/humble /usr/bin/cmake --install /home/ubuntu/scootbot/3.0.0/build/serial
[3.312s] Level 1:colcon.colcon_core.environment:checking '/home/ubuntu/scootbot/3.0.0/install/serial' for CMake config files
[3.313s] Level 1:colcon.colcon_core.shell:create_environment_hook('serial', 'cmake_prefix_path')
[3.319s] INFO:colcon.colcon_core.shell:Creating environment hook '/home/ubuntu/scootbot/3.0.0/install/serial/share/serial/hook/cmake_prefix_path.ps1'
[3.320s] INFO:colcon.colcon_core.shell:Creating environment descriptor '/home/ubuntu/scootbot/3.0.0/install/serial/share/serial/hook/cmake_prefix_path.dsv'
[3.321s] INFO:colcon.colcon_core.shell:Creating environment hook '/home/ubuntu/scootbot/3.0.0/install/serial/share/serial/hook/cmake_prefix_path.sh'
[3.323s] Level 1:colcon.colcon_core.environment:checking '/home/ubuntu/scootbot/3.0.0/install/serial/lib'
[3.323s] Level 1:colcon.colcon_core.environment:checking '/home/ubuntu/scootbot/3.0.0/install/serial/bin'
[3.323s] Level 1:colcon.colcon_core.environment:checking '/home/ubuntu/scootbot/3.0.0/install/serial/lib/pkgconfig/serial.pc'
[3.324s] Level 1:colcon.colcon_core.environment:checking '/home/ubuntu/scootbot/3.0.0/install/serial/lib/python3.10/site-packages'
[3.325s] Level 1:colcon.colcon_core.environment:checking '/home/ubuntu/scootbot/3.0.0/install/serial/bin'
[3.331s] INFO:colcon.colcon_core.shell:Creating package script '/home/ubuntu/scootbot/3.0.0/install/serial/share/serial/package.ps1'
[3.332s] INFO:colcon.colcon_core.shell:Creating package descriptor '/home/ubuntu/scootbot/3.0.0/install/serial/share/serial/package.dsv'
[3.334s] INFO:colcon.colcon_core.shell:Creating package script '/home/ubuntu/scootbot/3.0.0/install/serial/share/serial/package.sh'
[3.335s] INFO:colcon.colcon_core.shell:Creating package script '/home/ubuntu/scootbot/3.0.0/install/serial/share/serial/package.bash'
[3.336s] INFO:colcon.colcon_core.shell:Creating package script '/home/ubuntu/scootbot/3.0.0/install/serial/share/serial/package.zsh'
[3.337s] Level 1:colcon.colcon_core.environment:create_file_with_runtime_dependencies(/home/ubuntu/scootbot/3.0.0/install/serial/share/colcon-core/packages/serial)
[3.394s] Level 1:colcon.colcon_core.environment:create_environment_scripts_only(serial)
[3.398s] Level 1:colcon.colcon_core.environment:checking '/home/ubuntu/scootbot/3.0.0/install/serial' for CMake module files
[3.400s] Level 1:colcon.colcon_core.environment:checking '/home/ubuntu/scootbot/3.0.0/install/serial' for CMake config files
[3.401s] Level 1:colcon.colcon_core.shell:create_environment_hook('serial', 'cmake_prefix_path')
[3.404s] INFO:colcon.colcon_core.shell:Creating environment hook '/home/ubuntu/scootbot/3.0.0/install/serial/share/serial/hook/cmake_prefix_path.ps1'
[3.405s] INFO:colcon.colcon_core.shell:Creating environment descriptor '/home/ubuntu/scootbot/3.0.0/install/serial/share/serial/hook/cmake_prefix_path.dsv'
[3.406s] INFO:colcon.colcon_core.shell:Creating environment hook '/home/ubuntu/scootbot/3.0.0/install/serial/share/serial/hook/cmake_prefix_path.sh'
[3.407s] Level 1:colcon.colcon_core.environment:checking '/home/ubuntu/scootbot/3.0.0/install/serial/lib'
[3.407s] Level 1:colcon.colcon_core.environment:checking '/home/ubuntu/scootbot/3.0.0/install/serial/bin'
[3.408s] Level 1:colcon.colcon_core.environment:checking '/home/ubuntu/scootbot/3.0.0/install/serial/lib/pkgconfig/serial.pc'
[3.408s] Level 1:colcon.colcon_core.environment:checking '/home/ubuntu/scootbot/3.0.0/install/serial/lib/python3.10/site-packages'
[3.409s] Level 1:colcon.colcon_core.environment:checking '/home/ubuntu/scootbot/3.0.0/install/serial/bin'
[3.412s] INFO:colcon.colcon_core.shell:Creating package script '/home/ubuntu/scootbot/3.0.0/install/serial/share/serial/package.ps1'
[3.413s] INFO:colcon.colcon_core.shell:Creating package descriptor '/home/ubuntu/scootbot/3.0.0/install/serial/share/serial/package.dsv'
[3.415s] INFO:colcon.colcon_core.shell:Creating package script '/home/ubuntu/scootbot/3.0.0/install/serial/share/serial/package.sh'
[3.416s] INFO:colcon.colcon_core.shell:Creating package script '/home/ubuntu/scootbot/3.0.0/install/serial/share/serial/package.bash'
[3.417s] INFO:colcon.colcon_core.shell:Creating package script '/home/ubuntu/scootbot/3.0.0/install/serial/share/serial/package.zsh'
[3.418s] Level 1:colcon.colcon_core.environment:create_file_with_runtime_dependencies(/home/ubuntu/scootbot/3.0.0/install/serial/share/colcon-core/packages/serial)
[3.418s] INFO:colcon.colcon_ros.task.ament_cmake.build:Building ROS package in '/home/ubuntu/scootbot/3.0.0/src/diffdrive_arduino' with build type 'ament_cmake'
[3.419s] INFO:colcon.colcon_cmake.task.cmake.build:Building CMake package in '/home/ubuntu/scootbot/3.0.0/src/diffdrive_arduino'
[3.422s] INFO:colcon.colcon_core.shell:Skip shell extension 'powershell' for command environment: Not usable outside of PowerShell
[3.422s] DEBUG:colcon.colcon_core.shell:Skip shell extension 'dsv' for command environment
[3.447s] DEBUG:colcon.colcon_core.event_handler.log_command:Invoking command in '/home/ubuntu/scootbot/3.0.0/build/diffdrive_arduino': CMAKE_PREFIX_PATH=/home/ubuntu/scootbot/3.0.0/install/serial:/home/ubuntu/scootbot/3.0.0/install/twist_mux:/home/ubuntu/scootbot/3.0.0/install/diffdrive_arduino:/home/ubuntu/scootbot/3.0.0/install/scootbot:/opt/ros/humble /usr/bin/cmake --build /home/ubuntu/scootbot/3.0.0/build/diffdrive_arduino -- -j4 -l4
[10.622s] DEBUG:colcon.colcon_core.event_handler.log_command:Invoked command in '/home/ubuntu/scootbot/3.0.0/build/diffdrive_arduino' returned '0': CMAKE_PREFIX_PATH=/home/ubuntu/scootbot/3.0.0/install/serial:/home/ubuntu/scootbot/3.0.0/install/twist_mux:/home/ubuntu/scootbot/3.0.0/install/diffdrive_arduino:/home/ubuntu/scootbot/3.0.0/install/scootbot:/opt/ros/humble /usr/bin/cmake --build /home/ubuntu/scootbot/3.0.0/build/diffdrive_arduino -- -j4 -l4
[10.674s] DEBUG:colcon.colcon_core.event_handler.log_command:Invoking command in '/home/ubuntu/scootbot/3.0.0/build/diffdrive_arduino': CMAKE_PREFIX_PATH=/home/ubuntu/scootbot/3.0.0/install/serial:/home/ubuntu/scootbot/3.0.0/install/twist_mux:/home/ubuntu/scootbot/3.0.0/install/diffdrive_arduino:/home/ubuntu/scootbot/3.0.0/install/scootbot:/opt/ros/humble /usr/bin/cmake --install /home/ubuntu/scootbot/3.0.0/build/diffdrive_arduino
[10.722s] Level 1:colcon.colcon_core.environment:create_environment_scripts_only(diffdrive_arduino)
[10.727s] Level 1:colcon.colcon_core.environment:checking '/home/ubuntu/scootbot/3.0.0/install/diffdrive_arduino' for CMake module files
[10.729s] DEBUG:colcon.colcon_core.event_handler.log_command:Invoked command in '/home/ubuntu/scootbot/3.0.0/build/diffdrive_arduino' returned '0': CMAKE_PREFIX_PATH=/home/ubuntu/scootbot/3.0.0/install/serial:/home/ubuntu/scootbot/3.0.0/install/twist_mux:/home/ubuntu/scootbot/3.0.0/install/diffdrive_arduino:/home/ubuntu/scootbot/3.0.0/install/scootbot:/opt/ros/humble /usr/bin/cmake --install /home/ubuntu/scootbot/3.0.0/build/diffdrive_arduino
[10.730s] Level 1:colcon.colcon_core.environment:checking '/home/ubuntu/scootbot/3.0.0/install/diffdrive_arduino' for CMake config files
[10.730s] Level 1:colcon.colcon_core.shell:create_environment_hook('diffdrive_arduino', 'cmake_prefix_path')
[10.733s] INFO:colcon.colcon_core.shell:Creating environment hook '/home/ubuntu/scootbot/3.0.0/install/diffdrive_arduino/share/diffdrive_arduino/hook/cmake_prefix_path.ps1'
[10.734s] INFO:colcon.colcon_core.shell:Creating environment descriptor '/home/ubuntu/scootbot/3.0.0/install/diffdrive_arduino/share/diffdrive_arduino/hook/cmake_prefix_path.dsv'
[10.735s] INFO:colcon.colcon_core.shell:Creating environment hook '/home/ubuntu/scootbot/3.0.0/install/diffdrive_arduino/share/diffdrive_arduino/hook/cmake_prefix_path.sh'
[10.736s] Level 1:colcon.colcon_core.environment:checking '/home/ubuntu/scootbot/3.0.0/install/diffdrive_arduino/lib'
[10.736s] Level 1:colcon.colcon_core.shell:create_environment_hook('diffdrive_arduino', 'ld_library_path_lib')
[10.740s] INFO:colcon.colcon_core.shell:Creating environment hook '/home/ubuntu/scootbot/3.0.0/install/diffdrive_arduino/share/diffdrive_arduino/hook/ld_library_path_lib.ps1'
[10.740s] INFO:colcon.colcon_core.shell:Creating environment descriptor '/home/ubuntu/scootbot/3.0.0/install/diffdrive_arduino/share/diffdrive_arduino/hook/ld_library_path_lib.dsv'
[10.741s] INFO:colcon.colcon_core.shell:Creating environment hook '/home/ubuntu/scootbot/3.0.0/install/diffdrive_arduino/share/diffdrive_arduino/hook/ld_library_path_lib.sh'
[10.742s] Level 1:colcon.colcon_core.environment:checking '/home/ubuntu/scootbot/3.0.0/install/diffdrive_arduino/bin'
[10.742s] Level 1:colcon.colcon_core.environment:checking '/home/ubuntu/scootbot/3.0.0/install/diffdrive_arduino/lib/pkgconfig/diffdrive_arduino.pc'
[10.743s] Level 1:colcon.colcon_core.environment:checking '/home/ubuntu/scootbot/3.0.0/install/diffdrive_arduino/lib/python3.10/site-packages'
[10.743s] Level 1:colcon.colcon_core.environment:checking '/home/ubuntu/scootbot/3.0.0/install/diffdrive_arduino/bin'
[10.746s] INFO:colcon.colcon_core.shell:Creating package script '/home/ubuntu/scootbot/3.0.0/install/diffdrive_arduino/share/diffdrive_arduino/package.ps1'
[10.748s] INFO:colcon.colcon_core.shell:Creating package descriptor '/home/ubuntu/scootbot/3.0.0/install/diffdrive_arduino/share/diffdrive_arduino/package.dsv'
[10.749s] INFO:colcon.colcon_core.shell:Creating package script '/home/ubuntu/scootbot/3.0.0/install/diffdrive_arduino/share/diffdrive_arduino/package.sh'
[10.750s] INFO:colcon.colcon_core.shell:Creating package script '/home/ubuntu/scootbot/3.0.0/install/diffdrive_arduino/share/diffdrive_arduino/package.bash'
[10.751s] INFO:colcon.colcon_core.shell:Creating package script '/home/ubuntu/scootbot/3.0.0/install/diffdrive_arduino/share/diffdrive_arduino/package.zsh'
[10.751s] Level 1:colcon.colcon_core.environment:create_file_with_runtime_dependencies(/home/ubuntu/scootbot/3.0.0/install/diffdrive_arduino/share/colcon-core/packages/diffdrive_arduino)
[10.805s] Level 1:colcon.colcon_core.environment:create_environment_scripts_only(diffdrive_arduino)
[10.810s] Level 1:colcon.colcon_core.environment:checking '/home/ubuntu/scootbot/3.0.0/install/diffdrive_arduino' for CMake module files
[10.811s] Level 1:colcon.colcon_core.environment:checking '/home/ubuntu/scootbot/3.0.0/install/diffdrive_arduino' for CMake config files
[10.812s] Level 1:colcon.colcon_core.shell:create_environment_hook('diffdrive_arduino', 'cmake_prefix_path')
[10.815s] INFO:colcon.colcon_core.shell:Creating environment hook '/home/ubuntu/scootbot/3.0.0/install/diffdrive_arduino/share/diffdrive_arduino/hook/cmake_prefix_path.ps1'
[10.816s] INFO:colcon.colcon_core.shell:Creating environment descriptor '/home/ubuntu/scootbot/3.0.0/install/diffdrive_arduino/share/diffdrive_arduino/hook/cmake_prefix_path.dsv'
[10.817s] INFO:colcon.colcon_core.shell:Creating environment hook '/home/ubuntu/scootbot/3.0.0/install/diffdrive_arduino/share/diffdrive_arduino/hook/cmake_prefix_path.sh'
[10.818s] Level 1:colcon.colcon_core.environment:checking '/home/ubuntu/scootbot/3.0.0/install/diffdrive_arduino/lib'
[10.818s] Level 1:colcon.colcon_core.shell:create_environment_hook('diffdrive_arduino', 'ld_library_path_lib')
[10.822s] INFO:colcon.colcon_core.shell:Creating environment hook '/home/ubuntu/scootbot/3.0.0/install/diffdrive_arduino/share/diffdrive_arduino/hook/ld_library_path_lib.ps1'
[10.822s] INFO:colcon.colcon_core.shell:Creating environment descriptor '/home/ubuntu/scootbot/3.0.0/install/diffdrive_arduino/share/diffdrive_arduino/hook/ld_library_path_lib.dsv'
[10.823s] INFO:colcon.colcon_core.shell:Creating environment hook '/home/ubuntu/scootbot/3.0.0/install/diffdrive_arduino/share/diffdrive_arduino/hook/ld_library_path_lib.sh'
[10.824s] Level 1:colcon.colcon_core.environment:checking '/home/ubuntu/scootbot/3.0.0/install/diffdrive_arduino/bin'
[10.824s] Level 1:colcon.colcon_core.environment:checking '/home/ubuntu/scootbot/3.0.0/install/diffdrive_arduino/lib/pkgconfig/diffdrive_arduino.pc'
[10.825s] Level 1:colcon.colcon_core.environment:checking '/home/ubuntu/scootbot/3.0.0/install/diffdrive_arduino/lib/python3.10/site-packages'
[10.825s] Level 1:colcon.colcon_core.environment:checking '/home/ubuntu/scootbot/3.0.0/install/diffdrive_arduino/bin'
[10.829s] INFO:colcon.colcon_core.shell:Creating package script '/home/ubuntu/scootbot/3.0.0/install/diffdrive_arduino/share/diffdrive_arduino/package.ps1'
[10.830s] INFO:colcon.colcon_core.shell:Creating package descriptor '/home/ubuntu/scootbot/3.0.0/install/diffdrive_arduino/share/diffdrive_arduino/package.dsv'
[10.832s] INFO:colcon.colcon_core.shell:Creating package script '/home/ubuntu/scootbot/3.0.0/install/diffdrive_arduino/share/diffdrive_arduino/package.sh'
[10.833s] INFO:colcon.colcon_core.shell:Creating package script '/home/ubuntu/scootbot/3.0.0/install/diffdrive_arduino/share/diffdrive_arduino/package.bash'
[10.833s] INFO:colcon.colcon_core.shell:Creating package script '/home/ubuntu/scootbot/3.0.0/install/diffdrive_arduino/share/diffdrive_arduino/package.zsh'
[10.834s] Level 1:colcon.colcon_core.environment:create_file_with_runtime_dependencies(/home/ubuntu/scootbot/3.0.0/install/diffdrive_arduino/share/colcon-core/packages/diffdrive_arduino)
[10.835s] DEBUG:colcon.colcon_parallel_executor.executor.parallel:closing loop
[10.836s] DEBUG:colcon.colcon_parallel_executor.executor.parallel:loop closed
[10.836s] DEBUG:colcon.colcon_parallel_executor.executor.parallel:run_until_complete finished with '0'
[10.836s] DEBUG:colcon.colcon_core.event_reactor:joining thread
[10.847s] INFO:colcon.colcon_core.plugin_system:Skipping extension 'colcon_notification.desktop_notification.notify_send': Could not find 'notify-send'
[10.847s] INFO:colcon.colcon_core.plugin_system:Skipping extension 'colcon_notification.desktop_notification.terminal_notifier': Not used on non-Darwin systems
[10.847s] INFO:colcon.colcon_core.plugin_system:Skipping extension 'colcon_notification.desktop_notification.win32': Not used on non-Windows systems
[10.848s] INFO:colcon.colcon_notification.desktop_notification:Sending desktop notification using 'notify2'
[10.849s] DEBUG:colcon.colcon_notification.desktop_notification.notify2:Failed to initialize notify2: org.freedesktop.DBus.Error.ServiceUnknown: The name org.freedesktop.Notifications was not provided by any .service files
[10.849s] DEBUG:colcon.colcon_core.event_reactor:joined thread
[10.855s] INFO:colcon.colcon_core.shell:Creating prefix script '/home/ubuntu/scootbot/3.0.0/install/local_setup.ps1'
[10.859s] INFO:colcon.colcon_core.shell:Creating prefix util module '/home/ubuntu/scootbot/3.0.0/install/_local_setup_util_ps1.py'
[10.863s] INFO:colcon.colcon_core.shell:Creating prefix chain script '/home/ubuntu/scootbot/3.0.0/install/setup.ps1'
[10.869s] INFO:colcon.colcon_core.shell:Creating prefix script '/home/ubuntu/scootbot/3.0.0/install/local_setup.sh'
[10.870s] INFO:colcon.colcon_core.shell:Creating prefix util module '/home/ubuntu/scootbot/3.0.0/install/_local_setup_util_sh.py'
[10.872s] INFO:colcon.colcon_core.shell:Creating prefix chain script '/home/ubuntu/scootbot/3.0.0/install/setup.sh'
[10.877s] INFO:colcon.colcon_core.shell:Creating prefix script '/home/ubuntu/scootbot/3.0.0/install/local_setup.bash'
[10.879s] INFO:colcon.colcon_core.shell:Creating prefix chain script '/home/ubuntu/scootbot/3.0.0/install/setup.bash'
[10.884s] INFO:colcon.colcon_core.shell:Creating prefix script '/home/ubuntu/scootbot/3.0.0/install/local_setup.zsh'
[10.886s] INFO:colcon.colcon_core.shell:Creating prefix chain script '/home/ubuntu/scootbot/3.0.0/install/setup.zsh'
