[0.054s] Invoking command in '/home/ubuntu/scootbot/3.0.0/build/twist_mux': CMAKE_PREFIX_PATH=${CMAKE_PREFIX_PATH}:/opt/ros/humble /usr/bin/cmake --build /home/ubuntu/scootbot/3.0.0/build/twist_mux -- -j4 -l4
[0.265s] [ 33%] Built target twist_marker
[0.273s] [100%] Built target twist_mux
[0.314s] Invoked command in '/home/ubuntu/scootbot/3.0.0/build/twist_mux' returned '0': CMAKE_PREFIX_PATH=${CMAKE_PREFIX_PATH}:/opt/ros/humble /usr/bin/cmake --build /home/ubuntu/scootbot/3.0.0/build/twist_mux -- -j4 -l4
[0.394s] Invoking command in '/home/ubuntu/scootbot/3.0.0/build/twist_mux': CMAKE_PREFIX_PATH=${CMAKE_PREFIX_PATH}:/opt/ros/humble /usr/bin/cmake --install /home/ubuntu/scootbot/3.0.0/build/twist_mux
[0.430s] -- Install configuration: ""
[0.436s] -- Execute custom install script
[0.453s] -- Up-to-date symlink: /home/ubuntu/scootbot/3.0.0/install/twist_mux/lib/twist_mux/twist_mux
[0.455s] -- Up-to-date symlink: /home/ubuntu/scootbot/3.0.0/install/twist_mux/lib/twist_mux/twist_marker
[0.457s] -- Up-to-date symlink: /home/ubuntu/scootbot/3.0.0/install/twist_mux/share/twist_mux/launch/twist_mux.launch
[0.457s] -- Up-to-date symlink: /home/ubuntu/scootbot/3.0.0/install/twist_mux/share/twist_mux/launch/twist_mux_launch.py
[0.458s] -- Up-to-date symlink: /home/ubuntu/scootbot/3.0.0/install/twist_mux/share/twist_mux/config/joystick.yaml
[0.459s] -- Up-to-date symlink: /home/ubuntu/scootbot/3.0.0/install/twist_mux/share/twist_mux/config/twist_mux_locks.yaml
[0.459s] -- Up-to-date symlink: /home/ubuntu/scootbot/3.0.0/install/twist_mux/share/twist_mux/config/twist_mux_topics.yaml
[0.460s] -- Up-to-date symlink: /home/ubuntu/scootbot/3.0.0/install/twist_mux/include/twist_mux/params_helpers.hpp
[0.460s] -- Up-to-date symlink: /home/ubuntu/scootbot/3.0.0/install/twist_mux/include/twist_mux/topic_handle.hpp
[0.461s] -- Up-to-date symlink: /home/ubuntu/scootbot/3.0.0/install/twist_mux/include/twist_mux/twist_mux.hpp
[0.461s] -- Up-to-date symlink: /home/ubuntu/scootbot/3.0.0/install/twist_mux/include/twist_mux/twist_mux_diagnostics.hpp
[0.462s] -- Up-to-date symlink: /home/ubuntu/scootbot/3.0.0/install/twist_mux/include/twist_mux/twist_mux_diagnostics_status.hpp
[0.462s] -- Up-to-date symlink: /home/ubuntu/scootbot/3.0.0/install/twist_mux/include/twist_mux/utils.hpp
[0.470s] -- Up-to-date symlink: /home/ubuntu/scootbot/3.0.0/install/twist_mux/share/ament_index/resource_index/package_run_dependencies/twist_mux
[0.471s] -- Up-to-date symlink: /home/ubuntu/scootbot/3.0.0/install/twist_mux/share/ament_index/resource_index/parent_prefix_path/twist_mux
[0.472s] -- Up-to-date symlink: /home/ubuntu/scootbot/3.0.0/install/twist_mux/share/twist_mux/environment/ament_prefix_path.sh
[0.473s] -- Up-to-date symlink: /home/ubuntu/scootbot/3.0.0/install/twist_mux/share/twist_mux/environment/ament_prefix_path.dsv
[0.474s] -- Up-to-date symlink: /home/ubuntu/scootbot/3.0.0/install/twist_mux/share/twist_mux/environment/path.sh
[0.481s] -- Up-to-date symlink: /home/ubuntu/scootbot/3.0.0/install/twist_mux/share/twist_mux/environment/path.dsv
[0.481s] -- Up-to-date symlink: /home/ubuntu/scootbot/3.0.0/install/twist_mux/share/twist_mux/local_setup.bash
[0.481s] -- Up-to-date symlink: /home/ubuntu/scootbot/3.0.0/install/twist_mux/share/twist_mux/local_setup.sh
[0.482s] -- Up-to-date symlink: /home/ubuntu/scootbot/3.0.0/install/twist_mux/share/twist_mux/local_setup.zsh
[0.482s] -- Up-to-date symlink: /home/ubuntu/scootbot/3.0.0/install/twist_mux/share/twist_mux/local_setup.dsv
[0.482s] -- Symlinking: /home/ubuntu/scootbot/3.0.0/install/twist_mux/share/twist_mux/package.dsv
[0.578s] -- Up-to-date symlink: /home/ubuntu/scootbot/3.0.0/install/twist_mux/share/ament_index/resource_index/packages/twist_mux
[0.578s] -- Up-to-date symlink: /home/ubuntu/scootbot/3.0.0/install/twist_mux/share/twist_mux/cmake/ament_cmake_export_include_directories-extras.cmake
[0.578s] -- Up-to-date symlink: /home/ubuntu/scootbot/3.0.0/install/twist_mux/share/twist_mux/cmake/ament_cmake_export_dependencies-extras.cmake
[0.580s] -- Up-to-date symlink: /home/ubuntu/scootbot/3.0.0/install/twist_mux/share/twist_mux/cmake/twist_muxConfig.cmake
[0.580s] -- Up-to-date symlink: /home/ubuntu/scootbot/3.0.0/install/twist_mux/share/twist_mux/cmake/twist_muxConfig-version.cmake
[0.581s] -- Up-to-date symlink: /home/ubuntu/scootbot/3.0.0/install/twist_mux/share/twist_mux/package.xml
[0.583s] Invoked command in '/home/ubuntu/scootbot/3.0.0/build/twist_mux' returned '0': CMAKE_PREFIX_PATH=${CMAKE_PREFIX_PATH}:/opt/ros/humble /usr/bin/cmake --install /home/ubuntu/scootbot/3.0.0/build/twist_mux
