[0.118s] Invoking command in '/home/ubuntu/scootbot/build/serial': CMAKE_PREFIX_PATH=/home/ubuntu/scootbot/3.0.0/install/twist_mux:/home/ubuntu/scootbot/3.0.0/install/diffdrive_arduino:/opt/ros/humble:/home/ubuntu/scootbot/3.0.0/install/serial:/home/ubuntu/scootbot/3.0.0/install/scootbot:/home/ubuntu/scootbot/3.0.0/install/rplidar_ros /usr/bin/cmake /home/ubuntu/scootbot/3.0.0/src/serial -DCMAKE_INSTALL_PREFIX=/home/ubuntu/scootbot/install/serial
[1.913s] -- The C compiler identification is GNU 11.3.0
[1.913s] -- The CXX compiler identification is GNU 11.3.0
[1.913s] -- Detecting C compiler ABI info
[1.913s] -- Detecting C compiler ABI info - done
[1.914s] -- Check for working C compiler: /usr/bin/cc - skipped
[1.914s] -- Detecting C compile features
[1.914s] -- Detecting C compile features - done
[1.915s] -- Detecting CXX compiler ABI info
[1.915s] -- Detecting CXX compiler ABI info - done
[1.915s] -- Check for working CXX compiler: /usr/bin/c++ - skipped
[1.916s] -- Detecting CXX compile features
[1.916s] -- Detecting CXX compile features - done
[1.916s] -- Found ament_cmake: 1.3.3 (/opt/ros/humble/share/ament_cmake/cmake)
[1.917s] -- Found Python3: /usr/bin/python3.10 (found version "3.10.6") found components: Interpreter 
[1.917s] -- Found ament_cmake_gtest: 1.3.3 (/opt/ros/humble/share/ament_cmake_gtest/cmake)
[1.917s] -- Found Boost: /usr/lib/x86_64-linux-gnu/cmake/Boost-1.74.0/BoostConfig.cmake (found version "1.74.0")  
[1.918s] -- Found gtest sources under '/opt/ros/humble/src/gtest_vendor': C++ tests using 'Google Test' will be built
[1.918s] -- Looking for pthread.h
[1.921s] -- Looking for pthread.h - found
[1.922s] -- Performing Test CMAKE_HAVE_LIBC_PTHREAD
[2.277s] -- Performing Test CMAKE_HAVE_LIBC_PTHREAD - Success
[2.282s] -- Found Threads: TRUE  
[2.573s] -- Configuring done
[2.622s] -- Generating done
[2.628s] -- Build files have been written to: /home/ubuntu/scootbot/build/serial
[2.649s] Invoked command in '/home/ubuntu/scootbot/build/serial' returned '0': CMAKE_PREFIX_PATH=/home/ubuntu/scootbot/3.0.0/install/twist_mux:/home/ubuntu/scootbot/3.0.0/install/diffdrive_arduino:/opt/ros/humble:/home/ubuntu/scootbot/3.0.0/install/serial:/home/ubuntu/scootbot/3.0.0/install/scootbot:/home/ubuntu/scootbot/3.0.0/install/rplidar_ros /usr/bin/cmake /home/ubuntu/scootbot/3.0.0/src/serial -DCMAKE_INSTALL_PREFIX=/home/ubuntu/scootbot/install/serial
[2.650s] Invoking command in '/home/ubuntu/scootbot/build/serial': CMAKE_PREFIX_PATH=/home/ubuntu/scootbot/3.0.0/install/twist_mux:/home/ubuntu/scootbot/3.0.0/install/diffdrive_arduino:/opt/ros/humble:/home/ubuntu/scootbot/3.0.0/install/serial:/home/ubuntu/scootbot/3.0.0/install/scootbot:/home/ubuntu/scootbot/3.0.0/install/rplidar_ros /usr/bin/cmake --build /home/ubuntu/scootbot/build/serial -- -j4 -l4
[2.853s] [  7%] [32mBuilding CXX object CMakeFiles/serial.dir/src/serial.cc.o[0m
[2.885s] [ 14%] [32mBuilding CXX object CMakeFiles/serial.dir/src/impl/unix.cc.o[0m
[2.920s] [ 21%] [32mBuilding CXX object gtest/CMakeFiles/gtest.dir/src/gtest-all.cc.o[0m
[2.950s] [ 28%] [32mBuilding CXX object gtest/CMakeFiles/gtest_main.dir/src/gtest_main.cc.o[0m
[7.027s] [ 35%] [32mBuilding CXX object CMakeFiles/serial.dir/src/impl/list_ports/list_ports_linux.cc.o[0m
[10.752s] [ 42%] [32m[1mLinking CXX static library libgtest_main.a[0m
[11.000s] [ 42%] Built target gtest_main
[11.360s] [ 50%] [32m[1mLinking CXX static library libserial.a[0m
[11.477s] [ 50%] Built target serial
[11.548s] [ 57%] [32mBuilding CXX object CMakeFiles/serial_example.dir/examples/serial_example.cc.o[0m
[12.969s] [ 64%] [32m[1mLinking CXX executable serial_example[0m
[13.159s] [ 64%] Built target serial_example
[18.097s] [ 71%] [32m[1mLinking CXX static library libgtest.a[0m
[18.208s] [ 71%] Built target gtest
[18.247s] [ 78%] [32mBuilding CXX object tests/CMakeFiles/serial-test-timer.dir/unit/unix_timer_tests.cc.o[0m
[18.259s] [ 85%] [32mBuilding CXX object tests/CMakeFiles/serial-test.dir/unix_serial_tests.cc.o[0m
[21.964s] In file included from [01m[K/usr/include/boost/bind.hpp:30[m[K,
[21.964s]                  from [01m[K/home/ubuntu/scootbot/3.0.0/src/serial/tests/unix_serial_tests.cc:23[m[K:
[21.965s] [01m[K/usr/include/boost/bind.hpp:36:1:[m[K [01;36m[Knote: [m[K‘[01m[K#pragma message: The practice of declaring the Bind placeholders (_1, _2, ...) in the global namespace is deprecated. Please use <boost/bind/bind.hpp> + using namespace boost::placeholders, or define BOOST_BIND_GLOBAL_PLACEHOLDERS to retain the current behavior.[m[K’
[21.965s]    36 | [01;36m[KBOOST_PRAGMA_MESSAGE[m[K(
[21.965s]       | [01;36m[K^~~~~~~~~~~~~~~~~~~~[m[K
[22.326s] [ 92%] [32m[1mLinking CXX executable serial-test-timer[0m
[22.737s] [100%] [32m[1mLinking CXX executable serial-test[0m
[22.748s] [100%] Built target serial-test-timer
[23.035s] [100%] Built target serial-test
[23.059s] Invoked command in '/home/ubuntu/scootbot/build/serial' returned '0': CMAKE_PREFIX_PATH=/home/ubuntu/scootbot/3.0.0/install/twist_mux:/home/ubuntu/scootbot/3.0.0/install/diffdrive_arduino:/opt/ros/humble:/home/ubuntu/scootbot/3.0.0/install/serial:/home/ubuntu/scootbot/3.0.0/install/scootbot:/home/ubuntu/scootbot/3.0.0/install/rplidar_ros /usr/bin/cmake --build /home/ubuntu/scootbot/build/serial -- -j4 -l4
[23.131s] Invoking command in '/home/ubuntu/scootbot/build/serial': CMAKE_PREFIX_PATH=/home/ubuntu/scootbot/3.0.0/install/twist_mux:/home/ubuntu/scootbot/3.0.0/install/diffdrive_arduino:/opt/ros/humble:/home/ubuntu/scootbot/3.0.0/install/serial:/home/ubuntu/scootbot/3.0.0/install/scootbot:/home/ubuntu/scootbot/3.0.0/install/rplidar_ros /usr/bin/cmake --install /home/ubuntu/scootbot/build/serial
[23.146s] -- Install configuration: ""
[23.146s] -- Installing: /home/ubuntu/scootbot/install/serial/lib/libserial.a
[23.148s] -- Installing: /home/ubuntu/scootbot/install/serial/include/serial/serial.h
[23.148s] -- Installing: /home/ubuntu/scootbot/install/serial/include/serial/v8stdint.h
[23.148s] -- Installing: /home/ubuntu/scootbot/install/serial/share/serial/environment/library_path.sh
[23.149s] -- Installing: /home/ubuntu/scootbot/install/serial/share/serial/environment/library_path.dsv
[23.149s] -- Installing: /home/ubuntu/scootbot/install/serial/share/ament_index/resource_index/package_run_dependencies/serial
[23.150s] -- Installing: /home/ubuntu/scootbot/install/serial/share/ament_index/resource_index/parent_prefix_path/serial
[23.150s] -- Installing: /home/ubuntu/scootbot/install/serial/share/serial/environment/ament_prefix_path.sh
[23.151s] -- Installing: /home/ubuntu/scootbot/install/serial/share/serial/environment/ament_prefix_path.dsv
[23.151s] -- Installing: /home/ubuntu/scootbot/install/serial/share/serial/environment/path.sh
[23.152s] -- Installing: /home/ubuntu/scootbot/install/serial/share/serial/environment/path.dsv
[23.152s] -- Installing: /home/ubuntu/scootbot/install/serial/share/serial/local_setup.bash
[23.153s] -- Installing: /home/ubuntu/scootbot/install/serial/share/serial/local_setup.sh
[23.153s] -- Installing: /home/ubuntu/scootbot/install/serial/share/serial/local_setup.zsh
[23.154s] -- Installing: /home/ubuntu/scootbot/install/serial/share/serial/local_setup.dsv
[23.154s] -- Installing: /home/ubuntu/scootbot/install/serial/share/serial/package.dsv
[23.155s] -- Installing: /home/ubuntu/scootbot/install/serial/share/ament_index/resource_index/packages/serial
[23.155s] -- Installing: /home/ubuntu/scootbot/install/serial/share/serial/cmake/ament_cmake_export_include_directories-extras.cmake
[23.156s] -- Installing: /home/ubuntu/scootbot/install/serial/share/serial/cmake/ament_cmake_export_libraries-extras.cmake
[23.156s] -- Installing: /home/ubuntu/scootbot/install/serial/share/serial/cmake/serialConfig.cmake
[23.156s] -- Installing: /home/ubuntu/scootbot/install/serial/share/serial/cmake/serialConfig-version.cmake
[23.157s] -- Installing: /home/ubuntu/scootbot/install/serial/share/serial/package.xml
[23.168s] Invoked command in '/home/ubuntu/scootbot/build/serial' returned '0': CMAKE_PREFIX_PATH=/home/ubuntu/scootbot/3.0.0/install/twist_mux:/home/ubuntu/scootbot/3.0.0/install/diffdrive_arduino:/opt/ros/humble:/home/ubuntu/scootbot/3.0.0/install/serial:/home/ubuntu/scootbot/3.0.0/install/scootbot:/home/ubuntu/scootbot/3.0.0/install/rplidar_ros /usr/bin/cmake --install /home/ubuntu/scootbot/build/serial
