[0.312s] DEBUG:colcon:Command line arguments: ['/usr/bin/colcon', 'build', '--symlink-install']
[0.312s] DEBUG:colcon:Parsed command line arguments: Namespace(log_base=None, log_level=None, verb_name='build', build_base='build', install_base='install', merge_install=False, symlink_install=True, test_result_base=None, continue_on_error=False, executor='parallel', parallel_workers=20, event_handlers=None, ignore_user_meta=False, metas=['./colcon.meta'], base_paths=['.'], packages_ignore=None, packages_ignore_regex=None, paths=None, packages_up_to=None, packages_up_to_regex=None, packages_above=None, packages_above_and_dependencies=None, packages_above_depth=None, packages_select_by_dep=None, packages_skip_by_dep=None, packages_skip_up_to=None, packages_select_build_failed=False, packages_skip_build_finished=False, packages_select_test_failures=False, packages_skip_test_passed=False, packages_select=None, packages_skip=None, packages_select_regex=None, packages_skip_regex=None, packages_start=None, packages_end=None, allow_overriding=[], cmake_args=None, cmake_target=None, cmake_target_skip_unavailable=False, cmake_clean_cache=False, cmake_clean_first=False, cmake_force_configure=False, ament_cmake_args=None, catkin_cmake_args=None, catkin_skip_building_tests=False, verb_parser=<colcon_defaults.argument_parser.defaults.DefaultArgumentsDecorator object at 0x7f8c70621420>, verb_extension=<colcon_core.verb.build.BuildVerb object at 0x7f8c71095900>, main=<bound method BuildVerb.main of <colcon_core.verb.build.BuildVerb object at 0x7f8c71095900>>)
[0.345s] Level 1:colcon.colcon_core.package_discovery:discover_packages(colcon_meta) check parameters
[0.345s] Level 1:colcon.colcon_core.package_discovery:discover_packages(recursive) check parameters
[0.345s] Level 1:colcon.colcon_core.package_discovery:discover_packages(ignore) check parameters
[0.345s] Level 1:colcon.colcon_core.package_discovery:discover_packages(path) check parameters
[0.345s] Level 1:colcon.colcon_core.package_discovery:discover_packages(colcon_meta) discover
[0.345s] Level 1:colcon.colcon_core.package_discovery:discover_packages(recursive) discover
[0.345s] INFO:colcon.colcon_core.package_discovery:Crawling recursively for packages in '/home/ubuntu/scootbot/1.0.0'
[0.346s] Level 1:colcon.colcon_core.package_identification:_identify(.) by extensions ['ignore', 'ignore_ament_install']
[0.346s] Level 1:colcon.colcon_core.package_identification:_identify(.) by extension 'ignore'
[0.346s] Level 1:colcon.colcon_core.package_identification:_identify(.) by extension 'ignore_ament_install'
[0.346s] Level 1:colcon.colcon_core.package_identification:_identify(.) by extensions ['colcon_pkg']
[0.346s] Level 1:colcon.colcon_core.package_identification:_identify(.) by extension 'colcon_pkg'
[0.346s] Level 1:colcon.colcon_core.package_identification:_identify(.) by extensions ['colcon_meta']
[0.346s] Level 1:colcon.colcon_core.package_identification:_identify(.) by extension 'colcon_meta'
[0.346s] Level 1:colcon.colcon_core.package_identification:_identify(.) by extensions ['ros']
[0.346s] Level 1:colcon.colcon_core.package_identification:_identify(.) by extension 'ros'
[0.386s] Level 1:colcon.colcon_core.package_identification:_identify(.) by extensions ['cmake', 'python']
[0.386s] Level 1:colcon.colcon_core.package_identification:_identify(.) by extension 'cmake'
[0.386s] Level 1:colcon.colcon_core.package_identification:_identify(.) by extension 'python'
[0.386s] Level 1:colcon.colcon_core.package_identification:_identify(.) by extensions ['python_setup_py']
[0.386s] Level 1:colcon.colcon_core.package_identification:_identify(.) by extension 'python_setup_py'
[0.386s] Level 1:colcon.colcon_core.package_identification:_identify(api) by extensions ['ignore', 'ignore_ament_install']
[0.386s] Level 1:colcon.colcon_core.package_identification:_identify(api) by extension 'ignore'
[0.386s] Level 1:colcon.colcon_core.package_identification:_identify(api) by extension 'ignore_ament_install'
[0.386s] Level 1:colcon.colcon_core.package_identification:_identify(api) by extensions ['colcon_pkg']
[0.386s] Level 1:colcon.colcon_core.package_identification:_identify(api) by extension 'colcon_pkg'
[0.386s] Level 1:colcon.colcon_core.package_identification:_identify(api) by extensions ['colcon_meta']
[0.386s] Level 1:colcon.colcon_core.package_identification:_identify(api) by extension 'colcon_meta'
[0.386s] Level 1:colcon.colcon_core.package_identification:_identify(api) by extensions ['ros']
[0.386s] Level 1:colcon.colcon_core.package_identification:_identify(api) by extension 'ros'
[0.386s] Level 1:colcon.colcon_core.package_identification:_identify(api) by extensions ['cmake', 'python']
[0.386s] Level 1:colcon.colcon_core.package_identification:_identify(api) by extension 'cmake'
[0.386s] Level 1:colcon.colcon_core.package_identification:_identify(api) by extension 'python'
[0.387s] Level 1:colcon.colcon_core.package_identification:_identify(api) by extensions ['python_setup_py']
[0.387s] Level 1:colcon.colcon_core.package_identification:_identify(api) by extension 'python_setup_py'
[0.387s] Level 1:colcon.colcon_core.package_identification:_identify(api/__pycache__) by extensions ['ignore', 'ignore_ament_install']
[0.387s] Level 1:colcon.colcon_core.package_identification:_identify(api/__pycache__) by extension 'ignore'
[0.387s] Level 1:colcon.colcon_core.package_identification:_identify(api/__pycache__) by extension 'ignore_ament_install'
[0.387s] Level 1:colcon.colcon_core.package_identification:_identify(api/__pycache__) by extensions ['colcon_pkg']
[0.387s] Level 1:colcon.colcon_core.package_identification:_identify(api/__pycache__) by extension 'colcon_pkg'
[0.387s] Level 1:colcon.colcon_core.package_identification:_identify(api/__pycache__) by extensions ['colcon_meta']
[0.387s] Level 1:colcon.colcon_core.package_identification:_identify(api/__pycache__) by extension 'colcon_meta'
[0.387s] Level 1:colcon.colcon_core.package_identification:_identify(api/__pycache__) by extensions ['ros']
[0.387s] Level 1:colcon.colcon_core.package_identification:_identify(api/__pycache__) by extension 'ros'
[0.387s] Level 1:colcon.colcon_core.package_identification:_identify(api/__pycache__) by extensions ['cmake', 'python']
[0.387s] Level 1:colcon.colcon_core.package_identification:_identify(api/__pycache__) by extension 'cmake'
[0.387s] Level 1:colcon.colcon_core.package_identification:_identify(api/__pycache__) by extension 'python'
[0.387s] Level 1:colcon.colcon_core.package_identification:_identify(api/__pycache__) by extensions ['python_setup_py']
[0.387s] Level 1:colcon.colcon_core.package_identification:_identify(api/__pycache__) by extension 'python_setup_py'
[0.387s] Level 1:colcon.colcon_core.package_identification:_identify(build) by extensions ['ignore', 'ignore_ament_install']
[0.387s] Level 1:colcon.colcon_core.package_identification:_identify(build) by extension 'ignore'
[0.387s] Level 1:colcon.colcon_core.package_identification:_identify(build) ignored
[0.387s] Level 1:colcon.colcon_core.package_identification:_identify(config) by extensions ['ignore', 'ignore_ament_install']
[0.387s] Level 1:colcon.colcon_core.package_identification:_identify(config) by extension 'ignore'
[0.387s] Level 1:colcon.colcon_core.package_identification:_identify(config) by extension 'ignore_ament_install'
[0.387s] Level 1:colcon.colcon_core.package_identification:_identify(config) by extensions ['colcon_pkg']
[0.387s] Level 1:colcon.colcon_core.package_identification:_identify(config) by extension 'colcon_pkg'
[0.388s] Level 1:colcon.colcon_core.package_identification:_identify(config) by extensions ['colcon_meta']
[0.388s] Level 1:colcon.colcon_core.package_identification:_identify(config) by extension 'colcon_meta'
[0.388s] Level 1:colcon.colcon_core.package_identification:_identify(config) by extensions ['ros']
[0.388s] Level 1:colcon.colcon_core.package_identification:_identify(config) by extension 'ros'
[0.388s] Level 1:colcon.colcon_core.package_identification:_identify(config) by extensions ['cmake', 'python']
[0.388s] Level 1:colcon.colcon_core.package_identification:_identify(config) by extension 'cmake'
[0.388s] Level 1:colcon.colcon_core.package_identification:_identify(config) by extension 'python'
[0.388s] Level 1:colcon.colcon_core.package_identification:_identify(config) by extensions ['python_setup_py']
[0.388s] Level 1:colcon.colcon_core.package_identification:_identify(config) by extension 'python_setup_py'
[0.388s] Level 1:colcon.colcon_core.package_identification:_identify(install) by extensions ['ignore', 'ignore_ament_install']
[0.388s] Level 1:colcon.colcon_core.package_identification:_identify(install) by extension 'ignore'
[0.388s] Level 1:colcon.colcon_core.package_identification:_identify(install) ignored
[0.388s] Level 1:colcon.colcon_core.package_identification:_identify(launch) by extensions ['ignore', 'ignore_ament_install']
[0.388s] Level 1:colcon.colcon_core.package_identification:_identify(launch) by extension 'ignore'
[0.388s] Level 1:colcon.colcon_core.package_identification:_identify(launch) by extension 'ignore_ament_install'
[0.388s] Level 1:colcon.colcon_core.package_identification:_identify(launch) by extensions ['colcon_pkg']
[0.388s] Level 1:colcon.colcon_core.package_identification:_identify(launch) by extension 'colcon_pkg'
[0.388s] Level 1:colcon.colcon_core.package_identification:_identify(launch) by extensions ['colcon_meta']
[0.388s] Level 1:colcon.colcon_core.package_identification:_identify(launch) by extension 'colcon_meta'
[0.388s] Level 1:colcon.colcon_core.package_identification:_identify(launch) by extensions ['ros']
[0.388s] Level 1:colcon.colcon_core.package_identification:_identify(launch) by extension 'ros'
[0.388s] Level 1:colcon.colcon_core.package_identification:_identify(launch) by extensions ['cmake', 'python']
[0.388s] Level 1:colcon.colcon_core.package_identification:_identify(launch) by extension 'cmake'
[0.388s] Level 1:colcon.colcon_core.package_identification:_identify(launch) by extension 'python'
[0.389s] Level 1:colcon.colcon_core.package_identification:_identify(launch) by extensions ['python_setup_py']
[0.389s] Level 1:colcon.colcon_core.package_identification:_identify(launch) by extension 'python_setup_py'
[0.389s] Level 1:colcon.colcon_core.package_identification:_identify(log) by extensions ['ignore', 'ignore_ament_install']
[0.389s] Level 1:colcon.colcon_core.package_identification:_identify(log) by extension 'ignore'
[0.389s] Level 1:colcon.colcon_core.package_identification:_identify(log) ignored
[0.389s] Level 1:colcon.colcon_core.package_identification:_identify(scripts) by extensions ['ignore', 'ignore_ament_install']
[0.389s] Level 1:colcon.colcon_core.package_identification:_identify(scripts) by extension 'ignore'
[0.389s] Level 1:colcon.colcon_core.package_identification:_identify(scripts) by extension 'ignore_ament_install'
[0.389s] Level 1:colcon.colcon_core.package_identification:_identify(scripts) by extensions ['colcon_pkg']
[0.389s] Level 1:colcon.colcon_core.package_identification:_identify(scripts) by extension 'colcon_pkg'
[0.389s] Level 1:colcon.colcon_core.package_identification:_identify(scripts) by extensions ['colcon_meta']
[0.389s] Level 1:colcon.colcon_core.package_identification:_identify(scripts) by extension 'colcon_meta'
[0.389s] Level 1:colcon.colcon_core.package_identification:_identify(scripts) by extensions ['ros']
[0.389s] Level 1:colcon.colcon_core.package_identification:_identify(scripts) by extension 'ros'
[0.389s] Level 1:colcon.colcon_core.package_identification:_identify(scripts) by extensions ['cmake', 'python']
[0.389s] Level 1:colcon.colcon_core.package_identification:_identify(scripts) by extension 'cmake'
[0.389s] Level 1:colcon.colcon_core.package_identification:_identify(scripts) by extension 'python'
[0.389s] Level 1:colcon.colcon_core.package_identification:_identify(scripts) by extensions ['python_setup_py']
[0.389s] Level 1:colcon.colcon_core.package_identification:_identify(scripts) by extension 'python_setup_py'
[0.389s] Level 1:colcon.colcon_core.package_identification:_identify(scripts/ai) by extensions ['ignore', 'ignore_ament_install']
[0.389s] Level 1:colcon.colcon_core.package_identification:_identify(scripts/ai) by extension 'ignore'
[0.389s] Level 1:colcon.colcon_core.package_identification:_identify(scripts/ai) by extension 'ignore_ament_install'
[0.389s] Level 1:colcon.colcon_core.package_identification:_identify(scripts/ai) by extensions ['colcon_pkg']
[0.389s] Level 1:colcon.colcon_core.package_identification:_identify(scripts/ai) by extension 'colcon_pkg'
[0.390s] Level 1:colcon.colcon_core.package_identification:_identify(scripts/ai) by extensions ['colcon_meta']
[0.390s] Level 1:colcon.colcon_core.package_identification:_identify(scripts/ai) by extension 'colcon_meta'
[0.390s] Level 1:colcon.colcon_core.package_identification:_identify(scripts/ai) by extensions ['ros']
[0.390s] Level 1:colcon.colcon_core.package_identification:_identify(scripts/ai) by extension 'ros'
[0.390s] Level 1:colcon.colcon_core.package_identification:_identify(scripts/ai) by extensions ['cmake', 'python']
[0.390s] Level 1:colcon.colcon_core.package_identification:_identify(scripts/ai) by extension 'cmake'
[0.390s] Level 1:colcon.colcon_core.package_identification:_identify(scripts/ai) by extension 'python'
[0.390s] Level 1:colcon.colcon_core.package_identification:_identify(scripts/ai) by extensions ['python_setup_py']
[0.390s] Level 1:colcon.colcon_core.package_identification:_identify(scripts/ai) by extension 'python_setup_py'
[0.390s] Level 1:colcon.colcon_core.package_identification:_identify(scripts/motor) by extensions ['ignore', 'ignore_ament_install']
[0.390s] Level 1:colcon.colcon_core.package_identification:_identify(scripts/motor) by extension 'ignore'
[0.390s] Level 1:colcon.colcon_core.package_identification:_identify(scripts/motor) by extension 'ignore_ament_install'
[0.390s] Level 1:colcon.colcon_core.package_identification:_identify(scripts/motor) by extensions ['colcon_pkg']
[0.390s] Level 1:colcon.colcon_core.package_identification:_identify(scripts/motor) by extension 'colcon_pkg'
[0.390s] Level 1:colcon.colcon_core.package_identification:_identify(scripts/motor) by extensions ['colcon_meta']
[0.390s] Level 1:colcon.colcon_core.package_identification:_identify(scripts/motor) by extension 'colcon_meta'
[0.390s] Level 1:colcon.colcon_core.package_identification:_identify(scripts/motor) by extensions ['ros']
[0.390s] Level 1:colcon.colcon_core.package_identification:_identify(scripts/motor) by extension 'ros'
[0.390s] Level 1:colcon.colcon_core.package_identification:_identify(scripts/motor) by extensions ['cmake', 'python']
[0.390s] Level 1:colcon.colcon_core.package_identification:_identify(scripts/motor) by extension 'cmake'
[0.390s] Level 1:colcon.colcon_core.package_identification:_identify(scripts/motor) by extension 'python'
[0.390s] Level 1:colcon.colcon_core.package_identification:_identify(scripts/motor) by extensions ['python_setup_py']
[0.390s] Level 1:colcon.colcon_core.package_identification:_identify(scripts/motor) by extension 'python_setup_py'
[0.390s] Level 1:colcon.colcon_core.package_identification:_identify(scripts/sim) by extensions ['ignore', 'ignore_ament_install']
[0.390s] Level 1:colcon.colcon_core.package_identification:_identify(scripts/sim) by extension 'ignore'
[0.390s] Level 1:colcon.colcon_core.package_identification:_identify(scripts/sim) by extension 'ignore_ament_install'
[0.391s] Level 1:colcon.colcon_core.package_identification:_identify(scripts/sim) by extensions ['colcon_pkg']
[0.391s] Level 1:colcon.colcon_core.package_identification:_identify(scripts/sim) by extension 'colcon_pkg'
[0.391s] Level 1:colcon.colcon_core.package_identification:_identify(scripts/sim) by extensions ['colcon_meta']
[0.391s] Level 1:colcon.colcon_core.package_identification:_identify(scripts/sim) by extension 'colcon_meta'
[0.391s] Level 1:colcon.colcon_core.package_identification:_identify(scripts/sim) by extensions ['ros']
[0.391s] Level 1:colcon.colcon_core.package_identification:_identify(scripts/sim) by extension 'ros'
[0.391s] Level 1:colcon.colcon_core.package_identification:_identify(scripts/sim) by extensions ['cmake', 'python']
[0.391s] Level 1:colcon.colcon_core.package_identification:_identify(scripts/sim) by extension 'cmake'
[0.391s] Level 1:colcon.colcon_core.package_identification:_identify(scripts/sim) by extension 'python'
[0.391s] Level 1:colcon.colcon_core.package_identification:_identify(scripts/sim) by extensions ['python_setup_py']
[0.391s] Level 1:colcon.colcon_core.package_identification:_identify(scripts/sim) by extension 'python_setup_py'
[0.391s] Level 1:colcon.colcon_core.package_identification:_identify(scripts/ws) by extensions ['ignore', 'ignore_ament_install']
[0.391s] Level 1:colcon.colcon_core.package_identification:_identify(scripts/ws) by extension 'ignore'
[0.391s] Level 1:colcon.colcon_core.package_identification:_identify(scripts/ws) by extension 'ignore_ament_install'
[0.391s] Level 1:colcon.colcon_core.package_identification:_identify(scripts/ws) by extensions ['colcon_pkg']
[0.391s] Level 1:colcon.colcon_core.package_identification:_identify(scripts/ws) by extension 'colcon_pkg'
[0.391s] Level 1:colcon.colcon_core.package_identification:_identify(scripts/ws) by extensions ['colcon_meta']
[0.391s] Level 1:colcon.colcon_core.package_identification:_identify(scripts/ws) by extension 'colcon_meta'
[0.391s] Level 1:colcon.colcon_core.package_identification:_identify(scripts/ws) by extensions ['ros']
[0.391s] Level 1:colcon.colcon_core.package_identification:_identify(scripts/ws) by extension 'ros'
[0.391s] Level 1:colcon.colcon_core.package_identification:_identify(scripts/ws) by extensions ['cmake', 'python']
[0.391s] Level 1:colcon.colcon_core.package_identification:_identify(scripts/ws) by extension 'cmake'
[0.391s] Level 1:colcon.colcon_core.package_identification:_identify(scripts/ws) by extension 'python'
[0.391s] Level 1:colcon.colcon_core.package_identification:_identify(scripts/ws) by extensions ['python_setup_py']
[0.391s] Level 1:colcon.colcon_core.package_identification:_identify(scripts/ws) by extension 'python_setup_py'
[0.392s] Level 1:colcon.colcon_core.package_identification:_identify(src) by extensions ['ignore', 'ignore_ament_install']
[0.392s] Level 1:colcon.colcon_core.package_identification:_identify(src) by extension 'ignore'
[0.392s] Level 1:colcon.colcon_core.package_identification:_identify(src) by extension 'ignore_ament_install'
[0.392s] Level 1:colcon.colcon_core.package_identification:_identify(src) by extensions ['colcon_pkg']
[0.392s] Level 1:colcon.colcon_core.package_identification:_identify(src) by extension 'colcon_pkg'
[0.392s] Level 1:colcon.colcon_core.package_identification:_identify(src) by extensions ['colcon_meta']
[0.392s] Level 1:colcon.colcon_core.package_identification:_identify(src) by extension 'colcon_meta'
[0.392s] Level 1:colcon.colcon_core.package_identification:_identify(src) by extensions ['ros']
[0.392s] Level 1:colcon.colcon_core.package_identification:_identify(src) by extension 'ros'
[0.392s] Level 1:colcon.colcon_core.package_identification:_identify(src) by extensions ['cmake', 'python']
[0.392s] Level 1:colcon.colcon_core.package_identification:_identify(src) by extension 'cmake'
[0.392s] Level 1:colcon.colcon_core.package_identification:_identify(src) by extension 'python'
[0.392s] Level 1:colcon.colcon_core.package_identification:_identify(src) by extensions ['python_setup_py']
[0.392s] Level 1:colcon.colcon_core.package_identification:_identify(src) by extension 'python_setup_py'
[0.392s] Level 1:colcon.colcon_core.package_identification:_identify(src/build) by extensions ['ignore', 'ignore_ament_install']
[0.392s] Level 1:colcon.colcon_core.package_identification:_identify(src/build) by extension 'ignore'
[0.392s] Level 1:colcon.colcon_core.package_identification:_identify(src/build) ignored
[0.392s] Level 1:colcon.colcon_core.package_identification:_identify(src/install) by extensions ['ignore', 'ignore_ament_install']
[0.392s] Level 1:colcon.colcon_core.package_identification:_identify(src/install) by extension 'ignore'
[0.392s] Level 1:colcon.colcon_core.package_identification:_identify(src/install) ignored
[0.392s] Level 1:colcon.colcon_core.package_identification:_identify(src/log) by extensions ['ignore', 'ignore_ament_install']
[0.392s] Level 1:colcon.colcon_core.package_identification:_identify(src/log) by extension 'ignore'
[0.393s] Level 1:colcon.colcon_core.package_identification:_identify(src/log) ignored
[0.393s] Level 1:colcon.colcon_core.package_identification:_identify(src/ros2_differential_drive) by extensions ['ignore', 'ignore_ament_install']
[0.393s] Level 1:colcon.colcon_core.package_identification:_identify(src/ros2_differential_drive) by extension 'ignore'
[0.393s] Level 1:colcon.colcon_core.package_identification:_identify(src/ros2_differential_drive) by extension 'ignore_ament_install'
[0.393s] Level 1:colcon.colcon_core.package_identification:_identify(src/ros2_differential_drive) by extensions ['colcon_pkg']
[0.393s] Level 1:colcon.colcon_core.package_identification:_identify(src/ros2_differential_drive) by extension 'colcon_pkg'
[0.393s] Level 1:colcon.colcon_core.package_identification:_identify(src/ros2_differential_drive) by extensions ['colcon_meta']
[0.393s] Level 1:colcon.colcon_core.package_identification:_identify(src/ros2_differential_drive) by extension 'colcon_meta'
[0.393s] Level 1:colcon.colcon_core.package_identification:_identify(src/ros2_differential_drive) by extensions ['ros']
[0.393s] Level 1:colcon.colcon_core.package_identification:_identify(src/ros2_differential_drive) by extension 'ros'
[0.395s] DEBUG:colcon.colcon_core.package_identification:Package 'src/ros2_differential_drive' with type 'ros.ament_python' and name 'differential_drive'
[0.395s] Level 1:colcon.colcon_core.package_identification:_identify(src/sabertooth) by extensions ['ignore', 'ignore_ament_install']
[0.395s] Level 1:colcon.colcon_core.package_identification:_identify(src/sabertooth) by extension 'ignore'
[0.395s] Level 1:colcon.colcon_core.package_identification:_identify(src/sabertooth) by extension 'ignore_ament_install'
[0.395s] Level 1:colcon.colcon_core.package_identification:_identify(src/sabertooth) by extensions ['colcon_pkg']
[0.395s] Level 1:colcon.colcon_core.package_identification:_identify(src/sabertooth) by extension 'colcon_pkg'
[0.395s] Level 1:colcon.colcon_core.package_identification:_identify(src/sabertooth) by extensions ['colcon_meta']
[0.395s] Level 1:colcon.colcon_core.package_identification:_identify(src/sabertooth) by extension 'colcon_meta'
[0.395s] Level 1:colcon.colcon_core.package_identification:_identify(src/sabertooth) by extensions ['ros']
[0.395s] Level 1:colcon.colcon_core.package_identification:_identify(src/sabertooth) by extension 'ros'
[0.396s] DEBUG:colcon.colcon_core.package_identification:Package 'src/sabertooth' with type 'ros.ament_python' and name 'sabertooth'
[0.396s] Level 1:colcon.colcon_core.package_identification:_identify(src/scootbot_description) by extensions ['ignore', 'ignore_ament_install']
[0.396s] Level 1:colcon.colcon_core.package_identification:_identify(src/scootbot_description) by extension 'ignore'
[0.396s] Level 1:colcon.colcon_core.package_identification:_identify(src/scootbot_description) by extension 'ignore_ament_install'
[0.396s] Level 1:colcon.colcon_core.package_identification:_identify(src/scootbot_description) by extensions ['colcon_pkg']
[0.396s] Level 1:colcon.colcon_core.package_identification:_identify(src/scootbot_description) by extension 'colcon_pkg'
[0.396s] Level 1:colcon.colcon_core.package_identification:_identify(src/scootbot_description) by extensions ['colcon_meta']
[0.396s] Level 1:colcon.colcon_core.package_identification:_identify(src/scootbot_description) by extension 'colcon_meta'
[0.396s] Level 1:colcon.colcon_core.package_identification:_identify(src/scootbot_description) by extensions ['ros']
[0.396s] Level 1:colcon.colcon_core.package_identification:_identify(src/scootbot_description) by extension 'ros'
[0.397s] DEBUG:colcon.colcon_core.package_identification:Package 'src/scootbot_description' with type 'ros.ament_cmake' and name 'scootbot_description'
[0.397s] Level 1:colcon.colcon_core.package_identification:_identify(src/scootbot_sim) by extensions ['ignore', 'ignore_ament_install']
[0.397s] Level 1:colcon.colcon_core.package_identification:_identify(src/scootbot_sim) by extension 'ignore'
[0.397s] Level 1:colcon.colcon_core.package_identification:_identify(src/scootbot_sim) by extension 'ignore_ament_install'
[0.397s] Level 1:colcon.colcon_core.package_identification:_identify(src/scootbot_sim) by extensions ['colcon_pkg']
[0.397s] Level 1:colcon.colcon_core.package_identification:_identify(src/scootbot_sim) by extension 'colcon_pkg'
[0.397s] Level 1:colcon.colcon_core.package_identification:_identify(src/scootbot_sim) by extensions ['colcon_meta']
[0.397s] Level 1:colcon.colcon_core.package_identification:_identify(src/scootbot_sim) by extension 'colcon_meta'
[0.397s] Level 1:colcon.colcon_core.package_identification:_identify(src/scootbot_sim) by extensions ['ros']
[0.397s] Level 1:colcon.colcon_core.package_identification:_identify(src/scootbot_sim) by extension 'ros'
[0.397s] DEBUG:colcon.colcon_core.package_identification:Package 'src/scootbot_sim' with type 'ros.ament_cmake' and name 'scootbot_sim'
[0.398s] Level 1:colcon.colcon_core.package_identification:_identify(src/sllidar_ros2) by extensions ['ignore', 'ignore_ament_install']
[0.398s] Level 1:colcon.colcon_core.package_identification:_identify(src/sllidar_ros2) by extension 'ignore'
[0.398s] Level 1:colcon.colcon_core.package_identification:_identify(src/sllidar_ros2) by extension 'ignore_ament_install'
[0.398s] Level 1:colcon.colcon_core.package_identification:_identify(src/sllidar_ros2) by extensions ['colcon_pkg']
[0.398s] Level 1:colcon.colcon_core.package_identification:_identify(src/sllidar_ros2) by extension 'colcon_pkg'
[0.398s] Level 1:colcon.colcon_core.package_identification:_identify(src/sllidar_ros2) by extensions ['colcon_meta']
[0.398s] Level 1:colcon.colcon_core.package_identification:_identify(src/sllidar_ros2) by extension 'colcon_meta'
[0.398s] Level 1:colcon.colcon_core.package_identification:_identify(src/sllidar_ros2) by extensions ['ros']
[0.398s] Level 1:colcon.colcon_core.package_identification:_identify(src/sllidar_ros2) by extension 'ros'
[0.398s] DEBUG:colcon.colcon_core.package_identification:Package 'src/sllidar_ros2' with type 'ros.ament_cmake' and name 'sllidar_ros2'
[0.398s] Level 1:colcon.colcon_core.package_identification:_identify(webui) by extensions ['ignore', 'ignore_ament_install']
[0.398s] Level 1:colcon.colcon_core.package_identification:_identify(webui) by extension 'ignore'
[0.398s] Level 1:colcon.colcon_core.package_identification:_identify(webui) by extension 'ignore_ament_install'
[0.399s] Level 1:colcon.colcon_core.package_identification:_identify(webui) by extensions ['colcon_pkg']
[0.399s] Level 1:colcon.colcon_core.package_identification:_identify(webui) by extension 'colcon_pkg'
[0.399s] Level 1:colcon.colcon_core.package_identification:_identify(webui) by extensions ['colcon_meta']
[0.399s] Level 1:colcon.colcon_core.package_identification:_identify(webui) by extension 'colcon_meta'
[0.399s] Level 1:colcon.colcon_core.package_identification:_identify(webui) by extensions ['ros']
[0.399s] Level 1:colcon.colcon_core.package_identification:_identify(webui) by extension 'ros'
[0.399s] Level 1:colcon.colcon_core.package_identification:_identify(webui) by extensions ['cmake', 'python']
[0.399s] Level 1:colcon.colcon_core.package_identification:_identify(webui) by extension 'cmake'
[0.399s] Level 1:colcon.colcon_core.package_identification:_identify(webui) by extension 'python'
[0.399s] Level 1:colcon.colcon_core.package_identification:_identify(webui) by extensions ['python_setup_py']
[0.399s] Level 1:colcon.colcon_core.package_identification:_identify(webui) by extension 'python_setup_py'
[0.399s] Level 1:colcon.colcon_core.package_identification:_identify(webui/__pycache__) by extensions ['ignore', 'ignore_ament_install']
[0.399s] Level 1:colcon.colcon_core.package_identification:_identify(webui/__pycache__) by extension 'ignore'
[0.399s] Level 1:colcon.colcon_core.package_identification:_identify(webui/__pycache__) by extension 'ignore_ament_install'
[0.399s] Level 1:colcon.colcon_core.package_identification:_identify(webui/__pycache__) by extensions ['colcon_pkg']
[0.399s] Level 1:colcon.colcon_core.package_identification:_identify(webui/__pycache__) by extension 'colcon_pkg'
[0.399s] Level 1:colcon.colcon_core.package_identification:_identify(webui/__pycache__) by extensions ['colcon_meta']
[0.399s] Level 1:colcon.colcon_core.package_identification:_identify(webui/__pycache__) by extension 'colcon_meta'
[0.399s] Level 1:colcon.colcon_core.package_identification:_identify(webui/__pycache__) by extensions ['ros']
[0.399s] Level 1:colcon.colcon_core.package_identification:_identify(webui/__pycache__) by extension 'ros'
[0.399s] Level 1:colcon.colcon_core.package_identification:_identify(webui/__pycache__) by extensions ['cmake', 'python']
[0.399s] Level 1:colcon.colcon_core.package_identification:_identify(webui/__pycache__) by extension 'cmake'
[0.399s] Level 1:colcon.colcon_core.package_identification:_identify(webui/__pycache__) by extension 'python'
[0.399s] Level 1:colcon.colcon_core.package_identification:_identify(webui/__pycache__) by extensions ['python_setup_py']
[0.399s] Level 1:colcon.colcon_core.package_identification:_identify(webui/__pycache__) by extension 'python_setup_py'
[0.399s] Level 1:colcon.colcon_core.package_identification:_identify(webui/static) by extensions ['ignore', 'ignore_ament_install']
[0.400s] Level 1:colcon.colcon_core.package_identification:_identify(webui/static) by extension 'ignore'
[0.400s] Level 1:colcon.colcon_core.package_identification:_identify(webui/static) by extension 'ignore_ament_install'
[0.400s] Level 1:colcon.colcon_core.package_identification:_identify(webui/static) by extensions ['colcon_pkg']
[0.400s] Level 1:colcon.colcon_core.package_identification:_identify(webui/static) by extension 'colcon_pkg'
[0.400s] Level 1:colcon.colcon_core.package_identification:_identify(webui/static) by extensions ['colcon_meta']
[0.400s] Level 1:colcon.colcon_core.package_identification:_identify(webui/static) by extension 'colcon_meta'
[0.400s] Level 1:colcon.colcon_core.package_identification:_identify(webui/static) by extensions ['ros']
[0.400s] Level 1:colcon.colcon_core.package_identification:_identify(webui/static) by extension 'ros'
[0.400s] Level 1:colcon.colcon_core.package_identification:_identify(webui/static) by extensions ['cmake', 'python']
[0.400s] Level 1:colcon.colcon_core.package_identification:_identify(webui/static) by extension 'cmake'
[0.400s] Level 1:colcon.colcon_core.package_identification:_identify(webui/static) by extension 'python'
[0.400s] Level 1:colcon.colcon_core.package_identification:_identify(webui/static) by extensions ['python_setup_py']
[0.400s] Level 1:colcon.colcon_core.package_identification:_identify(webui/static) by extension 'python_setup_py'
[0.400s] Level 1:colcon.colcon_core.package_identification:_identify(webui/static/css) by extensions ['ignore', 'ignore_ament_install']
[0.400s] Level 1:colcon.colcon_core.package_identification:_identify(webui/static/css) by extension 'ignore'
[0.400s] Level 1:colcon.colcon_core.package_identification:_identify(webui/static/css) by extension 'ignore_ament_install'
[0.400s] Level 1:colcon.colcon_core.package_identification:_identify(webui/static/css) by extensions ['colcon_pkg']
[0.400s] Level 1:colcon.colcon_core.package_identification:_identify(webui/static/css) by extension 'colcon_pkg'
[0.400s] Level 1:colcon.colcon_core.package_identification:_identify(webui/static/css) by extensions ['colcon_meta']
[0.400s] Level 1:colcon.colcon_core.package_identification:_identify(webui/static/css) by extension 'colcon_meta'
[0.400s] Level 1:colcon.colcon_core.package_identification:_identify(webui/static/css) by extensions ['ros']
[0.400s] Level 1:colcon.colcon_core.package_identification:_identify(webui/static/css) by extension 'ros'
[0.400s] Level 1:colcon.colcon_core.package_identification:_identify(webui/static/css) by extensions ['cmake', 'python']
[0.400s] Level 1:colcon.colcon_core.package_identification:_identify(webui/static/css) by extension 'cmake'
[0.400s] Level 1:colcon.colcon_core.package_identification:_identify(webui/static/css) by extension 'python'
[0.400s] Level 1:colcon.colcon_core.package_identification:_identify(webui/static/css) by extensions ['python_setup_py']
[0.401s] Level 1:colcon.colcon_core.package_identification:_identify(webui/static/css) by extension 'python_setup_py'
[0.401s] Level 1:colcon.colcon_core.package_identification:_identify(webui/static/ico) by extensions ['ignore', 'ignore_ament_install']
[0.401s] Level 1:colcon.colcon_core.package_identification:_identify(webui/static/ico) by extension 'ignore'
[0.401s] Level 1:colcon.colcon_core.package_identification:_identify(webui/static/ico) by extension 'ignore_ament_install'
[0.401s] Level 1:colcon.colcon_core.package_identification:_identify(webui/static/ico) by extensions ['colcon_pkg']
[0.401s] Level 1:colcon.colcon_core.package_identification:_identify(webui/static/ico) by extension 'colcon_pkg'
[0.401s] Level 1:colcon.colcon_core.package_identification:_identify(webui/static/ico) by extensions ['colcon_meta']
[0.401s] Level 1:colcon.colcon_core.package_identification:_identify(webui/static/ico) by extension 'colcon_meta'
[0.401s] Level 1:colcon.colcon_core.package_identification:_identify(webui/static/ico) by extensions ['ros']
[0.401s] Level 1:colcon.colcon_core.package_identification:_identify(webui/static/ico) by extension 'ros'
[0.401s] Level 1:colcon.colcon_core.package_identification:_identify(webui/static/ico) by extensions ['cmake', 'python']
[0.401s] Level 1:colcon.colcon_core.package_identification:_identify(webui/static/ico) by extension 'cmake'
[0.401s] Level 1:colcon.colcon_core.package_identification:_identify(webui/static/ico) by extension 'python'
[0.401s] Level 1:colcon.colcon_core.package_identification:_identify(webui/static/ico) by extensions ['python_setup_py']
[0.401s] Level 1:colcon.colcon_core.package_identification:_identify(webui/static/ico) by extension 'python_setup_py'
[0.401s] Level 1:colcon.colcon_core.package_identification:_identify(webui/static/img) by extensions ['ignore', 'ignore_ament_install']
[0.401s] Level 1:colcon.colcon_core.package_identification:_identify(webui/static/img) by extension 'ignore'
[0.401s] Level 1:colcon.colcon_core.package_identification:_identify(webui/static/img) by extension 'ignore_ament_install'
[0.401s] Level 1:colcon.colcon_core.package_identification:_identify(webui/static/img) by extensions ['colcon_pkg']
[0.401s] Level 1:colcon.colcon_core.package_identification:_identify(webui/static/img) by extension 'colcon_pkg'
[0.401s] Level 1:colcon.colcon_core.package_identification:_identify(webui/static/img) by extensions ['colcon_meta']
[0.401s] Level 1:colcon.colcon_core.package_identification:_identify(webui/static/img) by extension 'colcon_meta'
[0.401s] Level 1:colcon.colcon_core.package_identification:_identify(webui/static/img) by extensions ['ros']
[0.401s] Level 1:colcon.colcon_core.package_identification:_identify(webui/static/img) by extension 'ros'
[0.402s] Level 1:colcon.colcon_core.package_identification:_identify(webui/static/img) by extensions ['cmake', 'python']
[0.402s] Level 1:colcon.colcon_core.package_identification:_identify(webui/static/img) by extension 'cmake'
[0.402s] Level 1:colcon.colcon_core.package_identification:_identify(webui/static/img) by extension 'python'
[0.402s] Level 1:colcon.colcon_core.package_identification:_identify(webui/static/img) by extensions ['python_setup_py']
[0.402s] Level 1:colcon.colcon_core.package_identification:_identify(webui/static/img) by extension 'python_setup_py'
[0.402s] Level 1:colcon.colcon_core.package_identification:_identify(webui/static/js) by extensions ['ignore', 'ignore_ament_install']
[0.402s] Level 1:colcon.colcon_core.package_identification:_identify(webui/static/js) by extension 'ignore'
[0.402s] Level 1:colcon.colcon_core.package_identification:_identify(webui/static/js) by extension 'ignore_ament_install'
[0.402s] Level 1:colcon.colcon_core.package_identification:_identify(webui/static/js) by extensions ['colcon_pkg']
[0.402s] Level 1:colcon.colcon_core.package_identification:_identify(webui/static/js) by extension 'colcon_pkg'
[0.402s] Level 1:colcon.colcon_core.package_identification:_identify(webui/static/js) by extensions ['colcon_meta']
[0.402s] Level 1:colcon.colcon_core.package_identification:_identify(webui/static/js) by extension 'colcon_meta'
[0.402s] Level 1:colcon.colcon_core.package_identification:_identify(webui/static/js) by extensions ['ros']
[0.402s] Level 1:colcon.colcon_core.package_identification:_identify(webui/static/js) by extension 'ros'
[0.402s] Level 1:colcon.colcon_core.package_identification:_identify(webui/static/js) by extensions ['cmake', 'python']
[0.402s] Level 1:colcon.colcon_core.package_identification:_identify(webui/static/js) by extension 'cmake'
[0.402s] Level 1:colcon.colcon_core.package_identification:_identify(webui/static/js) by extension 'python'
[0.402s] Level 1:colcon.colcon_core.package_identification:_identify(webui/static/js) by extensions ['python_setup_py']
[0.402s] Level 1:colcon.colcon_core.package_identification:_identify(webui/static/js) by extension 'python_setup_py'
[0.402s] Level 1:colcon.colcon_core.package_identification:_identify(webui/templates) by extensions ['ignore', 'ignore_ament_install']
[0.402s] Level 1:colcon.colcon_core.package_identification:_identify(webui/templates) by extension 'ignore'
[0.402s] Level 1:colcon.colcon_core.package_identification:_identify(webui/templates) by extension 'ignore_ament_install'
[0.402s] Level 1:colcon.colcon_core.package_identification:_identify(webui/templates) by extensions ['colcon_pkg']
[0.402s] Level 1:colcon.colcon_core.package_identification:_identify(webui/templates) by extension 'colcon_pkg'
[0.402s] Level 1:colcon.colcon_core.package_identification:_identify(webui/templates) by extensions ['colcon_meta']
[0.403s] Level 1:colcon.colcon_core.package_identification:_identify(webui/templates) by extension 'colcon_meta'
[0.403s] Level 1:colcon.colcon_core.package_identification:_identify(webui/templates) by extensions ['ros']
[0.403s] Level 1:colcon.colcon_core.package_identification:_identify(webui/templates) by extension 'ros'
[0.403s] Level 1:colcon.colcon_core.package_identification:_identify(webui/templates) by extensions ['cmake', 'python']
[0.403s] Level 1:colcon.colcon_core.package_identification:_identify(webui/templates) by extension 'cmake'
[0.403s] Level 1:colcon.colcon_core.package_identification:_identify(webui/templates) by extension 'python'
[0.403s] Level 1:colcon.colcon_core.package_identification:_identify(webui/templates) by extensions ['python_setup_py']
[0.403s] Level 1:colcon.colcon_core.package_identification:_identify(webui/templates) by extension 'python_setup_py'
[0.403s] Level 1:colcon.colcon_core.package_identification:_identify(webui/templates/admin) by extensions ['ignore', 'ignore_ament_install']
[0.403s] Level 1:colcon.colcon_core.package_identification:_identify(webui/templates/admin) by extension 'ignore'
[0.403s] Level 1:colcon.colcon_core.package_identification:_identify(webui/templates/admin) by extension 'ignore_ament_install'
[0.403s] Level 1:colcon.colcon_core.package_identification:_identify(webui/templates/admin) by extensions ['colcon_pkg']
[0.403s] Level 1:colcon.colcon_core.package_identification:_identify(webui/templates/admin) by extension 'colcon_pkg'
[0.403s] Level 1:colcon.colcon_core.package_identification:_identify(webui/templates/admin) by extensions ['colcon_meta']
[0.403s] Level 1:colcon.colcon_core.package_identification:_identify(webui/templates/admin) by extension 'colcon_meta'
[0.403s] Level 1:colcon.colcon_core.package_identification:_identify(webui/templates/admin) by extensions ['ros']
[0.403s] Level 1:colcon.colcon_core.package_identification:_identify(webui/templates/admin) by extension 'ros'
[0.403s] Level 1:colcon.colcon_core.package_identification:_identify(webui/templates/admin) by extensions ['cmake', 'python']
[0.403s] Level 1:colcon.colcon_core.package_identification:_identify(webui/templates/admin) by extension 'cmake'
[0.403s] Level 1:colcon.colcon_core.package_identification:_identify(webui/templates/admin) by extension 'python'
[0.403s] Level 1:colcon.colcon_core.package_identification:_identify(webui/templates/admin) by extensions ['python_setup_py']
[0.403s] Level 1:colcon.colcon_core.package_identification:_identify(webui/templates/admin) by extension 'python_setup_py'
[0.403s] Level 1:colcon.colcon_core.package_identification:_identify(webui/templates/errors) by extensions ['ignore', 'ignore_ament_install']
[0.403s] Level 1:colcon.colcon_core.package_identification:_identify(webui/templates/errors) by extension 'ignore'
[0.403s] Level 1:colcon.colcon_core.package_identification:_identify(webui/templates/errors) by extension 'ignore_ament_install'
[0.404s] Level 1:colcon.colcon_core.package_identification:_identify(webui/templates/errors) by extensions ['colcon_pkg']
[0.404s] Level 1:colcon.colcon_core.package_identification:_identify(webui/templates/errors) by extension 'colcon_pkg'
[0.404s] Level 1:colcon.colcon_core.package_identification:_identify(webui/templates/errors) by extensions ['colcon_meta']
[0.404s] Level 1:colcon.colcon_core.package_identification:_identify(webui/templates/errors) by extension 'colcon_meta'
[0.404s] Level 1:colcon.colcon_core.package_identification:_identify(webui/templates/errors) by extensions ['ros']
[0.404s] Level 1:colcon.colcon_core.package_identification:_identify(webui/templates/errors) by extension 'ros'
[0.404s] Level 1:colcon.colcon_core.package_identification:_identify(webui/templates/errors) by extensions ['cmake', 'python']
[0.404s] Level 1:colcon.colcon_core.package_identification:_identify(webui/templates/errors) by extension 'cmake'
[0.404s] Level 1:colcon.colcon_core.package_identification:_identify(webui/templates/errors) by extension 'python'
[0.404s] Level 1:colcon.colcon_core.package_identification:_identify(webui/templates/errors) by extensions ['python_setup_py']
[0.404s] Level 1:colcon.colcon_core.package_identification:_identify(webui/templates/errors) by extension 'python_setup_py'
[0.404s] Level 1:colcon.colcon_core.package_identification:_identify(webui/templates/forms) by extensions ['ignore', 'ignore_ament_install']
[0.404s] Level 1:colcon.colcon_core.package_identification:_identify(webui/templates/forms) by extension 'ignore'
[0.404s] Level 1:colcon.colcon_core.package_identification:_identify(webui/templates/forms) by extension 'ignore_ament_install'
[0.404s] Level 1:colcon.colcon_core.package_identification:_identify(webui/templates/forms) by extensions ['colcon_pkg']
[0.404s] Level 1:colcon.colcon_core.package_identification:_identify(webui/templates/forms) by extension 'colcon_pkg'
[0.404s] Level 1:colcon.colcon_core.package_identification:_identify(webui/templates/forms) by extensions ['colcon_meta']
[0.404s] Level 1:colcon.colcon_core.package_identification:_identify(webui/templates/forms) by extension 'colcon_meta'
[0.404s] Level 1:colcon.colcon_core.package_identification:_identify(webui/templates/forms) by extensions ['ros']
[0.404s] Level 1:colcon.colcon_core.package_identification:_identify(webui/templates/forms) by extension 'ros'
[0.404s] Level 1:colcon.colcon_core.package_identification:_identify(webui/templates/forms) by extensions ['cmake', 'python']
[0.404s] Level 1:colcon.colcon_core.package_identification:_identify(webui/templates/forms) by extension 'cmake'
[0.404s] Level 1:colcon.colcon_core.package_identification:_identify(webui/templates/forms) by extension 'python'
[0.404s] Level 1:colcon.colcon_core.package_identification:_identify(webui/templates/forms) by extensions ['python_setup_py']
[0.404s] Level 1:colcon.colcon_core.package_identification:_identify(webui/templates/forms) by extension 'python_setup_py'
[0.405s] Level 1:colcon.colcon_core.package_identification:_identify(webui/templates/layouts) by extensions ['ignore', 'ignore_ament_install']
[0.405s] Level 1:colcon.colcon_core.package_identification:_identify(webui/templates/layouts) by extension 'ignore'
[0.405s] Level 1:colcon.colcon_core.package_identification:_identify(webui/templates/layouts) by extension 'ignore_ament_install'
[0.405s] Level 1:colcon.colcon_core.package_identification:_identify(webui/templates/layouts) by extensions ['colcon_pkg']
[0.405s] Level 1:colcon.colcon_core.package_identification:_identify(webui/templates/layouts) by extension 'colcon_pkg'
[0.405s] Level 1:colcon.colcon_core.package_identification:_identify(webui/templates/layouts) by extensions ['colcon_meta']
[0.405s] Level 1:colcon.colcon_core.package_identification:_identify(webui/templates/layouts) by extension 'colcon_meta'
[0.405s] Level 1:colcon.colcon_core.package_identification:_identify(webui/templates/layouts) by extensions ['ros']
[0.405s] Level 1:colcon.colcon_core.package_identification:_identify(webui/templates/layouts) by extension 'ros'
[0.405s] Level 1:colcon.colcon_core.package_identification:_identify(webui/templates/layouts) by extensions ['cmake', 'python']
[0.405s] Level 1:colcon.colcon_core.package_identification:_identify(webui/templates/layouts) by extension 'cmake'
[0.405s] Level 1:colcon.colcon_core.package_identification:_identify(webui/templates/layouts) by extension 'python'
[0.405s] Level 1:colcon.colcon_core.package_identification:_identify(webui/templates/layouts) by extensions ['python_setup_py']
[0.405s] Level 1:colcon.colcon_core.package_identification:_identify(webui/templates/layouts) by extension 'python_setup_py'
[0.405s] Level 1:colcon.colcon_core.package_identification:_identify(webui/templates/pages) by extensions ['ignore', 'ignore_ament_install']
[0.405s] Level 1:colcon.colcon_core.package_identification:_identify(webui/templates/pages) by extension 'ignore'
[0.405s] Level 1:colcon.colcon_core.package_identification:_identify(webui/templates/pages) by extension 'ignore_ament_install'
[0.405s] Level 1:colcon.colcon_core.package_identification:_identify(webui/templates/pages) by extensions ['colcon_pkg']
[0.405s] Level 1:colcon.colcon_core.package_identification:_identify(webui/templates/pages) by extension 'colcon_pkg'
[0.405s] Level 1:colcon.colcon_core.package_identification:_identify(webui/templates/pages) by extensions ['colcon_meta']
[0.405s] Level 1:colcon.colcon_core.package_identification:_identify(webui/templates/pages) by extension 'colcon_meta'
[0.405s] Level 1:colcon.colcon_core.package_identification:_identify(webui/templates/pages) by extensions ['ros']
[0.405s] Level 1:colcon.colcon_core.package_identification:_identify(webui/templates/pages) by extension 'ros'
[0.405s] Level 1:colcon.colcon_core.package_identification:_identify(webui/templates/pages) by extensions ['cmake', 'python']
[0.405s] Level 1:colcon.colcon_core.package_identification:_identify(webui/templates/pages) by extension 'cmake'
[0.405s] Level 1:colcon.colcon_core.package_identification:_identify(webui/templates/pages) by extension 'python'
[0.406s] Level 1:colcon.colcon_core.package_identification:_identify(webui/templates/pages) by extensions ['python_setup_py']
[0.406s] Level 1:colcon.colcon_core.package_identification:_identify(webui/templates/pages) by extension 'python_setup_py'
[0.406s] Level 1:colcon.colcon_core.package_discovery:discover_packages(recursive) using defaults
[0.406s] Level 1:colcon.colcon_core.package_discovery:discover_packages(ignore) discover
[0.406s] Level 1:colcon.colcon_core.package_discovery:discover_packages(ignore) using defaults
[0.406s] Level 1:colcon.colcon_core.package_discovery:discover_packages(path) discover
[0.406s] Level 1:colcon.colcon_core.package_discovery:discover_packages(path) using defaults
[0.419s] Level 1:colcon.colcon_core.package_discovery:discover_packages(prefix_path) check parameters
[0.419s] Level 1:colcon.colcon_core.package_discovery:discover_packages(prefix_path) discover
[0.421s] DEBUG:colcon.colcon_installed_package_information.package_discovery:Found 6 installed packages in /home/ubuntu/scootbot/1.0.0/install
[0.422s] DEBUG:colcon.colcon_installed_package_information.package_discovery:Found 2 installed packages in /home/ubuntu/scootbot/2.0.0/install
[0.423s] DEBUG:colcon.colcon_installed_package_information.package_discovery:Found 322 installed packages in /opt/ros/humble
[0.424s] Level 1:colcon.colcon_core.package_discovery:discover_packages(prefix_path) using defaults
[0.481s] Level 5:colcon.colcon_core.verb:set package 'differential_drive' build argument 'cmake_args' from command line to 'None'
[0.481s] Level 5:colcon.colcon_core.verb:set package 'differential_drive' build argument 'cmake_target' from command line to 'None'
[0.481s] Level 5:colcon.colcon_core.verb:set package 'differential_drive' build argument 'cmake_target_skip_unavailable' from command line to 'False'
[0.481s] Level 5:colcon.colcon_core.verb:set package 'differential_drive' build argument 'cmake_clean_cache' from command line to 'False'
[0.481s] Level 5:colcon.colcon_core.verb:set package 'differential_drive' build argument 'cmake_clean_first' from command line to 'False'
[0.481s] Level 5:colcon.colcon_core.verb:set package 'differential_drive' build argument 'cmake_force_configure' from command line to 'False'
[0.481s] Level 5:colcon.colcon_core.verb:set package 'differential_drive' build argument 'ament_cmake_args' from command line to 'None'
[0.481s] Level 5:colcon.colcon_core.verb:set package 'differential_drive' build argument 'catkin_cmake_args' from command line to 'None'
[0.481s] Level 5:colcon.colcon_core.verb:set package 'differential_drive' build argument 'catkin_skip_building_tests' from command line to 'False'
[0.481s] DEBUG:colcon.colcon_core.verb:Building package 'differential_drive' with the following arguments: {'ament_cmake_args': None, 'build_base': '/home/ubuntu/scootbot/1.0.0/build/differential_drive', 'catkin_cmake_args': None, 'catkin_skip_building_tests': False, 'cmake_args': None, 'cmake_clean_cache': False, 'cmake_clean_first': False, 'cmake_force_configure': False, 'cmake_target': None, 'cmake_target_skip_unavailable': False, 'install_base': '/home/ubuntu/scootbot/1.0.0/install/differential_drive', 'merge_install': False, 'path': '/home/ubuntu/scootbot/1.0.0/src/ros2_differential_drive', 'symlink_install': True, 'test_result_base': None}
[0.482s] Level 5:colcon.colcon_core.verb:set package 'sabertooth' build argument 'cmake_args' from command line to 'None'
[0.482s] Level 5:colcon.colcon_core.verb:set package 'sabertooth' build argument 'cmake_target' from command line to 'None'
[0.482s] Level 5:colcon.colcon_core.verb:set package 'sabertooth' build argument 'cmake_target_skip_unavailable' from command line to 'False'
[0.482s] Level 5:colcon.colcon_core.verb:set package 'sabertooth' build argument 'cmake_clean_cache' from command line to 'False'
[0.482s] Level 5:colcon.colcon_core.verb:set package 'sabertooth' build argument 'cmake_clean_first' from command line to 'False'
[0.482s] Level 5:colcon.colcon_core.verb:set package 'sabertooth' build argument 'cmake_force_configure' from command line to 'False'
[0.482s] Level 5:colcon.colcon_core.verb:set package 'sabertooth' build argument 'ament_cmake_args' from command line to 'None'
[0.482s] Level 5:colcon.colcon_core.verb:set package 'sabertooth' build argument 'catkin_cmake_args' from command line to 'None'
[0.482s] Level 5:colcon.colcon_core.verb:set package 'sabertooth' build argument 'catkin_skip_building_tests' from command line to 'False'
[0.482s] DEBUG:colcon.colcon_core.verb:Building package 'sabertooth' with the following arguments: {'ament_cmake_args': None, 'build_base': '/home/ubuntu/scootbot/1.0.0/build/sabertooth', 'catkin_cmake_args': None, 'catkin_skip_building_tests': False, 'cmake_args': None, 'cmake_clean_cache': False, 'cmake_clean_first': False, 'cmake_force_configure': False, 'cmake_target': None, 'cmake_target_skip_unavailable': False, 'install_base': '/home/ubuntu/scootbot/1.0.0/install/sabertooth', 'merge_install': False, 'path': '/home/ubuntu/scootbot/1.0.0/src/sabertooth', 'symlink_install': True, 'test_result_base': None}
[0.483s] Level 5:colcon.colcon_core.verb:set package 'scootbot_description' build argument 'cmake_args' from command line to 'None'
[0.483s] Level 5:colcon.colcon_core.verb:set package 'scootbot_description' build argument 'cmake_target' from command line to 'None'
[0.483s] Level 5:colcon.colcon_core.verb:set package 'scootbot_description' build argument 'cmake_target_skip_unavailable' from command line to 'False'
[0.483s] Level 5:colcon.colcon_core.verb:set package 'scootbot_description' build argument 'cmake_clean_cache' from command line to 'False'
[0.483s] Level 5:colcon.colcon_core.verb:set package 'scootbot_description' build argument 'cmake_clean_first' from command line to 'False'
[0.483s] Level 5:colcon.colcon_core.verb:set package 'scootbot_description' build argument 'cmake_force_configure' from command line to 'False'
[0.483s] Level 5:colcon.colcon_core.verb:set package 'scootbot_description' build argument 'ament_cmake_args' from command line to 'None'
[0.483s] Level 5:colcon.colcon_core.verb:set package 'scootbot_description' build argument 'catkin_cmake_args' from command line to 'None'
[0.483s] Level 5:colcon.colcon_core.verb:set package 'scootbot_description' build argument 'catkin_skip_building_tests' from command line to 'False'
[0.483s] DEBUG:colcon.colcon_core.verb:Building package 'scootbot_description' with the following arguments: {'ament_cmake_args': None, 'build_base': '/home/ubuntu/scootbot/1.0.0/build/scootbot_description', 'catkin_cmake_args': None, 'catkin_skip_building_tests': False, 'cmake_args': None, 'cmake_clean_cache': False, 'cmake_clean_first': False, 'cmake_force_configure': False, 'cmake_target': None, 'cmake_target_skip_unavailable': False, 'install_base': '/home/ubuntu/scootbot/1.0.0/install/scootbot_description', 'merge_install': False, 'path': '/home/ubuntu/scootbot/1.0.0/src/scootbot_description', 'symlink_install': True, 'test_result_base': None}
[0.484s] Level 5:colcon.colcon_core.verb:set package 'scootbot_sim' build argument 'cmake_args' from command line to 'None'
[0.484s] Level 5:colcon.colcon_core.verb:set package 'scootbot_sim' build argument 'cmake_target' from command line to 'None'
[0.484s] Level 5:colcon.colcon_core.verb:set package 'scootbot_sim' build argument 'cmake_target_skip_unavailable' from command line to 'False'
[0.484s] Level 5:colcon.colcon_core.verb:set package 'scootbot_sim' build argument 'cmake_clean_cache' from command line to 'False'
[0.484s] Level 5:colcon.colcon_core.verb:set package 'scootbot_sim' build argument 'cmake_clean_first' from command line to 'False'
[0.484s] Level 5:colcon.colcon_core.verb:set package 'scootbot_sim' build argument 'cmake_force_configure' from command line to 'False'
[0.484s] Level 5:colcon.colcon_core.verb:set package 'scootbot_sim' build argument 'ament_cmake_args' from command line to 'None'
[0.484s] Level 5:colcon.colcon_core.verb:set package 'scootbot_sim' build argument 'catkin_cmake_args' from command line to 'None'
[0.484s] Level 5:colcon.colcon_core.verb:set package 'scootbot_sim' build argument 'catkin_skip_building_tests' from command line to 'False'
[0.484s] DEBUG:colcon.colcon_core.verb:Building package 'scootbot_sim' with the following arguments: {'ament_cmake_args': None, 'build_base': '/home/ubuntu/scootbot/1.0.0/build/scootbot_sim', 'catkin_cmake_args': None, 'catkin_skip_building_tests': False, 'cmake_args': None, 'cmake_clean_cache': False, 'cmake_clean_first': False, 'cmake_force_configure': False, 'cmake_target': None, 'cmake_target_skip_unavailable': False, 'install_base': '/home/ubuntu/scootbot/1.0.0/install/scootbot_sim', 'merge_install': False, 'path': '/home/ubuntu/scootbot/1.0.0/src/scootbot_sim', 'symlink_install': True, 'test_result_base': None}
[0.485s] Level 5:colcon.colcon_core.verb:set package 'sllidar_ros2' build argument 'cmake_args' from command line to 'None'
[0.485s] Level 5:colcon.colcon_core.verb:set package 'sllidar_ros2' build argument 'cmake_target' from command line to 'None'
[0.485s] Level 5:colcon.colcon_core.verb:set package 'sllidar_ros2' build argument 'cmake_target_skip_unavailable' from command line to 'False'
[0.485s] Level 5:colcon.colcon_core.verb:set package 'sllidar_ros2' build argument 'cmake_clean_cache' from command line to 'False'
[0.485s] Level 5:colcon.colcon_core.verb:set package 'sllidar_ros2' build argument 'cmake_clean_first' from command line to 'False'
[0.485s] Level 5:colcon.colcon_core.verb:set package 'sllidar_ros2' build argument 'cmake_force_configure' from command line to 'False'
[0.485s] Level 5:colcon.colcon_core.verb:set package 'sllidar_ros2' build argument 'ament_cmake_args' from command line to 'None'
[0.485s] Level 5:colcon.colcon_core.verb:set package 'sllidar_ros2' build argument 'catkin_cmake_args' from command line to 'None'
[0.485s] Level 5:colcon.colcon_core.verb:set package 'sllidar_ros2' build argument 'catkin_skip_building_tests' from command line to 'False'
[0.485s] DEBUG:colcon.colcon_core.verb:Building package 'sllidar_ros2' with the following arguments: {'ament_cmake_args': None, 'build_base': '/home/ubuntu/scootbot/1.0.0/build/sllidar_ros2', 'catkin_cmake_args': None, 'catkin_skip_building_tests': False, 'cmake_args': None, 'cmake_clean_cache': False, 'cmake_clean_first': False, 'cmake_force_configure': False, 'cmake_target': None, 'cmake_target_skip_unavailable': False, 'install_base': '/home/ubuntu/scootbot/1.0.0/install/sllidar_ros2', 'merge_install': False, 'path': '/home/ubuntu/scootbot/1.0.0/src/sllidar_ros2', 'symlink_install': True, 'test_result_base': None}
[0.485s] INFO:colcon.colcon_core.executor:Executing jobs using 'parallel' executor
[0.487s] DEBUG:colcon.colcon_parallel_executor.executor.parallel:run_until_complete
[0.487s] INFO:colcon.colcon_ros.task.ament_python.build:Building ROS package in '/home/ubuntu/scootbot/1.0.0/src/ros2_differential_drive' with build type 'ament_python'
[0.487s] Level 1:colcon.colcon_core.shell:create_environment_hook('differential_drive', 'ament_prefix_path')
[0.490s] INFO:colcon.colcon_core.plugin_system:Skipping extension 'colcon_core.shell.bat': Not used on non-Windows systems
[0.490s] INFO:colcon.colcon_core.shell:Creating environment hook '/home/ubuntu/scootbot/1.0.0/install/differential_drive/share/differential_drive/hook/ament_prefix_path.ps1'
[0.490s] INFO:colcon.colcon_core.shell:Creating environment descriptor '/home/ubuntu/scootbot/1.0.0/install/differential_drive/share/differential_drive/hook/ament_prefix_path.dsv'
[0.490s] INFO:colcon.colcon_core.shell:Creating environment hook '/home/ubuntu/scootbot/1.0.0/install/differential_drive/share/differential_drive/hook/ament_prefix_path.sh'
[0.492s] INFO:colcon.colcon_core.shell:Skip shell extension 'powershell' for command environment: Not usable outside of PowerShell
[0.492s] DEBUG:colcon.colcon_core.shell:Skip shell extension 'dsv' for command environment
[0.495s] INFO:colcon.colcon_ros.task.ament_python.build:Building ROS package in '/home/ubuntu/scootbot/1.0.0/src/sabertooth' with build type 'ament_python'
[0.496s] Level 1:colcon.colcon_core.shell:create_environment_hook('sabertooth', 'ament_prefix_path')
[0.496s] INFO:colcon.colcon_core.shell:Creating environment hook '/home/ubuntu/scootbot/1.0.0/install/sabertooth/share/sabertooth/hook/ament_prefix_path.ps1'
[0.497s] INFO:colcon.colcon_core.shell:Creating environment descriptor '/home/ubuntu/scootbot/1.0.0/install/sabertooth/share/sabertooth/hook/ament_prefix_path.dsv'
[0.497s] INFO:colcon.colcon_core.shell:Creating environment hook '/home/ubuntu/scootbot/1.0.0/install/sabertooth/share/sabertooth/hook/ament_prefix_path.sh'
[0.498s] INFO:colcon.colcon_core.shell:Skip shell extension 'powershell' for command environment: Not usable outside of PowerShell
[0.498s] DEBUG:colcon.colcon_core.shell:Skip shell extension 'dsv' for command environment
[0.501s] INFO:colcon.colcon_ros.task.ament_cmake.build:Building ROS package in '/home/ubuntu/scootbot/1.0.0/src/scootbot_description' with build type 'ament_cmake'
[0.501s] INFO:colcon.colcon_cmake.task.cmake.build:Building CMake package in '/home/ubuntu/scootbot/1.0.0/src/scootbot_description'
[0.502s] INFO:colcon.colcon_core.shell:Skip shell extension 'powershell' for command environment: Not usable outside of PowerShell
[0.502s] DEBUG:colcon.colcon_core.shell:Skip shell extension 'dsv' for command environment
[0.506s] INFO:colcon.colcon_ros.task.ament_cmake.build:Building ROS package in '/home/ubuntu/scootbot/1.0.0/src/scootbot_sim' with build type 'ament_cmake'
[0.506s] INFO:colcon.colcon_cmake.task.cmake.build:Building CMake package in '/home/ubuntu/scootbot/1.0.0/src/scootbot_sim'
[0.506s] INFO:colcon.colcon_core.shell:Skip shell extension 'powershell' for command environment: Not usable outside of PowerShell
[0.506s] DEBUG:colcon.colcon_core.shell:Skip shell extension 'dsv' for command environment
[0.511s] INFO:colcon.colcon_ros.task.ament_cmake.build:Building ROS package in '/home/ubuntu/scootbot/1.0.0/src/sllidar_ros2' with build type 'ament_cmake'
[0.511s] INFO:colcon.colcon_cmake.task.cmake.build:Building CMake package in '/home/ubuntu/scootbot/1.0.0/src/sllidar_ros2'
[0.511s] INFO:colcon.colcon_core.shell:Skip shell extension 'powershell' for command environment: Not usable outside of PowerShell
[0.511s] DEBUG:colcon.colcon_core.shell:Skip shell extension 'dsv' for command environment
[0.834s] WARNING:colcon.colcon_ros.task.ament_python.build:Package 'differential_drive' doesn't explicitly install a marker in the package index (colcon-ros currently does it implicitly but that fallback will be removed in the future)
[0.834s] WARNING:colcon.colcon_ros.task.ament_python.build:Package 'differential_drive' doesn't explicitly install the 'package.xml' file (colcon-ros currently does it implicitly but that fallback will be removed in the future)
[0.834s] INFO:colcon.colcon_core.task.python.build:Building Python package in '/home/ubuntu/scootbot/1.0.0/src/ros2_differential_drive'
[0.835s] INFO:colcon.colcon_core.shell:Skip shell extension 'powershell' for command environment: Not usable outside of PowerShell
[0.835s] DEBUG:colcon.colcon_core.shell:Skip shell extension 'dsv' for command environment
[1.159s] INFO:colcon.colcon_core.task.python.build:Building Python package in '/home/ubuntu/scootbot/1.0.0/src/sabertooth'
[1.160s] INFO:colcon.colcon_core.shell:Skip shell extension 'powershell' for command environment: Not usable outside of PowerShell
[1.160s] DEBUG:colcon.colcon_core.shell:Skip shell extension 'dsv' for command environment
[1.167s] DEBUG:colcon.colcon_core.event_handler.log_command:Invoking command in '/home/ubuntu/scootbot/1.0.0/build/scootbot_description': CMAKE_PREFIX_PATH=${CMAKE_PREFIX_PATH}:/home/ubuntu/scootbot/1.0.0/install/sabertooth:/home/ubuntu/scootbot/1.0.0/install/joy_cmd:/home/ubuntu/scootbot/1.0.0/install/differential_drive:/opt/ros/humble DEBUGINFOD_URLS=https://debuginfod.ubuntu.com /usr/bin/cmake /home/ubuntu/scootbot/1.0.0/src/scootbot_description -DAMENT_CMAKE_SYMLINK_INSTALL=1 -DCMAKE_INSTALL_PREFIX=/home/ubuntu/scootbot/1.0.0/install/scootbot_description
[1.168s] DEBUG:colcon.colcon_core.event_handler.log_command:Invoking command in '/home/ubuntu/scootbot/1.0.0/build/scootbot_sim': CMAKE_PREFIX_PATH=${CMAKE_PREFIX_PATH}:/home/ubuntu/scootbot/1.0.0/install/sabertooth:/home/ubuntu/scootbot/1.0.0/install/joy_cmd:/home/ubuntu/scootbot/1.0.0/install/differential_drive:/opt/ros/humble DEBUGINFOD_URLS=https://debuginfod.ubuntu.com /usr/bin/cmake /home/ubuntu/scootbot/1.0.0/src/scootbot_sim -DAMENT_CMAKE_SYMLINK_INSTALL=1 -DCMAKE_INSTALL_PREFIX=/home/ubuntu/scootbot/1.0.0/install/scootbot_sim
[1.171s] DEBUG:colcon.colcon_core.event_handler.log_command:Invoking command in '/home/ubuntu/scootbot/1.0.0/build/sllidar_ros2': CMAKE_PREFIX_PATH=${CMAKE_PREFIX_PATH}:/home/ubuntu/scootbot/1.0.0/install/sabertooth:/home/ubuntu/scootbot/1.0.0/install/joy_cmd:/home/ubuntu/scootbot/1.0.0/install/differential_drive:/opt/ros/humble DEBUGINFOD_URLS=https://debuginfod.ubuntu.com /usr/bin/cmake /home/ubuntu/scootbot/1.0.0/src/sllidar_ros2 -DAMENT_CMAKE_SYMLINK_INSTALL=1 -DCMAKE_INSTALL_PREFIX=/home/ubuntu/scootbot/1.0.0/install/sllidar_ros2
[1.713s] DEBUG:colcon.colcon_core.event_handler.log_command:Invoking command in '/home/ubuntu/scootbot/1.0.0/build/sabertooth': DEBUGINFOD_URLS=https://debuginfod.ubuntu.com PYTHONPATH=/home/ubuntu/scootbot/1.0.0/build/sabertooth/prefix_override:/home/ubuntu/scootbot/1.0.0/install/sabertooth/lib/python3.10/site-packages:${PYTHONPATH} /usr/bin/python3 setup.py develop --editable --build-directory /home/ubuntu/scootbot/1.0.0/build/sabertooth/build --no-deps install_data
[1.756s] DEBUG:colcon.colcon_core.event_handler.log_command:Invoking command in '/home/ubuntu/scootbot/1.0.0/build/differential_drive': DEBUGINFOD_URLS=https://debuginfod.ubuntu.com PYTHONPATH=/home/ubuntu/scootbot/1.0.0/build/differential_drive/prefix_override:/home/ubuntu/scootbot/1.0.0/install/differential_drive/lib/python3.10/site-packages:${PYTHONPATH} /usr/bin/python3 setup.py develop --editable --build-directory /home/ubuntu/scootbot/1.0.0/build/differential_drive/build --no-deps install_data
[2.182s] DEBUG:colcon.colcon_core.event_handler.log_command:Invoked command in '/home/ubuntu/scootbot/1.0.0/build/scootbot_sim' returned '0': CMAKE_PREFIX_PATH=${CMAKE_PREFIX_PATH}:/home/ubuntu/scootbot/1.0.0/install/sabertooth:/home/ubuntu/scootbot/1.0.0/install/joy_cmd:/home/ubuntu/scootbot/1.0.0/install/differential_drive:/opt/ros/humble DEBUGINFOD_URLS=https://debuginfod.ubuntu.com /usr/bin/cmake /home/ubuntu/scootbot/1.0.0/src/scootbot_sim -DAMENT_CMAKE_SYMLINK_INSTALL=1 -DCMAKE_INSTALL_PREFIX=/home/ubuntu/scootbot/1.0.0/install/scootbot_sim
[2.184s] DEBUG:colcon.colcon_core.event_handler.log_command:Invoking command in '/home/ubuntu/scootbot/1.0.0/build/scootbot_sim': CMAKE_PREFIX_PATH=${CMAKE_PREFIX_PATH}:/home/ubuntu/scootbot/1.0.0/install/sabertooth:/home/ubuntu/scootbot/1.0.0/install/joy_cmd:/home/ubuntu/scootbot/1.0.0/install/differential_drive:/opt/ros/humble DEBUGINFOD_URLS=https://debuginfod.ubuntu.com /usr/bin/cmake --build /home/ubuntu/scootbot/1.0.0/build/scootbot_sim -- -j20 -l20
[2.185s] DEBUG:colcon.colcon_core.event_handler.log_command:Invoked command in '/home/ubuntu/scootbot/1.0.0/build/scootbot_description' returned '0': CMAKE_PREFIX_PATH=${CMAKE_PREFIX_PATH}:/home/ubuntu/scootbot/1.0.0/install/sabertooth:/home/ubuntu/scootbot/1.0.0/install/joy_cmd:/home/ubuntu/scootbot/1.0.0/install/differential_drive:/opt/ros/humble DEBUGINFOD_URLS=https://debuginfod.ubuntu.com /usr/bin/cmake /home/ubuntu/scootbot/1.0.0/src/scootbot_description -DAMENT_CMAKE_SYMLINK_INSTALL=1 -DCMAKE_INSTALL_PREFIX=/home/ubuntu/scootbot/1.0.0/install/scootbot_description
[2.186s] DEBUG:colcon.colcon_core.event_handler.log_command:Invoking command in '/home/ubuntu/scootbot/1.0.0/build/scootbot_description': CMAKE_PREFIX_PATH=${CMAKE_PREFIX_PATH}:/home/ubuntu/scootbot/1.0.0/install/sabertooth:/home/ubuntu/scootbot/1.0.0/install/joy_cmd:/home/ubuntu/scootbot/1.0.0/install/differential_drive:/opt/ros/humble DEBUGINFOD_URLS=https://debuginfod.ubuntu.com /usr/bin/cmake --build /home/ubuntu/scootbot/1.0.0/build/scootbot_description -- -j20 -l20
[2.206s] DEBUG:colcon.colcon_core.event_handler.log_command:Invoked command in '/home/ubuntu/scootbot/1.0.0/build/scootbot_sim' returned '0': CMAKE_PREFIX_PATH=${CMAKE_PREFIX_PATH}:/home/ubuntu/scootbot/1.0.0/install/sabertooth:/home/ubuntu/scootbot/1.0.0/install/joy_cmd:/home/ubuntu/scootbot/1.0.0/install/differential_drive:/opt/ros/humble DEBUGINFOD_URLS=https://debuginfod.ubuntu.com /usr/bin/cmake --build /home/ubuntu/scootbot/1.0.0/build/scootbot_sim -- -j20 -l20
[2.207s] DEBUG:colcon.colcon_core.event_handler.log_command:Invoked command in '/home/ubuntu/scootbot/1.0.0/build/scootbot_description' returned '0': CMAKE_PREFIX_PATH=${CMAKE_PREFIX_PATH}:/home/ubuntu/scootbot/1.0.0/install/sabertooth:/home/ubuntu/scootbot/1.0.0/install/joy_cmd:/home/ubuntu/scootbot/1.0.0/install/differential_drive:/opt/ros/humble DEBUGINFOD_URLS=https://debuginfod.ubuntu.com /usr/bin/cmake --build /home/ubuntu/scootbot/1.0.0/build/scootbot_description -- -j20 -l20
[2.222s] DEBUG:colcon.colcon_core.event_handler.log_command:Invoking command in '/home/ubuntu/scootbot/1.0.0/build/scootbot_sim': CMAKE_PREFIX_PATH=${CMAKE_PREFIX_PATH}:/home/ubuntu/scootbot/1.0.0/install/sabertooth:/home/ubuntu/scootbot/1.0.0/install/joy_cmd:/home/ubuntu/scootbot/1.0.0/install/differential_drive:/opt/ros/humble DEBUGINFOD_URLS=https://debuginfod.ubuntu.com /usr/bin/cmake --install /home/ubuntu/scootbot/1.0.0/build/scootbot_sim
[2.224s] DEBUG:colcon.colcon_core.event_handler.log_command:Invoking command in '/home/ubuntu/scootbot/1.0.0/build/scootbot_description': CMAKE_PREFIX_PATH=${CMAKE_PREFIX_PATH}:/home/ubuntu/scootbot/1.0.0/install/sabertooth:/home/ubuntu/scootbot/1.0.0/install/joy_cmd:/home/ubuntu/scootbot/1.0.0/install/differential_drive:/opt/ros/humble DEBUGINFOD_URLS=https://debuginfod.ubuntu.com /usr/bin/cmake --install /home/ubuntu/scootbot/1.0.0/build/scootbot_description
[2.294s] Level 1:colcon.colcon_core.environment:create_environment_scripts_only(scootbot_sim)
[2.294s] DEBUG:colcon.colcon_core.event_handler.log_command:Invoked command in '/home/ubuntu/scootbot/1.0.0/build/scootbot_sim' returned '0': CMAKE_PREFIX_PATH=${CMAKE_PREFIX_PATH}:/home/ubuntu/scootbot/1.0.0/install/sabertooth:/home/ubuntu/scootbot/1.0.0/install/joy_cmd:/home/ubuntu/scootbot/1.0.0/install/differential_drive:/opt/ros/humble DEBUGINFOD_URLS=https://debuginfod.ubuntu.com /usr/bin/cmake --install /home/ubuntu/scootbot/1.0.0/build/scootbot_sim
[2.299s] Level 1:colcon.colcon_core.environment:checking '/home/ubuntu/scootbot/1.0.0/install/scootbot_sim' for CMake module files
[2.299s] Level 1:colcon.colcon_core.environment:checking '/home/ubuntu/scootbot/1.0.0/install/scootbot_sim' for CMake config files
[2.300s] Level 1:colcon.colcon_core.shell:create_environment_hook('scootbot_sim', 'cmake_prefix_path')
[2.300s] INFO:colcon.colcon_core.shell:Creating environment hook '/home/ubuntu/scootbot/1.0.0/install/scootbot_sim/share/scootbot_sim/hook/cmake_prefix_path.ps1'
[2.301s] INFO:colcon.colcon_core.shell:Creating environment descriptor '/home/ubuntu/scootbot/1.0.0/install/scootbot_sim/share/scootbot_sim/hook/cmake_prefix_path.dsv'
[2.301s] INFO:colcon.colcon_core.shell:Creating environment hook '/home/ubuntu/scootbot/1.0.0/install/scootbot_sim/share/scootbot_sim/hook/cmake_prefix_path.sh'
[2.302s] Level 1:colcon.colcon_core.environment:checking '/home/ubuntu/scootbot/1.0.0/install/scootbot_sim/lib'
[2.302s] Level 1:colcon.colcon_core.environment:checking '/home/ubuntu/scootbot/1.0.0/install/scootbot_sim/bin'
[2.302s] Level 1:colcon.colcon_core.environment:checking '/home/ubuntu/scootbot/1.0.0/install/scootbot_sim/lib/pkgconfig/scootbot_sim.pc'
[2.302s] Level 1:colcon.colcon_core.environment:checking '/home/ubuntu/scootbot/1.0.0/install/scootbot_sim/lib/python3.10/site-packages'
[2.302s] Level 1:colcon.colcon_core.environment:checking '/home/ubuntu/scootbot/1.0.0/install/scootbot_sim/bin'
[2.303s] INFO:colcon.colcon_core.shell:Creating package script '/home/ubuntu/scootbot/1.0.0/install/scootbot_sim/share/scootbot_sim/package.ps1'
[2.303s] INFO:colcon.colcon_core.shell:Creating package descriptor '/home/ubuntu/scootbot/1.0.0/install/scootbot_sim/share/scootbot_sim/package.dsv'
[2.304s] INFO:colcon.colcon_core.shell:Creating package script '/home/ubuntu/scootbot/1.0.0/install/scootbot_sim/share/scootbot_sim/package.sh'
[2.305s] INFO:colcon.colcon_core.shell:Creating package script '/home/ubuntu/scootbot/1.0.0/install/scootbot_sim/share/scootbot_sim/package.bash'
[2.305s] INFO:colcon.colcon_core.shell:Creating package script '/home/ubuntu/scootbot/1.0.0/install/scootbot_sim/share/scootbot_sim/package.zsh'
[2.306s] Level 1:colcon.colcon_core.environment:create_file_with_runtime_dependencies(/home/ubuntu/scootbot/1.0.0/install/scootbot_sim/share/colcon-core/packages/scootbot_sim)
[2.318s] Level 1:colcon.colcon_core.environment:create_environment_scripts_only(scootbot_sim)
[2.319s] Level 1:colcon.colcon_core.environment:checking '/home/ubuntu/scootbot/1.0.0/install/scootbot_sim' for CMake module files
[2.319s] Level 1:colcon.colcon_core.environment:checking '/home/ubuntu/scootbot/1.0.0/install/scootbot_sim' for CMake config files
[2.320s] Level 1:colcon.colcon_core.shell:create_environment_hook('scootbot_sim', 'cmake_prefix_path')
[2.320s] INFO:colcon.colcon_core.shell:Creating environment hook '/home/ubuntu/scootbot/1.0.0/install/scootbot_sim/share/scootbot_sim/hook/cmake_prefix_path.ps1'
[2.321s] INFO:colcon.colcon_core.shell:Creating environment descriptor '/home/ubuntu/scootbot/1.0.0/install/scootbot_sim/share/scootbot_sim/hook/cmake_prefix_path.dsv'
[2.321s] INFO:colcon.colcon_core.shell:Creating environment hook '/home/ubuntu/scootbot/1.0.0/install/scootbot_sim/share/scootbot_sim/hook/cmake_prefix_path.sh'
[2.321s] Level 1:colcon.colcon_core.environment:checking '/home/ubuntu/scootbot/1.0.0/install/scootbot_sim/lib'
[2.321s] Level 1:colcon.colcon_core.environment:checking '/home/ubuntu/scootbot/1.0.0/install/scootbot_sim/bin'
[2.321s] Level 1:colcon.colcon_core.environment:checking '/home/ubuntu/scootbot/1.0.0/install/scootbot_sim/lib/pkgconfig/scootbot_sim.pc'
[2.322s] Level 1:colcon.colcon_core.environment:checking '/home/ubuntu/scootbot/1.0.0/install/scootbot_sim/lib/python3.10/site-packages'
[2.322s] Level 1:colcon.colcon_core.environment:checking '/home/ubuntu/scootbot/1.0.0/install/scootbot_sim/bin'
[2.323s] INFO:colcon.colcon_core.shell:Creating package script '/home/ubuntu/scootbot/1.0.0/install/scootbot_sim/share/scootbot_sim/package.ps1'
[2.323s] INFO:colcon.colcon_core.shell:Creating package descriptor '/home/ubuntu/scootbot/1.0.0/install/scootbot_sim/share/scootbot_sim/package.dsv'
[2.323s] INFO:colcon.colcon_core.shell:Creating package script '/home/ubuntu/scootbot/1.0.0/install/scootbot_sim/share/scootbot_sim/package.sh'
[2.324s] INFO:colcon.colcon_core.shell:Creating package script '/home/ubuntu/scootbot/1.0.0/install/scootbot_sim/share/scootbot_sim/package.bash'
[2.324s] INFO:colcon.colcon_core.shell:Creating package script '/home/ubuntu/scootbot/1.0.0/install/scootbot_sim/share/scootbot_sim/package.zsh'
[2.324s] Level 1:colcon.colcon_core.environment:create_file_with_runtime_dependencies(/home/ubuntu/scootbot/1.0.0/install/scootbot_sim/share/colcon-core/packages/scootbot_sim)
[2.436s] Level 1:colcon.colcon_core.shell:create_environment_hook('sabertooth', 'pythonpath_develop')
[2.436s] INFO:colcon.colcon_core.shell:Creating environment hook '/home/ubuntu/scootbot/1.0.0/build/sabertooth/share/sabertooth/hook/pythonpath_develop.ps1'
[2.437s] DEBUG:colcon.colcon_core.event_handler.log_command:Invoked command in '/home/ubuntu/scootbot/1.0.0/build/sabertooth' returned '0': DEBUGINFOD_URLS=https://debuginfod.ubuntu.com PYTHONPATH=/home/ubuntu/scootbot/1.0.0/build/sabertooth/prefix_override:/home/ubuntu/scootbot/1.0.0/install/sabertooth/lib/python3.10/site-packages:${PYTHONPATH} /usr/bin/python3 setup.py develop --editable --build-directory /home/ubuntu/scootbot/1.0.0/build/sabertooth/build --no-deps install_data
[2.437s] INFO:colcon.colcon_core.shell:Creating environment descriptor '/home/ubuntu/scootbot/1.0.0/build/sabertooth/share/sabertooth/hook/pythonpath_develop.dsv'
[2.437s] INFO:colcon.colcon_core.shell:Creating environment hook '/home/ubuntu/scootbot/1.0.0/build/sabertooth/share/sabertooth/hook/pythonpath_develop.sh'
[2.439s] Level 1:colcon.colcon_core.environment:checking '/home/ubuntu/scootbot/1.0.0/install/sabertooth' for CMake module files
[2.439s] Level 1:colcon.colcon_core.environment:checking '/home/ubuntu/scootbot/1.0.0/install/sabertooth' for CMake config files
[2.440s] Level 1:colcon.colcon_core.environment:checking '/home/ubuntu/scootbot/1.0.0/install/sabertooth/lib'
[2.440s] Level 1:colcon.colcon_core.environment:checking '/home/ubuntu/scootbot/1.0.0/install/sabertooth/bin'
[2.440s] Level 1:colcon.colcon_core.environment:checking '/home/ubuntu/scootbot/1.0.0/install/sabertooth/lib/pkgconfig/sabertooth.pc'
[2.440s] Level 1:colcon.colcon_core.environment:checking '/home/ubuntu/scootbot/1.0.0/install/sabertooth/lib/python3.10/site-packages'
[2.440s] Level 1:colcon.colcon_core.shell:create_environment_hook('sabertooth', 'pythonpath')
[2.441s] INFO:colcon.colcon_core.shell:Creating environment hook '/home/ubuntu/scootbot/1.0.0/install/sabertooth/share/sabertooth/hook/pythonpath.ps1'
[2.442s] INFO:colcon.colcon_core.shell:Creating environment descriptor '/home/ubuntu/scootbot/1.0.0/install/sabertooth/share/sabertooth/hook/pythonpath.dsv'
[2.442s] INFO:colcon.colcon_core.shell:Creating environment hook '/home/ubuntu/scootbot/1.0.0/install/sabertooth/share/sabertooth/hook/pythonpath.sh'
[2.443s] Level 1:colcon.colcon_core.environment:checking '/home/ubuntu/scootbot/1.0.0/install/sabertooth/bin'
[2.443s] Level 1:colcon.colcon_core.environment:create_environment_scripts_only(sabertooth)
[2.444s] INFO:colcon.colcon_core.shell:Creating package script '/home/ubuntu/scootbot/1.0.0/install/sabertooth/share/sabertooth/package.ps1'
[2.444s] INFO:colcon.colcon_core.shell:Creating package descriptor '/home/ubuntu/scootbot/1.0.0/install/sabertooth/share/sabertooth/package.dsv'
[2.445s] INFO:colcon.colcon_core.shell:Creating package script '/home/ubuntu/scootbot/1.0.0/install/sabertooth/share/sabertooth/package.sh'
[2.445s] INFO:colcon.colcon_core.shell:Creating package script '/home/ubuntu/scootbot/1.0.0/install/sabertooth/share/sabertooth/package.bash'
[2.445s] INFO:colcon.colcon_core.shell:Creating package script '/home/ubuntu/scootbot/1.0.0/install/sabertooth/share/sabertooth/package.zsh'
[2.445s] Level 1:colcon.colcon_core.environment:create_file_with_runtime_dependencies(/home/ubuntu/scootbot/1.0.0/install/sabertooth/share/colcon-core/packages/sabertooth)
[2.473s] Level 1:colcon.colcon_core.shell:create_environment_hook('differential_drive', 'pythonpath_develop')
[2.474s] INFO:colcon.colcon_core.shell:Creating environment hook '/home/ubuntu/scootbot/1.0.0/build/differential_drive/src/share/differential_drive/hook/pythonpath_develop.ps1'
[2.475s] DEBUG:colcon.colcon_core.event_handler.log_command:Invoked command in '/home/ubuntu/scootbot/1.0.0/build/differential_drive' returned '0': DEBUGINFOD_URLS=https://debuginfod.ubuntu.com PYTHONPATH=/home/ubuntu/scootbot/1.0.0/build/differential_drive/prefix_override:/home/ubuntu/scootbot/1.0.0/install/differential_drive/lib/python3.10/site-packages:${PYTHONPATH} /usr/bin/python3 setup.py develop --editable --build-directory /home/ubuntu/scootbot/1.0.0/build/differential_drive/build --no-deps install_data
[2.475s] INFO:colcon.colcon_core.shell:Creating environment descriptor '/home/ubuntu/scootbot/1.0.0/build/differential_drive/src/share/differential_drive/hook/pythonpath_develop.dsv'
[2.475s] INFO:colcon.colcon_core.shell:Creating environment hook '/home/ubuntu/scootbot/1.0.0/build/differential_drive/src/share/differential_drive/hook/pythonpath_develop.sh'
[2.477s] Level 1:colcon.colcon_core.environment:checking '/home/ubuntu/scootbot/1.0.0/install/differential_drive' for CMake module files
[2.477s] Level 1:colcon.colcon_core.environment:checking '/home/ubuntu/scootbot/1.0.0/install/differential_drive' for CMake config files
[2.477s] Level 1:colcon.colcon_core.environment:checking '/home/ubuntu/scootbot/1.0.0/install/differential_drive/lib'
[2.477s] Level 1:colcon.colcon_core.environment:checking '/home/ubuntu/scootbot/1.0.0/install/differential_drive/bin'
[2.477s] Level 1:colcon.colcon_core.environment:checking '/home/ubuntu/scootbot/1.0.0/install/differential_drive/lib/pkgconfig/differential_drive.pc'
[2.478s] Level 1:colcon.colcon_core.environment:checking '/home/ubuntu/scootbot/1.0.0/install/differential_drive/lib/python3.10/site-packages'
[2.478s] Level 1:colcon.colcon_core.shell:create_environment_hook('differential_drive', 'pythonpath')
[2.478s] INFO:colcon.colcon_core.shell:Creating environment hook '/home/ubuntu/scootbot/1.0.0/install/differential_drive/share/differential_drive/hook/pythonpath.ps1'
[2.479s] INFO:colcon.colcon_core.shell:Creating environment descriptor '/home/ubuntu/scootbot/1.0.0/install/differential_drive/share/differential_drive/hook/pythonpath.dsv'
[2.479s] INFO:colcon.colcon_core.shell:Creating environment hook '/home/ubuntu/scootbot/1.0.0/install/differential_drive/share/differential_drive/hook/pythonpath.sh'
[2.479s] Level 1:colcon.colcon_core.environment:checking '/home/ubuntu/scootbot/1.0.0/install/differential_drive/bin'
[2.479s] Level 1:colcon.colcon_core.environment:create_environment_scripts_only(differential_drive)
[2.480s] INFO:colcon.colcon_core.shell:Creating package script '/home/ubuntu/scootbot/1.0.0/install/differential_drive/share/differential_drive/package.ps1'
[2.481s] INFO:colcon.colcon_core.shell:Creating package descriptor '/home/ubuntu/scootbot/1.0.0/install/differential_drive/share/differential_drive/package.dsv'
[2.481s] INFO:colcon.colcon_core.shell:Creating package script '/home/ubuntu/scootbot/1.0.0/install/differential_drive/share/differential_drive/package.sh'
[2.481s] INFO:colcon.colcon_core.shell:Creating package script '/home/ubuntu/scootbot/1.0.0/install/differential_drive/share/differential_drive/package.bash'
[2.481s] INFO:colcon.colcon_core.shell:Creating package script '/home/ubuntu/scootbot/1.0.0/install/differential_drive/share/differential_drive/package.zsh'
[2.482s] Level 1:colcon.colcon_core.environment:create_file_with_runtime_dependencies(/home/ubuntu/scootbot/1.0.0/install/differential_drive/share/colcon-core/packages/differential_drive)
[2.492s] Level 1:colcon.colcon_core.environment:create_environment_scripts_only(scootbot_description)
[2.494s] Level 1:colcon.colcon_core.environment:checking '/home/ubuntu/scootbot/1.0.0/install/scootbot_description' for CMake module files
[2.494s] DEBUG:colcon.colcon_core.event_handler.log_command:Invoked command in '/home/ubuntu/scootbot/1.0.0/build/scootbot_description' returned '0': CMAKE_PREFIX_PATH=${CMAKE_PREFIX_PATH}:/home/ubuntu/scootbot/1.0.0/install/sabertooth:/home/ubuntu/scootbot/1.0.0/install/joy_cmd:/home/ubuntu/scootbot/1.0.0/install/differential_drive:/opt/ros/humble DEBUGINFOD_URLS=https://debuginfod.ubuntu.com /usr/bin/cmake --install /home/ubuntu/scootbot/1.0.0/build/scootbot_description
[2.494s] Level 1:colcon.colcon_core.environment:checking '/home/ubuntu/scootbot/1.0.0/install/scootbot_description' for CMake config files
[2.495s] Level 1:colcon.colcon_core.shell:create_environment_hook('scootbot_description', 'cmake_prefix_path')
[2.495s] INFO:colcon.colcon_core.shell:Creating environment hook '/home/ubuntu/scootbot/1.0.0/install/scootbot_description/share/scootbot_description/hook/cmake_prefix_path.ps1'
[2.496s] INFO:colcon.colcon_core.shell:Creating environment descriptor '/home/ubuntu/scootbot/1.0.0/install/scootbot_description/share/scootbot_description/hook/cmake_prefix_path.dsv'
[2.496s] INFO:colcon.colcon_core.shell:Creating environment hook '/home/ubuntu/scootbot/1.0.0/install/scootbot_description/share/scootbot_description/hook/cmake_prefix_path.sh'
[2.496s] Level 1:colcon.colcon_core.environment:checking '/home/ubuntu/scootbot/1.0.0/install/scootbot_description/bin'
[2.496s] Level 1:colcon.colcon_core.environment:checking '/home/ubuntu/scootbot/1.0.0/install/scootbot_description/lib/pkgconfig/scootbot_description.pc'
[2.496s] Level 1:colcon.colcon_core.environment:checking '/home/ubuntu/scootbot/1.0.0/install/scootbot_description/lib/python3.10/site-packages'
[2.497s] Level 1:colcon.colcon_core.environment:checking '/home/ubuntu/scootbot/1.0.0/install/scootbot_description/bin'
[2.497s] INFO:colcon.colcon_core.shell:Creating package script '/home/ubuntu/scootbot/1.0.0/install/scootbot_description/share/scootbot_description/package.ps1'
[2.498s] INFO:colcon.colcon_core.shell:Creating package descriptor '/home/ubuntu/scootbot/1.0.0/install/scootbot_description/share/scootbot_description/package.dsv'
[2.498s] INFO:colcon.colcon_core.shell:Creating package script '/home/ubuntu/scootbot/1.0.0/install/scootbot_description/share/scootbot_description/package.sh'
[2.498s] INFO:colcon.colcon_core.shell:Creating package script '/home/ubuntu/scootbot/1.0.0/install/scootbot_description/share/scootbot_description/package.bash'
[2.498s] INFO:colcon.colcon_core.shell:Creating package script '/home/ubuntu/scootbot/1.0.0/install/scootbot_description/share/scootbot_description/package.zsh'
[2.498s] Level 1:colcon.colcon_core.environment:create_file_with_runtime_dependencies(/home/ubuntu/scootbot/1.0.0/install/scootbot_description/share/colcon-core/packages/scootbot_description)
[2.510s] Level 1:colcon.colcon_core.environment:create_environment_scripts_only(scootbot_description)
[2.511s] Level 1:colcon.colcon_core.environment:checking '/home/ubuntu/scootbot/1.0.0/install/scootbot_description' for CMake module files
[2.511s] Level 1:colcon.colcon_core.environment:checking '/home/ubuntu/scootbot/1.0.0/install/scootbot_description' for CMake config files
[2.511s] Level 1:colcon.colcon_core.shell:create_environment_hook('scootbot_description', 'cmake_prefix_path')
[2.512s] INFO:colcon.colcon_core.shell:Creating environment hook '/home/ubuntu/scootbot/1.0.0/install/scootbot_description/share/scootbot_description/hook/cmake_prefix_path.ps1'
[2.512s] INFO:colcon.colcon_core.shell:Creating environment descriptor '/home/ubuntu/scootbot/1.0.0/install/scootbot_description/share/scootbot_description/hook/cmake_prefix_path.dsv'
[2.513s] INFO:colcon.colcon_core.shell:Creating environment hook '/home/ubuntu/scootbot/1.0.0/install/scootbot_description/share/scootbot_description/hook/cmake_prefix_path.sh'
[2.513s] Level 1:colcon.colcon_core.environment:checking '/home/ubuntu/scootbot/1.0.0/install/scootbot_description/bin'
[2.513s] Level 1:colcon.colcon_core.environment:checking '/home/ubuntu/scootbot/1.0.0/install/scootbot_description/lib/pkgconfig/scootbot_description.pc'
[2.513s] Level 1:colcon.colcon_core.environment:checking '/home/ubuntu/scootbot/1.0.0/install/scootbot_description/lib/python3.10/site-packages'
[2.513s] Level 1:colcon.colcon_core.environment:checking '/home/ubuntu/scootbot/1.0.0/install/scootbot_description/bin'
[2.514s] INFO:colcon.colcon_core.shell:Creating package script '/home/ubuntu/scootbot/1.0.0/install/scootbot_description/share/scootbot_description/package.ps1'
[2.514s] INFO:colcon.colcon_core.shell:Creating package descriptor '/home/ubuntu/scootbot/1.0.0/install/scootbot_description/share/scootbot_description/package.dsv'
[2.515s] INFO:colcon.colcon_core.shell:Creating package script '/home/ubuntu/scootbot/1.0.0/install/scootbot_description/share/scootbot_description/package.sh'
[2.515s] INFO:colcon.colcon_core.shell:Creating package script '/home/ubuntu/scootbot/1.0.0/install/scootbot_description/share/scootbot_description/package.bash'
[2.515s] INFO:colcon.colcon_core.shell:Creating package script '/home/ubuntu/scootbot/1.0.0/install/scootbot_description/share/scootbot_description/package.zsh'
[2.516s] Level 1:colcon.colcon_core.environment:create_file_with_runtime_dependencies(/home/ubuntu/scootbot/1.0.0/install/scootbot_description/share/colcon-core/packages/scootbot_description)
[2.732s] DEBUG:colcon.colcon_core.event_handler.log_command:Invoked command in '/home/ubuntu/scootbot/1.0.0/build/sllidar_ros2' returned '0': CMAKE_PREFIX_PATH=${CMAKE_PREFIX_PATH}:/home/ubuntu/scootbot/1.0.0/install/sabertooth:/home/ubuntu/scootbot/1.0.0/install/joy_cmd:/home/ubuntu/scootbot/1.0.0/install/differential_drive:/opt/ros/humble DEBUGINFOD_URLS=https://debuginfod.ubuntu.com /usr/bin/cmake /home/ubuntu/scootbot/1.0.0/src/sllidar_ros2 -DAMENT_CMAKE_SYMLINK_INSTALL=1 -DCMAKE_INSTALL_PREFIX=/home/ubuntu/scootbot/1.0.0/install/sllidar_ros2
[2.733s] DEBUG:colcon.colcon_core.event_handler.log_command:Invoking command in '/home/ubuntu/scootbot/1.0.0/build/sllidar_ros2': CMAKE_PREFIX_PATH=${CMAKE_PREFIX_PATH}:/home/ubuntu/scootbot/1.0.0/install/sabertooth:/home/ubuntu/scootbot/1.0.0/install/joy_cmd:/home/ubuntu/scootbot/1.0.0/install/differential_drive:/opt/ros/humble DEBUGINFOD_URLS=https://debuginfod.ubuntu.com /usr/bin/cmake --build /home/ubuntu/scootbot/1.0.0/build/sllidar_ros2 -- -j20 -l20
[9.215s] DEBUG:colcon.colcon_core.event_handler.log_command:Invoked command in '/home/ubuntu/scootbot/1.0.0/build/sllidar_ros2' returned '0': CMAKE_PREFIX_PATH=${CMAKE_PREFIX_PATH}:/home/ubuntu/scootbot/1.0.0/install/sabertooth:/home/ubuntu/scootbot/1.0.0/install/joy_cmd:/home/ubuntu/scootbot/1.0.0/install/differential_drive:/opt/ros/humble DEBUGINFOD_URLS=https://debuginfod.ubuntu.com /usr/bin/cmake --build /home/ubuntu/scootbot/1.0.0/build/sllidar_ros2 -- -j20 -l20
[9.239s] DEBUG:colcon.colcon_core.event_handler.log_command:Invoking command in '/home/ubuntu/scootbot/1.0.0/build/sllidar_ros2': CMAKE_PREFIX_PATH=${CMAKE_PREFIX_PATH}:/home/ubuntu/scootbot/1.0.0/install/sabertooth:/home/ubuntu/scootbot/1.0.0/install/joy_cmd:/home/ubuntu/scootbot/1.0.0/install/differential_drive:/opt/ros/humble DEBUGINFOD_URLS=https://debuginfod.ubuntu.com /usr/bin/cmake --install /home/ubuntu/scootbot/1.0.0/build/sllidar_ros2
[9.376s] Level 1:colcon.colcon_core.environment:create_environment_scripts_only(sllidar_ros2)
[9.377s] Level 1:colcon.colcon_core.environment:checking '/home/ubuntu/scootbot/1.0.0/install/sllidar_ros2' for CMake module files
[9.378s] DEBUG:colcon.colcon_core.event_handler.log_command:Invoked command in '/home/ubuntu/scootbot/1.0.0/build/sllidar_ros2' returned '0': CMAKE_PREFIX_PATH=${CMAKE_PREFIX_PATH}:/home/ubuntu/scootbot/1.0.0/install/sabertooth:/home/ubuntu/scootbot/1.0.0/install/joy_cmd:/home/ubuntu/scootbot/1.0.0/install/differential_drive:/opt/ros/humble DEBUGINFOD_URLS=https://debuginfod.ubuntu.com /usr/bin/cmake --install /home/ubuntu/scootbot/1.0.0/build/sllidar_ros2
[9.378s] Level 1:colcon.colcon_core.environment:checking '/home/ubuntu/scootbot/1.0.0/install/sllidar_ros2' for CMake config files
[9.378s] Level 1:colcon.colcon_core.shell:create_environment_hook('sllidar_ros2', 'cmake_prefix_path')
[9.379s] INFO:colcon.colcon_core.shell:Creating environment hook '/home/ubuntu/scootbot/1.0.0/install/sllidar_ros2/share/sllidar_ros2/hook/cmake_prefix_path.ps1'
[9.379s] INFO:colcon.colcon_core.shell:Creating environment descriptor '/home/ubuntu/scootbot/1.0.0/install/sllidar_ros2/share/sllidar_ros2/hook/cmake_prefix_path.dsv'
[9.380s] INFO:colcon.colcon_core.shell:Creating environment hook '/home/ubuntu/scootbot/1.0.0/install/sllidar_ros2/share/sllidar_ros2/hook/cmake_prefix_path.sh'
[9.380s] Level 1:colcon.colcon_core.environment:checking '/home/ubuntu/scootbot/1.0.0/install/sllidar_ros2/lib'
[9.380s] Level 1:colcon.colcon_core.environment:checking '/home/ubuntu/scootbot/1.0.0/install/sllidar_ros2/bin'
[9.380s] Level 1:colcon.colcon_core.environment:checking '/home/ubuntu/scootbot/1.0.0/install/sllidar_ros2/lib/pkgconfig/sllidar_ros2.pc'
[9.380s] Level 1:colcon.colcon_core.environment:checking '/home/ubuntu/scootbot/1.0.0/install/sllidar_ros2/lib/python3.10/site-packages'
[9.380s] Level 1:colcon.colcon_core.environment:checking '/home/ubuntu/scootbot/1.0.0/install/sllidar_ros2/bin'
[9.381s] INFO:colcon.colcon_core.shell:Creating package script '/home/ubuntu/scootbot/1.0.0/install/sllidar_ros2/share/sllidar_ros2/package.ps1'
[9.381s] INFO:colcon.colcon_core.shell:Creating package descriptor '/home/ubuntu/scootbot/1.0.0/install/sllidar_ros2/share/sllidar_ros2/package.dsv'
[9.381s] INFO:colcon.colcon_core.shell:Creating package script '/home/ubuntu/scootbot/1.0.0/install/sllidar_ros2/share/sllidar_ros2/package.sh'
[9.382s] INFO:colcon.colcon_core.shell:Creating package script '/home/ubuntu/scootbot/1.0.0/install/sllidar_ros2/share/sllidar_ros2/package.bash'
[9.382s] INFO:colcon.colcon_core.shell:Creating package script '/home/ubuntu/scootbot/1.0.0/install/sllidar_ros2/share/sllidar_ros2/package.zsh'
[9.382s] Level 1:colcon.colcon_core.environment:create_file_with_runtime_dependencies(/home/ubuntu/scootbot/1.0.0/install/sllidar_ros2/share/colcon-core/packages/sllidar_ros2)
[9.406s] Level 1:colcon.colcon_core.environment:create_environment_scripts_only(sllidar_ros2)
[9.407s] Level 1:colcon.colcon_core.environment:checking '/home/ubuntu/scootbot/1.0.0/install/sllidar_ros2' for CMake module files
[9.408s] Level 1:colcon.colcon_core.environment:checking '/home/ubuntu/scootbot/1.0.0/install/sllidar_ros2' for CMake config files
[9.408s] Level 1:colcon.colcon_core.shell:create_environment_hook('sllidar_ros2', 'cmake_prefix_path')
[9.409s] INFO:colcon.colcon_core.shell:Creating environment hook '/home/ubuntu/scootbot/1.0.0/install/sllidar_ros2/share/sllidar_ros2/hook/cmake_prefix_path.ps1'
[9.409s] INFO:colcon.colcon_core.shell:Creating environment descriptor '/home/ubuntu/scootbot/1.0.0/install/sllidar_ros2/share/sllidar_ros2/hook/cmake_prefix_path.dsv'
[9.409s] INFO:colcon.colcon_core.shell:Creating environment hook '/home/ubuntu/scootbot/1.0.0/install/sllidar_ros2/share/sllidar_ros2/hook/cmake_prefix_path.sh'
[9.410s] Level 1:colcon.colcon_core.environment:checking '/home/ubuntu/scootbot/1.0.0/install/sllidar_ros2/lib'
[9.410s] Level 1:colcon.colcon_core.environment:checking '/home/ubuntu/scootbot/1.0.0/install/sllidar_ros2/bin'
[9.410s] Level 1:colcon.colcon_core.environment:checking '/home/ubuntu/scootbot/1.0.0/install/sllidar_ros2/lib/pkgconfig/sllidar_ros2.pc'
[9.410s] Level 1:colcon.colcon_core.environment:checking '/home/ubuntu/scootbot/1.0.0/install/sllidar_ros2/lib/python3.10/site-packages'
[9.410s] Level 1:colcon.colcon_core.environment:checking '/home/ubuntu/scootbot/1.0.0/install/sllidar_ros2/bin'
[9.411s] INFO:colcon.colcon_core.shell:Creating package script '/home/ubuntu/scootbot/1.0.0/install/sllidar_ros2/share/sllidar_ros2/package.ps1'
[9.411s] INFO:colcon.colcon_core.shell:Creating package descriptor '/home/ubuntu/scootbot/1.0.0/install/sllidar_ros2/share/sllidar_ros2/package.dsv'
[9.411s] INFO:colcon.colcon_core.shell:Creating package script '/home/ubuntu/scootbot/1.0.0/install/sllidar_ros2/share/sllidar_ros2/package.sh'
[9.412s] INFO:colcon.colcon_core.shell:Creating package script '/home/ubuntu/scootbot/1.0.0/install/sllidar_ros2/share/sllidar_ros2/package.bash'
[9.412s] INFO:colcon.colcon_core.shell:Creating package script '/home/ubuntu/scootbot/1.0.0/install/sllidar_ros2/share/sllidar_ros2/package.zsh'
[9.412s] Level 1:colcon.colcon_core.environment:create_file_with_runtime_dependencies(/home/ubuntu/scootbot/1.0.0/install/sllidar_ros2/share/colcon-core/packages/sllidar_ros2)
[9.412s] DEBUG:colcon.colcon_parallel_executor.executor.parallel:closing loop
[9.413s] DEBUG:colcon.colcon_parallel_executor.executor.parallel:loop closed
[9.413s] DEBUG:colcon.colcon_parallel_executor.executor.parallel:run_until_complete finished with '0'
[9.413s] DEBUG:colcon.colcon_core.event_reactor:joining thread
[9.427s] INFO:colcon.colcon_core.plugin_system:Skipping extension 'colcon_notification.desktop_notification.terminal_notifier': Not used on non-Darwin systems
[9.427s] INFO:colcon.colcon_core.plugin_system:Skipping extension 'colcon_notification.desktop_notification.win32': Not used on non-Windows systems
[9.427s] INFO:colcon.colcon_notification.desktop_notification:Sending desktop notification using 'notify2'
[9.447s] DEBUG:colcon.colcon_core.event_reactor:joined thread
[9.448s] INFO:colcon.colcon_core.shell:Creating prefix script '/home/ubuntu/scootbot/1.0.0/install/local_setup.ps1'
[9.448s] INFO:colcon.colcon_core.shell:Creating prefix util module '/home/ubuntu/scootbot/1.0.0/install/_local_setup_util_ps1.py'
[9.449s] INFO:colcon.colcon_core.shell:Creating prefix chain script '/home/ubuntu/scootbot/1.0.0/install/setup.ps1'
[9.450s] INFO:colcon.colcon_core.shell:Creating prefix script '/home/ubuntu/scootbot/1.0.0/install/local_setup.sh'
[9.451s] INFO:colcon.colcon_core.shell:Creating prefix util module '/home/ubuntu/scootbot/1.0.0/install/_local_setup_util_sh.py'
[9.451s] INFO:colcon.colcon_core.shell:Creating prefix chain script '/home/ubuntu/scootbot/1.0.0/install/setup.sh'
[9.452s] INFO:colcon.colcon_core.shell:Creating prefix script '/home/ubuntu/scootbot/1.0.0/install/local_setup.bash'
[9.452s] INFO:colcon.colcon_core.shell:Creating prefix chain script '/home/ubuntu/scootbot/1.0.0/install/setup.bash'
[9.453s] INFO:colcon.colcon_core.shell:Creating prefix script '/home/ubuntu/scootbot/1.0.0/install/local_setup.zsh'
[9.453s] INFO:colcon.colcon_core.shell:Creating prefix chain script '/home/ubuntu/scootbot/1.0.0/install/setup.zsh'
