[7.965s] Invoking command in '/home/ubuntu/scootbot/build/differential_drive': PYTHONPATH=/home/ubuntu/scootbot/install/differential_drive/lib/python3.8/site-packages:${PYTHONPATH} /usr/bin/python3 setup.py develop --prefix /home/ubuntu/scootbot/install/differential_drive --uninstall --editable --build-directory /home/ubuntu/scootbot/build/differential_drive/build
[10.351s] running develop
[12.139s] Invoked command in '/home/ubuntu/scootbot/build/differential_drive' returned '0': PYTHONPATH=/home/ubuntu/scootbot/install/differential_drive/lib/python3.8/site-packages:${PYTHONPATH} /usr/bin/python3 setup.py develop --prefix /home/ubuntu/scootbot/install/differential_drive --uninstall --editable --build-directory /home/ubuntu/scootbot/build/differential_drive/build
[12.161s] Invoking command in '/home/ubuntu/scootbot/src/ros2_differential_drive': PYTHONPATH=/home/ubuntu/scootbot/install/differential_drive/lib/python3.8/site-packages:${PYTHONPATH} /usr/bin/python3 setup.py egg_info --egg-base ../../build/differential_drive build --build-base /home/ubuntu/scootbot/build/differential_drive/build install --prefix /home/ubuntu/scootbot/install/differential_drive --record /home/ubuntu/scootbot/build/differential_drive/install.log --single-version-externally-managed
[14.386s] running egg_info
[14.392s] writing ../../build/differential_drive/differential_drive.egg-info/PKG-INFO
[14.397s] writing dependency_links to ../../build/differential_drive/differential_drive.egg-info/dependency_links.txt
[14.401s] writing entry points to ../../build/differential_drive/differential_drive.egg-info/entry_points.txt
[14.404s] writing requirements to ../../build/differential_drive/differential_drive.egg-info/requires.txt
[14.407s] writing top-level names to ../../build/differential_drive/differential_drive.egg-info/top_level.txt
[14.750s] reading manifest file '../../build/differential_drive/differential_drive.egg-info/SOURCES.txt'
[14.761s] writing manifest file '../../build/differential_drive/differential_drive.egg-info/SOURCES.txt'
[14.763s] running build
[14.764s] running build_py
[14.771s] running install
[14.777s] running install_lib
[14.794s] running install_data
[14.800s] running install_egg_info
[14.820s] removing '/home/ubuntu/scootbot/install/differential_drive/lib/python3.8/site-packages/differential_drive-0.1.0-py3.8.egg-info' (and everything under it)
[14.824s] Copying ../../build/differential_drive/differential_drive.egg-info to /home/ubuntu/scootbot/install/differential_drive/lib/python3.8/site-packages/differential_drive-0.1.0-py3.8.egg-info
[14.835s] running install_scripts
[15.000s] Installing diff_tf script to /home/ubuntu/scootbot/install/differential_drive/lib/differential_drive
[15.004s] Installing pid_velocity script to /home/ubuntu/scootbot/install/differential_drive/lib/differential_drive
[15.008s] Installing twist_to_motors script to /home/ubuntu/scootbot/install/differential_drive/lib/differential_drive
[15.012s] Installing virtual_joystick script to /home/ubuntu/scootbot/install/differential_drive/lib/differential_drive
[15.015s] Installing wheel_loopback script to /home/ubuntu/scootbot/install/differential_drive/lib/differential_drive
[15.018s] Installing wheel_scaler script to /home/ubuntu/scootbot/install/differential_drive/lib/differential_drive
[15.022s] writing list of installed files to '/home/ubuntu/scootbot/build/differential_drive/install.log'
[15.259s] Invoked command in '/home/ubuntu/scootbot/src/ros2_differential_drive' returned '0': PYTHONPATH=/home/ubuntu/scootbot/install/differential_drive/lib/python3.8/site-packages:${PYTHONPATH} /usr/bin/python3 setup.py egg_info --egg-base ../../build/differential_drive build --build-base /home/ubuntu/scootbot/build/differential_drive/build install --prefix /home/ubuntu/scootbot/install/differential_drive --record /home/ubuntu/scootbot/build/differential_drive/install.log --single-version-externally-managed
