[2.590s] Invoking command in '/home/ubuntu/scootbot/build/differential_drive': PYTHONPATH=/home/ubuntu/scootbot/install/differential_drive/lib/python3.8/site-packages:${PYTHONPATH} /usr/bin/python3 setup.py develop --prefix /home/ubuntu/scootbot/install/differential_drive --editable --build-directory /home/ubuntu/scootbot/build/differential_drive/build --no-deps install_data --install-dir /home/ubuntu/scootbot/install/differential_drive
[3.426s] running develop
[3.910s] running egg_info
[3.910s] writing src/differential_drive.egg-info/PKG-INFO
[3.911s] writing dependency_links to src/differential_drive.egg-info/dependency_links.txt
[3.912s] writing entry points to src/differential_drive.egg-info/entry_points.txt
[3.913s] writing requirements to src/differential_drive.egg-info/requires.txt
[3.913s] writing top-level names to src/differential_drive.egg-info/top_level.txt
[4.043s] reading manifest file 'src/differential_drive.egg-info/SOURCES.txt'
[4.064s] writing manifest file 'src/differential_drive.egg-info/SOURCES.txt'
[4.071s] running build_ext
[4.073s] Creating /home/ubuntu/scootbot/install/differential_drive/lib/python3.8/site-packages/differential-drive.egg-link (link to src)
[4.077s] Installing diff_tf script to /home/ubuntu/scootbot/install/differential_drive/lib/differential_drive
[4.079s] Installing phidgets_encoder script to /home/ubuntu/scootbot/install/differential_drive/lib/differential_drive
[4.079s] Installing pid_velocity script to /home/ubuntu/scootbot/install/differential_drive/lib/differential_drive
[4.080s] Installing twist_to_motors script to /home/ubuntu/scootbot/install/differential_drive/lib/differential_drive
[4.081s] Installing virtual_joystick script to /home/ubuntu/scootbot/install/differential_drive/lib/differential_drive
[4.081s] Installing wheel_loopback script to /home/ubuntu/scootbot/install/differential_drive/lib/differential_drive
[4.082s] Installing wheel_scaler script to /home/ubuntu/scootbot/install/differential_drive/lib/differential_drive
[4.083s] 
[4.084s] Installed /home/ubuntu/scootbot/build/differential_drive/src
[4.084s] running install_data
[4.194s] Invoked command in '/home/ubuntu/scootbot/build/differential_drive' returned '0': PYTHONPATH=/home/ubuntu/scootbot/install/differential_drive/lib/python3.8/site-packages:${PYTHONPATH} /usr/bin/python3 setup.py develop --prefix /home/ubuntu/scootbot/install/differential_drive --editable --build-directory /home/ubuntu/scootbot/build/differential_drive/build --no-deps install_data --install-dir /home/ubuntu/scootbot/install/differential_drive
