[0.637s] Invoking command in '/home/teknetik/scootbot/src/ros2_differential_drive': PYTHONPATH=/home/teknetik/scootbot/install/differential_drive/lib/python3.8/site-packages:${PYTHONPATH} /usr/bin/python3 setup.py egg_info --egg-base ../../build/differential_drive build --build-base /home/teknetik/scootbot/build/differential_drive/build install --prefix /home/teknetik/scootbot/install/differential_drive --record /home/teknetik/scootbot/build/differential_drive/install.log --single-version-externally-managed
[0.792s] running egg_info
[0.793s] writing ../../build/differential_drive/differential_drive.egg-info/PKG-INFO
[0.793s] writing dependency_links to ../../build/differential_drive/differential_drive.egg-info/dependency_links.txt
[0.793s] writing entry points to ../../build/differential_drive/differential_drive.egg-info/entry_points.txt
[0.793s] writing requirements to ../../build/differential_drive/differential_drive.egg-info/requires.txt
[0.793s] writing top-level names to ../../build/differential_drive/differential_drive.egg-info/top_level.txt
[0.816s] reading manifest file '../../build/differential_drive/differential_drive.egg-info/SOURCES.txt'
[0.817s] writing manifest file '../../build/differential_drive/differential_drive.egg-info/SOURCES.txt'
[0.817s] running build
[0.817s] running build_py
[0.817s] running install
[0.818s] running install_lib
[0.818s] running install_data
[0.819s] running install_egg_info
[0.820s] removing '/home/teknetik/scootbot/install/differential_drive/lib/python3.8/site-packages/differential_drive-0.1.0-py3.8.egg-info' (and everything under it)
[0.820s] Copying ../../build/differential_drive/differential_drive.egg-info to /home/teknetik/scootbot/install/differential_drive/lib/python3.8/site-packages/differential_drive-0.1.0-py3.8.egg-info
[0.821s] running install_scripts
[0.832s] Installing diff_tf script to /home/teknetik/scootbot/install/differential_drive/lib/differential_drive
[0.832s] Installing pid_velocity script to /home/teknetik/scootbot/install/differential_drive/lib/differential_drive
[0.832s] Installing twist_to_motors script to /home/teknetik/scootbot/install/differential_drive/lib/differential_drive
[0.832s] Installing virtual_joystick script to /home/teknetik/scootbot/install/differential_drive/lib/differential_drive
[0.832s] Installing wheel_loopback script to /home/teknetik/scootbot/install/differential_drive/lib/differential_drive
[0.832s] Installing wheel_scaler script to /home/teknetik/scootbot/install/differential_drive/lib/differential_drive
[0.832s] writing list of installed files to '/home/teknetik/scootbot/build/differential_drive/install.log'
[0.852s] Invoked command in '/home/teknetik/scootbot/src/ros2_differential_drive' returned '0': PYTHONPATH=/home/teknetik/scootbot/install/differential_drive/lib/python3.8/site-packages:${PYTHONPATH} /usr/bin/python3 setup.py egg_info --egg-base ../../build/differential_drive build --build-base /home/teknetik/scootbot/build/differential_drive/build install --prefix /home/teknetik/scootbot/install/differential_drive --record /home/teknetik/scootbot/build/differential_drive/install.log --single-version-externally-managed
