[0.047s] Invoking command in '/home/ubuntu/scootbot/3.0.0/build/twist_mux': CMAKE_PREFIX_PATH=/opt/ros/humble /usr/bin/cmake --build /home/ubuntu/scootbot/3.0.0/build/twist_mux -- -j4 -l4
[0.254s] [ 33%] Built target twist_marker
[0.304s] [100%] Built target twist_mux
[0.358s] Invoked command in '/home/ubuntu/scootbot/3.0.0/build/twist_mux' returned '0': CMAKE_PREFIX_PATH=/opt/ros/humble /usr/bin/cmake --build /home/ubuntu/scootbot/3.0.0/build/twist_mux -- -j4 -l4
[0.512s] Invoking command in '/home/ubuntu/scootbot/3.0.0/build/twist_mux': CMAKE_PREFIX_PATH=/opt/ros/humble /usr/bin/cmake --install /home/ubuntu/scootbot/3.0.0/build/twist_mux
[0.599s] -- Install configuration: ""
[0.602s] -- Execute custom install script
[0.610s] -- Up-to-date symlink: /home/ubuntu/scootbot/3.0.0/install/twist_mux/lib/twist_mux/twist_mux
[0.611s] -- Up-to-date symlink: /home/ubuntu/scootbot/3.0.0/install/twist_mux/lib/twist_mux/twist_marker
[0.630s] -- Up-to-date symlink: /home/ubuntu/scootbot/3.0.0/install/twist_mux/share/twist_mux/launch/twist_mux.launch
[0.631s] -- Up-to-date symlink: /home/ubuntu/scootbot/3.0.0/install/twist_mux/share/twist_mux/launch/twist_mux_launch.py
[0.633s] -- Up-to-date symlink: /home/ubuntu/scootbot/3.0.0/install/twist_mux/share/twist_mux/config/joystick.yaml
[0.634s] -- Up-to-date symlink: /home/ubuntu/scootbot/3.0.0/install/twist_mux/share/twist_mux/config/twist_mux_locks.yaml
[0.634s] -- Up-to-date symlink: /home/ubuntu/scootbot/3.0.0/install/twist_mux/share/twist_mux/config/twist_mux_topics.yaml
[0.635s] -- Up-to-date symlink: /home/ubuntu/scootbot/3.0.0/install/twist_mux/include/twist_mux/params_helpers.hpp
[0.635s] -- Up-to-date symlink: /home/ubuntu/scootbot/3.0.0/install/twist_mux/include/twist_mux/topic_handle.hpp
[0.636s] -- Up-to-date symlink: /home/ubuntu/scootbot/3.0.0/install/twist_mux/include/twist_mux/twist_mux.hpp
[0.636s] -- Up-to-date symlink: /home/ubuntu/scootbot/3.0.0/install/twist_mux/include/twist_mux/twist_mux_diagnostics.hpp
[0.636s] -- Up-to-date symlink: /home/ubuntu/scootbot/3.0.0/install/twist_mux/include/twist_mux/twist_mux_diagnostics_status.hpp
[0.637s] -- Up-to-date symlink: /home/ubuntu/scootbot/3.0.0/install/twist_mux/include/twist_mux/utils.hpp
[0.637s] -- Up-to-date symlink: /home/ubuntu/scootbot/3.0.0/install/twist_mux/share/ament_index/resource_index/package_run_dependencies/twist_mux
[0.638s] -- Up-to-date symlink: /home/ubuntu/scootbot/3.0.0/install/twist_mux/share/ament_index/resource_index/parent_prefix_path/twist_mux
[0.638s] -- Up-to-date symlink: /home/ubuntu/scootbot/3.0.0/install/twist_mux/share/twist_mux/environment/ament_prefix_path.sh
[0.639s] -- Up-to-date symlink: /home/ubuntu/scootbot/3.0.0/install/twist_mux/share/twist_mux/environment/ament_prefix_path.dsv
[0.639s] -- Up-to-date symlink: /home/ubuntu/scootbot/3.0.0/install/twist_mux/share/twist_mux/environment/path.sh
[0.639s] -- Up-to-date symlink: /home/ubuntu/scootbot/3.0.0/install/twist_mux/share/twist_mux/environment/path.dsv
[0.640s] -- Up-to-date symlink: /home/ubuntu/scootbot/3.0.0/install/twist_mux/share/twist_mux/local_setup.bash
[0.640s] -- Up-to-date symlink: /home/ubuntu/scootbot/3.0.0/install/twist_mux/share/twist_mux/local_setup.sh
[0.640s] -- Up-to-date symlink: /home/ubuntu/scootbot/3.0.0/install/twist_mux/share/twist_mux/local_setup.zsh
[0.641s] -- Up-to-date symlink: /home/ubuntu/scootbot/3.0.0/install/twist_mux/share/twist_mux/local_setup.dsv
[0.641s] -- Symlinking: /home/ubuntu/scootbot/3.0.0/install/twist_mux/share/twist_mux/package.dsv
[0.654s] -- Up-to-date symlink: /home/ubuntu/scootbot/3.0.0/install/twist_mux/share/ament_index/resource_index/packages/twist_mux
[0.655s] -- Up-to-date symlink: /home/ubuntu/scootbot/3.0.0/install/twist_mux/share/twist_mux/cmake/ament_cmake_export_include_directories-extras.cmake
[0.655s] -- Up-to-date symlink: /home/ubuntu/scootbot/3.0.0/install/twist_mux/share/twist_mux/cmake/ament_cmake_export_dependencies-extras.cmake
[0.657s] -- Up-to-date symlink: /home/ubuntu/scootbot/3.0.0/install/twist_mux/share/twist_mux/cmake/twist_muxConfig.cmake
[0.661s] -- Up-to-date symlink: /home/ubuntu/scootbot/3.0.0/install/twist_mux/share/twist_mux/cmake/twist_muxConfig-version.cmake
[0.662s] -- Up-to-date symlink: /home/ubuntu/scootbot/3.0.0/install/twist_mux/share/twist_mux/package.xml
[0.662s] Invoked command in '/home/ubuntu/scootbot/3.0.0/build/twist_mux' returned '0': CMAKE_PREFIX_PATH=/opt/ros/humble /usr/bin/cmake --install /home/ubuntu/scootbot/3.0.0/build/twist_mux
