[4.141s] Invoking command in '/home/ubuntu/scootbot/build/sabertooth': PYTHONPATH=/home/ubuntu/scootbot/install/sabertooth/lib/python3.8/site-packages:${PYTHONPATH} /usr/bin/python3 setup.py develop --prefix /home/ubuntu/scootbot/install/sabertooth --uninstall --editable --build-directory /home/ubuntu/scootbot/build/sabertooth/build
[5.182s] running develop
[5.872s] Removing /home/ubuntu/scootbot/install/sabertooth/lib/python3.8/site-packages/sabertooth.egg-link (link to .)
[5.967s] Invoked command in '/home/ubuntu/scootbot/build/sabertooth' returned '0': PYTHONPATH=/home/ubuntu/scootbot/install/sabertooth/lib/python3.8/site-packages:${PYTHONPATH} /usr/bin/python3 setup.py develop --prefix /home/ubuntu/scootbot/install/sabertooth --uninstall --editable --build-directory /home/ubuntu/scootbot/build/sabertooth/build
[5.975s] Invoking command in '/home/ubuntu/scootbot/src/sabertooth': PYTHONPATH=/home/ubuntu/scootbot/install/sabertooth/lib/python3.8/site-packages:${PYTHONPATH} /usr/bin/python3 setup.py egg_info --egg-base ../../build/sabertooth build --build-base /home/ubuntu/scootbot/build/sabertooth/build install --prefix /home/ubuntu/scootbot/install/sabertooth --record /home/ubuntu/scootbot/build/sabertooth/install.log --single-version-externally-managed
[6.826s] running egg_info
[6.828s] writing ../../build/sabertooth/sabertooth.egg-info/PKG-INFO
[6.829s] writing dependency_links to ../../build/sabertooth/sabertooth.egg-info/dependency_links.txt
[6.830s] writing entry points to ../../build/sabertooth/sabertooth.egg-info/entry_points.txt
[6.831s] writing requirements to ../../build/sabertooth/sabertooth.egg-info/requires.txt
[6.831s] writing top-level names to ../../build/sabertooth/sabertooth.egg-info/top_level.txt
[6.968s] reading manifest file '../../build/sabertooth/sabertooth.egg-info/SOURCES.txt'
[6.972s] writing manifest file '../../build/sabertooth/sabertooth.egg-info/SOURCES.txt'
[6.973s] running build
[6.974s] running build_py
[6.974s] running install
[6.978s] running install_lib
[6.982s] creating /home/ubuntu/scootbot/install/sabertooth/lib/python3.8/site-packages/sabertooth
[6.982s] copying /home/ubuntu/scootbot/build/sabertooth/build/lib/sabertooth/drive.py -> /home/ubuntu/scootbot/install/sabertooth/lib/python3.8/site-packages/sabertooth
[6.983s] copying /home/ubuntu/scootbot/build/sabertooth/build/lib/sabertooth/__init__.py -> /home/ubuntu/scootbot/install/sabertooth/lib/python3.8/site-packages/sabertooth
[6.986s] byte-compiling /home/ubuntu/scootbot/install/sabertooth/lib/python3.8/site-packages/sabertooth/drive.py to drive.cpython-38.pyc
[6.992s] byte-compiling /home/ubuntu/scootbot/install/sabertooth/lib/python3.8/site-packages/sabertooth/__init__.py to __init__.cpython-38.pyc
[6.993s] running install_data
[6.996s] running install_egg_info
[7.003s] Copying ../../build/sabertooth/sabertooth.egg-info to /home/ubuntu/scootbot/install/sabertooth/lib/python3.8/site-packages/sabertooth-0.0.0-py3.8.egg-info
[7.008s] running install_scripts
[7.086s] Installing drive script to /home/ubuntu/scootbot/install/sabertooth/lib/sabertooth
[7.088s] writing list of installed files to '/home/ubuntu/scootbot/build/sabertooth/install.log'
[7.205s] Invoked command in '/home/ubuntu/scootbot/src/sabertooth' returned '0': PYTHONPATH=/home/ubuntu/scootbot/install/sabertooth/lib/python3.8/site-packages:${PYTHONPATH} /usr/bin/python3 setup.py egg_info --egg-base ../../build/sabertooth build --build-base /home/ubuntu/scootbot/build/sabertooth/build install --prefix /home/ubuntu/scootbot/install/sabertooth --record /home/ubuntu/scootbot/build/sabertooth/install.log --single-version-externally-managed
